#
# There is insufficient memory for the Java Runtime Environment to continue.
# Native memory allocation (mmap) failed to map 65536 bytes for Failed to commit metaspace.
# Possible reasons:
#   The system is out of physical RAM or swap space
#   The process is running with CompressedOops enabled, and the Java Heap may be blocking the growth of the native heap
# Possible solutions:
#   Reduce memory load on the system
#   Increase physical memory or swap space
#   Check if swap backing store is full
#   Decrease Java heap size (-Xmx/-Xms)
#   Decrease number of Java threads
#   Decrease Java thread stack sizes (-Xss)
#   Set larger code cache with -XX:ReservedCodeCacheSize=
#   JVM is running with Unscaled Compressed Oops mode in which the Java heap is
#     placed in the first 4GB address space. The Java Heap base address is the
#     maximum limit for the native heap growth. Please use -XX:HeapBaseMinAddress
#     to set the Java Heap base and to place the Java Heap above 4GB virtual address.
# This output file may be truncated or incomplete.
#
#  Out of Memory Error (virtualSpaceNode.cpp:110), pid=27512, tid=26060
#
# JRE version: OpenJDK Runtime Environment Temurin-17.0.7+7 (17.0.7+7) (build 17.0.7+7)
# Java VM: OpenJDK 64-Bit Server VM Temurin-17.0.7+7 (17.0.7+7, mixed mode, tiered, compressed oops, compressed class ptrs, parallel gc, windows-amd64)
# No core dump will be written. Minidumps are not enabled by default on client versions of Windows
#

---------------  S U M M A R Y ------------

Command Line: --add-modules=ALL-SYSTEM --add-opens=java.base/java.util=ALL-UNNAMED --add-opens=java.base/java.lang=ALL-UNNAMED --add-opens=java.base/sun.nio.fs=ALL-UNNAMED -Declipse.application=org.eclipse.jdt.ls.core.id1 -Dosgi.bundles.defaultStartLevel=4 -Declipse.product=org.eclipse.jdt.ls.core.product -Djava.import.generatesMetadataFilesAtProjectRoot=false -Dfile.encoding=utf8 -XX:+UseParallelGC -XX:GCTimeRatio=4 -XX:AdaptiveSizePolicyWeight=90 -Dsun.zip.disableMemoryMapping=true -Xmx1G -Xms100m -Xlog:disable -javaagent:c:\Users\ss\.vscode\extensions\redhat.java-1.21.0-win32-x64\lombok\lombok-1.18.28.jar c:\Users\ss\.vscode\extensions\redhat.java-1.21.0-win32-x64\server\plugins\org.eclipse.equinox.launcher_1.6.500.v20230717-2134.jar -configuration c:\Users\ss\AppData\Roaming\Code\User\globalStorage\redhat.java\1.21.0\config_ss_win -data c:\Users\ss\AppData\Roaming\Code\User\workspaceStorage\5d8e36e732011d0612e549935f1971a8\redhat.java\ss_ws

Host: Intel(R) Core(TM) i5-7200U CPU @ 2.50GHz, 4 cores, 15G,  Windows 10 , 64 bit Build 19041 (10.0.19041.3155)
Time: Fri Sep  1 13:59:42 2023 India Standard Time elapsed time: 2.101156 seconds (0d 0h 0m 2s)

---------------  T H R E A D  ---------------

Current thread (0x000002321709feb0):  JavaThread "main" [_thread_in_vm, id=26060, stack(0x000000ef9e100000,0x000000ef9e200000)]

Stack: [0x000000ef9e100000,0x000000ef9e200000]
Native frames: (J=compiled Java code, j=interpreted, Vv=VM code, C=native code)
V  [jvm.dll+0x67754a]
V  [jvm.dll+0x834304]
V  [jvm.dll+0x835aae]
V  [jvm.dll+0x836113]
V  [jvm.dll+0x24696f]
V  [jvm.dll+0x83039b]
V  [jvm.dll+0x61c006]
V  [jvm.dll+0x61c06a]
V  [jvm.dll+0x61e89a]
V  [jvm.dll+0x61c9a6]
V  [jvm.dll+0x23aeff]
V  [jvm.dll+0x626845]
V  [jvm.dll+0x1eb47b]
V  [jvm.dll+0x1eb9b5]
V  [jvm.dll+0x1ec3ef]
V  [jvm.dll+0x1e1891]
V  [jvm.dll+0x53ea50]
V  [jvm.dll+0x1f2067]
V  [jvm.dll+0x7af05b]
V  [jvm.dll+0x7b0402]
V  [jvm.dll+0x7b0738]
V  [jvm.dll+0x23ec6e]
V  [jvm.dll+0x23eebf]
V  [jvm.dll+0x55bfe3]
V  [jvm.dll+0x55e464]
V  [jvm.dll+0x38460b]
V  [jvm.dll+0x3840c2]
C  0x0000023221278695

Java frames: (J=compiled Java code, j=interpreted, Vv=VM code)
j  java.time.ZoneId.ofWithPrefix(Ljava/lang/String;IZ)Ljava/time/ZoneId;+16 java.base@17.0.7
j  java.time.ZoneId.of(Ljava/lang/String;Z)Ljava/time/ZoneId;+59 java.base@17.0.7
j  java.time.ZoneId.of(Ljava/lang/String;)Ljava/time/ZoneId;+2 java.base@17.0.7
j  sun.security.util.DisabledAlgorithmConstraints$DenyAfterConstraint.<init>(Ljava/lang/String;III)V+70 java.base@17.0.7
j  sun.security.util.DisabledAlgorithmConstraints$Constraints.<init>(Ljava/lang/String;Ljava/util/Set;)V+624 java.base@17.0.7
j  sun.security.util.DisabledAlgorithmConstraints.<init>(Ljava/lang/String;Lsun/security/util/AlgorithmDecomposer;)V+119 java.base@17.0.7
j  sun.security.util.DisabledAlgorithmConstraints.<init>(Ljava/lang/String;)V+9 java.base@17.0.7
j  sun.security.util.DisabledAlgorithmConstraints$JarHolder.<clinit>()V+6 java.base@17.0.7
v  ~StubRoutines::call_stub
j  sun.security.util.DisabledAlgorithmConstraints.jarConstraints()Lsun/security/util/DisabledAlgorithmConstraints;+0 java.base@17.0.7
j  sun.security.pkcs.SignerInfo.<clinit>()V+0 java.base@17.0.7
v  ~StubRoutines::call_stub
j  sun.security.pkcs.PKCS7.parseSignedData(Lsun/security/util/DerValue;)V+619 java.base@17.0.7
j  sun.security.pkcs.PKCS7.parse(Lsun/security/util/DerInputStream;Z)V+40 java.base@17.0.7
j  sun.security.pkcs.PKCS7.parse(Lsun/security/util/DerInputStream;)V+11 java.base@17.0.7
j  sun.security.pkcs.PKCS7.<init>([B)V+50 java.base@17.0.7
j  sun.security.util.SignatureFileVerifier.<init>(Ljava/util/ArrayList;Lsun/security/util/ManifestDigester;Ljava/lang/String;[B)V+40 java.base@17.0.7
j  java.util.jar.JarVerifier.processEntry(Lsun/security/util/ManifestEntryVerifier;)V+322 java.base@17.0.7
j  java.util.jar.JarVerifier.update(I[BIILsun/security/util/ManifestEntryVerifier;)V+39 java.base@17.0.7
j  java.util.jar.JarFile.initializeVerifier()V+163 java.base@17.0.7
j  java.util.jar.JarFile.ensureInitialization()V+41 java.base@17.0.7
j  java.util.jar.JavaUtilJarAccessImpl.ensureInitialization(Ljava/util/jar/JarFile;)V+1 java.base@17.0.7
j  jdk.internal.loader.URLClassPath$JarLoader$2.getManifest()Ljava/util/jar/Manifest;+10 java.base@17.0.7
j  jdk.internal.loader.BuiltinClassLoader.defineClass(Ljava/lang/String;Ljdk/internal/loader/Resource;)Ljava/lang/Class;+29 java.base@17.0.7
j  jdk.internal.loader.BuiltinClassLoader.findClassOnClassPathOrNull(Ljava/lang/String;)Ljava/lang/Class;+37 java.base@17.0.7
j  jdk.internal.loader.BuiltinClassLoader.loadClassOrNull(Ljava/lang/String;Z)Ljava/lang/Class;+111 java.base@17.0.7
j  jdk.internal.loader.BuiltinClassLoader.loadClass(Ljava/lang/String;Z)Ljava/lang/Class;+3 java.base@17.0.7
j  jdk.internal.loader.ClassLoaders$AppClassLoader.loadClass(Ljava/lang/String;Z)Ljava/lang/Class;+36 java.base@17.0.7
j  java.lang.ClassLoader.loadClass(Ljava/lang/String;)Ljava/lang/Class;+3 java.base@17.0.7
v  ~StubRoutines::call_stub
j  java.lang.Class.forName0(Ljava/lang/String;ZLjava/lang/ClassLoader;Ljava/lang/Class;)Ljava/lang/Class;+0 java.base@17.0.7
j  java.lang.Class.forName(Ljava/lang/String;ZLjava/lang/ClassLoader;)Ljava/lang/Class;+43 java.base@17.0.7
j  sun.launcher.LauncherHelper.loadMainClass(ILjava/lang/String;)Ljava/lang/Class;+95 java.base@17.0.7
j  sun.launcher.LauncherHelper.checkAndLoadMain(ZILjava/lang/String;)Ljava/lang/Class;+42 java.base@17.0.7
v  ~StubRoutines::call_stub

---------------  P R O C E S S  ---------------

Threads class SMR info:
_java_thread_list=0x00000232303adf70, length=13, elements={
0x000002321709feb0, 0x0000023214fe6400, 0x000002322aebe770, 0x000002322aee6160,
0x000002322aee6ee0, 0x000002322aee7c60, 0x000002322aee9730, 0x000002322aeec3e0,
0x0000023230108f90, 0x0000023230126030, 0x000002322adb0b80, 0x00000232303785f0,
0x0000023230541510
}

Java Threads: ( => current thread )
=>0x000002321709feb0 JavaThread "main" [_thread_in_vm, id=26060, stack(0x000000ef9e100000,0x000000ef9e200000)]
  0x0000023214fe6400 JavaThread "Reference Handler" daemon [_thread_blocked, id=24020, stack(0x000000ef9e400000,0x000000ef9e500000)]
  0x000002322aebe770 JavaThread "Finalizer" daemon [_thread_blocked, id=27208, stack(0x000000ef9e500000,0x000000ef9e600000)]
  0x000002322aee6160 JavaThread "Signal Dispatcher" daemon [_thread_blocked, id=27388, stack(0x000000ef9e600000,0x000000ef9e700000)]
  0x000002322aee6ee0 JavaThread "Attach Listener" daemon [_thread_blocked, id=21084, stack(0x000000ef9e700000,0x000000ef9e800000)]
  0x000002322aee7c60 JavaThread "Service Thread" daemon [_thread_blocked, id=24156, stack(0x000000ef9e800000,0x000000ef9e900000)]
  0x000002322aee9730 JavaThread "Monitor Deflation Thread" daemon [_thread_blocked, id=26980, stack(0x000000ef9e900000,0x000000ef9ea00000)]
  0x000002322aeec3e0 JavaThread "C2 CompilerThread0" daemon [_thread_in_native, id=2236, stack(0x000000ef9ea00000,0x000000ef9eb00000)]
  0x0000023230108f90 JavaThread "C1 CompilerThread0" daemon [_thread_blocked, id=22960, stack(0x000000ef9eb00000,0x000000ef9ec00000)]
  0x0000023230126030 JavaThread "Sweeper thread" daemon [_thread_blocked, id=27128, stack(0x000000ef9ec00000,0x000000ef9ed00000)]
  0x000002322adb0b80 JavaThread "Common-Cleaner" daemon [_thread_blocked, id=11576, stack(0x000000ef9ed00000,0x000000ef9ee00000)]
  0x00000232303785f0 JavaThread "Notification Thread" daemon [_thread_blocked, id=24592, stack(0x000000ef9ee00000,0x000000ef9ef00000)]
  0x0000023230541510 JavaThread "C2 CompilerThread1" daemon [_thread_in_native, id=23536, stack(0x000000ef9f000000,0x000000ef9f100000)]

Other Threads:
  0x000002322aea5fc0 VMThread "VM Thread" [stack: 0x000000ef9e300000,0x000000ef9e400000] [id=28188]
  0x0000023230382540 WatcherThread [stack: 0x000000ef9ef00000,0x000000ef9f000000] [id=18280]
  0x00000232170b6650 GCTaskThread "GC Thread#0" [stack: 0x000000ef9e200000,0x000000ef9e300000] [id=26604]

Threads with active compile tasks:
C2 CompilerThread0     2159  489       4       lombok.patcher.scripts.MethodLevelPatchScript::patch (21 bytes)
C2 CompilerThread1     2159  490       4       lombok.patcher.PatchScript::classMatches (41 bytes)

VM state: not at safepoint (normal execution)

VM Mutex/Monitor currently owned by a thread:  ([mutex/lock_event])
[0x000002321709b3b0] Metaspace_lock - owner thread: 0x000002321709feb0

Heap address: 0x00000000c0000000, size: 1024 MB, Compressed Oops mode: 32-bit

CDS archive(s) not mapped
Compressed class space mapped at: 0x0000000100000000-0x0000000140000000, reserved size: 1073741824
Narrow klass base: 0x0000000000000000, Narrow klass shift: 3, Narrow klass range: 0x140000000

GC Precious Log:
 CPUs: 4 total, 4 available
 Memory: 16263M
 Large Page Support: Disabled
 NUMA Support: Disabled
 Compressed Oops: Enabled (32-bit)
 Alignments: Space 512K, Generation 512K, Heap 2M
 Heap Min Capacity: 100M
 Heap Initial Capacity: 100M
 Heap Max Capacity: 1G
 Pre-touch: Disabled
 Parallel Workers: 4

Heap:
 PSYoungGen      total 29696K, used 10361K [0x00000000eab00000, 0x00000000ecc00000, 0x0000000100000000)
  eden space 25600K, 40% used [0x00000000eab00000,0x00000000eb51e630,0x00000000ec400000)
  from space 4096K, 0% used [0x00000000ec800000,0x00000000ec800000,0x00000000ecc00000)
  to   space 4096K, 0% used [0x00000000ec400000,0x00000000ec400000,0x00000000ec800000)
 ParOldGen       total 68608K, used 0K [0x00000000c0000000, 0x00000000c4300000, 0x00000000eab00000)
  object space 68608K, 0% used [0x00000000c0000000,0x00000000c0000000,0x00000000c4300000)
 Metaspace       used 7800K, committed 7872K, reserved 1114112K
  class space    used 768K, committed 832K, reserved 1048576K

Card table byte_map: [0x0000023216a50000,0x0000023216c60000] _byte_map_base: 0x0000023216450000

Marking Bits: (ParMarkBitMap*) 0x00007ffa28bd52c0
 Begin Bits: [0x0000023228d30000, 0x0000023229d30000)
 End Bits:   [0x0000023229d30000, 0x000002322ad30000)

Polling page: 0x0000023214f60000

Metaspace:

Usage:
  Non-class:      6.87 MB used.
      Class:    768.85 KB used.
       Both:      7.62 MB used.

Virtual space:
  Non-class space:       64.00 MB reserved,       6.88 MB ( 11%) committed,  1 nodes.
      Class space:        1.00 GB reserved,     832.00 KB ( <1%) committed,  1 nodes.
             Both:        1.06 GB reserved,       7.69 MB ( <1%) committed. 

Chunk freelists:
   Non-Class:  9.00 MB
       Class:  15.22 MB
        Both:  24.22 MB

MaxMetaspaceSize: unlimited
CompressedClassSpaceSize: 1.00 GB
Initial GC threshold: 21.00 MB
Current GC threshold: 21.00 MB
CDS: off
MetaspaceReclaimPolicy: balanced
 - commit_granule_bytes: 65536.
 - commit_granule_words: 8192.
 - virtual_space_node_default_size: 8388608.
 - enlarge_chunks_in_place: 1.
 - new_chunks_are_fully_committed: 0.
 - uncommit_free_chunks: 1.
 - use_allocation_guard: 0.
 - handle_deallocations: 1.


Internal statistics:

num_allocs_failed_limit: 0.
num_arena_births: 10.
num_arena_deaths: 0.
num_vsnodes_births: 2.
num_vsnodes_deaths: 0.
num_space_committed: 123.
num_space_uncommitted: 0.
num_chunks_returned_to_freelist: 0.
num_chunks_taken_from_freelist: 37.
num_chunk_merges: 0.
num_chunk_splits: 21.
num_chunks_enlarged: 16.
num_inconsistent_stats: 0.

CodeHeap 'non-profiled nmethods': size=120000Kb used=164Kb max_used=164Kb free=119835Kb
 bounds [0x0000023221800000, 0x0000023221a70000, 0x0000023228d30000]
CodeHeap 'profiled nmethods': size=120000Kb used=681Kb max_used=681Kb free=119318Kb
 bounds [0x0000023219d30000, 0x0000023219fa0000, 0x0000023221260000]
CodeHeap 'non-nmethods': size=5760Kb used=1121Kb max_used=1136Kb free=4638Kb
 bounds [0x0000023221260000, 0x00000232214d0000, 0x0000023221800000]
 total_blobs=894 nmethods=488 adapters=321
 compilation: enabled
              stopped_count=0, restarted_count=0
 full_count=0

Compilation events (20 events):
Event: 1.981 Thread 0x0000023230108f90  484       1       java.math.BigInteger::signum (5 bytes)
Event: 1.981 Thread 0x0000023230108f90 nmethod 484 0x0000023221827b10 code [0x0000023221827ca0, 0x0000023221827d78]
Event: 1.982 Thread 0x000002322aeec3e0 nmethod 479 0x0000023221827e10 code [0x0000023221827f80, 0x0000023221828118]
Event: 1.982 Thread 0x000002322aeec3e0  473       4       java.lang.CharacterData::of (136 bytes)
Event: 1.982 Thread 0x000002322aeec3e0 nmethod 473 0x0000023221828210 code [0x0000023221828380, 0x00000232218283f8]
Event: 1.982 Thread 0x000002322aeec3e0  475       4       java.lang.CharacterDataLatin1::digit (32 bytes)
Event: 1.983 Thread 0x000002322aeec3e0 nmethod 475 0x0000023221828510 code [0x00000232218286a0, 0x0000023221828798]
Event: 1.983 Thread 0x000002322aeec3e0  480       4       java.lang.Character::digit (6 bytes)
Event: 1.984 Thread 0x0000023230108f90  485       3       java.util.regex.Pattern::isSupplementary (21 bytes)
Event: 1.984 Thread 0x0000023230108f90 nmethod 485 0x0000023219dd7990 code [0x0000023219dd7b40, 0x0000023219dd7db8]
Event: 1.984 Thread 0x0000023230108f90  486       3       java.lang.Character::isSurrogate (18 bytes)
Event: 1.984 Thread 0x0000023230108f90 nmethod 486 0x0000023219dd7e90 code [0x0000023219dd8020, 0x0000023219dd81b8]
Event: 1.985 Thread 0x000002322aeec3e0 nmethod 480 0x0000023221828890 code [0x0000023221828a20, 0x0000023221828b38]
Event: 1.985 Thread 0x0000023230108f90  487   !   3       java.lang.invoke.MemberName::getMethodType (211 bytes)
Event: 1.986 Thread 0x0000023230541510 nmethod 481 0x0000023221828c90 code [0x0000023221828e00, 0x00000232218290d8]
Event: 1.987 Thread 0x0000023230108f90 nmethod 487 0x0000023219dd8290 code [0x0000023219dd8580, 0x0000023219dd9a38]
Event: 1.987 Thread 0x0000023230108f90  488       3       java.util.regex.Pattern::peek (26 bytes)
Event: 1.987 Thread 0x0000023230108f90 nmethod 488 0x0000023219dda010 code [0x0000023219dda1c0, 0x0000023219dda428]
Event: 2.041 Thread 0x000002322aeec3e0  489       4       lombok.patcher.scripts.MethodLevelPatchScript::patch (21 bytes)
Event: 2.043 Thread 0x0000023230541510  490       4       lombok.patcher.PatchScript::classMatches (41 bytes)

GC Heap History (0 events):
No events

Dll operation events (8 events):
Event: 0.210 Loaded shared library c:\Users\ss\.vscode\extensions\redhat.java-1.21.0-win32-x64\jre\17.0.7-win32-x86_64\bin\java.dll
Event: 0.500 Loaded shared library c:\Users\ss\.vscode\extensions\redhat.java-1.21.0-win32-x64\jre\17.0.7-win32-x86_64\bin\zip.dll
Event: 0.516 Loaded shared library C:\Users\ss\.vscode\extensions\redhat.java-1.21.0-win32-x64\jre\17.0.7-win32-x86_64\bin\instrument.dll
Event: 0.704 Loaded shared library C:\Users\ss\.vscode\extensions\redhat.java-1.21.0-win32-x64\jre\17.0.7-win32-x86_64\bin\net.dll
Event: 0.856 Loaded shared library C:\Users\ss\.vscode\extensions\redhat.java-1.21.0-win32-x64\jre\17.0.7-win32-x86_64\bin\nio.dll
Event: 0.866 Loaded shared library C:\Users\ss\.vscode\extensions\redhat.java-1.21.0-win32-x64\jre\17.0.7-win32-x86_64\bin\zip.dll
Event: 0.920 Loaded shared library C:\Users\ss\.vscode\extensions\redhat.java-1.21.0-win32-x64\jre\17.0.7-win32-x86_64\bin\jimage.dll
Event: 1.325 Loaded shared library c:\Users\ss\.vscode\extensions\redhat.java-1.21.0-win32-x64\jre\17.0.7-win32-x86_64\bin\verify.dll

Deoptimization events (20 events):
Event: 1.857 Thread 0x000002321709feb0 Uncommon trap: trap_request=0xffffffde fr.pc=0x00000232218215c4 relative=0x0000000000000124
Event: 1.857 Thread 0x000002321709feb0 Uncommon trap: reason=class_check action=maybe_recompile pc=0x00000232218215c4 method=jdk.internal.misc.Unsafe.allocateUninitializedArray(Ljava/lang/Class;I)Ljava/lang/Object; @ 51 c2
Event: 1.857 Thread 0x000002321709feb0 DEOPT PACKING pc=0x00000232218215c4 sp=0x000000ef9e1faa70
Event: 1.857 Thread 0x000002321709feb0 DEOPT UNPACKING pc=0x00000232212b66a3 sp=0x000000ef9e1fa9f8 mode 2
Event: 1.857 Thread 0x000002321709feb0 Uncommon trap: trap_request=0xffffffde fr.pc=0x00000232218215c4 relative=0x0000000000000124
Event: 1.857 Thread 0x000002321709feb0 Uncommon trap: reason=class_check action=maybe_recompile pc=0x00000232218215c4 method=jdk.internal.misc.Unsafe.allocateUninitializedArray(Ljava/lang/Class;I)Ljava/lang/Object; @ 51 c2
Event: 1.857 Thread 0x000002321709feb0 DEOPT PACKING pc=0x00000232218215c4 sp=0x000000ef9e1faa70
Event: 1.857 Thread 0x000002321709feb0 DEOPT UNPACKING pc=0x00000232212b66a3 sp=0x000000ef9e1fa9f8 mode 2
Event: 1.857 Thread 0x000002321709feb0 Uncommon trap: trap_request=0xffffffde fr.pc=0x00000232218215c4 relative=0x0000000000000124
Event: 1.857 Thread 0x000002321709feb0 Uncommon trap: reason=class_check action=maybe_recompile pc=0x00000232218215c4 method=jdk.internal.misc.Unsafe.allocateUninitializedArray(Ljava/lang/Class;I)Ljava/lang/Object; @ 51 c2
Event: 1.857 Thread 0x000002321709feb0 DEOPT PACKING pc=0x00000232218215c4 sp=0x000000ef9e1faab0
Event: 1.857 Thread 0x000002321709feb0 DEOPT UNPACKING pc=0x00000232212b66a3 sp=0x000000ef9e1faa38 mode 2
Event: 1.958 Thread 0x000002321709feb0 Uncommon trap: trap_request=0xffffff45 fr.pc=0x0000023221814444 relative=0x00000000000000c4
Event: 1.958 Thread 0x000002321709feb0 Uncommon trap: reason=unstable_if action=reinterpret pc=0x0000023221814444 method=java.net.URI.match(CJJ)Z @ 45 c2
Event: 1.958 Thread 0x000002321709feb0 DEOPT PACKING pc=0x0000023221814444 sp=0x000000ef9e1fccd0
Event: 1.958 Thread 0x000002321709feb0 DEOPT UNPACKING pc=0x00000232212b66a3 sp=0x000000ef9e1fcc58 mode 2
Event: 1.971 Thread 0x000002321709feb0 Uncommon trap: trap_request=0xffffff45 fr.pc=0x0000023221824648 relative=0x0000000000000648
Event: 1.971 Thread 0x000002321709feb0 Uncommon trap: reason=unstable_if action=reinterpret pc=0x0000023221824648 method=java.lang.String.replace(Ljava/lang/CharSequence;Ljava/lang/CharSequence;)Ljava/lang/String; @ 48 c2
Event: 1.971 Thread 0x000002321709feb0 DEOPT PACKING pc=0x0000023221824648 sp=0x000000ef9e1fcc30
Event: 1.971 Thread 0x000002321709feb0 DEOPT UNPACKING pc=0x00000232212b66a3 sp=0x000000ef9e1fcba0 mode 2

Classes unloaded (0 events):
No events

Classes redefined (0 events):
No events

Internal exceptions (2 events):
Event: 0.456 Thread 0x000002321709feb0 Exception <a 'java/lang/NoSuchMethodError'{0x00000000eacb24e8}: 'void java.lang.invoke.DirectMethodHandle$Holder.invokeStatic(java.lang.Object, java.lang.Object, java.lang.Object)'> (0x00000000eacb24e8) 
thrown [s\src\hotspot\share\interpreter\linkResolver.cpp, line 759]
Event: 1.359 Thread 0x000002321709feb0 Exception <a 'java/lang/reflect/InvocationTargetException'{0x00000000eaf793a8}> (0x00000000eaf793a8) 
thrown [s\src\hotspot\share\runtime\reflection.cpp, line 1121]

VM Operations (6 events):
Event: 0.463 Executing VM operation: HandshakeAllThreads
Event: 0.463 Executing VM operation: HandshakeAllThreads done
Event: 0.980 Executing VM operation: HandshakeAllThreads
Event: 0.980 Executing VM operation: HandshakeAllThreads done
Event: 1.992 Executing VM operation: Cleanup
Event: 2.041 Executing VM operation: Cleanup done

Events (20 events):
Event: 1.982 loading class sun/security/util/DisabledAlgorithmConstraints$1 done
Event: 1.983 loading class sun/security/util/DisabledAlgorithmConstraints$DisabledConstraint
Event: 1.983 loading class sun/security/util/DisabledAlgorithmConstraints$DisabledConstraint done
Event: 1.983 loading class sun/security/util/DisabledAlgorithmConstraints$Constraints$Holder
Event: 1.983 loading class sun/security/util/DisabledAlgorithmConstraints$Constraints$Holder done
Event: 1.984 loading class java/util/regex/CharPredicates
Event: 1.985 loading class java/util/regex/CharPredicates done
Event: 1.986 loading class java/util/regex/Pattern$BnM
Event: 1.986 loading class java/util/regex/Pattern$BnM done
Event: 1.986 loading class java/util/regex/Pattern$SliceS
Event: 1.986 loading class java/util/regex/Pattern$SliceS done
Event: 1.986 loading class sun/security/util/DisabledAlgorithmConstraints$DenyAfterConstraint
Event: 1.987 loading class sun/security/util/DisabledAlgorithmConstraints$DenyAfterConstraint done
Event: 1.987 loading class java/time/ZoneId
Event: 2.040 loading class java/time/ZoneId done
Event: 2.040 loading class java/time/ZoneOffset
Event: 2.041 loading class java/time/temporal/TemporalAccessor
Event: 2.047 loading class java/time/temporal/TemporalAccessor done
Event: 2.047 loading class java/time/temporal/TemporalAdjuster
Event: 2.047 loading class java/time/temporal/TemporalAdjuster done


Dynamic libraries:
0x00007ff604260000 - 0x00007ff60426e000 	c:\Users\ss\.vscode\extensions\redhat.java-1.21.0-win32-x64\jre\17.0.7-win32-x86_64\bin\java.exe
0x00007ffa9d590000 - 0x00007ffa9d788000 	C:\Windows\SYSTEM32\ntdll.dll
0x00007ffa9b7a0000 - 0x00007ffa9b85f000 	C:\Windows\System32\KERNEL32.DLL
0x00007ffa9ad10000 - 0x00007ffa9b006000 	C:\Windows\System32\KERNELBASE.dll
0x00007ffa9b010000 - 0x00007ffa9b110000 	C:\Windows\System32\ucrtbase.dll
0x00007ffa89e70000 - 0x00007ffa89e87000 	c:\Users\ss\.vscode\extensions\redhat.java-1.21.0-win32-x64\jre\17.0.7-win32-x86_64\bin\jli.dll
0x00007ffa77480000 - 0x00007ffa77499000 	c:\Users\ss\.vscode\extensions\redhat.java-1.21.0-win32-x64\jre\17.0.7-win32-x86_64\bin\VCRUNTIME140.dll
0x00007ffa9b600000 - 0x00007ffa9b79d000 	C:\Windows\System32\USER32.dll
0x00007ffa9b3c0000 - 0x00007ffa9b3e2000 	C:\Windows\System32\win32u.dll
0x00007ffa77020000 - 0x00007ffa772ba000 	C:\Windows\WinSxS\amd64_microsoft.windows.common-controls_6595b64144ccf1df_6.0.19041.1110_none_60b5254171f9507e\COMCTL32.dll
0x00007ffa9bd60000 - 0x00007ffa9bd8c000 	C:\Windows\System32\GDI32.dll
0x00007ffa9bd90000 - 0x00007ffa9be2e000 	C:\Windows\System32\msvcrt.dll
0x00007ffa9b160000 - 0x00007ffa9b275000 	C:\Windows\System32\gdi32full.dll
0x00007ffa9b3f0000 - 0x00007ffa9b48d000 	C:\Windows\System32\msvcp_win.dll
0x00007ffa9c500000 - 0x00007ffa9c530000 	C:\Windows\System32\IMM32.DLL
0x00007ffa813c0000 - 0x00007ffa813cc000 	c:\Users\ss\.vscode\extensions\redhat.java-1.21.0-win32-x64\jre\17.0.7-win32-x86_64\bin\vcruntime140_1.dll
0x00007ffa588c0000 - 0x00007ffa58951000 	c:\Users\ss\.vscode\extensions\redhat.java-1.21.0-win32-x64\jre\17.0.7-win32-x86_64\bin\msvcp140.dll
0x00007ffa28050000 - 0x00007ffa28c98000 	c:\Users\ss\.vscode\extensions\redhat.java-1.21.0-win32-x64\jre\17.0.7-win32-x86_64\bin\server\jvm.dll
0x00007ffa9bcb0000 - 0x00007ffa9bd5f000 	C:\Windows\System32\ADVAPI32.dll
0x00007ffa9bc10000 - 0x00007ffa9bcac000 	C:\Windows\System32\sechost.dll
0x00007ffa9d3c0000 - 0x00007ffa9d4e6000 	C:\Windows\System32\RPCRT4.dll
0x00007ffa8af90000 - 0x00007ffa8af99000 	C:\Windows\SYSTEM32\WSOCK32.dll
0x00007ffa9c890000 - 0x00007ffa9c8fb000 	C:\Windows\System32\WS2_32.dll
0x00007ffa6ffa0000 - 0x00007ffa6ffc7000 	C:\Windows\SYSTEM32\WINMM.dll
0x00007ffa921b0000 - 0x00007ffa921ba000 	C:\Windows\SYSTEM32\VERSION.dll
0x00007ffa99490000 - 0x00007ffa994a2000 	C:\Windows\SYSTEM32\kernel.appcore.dll
0x00007ffa80dc0000 - 0x00007ffa80dca000 	c:\Users\ss\.vscode\extensions\redhat.java-1.21.0-win32-x64\jre\17.0.7-win32-x86_64\bin\jimage.dll
0x00007ffa95870000 - 0x00007ffa95a54000 	C:\Windows\SYSTEM32\DBGHELP.DLL
0x00007ffa89080000 - 0x00007ffa890b4000 	C:\Windows\SYSTEM32\dbgcore.DLL
0x00007ffa9b330000 - 0x00007ffa9b3b2000 	C:\Windows\System32\bcryptPrimitives.dll
0x00007ffa77620000 - 0x00007ffa7762e000 	c:\Users\ss\.vscode\extensions\redhat.java-1.21.0-win32-x64\jre\17.0.7-win32-x86_64\bin\instrument.dll
0x00007ffa77450000 - 0x00007ffa77475000 	c:\Users\ss\.vscode\extensions\redhat.java-1.21.0-win32-x64\jre\17.0.7-win32-x86_64\bin\java.dll
0x00007ffa769d0000 - 0x00007ffa769e8000 	c:\Users\ss\.vscode\extensions\redhat.java-1.21.0-win32-x64\jre\17.0.7-win32-x86_64\bin\zip.dll
0x00007ffa9ca90000 - 0x00007ffa9d1d4000 	C:\Windows\System32\SHELL32.dll
0x00007ffa98cf0000 - 0x00007ffa99483000 	C:\Windows\SYSTEM32\windows.storage.dll
0x00007ffa9c530000 - 0x00007ffa9c884000 	C:\Windows\System32\combase.dll
0x00007ffa9a5e0000 - 0x00007ffa9a60e000 	C:\Windows\SYSTEM32\Wldp.dll
0x00007ffa9c450000 - 0x00007ffa9c4fd000 	C:\Windows\System32\SHCORE.dll
0x00007ffa9d360000 - 0x00007ffa9d3b5000 	C:\Windows\System32\shlwapi.dll
0x00007ffa9aba0000 - 0x00007ffa9abc5000 	C:\Windows\SYSTEM32\profapi.dll
0x00007ffa75630000 - 0x00007ffa75649000 	C:\Users\ss\.vscode\extensions\redhat.java-1.21.0-win32-x64\jre\17.0.7-win32-x86_64\bin\net.dll
0x00007ffa8fc50000 - 0x00007ffa8fd5a000 	C:\Windows\SYSTEM32\WINHTTP.dll
0x00007ffa9a340000 - 0x00007ffa9a3aa000 	C:\Windows\system32\mswsock.dll
0x00007ffa75340000 - 0x00007ffa75355000 	C:\Users\ss\.vscode\extensions\redhat.java-1.21.0-win32-x64\jre\17.0.7-win32-x86_64\bin\nio.dll
0x00007ffa77440000 - 0x00007ffa77450000 	c:\Users\ss\.vscode\extensions\redhat.java-1.21.0-win32-x64\jre\17.0.7-win32-x86_64\bin\verify.dll

dbghelp: loaded successfully - version: 4.0.5 - missing functions: none
symbol engine: initialized successfully - sym options: 0x614 - pdb path: .;c:\Users\ss\.vscode\extensions\redhat.java-1.21.0-win32-x64\jre\17.0.7-win32-x86_64\bin;C:\Windows\SYSTEM32;C:\Windows\WinSxS\amd64_microsoft.windows.common-controls_6595b64144ccf1df_6.0.19041.1110_none_60b5254171f9507e;c:\Users\ss\.vscode\extensions\redhat.java-1.21.0-win32-x64\jre\17.0.7-win32-x86_64\bin\server

VM Arguments:
jvm_args: --add-modules=ALL-SYSTEM --add-opens=java.base/java.util=ALL-UNNAMED --add-opens=java.base/java.lang=ALL-UNNAMED --add-opens=java.base/sun.nio.fs=ALL-UNNAMED -Declipse.application=org.eclipse.jdt.ls.core.id1 -Dosgi.bundles.defaultStartLevel=4 -Declipse.product=org.eclipse.jdt.ls.core.product -Djava.import.generatesMetadataFilesAtProjectRoot=false -Dfile.encoding=utf8 -XX:+UseParallelGC -XX:GCTimeRatio=4 -XX:AdaptiveSizePolicyWeight=90 -Dsun.zip.disableMemoryMapping=true -Xmx1G -Xms100m -Xlog:disable -javaagent:c:\Users\ss\.vscode\extensions\redhat.java-1.21.0-win32-x64\lombok\lombok-1.18.28.jar 
java_command: c:\Users\ss\.vscode\extensions\redhat.java-1.21.0-win32-x64\server\plugins\org.eclipse.equinox.launcher_1.6.500.v20230717-2134.jar -configuration c:\Users\ss\AppData\Roaming\Code\User\globalStorage\redhat.java\1.21.0\config_ss_win -data c:\Users\ss\AppData\Roaming\Code\User\workspaceStorage\5d8e36e732011d0612e549935f1971a8\redhat.java\ss_ws
java_class_path (initial): c:\Users\ss\.vscode\extensions\redhat.java-1.21.0-win32-x64\server\plugins\org.eclipse.equinox.launcher_1.6.500.v20230717-2134.jar
Launcher Type: SUN_STANDARD

[Global flags]
    uintx AdaptiveSizePolicyWeight                 = 90                                        {product} {command line}
     intx CICompilerCount                          = 3                                         {product} {ergonomic}
    uintx GCTimeRatio                              = 4                                         {product} {command line}
   size_t InitialHeapSize                          = 104857600                                 {product} {command line}
   size_t MaxHeapSize                              = 1073741824                                {product} {command line}
   size_t MaxNewSize                               = 357564416                                 {product} {ergonomic}
   size_t MinHeapDeltaBytes                        = 524288                                    {product} {ergonomic}
   size_t MinHeapSize                              = 104857600                                 {product} {command line}
   size_t NewSize                                  = 34603008                                  {product} {ergonomic}
    uintx NonNMethodCodeHeapSize                   = 5832780                                {pd product} {ergonomic}
    uintx NonProfiledCodeHeapSize                  = 122912730                              {pd product} {ergonomic}
   size_t OldSize                                  = 70254592                                  {product} {ergonomic}
    uintx ProfiledCodeHeapSize                     = 122912730                              {pd product} {ergonomic}
    uintx ReservedCodeCacheSize                    = 251658240                              {pd product} {ergonomic}
     bool SegmentedCodeCache                       = true                                      {product} {ergonomic}
   size_t SoftMaxHeapSize                          = 1073741824                             {manageable} {ergonomic}
     bool UseCompressedClassPointers               = true                           {product lp64_product} {ergonomic}
     bool UseCompressedOops                        = true                           {product lp64_product} {ergonomic}
     bool UseLargePagesIndividualAllocation        = false                                  {pd product} {ergonomic}
     bool UseParallelGC                            = true                                      {product} {command line}

Logging:
Log output configuration:
 #0: stdout all=off uptime,level,tags
 #1: stderr all=off uptime,level,tags

Environment Variables:
PATH=C:\Program Files\Common Files\Oracle\Java\javapath;C:\Program Files (x86)\Common Files\Oracle\Java\javapath;C:\Program Files\Microsoft\jdk-11.0.18.10-hotspot\bin;C:\Program Files\Microsoft MPI\Bin\;C:\Windows\system32;C:\Windows;C:\Windows\System32\Wbem;C:\Windows\System32\WindowsPowerShell\v1.0\;C:\Windows\System32\OpenSSH\;C:\ProgramData\chocolatey\bin;C:\Users\ss\AppData\Local\Android\Sdk\platform-tools;C:\Program Files\Git\cmd;C:\Program Files\Microsoft SQL Server\150\Tools\Binn\;C:\Program Files (x86)\Microsoft SQL Server\160\Tools\Binn\;C:\Program Files\Microsoft SQL Server\160\Tools\Binn\;C:\Program Files\Microsoft SQL Server\Client SDK\ODBC\170\Tools\Binn\;C:\Program Files\Microsoft SQL Server\160\DTS\Binn\;C:\Program Files\dotnet\;C:\Program Files (x86)\dotnet\;C:\Program Files (x86)\Microsoft SQL Server\160\DTS\Binn\;C:\Program Files (x86)\Microsoft SQL Server\150\Tools\Binn\;C:\Program Files\Microsoft SQL Server\150\DTS\Binn\;C:\Users\ss\AppData\Roaming\nvm;C:\Program Files\nodejs;C:\Gradle\gradle-8.2.1\bin;D:\akash\ffmpeg-5.1.2-essentials_build\bin;C:\Users\ss\AppData\Local\Microsoft\WindowsApps;C:\Users\ss\AppData\Local\Android\Sdk\platform-tools;C:\Program Files\Azure Data Studio\bin;C:\Users\ss\AppData\Local\Programs\Microsoft VS Code\bin;C:\Users\ss\AppData\Roaming\npm;C:\Users\ss\AppData\Roaming\nvm;C:\Program Files\nodejs;D:\akash\flutter\bin;C:\flutter\bin;
USERNAME=ss
OS=Windows_NT
PROCESSOR_IDENTIFIER=Intel64 Family 6 Model 142 Stepping 9, GenuineIntel
TMP=C:\Users\ss\AppData\Local\Temp
TEMP=C:\Users\ss\AppData\Local\Temp



---------------  S Y S T E M  ---------------

OS:
 Windows 10 , 64 bit Build 19041 (10.0.19041.3155)
OS uptime: 2 days 2:52 hours

CPU: total 4 (initial active 4) (2 cores per cpu, 2 threads per core) family 6 model 142 stepping 9 microcode 0xb4, cx8, cmov, fxsr, ht, mmx, 3dnowpref, sse, sse2, sse3, ssse3, sse4.1, sse4.2, popcnt, lzcnt, tsc, tscinvbit, avx, avx2, aes, erms, clmul, bmi1, bmi2, adx, fma, vzeroupper, clflush, clflushopt

Memory: 4k page, system-wide physical 16263M (779M free)
TotalPageFile size 22772M (AvailPageFile size 13M)
current process WorkingSet (physical memory assigned to process): 47M, peak: 47M
current process commit charge ("private bytes"): 178M, peak: 179M

vm_info: OpenJDK 64-Bit Server VM (17.0.7+7) for windows-amd64 JRE (17.0.7+7), built on Apr 18 2023 22:10:42 by "temurin" with MS VC++ 16.7 (VS2019)

END.
