#
# There is insufficient memory for the Java Runtime Environment to continue.
# Native memory allocation (malloc) failed to allocate 1078416 bytes for Chunk::new
# Possible reasons:
#   The system is out of physical RAM or swap space
#   The process is running with CompressedOops enabled, and the Java Heap may be blocking the growth of the native heap
# Possible solutions:
#   Reduce memory load on the system
#   Increase physical memory or swap space
#   Check if swap backing store is full
#   Decrease Java heap size (-Xmx/-Xms)
#   Decrease number of Java threads
#   Decrease Java thread stack sizes (-Xss)
#   Set larger code cache with -XX:ReservedCodeCacheSize=
#   JVM is running with Unscaled Compressed Oops mode in which the Java heap is
#     placed in the first 4GB address space. The Java Heap base address is the
#     maximum limit for the native heap growth. Please use -XX:HeapBaseMinAddress
#     to set the Java Heap base and to place the Java Heap above 4GB virtual address.
# This output file may be truncated or incomplete.
#
#  Out of Memory Error (arena.cpp:189), pid=24056, tid=10628
#
# JRE version: Java(TM) SE Runtime Environment (17.0.7+8) (build 17.0.7+8-LTS-224)
# Java VM: Java HotSpot(TM) 64-Bit Server VM (17.0.7+8-LTS-224, mixed mode, sharing, tiered, compressed oops, compressed class ptrs, g1 gc, windows-amd64)
# No core dump will be written. Minidumps are not enabled by default on client versions of Windows
#

---------------  S U M M A R Y ------------

Command Line: -XX:MaxMetaspaceSize=512m --add-opens=java.base/java.util=ALL-UNNAMED --add-opens=java.base/java.lang=ALL-UNNAMED --add-opens=java.base/java.lang.invoke=ALL-UNNAMED --add-opens=java.base/java.util=ALL-UNNAMED --add-opens=java.prefs/java.util.prefs=ALL-UNNAMED --add-opens=java.prefs/java.util.prefs=ALL-UNNAMED --add-opens=java.base/java.nio.charset=ALL-UNNAMED --add-opens=java.base/java.net=ALL-UNNAMED --add-opens=java.base/java.util.concurrent.atomic=ALL-UNNAMED -Xmx2048m -Dfile.encoding=windows-1252 -Duser.country=IN -Duser.language=en -Duser.variant org.gradle.launcher.daemon.bootstrap.GradleDaemon 7.3.3

Host: Intel(R) Core(TM) i5-7200U CPU @ 2.50GHz, 4 cores, 15G,  Windows 10 , 64 bit Build 19041 (10.0.19041.3393)
Time: Mon Sep 18 12:38:06 2023 India Standard Time elapsed time: 215.492205 seconds (0d 0h 3m 35s)

---------------  T H R E A D  ---------------

Current thread (0x000001f873067c90):  JavaThread "C2 CompilerThread0" daemon [_thread_in_native, id=10628, stack(0x000000f2c4000000,0x000000f2c4100000)]


Current CompileTask:
C2: 215492 8329   !   4       java.net.URLClassLoader::findClass (47 bytes)

Stack: [0x000000f2c4000000,0x000000f2c4100000]
Native frames: (J=compiled Java code, j=interpreted, Vv=VM code, C=native code)
V  [jvm.dll+0x676a4a]
V  [jvm.dll+0x7d74f4]
V  [jvm.dll+0x7d8c9e]
V  [jvm.dll+0x7d9303]
V  [jvm.dll+0x2452c5]
V  [jvm.dll+0xaaa2b]
V  [jvm.dll+0xaafcc]
V  [jvm.dll+0x2aac2f]
V  [jvm.dll+0x57f375]
V  [jvm.dll+0x2205f2]
V  [jvm.dll+0x2209cf]
V  [jvm.dll+0x219926]
V  [jvm.dll+0x216df9]
V  [jvm.dll+0x1a35e0]
V  [jvm.dll+0x226a6e]
V  [jvm.dll+0x224e15]
V  [jvm.dll+0x78d05c]
V  [jvm.dll+0x78759a]
V  [jvm.dll+0x675875]
C  [ucrtbase.dll+0x21bb2]
C  [KERNEL32.DLL+0x17344]
C  [ntdll.dll+0x526b1]


---------------  P R O C E S S  ---------------

Threads class SMR info:
_java_thread_list=0x000001f877bc4390, length=90, elements={
0x000001f8556eab90, 0x000001f87304af10, 0x000001f87304bc90, 0x000001f873063430,
0x000001f873064e60, 0x000001f873066730, 0x000001f873066ff0, 0x000001f873067c90,
0x000001f87306a650, 0x000001f873c3b170, 0x000001f873d086d0, 0x000001f873d0ebc0,
0x000001f87482c8a0, 0x000001f873e2d9c0, 0x000001f874768b60, 0x000001f8746d7c90,
0x000001f87494f440, 0x000001f874928d20, 0x000001f8749296c0, 0x000001f87492a060,
0x000001f87492aa00, 0x000001f874928380, 0x000001f87492aed0, 0x000001f8749291f0,
0x000001f874929b90, 0x000001f87492b3a0, 0x000001f87492b870, 0x000001f874928850,
0x000001f874927eb0, 0x000001f8769194d0, 0x000001f876918190, 0x000001f876917320,
0x000001f876919e70, 0x000001f876917cc0, 0x000001f87691b680, 0x000001f87691c4f0,
0x000001f876915170, 0x000001f876918660, 0x000001f87691c020, 0x000001f87691ace0,
0x000001f876918b30, 0x000001f876919000, 0x000001f876914ca0, 0x000001f876915b10,
0x000001f876915fe0, 0x000001f8769199a0, 0x000001f8769164b0, 0x000001f876916e50,
0x000001f87691b1b0, 0x000001f87691a340, 0x000001f87492a530, 0x000001f87537ab70,
0x000001f87537fd40, 0x000001f87537cd20, 0x000001f87537db90, 0x000001f87537f870,
0x000001f87537beb0, 0x000001f875379d00, 0x000001f87537e060, 0x000001f87537b040,
0x000001f87537e530, 0x000001f87537b510, 0x000001f87537b9e0, 0x000001f87537c380,
0x000001f87537d1f0, 0x000001f87537d6c0, 0x000001f87537ea00, 0x000001f87537eed0,
0x000001f875380210, 0x000001f875379830, 0x000001f8753806e0, 0x000001f875380bb0,
0x000001f875379360, 0x000001f87537f3a0, 0x000001f87537a1d0, 0x000001f87537a6a0,
0x000001f877adf9c0, 0x000001f877ae2510, 0x000001f877ae29e0, 0x000001f877ae11d0,
0x000001f877addce0, 0x000001f877ae16a0, 0x000001f877ae3d20, 0x000001f877ae41f0,
0x000001f877add340, 0x000001f877ae0360, 0x000001f877ae3380, 0x000001f877ade680,
0x000001f877ae3850, 0x000001f877add810
}

Java Threads: ( => current thread )
  0x000001f8556eab90 JavaThread "main" [_thread_blocked, id=25076, stack(0x000000f2c3200000,0x000000f2c3300000)]
  0x000001f87304af10 JavaThread "Reference Handler" daemon [_thread_blocked, id=23168, stack(0x000000f2c3a00000,0x000000f2c3b00000)]
  0x000001f87304bc90 JavaThread "Finalizer" daemon [_thread_blocked, id=23012, stack(0x000000f2c3b00000,0x000000f2c3c00000)]
  0x000001f873063430 JavaThread "Signal Dispatcher" daemon [_thread_blocked, id=25068, stack(0x000000f2c3c00000,0x000000f2c3d00000)]
  0x000001f873064e60 JavaThread "Attach Listener" daemon [_thread_blocked, id=25544, stack(0x000000f2c3d00000,0x000000f2c3e00000)]
  0x000001f873066730 JavaThread "Service Thread" daemon [_thread_blocked, id=22708, stack(0x000000f2c3e00000,0x000000f2c3f00000)]
  0x000001f873066ff0 JavaThread "Monitor Deflation Thread" daemon [_thread_blocked, id=25420, stack(0x000000f2c3f00000,0x000000f2c4000000)]
=>0x000001f873067c90 JavaThread "C2 CompilerThread0" daemon [_thread_in_native, id=10628, stack(0x000000f2c4000000,0x000000f2c4100000)]
  0x000001f87306a650 JavaThread "C1 CompilerThread0" daemon [_thread_blocked, id=24020, stack(0x000000f2c4100000,0x000000f2c4200000)]
  0x000001f873c3b170 JavaThread "Sweeper thread" daemon [_thread_blocked, id=21052, stack(0x000000f2c4200000,0x000000f2c4300000)]
  0x000001f873d086d0 JavaThread "Common-Cleaner" daemon [_thread_blocked, id=24752, stack(0x000000f2c4300000,0x000000f2c4400000)]
  0x000001f873d0ebc0 JavaThread "Notification Thread" daemon [_thread_blocked, id=9008, stack(0x000000f2c4400000,0x000000f2c4500000)]
  0x000001f87482c8a0 JavaThread "Daemon health stats" [_thread_blocked, id=2304, stack(0x000000f2c4900000,0x000000f2c4a00000)]
  0x000001f873e2d9c0 JavaThread "Incoming local TCP Connector on port 51630" [_thread_in_native, id=26508, stack(0x000000f2c4a00000,0x000000f2c4b00000)]
  0x000001f874768b60 JavaThread "Daemon periodic checks" [_thread_blocked, id=24828, stack(0x000000f2c4c00000,0x000000f2c4d00000)]
  0x000001f8746d7c90 JavaThread "Daemon" [_thread_blocked, id=16252, stack(0x000000f2c4b00000,0x000000f2c4c00000)]
  0x000001f87494f440 JavaThread "Handler for socket connection from /127.0.0.1:51630 to /127.0.0.1:51631" [_thread_in_native, id=24836, stack(0x000000f2c4d00000,0x000000f2c4e00000)]
  0x000001f874928d20 JavaThread "Cancel handler" [_thread_blocked, id=25804, stack(0x000000f2c4e00000,0x000000f2c4f00000)]
  0x000001f8749296c0 JavaThread "Daemon worker" [_thread_blocked, id=22456, stack(0x000000f2c4f00000,0x000000f2c5000000)]
  0x000001f87492a060 JavaThread "Asynchronous log dispatcher for DefaultDaemonConnection: socket connection from /127.0.0.1:51630 to /127.0.0.1:51631" [_thread_blocked, id=23356, stack(0x000000f2c5000000,0x000000f2c5100000)]
  0x000001f87492aa00 JavaThread "Stdin handler" [_thread_blocked, id=18680, stack(0x000000f2c5100000,0x000000f2c5200000)]
  0x000001f874928380 JavaThread "Daemon client event forwarder" [_thread_blocked, id=22496, stack(0x000000f2c5200000,0x000000f2c5300000)]
  0x000001f87492aed0 JavaThread "Cache worker for journal cache (C:\Users\ss\.gradle\caches\journal-1)" [_thread_blocked, id=19732, stack(0x000000f2c5300000,0x000000f2c5400000)]
  0x000001f8749291f0 JavaThread "File lock request listener" [_thread_in_native, id=25148, stack(0x000000f2c5400000,0x000000f2c5500000)]
  0x000001f874929b90 JavaThread "Cache worker for file hash cache (C:\Users\ss\.gradle\caches\7.3.3\fileHashes)" [_thread_blocked, id=16716, stack(0x000000f2c5500000,0x000000f2c5600000)]
  0x000001f87492b3a0 JavaThread "Cache worker for file hash cache (C:\Users\ss\Desktop\teachers-vision\android\.gradle\7.3.3\fileHashes)" [_thread_blocked, id=21132, stack(0x000000f2c5700000,0x000000f2c5800000)]
  0x000001f87492b870 JavaThread "File watcher server" daemon [_thread_in_native, id=25316, stack(0x000000f2c5800000,0x000000f2c5900000)]
  0x000001f874928850 JavaThread "File watcher consumer" daemon [_thread_blocked, id=25520, stack(0x000000f2c5900000,0x000000f2c5a00000)]
  0x000001f874927eb0 JavaThread "Cache worker for checksums cache (C:\Users\ss\Desktop\teachers-vision\android\.gradle\7.3.3\checksums)" [_thread_blocked, id=20044, stack(0x000000f2c5a00000,0x000000f2c5b00000)]
  0x000001f8769194d0 JavaThread "Cache worker for cache directory md-supplier (C:\Users\ss\.gradle\caches\7.3.3\md-supplier)" [_thread_blocked, id=21544, stack(0x000000f2c5b00000,0x000000f2c5c00000)]
  0x000001f876918190 JavaThread "Cache worker for cache directory md-rule (C:\Users\ss\.gradle\caches\7.3.3\md-rule)" [_thread_blocked, id=24300, stack(0x000000f2c5c00000,0x000000f2c5d00000)]
  0x000001f876917320 JavaThread "Cache worker for execution history cache (C:\Users\ss\.gradle\caches\7.3.3\executionHistory)" [_thread_blocked, id=25248, stack(0x000000f2c5d00000,0x000000f2c5e00000)]
  0x000001f876919e70 JavaThread "jar transforms" [_thread_blocked, id=24612, stack(0x000000f2c5e00000,0x000000f2c5f00000)]
  0x000001f876917cc0 JavaThread "jar transforms Thread 2" [_thread_blocked, id=24164, stack(0x000000f2c5f00000,0x000000f2c6000000)]
  0x000001f87691b680 JavaThread "Cache worker for file content cache (C:\Users\ss\.gradle\caches\7.3.3\fileContent)" [_thread_blocked, id=26468, stack(0x000000f2c6000000,0x000000f2c6100000)]
  0x000001f87691c4f0 JavaThread "jar transforms Thread 3" [_thread_blocked, id=21500, stack(0x000000f2c6100000,0x000000f2c6200000)]
  0x000001f876915170 JavaThread "jar transforms Thread 4" [_thread_blocked, id=22148, stack(0x000000f2c6200000,0x000000f2c6300000)]
  0x000001f876918660 JavaThread "Cache worker for kotlin-dsl (C:\Users\ss\.gradle\caches\7.3.3\kotlin-dsl)" [_thread_blocked, id=25228, stack(0x000000f2c3300000,0x000000f2c3400000)]
  0x000001f87691c020 JavaThread "File lock release action executor Thread 2" [_thread_blocked, id=26924, stack(0x000000f2c5600000,0x000000f2c5700000)]
  0x000001f87691ace0 JavaThread "Cache worker for dependencies-accessors (C:\Users\ss\Desktop\teachers-vision\android\.gradle\7.3.3\dependencies-accessors)" [_thread_blocked, id=24704, stack(0x000000f2c3100000,0x000000f2c3200000)]
  0x000001f876918b30 JavaThread "Cache worker for Build Output Cleanup Cache (C:\Users\ss\Desktop\teachers-vision\node_modules\react-native-gradle-plugin\.gradle\buildOutputCleanup)" [_thread_blocked, id=18596, stack(0x000000f2c6300000,0x000000f2c6400000)]
  0x000001f876919000 JavaThread "Unconstrained build operations" [_thread_blocked, id=26572, stack(0x000000f2c6400000,0x000000f2c6500000)]
  0x000001f876914ca0 JavaThread "Unconstrained build operations Thread 2" [_thread_blocked, id=17280, stack(0x000000f2c6500000,0x000000f2c6600000)]
  0x000001f876915b10 JavaThread "Unconstrained build operations Thread 3" [_thread_blocked, id=14444, stack(0x000000f2c6700000,0x000000f2c6800000)]
  0x000001f876915fe0 JavaThread "Unconstrained build operations Thread 4" [_thread_blocked, id=27560, stack(0x000000f2c6800000,0x000000f2c6900000)]
  0x000001f8769199a0 JavaThread "Unconstrained build operations Thread 5" [_thread_blocked, id=8404, stack(0x000000f2c6900000,0x000000f2c6a00000)]
  0x000001f8769164b0 JavaThread "Unconstrained build operations Thread 6" [_thread_blocked, id=22696, stack(0x000000f2c6a00000,0x000000f2c6b00000)]
  0x000001f876916e50 JavaThread "Unconstrained build operations Thread 7" [_thread_blocked, id=23024, stack(0x000000f2c6b00000,0x000000f2c6c00000)]
  0x000001f87691b1b0 JavaThread "Unconstrained build operations Thread 8" [_thread_blocked, id=23824, stack(0x000000f2c6c00000,0x000000f2c6d00000)]
  0x000001f87691a340 JavaThread "Unconstrained build operations Thread 9" [_thread_blocked, id=25620, stack(0x000000f2c6d00000,0x000000f2c6e00000)]
  0x000001f87492a530 JavaThread "Unconstrained build operations Thread 10" [_thread_blocked, id=26228, stack(0x000000f2c6e00000,0x000000f2c6f00000)]
  0x000001f87537ab70 JavaThread "Unconstrained build operations Thread 11" [_thread_blocked, id=26744, stack(0x000000f2c6f00000,0x000000f2c7000000)]
  0x000001f87537fd40 JavaThread "Unconstrained build operations Thread 12" [_thread_blocked, id=23220, stack(0x000000f2c7000000,0x000000f2c7100000)]
  0x000001f87537cd20 JavaThread "Unconstrained build operations Thread 13" [_thread_blocked, id=25448, stack(0x000000f2c7100000,0x000000f2c7200000)]
  0x000001f87537db90 JavaThread "Unconstrained build operations Thread 14" [_thread_blocked, id=20112, stack(0x000000f2c7200000,0x000000f2c7300000)]
  0x000001f87537f870 JavaThread "Unconstrained build operations Thread 15" [_thread_blocked, id=24880, stack(0x000000f2c7300000,0x000000f2c7400000)]
  0x000001f87537beb0 JavaThread "Unconstrained build operations Thread 16" [_thread_blocked, id=8908, stack(0x000000f2c7400000,0x000000f2c7500000)]
  0x000001f875379d00 JavaThread "Unconstrained build operations Thread 17" [_thread_blocked, id=27168, stack(0x000000f2c7500000,0x000000f2c7600000)]
  0x000001f87537e060 JavaThread "Unconstrained build operations Thread 18" [_thread_blocked, id=23216, stack(0x000000f2c7600000,0x000000f2c7700000)]
  0x000001f87537b040 JavaThread "Unconstrained build operations Thread 19" [_thread_blocked, id=25040, stack(0x000000f2c7700000,0x000000f2c7800000)]
  0x000001f87537e530 JavaThread "Unconstrained build operations Thread 20" [_thread_blocked, id=26372, stack(0x000000f2c7800000,0x000000f2c7900000)]
  0x000001f87537b510 JavaThread "Unconstrained build operations Thread 21" [_thread_blocked, id=6292, stack(0x000000f2c7900000,0x000000f2c7a00000)]
  0x000001f87537b9e0 JavaThread "Unconstrained build operations Thread 22" [_thread_blocked, id=26684, stack(0x000000f2c7a00000,0x000000f2c7b00000)]
  0x000001f87537c380 JavaThread "Unconstrained build operations Thread 23" [_thread_blocked, id=24284, stack(0x000000f2c7b00000,0x000000f2c7c00000)]
  0x000001f87537d1f0 JavaThread "Unconstrained build operations Thread 24" [_thread_blocked, id=22916, stack(0x000000f2c7c00000,0x000000f2c7d00000)]
  0x000001f87537d6c0 JavaThread "Unconstrained build operations Thread 25" [_thread_blocked, id=19656, stack(0x000000f2c7d00000,0x000000f2c7e00000)]
  0x000001f87537ea00 JavaThread "Unconstrained build operations Thread 26" [_thread_blocked, id=27632, stack(0x000000f2c7e00000,0x000000f2c7f00000)]
  0x000001f87537eed0 JavaThread "Unconstrained build operations Thread 27" [_thread_blocked, id=22372, stack(0x000000f2c7f00000,0x000000f2c8000000)]
  0x000001f875380210 JavaThread "Unconstrained build operations Thread 28" [_thread_blocked, id=23776, stack(0x000000f2c8000000,0x000000f2c8100000)]
  0x000001f875379830 JavaThread "Unconstrained build operations Thread 29" [_thread_blocked, id=27072, stack(0x000000f2c8100000,0x000000f2c8200000)]
  0x000001f8753806e0 JavaThread "Unconstrained build operations Thread 30" [_thread_blocked, id=26292, stack(0x000000f2c8200000,0x000000f2c8300000)]
  0x000001f875380bb0 JavaThread "Unconstrained build operations Thread 31" [_thread_blocked, id=23752, stack(0x000000f2c8300000,0x000000f2c8400000)]
  0x000001f875379360 JavaThread "Unconstrained build operations Thread 32" [_thread_blocked, id=25392, stack(0x000000f2c8400000,0x000000f2c8500000)]
  0x000001f87537f3a0 JavaThread "Unconstrained build operations Thread 33" [_thread_blocked, id=25800, stack(0x000000f2c8500000,0x000000f2c8600000)]
  0x000001f87537a1d0 JavaThread "build event listener" [_thread_blocked, id=23008, stack(0x000000f2c8600000,0x000000f2c8700000)]
  0x000001f87537a6a0 JavaThread "Memory manager" [_thread_blocked, id=23264, stack(0x000000f2c8700000,0x000000f2c8800000)]
  0x000001f877adf9c0 JavaThread "Cache worker for Build Output Cleanup Cache (C:\Users\ss\Desktop\teachers-vision\android\.gradle\buildOutputCleanup)" [_thread_blocked, id=26176, stack(0x000000f2c6600000,0x000000f2c6700000)]
  0x000001f877ae2510 JavaThread "included builds" [_thread_in_vm, id=27300, stack(0x000000f2c8800000,0x000000f2c8900000)]
  0x000001f877ae29e0 JavaThread "Execution worker for ':react-native-gradle-plugin'" [_thread_blocked, id=22536, stack(0x000000f2c8900000,0x000000f2c8a00000)]
  0x000001f877ae11d0 JavaThread "Execution worker for ':react-native-gradle-plugin' Thread 2" [_thread_blocked, id=26380, stack(0x000000f2c8a00000,0x000000f2c8b00000)]
  0x000001f877addce0 JavaThread "Execution worker for ':react-native-gradle-plugin' Thread 3" [_thread_blocked, id=19532, stack(0x000000f2c8b00000,0x000000f2c8c00000)]
  0x000001f877ae16a0 JavaThread "Cache worker for execution history cache (C:\Users\ss\Desktop\teachers-vision\node_modules\react-native-gradle-plugin\.gradle\7.3.3\executionHistory)" [_thread_blocked, id=25788, stack(0x000000f2c8c00000,0x000000f2c8d00000)]
  0x000001f877ae3d20 JavaThread "Unconstrained build operations Thread 34" [_thread_blocked, id=27660, stack(0x000000f2c8d00000,0x000000f2c8e00000)]
  0x000001f877ae41f0 JavaThread "Unconstrained build operations Thread 35" [_thread_blocked, id=27664, stack(0x000000f2c8e00000,0x000000f2c8f00000)]
  0x000001f877add340 JavaThread "Unconstrained build operations Thread 36" [_thread_blocked, id=27668, stack(0x000000f2c8f00000,0x000000f2c9000000)]
  0x000001f877ae0360 JavaThread "Unconstrained build operations Thread 37" [_thread_blocked, id=27672, stack(0x000000f2c9000000,0x000000f2c9100000)]
  0x000001f877ae3380 JavaThread "Unconstrained build operations Thread 38" [_thread_blocked, id=27736, stack(0x000000f2c9100000,0x000000f2c9200000)]
  0x000001f877ade680 JavaThread "Unconstrained build operations Thread 39" [_thread_blocked, id=27740, stack(0x000000f2c9200000,0x000000f2c9300000)]
  0x000001f877ae3850 JavaThread "Unconstrained build operations Thread 40" [_thread_blocked, id=27744, stack(0x000000f2c9300000,0x000000f2c9400000)]
  0x000001f877add810 JavaThread "File lock release action executor Thread 3" [_thread_blocked, id=27880, stack(0x000000f2c9400000,0x000000f2c9500000)]

Other Threads:
  0x000001f873045860 VMThread "VM Thread" [stack: 0x000000f2c3900000,0x000000f2c3a00000] [id=20916]
  0x000001f873d130b0 WatcherThread [stack: 0x000000f2c4500000,0x000000f2c4600000] [id=19008]
  0x000001f855742d80 GCTaskThread "GC Thread#0" [stack: 0x000000f2c3400000,0x000000f2c3500000] [id=24848]
  0x000001f8741a9e00 GCTaskThread "GC Thread#1" [stack: 0x000000f2c4600000,0x000000f2c4700000] [id=24560]
  0x000001f873eef640 GCTaskThread "GC Thread#2" [stack: 0x000000f2c4700000,0x000000f2c4800000] [id=21624]
  0x000001f874085720 GCTaskThread "GC Thread#3" [stack: 0x000000f2c4800000,0x000000f2c4900000] [id=24144]
  0x000001f855753bd0 ConcurrentGCThread "G1 Main Marker" [stack: 0x000000f2c3500000,0x000000f2c3600000] [id=23584]
  0x000001f8557544f0 ConcurrentGCThread "G1 Conc#0" [stack: 0x000000f2c3600000,0x000000f2c3700000] [id=23852]
  0x000001f8557be260 ConcurrentGCThread "G1 Refine#0" [stack: 0x000000f2c3700000,0x000000f2c3800000] [id=15344]
  0x000001f8557beb90 ConcurrentGCThread "G1 Service" [stack: 0x000000f2c3800000,0x000000f2c3900000] [id=23868]

Threads with active compile tasks:
C2 CompilerThread0   215553 8329   !   4       java.net.URLClassLoader::findClass (47 bytes)

VM state: not at safepoint (normal execution)

VM Mutex/Monitor currently owned by a thread:  ([mutex/lock_event])
[0x000001f8556e40a0] CodeSweeper_lock - owner thread: 0x000001f877ae2510

Heap address: 0x0000000080000000, size: 2048 MB, Compressed Oops mode: 32-bit

CDS archive(s) mapped at: [0x0000000800000000-0x0000000800bd0000-0x0000000800bd0000), size 12386304, SharedBaseAddress: 0x0000000800000000, ArchiveRelocationMode: 0.
Compressed class space mapped at: 0x0000000800c00000-0x000000081a800000, reserved size: 432013312
Narrow klass base: 0x0000000800000000, Narrow klass shift: 0, Narrow klass range: 0x100000000

GC Precious Log:
 CPUs: 4 total, 4 available
 Memory: 16263M
 Large Page Support: Disabled
 NUMA Support: Disabled
 Compressed Oops: Enabled (32-bit)
 Heap Region Size: 1M
 Heap Min Capacity: 8M
 Heap Initial Capacity: 256M
 Heap Max Capacity: 2G
 Pre-touch: Disabled
 Parallel Workers: 4
 Concurrent Workers: 1
 Concurrent Refinement Workers: 4
 Periodic GC: Disabled

Heap:
 garbage-first heap   total 96256K, used 63528K [0x0000000080000000, 0x0000000100000000)
  region size 1024K, 14 young (14336K), 3 survivors (3072K)
 Metaspace       used 58904K, committed 59520K, reserved 479232K
  class space    used 8157K, committed 8448K, reserved 421888K

Heap Regions: E=young(eden), S=young(survivor), O=old, HS=humongous(starts), HC=humongous(continues), CS=collection set, F=free, OA=open archive, CA=closed archive, TAMS=top-at-mark-start (previous, next)
|   0|0x0000000080000000, 0x0000000080100000, 0x0000000080100000|100%|HS|  |TAMS 0x0000000080100000, 0x0000000080000000| Complete 
|   1|0x0000000080100000, 0x0000000080200000, 0x0000000080200000|100%|HC|  |TAMS 0x0000000080200000, 0x0000000080100000| Complete 
|   2|0x0000000080200000, 0x0000000080300000, 0x0000000080300000|100%|HC|  |TAMS 0x0000000080300000, 0x0000000080200000| Complete 
|   3|0x0000000080300000, 0x0000000080400000, 0x0000000080400000|100%| O|  |TAMS 0x0000000080400000, 0x0000000080300000| Untracked 
|   4|0x0000000080400000, 0x0000000080500000, 0x0000000080500000|100%| O|  |TAMS 0x0000000080500000, 0x0000000080400000| Untracked 
|   5|0x0000000080500000, 0x0000000080600000, 0x0000000080600000|100%| O|  |TAMS 0x0000000080600000, 0x0000000080500000| Untracked 
|   6|0x0000000080600000, 0x0000000080700000, 0x0000000080700000|100%| O|  |TAMS 0x0000000080700000, 0x0000000080600000| Untracked 
|   7|0x0000000080700000, 0x0000000080800000, 0x0000000080800000|100%| O|  |TAMS 0x0000000080800000, 0x0000000080700000| Untracked 
|   8|0x0000000080800000, 0x0000000080900000, 0x0000000080900000|100%| O|  |TAMS 0x0000000080900000, 0x0000000080800000| Untracked 
|   9|0x0000000080900000, 0x0000000080a00000, 0x0000000080a00000|100%| O|  |TAMS 0x0000000080a00000, 0x0000000080900000| Untracked 
|  10|0x0000000080a00000, 0x0000000080b00000, 0x0000000080b00000|100%| O|  |TAMS 0x0000000080b00000, 0x0000000080a00000| Untracked 
|  11|0x0000000080b00000, 0x0000000080c00000, 0x0000000080c00000|100%| O|  |TAMS 0x0000000080c00000, 0x0000000080b00000| Untracked 
|  12|0x0000000080c00000, 0x0000000080d00000, 0x0000000080d00000|100%| O|  |TAMS 0x0000000080d00000, 0x0000000080c00000| Untracked 
|  13|0x0000000080d00000, 0x0000000080e00000, 0x0000000080e00000|100%| O|  |TAMS 0x0000000080e00000, 0x0000000080d00000| Untracked 
|  14|0x0000000080e00000, 0x0000000080f00000, 0x0000000080f00000|100%| O|  |TAMS 0x0000000080f00000, 0x0000000080e00000| Untracked 
|  15|0x0000000080f00000, 0x0000000081000000, 0x0000000081000000|100%| O|  |TAMS 0x0000000081000000, 0x0000000080f00000| Untracked 
|  16|0x0000000081000000, 0x0000000081100000, 0x0000000081100000|100%| O|  |TAMS 0x0000000081100000, 0x0000000081000000| Untracked 
|  17|0x0000000081100000, 0x0000000081200000, 0x0000000081200000|100%| O|  |TAMS 0x0000000081200000, 0x0000000081100000| Untracked 
|  18|0x0000000081200000, 0x0000000081300000, 0x0000000081300000|100%| O|  |TAMS 0x0000000081300000, 0x0000000081200000| Untracked 
|  19|0x0000000081300000, 0x0000000081400000, 0x0000000081400000|100%| O|  |TAMS 0x0000000081400000, 0x0000000081300000| Untracked 
|  20|0x0000000081400000, 0x0000000081500000, 0x0000000081500000|100%| O|  |TAMS 0x0000000081500000, 0x0000000081400000| Untracked 
|  21|0x0000000081500000, 0x0000000081600000, 0x0000000081600000|100%| O|  |TAMS 0x0000000081600000, 0x0000000081500000| Untracked 
|  22|0x0000000081600000, 0x0000000081700000, 0x0000000081700000|100%| O|  |TAMS 0x0000000081700000, 0x0000000081600000| Untracked 
|  23|0x0000000081700000, 0x0000000081800000, 0x0000000081800000|100%| O|  |TAMS 0x0000000081800000, 0x0000000081700000| Untracked 
|  24|0x0000000081800000, 0x0000000081900000, 0x0000000081900000|100%| O|  |TAMS 0x0000000081900000, 0x0000000081800000| Untracked 
|  25|0x0000000081900000, 0x0000000081a00000, 0x0000000081a00000|100%| O|  |TAMS 0x0000000081a00000, 0x0000000081900000| Untracked 
|  26|0x0000000081a00000, 0x0000000081b00000, 0x0000000081b00000|100%| O|  |TAMS 0x0000000081b00000, 0x0000000081a00000| Untracked 
|  27|0x0000000081b00000, 0x0000000081c00000, 0x0000000081c00000|100%| O|  |TAMS 0x0000000081c00000, 0x0000000081b00000| Untracked 
|  28|0x0000000081c00000, 0x0000000081d00000, 0x0000000081d00000|100%| O|  |TAMS 0x0000000081d00000, 0x0000000081c00000| Untracked 
|  29|0x0000000081d00000, 0x0000000081e00000, 0x0000000081e00000|100%| O|  |TAMS 0x0000000081e00000, 0x0000000081d00000| Untracked 
|  30|0x0000000081e00000, 0x0000000081f00000, 0x0000000081f00000|100%|HS|  |TAMS 0x0000000081f00000, 0x0000000081e00000| Complete 
|  31|0x0000000081f00000, 0x0000000082000000, 0x0000000082000000|100%|HS|  |TAMS 0x0000000082000000, 0x0000000081f00000| Complete 
|  32|0x0000000082000000, 0x0000000082100000, 0x0000000082100000|100%|HC|  |TAMS 0x0000000082100000, 0x0000000082000000| Complete 
|  33|0x0000000082100000, 0x0000000082200000, 0x0000000082200000|100%|HC|  |TAMS 0x0000000082200000, 0x0000000082100000| Complete 
|  34|0x0000000082200000, 0x0000000082300000, 0x0000000082300000|100%| O|  |TAMS 0x0000000082300000, 0x0000000082200000| Untracked 
|  35|0x0000000082300000, 0x0000000082400000, 0x0000000082400000|100%| O|  |TAMS 0x0000000082400000, 0x0000000082300000| Untracked 
|  36|0x0000000082400000, 0x0000000082500000, 0x0000000082500000|100%| O|  |TAMS 0x0000000082500000, 0x0000000082400000| Untracked 
|  37|0x0000000082500000, 0x0000000082600000, 0x0000000082600000|100%| O|  |TAMS 0x0000000082600000, 0x0000000082500000| Untracked 
|  38|0x0000000082600000, 0x0000000082700000, 0x0000000082700000|100%| O|  |TAMS 0x0000000082700000, 0x0000000082600000| Untracked 
|  39|0x0000000082700000, 0x0000000082800000, 0x0000000082800000|100%| O|  |TAMS 0x0000000082800000, 0x0000000082700000| Untracked 
|  40|0x0000000082800000, 0x0000000082900000, 0x0000000082900000|100%| O|  |TAMS 0x0000000082900000, 0x0000000082800000| Untracked 
|  41|0x0000000082900000, 0x0000000082a00000, 0x0000000082a00000|100%| O|  |TAMS 0x0000000082a00000, 0x0000000082900000| Untracked 
|  42|0x0000000082a00000, 0x0000000082b00000, 0x0000000082b00000|100%| O|  |TAMS 0x0000000082b00000, 0x0000000082a00000| Untracked 
|  43|0x0000000082b00000, 0x0000000082c00000, 0x0000000082c00000|100%| O|  |TAMS 0x0000000082c00000, 0x0000000082b00000| Untracked 
|  44|0x0000000082c00000, 0x0000000082d00000, 0x0000000082d00000|100%| O|  |TAMS 0x0000000082d00000, 0x0000000082c00000| Untracked 
|  45|0x0000000082d00000, 0x0000000082e00000, 0x0000000082e00000|100%| O|  |TAMS 0x0000000082e00000, 0x0000000082d00000| Untracked 
|  46|0x0000000082e00000, 0x0000000082f00000, 0x0000000082f00000|100%| O|  |TAMS 0x0000000082f00000, 0x0000000082e00000| Untracked 
|  47|0x0000000082f00000, 0x0000000083000000, 0x0000000083000000|100%| O|  |TAMS 0x0000000083000000, 0x0000000082f00000| Untracked 
|  48|0x0000000083000000, 0x0000000083100000, 0x0000000083100000|100%| O|  |TAMS 0x00000000830e1c00, 0x0000000083000000| Untracked 
|  49|0x0000000083100000, 0x0000000083200000, 0x0000000083200000|100%| O|  |TAMS 0x0000000083100000, 0x0000000083100000| Untracked 
|  50|0x0000000083200000, 0x0000000083269600, 0x0000000083300000| 41%| O|  |TAMS 0x0000000083200000, 0x0000000083200000| Untracked 
|  51|0x0000000083300000, 0x0000000083300000, 0x0000000083400000|  0%| F|  |TAMS 0x0000000083300000, 0x0000000083300000| Untracked 
|  52|0x0000000083400000, 0x0000000083400000, 0x0000000083500000|  0%| F|  |TAMS 0x0000000083400000, 0x0000000083400000| Untracked 
|  53|0x0000000083500000, 0x0000000083500000, 0x0000000083600000|  0%| F|  |TAMS 0x0000000083500000, 0x0000000083500000| Untracked 
|  54|0x0000000083600000, 0x0000000083600000, 0x0000000083700000|  0%| F|  |TAMS 0x0000000083600000, 0x0000000083600000| Untracked 
|  55|0x0000000083700000, 0x0000000083700000, 0x0000000083800000|  0%| F|  |TAMS 0x0000000083700000, 0x0000000083700000| Untracked 
|  56|0x0000000083800000, 0x0000000083800000, 0x0000000083900000|  0%| F|  |TAMS 0x0000000083800000, 0x0000000083800000| Untracked 
|  57|0x0000000083900000, 0x0000000083900000, 0x0000000083a00000|  0%| F|  |TAMS 0x0000000083900000, 0x0000000083900000| Untracked 
|  58|0x0000000083a00000, 0x0000000083a00000, 0x0000000083b00000|  0%| F|  |TAMS 0x0000000083a00000, 0x0000000083a00000| Untracked 
|  59|0x0000000083b00000, 0x0000000083b00000, 0x0000000083c00000|  0%| F|  |TAMS 0x0000000083b00000, 0x0000000083b00000| Untracked 
|  60|0x0000000083c00000, 0x0000000083c00000, 0x0000000083d00000|  0%| F|  |TAMS 0x0000000083c00000, 0x0000000083c00000| Untracked 
|  61|0x0000000083d00000, 0x0000000083d00000, 0x0000000083e00000|  0%| F|  |TAMS 0x0000000083d00000, 0x0000000083d00000| Untracked 
|  62|0x0000000083e00000, 0x0000000083ea0b30, 0x0000000083f00000| 62%| S|CS|TAMS 0x0000000083e00000, 0x0000000083e00000| Complete 
|  63|0x0000000083f00000, 0x0000000084000000, 0x0000000084000000|100%| S|CS|TAMS 0x0000000083f00000, 0x0000000083f00000| Complete 
|  64|0x0000000084000000, 0x0000000084100000, 0x0000000084100000|100%| S|CS|TAMS 0x0000000084000000, 0x0000000084000000| Complete 
|  65|0x0000000084100000, 0x0000000084100000, 0x0000000084200000|  0%| F|  |TAMS 0x0000000084100000, 0x0000000084100000| Untracked 
|  66|0x0000000084200000, 0x0000000084200000, 0x0000000084300000|  0%| F|  |TAMS 0x0000000084200000, 0x0000000084200000| Untracked 
|  67|0x0000000084300000, 0x0000000084300000, 0x0000000084400000|  0%| F|  |TAMS 0x0000000084300000, 0x0000000084300000| Untracked 
|  68|0x0000000084400000, 0x0000000084400000, 0x0000000084500000|  0%| F|  |TAMS 0x0000000084400000, 0x0000000084400000| Untracked 
|  69|0x0000000084500000, 0x0000000084500000, 0x0000000084600000|  0%| F|  |TAMS 0x0000000084500000, 0x0000000084500000| Untracked 
|  70|0x0000000084600000, 0x0000000084600000, 0x0000000084700000|  0%| F|  |TAMS 0x0000000084600000, 0x0000000084600000| Untracked 
|  71|0x0000000084700000, 0x0000000084700000, 0x0000000084800000|  0%| F|  |TAMS 0x0000000084700000, 0x0000000084700000| Untracked 
|  72|0x0000000084800000, 0x0000000084800000, 0x0000000084900000|  0%| F|  |TAMS 0x0000000084800000, 0x0000000084800000| Untracked 
|  73|0x0000000084900000, 0x0000000084900000, 0x0000000084a00000|  0%| F|  |TAMS 0x0000000084900000, 0x0000000084900000| Untracked 
|  74|0x0000000084a00000, 0x0000000084a00000, 0x0000000084b00000|  0%| F|  |TAMS 0x0000000084a00000, 0x0000000084a00000| Untracked 
|  75|0x0000000084b00000, 0x0000000084b00000, 0x0000000084c00000|  0%| F|  |TAMS 0x0000000084b00000, 0x0000000084b00000| Untracked 
|  76|0x0000000084c00000, 0x0000000084c00000, 0x0000000084d00000|  0%| F|  |TAMS 0x0000000084c00000, 0x0000000084c00000| Untracked 
|  77|0x0000000084d00000, 0x0000000084d00000, 0x0000000084e00000|  0%| F|  |TAMS 0x0000000084d00000, 0x0000000084d00000| Untracked 
|  78|0x0000000084e00000, 0x0000000084e00000, 0x0000000084f00000|  0%| F|  |TAMS 0x0000000084e00000, 0x0000000084e00000| Untracked 
|  79|0x0000000084f00000, 0x0000000084f00000, 0x0000000085000000|  0%| F|  |TAMS 0x0000000084f00000, 0x0000000084f00000| Untracked 
| 143|0x0000000088f00000, 0x0000000088f00000, 0x0000000089000000|  0%| F|  |TAMS 0x0000000088f00000, 0x0000000088f00000| Untracked 
| 144|0x0000000089000000, 0x0000000089000000, 0x0000000089100000|  0%| F|  |TAMS 0x0000000089000000, 0x0000000089000000| Untracked 
| 145|0x0000000089100000, 0x0000000089100000, 0x0000000089200000|  0%| F|  |TAMS 0x0000000089100000, 0x0000000089100000| Untracked 
| 146|0x0000000089200000, 0x00000000892da900, 0x0000000089300000| 85%| E|  |TAMS 0x0000000089200000, 0x0000000089200000| Complete 
| 147|0x0000000089300000, 0x0000000089400000, 0x0000000089400000|100%| E|CS|TAMS 0x0000000089300000, 0x0000000089300000| Complete 
| 148|0x0000000089400000, 0x0000000089500000, 0x0000000089500000|100%| E|CS|TAMS 0x0000000089400000, 0x0000000089400000| Complete 
| 149|0x0000000089500000, 0x0000000089600000, 0x0000000089600000|100%| E|  |TAMS 0x0000000089500000, 0x0000000089500000| Complete 
| 150|0x0000000089600000, 0x0000000089700000, 0x0000000089700000|100%| E|CS|TAMS 0x0000000089600000, 0x0000000089600000| Complete 
| 151|0x0000000089700000, 0x0000000089800000, 0x0000000089800000|100%| E|CS|TAMS 0x0000000089700000, 0x0000000089700000| Complete 
| 152|0x0000000089800000, 0x0000000089900000, 0x0000000089900000|100%| E|CS|TAMS 0x0000000089800000, 0x0000000089800000| Complete 
| 153|0x0000000089900000, 0x0000000089a00000, 0x0000000089a00000|100%| E|CS|TAMS 0x0000000089900000, 0x0000000089900000| Complete 
| 154|0x0000000089a00000, 0x0000000089b00000, 0x0000000089b00000|100%| E|CS|TAMS 0x0000000089a00000, 0x0000000089a00000| Complete 
| 254|0x000000008fe00000, 0x000000008ff00000, 0x000000008ff00000|100%| E|CS|TAMS 0x000000008fe00000, 0x000000008fe00000| Complete 
| 255|0x000000008ff00000, 0x0000000090000000, 0x0000000090000000|100%| E|CS|TAMS 0x000000008ff00000, 0x000000008ff00000| Complete 

Card table byte_map: [0x000001f86c370000,0x000001f86c770000] _byte_map_base: 0x000001f86bf70000

Marking Bits (Prev, Next): (CMBitMap*) 0x000001f8557432a0, (CMBitMap*) 0x000001f8557432e0
 Prev Bits: [0x000001f86cb70000, 0x000001f86eb70000)
 Next Bits: [0x000001f86eb70000, 0x000001f870b70000)

Polling page: 0x000001f8535e0000

Metaspace:

Usage:
  Non-class:     49.56 MB used.
      Class:      7.97 MB used.
       Both:     57.52 MB used.

Virtual space:
  Non-class space:       56.00 MB reserved,      49.88 MB ( 89%) committed,  7 nodes.
      Class space:      412.00 MB reserved,       8.25 MB (  2%) committed,  1 nodes.
             Both:      468.00 MB reserved,      58.12 MB ( 12%) committed. 

Chunk freelists:
   Non-Class:  1.77 MB
       Class:  3.56 MB
        Both:  5.33 MB

MaxMetaspaceSize: 512.00 MB
CompressedClassSpaceSize: 412.00 MB
Initial GC threshold: 21.00 MB
Current GC threshold: 95.75 MB
CDS: on
MetaspaceReclaimPolicy: balanced
 - commit_granule_bytes: 65536.
 - commit_granule_words: 8192.
 - virtual_space_node_default_size: 1048576.
 - enlarge_chunks_in_place: 1.
 - new_chunks_are_fully_committed: 0.
 - uncommit_free_chunks: 1.
 - use_allocation_guard: 0.
 - handle_deallocations: 1.


Internal statistics:

num_allocs_failed_limit: 6.
num_arena_births: 728.
num_arena_deaths: 0.
num_vsnodes_births: 8.
num_vsnodes_deaths: 0.
num_space_committed: 930.
num_space_uncommitted: 0.
num_chunks_returned_to_freelist: 6.
num_chunks_taken_from_freelist: 3099.
num_chunk_merges: 6.
num_chunk_splits: 2048.
num_chunks_enlarged: 1352.
num_purges: 0.
num_inconsistent_stats: 0.

CodeHeap 'non-profiled nmethods': size=120000Kb used=4075Kb max_used=4075Kb free=115925Kb
 bounds [0x000001f864a40000, 0x000001f864e40000, 0x000001f86bf70000]
CodeHeap 'profiled nmethods': size=120000Kb used=14922Kb max_used=14922Kb free=105077Kb
 bounds [0x000001f85cf70000, 0x000001f85de10000, 0x000001f8644a0000]
CodeHeap 'non-nmethods': size=5760Kb used=2358Kb max_used=2414Kb free=3401Kb
 bounds [0x000001f8644a0000, 0x000001f864710000, 0x000001f864a40000]
 total_blobs=8387 nmethods=7501 adapters=798
 compilation: enabled
              stopped_count=0, restarted_count=0
 full_count=0

Compilation events (20 events):
Event: 215.291 Thread 0x000001f87306a650 8330       1       com.google.common.collect.RegularImmutableSortedSet::unsafeComparator (5 bytes)
Event: 215.291 Thread 0x000001f87306a650 nmethod 8330 0x000001f864e3a310 code [0x000001f864e3a4a0, 0x000001f864e3a578]
Event: 215.306 Thread 0x000001f87306a650 8331       3       com.google.common.collect.ImmutableMultimap$1::next (5 bytes)
Event: 215.306 Thread 0x000001f87306a650 nmethod 8331 0x000001f85ddfc590 code [0x000001f85ddfc740, 0x000001f85ddfc888]
Event: 215.306 Thread 0x000001f87306a650 8332       3       com.google.common.collect.ImmutableMultimap$1::next (68 bytes)
Event: 215.306 Thread 0x000001f87306a650 nmethod 8332 0x000001f85ddfc910 code [0x000001f85ddfcb60, 0x000001f85ddfd6d8]
Event: 215.316 Thread 0x000001f87306a650 8334       1       org.gradle.api.internal.tasks.properties.bean.RuntimeBeanNode::getBean (5 bytes)
Event: 215.316 Thread 0x000001f87306a650 nmethod 8334 0x000001f864e3a610 code [0x000001f864e3a7a0, 0x000001f864e3a878]
Event: 215.316 Thread 0x000001f87306a650 8335   !   3       org.gradle.internal.typeconversion.ErrorHandlingNotationParser::parseNotation (98 bytes)
Event: 215.318 Thread 0x000001f87306a650 nmethod 8335 0x000001f85ddfd990 code [0x000001f85ddfdd40, 0x000001f85ddff7d8]
Event: 215.319 Thread 0x000001f87306a650 8336       1       org.gradle.api.internal.tasks.properties.DefaultTypeMetadataStore$DefaultPropertyMetadata::getPropertyType (5 bytes)
Event: 215.319 Thread 0x000001f87306a650 nmethod 8336 0x000001f864e3a910 code [0x000001f864e3aaa0, 0x000001f864e3ab78]
Event: 215.320 Thread 0x000001f87306a650 8337       3       org.gradle.api.internal.tasks.properties.AbstractPropertySpec::compareTo (9 bytes)
Event: 215.320 Thread 0x000001f87306a650 nmethod 8337 0x000001f85de00090 code [0x000001f85de00260, 0x000001f85de00728]
Event: 215.320 Thread 0x000001f87306a650 8338       3       org.gradle.api.internal.tasks.properties.AbstractPropertySpec::compareTo (14 bytes)
Event: 215.320 Thread 0x000001f87306a650 nmethod 8338 0x000001f85de00890 code [0x000001f85de00a60, 0x000001f85de00d48]
Event: 215.321 Thread 0x000001f87306a650 8339       3       org.gradle.util.internal.DeferredUtil::unpack (46 bytes)
Event: 215.321 Thread 0x000001f87306a650 nmethod 8339 0x000001f85de00e90 code [0x000001f85de010a0, 0x000001f85de018e8]
Event: 215.339 Thread 0x000001f87306a650 8341       3       sun.security.provider.SHA2::implCompress0 (490 bytes)
Event: 215.340 Thread 0x000001f87306a650 nmethod 8341 0x000001f85de01a10 code [0x000001f85de01c00, 0x000001f85de024a8]

GC Heap History (20 events):
Event: 187.136 GC heap before
{Heap before GC invocations=12 (full 0):
 garbage-first heap   total 81920K, used 64395K [0x0000000080000000, 0x0000000100000000)
  region size 1024K, 33 young (33792K), 2 survivors (2048K)
 Metaspace       used 38983K, committed 39552K, reserved 462848K
  class space    used 5368K, committed 5632K, reserved 421888K
}
Event: 187.143 GC heap after
{Heap after GC invocations=13 (full 0):
 garbage-first heap   total 81920K, used 35028K [0x0000000080000000, 0x0000000100000000)
  region size 1024K, 5 young (5120K), 5 survivors (5120K)
 Metaspace       used 38983K, committed 39552K, reserved 462848K
  class space    used 5368K, committed 5632K, reserved 421888K
}
Event: 190.882 GC heap before
{Heap before GC invocations=13 (full 0):
 garbage-first heap   total 81920K, used 67796K [0x0000000080000000, 0x0000000100000000)
  region size 1024K, 34 young (34816K), 5 survivors (5120K)
 Metaspace       used 41533K, committed 42048K, reserved 462848K
  class space    used 5698K, committed 5888K, reserved 421888K
}
Event: 190.889 GC heap after
{Heap after GC invocations=14 (full 0):
 garbage-first heap   total 81920K, used 41980K [0x0000000080000000, 0x0000000100000000)
  region size 1024K, 5 young (5120K), 5 survivors (5120K)
 Metaspace       used 41533K, committed 42048K, reserved 462848K
  class space    used 5698K, committed 5888K, reserved 421888K
}
Event: 193.146 GC heap before
{Heap before GC invocations=14 (full 0):
 garbage-first heap   total 81920K, used 65532K [0x0000000080000000, 0x0000000100000000)
  region size 1024K, 28 young (28672K), 5 survivors (5120K)
 Metaspace       used 44896K, committed 45504K, reserved 462848K
  class space    used 6213K, committed 6464K, reserved 421888K
}
Event: 193.153 GC heap after
{Heap after GC invocations=15 (full 0):
 garbage-first heap   total 81920K, used 43516K [0x0000000080000000, 0x0000000100000000)
  region size 1024K, 2 young (2048K), 2 survivors (2048K)
 Metaspace       used 44896K, committed 45504K, reserved 462848K
  class space    used 6213K, committed 6464K, reserved 421888K
}
Event: 196.485 GC heap before
{Heap before GC invocations=15 (full 0):
 garbage-first heap   total 81920K, used 66044K [0x0000000080000000, 0x0000000100000000)
  region size 1024K, 24 young (24576K), 2 survivors (2048K)
 Metaspace       used 47436K, committed 48000K, reserved 471040K
  class space    used 6578K, committed 6848K, reserved 421888K
}
Event: 196.489 GC heap after
{Heap after GC invocations=16 (full 0):
 garbage-first heap   total 81920K, used 44319K [0x0000000080000000, 0x0000000100000000)
  region size 1024K, 3 young (3072K), 3 survivors (3072K)
 Metaspace       used 47436K, committed 48000K, reserved 471040K
  class space    used 6578K, committed 6848K, reserved 421888K
}
Event: 199.058 GC heap before
{Heap before GC invocations=17 (full 0):
 garbage-first heap   total 81920K, used 66847K [0x0000000080000000, 0x0000000100000000)
  region size 1024K, 25 young (25600K), 3 survivors (3072K)
 Metaspace       used 50335K, committed 50880K, reserved 471040K
  class space    used 6996K, committed 7232K, reserved 421888K
}
Event: 199.063 GC heap after
{Heap after GC invocations=18 (full 0):
 garbage-first heap   total 81920K, used 45215K [0x0000000080000000, 0x0000000100000000)
  region size 1024K, 2 young (2048K), 2 survivors (2048K)
 Metaspace       used 50335K, committed 50880K, reserved 471040K
  class space    used 6996K, committed 7232K, reserved 421888K
}
Event: 201.383 GC heap before
{Heap before GC invocations=18 (full 0):
 garbage-first heap   total 81920K, used 66719K [0x0000000080000000, 0x0000000100000000)
  region size 1024K, 24 young (24576K), 2 survivors (2048K)
 Metaspace       used 51949K, committed 52544K, reserved 471040K
  class space    used 7171K, committed 7424K, reserved 421888K
}
Event: 201.391 GC heap after
{Heap after GC invocations=19 (full 0):
 garbage-first heap   total 81920K, used 48183K [0x0000000080000000, 0x0000000100000000)
  region size 1024K, 3 young (3072K), 3 survivors (3072K)
 Metaspace       used 51949K, committed 52544K, reserved 471040K
  class space    used 7171K, committed 7424K, reserved 421888K
}
Event: 203.116 GC heap before
{Heap before GC invocations=20 (full 0):
 garbage-first heap   total 86016K, used 64567K [0x0000000080000000, 0x0000000100000000)
  region size 1024K, 20 young (20480K), 3 survivors (3072K)
 Metaspace       used 53686K, committed 54272K, reserved 471040K
  class space    used 7425K, committed 7680K, reserved 421888K
}
Event: 203.121 GC heap after
{Heap after GC invocations=21 (full 0):
 garbage-first heap   total 86016K, used 48969K [0x0000000080000000, 0x0000000100000000)
  region size 1024K, 2 young (2048K), 2 survivors (2048K)
 Metaspace       used 53686K, committed 54272K, reserved 471040K
  class space    used 7425K, committed 7680K, reserved 421888K
}
Event: 205.693 GC heap before
{Heap before GC invocations=21 (full 0):
 garbage-first heap   total 86016K, used 70473K [0x0000000080000000, 0x0000000100000000)
  region size 1024K, 23 young (23552K), 2 survivors (2048K)
 Metaspace       used 54735K, committed 55424K, reserved 471040K
  class space    used 7588K, committed 7872K, reserved 421888K
}
Event: 205.699 GC heap after
{Heap after GC invocations=22 (full 0):
 garbage-first heap   total 86016K, used 50623K [0x0000000080000000, 0x0000000100000000)
  region size 1024K, 3 young (3072K), 3 survivors (3072K)
 Metaspace       used 54735K, committed 55424K, reserved 471040K
  class space    used 7588K, committed 7872K, reserved 421888K
}
Event: 210.593 GC heap before
{Heap before GC invocations=23 (full 0):
 garbage-first heap   total 91136K, used 68031K [0x0000000080000000, 0x0000000100000000)
  region size 1024K, 21 young (21504K), 3 survivors (3072K)
 Metaspace       used 55948K, committed 56576K, reserved 471040K
  class space    used 7769K, committed 8064K, reserved 421888K
}
Event: 210.601 GC heap after
{Heap after GC invocations=24 (full 0):
 garbage-first heap   total 91136K, used 52396K [0x0000000080000000, 0x0000000100000000)
  region size 1024K, 3 young (3072K), 3 survivors (3072K)
 Metaspace       used 55948K, committed 56576K, reserved 471040K
  class space    used 7769K, committed 8064K, reserved 421888K
}
Event: 213.993 GC heap before
{Heap before GC invocations=24 (full 0):
 garbage-first heap   total 91136K, used 72876K [0x0000000080000000, 0x0000000100000000)
  region size 1024K, 24 young (24576K), 3 survivors (3072K)
 Metaspace       used 58072K, committed 58688K, reserved 479232K
  class space    used 8027K, committed 8320K, reserved 421888K
}
Event: 214.001 GC heap after
{Heap after GC invocations=25 (full 0):
 garbage-first heap   total 91136K, used 54312K [0x0000000080000000, 0x0000000100000000)
  region size 1024K, 3 young (3072K), 3 survivors (3072K)
 Metaspace       used 58072K, committed 58688K, reserved 479232K
  class space    used 8027K, committed 8320K, reserved 421888K
}

Deoptimization events (20 events):
Event: 215.135 Thread 0x000001f877ae2510 DEOPT PACKING pc=0x000001f864e37f6c sp=0x000000f2c88f98f0
Event: 215.135 Thread 0x000001f877ae2510 DEOPT UNPACKING pc=0x000001f8644f23a3 sp=0x000000f2c88f9870 mode 2
Event: 215.314 Thread 0x000001f877ae2510 DEOPT PACKING pc=0x000001f85da23654 sp=0x000000f2c88fd6a0
Event: 215.314 Thread 0x000001f877ae2510 DEOPT UNPACKING pc=0x000001f8644f2b43 sp=0x000000f2c88fcb60 mode 0
Event: 215.315 Thread 0x000001f877ae2510 Uncommon trap: trap_request=0xffffffc6 fr.pc=0x000001f864ad8fa0 relative=0x0000000000000060
Event: 215.315 Thread 0x000001f877ae2510 Uncommon trap: reason=bimorphic_or_optimized_type_check action=maybe_recompile pc=0x000001f864ad8fa0 method=java.util.AbstractQueue.add(Ljava/lang/Object;)Z @ 2 c2
Event: 215.315 Thread 0x000001f877ae2510 DEOPT PACKING pc=0x000001f864ad8fa0 sp=0x000000f2c88fd540
Event: 215.315 Thread 0x000001f877ae2510 DEOPT UNPACKING pc=0x000001f8644f23a3 sp=0x000000f2c88fd508 mode 2
Event: 215.315 Thread 0x000001f877ae2510 Uncommon trap: trap_request=0xffffffde fr.pc=0x000001f864b631d4 relative=0x00000000000002b4
Event: 215.315 Thread 0x000001f877ae2510 Uncommon trap: reason=class_check action=maybe_recompile pc=0x000001f864b631d4 method=java.util.Collections$SetFromMap.remove(Ljava/lang/Object;)Z @ 5 c2
Event: 215.315 Thread 0x000001f877ae2510 DEOPT PACKING pc=0x000001f864b631d4 sp=0x000000f2c88fdef0
Event: 215.315 Thread 0x000001f877ae2510 DEOPT UNPACKING pc=0x000001f8644f23a3 sp=0x000000f2c88fded8 mode 2
Event: 215.320 Thread 0x000001f877ae2510 Uncommon trap: trap_request=0xffffffde fr.pc=0x000001f864c88abc relative=0x000000000000019c
Event: 215.320 Thread 0x000001f877ae2510 Uncommon trap: reason=class_check action=maybe_recompile pc=0x000001f864c88abc method=java.util.stream.StreamOpFlag.fromCharacteristics(Ljava/util/Spliterator;)I @ 14 c2
Event: 215.320 Thread 0x000001f877ae2510 DEOPT PACKING pc=0x000001f864c88abc sp=0x000000f2c88fdcd0
Event: 215.320 Thread 0x000001f877ae2510 DEOPT UNPACKING pc=0x000001f8644f23a3 sp=0x000000f2c88fdbb8 mode 2
Event: 215.320 Thread 0x000001f877ae2510 DEOPT PACKING pc=0x000001f85d939d95 sp=0x000000f2c88fd290
Event: 215.320 Thread 0x000001f877ae2510 DEOPT UNPACKING pc=0x000001f8644f2b43 sp=0x000000f2c88fc7b0 mode 0
Event: 215.320 Thread 0x000001f877ae2510 Uncommon trap: trap_request=0xffffffc6 fr.pc=0x000001f864c661d8 relative=0x00000000000008b8
Event: 215.320 Thread 0x000001f877ae2510 Uncommon trap: reason=bimorphic_or_optimized_type_check action=maybe_recompile pc=0x000001f864c661d8 method=java.util.Spliterators$IteratorSpliterator.tryAdvance(Ljava/util/function/Consumer;)Z @ 50 c2

Classes unloaded (0 events):
No events

Classes redefined (0 events):
No events

Internal exceptions (20 events):
Event: 203.126 Thread 0x000001f8749296c0 Exception <a 'java/lang/ClassNotFoundException'{0x0000000089a77b58}: org/gradle/api/internal/artifacts/dsl/DefaultRepositoryHandler_DecoratedBeanInfo> (0x0000000089a77b58) 
thrown [s\open\src\hotspot\share\classfile\systemDictionary.cpp, line 256]
Event: 203.198 Thread 0x000001f8749296c0 Exception <a 'java/lang/ClassNotFoundException'{0x0000000089a8c1d0}: org/gradle/api/internal/artifacts/dsl/DefaultRepositoryHandlerBeanInfo> (0x0000000089a8c1d0) 
thrown [s\open\src\hotspot\share\classfile\systemDictionary.cpp, line 256]
Event: 203.200 Thread 0x000001f8749296c0 Exception <a 'java/lang/ClassNotFoundException'{0x0000000089aa09b8}: org/gradle/api/internal/artifacts/DefaultArtifactRepositoryContainerBeanInfo> (0x0000000089aa09b8) 
thrown [s\open\src\hotspot\share\classfile\systemDictionary.cpp, line 256]
Event: 203.201 Thread 0x000001f8749296c0 Exception <a 'java/lang/ClassNotFoundException'{0x0000000089ab2678}: org/gradle/api/internal/DefaultNamedDomainObjectListBeanInfo> (0x0000000089ab2678) 
thrown [s\open\src\hotspot\share\classfile\systemDictionary.cpp, line 256]
Event: 203.203 Thread 0x000001f8749296c0 Exception <a 'java/lang/ClassNotFoundException'{0x0000000089ad4bc0}: org/gradle/api/internal/DefaultNamedDomainObjectCollectionBeanInfo> (0x0000000089ad4bc0) 
thrown [s\open\src\hotspot\share\classfile\systemDictionary.cpp, line 256]
Event: 203.204 Thread 0x000001f8749296c0 Exception <a 'java/lang/ClassNotFoundException'{0x0000000089ae7870}: org/gradle/api/internal/DefaultDomainObjectCollectionBeanInfo> (0x0000000089ae7870) 
thrown [s\open\src\hotspot\share\classfile\systemDictionary.cpp, line 256]
Event: 203.205 Thread 0x000001f8749296c0 Exception <a 'java/lang/ClassNotFoundException'{0x0000000089afa040}: org/gradle/api/internal/DefaultDomainObjectCollectionCustomizer> (0x0000000089afa040) 
thrown [s\open\src\hotspot\share\classfile\systemDictionary.cpp, line 256]
Event: 203.209 Thread 0x000001f8749296c0 Exception <a 'java/lang/ClassNotFoundException'{0x000000008992c600}: org/gradle/api/internal/DefaultNamedDomainObjectCollectionCustomizer> (0x000000008992c600) 
thrown [s\open\src\hotspot\share\classfile\systemDictionary.cpp, line 256]
Event: 203.213 Thread 0x000001f8749296c0 Exception <a 'java/lang/ClassNotFoundException'{0x0000000089965f68}: org/gradle/api/internal/DefaultNamedDomainObjectListCustomizer> (0x0000000089965f68) 
thrown [s\open\src\hotspot\share\classfile\systemDictionary.cpp, line 256]
Event: 203.215 Thread 0x000001f8749296c0 Exception <a 'java/lang/ClassNotFoundException'{0x0000000089994bd8}: org/gradle/api/internal/artifacts/DefaultArtifactRepositoryContainerCustomizer> (0x0000000089994bd8) 
thrown [s\open\src\hotspot\share\classfile\systemDictionary.cpp, line 256]
Event: 203.219 Thread 0x000001f8749296c0 Exception <a 'java/lang/ClassNotFoundException'{0x00000000899bbc70}: org/gradle/api/internal/artifacts/dsl/DefaultRepositoryHandlerCustomizer> (0x00000000899bbc70) 
thrown [s\open\src\hotspot\share\classfile\systemDictionary.cpp, line 256]
Event: 203.225 Thread 0x000001f8749296c0 Exception <a 'java/lang/ClassNotFoundException'{0x00000000899f11f0}: org/gradle/api/internal/artifacts/dsl/DefaultRepositoryHandler_DecoratedCustomizer> (0x00000000899f11f0) 
thrown [s\open\src\hotspot\share\classfile\systemDictionary.cpp, line 256]
Event: 203.233 Thread 0x000001f8749296c0 Exception <a 'java/lang/ClassNotFoundException'{0x0000000089882aa0}: org/gradle/api/internal/artifacts/dsl/dependencies/DefaultDependencyHandler_DecoratedBeanInfo> (0x0000000089882aa0) 
thrown [s\open\src\hotspot\share\classfile\systemDictionary.cpp, line 256]
Event: 203.235 Thread 0x000001f8749296c0 Exception <a 'java/lang/ClassNotFoundException'{0x00000000898978c8}: org/gradle/api/internal/artifacts/dsl/dependencies/DefaultDependencyHandlerBeanInfo> (0x00000000898978c8) 
thrown [s\open\src\hotspot\share\classfile\systemDictionary.cpp, line 256]
Event: 203.237 Thread 0x000001f8749296c0 Exception <a 'java/lang/ClassNotFoundException'{0x00000000898ac6b0}: org/gradle/api/internal/artifacts/dsl/dependencies/DefaultDependencyHandlerCustomizer> (0x00000000898ac6b0) 
thrown [s\open\src\hotspot\share\classfile\systemDictionary.cpp, line 256]
Event: 203.240 Thread 0x000001f8749296c0 Exception <a 'java/lang/ClassNotFoundException'{0x00000000898e6568}: org/gradle/api/internal/artifacts/dsl/dependencies/DefaultDependencyHandler_DecoratedCustomizer> (0x00000000898e6568) 
thrown [s\open\src\hotspot\share\classfile\systemDictionary.cpp, line 256]
Event: 203.972 Thread 0x000001f8749296c0 Exception <a 'java/lang/NoSuchMethodError'{0x00000000893f9b30}: 'java.lang.Object java.lang.invoke.DirectMethodHandle$Holder.newInvokeSpecial(java.lang.Object, java.lang.Object, int)'> (0x00000000893f9b30) 
thrown [s\open\src\hotspot\share\interpreter\linkResolver.cpp, line 759]
Event: 208.777 Thread 0x000001f877ae2510 Exception <a 'java/lang/NoSuchMethodError'{0x0000000084a66858}: 'java.lang.Object java.lang.invoke.DirectMethodHandle$Holder.invokeInterface(java.lang.Object, java.lang.Object, int)'> (0x0000000084a66858) 
thrown [s\open\src\hotspot\share\interpreter\linkResolver.cpp, line 759]
Event: 208.883 Thread 0x000001f877ae2510 Exception <a 'java/lang/NoSuchMethodError'{0x0000000084a7b4c0}: 'void java.lang.invoke.DirectMethodHandle$Holder.invokeStatic(java.lang.Object, java.lang.Object, java.lang.Object, int)'> (0x0000000084a7b4c0) 
thrown [s\open\src\hotspot\share\interpreter\linkResolver.cpp, line 759]
Event: 210.602 Thread 0x000001f877ae2510 Implicit null exception at 0x000001f864cad6d7 to 0x000001f864cad888

VM Operations (20 events):
Event: 209.259 Executing VM operation: Cleanup
Event: 209.351 Executing VM operation: Cleanup done
Event: 210.262 Executing VM operation: HandshakeAllThreads
Event: 210.262 Executing VM operation: HandshakeAllThreads done
Event: 210.593 Executing VM operation: G1CollectForAllocation
Event: 210.601 Executing VM operation: G1CollectForAllocation done
Event: 211.607 Executing VM operation: Cleanup
Event: 211.706 Executing VM operation: Cleanup done
Event: 212.714 Executing VM operation: Cleanup
Event: 212.760 Executing VM operation: Cleanup done
Event: 213.764 Executing VM operation: Cleanup
Event: 213.782 Executing VM operation: Cleanup done
Event: 213.993 Executing VM operation: G1CollectForAllocation
Event: 214.004 Executing VM operation: G1CollectForAllocation done
Event: 214.119 Executing VM operation: G1Concurrent
Event: 214.299 Executing VM operation: G1Concurrent done
Event: 214.350 Executing VM operation: G1Concurrent
Event: 214.354 Executing VM operation: G1Concurrent done
Event: 215.314 Executing VM operation: HandshakeAllThreads
Event: 215.314 Executing VM operation: HandshakeAllThreads done

Events (20 events):
Event: 208.267 loading class java/util/TreeMap$NavigableSubMap$DescendingSubMapKeyIterator done
Event: 208.427 Thread 0x000001f877ae2510 Thread added: 0x000001f877ae2510
Event: 208.757 Thread 0x000001f877ae29e0 Thread added: 0x000001f877ae29e0
Event: 208.757 Thread 0x000001f877ae11d0 Thread added: 0x000001f877ae11d0
Event: 208.757 Thread 0x000001f877addce0 Thread added: 0x000001f877addce0
Event: 209.202 Thread 0x000001f877ae16a0 Thread added: 0x000001f877ae16a0
Event: 210.258 loading class java/util/TreeMap$KeySpliterator
Event: 210.258 loading class java/util/TreeMap$TreeMapSpliterator
Event: 210.258 loading class java/util/TreeMap$TreeMapSpliterator done
Event: 210.258 loading class java/util/TreeMap$KeySpliterator done
Event: 210.343 loading class java/nio/file/FileTreeWalker$1
Event: 210.343 loading class java/nio/file/FileTreeWalker$1 done
Event: 210.906 Thread 0x000001f877ae3d20 Thread added: 0x000001f877ae3d20
Event: 210.906 Thread 0x000001f877ae41f0 Thread added: 0x000001f877ae41f0
Event: 210.906 Thread 0x000001f877add340 Thread added: 0x000001f877add340
Event: 210.906 Thread 0x000001f877ae0360 Thread added: 0x000001f877ae0360
Event: 211.585 Thread 0x000001f877ae3380 Thread added: 0x000001f877ae3380
Event: 211.585 Thread 0x000001f877ade680 Thread added: 0x000001f877ade680
Event: 211.585 Thread 0x000001f877ae3850 Thread added: 0x000001f877ae3850
Event: 212.416 Thread 0x000001f877add810 Thread added: 0x000001f877add810


Dynamic libraries:
0x00007ff7e7ac0000 - 0x00007ff7e7ad0000 	C:\Program Files\Java\jdk-17\bin\java.exe
0x00007ffc233f0000 - 0x00007ffc235e8000 	C:\Windows\SYSTEM32\ntdll.dll
0x00007ffc22a20000 - 0x00007ffc22add000 	C:\Windows\System32\KERNEL32.DLL
0x00007ffc20f00000 - 0x00007ffc211f6000 	C:\Windows\System32\KERNELBASE.dll
0x00007ffc20c20000 - 0x00007ffc20d20000 	C:\Windows\System32\ucrtbase.dll
0x00007ffc18540000 - 0x00007ffc18559000 	C:\Program Files\Java\jdk-17\bin\jli.dll
0x00007ffc22010000 - 0x00007ffc220be000 	C:\Windows\System32\ADVAPI32.dll
0x00007ffc220c0000 - 0x00007ffc2215e000 	C:\Windows\System32\msvcrt.dll
0x00007ffc22af0000 - 0x00007ffc22b8c000 	C:\Windows\System32\sechost.dll
0x00007ffc215b0000 - 0x00007ffc216d6000 	C:\Windows\System32\RPCRT4.dll
0x00007ffc22320000 - 0x00007ffc224be000 	C:\Windows\System32\USER32.dll
0x00007ffc20ad0000 - 0x00007ffc20af2000 	C:\Windows\System32\win32u.dll
0x00007ffc218e0000 - 0x00007ffc2190c000 	C:\Windows\System32\GDI32.dll
0x00007ffc20b00000 - 0x00007ffc20c1a000 	C:\Windows\System32\gdi32full.dll
0x00007ffc20e60000 - 0x00007ffc20efd000 	C:\Windows\System32\msvcp_win.dll
0x00007ffc18560000 - 0x00007ffc1857b000 	C:\Program Files\Java\jdk-17\bin\VCRUNTIME140.dll
0x00007ffbfcec0000 - 0x00007ffbfd15a000 	C:\Windows\WinSxS\amd64_microsoft.windows.common-controls_6595b64144ccf1df_6.0.19041.1110_none_60b5254171f9507e\COMCTL32.dll
0x00007ffc17e10000 - 0x00007ffc17e1a000 	C:\Windows\SYSTEM32\VERSION.dll
0x00007ffc22580000 - 0x00007ffc225b0000 	C:\Windows\System32\IMM32.DLL
0x00007ffc19450000 - 0x00007ffc1945c000 	C:\Program Files\Java\jdk-17\bin\vcruntime140_1.dll
0x00007ffbf8850000 - 0x00007ffbf88de000 	C:\Program Files\Java\jdk-17\bin\msvcp140.dll
0x00007ffb91410000 - 0x00007ffb91fed000 	C:\Program Files\Java\jdk-17\bin\server\jvm.dll
0x00007ffc22ae0000 - 0x00007ffc22ae8000 	C:\Windows\System32\PSAPI.DLL
0x00007ffbfbe50000 - 0x00007ffbfbe59000 	C:\Windows\SYSTEM32\WSOCK32.dll
0x00007ffc22210000 - 0x00007ffc2227b000 	C:\Windows\System32\WS2_32.dll
0x00007ffc0ff20000 - 0x00007ffc0ff47000 	C:\Windows\SYSTEM32\WINMM.dll
0x00007ffc1f2f0000 - 0x00007ffc1f302000 	C:\Windows\SYSTEM32\kernel.appcore.dll
0x00007ffc18810000 - 0x00007ffc1881a000 	C:\Program Files\Java\jdk-17\bin\jimage.dll
0x00007ffc1b6c0000 - 0x00007ffc1b8a4000 	C:\Windows\SYSTEM32\DBGHELP.DLL
0x00007ffc0efa0000 - 0x00007ffc0efd4000 	C:\Windows\SYSTEM32\dbgcore.DLL
0x00007ffc20d20000 - 0x00007ffc20da2000 	C:\Windows\System32\bcryptPrimitives.dll
0x00007ffc16420000 - 0x00007ffc16445000 	C:\Program Files\Java\jdk-17\bin\java.dll
0x00007ffbf59b0000 - 0x00007ffbf5a87000 	C:\Program Files\Java\jdk-17\bin\jsvml.dll
0x00007ffc22c60000 - 0x00007ffc233a5000 	C:\Windows\System32\SHELL32.dll
0x00007ffc1eb10000 - 0x00007ffc1f2ab000 	C:\Windows\SYSTEM32\windows.storage.dll
0x00007ffc21b00000 - 0x00007ffc21e54000 	C:\Windows\System32\combase.dll
0x00007ffc20440000 - 0x00007ffc2046e000 	C:\Windows\SYSTEM32\Wldp.dll
0x00007ffc22160000 - 0x00007ffc2220d000 	C:\Windows\System32\SHCORE.dll
0x00007ffc21450000 - 0x00007ffc214a5000 	C:\Windows\System32\shlwapi.dll
0x00007ffc20a00000 - 0x00007ffc20a25000 	C:\Windows\SYSTEM32\profapi.dll
0x00007ffc18230000 - 0x00007ffc18249000 	C:\Program Files\Java\jdk-17\bin\net.dll
0x00007ffc16cb0000 - 0x00007ffc16dba000 	C:\Windows\SYSTEM32\WINHTTP.dll
0x00007ffc201a0000 - 0x00007ffc2020a000 	C:\Windows\system32\mswsock.dll
0x00007ffc16af0000 - 0x00007ffc16b06000 	C:\Program Files\Java\jdk-17\bin\nio.dll
0x00007ffc16400000 - 0x00007ffc16418000 	C:\Program Files\Java\jdk-17\bin\zip.dll
0x00007ffc18530000 - 0x00007ffc18540000 	C:\Program Files\Java\jdk-17\bin\verify.dll
0x00007ffc163d0000 - 0x00007ffc163f7000 	C:\Users\ss\.gradle\native\e1d6ef7f7dcc3fd88c89a11ec53ec762bb8ba0a96d01ffa2cd45eb1d1d8dd5c5\windows-amd64\native-platform.dll
0x00007ffbf4650000 - 0x00007ffbf4794000 	C:\Users\ss\.gradle\native\5664cfc778a61ccfe75a443a1ab52a65af34e5dc3c78e0209fed803814484fcb\windows-amd64\native-platform-file-events.dll
0x00007ffc18120000 - 0x00007ffc1812a000 	C:\Program Files\Java\jdk-17\bin\management.dll
0x00007ffc0cc40000 - 0x00007ffc0cc4b000 	C:\Program Files\Java\jdk-17\bin\management_ext.dll
0x00007ffc203a0000 - 0x00007ffc203b8000 	C:\Windows\SYSTEM32\CRYPTSP.dll
0x00007ffc1fab0000 - 0x00007ffc1fae4000 	C:\Windows\system32\rsaenh.dll
0x00007ffc21270000 - 0x00007ffc21297000 	C:\Windows\System32\bcrypt.dll
0x00007ffc209c0000 - 0x00007ffc209ee000 	C:\Windows\SYSTEM32\USERENV.dll
0x00007ffc20390000 - 0x00007ffc2039c000 	C:\Windows\SYSTEM32\CRYPTBASE.dll
0x00007ffc1fe90000 - 0x00007ffc1fecb000 	C:\Windows\SYSTEM32\IPHLPAPI.DLL
0x00007ffc22570000 - 0x00007ffc22578000 	C:\Windows\System32\NSI.dll
0x00007ffc170f0000 - 0x00007ffc17107000 	C:\Windows\SYSTEM32\dhcpcsvc6.DLL
0x00007ffc175e0000 - 0x00007ffc175fd000 	C:\Windows\SYSTEM32\dhcpcsvc.DLL
0x00007ffc1fed0000 - 0x00007ffc1ff9a000 	C:\Windows\SYSTEM32\DNSAPI.dll
0x00007ffc074c0000 - 0x00007ffc074cd000 	C:\Program Files\Java\jdk-17\bin\sunmscapi.dll
0x00007ffc212f0000 - 0x00007ffc2144e000 	C:\Windows\System32\CRYPT32.dll
0x00007ffc204b0000 - 0x00007ffc204d8000 	C:\Windows\SYSTEM32\ncrypt.dll
0x00007ffc20470000 - 0x00007ffc204ab000 	C:\Windows\SYSTEM32\NTASN1.dll
0x00007ffbf8730000 - 0x00007ffbf8737000 	C:\Windows\system32\wshunix.dll

dbghelp: loaded successfully - version: 4.0.5 - missing functions: none
symbol engine: initialized successfully - sym options: 0x614 - pdb path: .;C:\Program Files\Java\jdk-17\bin;C:\Windows\SYSTEM32;C:\Windows\WinSxS\amd64_microsoft.windows.common-controls_6595b64144ccf1df_6.0.19041.1110_none_60b5254171f9507e;C:\Program Files\Java\jdk-17\bin\server;C:\Users\ss\.gradle\native\e1d6ef7f7dcc3fd88c89a11ec53ec762bb8ba0a96d01ffa2cd45eb1d1d8dd5c5\windows-amd64;C:\Users\ss\.gradle\native\5664cfc778a61ccfe75a443a1ab52a65af34e5dc3c78e0209fed803814484fcb\windows-amd64

VM Arguments:
jvm_args: -XX:MaxMetaspaceSize=512m --add-opens=java.base/java.util=ALL-UNNAMED --add-opens=java.base/java.lang=ALL-UNNAMED --add-opens=java.base/java.lang.invoke=ALL-UNNAMED --add-opens=java.base/java.util=ALL-UNNAMED --add-opens=java.prefs/java.util.prefs=ALL-UNNAMED --add-opens=java.prefs/java.util.prefs=ALL-UNNAMED --add-opens=java.base/java.nio.charset=ALL-UNNAMED --add-opens=java.base/java.net=ALL-UNNAMED --add-opens=java.base/java.util.concurrent.atomic=ALL-UNNAMED -Xmx2048m -Dfile.encoding=windows-1252 -Duser.country=IN -Duser.language=en -Duser.variant 
java_command: org.gradle.launcher.daemon.bootstrap.GradleDaemon 7.3.3
java_class_path (initial): C:\Users\ss\.gradle\wrapper\dists\gradle-7.3.3-all\4295vidhdd9hd3gbjyw1xqxpo\gradle-7.3.3\lib\gradle-launcher-7.3.3.jar
Launcher Type: SUN_STANDARD

[Global flags]
     intx CICompilerCount                          = 3                                         {product} {ergonomic}
   size_t CompressedClassSpaceSize                 = 432013312                                 {product} {ergonomic}
     uint ConcGCThreads                            = 1                                         {product} {ergonomic}
     uint G1ConcRefinementThreads                  = 4                                         {product} {ergonomic}
   size_t G1HeapRegionSize                         = 1048576                                   {product} {ergonomic}
    uintx GCDrainStackTargetSize                   = 64                                        {product} {ergonomic}
   size_t InitialHeapSize                          = 268435456                                 {product} {ergonomic}
   size_t MarkStackSize                            = 4194304                                   {product} {ergonomic}
   size_t MaxHeapSize                              = 2147483648                                {product} {command line}
   size_t MaxMetaspaceSize                         = 536870912                                 {product} {command line}
   size_t MaxNewSize                               = 1287651328                                {product} {ergonomic}
   size_t MinHeapDeltaBytes                        = 1048576                                   {product} {ergonomic}
   size_t MinHeapSize                              = 8388608                                   {product} {ergonomic}
    uintx NonNMethodCodeHeapSize                   = 5832780                                {pd product} {ergonomic}
    uintx NonProfiledCodeHeapSize                  = 122912730                              {pd product} {ergonomic}
    uintx ProfiledCodeHeapSize                     = 122912730                              {pd product} {ergonomic}
    uintx ReservedCodeCacheSize                    = 251658240                              {pd product} {ergonomic}
     bool SegmentedCodeCache                       = true                                      {product} {ergonomic}
   size_t SoftMaxHeapSize                          = 2147483648                             {manageable} {ergonomic}
     bool UseCompressedClassPointers               = true                           {product lp64_product} {ergonomic}
     bool UseCompressedOops                        = true                           {product lp64_product} {ergonomic}
     bool UseG1GC                                  = true                                      {product} {ergonomic}
     bool UseLargePagesIndividualAllocation        = false                                  {pd product} {ergonomic}

Logging:
Log output configuration:
 #0: stdout all=warning uptime,level,tags
 #1: stderr all=off uptime,level,tags

Environment Variables:
CLASSPATH=C:\Users\ss\Desktop\teachers-vision\android\\gradle\wrapper\gradle-wrapper.jar
PATH=C:\Users\ss\Desktop\teachers-vision\android\node_modules\.bin;C:\Users\ss\Desktop\teachers-vision\node_modules\.bin;C:\Users\ss\Desktop\node_modules\.bin;C:\Users\ss\node_modules\.bin;C:\Users\node_modules\.bin;C:\node_modules\.bin;C:\Program Files\nodejs;C:\Users\ss\Desktop\teachers-vision\node_modules\.bin;C:\Users\ss\Desktop\teachers-vision\node_modules\.bin;C:\Users\ss\Desktop\node_modules\.bin;C:\Users\ss\node_modules\.bin;C:\Users\node_modules\.bin;C:\node_modules\.bin;C:\Users\ss\AppData\Roaming\nvm\v16.16.0\node_modules\npm\node_modules\@npmcli\run-script\lib\node-gyp-bin;C:\Users\ss\Desktop\teachers-vision\node_modules\.bin;C:\Users\ss\Desktop\node_modules\.bin;C:\Users\ss\node_modules\.bin;C:\Users\node_modules\.bin;C:\node_modules\.bin;C:\Program Files\nodejs;C:\Users\ss\Desktop\teachers-vision\node_modules\.bin;C:\Users\ss\Desktop\teachers-vision\node_modules\.bin;C:\Users\ss\Desktop\node_modules\.bin;C:\Users\ss\node_modules\.bin;C:\Users\node_modules\.bin;C:\node_modules\.bin;C:\Users\ss\AppData\Roaming\nvm\v16.16.0\node_modules\npm\node_modules\@npmcli\run-script\lib\node-gyp-bin;C:\Program Files\Common Files\Oracle\Java\javapath;C:\Program Files (x86)\Common Files\Oracle\Java\javapath;C:\Program Files\Microsoft\jdk-11.0.18.10-hotspot\bin;C:\Program Files\Microsoft MPI\Bin\;C:\Windows\system32;C:\Windows;C:\Windows\System32\Wbem;C:\Windows\System32\WindowsPowerShell\v1.0\;C:\Windows\System32\OpenSSH\;C:\ProgramData\chocolatey\bin;C:\Users\ss\AppData\Local\Android\Sdk\platform-tools;C:\Program Files\Git\cmd;C:\Program Files\Microsoft SQL Server\150\Tools\Binn\;C:\Program Files (x86)\Microsoft SQL Server\160\Tools\Binn\;C:\Program Files\Microsoft SQL Server\160\Tools\Binn\;C:\Program Files\Microsoft SQL Server\Client SDK\ODBC\170\Tools\Binn\;C:\Program Files\Microsoft SQL Server\160\DTS\Binn\;C:\Program Files\dotnet\;C:\Program Files (x86)\dotnet\;C:\Program Files (x86)\Microsoft SQL Server\160\DTS\Binn\;C:\Program Files (x86)\Microsoft SQL Server\150
USERNAME=ss
LANG=en_US.UTF-8
OS=Windows_NT
PROCESSOR_IDENTIFIER=Intel64 Family 6 Model 142 Stepping 9, GenuineIntel



---------------  S Y S T E M  ---------------

OS:
 Windows 10 , 64 bit Build 19041 (10.0.19041.3393)
OS uptime: 2 days 0:18 hours

CPU: total 4 (initial active 4) (2 cores per cpu, 2 threads per core) family 6 model 142 stepping 9 microcode 0xb4, cx8, cmov, fxsr, ht, mmx, 3dnowpref, sse, sse2, sse3, ssse3, sse4.1, sse4.2, popcnt, lzcnt, tsc, tscinvbit, avx, avx2, aes, erms, clmul, bmi1, bmi2, adx, fma, vzeroupper, clflush, clflushopt

Memory: 4k page, system-wide physical 16263M (342M free)
TotalPageFile size 23984M (AvailPageFile size 4M)
current process WorkingSet (physical memory assigned to process): 262M, peak: 263M
current process commit charge ("private bytes"): 302M, peak: 407M

vm_info: Java HotSpot(TM) 64-Bit Server VM (17.0.7+8-LTS-224) for windows-amd64 JRE (17.0.7+8-LTS-224), built on Feb 28 2023 23:03:02 by "mach5one" with MS VC++ 17.1 (VS2022)

END.
