#
# There is insufficient memory for the Java Runtime Environment to continue.
# Native memory allocation (malloc) failed to allocate 32744 bytes for ChunkPool::allocate
# Possible reasons:
#   The system is out of physical RAM or swap space
#   The process is running with CompressedOops enabled, and the Java Heap may be blocking the growth of the native heap
# Possible solutions:
#   Reduce memory load on the system
#   Increase physical memory or swap space
#   Check if swap backing store is full
#   Decrease Java heap size (-Xmx/-Xms)
#   Decrease number of Java threads
#   Decrease Java thread stack sizes (-Xss)
#   Set larger code cache with -XX:ReservedCodeCacheSize=
#   JVM is running with Unscaled Compressed Oops mode in which the Java heap is
#     placed in the first 4GB address space. The Java Heap base address is the
#     maximum limit for the native heap growth. Please use -XX:HeapBaseMinAddress
#     to set the Java Heap base and to place the Java Heap above 4GB virtual address.
# This output file may be truncated or incomplete.
#
#  Out of Memory Error (arena.cpp:78), pid=11984, tid=20268
#
# JRE version: Java(TM) SE Runtime Environment (17.0.7+8) (build 17.0.7+8-LTS-224)
# Java VM: Java HotSpot(TM) 64-Bit Server VM (17.0.7+8-LTS-224, mixed mode, sharing, tiered, compressed oops, compressed class ptrs, g1 gc, windows-amd64)
# No core dump will be written. Minidumps are not enabled by default on client versions of Windows
#

---------------  S U M M A R Y ------------

Command Line: -XX:MaxMetaspaceSize=512m --add-opens=java.base/java.util=ALL-UNNAMED --add-opens=java.base/java.lang=ALL-UNNAMED --add-opens=java.base/java.lang.invoke=ALL-UNNAMED --add-opens=java.base/java.util=ALL-UNNAMED --add-opens=java.prefs/java.util.prefs=ALL-UNNAMED --add-opens=java.prefs/java.util.prefs=ALL-UNNAMED --add-opens=java.base/java.nio.charset=ALL-UNNAMED --add-opens=java.base/java.net=ALL-UNNAMED --add-opens=java.base/java.util.concurrent.atomic=ALL-UNNAMED -Xmx2048m -Dfile.encoding=windows-1252 -Duser.country=IN -Duser.language=en -Duser.variant org.gradle.launcher.daemon.bootstrap.GradleDaemon 7.3.3

Host: Intel(R) Core(TM) i5-7200U CPU @ 2.50GHz, 4 cores, 15G,  Windows 10 , 64 bit Build 19041 (10.0.19041.3155)
Time: Tue Sep 12 18:13:22 2023 India Standard Time elapsed time: 189.618251 seconds (0d 0h 3m 9s)

---------------  T H R E A D  ---------------

Current thread (0x000002b473ff5d70):  JavaThread "C2 CompilerThread0" daemon [_thread_in_native, id=20268, stack(0x000000e66c900000,0x000000e66ca00000)]


Current CompileTask:
C2: 189618 8772       4       org.codehaus.groovy.vmplugin.v9.Java9::checkCanSetAccessible (137 bytes)

Stack: [0x000000e66c900000,0x000000e66ca00000]
Native frames: (J=compiled Java code, j=interpreted, Vv=VM code, C=native code)
V  [jvm.dll+0x676a4a]
V  [jvm.dll+0x7d74f4]
V  [jvm.dll+0x7d8c9e]
V  [jvm.dll+0x7d9303]
V  [jvm.dll+0x2452c5]
V  [jvm.dll+0xaac80]
V  [jvm.dll+0xaafcc]
V  [jvm.dll+0x5844d1]
V  [jvm.dll+0x580786]
V  [jvm.dll+0x580524]
V  [jvm.dll+0x57f778]
V  [jvm.dll+0x2205f2]
V  [jvm.dll+0x2191f0]
V  [jvm.dll+0x216df9]
V  [jvm.dll+0x1a35e0]
V  [jvm.dll+0x226a6e]
V  [jvm.dll+0x224e15]
V  [jvm.dll+0x78d05c]
V  [jvm.dll+0x78759a]
V  [jvm.dll+0x675875]
C  [ucrtbase.dll+0x21bb2]
C  [KERNEL32.DLL+0x17614]
C  [ntdll.dll+0x526b1]


---------------  P R O C E S S  ---------------

Threads class SMR info:
_java_thread_list=0x000002b477e7e610, length=87, elements={
0x000002b456679400, 0x000002b473fd9b20, 0x000002b473fda5e0, 0x000002b473ff1680,
0x000002b473ff3f50, 0x000002b473ff4810, 0x000002b473ff50d0, 0x000002b473ff5d70,
0x000002b474c297e0, 0x000002b474c34500, 0x000002b474c9d0c0, 0x000002b474c9d590,
0x000002b475bb6380, 0x000002b475c888f0, 0x000002b4761dd610, 0x000002b4756144a0,
0x000002b4750326b0, 0x000002b4761cfa10, 0x000002b4761cfee0, 0x000002b4761cdd30,
0x000002b4761ccec0, 0x000002b4761cc9f0, 0x000002b4761cf540, 0x000002b4761d03b0,
0x000002b4761cd390, 0x000002b4761ce200, 0x000002b4761cd860, 0x000002b4761ce6d0,
0x000002b4761cf070, 0x000002b475ce1e50, 0x000002b475ce2cc0, 0x000002b475cde490,
0x000002b475cdfca0, 0x000002b475ce0b10, 0x000002b475ce0170, 0x000002b475ce0fe0,
0x000002b475cdc2e0, 0x000002b475ce14b0, 0x000002b475cdcc80, 0x000002b475ce1980,
0x000002b475cddaf0, 0x000002b475cdee30, 0x000002b475cdf300, 0x000002b47828ac10,
0x000002b4782898d0, 0x000002b4782868b0, 0x000002b47828d290, 0x000002b478286d80,
0x000002b47828a270, 0x000002b478288a60, 0x000002b47828d760, 0x000002b478288f30,
0x000002b47828a740, 0x000002b478289400, 0x000002b478289da0, 0x000002b4782880c0,
0x000002b478288590, 0x000002b478287720, 0x000002b478287bf0, 0x000002b47828c420,
0x000002b4782863e0, 0x000002b47828c8f0, 0x000002b47828b0e0, 0x000002b47828b5b0,
0x000002b47828ba80, 0x000002b47828cdc0, 0x000002b47828bf50, 0x000002b47828dc30,
0x000002b478287250, 0x000002b4789db440, 0x000002b4789d3bf0, 0x000002b4789daaa0,
0x000002b4789daf70, 0x000002b4789d75b0, 0x000002b4789d7a80, 0x000002b4789d6740,
0x000002b4789d6c10, 0x000002b4789d9290, 0x000002b4789d8dc0, 0x000002b4789d9760,
0x000002b4789d9c30, 0x000002b4789da100, 0x000002b4779a04e0, 0x000002b4779a4d10,
0x000002b4779a4840, 0x000002b4779a56b0, 0x000002b4779a3030
}

Java Threads: ( => current thread )
  0x000002b456679400 JavaThread "main" [_thread_blocked, id=23324, stack(0x000000e66bc00000,0x000000e66bd00000)]
  0x000002b473fd9b20 JavaThread "Reference Handler" daemon [_thread_blocked, id=19048, stack(0x000000e66c300000,0x000000e66c400000)]
  0x000002b473fda5e0 JavaThread "Finalizer" daemon [_thread_blocked, id=23196, stack(0x000000e66c400000,0x000000e66c500000)]
  0x000002b473ff1680 JavaThread "Signal Dispatcher" daemon [_thread_blocked, id=2932, stack(0x000000e66c500000,0x000000e66c600000)]
  0x000002b473ff3f50 JavaThread "Attach Listener" daemon [_thread_blocked, id=16756, stack(0x000000e66c600000,0x000000e66c700000)]
  0x000002b473ff4810 JavaThread "Service Thread" daemon [_thread_blocked, id=5292, stack(0x000000e66c700000,0x000000e66c800000)]
  0x000002b473ff50d0 JavaThread "Monitor Deflation Thread" daemon [_thread_blocked, id=8692, stack(0x000000e66c800000,0x000000e66c900000)]
=>0x000002b473ff5d70 JavaThread "C2 CompilerThread0" daemon [_thread_in_native, id=20268, stack(0x000000e66c900000,0x000000e66ca00000)]
  0x000002b474c297e0 JavaThread "C1 CompilerThread0" daemon [_thread_in_native, id=24436, stack(0x000000e66ca00000,0x000000e66cb00000)]
  0x000002b474c34500 JavaThread "Sweeper thread" daemon [_thread_blocked, id=20108, stack(0x000000e66cb00000,0x000000e66cc00000)]
  0x000002b474c9d0c0 JavaThread "Common-Cleaner" daemon [_thread_blocked, id=12368, stack(0x000000e66cc00000,0x000000e66cd00000)]
  0x000002b474c9d590 JavaThread "Notification Thread" daemon [_thread_blocked, id=21744, stack(0x000000e66cd00000,0x000000e66ce00000)]
  0x000002b475bb6380 JavaThread "Daemon health stats" [_thread_blocked, id=24268, stack(0x000000e66d200000,0x000000e66d300000)]
  0x000002b475c888f0 JavaThread "Incoming local TCP Connector on port 49167" [_thread_in_native, id=13580, stack(0x000000e66d300000,0x000000e66d400000)]
  0x000002b4761dd610 JavaThread "Daemon periodic checks" [_thread_blocked, id=17184, stack(0x000000e66d400000,0x000000e66d500000)]
  0x000002b4756144a0 JavaThread "Daemon" [_thread_blocked, id=21604, stack(0x000000e66d500000,0x000000e66d600000)]
  0x000002b4750326b0 JavaThread "Handler for socket connection from /127.0.0.1:49167 to /127.0.0.1:49168" [_thread_in_native, id=13088, stack(0x000000e66d600000,0x000000e66d700000)]
  0x000002b4761cfa10 JavaThread "Cancel handler" [_thread_blocked, id=22612, stack(0x000000e66d700000,0x000000e66d800000)]
  0x000002b4761cfee0 JavaThread "Daemon worker" [_thread_in_vm, id=17756, stack(0x000000e66d800000,0x000000e66d900000)]
  0x000002b4761cdd30 JavaThread "Asynchronous log dispatcher for DefaultDaemonConnection: socket connection from /127.0.0.1:49167 to /127.0.0.1:49168" [_thread_blocked, id=17304, stack(0x000000e66d900000,0x000000e66da00000)]
  0x000002b4761ccec0 JavaThread "Stdin handler" [_thread_blocked, id=10008, stack(0x000000e66da00000,0x000000e66db00000)]
  0x000002b4761cc9f0 JavaThread "Daemon client event forwarder" [_thread_blocked, id=2972, stack(0x000000e66db00000,0x000000e66dc00000)]
  0x000002b4761cf540 JavaThread "Cache worker for journal cache (C:\Users\ss\.gradle\caches\journal-1)" [_thread_blocked, id=22244, stack(0x000000e66dc00000,0x000000e66dd00000)]
  0x000002b4761d03b0 JavaThread "File lock request listener" [_thread_in_native, id=23688, stack(0x000000e66dd00000,0x000000e66de00000)]
  0x000002b4761cd390 JavaThread "Cache worker for file hash cache (C:\Users\ss\.gradle\caches\7.3.3\fileHashes)" [_thread_blocked, id=448, stack(0x000000e66de00000,0x000000e66df00000)]
  0x000002b4761ce200 JavaThread "File lock release action executor" [_thread_blocked, id=22384, stack(0x000000e66df00000,0x000000e66e000000)]
  0x000002b4761cd860 JavaThread "Cache worker for file hash cache (C:\Users\ss\Desktop\teachers-vision\android\.gradle\7.3.3\fileHashes)" [_thread_blocked, id=7360, stack(0x000000e66e000000,0x000000e66e100000)]
  0x000002b4761ce6d0 JavaThread "File watcher server" daemon [_thread_in_native, id=23392, stack(0x000000e66e100000,0x000000e66e200000)]
  0x000002b4761cf070 JavaThread "File watcher consumer" daemon [_thread_blocked, id=22920, stack(0x000000e66e200000,0x000000e66e300000)]
  0x000002b475ce1e50 JavaThread "Cache worker for checksums cache (C:\Users\ss\Desktop\teachers-vision\android\.gradle\7.3.3\checksums)" [_thread_blocked, id=14352, stack(0x000000e66e300000,0x000000e66e400000)]
  0x000002b475ce2cc0 JavaThread "Cache worker for cache directory md-supplier (C:\Users\ss\.gradle\caches\7.3.3\md-supplier)" [_thread_blocked, id=23348, stack(0x000000e66e400000,0x000000e66e500000)]
  0x000002b475cde490 JavaThread "Cache worker for cache directory md-rule (C:\Users\ss\.gradle\caches\7.3.3\md-rule)" [_thread_blocked, id=12320, stack(0x000000e66e500000,0x000000e66e600000)]
  0x000002b475cdfca0 JavaThread "Cache worker for execution history cache (C:\Users\ss\.gradle\caches\7.3.3\executionHistory)" [_thread_blocked, id=22900, stack(0x000000e66e600000,0x000000e66e700000)]
  0x000002b475ce0b10 JavaThread "jar transforms" [_thread_blocked, id=22536, stack(0x000000e66e700000,0x000000e66e800000)]
  0x000002b475ce0170 JavaThread "jar transforms Thread 2" [_thread_blocked, id=1392, stack(0x000000e66e800000,0x000000e66e900000)]
  0x000002b475ce0fe0 JavaThread "Cache worker for file content cache (C:\Users\ss\.gradle\caches\7.3.3\fileContent)" [_thread_blocked, id=24492, stack(0x000000e66e900000,0x000000e66ea00000)]
  0x000002b475cdc2e0 JavaThread "jar transforms Thread 3" [_thread_blocked, id=5080, stack(0x000000e66ea00000,0x000000e66eb00000)]
  0x000002b475ce14b0 JavaThread "jar transforms Thread 4" [_thread_blocked, id=22236, stack(0x000000e66eb00000,0x000000e66ec00000)]
  0x000002b475cdcc80 JavaThread "Cache worker for kotlin-dsl (C:\Users\ss\.gradle\caches\7.3.3\kotlin-dsl)" [_thread_blocked, id=18540, stack(0x000000e66bb00000,0x000000e66bc00000)]
  0x000002b475ce1980 JavaThread "Cache worker for dependencies-accessors (C:\Users\ss\Desktop\teachers-vision\android\.gradle\7.3.3\dependencies-accessors)" [_thread_blocked, id=19768, stack(0x000000e66ba00000,0x000000e66bb00000)]
  0x000002b475cddaf0 JavaThread "Cache worker for Build Output Cleanup Cache (C:\Users\ss\Desktop\teachers-vision\node_modules\react-native-gradle-plugin\.gradle\buildOutputCleanup)" [_thread_blocked, id=17456, stack(0x000000e66ec00000,0x000000e66ed00000)]
  0x000002b475cdee30 JavaThread "Unconstrained build operations" [_thread_blocked, id=22364, stack(0x000000e66ed00000,0x000000e66ee00000)]
  0x000002b475cdf300 JavaThread "Unconstrained build operations Thread 2" [_thread_blocked, id=22896, stack(0x000000e66ee00000,0x000000e66ef00000)]
  0x000002b47828ac10 JavaThread "Unconstrained build operations Thread 3" [_thread_blocked, id=13152, stack(0x000000e66f100000,0x000000e66f200000)]
  0x000002b4782898d0 JavaThread "Unconstrained build operations Thread 4" [_thread_blocked, id=21512, stack(0x000000e66f200000,0x000000e66f300000)]
  0x000002b4782868b0 JavaThread "Unconstrained build operations Thread 5" [_thread_blocked, id=16676, stack(0x000000e66f300000,0x000000e66f400000)]
  0x000002b47828d290 JavaThread "Unconstrained build operations Thread 6" [_thread_blocked, id=20176, stack(0x000000e66f400000,0x000000e66f500000)]
  0x000002b478286d80 JavaThread "Unconstrained build operations Thread 7" [_thread_blocked, id=24264, stack(0x000000e66f500000,0x000000e66f600000)]
  0x000002b47828a270 JavaThread "Unconstrained build operations Thread 8" [_thread_blocked, id=12984, stack(0x000000e66f600000,0x000000e66f700000)]
  0x000002b478288a60 JavaThread "Unconstrained build operations Thread 9" [_thread_blocked, id=20564, stack(0x000000e66f700000,0x000000e66f800000)]
  0x000002b47828d760 JavaThread "Unconstrained build operations Thread 10" [_thread_blocked, id=11964, stack(0x000000e66f800000,0x000000e66f900000)]
  0x000002b478288f30 JavaThread "Unconstrained build operations Thread 11" [_thread_blocked, id=10440, stack(0x000000e66f900000,0x000000e66fa00000)]
  0x000002b47828a740 JavaThread "Unconstrained build operations Thread 12" [_thread_blocked, id=23736, stack(0x000000e66fa00000,0x000000e66fb00000)]
  0x000002b478289400 JavaThread "Unconstrained build operations Thread 13" [_thread_blocked, id=20796, stack(0x000000e66fb00000,0x000000e66fc00000)]
  0x000002b478289da0 JavaThread "Unconstrained build operations Thread 14" [_thread_blocked, id=22760, stack(0x000000e66fc00000,0x000000e66fd00000)]
  0x000002b4782880c0 JavaThread "Unconstrained build operations Thread 15" [_thread_blocked, id=12680, stack(0x000000e66fd00000,0x000000e66fe00000)]
  0x000002b478288590 JavaThread "Unconstrained build operations Thread 16" [_thread_blocked, id=23224, stack(0x000000e66fe00000,0x000000e66ff00000)]
  0x000002b478287720 JavaThread "Unconstrained build operations Thread 17" [_thread_blocked, id=11952, stack(0x000000e66ff00000,0x000000e670000000)]
  0x000002b478287bf0 JavaThread "Unconstrained build operations Thread 18" [_thread_blocked, id=4188, stack(0x000000e670000000,0x000000e670100000)]
  0x000002b47828c420 JavaThread "Unconstrained build operations Thread 19" [_thread_blocked, id=4408, stack(0x000000e670100000,0x000000e670200000)]
  0x000002b4782863e0 JavaThread "Unconstrained build operations Thread 20" [_thread_blocked, id=10572, stack(0x000000e670200000,0x000000e670300000)]
  0x000002b47828c8f0 JavaThread "Unconstrained build operations Thread 21" [_thread_blocked, id=15120, stack(0x000000e670300000,0x000000e670400000)]
  0x000002b47828b0e0 JavaThread "Unconstrained build operations Thread 22" [_thread_blocked, id=23108, stack(0x000000e670400000,0x000000e670500000)]
  0x000002b47828b5b0 JavaThread "Unconstrained build operations Thread 23" [_thread_blocked, id=23472, stack(0x000000e670500000,0x000000e670600000)]
  0x000002b47828ba80 JavaThread "Unconstrained build operations Thread 24" [_thread_blocked, id=9176, stack(0x000000e670600000,0x000000e670700000)]
  0x000002b47828cdc0 JavaThread "Unconstrained build operations Thread 25" [_thread_blocked, id=7668, stack(0x000000e670700000,0x000000e670800000)]
  0x000002b47828bf50 JavaThread "Unconstrained build operations Thread 26" [_thread_blocked, id=24316, stack(0x000000e670800000,0x000000e670900000)]
  0x000002b47828dc30 JavaThread "Unconstrained build operations Thread 27" [_thread_blocked, id=13640, stack(0x000000e670900000,0x000000e670a00000)]
  0x000002b478287250 JavaThread "Unconstrained build operations Thread 28" [_thread_blocked, id=22916, stack(0x000000e670a00000,0x000000e670b00000)]
  0x000002b4789db440 JavaThread "Unconstrained build operations Thread 29" [_thread_blocked, id=21520, stack(0x000000e670b00000,0x000000e670c00000)]
  0x000002b4789d3bf0 JavaThread "Unconstrained build operations Thread 30" [_thread_blocked, id=20916, stack(0x000000e670c00000,0x000000e670d00000)]
  0x000002b4789daaa0 JavaThread "Unconstrained build operations Thread 31" [_thread_blocked, id=12792, stack(0x000000e670d00000,0x000000e670e00000)]
  0x000002b4789daf70 JavaThread "Unconstrained build operations Thread 32" [_thread_blocked, id=22292, stack(0x000000e670e00000,0x000000e670f00000)]
  0x000002b4789d75b0 JavaThread "Unconstrained build operations Thread 33" [_thread_blocked, id=18872, stack(0x000000e670f00000,0x000000e671000000)]
  0x000002b4789d7a80 JavaThread "build event listener" [_thread_blocked, id=19860, stack(0x000000e671000000,0x000000e671100000)]
  0x000002b4789d6740 JavaThread "Memory manager" [_thread_blocked, id=22344, stack(0x000000e671100000,0x000000e671200000)]
  0x000002b4789d6c10 JavaThread "Cache worker for Build Output Cleanup Cache (C:\Users\ss\Desktop\teachers-vision\android\.gradle\buildOutputCleanup)" [_thread_blocked, id=23136, stack(0x000000e671300000,0x000000e671400000)]
  0x000002b4789d9290 JavaThread "included builds" [_thread_blocked, id=24076, stack(0x000000e66ef00000,0x000000e66f000000)]
  0x000002b4789d8dc0 JavaThread "Cache worker for execution history cache (C:\Users\ss\Desktop\teachers-vision\node_modules\react-native-gradle-plugin\.gradle\7.3.3\executionHistory)" [_thread_blocked, id=5508, stack(0x000000e671600000,0x000000e671700000)]
  0x000002b4789d9760 JavaThread "Unconstrained build operations Thread 34" [_thread_blocked, id=21776, stack(0x000000e671700000,0x000000e671800000)]
  0x000002b4789d9c30 JavaThread "Unconstrained build operations Thread 35" [_thread_blocked, id=19352, stack(0x000000e671800000,0x000000e671900000)]
  0x000002b4789da100 JavaThread "Unconstrained build operations Thread 36" [_thread_blocked, id=15720, stack(0x000000e671900000,0x000000e671a00000)]
  0x000002b4779a04e0 JavaThread "Unconstrained build operations Thread 37" [_thread_blocked, id=4084, stack(0x000000e671a00000,0x000000e671b00000)]
  0x000002b4779a4d10 JavaThread "Unconstrained build operations Thread 38" [_thread_blocked, id=7592, stack(0x000000e671b00000,0x000000e671c00000)]
  0x000002b4779a4840 JavaThread "Unconstrained build operations Thread 39" [_thread_blocked, id=432, stack(0x000000e671c00000,0x000000e671d00000)]
  0x000002b4779a56b0 JavaThread "Unconstrained build operations Thread 40" [_thread_blocked, id=20816, stack(0x000000e671d00000,0x000000e671e00000)]
  0x000002b4779a3030 JavaThread "File lock release action executor Thread 2" [_thread_blocked, id=19928, stack(0x000000e671e00000,0x000000e671f00000)]

Other Threads:
  0x000002b473fd2d10 VMThread "VM Thread" [stack: 0x000000e66c200000,0x000000e66c300000] [id=22852]
  0x000002b474c9da60 WatcherThread [stack: 0x000000e66ce00000,0x000000e66cf00000] [id=6220]
  0x000002b4566d0f10 GCTaskThread "GC Thread#0" [stack: 0x000000e66bd00000,0x000000e66be00000] [id=6112]
  0x000002b474ee23c0 GCTaskThread "GC Thread#1" [stack: 0x000000e66cf00000,0x000000e66d000000] [id=24380]
  0x000002b474ee2670 GCTaskThread "GC Thread#2" [stack: 0x000000e66d000000,0x000000e66d100000] [id=20244]
  0x000002b47524af10 GCTaskThread "GC Thread#3" [stack: 0x000000e66d100000,0x000000e66d200000] [id=20364]
  0x000002b4566e1c00 ConcurrentGCThread "G1 Main Marker" [stack: 0x000000e66be00000,0x000000e66bf00000] [id=22624]
  0x000002b4566e33d0 ConcurrentGCThread "G1 Conc#0" [stack: 0x000000e66bf00000,0x000000e66c000000] [id=22648]
  0x000002b45674d6f0 ConcurrentGCThread "G1 Refine#0" [stack: 0x000000e66c000000,0x000000e66c100000] [id=8632]
  0x000002b45674dec0 ConcurrentGCThread "G1 Service" [stack: 0x000000e66c100000,0x000000e66c200000] [id=20132]

Threads with active compile tasks:
C2 CompilerThread0   189661 8772       4       org.codehaus.groovy.vmplugin.v9.Java9::checkCanSetAccessible (137 bytes)
C1 CompilerThread0   189661 8782       3       java.io.WinNTFileSystem::resolve (275 bytes)

VM state: not at safepoint (normal execution)

VM Mutex/Monitor currently owned by a thread: None

Heap address: 0x0000000080000000, size: 2048 MB, Compressed Oops mode: 32-bit

CDS archive(s) mapped at: [0x0000000800000000-0x0000000800bd0000-0x0000000800bd0000), size 12386304, SharedBaseAddress: 0x0000000800000000, ArchiveRelocationMode: 0.
Compressed class space mapped at: 0x0000000800c00000-0x000000081a800000, reserved size: 432013312
Narrow klass base: 0x0000000800000000, Narrow klass shift: 0, Narrow klass range: 0x100000000

GC Precious Log:
 CPUs: 4 total, 4 available
 Memory: 16263M
 Large Page Support: Disabled
 NUMA Support: Disabled
 Compressed Oops: Enabled (32-bit)
 Heap Region Size: 1M
 Heap Min Capacity: 8M
 Heap Initial Capacity: 256M
 Heap Max Capacity: 2G
 Pre-touch: Disabled
 Parallel Workers: 4
 Concurrent Workers: 1
 Concurrent Refinement Workers: 4
 Periodic GC: Disabled

Heap:
 garbage-first heap   total 111616K, used 79243K [0x0000000080000000, 0x0000000100000000)
  region size 1024K, 20 young (20480K), 1 survivors (1024K)
 Metaspace       used 59726K, committed 60416K, reserved 479232K
  class space    used 8261K, committed 8576K, reserved 421888K

Heap Regions: E=young(eden), S=young(survivor), O=old, HS=humongous(starts), HC=humongous(continues), CS=collection set, F=free, OA=open archive, CA=closed archive, TAMS=top-at-mark-start (previous, next)
|   0|0x0000000080000000, 0x0000000080100000, 0x0000000080100000|100%|HS|  |TAMS 0x0000000080100000, 0x0000000080000000| Complete 
|   1|0x0000000080100000, 0x0000000080200000, 0x0000000080200000|100%|HC|  |TAMS 0x0000000080200000, 0x0000000080100000| Complete 
|   2|0x0000000080200000, 0x0000000080300000, 0x0000000080300000|100%|HC|  |TAMS 0x0000000080300000, 0x0000000080200000| Complete 
|   3|0x0000000080300000, 0x0000000080400000, 0x0000000080400000|100%| O|  |TAMS 0x0000000080400000, 0x0000000080300000| Untracked 
|   4|0x0000000080400000, 0x0000000080500000, 0x0000000080500000|100%| O|  |TAMS 0x0000000080500000, 0x0000000080400000| Untracked 
|   5|0x0000000080500000, 0x0000000080600000, 0x0000000080600000|100%| O|  |TAMS 0x0000000080600000, 0x0000000080500000| Untracked 
|   6|0x0000000080600000, 0x0000000080700000, 0x0000000080700000|100%| O|  |TAMS 0x0000000080700000, 0x0000000080600000| Untracked 
|   7|0x0000000080700000, 0x0000000080800000, 0x0000000080800000|100%| O|  |TAMS 0x0000000080800000, 0x0000000080700000| Untracked 
|   8|0x0000000080800000, 0x0000000080900000, 0x0000000080900000|100%| O|  |TAMS 0x0000000080900000, 0x0000000080800000| Untracked 
|   9|0x0000000080900000, 0x0000000080a00000, 0x0000000080a00000|100%| O|  |TAMS 0x0000000080a00000, 0x0000000080900000| Untracked 
|  10|0x0000000080a00000, 0x0000000080ab0400, 0x0000000080b00000| 68%| O|  |TAMS 0x0000000080ab0400, 0x0000000080a00000| Untracked 
|  11|0x0000000080b00000, 0x0000000080c00000, 0x0000000080c00000|100%| O|  |TAMS 0x0000000080c00000, 0x0000000080b00000| Untracked 
|  12|0x0000000080c00000, 0x0000000080d00000, 0x0000000080d00000|100%| O|  |TAMS 0x0000000080d00000, 0x0000000080c00000| Untracked 
|  13|0x0000000080d00000, 0x0000000080e00000, 0x0000000080e00000|100%| O|  |TAMS 0x0000000080e00000, 0x0000000080d00000| Untracked 
|  14|0x0000000080e00000, 0x0000000080f00000, 0x0000000080f00000|100%| O|  |TAMS 0x0000000080f00000, 0x0000000080e00000| Untracked 
|  15|0x0000000080f00000, 0x0000000081000000, 0x0000000081000000|100%| O|  |TAMS 0x0000000081000000, 0x0000000080f00000| Untracked 
|  16|0x0000000081000000, 0x0000000081100000, 0x0000000081100000|100%| O|  |TAMS 0x0000000081100000, 0x0000000081000000| Untracked 
|  17|0x0000000081100000, 0x0000000081200000, 0x0000000081200000|100%| O|  |TAMS 0x0000000081200000, 0x0000000081100000| Untracked 
|  18|0x0000000081200000, 0x0000000081300000, 0x0000000081300000|100%| O|  |TAMS 0x0000000081300000, 0x0000000081200000| Untracked 
|  19|0x0000000081300000, 0x0000000081400000, 0x0000000081400000|100%| O|  |TAMS 0x0000000081400000, 0x0000000081300000| Untracked 
|  20|0x0000000081400000, 0x0000000081500000, 0x0000000081500000|100%| O|  |TAMS 0x0000000081500000, 0x0000000081400000| Untracked 
|  21|0x0000000081500000, 0x0000000081600000, 0x0000000081600000|100%| O|  |TAMS 0x0000000081600000, 0x0000000081500000| Untracked 
|  22|0x0000000081600000, 0x0000000081700000, 0x0000000081700000|100%| O|  |TAMS 0x0000000081700000, 0x0000000081600000| Untracked 
|  23|0x0000000081700000, 0x0000000081800000, 0x0000000081800000|100%| O|  |TAMS 0x0000000081800000, 0x0000000081700000| Untracked 
|  24|0x0000000081800000, 0x0000000081900000, 0x0000000081900000|100%| O|  |TAMS 0x0000000081900000, 0x0000000081800000| Untracked 
|  25|0x0000000081900000, 0x0000000081a00000, 0x0000000081a00000|100%| O|  |TAMS 0x0000000081a00000, 0x0000000081900000| Untracked 
|  26|0x0000000081a00000, 0x0000000081b00000, 0x0000000081b00000|100%| O|  |TAMS 0x0000000081b00000, 0x0000000081a00000| Untracked 
|  27|0x0000000081b00000, 0x0000000081c00000, 0x0000000081c00000|100%| O|  |TAMS 0x0000000081c00000, 0x0000000081b00000| Untracked 
|  28|0x0000000081c00000, 0x0000000081d00000, 0x0000000081d00000|100%| O|  |TAMS 0x0000000081d00000, 0x0000000081c00000| Untracked 
|  29|0x0000000081d00000, 0x0000000081e00000, 0x0000000081e00000|100%| O|  |TAMS 0x0000000081e00000, 0x0000000081d00000| Untracked 
|  30|0x0000000081e00000, 0x0000000081f00000, 0x0000000081f00000|100%| O|  |TAMS 0x0000000081f00000, 0x0000000081e00000| Untracked 
|  31|0x0000000081f00000, 0x0000000082000000, 0x0000000082000000|100%| O|  |TAMS 0x0000000082000000, 0x0000000081f00000| Untracked 
|  32|0x0000000082000000, 0x0000000082100000, 0x0000000082100000|100%| O|  |TAMS 0x0000000082100000, 0x0000000082000000| Untracked 
|  33|0x0000000082100000, 0x0000000082200000, 0x0000000082200000|100%| O|  |TAMS 0x0000000082200000, 0x0000000082100000| Untracked 
|  34|0x0000000082200000, 0x0000000082300000, 0x0000000082300000|100%|HS|  |TAMS 0x0000000082300000, 0x0000000082200000| Complete 
|  35|0x0000000082300000, 0x0000000082400000, 0x0000000082400000|100%|HS|  |TAMS 0x0000000082300000, 0x0000000082300000| Complete 
|  36|0x0000000082400000, 0x0000000082500000, 0x0000000082500000|100%| O|  |TAMS 0x0000000082500000, 0x0000000082400000| Untracked 
|  37|0x0000000082500000, 0x0000000082600000, 0x0000000082600000|100%|HS|  |TAMS 0x0000000082600000, 0x0000000082500000| Complete 
|  38|0x0000000082600000, 0x0000000082700000, 0x0000000082700000|100%|HC|  |TAMS 0x0000000082700000, 0x0000000082600000| Complete 
|  39|0x0000000082700000, 0x0000000082800000, 0x0000000082800000|100%|HC|  |TAMS 0x0000000082800000, 0x0000000082700000| Complete 
|  40|0x0000000082800000, 0x0000000082900000, 0x0000000082900000|100%| O|  |TAMS 0x0000000082900000, 0x0000000082800000| Untracked 
|  41|0x0000000082900000, 0x0000000082a00000, 0x0000000082a00000|100%| O|  |TAMS 0x0000000082a00000, 0x0000000082900000| Untracked 
|  42|0x0000000082a00000, 0x0000000082b00000, 0x0000000082b00000|100%| O|  |TAMS 0x0000000082b00000, 0x0000000082a00000| Untracked 
|  43|0x0000000082b00000, 0x0000000082c00000, 0x0000000082c00000|100%| O|  |TAMS 0x0000000082c00000, 0x0000000082b00000| Untracked 
|  44|0x0000000082c00000, 0x0000000082d00000, 0x0000000082d00000|100%| O|  |TAMS 0x0000000082d00000, 0x0000000082c00000| Untracked 
|  45|0x0000000082d00000, 0x0000000082e00000, 0x0000000082e00000|100%| O|  |TAMS 0x0000000082e00000, 0x0000000082d00000| Untracked 
|  46|0x0000000082e00000, 0x0000000082f00000, 0x0000000082f00000|100%| O|  |TAMS 0x0000000082f00000, 0x0000000082e00000| Untracked 
|  47|0x0000000082f00000, 0x0000000083000000, 0x0000000083000000|100%| O|  |TAMS 0x0000000083000000, 0x0000000082f00000| Untracked 
|  48|0x0000000083000000, 0x0000000083100000, 0x0000000083100000|100%| O|  |TAMS 0x0000000083100000, 0x0000000083000000| Untracked 
|  49|0x0000000083100000, 0x0000000083200000, 0x0000000083200000|100%| O|  |TAMS 0x0000000083200000, 0x0000000083100000| Complete 
|  50|0x0000000083200000, 0x0000000083300000, 0x0000000083300000|100%| O|  |TAMS 0x0000000083300000, 0x0000000083200000| Untracked 
|  51|0x0000000083300000, 0x0000000083400000, 0x0000000083400000|100%| O|  |TAMS 0x0000000083400000, 0x0000000083300000| Untracked 
|  52|0x0000000083400000, 0x0000000083500000, 0x0000000083500000|100%| O|  |TAMS 0x0000000083500000, 0x0000000083400000| Untracked 
|  53|0x0000000083500000, 0x0000000083600000, 0x0000000083600000|100%| O|  |TAMS 0x0000000083600000, 0x0000000083500000| Untracked 
|  54|0x0000000083600000, 0x0000000083700000, 0x0000000083700000|100%| O|  |TAMS 0x0000000083700000, 0x0000000083600000| Untracked 
|  55|0x0000000083700000, 0x0000000083800000, 0x0000000083800000|100%| O|  |TAMS 0x0000000083800000, 0x0000000083700000| Untracked 
|  56|0x0000000083800000, 0x0000000083800000, 0x0000000083900000|  0%| F|  |TAMS 0x0000000083800000, 0x0000000083800000| Untracked 
|  57|0x0000000083900000, 0x0000000083a00000, 0x0000000083a00000|100%|HS|  |TAMS 0x0000000083900000, 0x0000000083900000| Complete 
|  58|0x0000000083a00000, 0x0000000083b00000, 0x0000000083b00000|100%|HS|  |TAMS 0x0000000083a00000, 0x0000000083a00000| Complete 
|  59|0x0000000083b00000, 0x0000000083c00000, 0x0000000083c00000|100%|HS|  |TAMS 0x0000000083b00000, 0x0000000083b00000| Complete 
|  60|0x0000000083c00000, 0x0000000083d00000, 0x0000000083d00000|100%|HC|  |TAMS 0x0000000083c00000, 0x0000000083c00000| Complete 
|  61|0x0000000083d00000, 0x0000000083d00000, 0x0000000083e00000|  0%| F|  |TAMS 0x0000000083d00000, 0x0000000083d00000| Untracked 
|  62|0x0000000083e00000, 0x0000000083e00000, 0x0000000083f00000|  0%| F|  |TAMS 0x0000000083e00000, 0x0000000083e00000| Untracked 
|  63|0x0000000083f00000, 0x0000000083f00000, 0x0000000084000000|  0%| F|  |TAMS 0x0000000083f00000, 0x0000000083f00000| Untracked 
|  64|0x0000000084000000, 0x0000000084000000, 0x0000000084100000|  0%| F|  |TAMS 0x0000000084000000, 0x0000000084000000| Untracked 
|  65|0x0000000084100000, 0x0000000084100000, 0x0000000084200000|  0%| F|  |TAMS 0x0000000084100000, 0x0000000084100000| Untracked 
|  66|0x0000000084200000, 0x0000000084200000, 0x0000000084300000|  0%| F|  |TAMS 0x0000000084200000, 0x0000000084200000| Untracked 
|  67|0x0000000084300000, 0x0000000084300000, 0x0000000084400000|  0%| F|  |TAMS 0x0000000084300000, 0x0000000084300000| Untracked 
|  68|0x0000000084400000, 0x0000000084400000, 0x0000000084500000|  0%| F|  |TAMS 0x0000000084400000, 0x0000000084400000| Untracked 
|  69|0x0000000084500000, 0x0000000084500000, 0x0000000084600000|  0%| F|  |TAMS 0x0000000084500000, 0x0000000084500000| Untracked 
|  70|0x0000000084600000, 0x0000000084600000, 0x0000000084700000|  0%| F|  |TAMS 0x0000000084600000, 0x0000000084600000| Untracked 
|  71|0x0000000084700000, 0x0000000084700000, 0x0000000084800000|  0%| F|  |TAMS 0x0000000084700000, 0x0000000084700000| Untracked 
|  72|0x0000000084800000, 0x0000000084800000, 0x0000000084900000|  0%| F|  |TAMS 0x0000000084800000, 0x0000000084800000| Untracked 
|  73|0x0000000084900000, 0x0000000084900000, 0x0000000084a00000|  0%| F|  |TAMS 0x0000000084900000, 0x0000000084900000| Untracked 
|  74|0x0000000084a00000, 0x0000000084a00000, 0x0000000084b00000|  0%| F|  |TAMS 0x0000000084a00000, 0x0000000084a00000| Untracked 
|  75|0x0000000084b00000, 0x0000000084b00000, 0x0000000084c00000|  0%| F|  |TAMS 0x0000000084b00000, 0x0000000084b00000| Untracked 
|  76|0x0000000084c00000, 0x0000000084c00000, 0x0000000084d00000|  0%| F|  |TAMS 0x0000000084c00000, 0x0000000084c00000| Untracked 
|  77|0x0000000084d00000, 0x0000000084db2ae8, 0x0000000084e00000| 69%| S|CS|TAMS 0x0000000084d00000, 0x0000000084d00000| Complete 
|  78|0x0000000084e00000, 0x0000000084e00000, 0x0000000084f00000|  0%| F|  |TAMS 0x0000000084e00000, 0x0000000084e00000| Untracked 
|  79|0x0000000084f00000, 0x0000000084f00000, 0x0000000085000000|  0%| F|  |TAMS 0x0000000084f00000, 0x0000000084f00000| Untracked 
|  80|0x0000000085000000, 0x0000000085000000, 0x0000000085100000|  0%| F|  |TAMS 0x0000000085000000, 0x0000000085000000| Untracked 
|  81|0x0000000085100000, 0x0000000085100000, 0x0000000085200000|  0%| F|  |TAMS 0x0000000085100000, 0x0000000085100000| Untracked 
|  82|0x0000000085200000, 0x0000000085200000, 0x0000000085300000|  0%| F|  |TAMS 0x0000000085200000, 0x0000000085200000| Untracked 
|  83|0x0000000085300000, 0x0000000085300000, 0x0000000085400000|  0%| F|  |TAMS 0x0000000085300000, 0x0000000085300000| Untracked 
|  84|0x0000000085400000, 0x0000000085400000, 0x0000000085500000|  0%| F|  |TAMS 0x0000000085400000, 0x0000000085400000| Untracked 
|  85|0x0000000085500000, 0x0000000085500000, 0x0000000085600000|  0%| F|  |TAMS 0x0000000085500000, 0x0000000085500000| Untracked 
|  86|0x0000000085600000, 0x0000000085600000, 0x0000000085700000|  0%| F|  |TAMS 0x0000000085600000, 0x0000000085600000| Untracked 
|  87|0x0000000085700000, 0x0000000085700000, 0x0000000085800000|  0%| F|  |TAMS 0x0000000085700000, 0x0000000085700000| Untracked 
|  88|0x0000000085800000, 0x0000000085800000, 0x0000000085900000|  0%| F|  |TAMS 0x0000000085800000, 0x0000000085800000| Untracked 
|  89|0x0000000085900000, 0x0000000085900000, 0x0000000085a00000|  0%| F|  |TAMS 0x0000000085900000, 0x0000000085900000| Untracked 
|  90|0x0000000085a00000, 0x0000000085a58da0, 0x0000000085b00000| 34%| E|  |TAMS 0x0000000085a00000, 0x0000000085a00000| Complete 
|  91|0x0000000085b00000, 0x0000000085c00000, 0x0000000085c00000|100%| E|CS|TAMS 0x0000000085b00000, 0x0000000085b00000| Complete 
|  92|0x0000000085c00000, 0x0000000085d00000, 0x0000000085d00000|100%| E|CS|TAMS 0x0000000085c00000, 0x0000000085c00000| Complete 
|  93|0x0000000085d00000, 0x0000000085e00000, 0x0000000085e00000|100%| E|CS|TAMS 0x0000000085d00000, 0x0000000085d00000| Complete 
|  94|0x0000000085e00000, 0x0000000085f00000, 0x0000000085f00000|100%| E|CS|TAMS 0x0000000085e00000, 0x0000000085e00000| Complete 
|  95|0x0000000085f00000, 0x0000000086000000, 0x0000000086000000|100%| E|CS|TAMS 0x0000000085f00000, 0x0000000085f00000| Complete 
|  96|0x0000000086000000, 0x0000000086100000, 0x0000000086100000|100%| E|CS|TAMS 0x0000000086000000, 0x0000000086000000| Complete 
| 143|0x0000000088f00000, 0x0000000089000000, 0x0000000089000000|100%| E|CS|TAMS 0x0000000088f00000, 0x0000000088f00000| Complete 
| 144|0x0000000089000000, 0x0000000089100000, 0x0000000089100000|100%| E|CS|TAMS 0x0000000089000000, 0x0000000089000000| Complete 
| 145|0x0000000089100000, 0x0000000089200000, 0x0000000089200000|100%| E|CS|TAMS 0x0000000089100000, 0x0000000089100000| Complete 
| 146|0x0000000089200000, 0x0000000089300000, 0x0000000089300000|100%| E|CS|TAMS 0x0000000089200000, 0x0000000089200000| Complete 
| 147|0x0000000089300000, 0x0000000089400000, 0x0000000089400000|100%| E|CS|TAMS 0x0000000089300000, 0x0000000089300000| Complete 
| 148|0x0000000089400000, 0x0000000089500000, 0x0000000089500000|100%| E|CS|TAMS 0x0000000089400000, 0x0000000089400000| Complete 
| 149|0x0000000089500000, 0x0000000089600000, 0x0000000089600000|100%| E|CS|TAMS 0x0000000089500000, 0x0000000089500000| Complete 
| 150|0x0000000089600000, 0x0000000089700000, 0x0000000089700000|100%| E|  |TAMS 0x0000000089600000, 0x0000000089600000| Complete 
| 151|0x0000000089700000, 0x0000000089800000, 0x0000000089800000|100%| E|CS|TAMS 0x0000000089700000, 0x0000000089700000| Complete 
| 152|0x0000000089800000, 0x0000000089900000, 0x0000000089900000|100%| E|CS|TAMS 0x0000000089800000, 0x0000000089800000| Complete 
| 153|0x0000000089900000, 0x0000000089a00000, 0x0000000089a00000|100%| E|CS|TAMS 0x0000000089900000, 0x0000000089900000| Complete 
| 255|0x000000008ff00000, 0x0000000090000000, 0x0000000090000000|100%| E|CS|TAMS 0x000000008ff00000, 0x000000008ff00000| Complete 

Card table byte_map: [0x000002b46d300000,0x000002b46d700000] _byte_map_base: 0x000002b46cf00000

Marking Bits (Prev, Next): (CMBitMap*) 0x000002b4566d12d0, (CMBitMap*) 0x000002b4566d1310
 Prev Bits: [0x000002b46db00000, 0x000002b46fb00000)
 Next Bits: [0x000002b46fb00000, 0x000002b471b00000)

Polling page: 0x000002b454640000

Metaspace:

Usage:
  Non-class:     50.26 MB used.
      Class:      8.07 MB used.
       Both:     58.33 MB used.

Virtual space:
  Non-class space:       56.00 MB reserved,      50.62 MB ( 90%) committed,  7 nodes.
      Class space:      412.00 MB reserved,       8.38 MB (  2%) committed,  1 nodes.
             Both:      468.00 MB reserved,      59.00 MB ( 13%) committed. 

Chunk freelists:
   Non-Class:  1.28 MB
       Class:  3.46 MB
        Both:  4.74 MB

MaxMetaspaceSize: 512.00 MB
CompressedClassSpaceSize: 412.00 MB
Initial GC threshold: 21.00 MB
Current GC threshold: 97.75 MB
CDS: on
MetaspaceReclaimPolicy: balanced
 - commit_granule_bytes: 65536.
 - commit_granule_words: 8192.
 - virtual_space_node_default_size: 1048576.
 - enlarge_chunks_in_place: 1.
 - new_chunks_are_fully_committed: 0.
 - uncommit_free_chunks: 1.
 - use_allocation_guard: 0.
 - handle_deallocations: 1.


Internal statistics:

num_allocs_failed_limit: 6.
num_arena_births: 816.
num_arena_deaths: 0.
num_vsnodes_births: 8.
num_vsnodes_deaths: 0.
num_space_committed: 944.
num_space_uncommitted: 0.
num_chunks_returned_to_freelist: 6.
num_chunks_taken_from_freelist: 3215.
num_chunk_merges: 6.
num_chunk_splits: 2118.
num_chunks_enlarged: 1395.
num_purges: 0.
num_inconsistent_stats: 0.

CodeHeap 'non-profiled nmethods': size=120000Kb used=4599Kb max_used=4599Kb free=115400Kb
 bounds [0x000002b4659d0000, 0x000002b465e50000, 0x000002b46cf00000]
CodeHeap 'profiled nmethods': size=120000Kb used=15909Kb max_used=15909Kb free=104090Kb
 bounds [0x000002b45df00000, 0x000002b45ee90000, 0x000002b465430000]
CodeHeap 'non-nmethods': size=5760Kb used=2358Kb max_used=2437Kb free=3401Kb
 bounds [0x000002b465430000, 0x000002b4656b0000, 0x000002b4659d0000]
 total_blobs=8840 nmethods=7953 adapters=799
 compilation: enabled
              stopped_count=0, restarted_count=0
 full_count=0

Compilation events (20 events):
Event: 189.587 Thread 0x000002b474c297e0 nmethod 8769 0x000002b45ee80790 code [0x000002b45ee809a0, 0x000002b45ee81488]
Event: 189.587 Thread 0x000002b474c297e0 8770       3       java.lang.ClassValue$ClassValueMap::overwrittenEntry (28 bytes)
Event: 189.587 Thread 0x000002b474c297e0 nmethod 8770 0x000002b45ee81790 code [0x000002b45ee81980, 0x000002b45ee82128]
Event: 189.587 Thread 0x000002b474c297e0 8771       3       java.lang.ClassValue$ClassValueMap::sizeCache (51 bytes)
Event: 189.587 Thread 0x000002b474c297e0 nmethod 8771 0x000002b45ee82310 code [0x000002b45ee824e0, 0x000002b45ee82738]
Event: 189.590 Thread 0x000002b474c297e0 8776       3       java.util.Arrays$ArrayList::indexOf (62 bytes)
Event: 189.590 Thread 0x000002b474c297e0 nmethod 8776 0x000002b45ee82810 code [0x000002b45ee829e0, 0x000002b45ee82e68]
Event: 189.590 Thread 0x000002b474c297e0 8775       3       java.util.Arrays$ArrayList::contains (14 bytes)
Event: 189.590 Thread 0x000002b474c297e0 nmethod 8775 0x000002b45ee83010 code [0x000002b45ee831c0, 0x000002b45ee83368]
Event: 189.597 Thread 0x000002b474c297e0 8777       3       java.beans.Introspector::getTargetMethodInfo (250 bytes)
Event: 189.599 Thread 0x000002b474c297e0 nmethod 8777 0x000002b45ee83410 code [0x000002b45ee837a0, 0x000002b45ee84ff8]
Event: 189.606 Thread 0x000002b474c297e0 8778       3       org.gradle.api.internal.file.AbstractBaseDirFileResolver::doResolve (114 bytes)
Event: 189.609 Thread 0x000002b474c297e0 nmethod 8778 0x000002b45ee85790 code [0x000002b45ee85c20, 0x000002b45ee87f48]
Event: 189.609 Thread 0x000002b474c297e0 8779       3       groovy.lang.MetaClassImpl::canAccessLegally (23 bytes)
Event: 189.609 Thread 0x000002b474c297e0 nmethod 8779 0x000002b45ee88a10 code [0x000002b45ee88be0, 0x000002b45ee89008]
Event: 189.613 Thread 0x000002b474c297e0 8780       1       org.gradle.api.internal.project.DefaultProject::getTasks (5 bytes)
Event: 189.613 Thread 0x000002b474c297e0 nmethod 8780 0x000002b465e4da10 code [0x000002b465e4dba0, 0x000002b465e4dc78]
Event: 189.613 Thread 0x000002b474c297e0 8781       3       org.gradle.model.internal.type.ClassTypeWrapper::getRawClass (5 bytes)
Event: 189.613 Thread 0x000002b474c297e0 nmethod 8781 0x000002b45ee89190 code [0x000002b45ee89340, 0x000002b45ee89678]
Event: 189.614 Thread 0x000002b474c297e0 8782       3       java.io.WinNTFileSystem::resolve (275 bytes)

GC Heap History (20 events):
Event: 124.647 GC heap before
{Heap before GC invocations=21 (full 0):
 garbage-first heap   total 78848K, used 61239K [0x0000000080000000, 0x0000000100000000)
  region size 1024K, 19 young (19456K), 2 survivors (2048K)
 Metaspace       used 49278K, committed 49856K, reserved 471040K
  class space    used 6862K, committed 7104K, reserved 421888K
}
Event: 124.651 GC heap after
{Heap after GC invocations=22 (full 0):
 garbage-first heap   total 78848K, used 45669K [0x0000000080000000, 0x0000000100000000)
  region size 1024K, 3 young (3072K), 3 survivors (3072K)
 Metaspace       used 49278K, committed 49856K, reserved 471040K
  class space    used 6862K, committed 7104K, reserved 421888K
}
Event: 126.422 GC heap before
{Heap before GC invocations=23 (full 0):
 garbage-first heap   total 80896K, used 62053K [0x0000000080000000, 0x0000000100000000)
  region size 1024K, 20 young (20480K), 3 survivors (3072K)
 Metaspace       used 51360K, committed 51904K, reserved 471040K
  class space    used 7123K, committed 7360K, reserved 421888K
}
Event: 126.427 GC heap after
{Heap after GC invocations=24 (full 0):
 garbage-first heap   total 80896K, used 47111K [0x0000000080000000, 0x0000000100000000)
  region size 1024K, 3 young (3072K), 3 survivors (3072K)
 Metaspace       used 51360K, committed 51904K, reserved 471040K
  class space    used 7123K, committed 7360K, reserved 421888K
}
Event: 129.054 GC heap before
{Heap before GC invocations=24 (full 0):
 garbage-first heap   total 80896K, used 65543K [0x0000000080000000, 0x0000000100000000)
  region size 1024K, 21 young (21504K), 3 survivors (3072K)
 Metaspace       used 52560K, committed 53120K, reserved 471040K
  class space    used 7272K, committed 7488K, reserved 421888K
}
Event: 129.057 GC heap after
{Heap after GC invocations=25 (full 0):
 garbage-first heap   total 80896K, used 47090K [0x0000000080000000, 0x0000000100000000)
  region size 1024K, 2 young (2048K), 2 survivors (2048K)
 Metaspace       used 52560K, committed 53120K, reserved 471040K
  class space    used 7272K, committed 7488K, reserved 421888K
}
Event: 131.194 GC heap before
{Heap before GC invocations=26 (full 0):
 garbage-first heap   total 81920K, used 65522K [0x0000000080000000, 0x0000000100000000)
  region size 1024K, 20 young (20480K), 2 survivors (2048K)
 Metaspace       used 53856K, committed 54400K, reserved 471040K
  class space    used 7455K, committed 7680K, reserved 421888K
}
Event: 131.199 GC heap after
{Heap after GC invocations=27 (full 0):
 garbage-first heap   total 81920K, used 48731K [0x0000000080000000, 0x0000000100000000)
  region size 1024K, 3 young (3072K), 3 survivors (3072K)
 Metaspace       used 53856K, committed 54400K, reserved 471040K
  class space    used 7455K, committed 7680K, reserved 421888K
}
Event: 132.583 GC heap before
{Heap before GC invocations=27 (full 0):
 garbage-first heap   total 81920K, used 67163K [0x0000000080000000, 0x0000000100000000)
  region size 1024K, 21 young (21504K), 3 survivors (3072K)
 Metaspace       used 54904K, committed 55552K, reserved 471040K
  class space    used 7598K, committed 7872K, reserved 421888K
}
Event: 132.589 GC heap after
{Heap after GC invocations=28 (full 0):
 garbage-first heap   total 81920K, used 51162K [0x0000000080000000, 0x0000000100000000)
  region size 1024K, 3 young (3072K), 3 survivors (3072K)
 Metaspace       used 54904K, committed 55552K, reserved 471040K
  class space    used 7598K, committed 7872K, reserved 421888K
}
Event: 136.418 GC heap before
{Heap before GC invocations=29 (full 0):
 garbage-first heap   total 89088K, used 66522K [0x0000000080000000, 0x0000000100000000)
  region size 1024K, 19 young (19456K), 3 survivors (3072K)
 Metaspace       used 56371K, committed 57024K, reserved 479232K
  class space    used 7843K, committed 8192K, reserved 421888K
}
Event: 136.426 GC heap after
{Heap after GC invocations=30 (full 0):
 garbage-first heap   total 89088K, used 52866K [0x0000000080000000, 0x0000000100000000)
  region size 1024K, 2 young (2048K), 2 survivors (2048K)
 Metaspace       used 56371K, committed 57024K, reserved 479232K
  class space    used 7843K, committed 8192K, reserved 421888K
}
Event: 137.998 GC heap before
{Heap before GC invocations=30 (full 0):
 garbage-first heap   total 89088K, used 71298K [0x0000000080000000, 0x0000000100000000)
  region size 1024K, 21 young (21504K), 2 survivors (2048K)
 Metaspace       used 58217K, committed 58880K, reserved 479232K
  class space    used 8051K, committed 8384K, reserved 421888K
}
Event: 138.004 GC heap after
{Heap after GC invocations=31 (full 0):
 garbage-first heap   total 89088K, used 55127K [0x0000000080000000, 0x0000000100000000)
  region size 1024K, 3 young (3072K), 3 survivors (3072K)
 Metaspace       used 58217K, committed 58880K, reserved 479232K
  class space    used 8051K, committed 8384K, reserved 421888K
}
Event: 141.279 GC heap before
{Heap before GC invocations=32 (full 0):
 garbage-first heap   total 96256K, used 72535K [0x0000000080000000, 0x0000000100000000)
  region size 1024K, 20 young (20480K), 3 survivors (3072K)
 Metaspace       used 59315K, committed 59968K, reserved 479232K
  class space    used 8210K, committed 8512K, reserved 421888K
}
Event: 141.285 GC heap after
{Heap after GC invocations=33 (full 0):
 garbage-first heap   total 96256K, used 56994K [0x0000000080000000, 0x0000000100000000)
  region size 1024K, 2 young (2048K), 2 survivors (2048K)
 Metaspace       used 59315K, committed 59968K, reserved 479232K
  class space    used 8210K, committed 8512K, reserved 421888K
}
Event: 141.300 GC heap before
{Heap before GC invocations=33 (full 0):
 garbage-first heap   total 96256K, used 58018K [0x0000000080000000, 0x0000000100000000)
  region size 1024K, 4 young (4096K), 2 survivors (2048K)
 Metaspace       used 59327K, committed 59968K, reserved 479232K
  class space    used 8210K, committed 8512K, reserved 421888K
}
Event: 141.304 GC heap after
{Heap after GC invocations=34 (full 0):
 garbage-first heap   total 96256K, used 56393K [0x0000000080000000, 0x0000000100000000)
  region size 1024K, 1 young (1024K), 1 survivors (1024K)
 Metaspace       used 59327K, committed 59968K, reserved 479232K
  class space    used 8210K, committed 8512K, reserved 421888K
}
Event: 144.536 GC heap before
{Heap before GC invocations=34 (full 0):
 garbage-first heap   total 96256K, used 70729K [0x0000000080000000, 0x0000000100000000)
  region size 1024K, 16 young (16384K), 1 survivors (1024K)
 Metaspace       used 59413K, committed 60032K, reserved 479232K
  class space    used 8215K, committed 8512K, reserved 421888K
}
Event: 144.538 GC heap after
{Heap after GC invocations=35 (full 0):
 garbage-first heap   total 96256K, used 56830K [0x0000000080000000, 0x0000000100000000)
  region size 1024K, 1 young (1024K), 1 survivors (1024K)
 Metaspace       used 59413K, committed 60032K, reserved 479232K
  class space    used 8215K, committed 8512K, reserved 421888K
}

Deoptimization events (20 events):
Event: 141.694 Thread 0x000002b4761cfee0 DEOPT PACKING pc=0x000002b45df85ef3 sp=0x000000e66d8f9810
Event: 141.694 Thread 0x000002b4761cfee0 DEOPT UNPACKING pc=0x000002b465482b43 sp=0x000000e66d8f8d48 mode 0
Event: 141.697 Thread 0x000002b4761cfee0 DEOPT PACKING pc=0x000002b45e94a359 sp=0x000000e66d8f9790
Event: 141.697 Thread 0x000002b4761cfee0 DEOPT UNPACKING pc=0x000002b465482b43 sp=0x000000e66d8f8c88 mode 0
Event: 144.522 Thread 0x000002b4761cfee0 Uncommon trap: trap_request=0xffffffc6 fr.pc=0x000002b465bcc39c relative=0x0000000000003dbc
Event: 144.522 Thread 0x000002b4761cfee0 Uncommon trap: reason=bimorphic_or_optimized_type_check action=maybe_recompile pc=0x000002b465bcc39c method=java.util.AbstractCollection.addAll(Ljava/util/Collection;)Z @ 29 c2
Event: 144.522 Thread 0x000002b4761cfee0 DEOPT PACKING pc=0x000002b465bcc39c sp=0x000000e66d8f9090
Event: 144.522 Thread 0x000002b4761cfee0 DEOPT UNPACKING pc=0x000002b4654823a3 sp=0x000000e66d8f9080 mode 2
Event: 144.523 Thread 0x000002b4761cfee0 DEOPT PACKING pc=0x000002b45ed824a7 sp=0x000000e66d8f8c10
Event: 144.523 Thread 0x000002b4761cfee0 DEOPT UNPACKING pc=0x000002b465482b43 sp=0x000000e66d8f80d8 mode 0
Event: 189.574 Thread 0x000002b4761cfee0 Uncommon trap: trap_request=0xffffff45 fr.pc=0x000002b465d69950 relative=0x0000000000000f10
Event: 189.574 Thread 0x000002b4761cfee0 Uncommon trap: reason=unstable_if action=reinterpret pc=0x000002b465d69950 method=java.io.WinNTFileSystem.resolve(Ljava/lang/String;Ljava/lang/String;)Ljava/lang/String; @ 156 c2
Event: 189.574 Thread 0x000002b4761cfee0 DEOPT PACKING pc=0x000002b465d69950 sp=0x000000e66d8f32a0
Event: 189.574 Thread 0x000002b4761cfee0 DEOPT UNPACKING pc=0x000002b4654823a3 sp=0x000000e66d8f3278 mode 2
Event: 189.574 Thread 0x000002b4761cfee0 Uncommon trap: trap_request=0xffffff45 fr.pc=0x000002b465a13d38 relative=0x00000000000002f8
Event: 189.574 Thread 0x000002b4761cfee0 Uncommon trap: reason=unstable_if action=reinterpret pc=0x000002b465a13d38 method=java.io.WinNTFileSystem.prefixLength(Ljava/lang/String;)I @ 42 c2
Event: 189.574 Thread 0x000002b4761cfee0 DEOPT PACKING pc=0x000002b465a13d38 sp=0x000000e66d8f3310
Event: 189.574 Thread 0x000002b4761cfee0 DEOPT UNPACKING pc=0x000002b4654823a3 sp=0x000000e66d8f3298 mode 2
Event: 189.589 Thread 0x000002b4761cfee0 DEOPT PACKING pc=0x000002b45e00a96e sp=0x000000e66d8f6f20
Event: 189.589 Thread 0x000002b4761cfee0 DEOPT UNPACKING pc=0x000002b465482b43 sp=0x000000e66d8f63d0 mode 0

Classes unloaded (0 events):
No events

Classes redefined (0 events):
No events

Internal exceptions (20 events):
Event: 144.938 Thread 0x000002b4761cfee0 Exception <a 'java/lang/ClassNotFoundException'{0x0000000088f1ca60}: org/gradle/api/internal/artifacts/repositories/AbstractResolutionAwareArtifactRepositoryCustomizer> (0x0000000088f1ca60) 
thrown [s\open\src\hotspot\share\classfile\systemDictionary.cpp, line 256]
Event: 144.943 Thread 0x000002b4761cfee0 Exception <a 'java/lang/ClassNotFoundException'{0x0000000088f45250}: org/gradle/api/internal/artifacts/repositories/AbstractAuthenticationSupportedRepositoryCustomizer> (0x0000000088f45250) 
thrown [s\open\src\hotspot\share\classfile\systemDictionary.cpp, line 256]
Event: 144.946 Thread 0x000002b4761cfee0 Exception <a 'java/lang/ClassNotFoundException'{0x0000000088f75ba0}: org/gradle/api/internal/artifacts/repositories/DefaultMavenArtifactRepositoryCustomizer> (0x0000000088f75ba0) 
thrown [s\open\src\hotspot\share\classfile\systemDictionary.cpp, line 256]
Event: 144.950 Thread 0x000002b4761cfee0 Exception <a 'java/lang/ClassNotFoundException'{0x0000000088fac8e0}: org/gradle/api/internal/artifacts/repositories/DefaultMavenArtifactRepository_DecoratedCustomizer> (0x0000000088fac8e0) 
thrown [s\open\src\hotspot\share\classfile\systemDictionary.cpp, line 256]
Event: 150.365 Thread 0x000002b4761cfee0 Exception <a 'java/lang/ClassNotFoundException'{0x00000000860c63d0}: org/gradle/api/internal/artifacts/repositories/DefaultMavenRepositoryContentDescriptorBeanInfo> (0x00000000860c63d0) 
thrown [s\open\src\hotspot\share\classfile\systemDictionary.cpp, line 256]
Event: 150.367 Thread 0x000002b4761cfee0 Exception <a 'java/lang/ClassNotFoundException'{0x00000000860e8040}: org/gradle/api/internal/artifacts/repositories/DefaultRepositoryContentDescriptorBeanInfo> (0x00000000860e8040) 
thrown [s\open\src\hotspot\share\classfile\systemDictionary.cpp, line 256]
Event: 150.369 Thread 0x000002b4761cfee0 Exception <a 'java/lang/ClassNotFoundException'{0x0000000085f0a450}: org/gradle/api/internal/artifacts/repositories/DefaultRepositoryContentDescriptorCustomizer> (0x0000000085f0a450) 
thrown [s\open\src\hotspot\share\classfile\systemDictionary.cpp, line 256]
Event: 150.372 Thread 0x000002b4761cfee0 Exception <a 'java/lang/ClassNotFoundException'{0x0000000085f37f88}: org/gradle/api/internal/artifacts/repositories/DefaultMavenRepositoryContentDescriptorCustomizer> (0x0000000085f37f88) 
thrown [s\open\src\hotspot\share\classfile\systemDictionary.cpp, line 256]
Event: 189.577 Thread 0x000002b4761cfee0 Exception <a 'java/io/IOException'{0x0000000085def2d0}: CreateProcess error=1455, The paging file is too small for this operation to complete> (0x0000000085def2d0) 
thrown [s\open\src\hotspot\share\prims\jni.cpp, line 535]
Event: 189.577 Thread 0x000002b4761cfee0 Exception <a 'java/lang/reflect/InvocationTargetException'{0x0000000085df2dc0}> (0x0000000085df2dc0) 
thrown [s\open\src\hotspot\share\runtime\reflection.cpp, line 1121]
Event: 189.578 Thread 0x000002b4761cfee0 Exception <a 'java/lang/reflect/InvocationTargetException'{0x0000000085dfd6a0}> (0x0000000085dfd6a0) 
thrown [s\open\src\hotspot\share\runtime\reflection.cpp, line 1121]
Event: 189.578 Thread 0x000002b4761cfee0 Exception <a 'java/lang/reflect/InvocationTargetException'{0x0000000085c003b8}> (0x0000000085c003b8) 
thrown [s\open\src\hotspot\share\runtime\reflection.cpp, line 1121]
Event: 189.578 Thread 0x000002b4761cfee0 Exception <a 'java/lang/reflect/InvocationTargetException'{0x0000000085c03118}> (0x0000000085c03118) 
thrown [s\open\src\hotspot\share\runtime\reflection.cpp, line 1121]
Event: 189.578 Thread 0x000002b4761cfee0 Exception <a 'java/lang/reflect/InvocationTargetException'{0x0000000085c06ab0}> (0x0000000085c06ab0) 
thrown [s\open\src\hotspot\share\runtime\reflection.cpp, line 1121]
Event: 189.591 Thread 0x000002b4761cfee0 Exception <a 'java/lang/ClassNotFoundException'{0x0000000085b563d8}: org/gradle/api/internal/plugins/DefaultPluginContainerBeanInfo> (0x0000000085b563d8) 
thrown [s\open\src\hotspot\share\classfile\systemDictionary.cpp, line 256]
Event: 189.591 Thread 0x000002b4761cfee0 Exception <a 'java/lang/ClassNotFoundException'{0x0000000085b62488}: org/gradle/api/internal/plugins/DefaultPluginCollectionBeanInfo> (0x0000000085b62488) 
thrown [s\open\src\hotspot\share\classfile\systemDictionary.cpp, line 256]
Event: 189.592 Thread 0x000002b4761cfee0 Exception <a 'java/lang/ClassNotFoundException'{0x0000000085b6e258}: org/gradle/api/internal/DefaultDomainObjectSetBeanInfo> (0x0000000085b6e258) 
thrown [s\open\src\hotspot\share\classfile\systemDictionary.cpp, line 256]
Event: 189.592 Thread 0x000002b4761cfee0 Exception <a 'java/lang/ClassNotFoundException'{0x0000000085b7a078}: org/gradle/api/internal/DefaultDomainObjectSetCustomizer> (0x0000000085b7a078) 
thrown [s\open\src\hotspot\share\classfile\systemDictionary.cpp, line 256]
Event: 189.594 Thread 0x000002b4761cfee0 Exception <a 'java/lang/ClassNotFoundException'{0x0000000085b94898}: org/gradle/api/internal/plugins/DefaultPluginCollectionCustomizer> (0x0000000085b94898) 
thrown [s\open\src\hotspot\share\classfile\systemDictionary.cpp, line 256]
Event: 189.596 Thread 0x000002b4761cfee0 Exception <a 'java/lang/ClassNotFoundException'{0x0000000085bc9908}: org/gradle/api/internal/plugins/DefaultPluginContainerCustomizer> (0x0000000085bc9908) 
thrown [s\open\src\hotspot\share\classfile\systemDictionary.cpp, line 256]

VM Operations (20 events):
Event: 147.748 Executing VM operation: Cleanup
Event: 147.748 Executing VM operation: Cleanup done
Event: 150.761 Executing VM operation: Cleanup
Event: 150.761 Executing VM operation: Cleanup done
Event: 155.785 Executing VM operation: Cleanup
Event: 155.785 Executing VM operation: Cleanup done
Event: 165.876 Executing VM operation: Cleanup
Event: 165.876 Executing VM operation: Cleanup done
Event: 172.913 Executing VM operation: Cleanup
Event: 172.913 Executing VM operation: Cleanup done
Event: 178.965 Executing VM operation: Cleanup
Event: 178.966 Executing VM operation: Cleanup done
Event: 181.988 Executing VM operation: Cleanup
Event: 181.988 Executing VM operation: Cleanup done
Event: 189.580 Executing VM operation: HandshakeAllThreads
Event: 189.580 Executing VM operation: HandshakeAllThreads done
Event: 189.580 Executing VM operation: Cleanup
Event: 189.580 Executing VM operation: Cleanup done
Event: 189.582 Executing VM operation: HandshakeAllThreads
Event: 189.582 Executing VM operation: HandshakeAllThreads done

Events (20 events):
Event: 140.660 loading class java/io/ObjectStreamClass$5 done
Event: 140.660 loading class java/io/ObjectStreamClass$ClassDataSlot
Event: 140.660 loading class java/io/ObjectStreamClass$ClassDataSlot done
Event: 140.660 loading class jdk/internal/reflect/UnsafeQualifiedStaticLongFieldAccessorImpl
Event: 140.660 loading class jdk/internal/reflect/UnsafeQualifiedStaticLongFieldAccessorImpl done
Event: 140.798 Thread 0x000002b4789d4f30 Thread exited: 0x000002b4789d4f30
Event: 140.798 Thread 0x000002b4789d4590 Thread exited: 0x000002b4789d4590
Event: 140.894 Thread 0x000002b4789d88f0 Thread exited: 0x000002b4789d88f0
Event: 140.895 loading class java/util/concurrent/ConcurrentLinkedQueue$Itr
Event: 140.896 loading class java/util/concurrent/ConcurrentLinkedQueue$Itr done
Event: 189.581 loading class java/util/AbstractList$RandomAccessSubList
Event: 189.581 loading class java/util/AbstractList$SubList
Event: 189.581 loading class java/util/AbstractList$SubList done
Event: 189.581 loading class java/util/AbstractList$RandomAccessSubList done
Event: 189.581 loading class java/util/AbstractList$SubList$1
Event: 189.581 loading class java/util/AbstractList$SubList$1 done
Event: 189.581 loading class java/util/AbstractList$ListItr
Event: 189.581 loading class java/util/AbstractList$ListItr done
Event: 189.605 loading class java/lang/Math$RandomNumberGeneratorHolder
Event: 189.605 loading class java/lang/Math$RandomNumberGeneratorHolder done


Dynamic libraries:
0x00007ff74da50000 - 0x00007ff74da60000 	C:\Program Files\Java\jdk-17\bin\java.exe
0x00007ff8795b0000 - 0x00007ff8797a8000 	C:\Windows\SYSTEM32\ntdll.dll
0x00007ff878cc0000 - 0x00007ff878d7f000 	C:\Windows\System32\KERNEL32.DLL
0x00007ff876ea0000 - 0x00007ff877196000 	C:\Windows\System32\KERNELBASE.dll
0x00007ff8771a0000 - 0x00007ff8772a0000 	C:\Windows\System32\ucrtbase.dll
0x00007ff86dd00000 - 0x00007ff86dd19000 	C:\Program Files\Java\jdk-17\bin\jli.dll
0x00007ff8789f0000 - 0x00007ff878a9f000 	C:\Windows\System32\ADVAPI32.dll
0x00007ff8780d0000 - 0x00007ff87816e000 	C:\Windows\System32\msvcrt.dll
0x00007ff878d80000 - 0x00007ff878e1c000 	C:\Windows\System32\sechost.dll
0x00007ff878ad0000 - 0x00007ff878bf6000 	C:\Windows\System32\RPCRT4.dll
0x00007ff877660000 - 0x00007ff8777fd000 	C:\Windows\System32\USER32.dll
0x00007ff877500000 - 0x00007ff877522000 	C:\Windows\System32\win32u.dll
0x00007ff877610000 - 0x00007ff87763c000 	C:\Windows\System32\GDI32.dll
0x00007ff877340000 - 0x00007ff877455000 	C:\Windows\System32\gdi32full.dll
0x00007ff8772a0000 - 0x00007ff87733d000 	C:\Windows\System32\msvcp_win.dll
0x00007ff86d9b0000 - 0x00007ff86d9cb000 	C:\Program Files\Java\jdk-17\bin\VCRUNTIME140.dll
0x00007ff85a8b0000 - 0x00007ff85ab4a000 	C:\Windows\WinSxS\amd64_microsoft.windows.common-controls_6595b64144ccf1df_6.0.19041.1110_none_60b5254171f9507e\COMCTL32.dll
0x00007ff86e0e0000 - 0x00007ff86e0ea000 	C:\Windows\SYSTEM32\VERSION.dll
0x00007ff878aa0000 - 0x00007ff878ad0000 	C:\Windows\System32\IMM32.DLL
0x00007ff86d970000 - 0x00007ff86d97c000 	C:\Program Files\Java\jdk-17\bin\vcruntime140_1.dll
0x00007ff849d30000 - 0x00007ff849dbe000 	C:\Program Files\Java\jdk-17\bin\msvcp140.dll
0x00007fffe4100000 - 0x00007fffe4cdd000 	C:\Program Files\Java\jdk-17\bin\server\jvm.dll
0x00007ff8789e0000 - 0x00007ff8789e8000 	C:\Windows\System32\PSAPI.DLL
0x00007ff86d210000 - 0x00007ff86d219000 	C:\Windows\SYSTEM32\WSOCK32.dll
0x00007ff877ff0000 - 0x00007ff87805b000 	C:\Windows\System32\WS2_32.dll
0x00007ff850550000 - 0x00007ff850577000 	C:\Windows\SYSTEM32\WINMM.dll
0x00007ff875510000 - 0x00007ff875522000 	C:\Windows\SYSTEM32\kernel.appcore.dll
0x00007ff85d390000 - 0x00007ff85d39a000 	C:\Program Files\Java\jdk-17\bin\jimage.dll
0x00007ff871870000 - 0x00007ff871a54000 	C:\Windows\SYSTEM32\DBGHELP.DLL
0x00007ff865260000 - 0x00007ff865294000 	C:\Windows\SYSTEM32\dbgcore.DLL
0x00007ff877580000 - 0x00007ff877602000 	C:\Windows\System32\bcryptPrimitives.dll
0x00007ff84ef10000 - 0x00007ff84ef35000 	C:\Program Files\Java\jdk-17\bin\java.dll
0x00007ff849850000 - 0x00007ff849927000 	C:\Program Files\Java\jdk-17\bin\jsvml.dll
0x00007ff878e20000 - 0x00007ff879564000 	C:\Windows\System32\SHELL32.dll
0x00007ff874d10000 - 0x00007ff8754a3000 	C:\Windows\SYSTEM32\windows.storage.dll
0x00007ff878240000 - 0x00007ff878594000 	C:\Windows\System32\combase.dll
0x00007ff876600000 - 0x00007ff87662e000 	C:\Windows\SYSTEM32\Wldp.dll
0x00007ff8785a0000 - 0x00007ff87864d000 	C:\Windows\System32\SHCORE.dll
0x00007ff878c00000 - 0x00007ff878c55000 	C:\Windows\System32\shlwapi.dll
0x00007ff876bc0000 - 0x00007ff876be5000 	C:\Windows\SYSTEM32\profapi.dll
0x00007ff84a260000 - 0x00007ff84a279000 	C:\Program Files\Java\jdk-17\bin\net.dll
0x00007ff86bec0000 - 0x00007ff86bfca000 	C:\Windows\SYSTEM32\WINHTTP.dll
0x00007ff876360000 - 0x00007ff8763ca000 	C:\Windows\system32\mswsock.dll
0x00007ff84a240000 - 0x00007ff84a256000 	C:\Program Files\Java\jdk-17\bin\nio.dll
0x00007ff84a220000 - 0x00007ff84a238000 	C:\Program Files\Java\jdk-17\bin\zip.dll
0x00007ff86f6f0000 - 0x00007ff86f700000 	C:\Program Files\Java\jdk-17\bin\verify.dll
0x00007ff845650000 - 0x00007ff845677000 	C:\Users\ss\.gradle\native\e1d6ef7f7dcc3fd88c89a11ec53ec762bb8ba0a96d01ffa2cd45eb1d1d8dd5c5\windows-amd64\native-platform.dll
0x00007ff853550000 - 0x00007ff853694000 	C:\Users\ss\.gradle\native\5664cfc778a61ccfe75a443a1ab52a65af34e5dc3c78e0209fed803814484fcb\windows-amd64\native-platform-file-events.dll
0x00007ff851c90000 - 0x00007ff851c9a000 	C:\Program Files\Java\jdk-17\bin\management.dll
0x00007ff84da70000 - 0x00007ff84da7b000 	C:\Program Files\Java\jdk-17\bin\management_ext.dll
0x00007ff876550000 - 0x00007ff876568000 	C:\Windows\SYSTEM32\CRYPTSP.dll
0x00007ff875c70000 - 0x00007ff875ca4000 	C:\Windows\system32\rsaenh.dll
0x00007ff877460000 - 0x00007ff877487000 	C:\Windows\System32\bcrypt.dll
0x00007ff876b80000 - 0x00007ff876bae000 	C:\Windows\SYSTEM32\USERENV.dll
0x00007ff876570000 - 0x00007ff87657c000 	C:\Windows\SYSTEM32\CRYPTBASE.dll
0x00007ff876050000 - 0x00007ff87608b000 	C:\Windows\SYSTEM32\IPHLPAPI.DLL
0x00007ff878060000 - 0x00007ff878068000 	C:\Windows\System32\NSI.dll
0x00007ff86c6a0000 - 0x00007ff86c6b7000 	C:\Windows\SYSTEM32\dhcpcsvc6.DLL
0x00007ff86cf20000 - 0x00007ff86cf3d000 	C:\Windows\SYSTEM32\dhcpcsvc.DLL
0x00007ff876090000 - 0x00007ff87615a000 	C:\Windows\SYSTEM32\DNSAPI.dll
0x00007ff84d1a0000 - 0x00007ff84d1ad000 	C:\Program Files\Java\jdk-17\bin\sunmscapi.dll
0x00007ff876c90000 - 0x00007ff876dee000 	C:\Windows\System32\CRYPT32.dll
0x00007ff876670000 - 0x00007ff876698000 	C:\Windows\SYSTEM32\ncrypt.dll
0x00007ff876630000 - 0x00007ff87666b000 	C:\Windows\SYSTEM32\NTASN1.dll
0x00007ff846620000 - 0x00007ff846627000 	C:\Windows\system32\wshunix.dll

dbghelp: loaded successfully - version: 4.0.5 - missing functions: none
symbol engine: initialized successfully - sym options: 0x614 - pdb path: .;C:\Program Files\Java\jdk-17\bin;C:\Windows\SYSTEM32;C:\Windows\WinSxS\amd64_microsoft.windows.common-controls_6595b64144ccf1df_6.0.19041.1110_none_60b5254171f9507e;C:\Program Files\Java\jdk-17\bin\server;C:\Users\ss\.gradle\native\e1d6ef7f7dcc3fd88c89a11ec53ec762bb8ba0a96d01ffa2cd45eb1d1d8dd5c5\windows-amd64;C:\Users\ss\.gradle\native\5664cfc778a61ccfe75a443a1ab52a65af34e5dc3c78e0209fed803814484fcb\windows-amd64

VM Arguments:
jvm_args: -XX:MaxMetaspaceSize=512m --add-opens=java.base/java.util=ALL-UNNAMED --add-opens=java.base/java.lang=ALL-UNNAMED --add-opens=java.base/java.lang.invoke=ALL-UNNAMED --add-opens=java.base/java.util=ALL-UNNAMED --add-opens=java.prefs/java.util.prefs=ALL-UNNAMED --add-opens=java.prefs/java.util.prefs=ALL-UNNAMED --add-opens=java.base/java.nio.charset=ALL-UNNAMED --add-opens=java.base/java.net=ALL-UNNAMED --add-opens=java.base/java.util.concurrent.atomic=ALL-UNNAMED -Xmx2048m -Dfile.encoding=windows-1252 -Duser.country=IN -Duser.language=en -Duser.variant 
java_command: org.gradle.launcher.daemon.bootstrap.GradleDaemon 7.3.3
java_class_path (initial): C:\Users\ss\.gradle\wrapper\dists\gradle-7.3.3-all\4295vidhdd9hd3gbjyw1xqxpo\gradle-7.3.3\lib\gradle-launcher-7.3.3.jar
Launcher Type: SUN_STANDARD

[Global flags]
     intx CICompilerCount                          = 3                                         {product} {ergonomic}
   size_t CompressedClassSpaceSize                 = 432013312                                 {product} {ergonomic}
     uint ConcGCThreads                            = 1                                         {product} {ergonomic}
     uint G1ConcRefinementThreads                  = 4                                         {product} {ergonomic}
   size_t G1HeapRegionSize                         = 1048576                                   {product} {ergonomic}
    uintx GCDrainStackTargetSize                   = 64                                        {product} {ergonomic}
   size_t InitialHeapSize                          = 268435456                                 {product} {ergonomic}
   size_t MarkStackSize                            = 4194304                                   {product} {ergonomic}
   size_t MaxHeapSize                              = 2147483648                                {product} {command line}
   size_t MaxMetaspaceSize                         = 536870912                                 {product} {command line}
   size_t MaxNewSize                               = 1287651328                                {product} {ergonomic}
   size_t MinHeapDeltaBytes                        = 1048576                                   {product} {ergonomic}
   size_t MinHeapSize                              = 8388608                                   {product} {ergonomic}
    uintx NonNMethodCodeHeapSize                   = 5832780                                {pd product} {ergonomic}
    uintx NonProfiledCodeHeapSize                  = 122912730                              {pd product} {ergonomic}
    uintx ProfiledCodeHeapSize                     = 122912730                              {pd product} {ergonomic}
    uintx ReservedCodeCacheSize                    = 251658240                              {pd product} {ergonomic}
     bool SegmentedCodeCache                       = true                                      {product} {ergonomic}
   size_t SoftMaxHeapSize                          = 2147483648                             {manageable} {ergonomic}
     bool UseCompressedClassPointers               = true                           {product lp64_product} {ergonomic}
     bool UseCompressedOops                        = true                           {product lp64_product} {ergonomic}
     bool UseG1GC                                  = true                                      {product} {ergonomic}
     bool UseLargePagesIndividualAllocation        = false                                  {pd product} {ergonomic}

Logging:
Log output configuration:
 #0: stdout all=warning uptime,level,tags
 #1: stderr all=off uptime,level,tags

Environment Variables:
CLASSPATH=C:\Users\ss\Desktop\teachers-vision\android\\gradle\wrapper\gradle-wrapper.jar
PATH=C:\Users\ss\Desktop\teachers-vision\android\node_modules\.bin;C:\Users\ss\Desktop\teachers-vision\node_modules\.bin;C:\Users\ss\Desktop\node_modules\.bin;C:\Users\ss\node_modules\.bin;C:\Users\node_modules\.bin;C:\node_modules\.bin;C:\Program Files\nodejs;C:\Users\ss\Desktop\teachers-vision\node_modules\.bin;C:\Users\ss\Desktop\teachers-vision\node_modules\.bin;C:\Users\ss\Desktop\node_modules\.bin;C:\Users\ss\node_modules\.bin;C:\Users\node_modules\.bin;C:\node_modules\.bin;C:\Users\ss\AppData\Roaming\nvm\v16.16.0\node_modules\npm\node_modules\@npmcli\run-script\lib\node-gyp-bin;C:\Users\ss\Desktop\teachers-vision\node_modules\.bin;C:\Users\ss\Desktop\node_modules\.bin;C:\Users\ss\node_modules\.bin;C:\Users\node_modules\.bin;C:\node_modules\.bin;C:\Program Files\nodejs;C:\Users\ss\Desktop\teachers-vision\node_modules\.bin;C:\Users\ss\Desktop\teachers-vision\node_modules\.bin;C:\Users\ss\Desktop\node_modules\.bin;C:\Users\ss\node_modules\.bin;C:\Users\node_modules\.bin;C:\node_modules\.bin;C:\Users\ss\AppData\Roaming\nvm\v16.16.0\node_modules\npm\node_modules\@npmcli\run-script\lib\node-gyp-bin;C:\Program Files\Common Files\Oracle\Java\javapath;C:\Program Files (x86)\Common Files\Oracle\Java\javapath;C:\Program Files\Microsoft\jdk-11.0.18.10-hotspot\bin;C:\Program Files\Microsoft MPI\Bin\;C:\Windows\system32;C:\Windows;C:\Windows\System32\Wbem;C:\Windows\System32\WindowsPowerShell\v1.0\;C:\Windows\System32\OpenSSH\;C:\ProgramData\chocolatey\bin;C:\Users\ss\AppData\Local\Android\Sdk\platform-tools;C:\Program Files\Git\cmd;C:\Program Files\Microsoft SQL Server\150\Tools\Binn\;C:\Program Files (x86)\Microsoft SQL Server\160\Tools\Binn\;C:\Program Files\Microsoft SQL Server\160\Tools\Binn\;C:\Program Files\Microsoft SQL Server\Client SDK\ODBC\170\Tools\Binn\;C:\Program Files\Microsoft SQL Server\160\DTS\Binn\;C:\Program Files\dotnet\;C:\Program Files (x86)\dotnet\;C:\Program Files (x86)\Microsoft SQL Server\160\DTS\Binn\;C:\Program Files (x86)\Microsoft SQL Server\150
USERNAME=ss
LANG=en_US.UTF-8
OS=Windows_NT
PROCESSOR_IDENTIFIER=Intel64 Family 6 Model 142 Stepping 9, GenuineIntel



---------------  S Y S T E M  ---------------

OS:
 Windows 10 , 64 bit Build 19041 (10.0.19041.3155)
OS uptime: 7 days 8:07 hours

CPU: total 4 (initial active 4) (2 cores per cpu, 2 threads per core) family 6 model 142 stepping 9 microcode 0xb4, cx8, cmov, fxsr, ht, mmx, 3dnowpref, sse, sse2, sse3, ssse3, sse4.1, sse4.2, popcnt, lzcnt, tsc, tscinvbit, avx, avx2, aes, erms, clmul, bmi1, bmi2, adx, fma, vzeroupper, clflush, clflushopt

Memory: 4k page, system-wide physical 16263M (651M free)
TotalPageFile size 27101M (AvailPageFile size 3M)
current process WorkingSet (physical memory assigned to process): 274M, peak: 287M
current process commit charge ("private bytes"): 320M, peak: 401M

vm_info: Java HotSpot(TM) 64-Bit Server VM (17.0.7+8-LTS-224) for windows-amd64 JRE (17.0.7+8-LTS-224), built on Feb 28 2023 23:03:02 by "mach5one" with MS VC++ 17.1 (VS2022)

END.
