#
# There is insufficient memory for the Java Runtime Environment to continue.
# Native memory allocation (mmap) failed to map 65536 bytes for Failed to commit metaspace.
# Possible reasons:
#   The system is out of physical RAM or swap space
#   The process is running with CompressedOops enabled, and the Java Heap may be blocking the growth of the native heap
# Possible solutions:
#   Reduce memory load on the system
#   Increase physical memory or swap space
#   Check if swap backing store is full
#   Decrease Java heap size (-Xmx/-Xms)
#   Decrease number of Java threads
#   Decrease Java thread stack sizes (-Xss)
#   Set larger code cache with -XX:ReservedCodeCacheSize=
#   JVM is running with Unscaled Compressed Oops mode in which the Java heap is
#     placed in the first 4GB address space. The Java Heap base address is the
#     maximum limit for the native heap growth. Please use -XX:HeapBaseMinAddress
#     to set the Java Heap base and to place the Java Heap above 4GB virtual address.
# This output file may be truncated or incomplete.
#
#  Out of Memory Error (virtualSpaceNode.cpp:110), pid=12352, tid=21588
#
# JRE version: Java(TM) SE Runtime Environment (17.0.7+8) (build 17.0.7+8-LTS-224)
# Java VM: Java HotSpot(TM) 64-Bit Server VM (17.0.7+8-LTS-224, mixed mode, tiered, compressed oops, compressed class ptrs, g1 gc, windows-amd64)
# No core dump will be written. Minidumps are not enabled by default on client versions of Windows
#

---------------  S U M M A R Y ------------

Command Line: -XX:MaxMetaspaceSize=512m --add-opens=java.base/java.util=ALL-UNNAMED --add-opens=java.base/java.lang=ALL-UNNAMED --add-opens=java.base/java.lang.invoke=ALL-UNNAMED --add-opens=java.base/java.util=ALL-UNNAMED --add-opens=java.prefs/java.util.prefs=ALL-UNNAMED --add-opens=java.prefs/java.util.prefs=ALL-UNNAMED --add-opens=java.base/java.nio.charset=ALL-UNNAMED --add-opens=java.base/java.net=ALL-UNNAMED --add-opens=java.base/java.util.concurrent.atomic=ALL-UNNAMED -Xmx2048m -Dfile.encoding=windows-1252 -Duser.country=IN -Duser.language=en -Duser.variant org.gradle.launcher.daemon.bootstrap.GradleDaemon 7.3.3

Host: Intel(R) Core(TM) i5-7200U CPU @ 2.50GHz, 4 cores, 15G,  Windows 10 , 64 bit Build 19041 (10.0.19041.3155)
Time: Tue Sep 12 18:13:37 2023 India Standard Time elapsed time: 15.434794 seconds (0d 0h 0m 15s)

---------------  T H R E A D  ---------------

Current thread (0x0000011301c8d010):  JavaThread "Daemon worker" [_thread_in_vm, id=21588, stack(0x00000009e8e00000,0x00000009e8f00000)]

Stack: [0x00000009e8e00000,0x00000009e8f00000]
Native frames: (J=compiled Java code, j=interpreted, Vv=VM code, C=native code)
V  [jvm.dll+0x676a4a]
V  [jvm.dll+0x7d74f4]
V  [jvm.dll+0x7d8c9e]
V  [jvm.dll+0x7d9303]
V  [jvm.dll+0x2452c5]
V  [jvm.dll+0x7d35fb]
V  [jvm.dll+0x61ca36]
V  [jvm.dll+0x1bfbf7]
V  [jvm.dll+0x61f390]
V  [jvm.dll+0x61d3f6]
V  [jvm.dll+0x242d9c]
V  [jvm.dll+0x6cd2bd]
V  [jvm.dll+0x6cdcbf]
V  [jvm.dll+0x36df95]
V  [jvm.dll+0x36d044]
V  [jvm.dll+0x36cfe8]
V  [jvm.dll+0x37ce1a]
C  0x00000113686db6e4

Java frames: (J=compiled Java code, j=interpreted, Vv=VM code)
j  org.gradle.internal.service.scopes.GradleScopeServices.createExecutionPlan(Lorg/gradle/api/internal/GradleInternal;Lorg/gradle/execution/plan/TaskNodeFactory;Lorg/gradle/execution/plan/TaskDependencyResolver;Lorg/gradle/execution/plan/ExecutionNodeAccessHierarchies;)Lorg/gradle/execution/plan/ExecutionPlan;+0
v  ~StubRoutines::call_stub
J 2340  jdk.internal.reflect.NativeMethodAccessorImpl.invoke0(Ljava/lang/reflect/Method;Ljava/lang/Object;[Ljava/lang/Object;)Ljava/lang/Object; java.base@17.0.7 (0 bytes) @ 0x0000011368d9ad1f [0x0000011368d9aca0+0x000000000000007f]
J 2339 c1 jdk.internal.reflect.NativeMethodAccessorImpl.invoke(Ljava/lang/Object;[Ljava/lang/Object;)Ljava/lang/Object; java.base@17.0.7 (137 bytes) @ 0x0000011361647d6c [0x00000113616473e0+0x000000000000098c]
J 1765 c1 jdk.internal.reflect.DelegatingMethodAccessorImpl.invoke(Ljava/lang/Object;[Ljava/lang/Object;)Ljava/lang/Object; java.base@17.0.7 (10 bytes) @ 0x0000011361505fbc [0x0000011361505ec0+0x00000000000000fc]
J 1764 c1 java.lang.reflect.Method.invoke(Ljava/lang/Object;[Ljava/lang/Object;)Ljava/lang/Object; java.base@17.0.7 (65 bytes) @ 0x0000011361505a2c [0x0000011361505700+0x000000000000032c]
j  org.gradle.internal.reflect.JavaMethod.invoke(Ljava/lang/Object;[Ljava/lang/Object;)Ljava/lang/Object;+6
j  org.gradle.internal.service.ReflectionBasedServiceMethod.invoke(Ljava/lang/Object;[Ljava/lang/Object;)Ljava/lang/Object;+6
j  org.gradle.internal.service.DefaultServiceRegistry$FactoryMethodService.invokeMethod([Ljava/lang/Object;)Ljava/lang/Object;+9
j  org.gradle.internal.service.DefaultServiceRegistry$FactoryService.createServiceInstance()Ljava/lang/Object;+7
J 1910 c1 org.gradle.internal.service.DefaultServiceRegistry$ManagedObjectServiceProvider.getInstance()Ljava/lang/Object; (47 bytes) @ 0x000001136154de8c [0x000001136154dce0+0x00000000000001ac]
J 1909 c1 org.gradle.internal.service.DefaultServiceRegistry$SingletonService.get()Ljava/lang/Object; (5 bytes) @ 0x000001136154d994 [0x000001136154d920+0x0000000000000074]
j  org.gradle.internal.service.DefaultServiceRegistry$FactoryService.assembleParameters()[Ljava/lang/Object;+44
j  org.gradle.internal.service.DefaultServiceRegistry$FactoryService.createServiceInstance()Ljava/lang/Object;+1
J 1910 c1 org.gradle.internal.service.DefaultServiceRegistry$ManagedObjectServiceProvider.getInstance()Ljava/lang/Object; (47 bytes) @ 0x000001136154de8c [0x000001136154dce0+0x00000000000001ac]
J 1909 c1 org.gradle.internal.service.DefaultServiceRegistry$SingletonService.get()Ljava/lang/Object; (5 bytes) @ 0x000001136154d994 [0x000001136154d920+0x0000000000000074]
j  org.gradle.internal.service.DefaultServiceRegistry.find(Ljava/lang/reflect/Type;)Ljava/lang/Object;+22
j  org.gradle.internal.service.DefaultServiceRegistry.get(Ljava/lang/reflect/Type;)Ljava/lang/Object;+2
j  org.gradle.invocation.DefaultGradle_Decorated.getTaskGraph()Lorg/gradle/execution/taskgraph/TaskExecutionGraphInternal;+16
j  org.gradle.composite.internal.DefaultRootBuildState.<init>(Lorg/gradle/api/internal/BuildDefinition;Lorg/gradle/internal/buildtree/BuildTreeState;Lorg/gradle/internal/build/BuildLifecycleControllerFactory;Lorg/gradle/internal/event/ListenerManager;Lorg/gradle/api/internal/project/ProjectStateRegistry;)V+178
j  org.gradle.composite.internal.BuildStateFactory.createRootBuild(Lorg/gradle/api/internal/BuildDefinition;)Lorg/gradle/internal/build/RootBuildState;+21
j  org.gradle.composite.internal.DefaultIncludedBuildRegistry.createRootBuild(Lorg/gradle/api/internal/BuildDefinition;)Lorg/gradle/internal/build/RootBuildState;+23
j  org.gradle.launcher.exec.RootBuildLifecycleBuildActionExecutor.execute(Lorg/gradle/internal/invocation/BuildAction;Lorg/gradle/internal/buildtree/BuildTreeContext;)Lorg/gradle/internal/buildtree/BuildActionRunner$Result;+14
j  org.gradle.internal.buildtree.DefaultBuildTreeContext.execute(Lorg/gradle/internal/invocation/BuildAction;)Lorg/gradle/internal/buildtree/BuildActionRunner$Result;+64
j  org.gradle.launcher.exec.BuildTreeLifecycleBuildActionExecutor.lambda$execute$0(Lorg/gradle/internal/invocation/BuildAction;Lorg/gradle/internal/buildtree/BuildTreeContext;)Lorg/gradle/internal/buildtree/BuildActionRunner$Result;+2
j  org.gradle.launcher.exec.BuildTreeLifecycleBuildActionExecutor$$Lambda$98+0x000000010026c420.apply(Ljava/lang/Object;)Ljava/lang/Object;+8
j  org.gradle.internal.buildtree.BuildTreeState.run(Ljava/util/function/Function;)Ljava/lang/Object;+5
j  org.gradle.launcher.exec.BuildTreeLifecycleBuildActionExecutor.execute(Lorg/gradle/internal/invocation/BuildAction;Lorg/gradle/internal/session/BuildSessionContext;)Lorg/gradle/internal/buildtree/BuildActionRunner$Result;+176
j  org.gradle.launcher.exec.RunAsBuildOperationBuildActionExecutor$3.call(Lorg/gradle/internal/operations/BuildOperationContext;)Lorg/gradle/internal/buildtree/BuildActionRunner$Result;+25
j  org.gradle.launcher.exec.RunAsBuildOperationBuildActionExecutor$3.call(Lorg/gradle/internal/operations/BuildOperationContext;)Ljava/lang/Object;+2
j  org.gradle.internal.operations.DefaultBuildOperationRunner$CallableBuildOperationWorker.execute(Lorg/gradle/internal/operations/CallableBuildOperation;Lorg/gradle/internal/operations/BuildOperationContext;)V+3
j  org.gradle.internal.operations.DefaultBuildOperationRunner$CallableBuildOperationWorker.execute(Lorg/gradle/internal/operations/BuildOperation;Lorg/gradle/internal/operations/BuildOperationContext;)V+6
j  org.gradle.internal.operations.DefaultBuildOperationRunner$2.execute(Lorg/gradle/internal/operations/BuildOperationDescriptor;Lorg/gradle/internal/operations/BuildOperationState;Lorg/gradle/internal/operations/BuildOperationState;Lorg/gradle/internal/operations/DefaultBuildOperationRunner$ReadableBuildOperationContext;Lorg/gradle/internal/operations/DefaultBuildOperationRunner$BuildOperationExecutionListener;)Lorg/gradle/internal/operations/BuildOperation;+22
j  org.gradle.internal.operations.DefaultBuildOperationRunner$2.execute(Lorg/gradle/internal/operations/BuildOperationDescriptor;Lorg/gradle/internal/operations/BuildOperationState;Lorg/gradle/internal/operations/BuildOperationState;Lorg/gradle/internal/operations/DefaultBuildOperationRunner$ReadableBuildOperationContext;Lorg/gradle/internal/operations/DefaultBuildOperationRunner$BuildOperationExecutionListener;)Ljava/lang/Object;+8
j  org.gradle.internal.operations.DefaultBuildOperationRunner.execute(Lorg/gradle/internal/operations/BuildOperationDescriptor$Builder;Lorg/gradle/internal/operations/BuildOperationState;Lorg/gradle/internal/operations/DefaultBuildOperationRunner$BuildOperationExecution;)Ljava/lang/Object;+141
j  org.gradle.internal.operations.DefaultBuildOperationRunner.execute(Lorg/gradle/internal/operations/BuildOperation;Lorg/gradle/internal/operations/BuildOperationWorker;Lorg/gradle/internal/operations/BuildOperationState;)V+18
j  org.gradle.internal.operations.DefaultBuildOperationRunner.call(Lorg/gradle/internal/operations/CallableBuildOperation;)Ljava/lang/Object;+16
j  org.gradle.internal.operations.DefaultBuildOperationExecutor.call(Lorg/gradle/internal/operations/CallableBuildOperation;)Ljava/lang/Object;+5
j  org.gradle.launcher.exec.RunAsBuildOperationBuildActionExecutor.execute(Lorg/gradle/internal/invocation/BuildAction;Lorg/gradle/internal/session/BuildSessionContext;)Lorg/gradle/internal/buildtree/BuildActionRunner$Result;+23
j  org.gradle.launcher.exec.RunAsWorkerThreadBuildActionExecutor.lambda$execute$0(Lorg/gradle/internal/invocation/BuildAction;Lorg/gradle/internal/session/BuildSessionContext;)Lorg/gradle/internal/buildtree/BuildActionRunner$Result;+6
j  org.gradle.launcher.exec.RunAsWorkerThreadBuildActionExecutor$$Lambda$97+0x0000000100258d38.create()Ljava/lang/Object;+12
j  org.gradle.internal.work.DefaultWorkerLeaseService.withLocks(Ljava/lang/Iterable;Lorg/gradle/internal/Factory;)Ljava/lang/Object;+26
j  org.gradle.launcher.exec.RunAsWorkerThreadBuildActionExecutor.execute(Lorg/gradle/internal/invocation/BuildAction;Lorg/gradle/internal/session/BuildSessionContext;)Lorg/gradle/internal/buildtree/BuildActionRunner$Result;+24
j  org.gradle.tooling.internal.provider.ContinuousBuildActionExecutor.execute(Lorg/gradle/internal/invocation/BuildAction;Lorg/gradle/internal/session/BuildSessionContext;)Lorg/gradle/internal/buildtree/BuildActionRunner$Result;+58
j  org.gradle.tooling.internal.provider.SubscribableBuildActionExecutor.execute(Lorg/gradle/internal/invocation/BuildAction;Lorg/gradle/internal/session/BuildSessionContext;)Lorg/gradle/internal/buildtree/BuildActionRunner$Result;+30
j  org.gradle.internal.session.DefaultBuildSessionContext.execute(Lorg/gradle/internal/invocation/BuildAction;)Lorg/gradle/internal/buildtree/BuildActionRunner$Result;+64
j  org.gradle.tooling.internal.provider.BuildSessionLifecycleBuildActionExecuter$ActionImpl.apply(Lorg/gradle/internal/session/BuildSessionContext;)Lorg/gradle/launcher/exec/BuildActionResult;+6
j  org.gradle.tooling.internal.provider.BuildSessionLifecycleBuildActionExecuter$ActionImpl.apply(Ljava/lang/Object;)Ljava/lang/Object;+5
j  org.gradle.internal.session.BuildSessionState.run(Ljava/util/function/Function;)Ljava/lang/Object;+5
j  org.gradle.tooling.internal.provider.BuildSessionLifecycleBuildActionExecuter.execute(Lorg/gradle/internal/invocation/BuildAction;Lorg/gradle/launcher/exec/BuildActionParameters;Lorg/gradle/initialization/BuildRequestContext;)Lorg/gradle/launcher/exec/BuildActionResult;+95
j  org.gradle.tooling.internal.provider.BuildSessionLifecycleBuildActionExecuter.execute(Lorg/gradle/internal/invocation/BuildAction;Ljava/lang/Object;Ljava/lang/Object;)Lorg/gradle/launcher/exec/BuildActionResult;+10
j  org.gradle.tooling.internal.provider.GradleThreadBuildActionExecuter.execute(Lorg/gradle/internal/invocation/BuildAction;Lorg/gradle/launcher/exec/BuildActionParameters;Lorg/gradle/initialization/BuildRequestContext;)Lorg/gradle/launcher/exec/BuildActionResult;+10
j  org.gradle.tooling.internal.provider.GradleThreadBuildActionExecuter.execute(Lorg/gradle/internal/invocation/BuildAction;Ljava/lang/Object;Ljava/lang/Object;)Lorg/gradle/launcher/exec/BuildActionResult;+10
j  org.gradle.tooling.internal.provider.StartParamsValidatingActionExecuter.execute(Lorg/gradle/internal/invocation/BuildAction;Lorg/gradle/launcher/exec/BuildActionParameters;Lorg/gradle/initialization/BuildRequestContext;)Lorg/gradle/launcher/exec/BuildActionResult;+177
j  org.gradle.tooling.internal.provider.StartParamsValidatingActionExecuter.execute(Lorg/gradle/internal/invocation/BuildAction;Ljava/lang/Object;Ljava/lang/Object;)Lorg/gradle/launcher/exec/BuildActionResult;+10
j  org.gradle.tooling.internal.provider.SessionFailureReportingActionExecuter.execute(Lorg/gradle/internal/invocation/BuildAction;Lorg/gradle/launcher/exec/BuildActionParameters;Lorg/gradle/initialization/BuildRequestContext;)Lorg/gradle/launcher/exec/BuildActionResult;+7
j  org.gradle.tooling.internal.provider.SessionFailureReportingActionExecuter.execute(Lorg/gradle/internal/invocation/BuildAction;Ljava/lang/Object;Ljava/lang/Object;)Lorg/gradle/launcher/exec/BuildActionResult;+10
j  org.gradle.tooling.internal.provider.SetupLoggingActionExecuter.execute(Lorg/gradle/internal/invocation/BuildAction;Lorg/gradle/launcher/exec/BuildActionParameters;Lorg/gradle/initialization/BuildRequestContext;)Lorg/gradle/launcher/exec/BuildActionResult;+50
j  org.gradle.tooling.internal.provider.SetupLoggingActionExecuter.execute(Lorg/gradle/internal/invocation/BuildAction;Ljava/lang/Object;Ljava/lang/Object;)Lorg/gradle/launcher/exec/BuildActionResult;+10
j  org.gradle.launcher.daemon.server.exec.ExecuteBuild.doBuild(Lorg/gradle/launcher/daemon/server/api/DaemonCommandExecution;Lorg/gradle/launcher/daemon/protocol/Build;)V+117
j  org.gradle.launcher.daemon.server.exec.BuildCommandOnly.execute(Lorg/gradle/launcher/daemon/server/api/DaemonCommandExecution;)V+49
j  org.gradle.launcher.daemon.server.api.DaemonCommandExecution.proceed()Z+23
j  org.gradle.launcher.daemon.server.exec.WatchForDisconnection.execute(Lorg/gradle/launcher/daemon/server/api/DaemonCommandExecution;)V+19
j  org.gradle.launcher.daemon.server.api.DaemonCommandExecution.proceed()Z+23
j  org.gradle.launcher.daemon.server.exec.ResetDeprecationLogger.execute(Lorg/gradle/launcher/daemon/server/api/DaemonCommandExecution;)V+7
j  org.gradle.launcher.daemon.server.api.DaemonCommandExecution.proceed()Z+23
j  org.gradle.launcher.daemon.server.exec.RequestStopIfSingleUsedDaemon.execute(Lorg/gradle/launcher/daemon/server/api/DaemonCommandExecution;)V+33
j  org.gradle.launcher.daemon.server.api.DaemonCommandExecution.proceed()Z+23
j  org.gradle.launcher.daemon.server.exec.ForwardClientInput$2.create()Ljava/lang/Void;+4
j  org.gradle.launcher.daemon.server.exec.ForwardClientInput$2.create()Ljava/lang/Object;+1
j  org.gradle.util.internal.Swapper.swap(Ljava/lang/Object;Lorg/gradle/internal/Factory;)Ljava/lang/Object;+21
j  org.gradle.launcher.daemon.server.exec.ForwardClientInput.execute(Lorg/gradle/launcher/daemon/server/api/DaemonCommandExecution;)V+63
j  org.gradle.launcher.daemon.server.api.DaemonCommandExecution.proceed()Z+23
j  org.gradle.launcher.daemon.server.exec.LogAndCheckHealth.execute(Lorg/gradle/launcher/daemon/server/api/DaemonCommandExecution;)V+28
j  org.gradle.launcher.daemon.server.api.DaemonCommandExecution.proceed()Z+23
j  org.gradle.launcher.daemon.server.exec.LogToClient.doBuild(Lorg/gradle/launcher/daemon/server/api/DaemonCommandExecution;Lorg/gradle/launcher/daemon/protocol/Build;)V+87
j  org.gradle.launcher.daemon.server.exec.BuildCommandOnly.execute(Lorg/gradle/launcher/daemon/server/api/DaemonCommandExecution;)V+49
j  org.gradle.launcher.daemon.server.api.DaemonCommandExecution.proceed()Z+23
j  org.gradle.launcher.daemon.server.exec.EstablishBuildEnvironment.doBuild(Lorg/gradle/launcher/daemon/server/api/DaemonCommandExecution;Lorg/gradle/launcher/daemon/protocol/Build;)V+356
j  org.gradle.launcher.daemon.server.exec.BuildCommandOnly.execute(Lorg/gradle/launcher/daemon/server/api/DaemonCommandExecution;)V+49
j  org.gradle.launcher.daemon.server.api.DaemonCommandExecution.proceed()Z+23
j  org.gradle.launcher.daemon.server.exec.StartBuildOrRespondWithBusy$1.run()V+44
j  org.gradle.launcher.daemon.server.DaemonStateCoordinator$1.run()V+4
j  org.gradle.internal.concurrent.ExecutorPolicy$CatchAndRecordFailures.onExecute(Ljava/lang/Runnable;)V+1
j  org.gradle.internal.concurrent.ManagedExecutorImpl$1.run()V+25
j  java.util.concurrent.ThreadPoolExecutor.runWorker(Ljava/util/concurrent/ThreadPoolExecutor$Worker;)V+92 java.base@17.0.7
j  java.util.concurrent.ThreadPoolExecutor$Worker.run()V+5 java.base@17.0.7
j  org.gradle.internal.concurrent.ThreadFactoryImpl$ManagedThreadRunnable.run()V+7
j  java.lang.Thread.run()V+11 java.base@17.0.7
v  ~StubRoutines::call_stub

---------------  P R O C E S S  ---------------

Threads class SMR info:
_java_thread_list=0x0000011301f9cdd0, length=27, elements={
0x00000113599092e0, 0x000001130083c610, 0x000001130083d0d0, 0x0000011300872550,
0x0000011300874e20, 0x00000113008756e0, 0x0000011300875fa0, 0x0000011300876b90,
0x0000011300877540, 0x00000113008d5d40, 0x000001130097ffd0, 0x00000113009804a0,
0x0000011303fce950, 0x00000113015c3c90, 0x00000113047ec430, 0x00000113015c69c0,
0x0000011300d8d840, 0x0000011303033110, 0x0000011301c8d010, 0x0000011300a7a540,
0x0000011300a7b3b0, 0x0000011300a7bd50, 0x0000011300a7aee0, 0x0000011300a7a070,
0x0000011300a7d560, 0x0000011300a7da30, 0x0000011300a7b880
}

Java Threads: ( => current thread )
  0x00000113599092e0 JavaThread "main" [_thread_blocked, id=24080, stack(0x00000009e7100000,0x00000009e7200000)]
  0x000001130083c610 JavaThread "Reference Handler" daemon [_thread_blocked, id=20424, stack(0x00000009e7900000,0x00000009e7a00000)]
  0x000001130083d0d0 JavaThread "Finalizer" daemon [_thread_blocked, id=20640, stack(0x00000009e7a00000,0x00000009e7b00000)]
  0x0000011300872550 JavaThread "Signal Dispatcher" daemon [_thread_blocked, id=22728, stack(0x00000009e7b00000,0x00000009e7c00000)]
  0x0000011300874e20 JavaThread "Attach Listener" daemon [_thread_blocked, id=19088, stack(0x00000009e7c00000,0x00000009e7d00000)]
  0x00000113008756e0 JavaThread "Service Thread" daemon [_thread_blocked, id=23452, stack(0x00000009e7d00000,0x00000009e7e00000)]
  0x0000011300875fa0 JavaThread "Monitor Deflation Thread" daemon [_thread_blocked, id=22892, stack(0x00000009e7e00000,0x00000009e7f00000)]
  0x0000011300876b90 JavaThread "C2 CompilerThread0" daemon [_thread_blocked, id=9400, stack(0x00000009e7f00000,0x00000009e8000000)]
  0x0000011300877540 JavaThread "C1 CompilerThread0" daemon [_thread_blocked, id=20724, stack(0x00000009e8000000,0x00000009e8100000)]
  0x00000113008d5d40 JavaThread "Sweeper thread" daemon [_thread_blocked, id=4016, stack(0x00000009e8100000,0x00000009e8200000)]
  0x000001130097ffd0 JavaThread "Common-Cleaner" daemon [_thread_blocked, id=10364, stack(0x00000009e8200000,0x00000009e8300000)]
  0x00000113009804a0 JavaThread "Notification Thread" daemon [_thread_blocked, id=15132, stack(0x00000009e8300000,0x00000009e8400000)]
  0x0000011303fce950 JavaThread "Daemon health stats" [_thread_blocked, id=21688, stack(0x00000009e8900000,0x00000009e8a00000)]
  0x00000113015c3c90 JavaThread "Incoming local TCP Connector on port 49212" [_thread_in_native, id=12604, stack(0x00000009e8800000,0x00000009e8900000)]
  0x00000113047ec430 JavaThread "Daemon periodic checks" [_thread_blocked, id=17484, stack(0x00000009e8a00000,0x00000009e8b00000)]
  0x00000113015c69c0 JavaThread "Daemon" [_thread_blocked, id=2212, stack(0x00000009e8b00000,0x00000009e8c00000)]
  0x0000011300d8d840 JavaThread "Handler for socket connection from /127.0.0.1:49212 to /127.0.0.1:49213" [_thread_in_native, id=17088, stack(0x00000009e8c00000,0x00000009e8d00000)]
  0x0000011303033110 JavaThread "Cancel handler" [_thread_blocked, id=3328, stack(0x00000009e8d00000,0x00000009e8e00000)]
=>0x0000011301c8d010 JavaThread "Daemon worker" [_thread_in_vm, id=21588, stack(0x00000009e8e00000,0x00000009e8f00000)]
  0x0000011300a7a540 JavaThread "Asynchronous log dispatcher for DefaultDaemonConnection: socket connection from /127.0.0.1:49212 to /127.0.0.1:49213" [_thread_blocked, id=16652, stack(0x00000009e8f00000,0x00000009e9000000)]
  0x0000011300a7b3b0 JavaThread "Stdin handler" [_thread_blocked, id=3628, stack(0x00000009e9000000,0x00000009e9100000)]
  0x0000011300a7bd50 JavaThread "Daemon client event forwarder" [_thread_blocked, id=24296, stack(0x00000009e9100000,0x00000009e9200000)]
  0x0000011300a7aee0 JavaThread "Cache worker for journal cache (C:\Users\ss\.gradle\caches\journal-1)" [_thread_blocked, id=20516, stack(0x00000009e9200000,0x00000009e9300000)]
  0x0000011300a7a070 JavaThread "File lock request listener" [_thread_in_native, id=22844, stack(0x00000009e9300000,0x00000009e9400000)]
  0x0000011300a7d560 JavaThread "File lock release action executor" [_thread_blocked, id=19760, stack(0x00000009e9400000,0x00000009e9500000)]
  0x0000011300a7da30 JavaThread "Cache worker for file hash cache (C:\Users\ss\.gradle\caches\7.3.3\fileHashes)" [_thread_blocked, id=23576, stack(0x00000009e9500000,0x00000009e9600000)]
  0x0000011300a7b880 JavaThread "Cache worker for file hash cache (C:\Users\ss\Desktop\teachers-vision\android\.gradle\7.3.3\fileHashes)" [_thread_blocked, id=20176, stack(0x00000009e9600000,0x00000009e9700000)]

Other Threads:
  0x000001130081c600 VMThread "VM Thread" [stack: 0x00000009e7800000,0x00000009e7900000] [id=1964]
  0x000001130097dca0 WatcherThread [stack: 0x00000009e8400000,0x00000009e8500000] [id=21064]
  0x0000011359960df0 GCTaskThread "GC Thread#0" [stack: 0x00000009e7300000,0x00000009e7400000] [id=13048]
  0x0000011300e92ec0 GCTaskThread "GC Thread#1" [stack: 0x00000009e8500000,0x00000009e8600000] [id=23456]
  0x00000113010c3830 GCTaskThread "GC Thread#2" [stack: 0x00000009e8600000,0x00000009e8700000] [id=11916]
  0x00000113013fa850 GCTaskThread "GC Thread#3" [stack: 0x00000009e8700000,0x00000009e8800000] [id=22864]
  0x0000011359971ae0 ConcurrentGCThread "G1 Main Marker" [stack: 0x00000009e7400000,0x00000009e7500000] [id=8356]
  0x00000113599722a0 ConcurrentGCThread "G1 Conc#0" [stack: 0x00000009e7500000,0x00000009e7600000] [id=11608]
  0x00000113599dded0 ConcurrentGCThread "G1 Refine#0" [stack: 0x00000009e7600000,0x00000009e7700000] [id=3924]
  0x00000113599de6a0 ConcurrentGCThread "G1 Service" [stack: 0x00000009e7700000,0x00000009e7800000] [id=22316]

Threads with active compile tasks:

VM state: not at safepoint (normal execution)

VM Mutex/Monitor currently owned by a thread:  ([mutex/lock_event])
[0x0000011359903210] Metaspace_lock - owner thread: 0x0000011301c8d010

Heap address: 0x0000000080000000, size: 2048 MB, Compressed Oops mode: 32-bit

CDS archive(s) not mapped
Compressed class space mapped at: 0x0000000100000000-0x0000000119c00000, reserved size: 432013312
Narrow klass base: 0x0000000000000000, Narrow klass shift: 3, Narrow klass range: 0x119c00000

GC Precious Log:
 CPUs: 4 total, 4 available
 Memory: 16263M
 Large Page Support: Disabled
 NUMA Support: Disabled
 Compressed Oops: Enabled (32-bit)
 Heap Region Size: 1M
 Heap Min Capacity: 8M
 Heap Initial Capacity: 256M
 Heap Max Capacity: 2G
 Pre-touch: Disabled
 Parallel Workers: 4
 Concurrent Workers: 1
 Concurrent Refinement Workers: 4
 Periodic GC: Disabled

Heap:
 garbage-first heap   total 68608K, used 46558K [0x0000000080000000, 0x0000000100000000)
  region size 1024K, 39 young (39936K), 9 survivors (9216K)
 Metaspace       used 26038K, committed 26240K, reserved 446464K
  class space    used 3291K, committed 3392K, reserved 421888K

Heap Regions: E=young(eden), S=young(survivor), O=old, HS=humongous(starts), HC=humongous(continues), CS=collection set, F=free, OA=open archive, CA=closed archive, TAMS=top-at-mark-start (previous, next)
|   0|0x0000000080000000, 0x0000000080100000, 0x0000000080100000|100%|HS|  |TAMS 0x0000000080100000, 0x0000000080000000| Complete 
|   1|0x0000000080100000, 0x0000000080200000, 0x0000000080200000|100%|HC|  |TAMS 0x0000000080200000, 0x0000000080100000| Complete 
|   2|0x0000000080200000, 0x0000000080300000, 0x0000000080300000|100%|HC|  |TAMS 0x0000000080300000, 0x0000000080200000| Complete 
|   3|0x0000000080300000, 0x0000000080400000, 0x0000000080400000|100%| O|  |TAMS 0x0000000080400000, 0x0000000080300000| Untracked 
|   4|0x0000000080400000, 0x0000000080500000, 0x0000000080500000|100%| O|  |TAMS 0x0000000080500000, 0x0000000080400000| Untracked 
|   5|0x0000000080500000, 0x0000000080600000, 0x0000000080600000|100%| O|  |TAMS 0x0000000080600000, 0x0000000080500000| Untracked 
|   6|0x0000000080600000, 0x0000000080700000, 0x0000000080700000|100%| O|  |TAMS 0x0000000080700000, 0x0000000080600000| Untracked 
|   7|0x0000000080700000, 0x0000000080700000, 0x0000000080800000|  0%| F|  |TAMS 0x0000000080700000, 0x0000000080700000| Untracked 
|   8|0x0000000080800000, 0x0000000080900000, 0x0000000080900000|100%| O|  |TAMS 0x0000000080900000, 0x0000000080800000| Untracked 
|   9|0x0000000080900000, 0x0000000080a00000, 0x0000000080a00000|100%| O|  |TAMS 0x0000000080a00000, 0x0000000080900000| Untracked 
|  10|0x0000000080a00000, 0x0000000080a6ae00, 0x0000000080b00000| 41%| O|  |TAMS 0x0000000080a6ae00, 0x0000000080a00000| Untracked 
|  11|0x0000000080b00000, 0x0000000080b00000, 0x0000000080c00000|  0%| F|  |TAMS 0x0000000080b00000, 0x0000000080b00000| Untracked 
|  12|0x0000000080c00000, 0x0000000080c00000, 0x0000000080d00000|  0%| F|  |TAMS 0x0000000080c00000, 0x0000000080c00000| Untracked 
|  13|0x0000000080d00000, 0x0000000080d00000, 0x0000000080e00000|  0%| F|  |TAMS 0x0000000080d00000, 0x0000000080d00000| Untracked 
|  14|0x0000000080e00000, 0x0000000080e00000, 0x0000000080f00000|  0%| F|  |TAMS 0x0000000080e00000, 0x0000000080e00000| Untracked 
|  15|0x0000000080f00000, 0x0000000080f00000, 0x0000000081000000|  0%| F|  |TAMS 0x0000000080f00000, 0x0000000080f00000| Untracked 
|  16|0x0000000081000000, 0x0000000081000000, 0x0000000081100000|  0%| F|  |TAMS 0x0000000081000000, 0x0000000081000000| Untracked 
|  17|0x0000000081100000, 0x0000000081100000, 0x0000000081200000|  0%| F|  |TAMS 0x0000000081100000, 0x0000000081100000| Untracked 
|  18|0x0000000081200000, 0x0000000081200000, 0x0000000081300000|  0%| F|  |TAMS 0x0000000081200000, 0x0000000081200000| Untracked 
|  19|0x0000000081300000, 0x0000000081300000, 0x0000000081400000|  0%| F|  |TAMS 0x0000000081300000, 0x0000000081300000| Untracked 
|  20|0x0000000081400000, 0x0000000081400000, 0x0000000081500000|  0%| F|  |TAMS 0x0000000081400000, 0x0000000081400000| Untracked 
|  21|0x0000000081500000, 0x0000000081500000, 0x0000000081600000|  0%| F|  |TAMS 0x0000000081500000, 0x0000000081500000| Untracked 
|  22|0x0000000081600000, 0x0000000081600000, 0x0000000081700000|  0%| F|  |TAMS 0x0000000081600000, 0x0000000081600000| Untracked 
|  23|0x0000000081700000, 0x0000000081700000, 0x0000000081800000|  0%| F|  |TAMS 0x0000000081700000, 0x0000000081700000| Untracked 
|  24|0x0000000081800000, 0x0000000081800000, 0x0000000081900000|  0%| F|  |TAMS 0x0000000081800000, 0x0000000081800000| Untracked 
|  25|0x0000000081900000, 0x0000000081900000, 0x0000000081a00000|  0%| F|  |TAMS 0x0000000081900000, 0x0000000081900000| Untracked 
|  26|0x0000000081a00000, 0x0000000081a00000, 0x0000000081b00000|  0%| F|  |TAMS 0x0000000081a00000, 0x0000000081a00000| Untracked 
|  27|0x0000000081b00000, 0x0000000081b00000, 0x0000000081c00000|  0%| F|  |TAMS 0x0000000081b00000, 0x0000000081b00000| Untracked 
|  28|0x0000000081c00000, 0x0000000081c7d6e0, 0x0000000081d00000| 48%| E|  |TAMS 0x0000000081c00000, 0x0000000081c00000| Complete 
|  29|0x0000000081d00000, 0x0000000081e00000, 0x0000000081e00000|100%| E|CS|TAMS 0x0000000081d00000, 0x0000000081d00000| Complete 
|  30|0x0000000081e00000, 0x0000000081f00000, 0x0000000081f00000|100%| E|CS|TAMS 0x0000000081e00000, 0x0000000081e00000| Complete 
|  31|0x0000000081f00000, 0x0000000082000000, 0x0000000082000000|100%| E|CS|TAMS 0x0000000081f00000, 0x0000000081f00000| Complete 
|  32|0x0000000082000000, 0x0000000082100000, 0x0000000082100000|100%| E|CS|TAMS 0x0000000082000000, 0x0000000082000000| Complete 
|  33|0x0000000082100000, 0x0000000082200000, 0x0000000082200000|100%| E|CS|TAMS 0x0000000082100000, 0x0000000082100000| Complete 
|  34|0x0000000082200000, 0x0000000082300000, 0x0000000082300000|100%| E|CS|TAMS 0x0000000082200000, 0x0000000082200000| Complete 
|  35|0x0000000082300000, 0x0000000082400000, 0x0000000082400000|100%| E|CS|TAMS 0x0000000082300000, 0x0000000082300000| Complete 
|  36|0x0000000082400000, 0x0000000082500000, 0x0000000082500000|100%| E|CS|TAMS 0x0000000082400000, 0x0000000082400000| Complete 
|  37|0x0000000082500000, 0x0000000082600000, 0x0000000082600000|100%| E|CS|TAMS 0x0000000082500000, 0x0000000082500000| Complete 
|  38|0x0000000082600000, 0x0000000082700000, 0x0000000082700000|100%| E|CS|TAMS 0x0000000082600000, 0x0000000082600000| Complete 
|  39|0x0000000082700000, 0x0000000082800000, 0x0000000082800000|100%| E|CS|TAMS 0x0000000082700000, 0x0000000082700000| Complete 
|  40|0x0000000082800000, 0x0000000082900000, 0x0000000082900000|100%| E|CS|TAMS 0x0000000082800000, 0x0000000082800000| Complete 
|  41|0x0000000082900000, 0x0000000082a00000, 0x0000000082a00000|100%| E|CS|TAMS 0x0000000082900000, 0x0000000082900000| Complete 
|  42|0x0000000082a00000, 0x0000000082b00000, 0x0000000082b00000|100%| E|CS|TAMS 0x0000000082a00000, 0x0000000082a00000| Complete 
|  43|0x0000000082b00000, 0x0000000082c00000, 0x0000000082c00000|100%| E|CS|TAMS 0x0000000082b00000, 0x0000000082b00000| Complete 
|  44|0x0000000082c00000, 0x0000000082d00000, 0x0000000082d00000|100%| E|CS|TAMS 0x0000000082c00000, 0x0000000082c00000| Complete 
|  45|0x0000000082d00000, 0x0000000082e00000, 0x0000000082e00000|100%| E|CS|TAMS 0x0000000082d00000, 0x0000000082d00000| Complete 
|  46|0x0000000082e00000, 0x0000000082f00000, 0x0000000082f00000|100%| E|CS|TAMS 0x0000000082e00000, 0x0000000082e00000| Complete 
|  47|0x0000000082f00000, 0x0000000083000000, 0x0000000083000000|100%| E|CS|TAMS 0x0000000082f00000, 0x0000000082f00000| Complete 
|  48|0x0000000083000000, 0x0000000083100000, 0x0000000083100000|100%| E|CS|TAMS 0x0000000083000000, 0x0000000083000000| Complete 
|  49|0x0000000083100000, 0x0000000083200000, 0x0000000083200000|100%| E|  |TAMS 0x0000000083100000, 0x0000000083100000| Complete 
|  50|0x0000000083200000, 0x0000000083300000, 0x0000000083300000|100%| E|CS|TAMS 0x0000000083200000, 0x0000000083200000| Complete 
|  51|0x0000000083300000, 0x0000000083400000, 0x0000000083400000|100%| E|CS|TAMS 0x0000000083300000, 0x0000000083300000| Complete 
|  52|0x0000000083400000, 0x0000000083500000, 0x0000000083500000|100%| E|CS|TAMS 0x0000000083400000, 0x0000000083400000| Complete 
|  53|0x0000000083500000, 0x0000000083600000, 0x0000000083600000|100%| E|CS|TAMS 0x0000000083500000, 0x0000000083500000| Complete 
|  54|0x0000000083600000, 0x0000000083700000, 0x0000000083700000|100%| E|CS|TAMS 0x0000000083600000, 0x0000000083600000| Complete 
|  55|0x0000000083700000, 0x0000000083800000, 0x0000000083800000|100%| E|CS|TAMS 0x0000000083700000, 0x0000000083700000| Complete 
|  56|0x0000000083800000, 0x0000000083900000, 0x0000000083900000|100%| E|CS|TAMS 0x0000000083800000, 0x0000000083800000| Complete 
| 199|0x000000008c700000, 0x000000008c70ca18, 0x000000008c800000|  4%| S|CS|TAMS 0x000000008c700000, 0x000000008c700000| Complete 
| 200|0x000000008c800000, 0x000000008c900000, 0x000000008c900000|100%| S|CS|TAMS 0x000000008c800000, 0x000000008c800000| Complete 
| 201|0x000000008c900000, 0x000000008ca00000, 0x000000008ca00000|100%| S|CS|TAMS 0x000000008c900000, 0x000000008c900000| Complete 
| 202|0x000000008ca00000, 0x000000008cb00000, 0x000000008cb00000|100%| S|CS|TAMS 0x000000008ca00000, 0x000000008ca00000| Complete 
| 203|0x000000008cb00000, 0x000000008cc00000, 0x000000008cc00000|100%| S|CS|TAMS 0x000000008cb00000, 0x000000008cb00000| Complete 
| 204|0x000000008cc00000, 0x000000008cd00000, 0x000000008cd00000|100%| S|CS|TAMS 0x000000008cc00000, 0x000000008cc00000| Complete 
| 205|0x000000008cd00000, 0x000000008ce00000, 0x000000008ce00000|100%| S|CS|TAMS 0x000000008cd00000, 0x000000008cd00000| Complete 
| 206|0x000000008ce00000, 0x000000008cf00000, 0x000000008cf00000|100%| S|CS|TAMS 0x000000008ce00000, 0x000000008ce00000| Complete 
| 207|0x000000008cf00000, 0x000000008d000000, 0x000000008d000000|100%| S|CS|TAMS 0x000000008cf00000, 0x000000008cf00000| Complete 
| 255|0x000000008ff00000, 0x0000000090000000, 0x0000000090000000|100%| E|CS|TAMS 0x000000008ff00000, 0x000000008ff00000| Complete 

Card table byte_map: [0x0000011370590000,0x0000011370990000] _byte_map_base: 0x0000011370190000

Marking Bits (Prev, Next): (CMBitMap*) 0x00000113599611f0, (CMBitMap*) 0x00000113599611b0
 Prev Bits: [0x0000011372d90000, 0x0000011374d90000)
 Next Bits: [0x0000011370d90000, 0x0000011372d90000)

Polling page: 0x0000011357890000

Metaspace:

Usage:
  Non-class:     22.21 MB used.
      Class:      3.21 MB used.
       Both:     25.43 MB used.

Virtual space:
  Non-class space:       24.00 MB reserved,      22.31 MB ( 93%) committed,  3 nodes.
      Class space:      412.00 MB reserved,       3.31 MB ( <1%) committed,  1 nodes.
             Both:      436.00 MB reserved,      25.62 MB (  6%) committed. 

Chunk freelists:
   Non-Class:  1008.00 KB
       Class:  720.00 KB
        Both:  1.69 MB

MaxMetaspaceSize: 512.00 MB
CompressedClassSpaceSize: 412.00 MB
Initial GC threshold: 21.00 MB
Current GC threshold: 35.12 MB
CDS: off
MetaspaceReclaimPolicy: balanced
 - commit_granule_bytes: 65536.
 - commit_granule_words: 8192.
 - virtual_space_node_default_size: 1048576.
 - enlarge_chunks_in_place: 1.
 - new_chunks_are_fully_committed: 0.
 - uncommit_free_chunks: 1.
 - use_allocation_guard: 0.
 - handle_deallocations: 1.


Internal statistics:

num_allocs_failed_limit: 3.
num_arena_births: 186.
num_arena_deaths: 0.
num_vsnodes_births: 4.
num_vsnodes_deaths: 0.
num_space_committed: 410.
num_space_uncommitted: 0.
num_chunks_returned_to_freelist: 3.
num_chunks_taken_from_freelist: 790.
num_chunk_merges: 3.
num_chunk_splits: 528.
num_chunks_enlarged: 395.
num_purges: 0.
num_inconsistent_stats: 0.

CodeHeap 'non-profiled nmethods': size=120000Kb used=1260Kb max_used=1260Kb free=118740Kb
 bounds [0x0000011368c60000, 0x0000011368ed0000, 0x0000011370190000]
CodeHeap 'profiled nmethods': size=120000Kb used=4858Kb max_used=4858Kb free=115141Kb
 bounds [0x0000011361190000, 0x0000011361650000, 0x00000113686c0000]
CodeHeap 'non-nmethods': size=5760Kb used=1220Kb max_used=1295Kb free=4539Kb
 bounds [0x00000113686c0000, 0x0000011368930000, 0x0000011368c60000]
 total_blobs=2866 nmethods=2340 adapters=438
 compilation: enabled
              stopped_count=0, restarted_count=0
 full_count=0

Compilation events (20 events):
Event: 15.253 Thread 0x0000011300876b90 2331       4       java.lang.ref.SoftReference::get (29 bytes)
Event: 15.254 Thread 0x0000011300876b90 nmethod 2331 0x0000011368d9a510 code [0x0000011368d9a680, 0x0000011368d9a778]
Event: 15.254 Thread 0x0000011300876b90 2332       4       java.security.CodeSource::getCertificates (98 bytes)
Event: 15.255 Thread 0x0000011300876b90 nmethod 2332 0x0000011368d9a810 code [0x0000011368d9a980, 0x0000011368d9aa38]
Event: 15.312 Thread 0x0000011300877540 2333       3       java.lang.Module::isExported (18 bytes)
Event: 15.313 Thread 0x0000011300877540 nmethod 2333 0x0000011361644b90 code [0x0000011361644d60, 0x0000011361645168]
Event: 15.314 Thread 0x0000011300877540 2334       3       jdk.internal.org.objectweb.asm.ClassWriter::<init> (7 bytes)
Event: 15.314 Thread 0x0000011300877540 nmethod 2334 0x0000011361645310 code [0x00000113616454c0, 0x0000011361645608]
Event: 15.314 Thread 0x0000011300877540 2335       3       jdk.internal.org.objectweb.asm.ClassWriter::<init> (68 bytes)
Event: 15.315 Thread 0x0000011300877540 nmethod 2335 0x0000011361645690 code [0x0000011361645860, 0x0000011361645ce8]
Event: 15.315 Thread 0x0000011300877540 2337       3       jdk.internal.org.objectweb.asm.Frame::getConcreteOutputType (111 bytes)
Event: 15.315 Thread 0x0000011300877540 nmethod 2337 0x0000011361645e90 code [0x0000011361646040, 0x0000011361646418]
Event: 15.315 Thread 0x0000011300877540 2336       3       jdk.internal.org.objectweb.asm.ClassVisitor::<init> (7 bytes)
Event: 15.315 Thread 0x0000011300877540 nmethod 2336 0x0000011361646590 code [0x0000011361646740, 0x0000011361646888]
Event: 15.317 Thread 0x0000011300877540 2338       3       jdk.internal.org.objectweb.asm.Frame::addInitializedType (77 bytes)
Event: 15.318 Thread 0x0000011300877540 nmethod 2338 0x0000011361646910 code [0x0000011361646ae0, 0x0000011361647008]
Event: 15.352 Thread 0x0000011300877540 2339   !   3       jdk.internal.reflect.NativeMethodAccessorImpl::invoke (137 bytes)
Event: 15.353 Thread 0x0000011300877540 nmethod 2339 0x0000011361647190 code [0x00000113616473e0, 0x0000011361648008]
Event: 15.424 Thread 0x0000011300877540 2341   !   3       org.gradle.internal.service.DefaultServiceRegistry$FactoryService::bind (283 bytes)
Event: 15.429 Thread 0x0000011300877540 nmethod 2341 0x0000011361648510 code [0x0000011361648be0, 0x000001136164d1f8]

GC Heap History (8 events):
Event: 3.203 GC heap before
{Heap before GC invocations=0 (full 0):
 garbage-first heap   total 262144K, used 15360K [0x0000000080000000, 0x0000000100000000)
  region size 1024K, 13 young (13312K), 0 survivors (0K)
 Metaspace       used 6943K, committed 7168K, reserved 430080K
  class space    used 583K, committed 704K, reserved 421888K
}
Event: 3.321 GC heap after
{Heap after GC invocations=1 (full 0):
 garbage-first heap   total 262144K, used 3976K [0x0000000080000000, 0x0000000100000000)
  region size 1024K, 2 young (2048K), 2 survivors (2048K)
 Metaspace       used 6943K, committed 7168K, reserved 430080K
  class space    used 583K, committed 704K, reserved 421888K
}
Event: 4.527 GC heap before
{Heap before GC invocations=1 (full 0):
 garbage-first heap   total 262144K, used 20360K [0x0000000080000000, 0x0000000100000000)
  region size 1024K, 16 young (16384K), 2 survivors (2048K)
 Metaspace       used 10672K, committed 10816K, reserved 438272K
  class space    used 1091K, committed 1152K, reserved 421888K
}
Event: 4.530 GC heap after
{Heap after GC invocations=2 (full 0):
 garbage-first heap   total 262144K, used 9216K [0x0000000080000000, 0x0000000100000000)
  region size 1024K, 2 young (2048K), 2 survivors (2048K)
 Metaspace       used 10672K, committed 10816K, reserved 438272K
  class space    used 1091K, committed 1152K, reserved 421888K
}
Event: 5.777 GC heap before
{Heap before GC invocations=2 (full 0):
 garbage-first heap   total 262144K, used 31744K [0x0000000080000000, 0x0000000100000000)
  region size 1024K, 23 young (23552K), 2 survivors (2048K)
 Metaspace       used 10803K, committed 10944K, reserved 438272K
  class space    used 1093K, committed 1152K, reserved 421888K
}
Event: 5.780 GC heap after
{Heap after GC invocations=3 (full 0):
 garbage-first heap   total 262144K, used 12715K [0x0000000080000000, 0x0000000100000000)
  region size 1024K, 3 young (3072K), 3 survivors (3072K)
 Metaspace       used 10803K, committed 10944K, reserved 438272K
  class space    used 1093K, committed 1152K, reserved 421888K
}
Event: 12.856 GC heap before
{Heap before GC invocations=3 (full 0):
 garbage-first heap   total 262144K, used 57771K [0x0000000080000000, 0x0000000100000000)
  region size 1024K, 48 young (49152K), 3 survivors (3072K)
 Metaspace       used 21250K, committed 21504K, reserved 446464K
  class space    used 2537K, committed 2624K, reserved 421888K
}
Event: 12.864 GC heap after
{Heap after GC invocations=4 (full 0):
 garbage-first heap   total 262144K, used 17886K [0x0000000080000000, 0x0000000100000000)
  region size 1024K, 9 young (9216K), 9 survivors (9216K)
 Metaspace       used 21250K, committed 21504K, reserved 446464K
  class space    used 2537K, committed 2624K, reserved 421888K
}

Deoptimization events (20 events):
Event: 12.639 Thread 0x0000011301c8d010 Uncommon trap: trap_request=0xffffff45 fr.pc=0x0000011368c7ae04 relative=0x0000000000000b04
Event: 12.639 Thread 0x0000011301c8d010 Uncommon trap: reason=unstable_if action=reinterpret pc=0x0000011368c7ae04 method=java.io.WinNTFileSystem.resolve(Ljava/lang/String;Ljava/lang/String;)Ljava/lang/String; @ 19 c2
Event: 12.639 Thread 0x0000011301c8d010 DEOPT PACKING pc=0x0000011368c7ae04 sp=0x00000009e8efb640
Event: 12.639 Thread 0x0000011301c8d010 DEOPT UNPACKING pc=0x00000113687123a3 sp=0x00000009e8efb5e8 mode 2
Event: 12.641 Thread 0x0000011301c8d010 Uncommon trap: trap_request=0xffffff45 fr.pc=0x0000011368cc4fa8 relative=0x0000000000000608
Event: 12.641 Thread 0x0000011301c8d010 Uncommon trap: reason=unstable_if action=reinterpret pc=0x0000011368cc4fa8 method=java.io.File.getName()Ljava/lang/String; @ 16 c2
Event: 12.641 Thread 0x0000011301c8d010 DEOPT PACKING pc=0x0000011368cc4fa8 sp=0x00000009e8efb5e0
Event: 12.641 Thread 0x0000011301c8d010 DEOPT UNPACKING pc=0x00000113687123a3 sp=0x00000009e8efb5b0 mode 2
Event: 14.012 Thread 0x0000011301c8d010 Uncommon trap: trap_request=0xffffff45 fr.pc=0x0000011368d5bc6c relative=0x000000000000032c
Event: 14.012 Thread 0x0000011301c8d010 Uncommon trap: reason=unstable_if action=reinterpret pc=0x0000011368d5bc6c method=java.util.HashMap.getNode(Ljava/lang/Object;)Ljava/util/HashMap$Node; @ 66 c2
Event: 14.012 Thread 0x0000011301c8d010 DEOPT PACKING pc=0x0000011368d5bc6c sp=0x00000009e8efbdf0
Event: 14.012 Thread 0x0000011301c8d010 DEOPT UNPACKING pc=0x00000113687123a3 sp=0x00000009e8efbd10 mode 2
Event: 14.013 Thread 0x0000011301c8d010 Uncommon trap: trap_request=0xffffff45 fr.pc=0x0000011368d3c320 relative=0x0000000000000260
Event: 14.013 Thread 0x0000011301c8d010 Uncommon trap: reason=unstable_if action=reinterpret pc=0x0000011368d3c320 method=java.util.HashMap.getNode(Ljava/lang/Object;)Ljava/util/HashMap$Node; @ 66 c2
Event: 14.013 Thread 0x0000011301c8d010 DEOPT PACKING pc=0x0000011368d3c320 sp=0x00000009e8efbd80
Event: 14.014 Thread 0x0000011301c8d010 DEOPT UNPACKING pc=0x00000113687123a3 sp=0x00000009e8efbd10 mode 2
Event: 14.115 Thread 0x0000011301c8d010 Uncommon trap: trap_request=0xffffff45 fr.pc=0x0000011368d08ea0 relative=0x00000000000003e0
Event: 14.115 Thread 0x0000011301c8d010 Uncommon trap: reason=unstable_if action=reinterpret pc=0x0000011368d08ea0 method=java.util.concurrent.ConcurrentHashMap.get(Ljava/lang/Object;)Ljava/lang/Object; @ 76 c2
Event: 14.115 Thread 0x0000011301c8d010 DEOPT PACKING pc=0x0000011368d08ea0 sp=0x00000009e8efb240
Event: 14.115 Thread 0x0000011301c8d010 DEOPT UNPACKING pc=0x00000113687123a3 sp=0x00000009e8efb1b8 mode 2

Classes unloaded (0 events):
No events

Classes redefined (0 events):
No events

Internal exceptions (20 events):
Event: 11.932 Thread 0x0000011301c8d010 Exception <a 'java/lang/NoSuchMethodError'{0x000000008d6b8188}: 'void java.lang.invoke.DirectMethodHandle$Holder.invokeSpecial(java.lang.Object, java.lang.Object, java.lang.Object)'> (0x000000008d6b8188) 
thrown [s\open\src\hotspot\share\interpreter\linkResolver.cpp, line 759]
Event: 12.077 Thread 0x0000011301c8d010 Exception <a 'java/lang/NoSuchMethodError'{0x000000008d543b18}: 'java.lang.Object java.lang.invoke.DirectMethodHandle$Holder.newInvokeSpecial(java.lang.Object, java.lang.Object, java.lang.Object, int)'> (0x000000008d543b18) 
thrown [s\open\src\hotspot\share\interpreter\linkResolver.cpp, line 759]
Event: 12.079 Thread 0x0000011301c8d010 Exception <a 'java/lang/NoSuchMethodError'{0x000000008d548998}: 'java.lang.Object java.lang.invoke.DirectMethodHandle$Holder.invokeSpecial(java.lang.Object, java.lang.Object, java.lang.Object, java.lang.Object, int)'> (0x000000008d548998) 
thrown [s\open\src\hotspot\share\interpreter\linkResolver.cpp, line 759]
Event: 12.080 Thread 0x0000011301c8d010 Exception <a 'java/lang/NoSuchMethodError'{0x000000008d54d000}: 'java.lang.Object java.lang.invoke.Invokers$Holder.linkToTargetMethod(java.lang.Object, java.lang.Object, int, java.lang.Object)'> (0x000000008d54d000) 
thrown [s\open\src\hotspot\share\interpreter\linkResolver.cpp, line 759]
Event: 12.872 Thread 0x0000011301c8d010 Exception <a 'java/lang/NoSuchMethodError'{0x000000008ff2e5e8}: 'int java.lang.invoke.DirectMethodHandle$Holder.invokeSpecialIFC(java.lang.Object, java.lang.Object, java.lang.Object, java.lang.Object)'> (0x000000008ff2e5e8) 
thrown [s\open\src\hotspot\share\interpreter\linkResolver.cpp, line 759]
Event: 12.878 Thread 0x0000011301c8d010 Exception <a 'java/lang/NoSuchMethodError'{0x000000008ff3d8a0}: 'java.lang.Object java.lang.invoke.DirectMethodHandle$Holder.invokeInterface(java.lang.Object, java.lang.Object, java.lang.Object)'> (0x000000008ff3d8a0) 
thrown [s\open\src\hotspot\share\interpreter\linkResolver.cpp, line 759]
Event: 12.879 Thread 0x0000011301c8d010 Exception <a 'java/lang/IncompatibleClassChangeError'{0x000000008ff41778}: Found class java.lang.Object, but interface was expected> (0x000000008ff41778) 
thrown [s\open\src\hotspot\share\interpreter\linkResolver.cpp, line 826]
Event: 13.528 Thread 0x0000011301c8d010 Exception <a 'java/lang/NoSuchMethodError'{0x000000008368a420}: 'int java.lang.invoke.DirectMethodHandle$Holder.invokeStatic(java.lang.Object, java.lang.Object, java.lang.Object, java.lang.Object)'> (0x000000008368a420) 
thrown [s\open\src\hotspot\share\interpreter\linkResolver.cpp, line 759]
Event: 13.528 Thread 0x0000011301c8d010 Exception <a 'java/lang/NoSuchMethodError'{0x000000008368e2f0}: 'java.lang.Object java.lang.invoke.Invokers$Holder.invokeExact_MT(java.lang.Object, java.lang.Object, java.lang.Object, java.lang.Object, java.lang.Object, java.lang.Object)'> (0x000000008368e2f0) 
thrown [s\open\src\hotspot\share\interpreter\linkResolver.cpp, line 759]
Event: 13.625 Thread 0x0000011301c8d010 Exception <a 'java/lang/NoSuchMethodError'{0x00000000833159c0}: 'java.lang.Object java.lang.invoke.DirectMethodHandle$Holder.invokeInterface(java.lang.Object, java.lang.Object)'> (0x00000000833159c0) 
thrown [s\open\src\hotspot\share\interpreter\linkResolver.cpp, line 759]
Event: 13.751 Thread 0x0000011301c8d010 Exception <a 'java/lang/NoSuchMethodError'{0x0000000083185478}: 'java.lang.Object java.lang.invoke.DirectMethodHandle$Holder.invokeSpecial(java.lang.Object, java.lang.Object, java.lang.Object, java.lang.Object, java.lang.Object, java.lang.Object, java.lang.Object, java.lang.Object, java.lang.Object)'> (0x0000000083185478) 
thrown [s\open\src\hotspot\share\interpreter\linkResolver.cpp, line 759]
Event: 13.900 Thread 0x0000011301c8d010 Exception <a 'java/lang/NoSuchMethodError'{0x0000000082d99da8}: 'void java.lang.invoke.DirectMethodHandle$Holder.invokeStatic(java.lang.Object, java.lang.Object)'> (0x0000000082d99da8) 
thrown [s\open\src\hotspot\share\interpreter\linkResolver.cpp, line 759]
Event: 13.907 Thread 0x0000011301c8d010 Exception <a 'java/lang/NoSuchMethodError'{0x0000000082ddb898}: 'java.lang.Object java.lang.invoke.DirectMethodHandle$Holder.invokeVirtual(java.lang.Object, java.lang.Object, java.lang.Object, java.lang.Object)'> (0x0000000082ddb898) 
thrown [s\open\src\hotspot\share\interpreter\linkResolver.cpp, line 759]
Event: 14.106 Thread 0x0000011301c8d010 Exception <a 'java/lang/NoSuchMethodError'{0x0000000082a71a60}: 'java.lang.Object java.lang.invoke.DirectMethodHandle$Holder.newInvokeSpecial(java.lang.Object, java.lang.Object, java.lang.Object, java.lang.Object, java.lang.Object)'> (0x0000000082a71a60) 
thrown [s\open\src\hotspot\share\interpreter\linkResolver.cpp, line 759]
Event: 14.269 Thread 0x0000011301c8d010 Exception <a 'java/lang/NoSuchMethodError'{0x00000000828095c8}: 'void java.lang.invoke.DirectMethodHandle$Holder.invokeSpecial(java.lang.Object, java.lang.Object, java.lang.Object, java.lang.Object, java.lang.Object, java.lang.Object)'> (0x00000000828095c8) 
thrown [s\open\src\hotspot\share\interpreter\linkResolver.cpp, line 759]
Event: 14.420 Thread 0x0000011301c8d010 Exception <a 'java/lang/NoSuchMethodError'{0x000000008287d880}: 'void java.lang.invoke.DirectMethodHandle$Holder.invokeSpecial(java.lang.Object, java.lang.Object, java.lang.Object, java.lang.Object, java.lang.Object, java.lang.Object, java.lang.Object)'> (0x000000008287d880) 
thrown [s\open\src\hotspot\share\interpreter\linkResolver.cpp, line 759]
Event: 14.421 Thread 0x0000011301c8d010 Exception <a 'java/lang/NoSuchMethodError'{0x0000000082886010}: 'java.lang.Object java.lang.invoke.DirectMethodHandle$Holder.newInvokeSpecial(java.lang.Object, java.lang.Object, java.lang.Object, java.lang.Object, java.lang.Object, java.lang.Object)'> (0x0000000082886010) 
thrown [s\open\src\hotspot\share\interpreter\linkResolver.cpp, line 759]
Event: 14.674 Thread 0x0000011301c8d010 Exception <a 'java/lang/NoSuchMethodError'{0x00000000825bc200}: 'java.lang.Object java.lang.invoke.Invokers$Holder.invoker(java.lang.Object, java.lang.Object, java.lang.Object, java.lang.Object, java.lang.Object, java.lang.Object)'> (0x00000000825bc200) 
thrown [s\open\src\hotspot\share\interpreter\linkResolver.cpp, line 759]
Event: 14.910 Thread 0x0000011301c8d010 Exception <a 'java/lang/NoSuchMethodError'{0x00000000823f4668}: 'int java.lang.invoke.DirectMethodHandle$Holder.invokeStaticInit(java.lang.Object, java.lang.Object, java.lang.Object)'> (0x00000000823f4668) 
thrown [s\open\src\hotspot\share\interpreter\linkResolver.cpp, line 759]
Event: 15.228 Thread 0x0000011301c8d010 Exception <a 'java/lang/NoSuchMethodError'{0x0000000081e01bf0}: 'void java.lang.invoke.DirectMethodHandle$Holder.invokeStaticInit(java.lang.Object, java.lang.Object)'> (0x0000000081e01bf0) 
thrown [s\open\src\hotspot\share\interpreter\linkResolver.cpp, line 759]

VM Operations (20 events):
Event: 11.598 Executing VM operation: HandshakeAllThreads
Event: 11.598 Executing VM operation: HandshakeAllThreads done
Event: 11.599 Executing VM operation: HandshakeAllThreads
Event: 11.599 Executing VM operation: HandshakeAllThreads done
Event: 12.603 Executing VM operation: Cleanup
Event: 12.636 Executing VM operation: Cleanup done
Event: 12.646 Executing VM operation: HandshakeAllThreads
Event: 12.760 Executing VM operation: HandshakeAllThreads done
Event: 12.760 Executing VM operation: HandshakeAllThreads
Event: 12.760 Executing VM operation: HandshakeAllThreads done
Event: 12.856 Executing VM operation: CollectForMetadataAllocation
Event: 12.864 Executing VM operation: CollectForMetadataAllocation done
Event: 12.876 Executing VM operation: G1Concurrent
Event: 12.877 Executing VM operation: G1Concurrent done
Event: 12.881 Executing VM operation: G1Concurrent
Event: 12.881 Executing VM operation: G1Concurrent done
Event: 13.882 Executing VM operation: Cleanup
Event: 13.882 Executing VM operation: Cleanup done
Event: 14.887 Executing VM operation: Cleanup
Event: 14.903 Executing VM operation: Cleanup done

Events (20 events):
Event: 14.027 loading class sun/reflect/generics/reflectiveObjects/WildcardTypeImpl done
Event: 14.033 loading class java/lang/annotation/ElementType
Event: 14.033 loading class java/lang/annotation/ElementType done
Event: 14.113 loading class java/lang/Deprecated
Event: 14.113 loading class java/lang/Deprecated done
Event: 14.114 loading class jdk/internal/vm/annotation/IntrinsicCandidate
Event: 14.114 loading class jdk/internal/vm/annotation/IntrinsicCandidate done
Event: 14.297 loading class java/util/ConcurrentModificationException
Event: 14.297 loading class java/util/ConcurrentModificationException done
Event: 14.666 Thread 0x0000011300a7b880 Thread added: 0x0000011300a7b880
Event: 14.904 loading class java/util/concurrent/atomic/AtomicReferenceFieldUpdater
Event: 14.904 loading class java/util/concurrent/atomic/AtomicReferenceFieldUpdater done
Event: 14.904 loading class java/util/concurrent/atomic/AtomicReferenceFieldUpdater$AtomicReferenceFieldUpdaterImpl
Event: 14.904 loading class java/util/concurrent/atomic/AtomicReferenceFieldUpdater$AtomicReferenceFieldUpdaterImpl done
Event: 14.904 loading class java/util/concurrent/atomic/AtomicReferenceFieldUpdater$AtomicReferenceFieldUpdaterImpl$1
Event: 14.904 loading class java/util/concurrent/atomic/AtomicReferenceFieldUpdater$AtomicReferenceFieldUpdaterImpl$1 done
Event: 14.904 loading class sun/reflect/misc/ReflectUtil
Event: 14.904 loading class sun/reflect/misc/ReflectUtil done
Event: 15.148 loading class java/util/DualPivotQuicksort
Event: 15.149 loading class java/util/DualPivotQuicksort done


Dynamic libraries:
0x00007ff74da50000 - 0x00007ff74da60000 	C:\Program Files\Java\jdk-17\bin\java.exe
0x00007ff8795b0000 - 0x00007ff8797a8000 	C:\Windows\SYSTEM32\ntdll.dll
0x00007ff878cc0000 - 0x00007ff878d7f000 	C:\Windows\System32\KERNEL32.DLL
0x00007ff876ea0000 - 0x00007ff877196000 	C:\Windows\System32\KERNELBASE.dll
0x00007ff8771a0000 - 0x00007ff8772a0000 	C:\Windows\System32\ucrtbase.dll
0x00007ff86dd00000 - 0x00007ff86dd19000 	C:\Program Files\Java\jdk-17\bin\jli.dll
0x00007ff8789f0000 - 0x00007ff878a9f000 	C:\Windows\System32\ADVAPI32.dll
0x00007ff8780d0000 - 0x00007ff87816e000 	C:\Windows\System32\msvcrt.dll
0x00007ff878d80000 - 0x00007ff878e1c000 	C:\Windows\System32\sechost.dll
0x00007ff878ad0000 - 0x00007ff878bf6000 	C:\Windows\System32\RPCRT4.dll
0x00007ff877660000 - 0x00007ff8777fd000 	C:\Windows\System32\USER32.dll
0x00007ff877500000 - 0x00007ff877522000 	C:\Windows\System32\win32u.dll
0x00007ff877610000 - 0x00007ff87763c000 	C:\Windows\System32\GDI32.dll
0x00007ff877340000 - 0x00007ff877455000 	C:\Windows\System32\gdi32full.dll
0x00007ff8772a0000 - 0x00007ff87733d000 	C:\Windows\System32\msvcp_win.dll
0x00007ff86d9b0000 - 0x00007ff86d9cb000 	C:\Program Files\Java\jdk-17\bin\VCRUNTIME140.dll
0x00007ff85a8b0000 - 0x00007ff85ab4a000 	C:\Windows\WinSxS\amd64_microsoft.windows.common-controls_6595b64144ccf1df_6.0.19041.1110_none_60b5254171f9507e\COMCTL32.dll
0x00007ff86e0e0000 - 0x00007ff86e0ea000 	C:\Windows\SYSTEM32\VERSION.dll
0x00007ff878aa0000 - 0x00007ff878ad0000 	C:\Windows\System32\IMM32.DLL
0x00007ff86d970000 - 0x00007ff86d97c000 	C:\Program Files\Java\jdk-17\bin\vcruntime140_1.dll
0x00007ff849d30000 - 0x00007ff849dbe000 	C:\Program Files\Java\jdk-17\bin\msvcp140.dll
0x00007fffe4100000 - 0x00007fffe4cdd000 	C:\Program Files\Java\jdk-17\bin\server\jvm.dll
0x00007ff8789e0000 - 0x00007ff8789e8000 	C:\Windows\System32\PSAPI.DLL
0x00007ff86d210000 - 0x00007ff86d219000 	C:\Windows\SYSTEM32\WSOCK32.dll
0x00007ff877ff0000 - 0x00007ff87805b000 	C:\Windows\System32\WS2_32.dll
0x00007ff850550000 - 0x00007ff850577000 	C:\Windows\SYSTEM32\WINMM.dll
0x00007ff875510000 - 0x00007ff875522000 	C:\Windows\SYSTEM32\kernel.appcore.dll
0x00007ff85d390000 - 0x00007ff85d39a000 	C:\Program Files\Java\jdk-17\bin\jimage.dll
0x00007ff871870000 - 0x00007ff871a54000 	C:\Windows\SYSTEM32\DBGHELP.DLL
0x00007ff865260000 - 0x00007ff865294000 	C:\Windows\SYSTEM32\dbgcore.DLL
0x00007ff877580000 - 0x00007ff877602000 	C:\Windows\System32\bcryptPrimitives.dll
0x00007ff84ef10000 - 0x00007ff84ef35000 	C:\Program Files\Java\jdk-17\bin\java.dll
0x00007ff849850000 - 0x00007ff849927000 	C:\Program Files\Java\jdk-17\bin\jsvml.dll
0x00007ff878e20000 - 0x00007ff879564000 	C:\Windows\System32\SHELL32.dll
0x00007ff874d10000 - 0x00007ff8754a3000 	C:\Windows\SYSTEM32\windows.storage.dll
0x00007ff878240000 - 0x00007ff878594000 	C:\Windows\System32\combase.dll
0x00007ff876600000 - 0x00007ff87662e000 	C:\Windows\SYSTEM32\Wldp.dll
0x00007ff8785a0000 - 0x00007ff87864d000 	C:\Windows\System32\SHCORE.dll
0x00007ff878c00000 - 0x00007ff878c55000 	C:\Windows\System32\shlwapi.dll
0x00007ff876bc0000 - 0x00007ff876be5000 	C:\Windows\SYSTEM32\profapi.dll
0x00007ff84a260000 - 0x00007ff84a279000 	C:\Program Files\Java\jdk-17\bin\net.dll
0x00007ff86bec0000 - 0x00007ff86bfca000 	C:\Windows\SYSTEM32\WINHTTP.dll
0x00007ff876360000 - 0x00007ff8763ca000 	C:\Windows\system32\mswsock.dll
0x00007ff84a240000 - 0x00007ff84a256000 	C:\Program Files\Java\jdk-17\bin\nio.dll
0x00007ff84a220000 - 0x00007ff84a238000 	C:\Program Files\Java\jdk-17\bin\zip.dll
0x00007ff86f6f0000 - 0x00007ff86f700000 	C:\Program Files\Java\jdk-17\bin\verify.dll
0x00007ff845650000 - 0x00007ff845677000 	C:\Users\ss\.gradle\native\e1d6ef7f7dcc3fd88c89a11ec53ec762bb8ba0a96d01ffa2cd45eb1d1d8dd5c5\windows-amd64\native-platform.dll
0x00007ff853550000 - 0x00007ff853694000 	C:\Users\ss\.gradle\native\5664cfc778a61ccfe75a443a1ab52a65af34e5dc3c78e0209fed803814484fcb\windows-amd64\native-platform-file-events.dll
0x00007ff851c90000 - 0x00007ff851c9a000 	C:\Program Files\Java\jdk-17\bin\management.dll
0x00007ff84da70000 - 0x00007ff84da7b000 	C:\Program Files\Java\jdk-17\bin\management_ext.dll
0x00007ff876550000 - 0x00007ff876568000 	C:\Windows\SYSTEM32\CRYPTSP.dll
0x00007ff875c70000 - 0x00007ff875ca4000 	C:\Windows\system32\rsaenh.dll
0x00007ff877460000 - 0x00007ff877487000 	C:\Windows\System32\bcrypt.dll
0x00007ff876b80000 - 0x00007ff876bae000 	C:\Windows\SYSTEM32\USERENV.dll
0x00007ff876570000 - 0x00007ff87657c000 	C:\Windows\SYSTEM32\CRYPTBASE.dll
0x00007ff876050000 - 0x00007ff87608b000 	C:\Windows\SYSTEM32\IPHLPAPI.DLL
0x00007ff878060000 - 0x00007ff878068000 	C:\Windows\System32\NSI.dll
0x00007ff86c6a0000 - 0x00007ff86c6b7000 	C:\Windows\SYSTEM32\dhcpcsvc6.DLL
0x00007ff86cf20000 - 0x00007ff86cf3d000 	C:\Windows\SYSTEM32\dhcpcsvc.DLL
0x00007ff876090000 - 0x00007ff87615a000 	C:\Windows\SYSTEM32\DNSAPI.dll
0x00007ff84d1a0000 - 0x00007ff84d1ad000 	C:\Program Files\Java\jdk-17\bin\sunmscapi.dll
0x00007ff876c90000 - 0x00007ff876dee000 	C:\Windows\System32\CRYPT32.dll
0x00007ff876670000 - 0x00007ff876698000 	C:\Windows\SYSTEM32\ncrypt.dll
0x00007ff876630000 - 0x00007ff87666b000 	C:\Windows\SYSTEM32\NTASN1.dll
0x00007ff846620000 - 0x00007ff846627000 	C:\Windows\system32\wshunix.dll

dbghelp: loaded successfully - version: 4.0.5 - missing functions: none
symbol engine: initialized successfully - sym options: 0x614 - pdb path: .;C:\Program Files\Java\jdk-17\bin;C:\Windows\SYSTEM32;C:\Windows\WinSxS\amd64_microsoft.windows.common-controls_6595b64144ccf1df_6.0.19041.1110_none_60b5254171f9507e;C:\Program Files\Java\jdk-17\bin\server;C:\Users\ss\.gradle\native\e1d6ef7f7dcc3fd88c89a11ec53ec762bb8ba0a96d01ffa2cd45eb1d1d8dd5c5\windows-amd64;C:\Users\ss\.gradle\native\5664cfc778a61ccfe75a443a1ab52a65af34e5dc3c78e0209fed803814484fcb\windows-amd64

VM Arguments:
jvm_args: -XX:MaxMetaspaceSize=512m --add-opens=java.base/java.util=ALL-UNNAMED --add-opens=java.base/java.lang=ALL-UNNAMED --add-opens=java.base/java.lang.invoke=ALL-UNNAMED --add-opens=java.base/java.util=ALL-UNNAMED --add-opens=java.prefs/java.util.prefs=ALL-UNNAMED --add-opens=java.prefs/java.util.prefs=ALL-UNNAMED --add-opens=java.base/java.nio.charset=ALL-UNNAMED --add-opens=java.base/java.net=ALL-UNNAMED --add-opens=java.base/java.util.concurrent.atomic=ALL-UNNAMED -Xmx2048m -Dfile.encoding=windows-1252 -Duser.country=IN -Duser.language=en -Duser.variant 
java_command: org.gradle.launcher.daemon.bootstrap.GradleDaemon 7.3.3
java_class_path (initial): C:\Users\ss\.gradle\wrapper\dists\gradle-7.3.3-all\4295vidhdd9hd3gbjyw1xqxpo\gradle-7.3.3\lib\gradle-launcher-7.3.3.jar
Launcher Type: SUN_STANDARD

[Global flags]
     intx CICompilerCount                          = 3                                         {product} {ergonomic}
   size_t CompressedClassSpaceSize                 = 432013312                                 {product} {ergonomic}
     uint ConcGCThreads                            = 1                                         {product} {ergonomic}
     uint G1ConcRefinementThreads                  = 4                                         {product} {ergonomic}
   size_t G1HeapRegionSize                         = 1048576                                   {product} {ergonomic}
    uintx GCDrainStackTargetSize                   = 64                                        {product} {ergonomic}
   size_t InitialHeapSize                          = 268435456                                 {product} {ergonomic}
   size_t MarkStackSize                            = 4194304                                   {product} {ergonomic}
   size_t MaxHeapSize                              = 2147483648                                {product} {command line}
   size_t MaxMetaspaceSize                         = 536870912                                 {product} {command line}
   size_t MaxNewSize                               = 1287651328                                {product} {ergonomic}
   size_t MinHeapDeltaBytes                        = 1048576                                   {product} {ergonomic}
   size_t MinHeapSize                              = 8388608                                   {product} {ergonomic}
    uintx NonNMethodCodeHeapSize                   = 5832780                                {pd product} {ergonomic}
    uintx NonProfiledCodeHeapSize                  = 122912730                              {pd product} {ergonomic}
    uintx ProfiledCodeHeapSize                     = 122912730                              {pd product} {ergonomic}
    uintx ReservedCodeCacheSize                    = 251658240                              {pd product} {ergonomic}
     bool SegmentedCodeCache                       = true                                      {product} {ergonomic}
   size_t SoftMaxHeapSize                          = 2147483648                             {manageable} {ergonomic}
     bool UseCompressedClassPointers               = true                           {product lp64_product} {ergonomic}
     bool UseCompressedOops                        = true                           {product lp64_product} {ergonomic}
     bool UseG1GC                                  = true                                      {product} {ergonomic}
     bool UseLargePagesIndividualAllocation        = false                                  {pd product} {ergonomic}

Logging:
Log output configuration:
 #0: stdout all=warning uptime,level,tags
 #1: stderr all=off uptime,level,tags

Environment Variables:
CLASSPATH=C:\Users\ss\Desktop\teachers-vision\android\\gradle\wrapper\gradle-wrapper.jar
PATH=C:\Users\ss\Desktop\teachers-vision\android\node_modules\.bin;C:\Users\ss\Desktop\teachers-vision\node_modules\.bin;C:\Users\ss\Desktop\node_modules\.bin;C:\Users\ss\node_modules\.bin;C:\Users\node_modules\.bin;C:\node_modules\.bin;C:\Program Files\nodejs;C:\Users\ss\Desktop\teachers-vision\node_modules\.bin;C:\Users\ss\Desktop\teachers-vision\node_modules\.bin;C:\Users\ss\Desktop\node_modules\.bin;C:\Users\ss\node_modules\.bin;C:\Users\node_modules\.bin;C:\node_modules\.bin;C:\Users\ss\AppData\Roaming\nvm\v16.16.0\node_modules\npm\node_modules\@npmcli\run-script\lib\node-gyp-bin;C:\Users\ss\Desktop\teachers-vision\node_modules\.bin;C:\Users\ss\Desktop\node_modules\.bin;C:\Users\ss\node_modules\.bin;C:\Users\node_modules\.bin;C:\node_modules\.bin;C:\Program Files\nodejs;C:\Users\ss\Desktop\teachers-vision\node_modules\.bin;C:\Users\ss\Desktop\teachers-vision\node_modules\.bin;C:\Users\ss\Desktop\node_modules\.bin;C:\Users\ss\node_modules\.bin;C:\Users\node_modules\.bin;C:\node_modules\.bin;C:\Users\ss\AppData\Roaming\nvm\v16.16.0\node_modules\npm\node_modules\@npmcli\run-script\lib\node-gyp-bin;C:\Program Files\Common Files\Oracle\Java\javapath;C:\Program Files (x86)\Common Files\Oracle\Java\javapath;C:\Program Files\Microsoft\jdk-11.0.18.10-hotspot\bin;C:\Program Files\Microsoft MPI\Bin\;C:\Windows\system32;C:\Windows;C:\Windows\System32\Wbem;C:\Windows\System32\WindowsPowerShell\v1.0\;C:\Windows\System32\OpenSSH\;C:\ProgramData\chocolatey\bin;C:\Users\ss\AppData\Local\Android\Sdk\platform-tools;C:\Program Files\Git\cmd;C:\Program Files\Microsoft SQL Server\150\Tools\Binn\;C:\Program Files (x86)\Microsoft SQL Server\160\Tools\Binn\;C:\Program Files\Microsoft SQL Server\160\Tools\Binn\;C:\Program Files\Microsoft SQL Server\Client SDK\ODBC\170\Tools\Binn\;C:\Program Files\Microsoft SQL Server\160\DTS\Binn\;C:\Program Files\dotnet\;C:\Program Files (x86)\dotnet\;C:\Program Files (x86)\Microsoft SQL Server\160\DTS\Binn\;C:\Program Files (x86)\Microsoft SQL Server\150
USERNAME=ss
LANG=en_US.UTF-8
OS=Windows_NT
PROCESSOR_IDENTIFIER=Intel64 Family 6 Model 142 Stepping 9, GenuineIntel



---------------  S Y S T E M  ---------------

OS:
 Windows 10 , 64 bit Build 19041 (10.0.19041.3155)
OS uptime: 7 days 8:07 hours

CPU: total 4 (initial active 4) (2 cores per cpu, 2 threads per core) family 6 model 142 stepping 9 microcode 0xb4, cx8, cmov, fxsr, ht, mmx, 3dnowpref, sse, sse2, sse3, ssse3, sse4.1, sse4.2, popcnt, lzcnt, tsc, tscinvbit, avx, avx2, aes, erms, clmul, bmi1, bmi2, adx, fma, vzeroupper, clflush, clflushopt

Memory: 4k page, system-wide physical 16263M (1007M free)
TotalPageFile size 27101M (AvailPageFile size 6M)
current process WorkingSet (physical memory assigned to process): 148M, peak: 148M
current process commit charge ("private bytes"): 204M, peak: 393M

vm_info: Java HotSpot(TM) 64-Bit Server VM (17.0.7+8-LTS-224) for windows-amd64 JRE (17.0.7+8-LTS-224), built on Feb 28 2023 23:03:02 by "mach5one" with MS VC++ 17.1 (VS2022)

END.
