#
# There is insufficient memory for the Java Runtime Environment to continue.
# Native memory allocation (malloc) failed to allocate 32744 bytes for ChunkPool::allocate
# Possible reasons:
#   The system is out of physical RAM or swap space
#   The process is running with CompressedOops enabled, and the Java Heap may be blocking the growth of the native heap
# Possible solutions:
#   Reduce memory load on the system
#   Increase physical memory or swap space
#   Check if swap backing store is full
#   Decrease Java heap size (-Xmx/-Xms)
#   Decrease number of Java threads
#   Decrease Java thread stack sizes (-Xss)
#   Set larger code cache with -XX:ReservedCodeCacheSize=
#   JVM is running with Unscaled Compressed Oops mode in which the Java heap is
#     placed in the first 4GB address space. The Java Heap base address is the
#     maximum limit for the native heap growth. Please use -XX:HeapBaseMinAddress
#     to set the Java Heap base and to place the Java Heap above 4GB virtual address.
# This output file may be truncated or incomplete.
#
#  Out of Memory Error (arena.cpp:78), pid=26856, tid=1636
#
# JRE version: Java(TM) SE Runtime Environment (17.0.7+8) (build 17.0.7+8-LTS-224)
# Java VM: Java HotSpot(TM) 64-Bit Server VM (17.0.7+8-LTS-224, mixed mode, sharing, tiered, compressed oops, compressed class ptrs, g1 gc, windows-amd64)
# No core dump will be written. Minidumps are not enabled by default on client versions of Windows
#

---------------  S U M M A R Y ------------

Command Line: -Xmx64m -Xms64m -Dorg.gradle.appname=gradlew org.gradle.wrapper.GradleWrapperMain app:installDebug -PreactNativeDevServerPort=8081

Host: Intel(R) Core(TM) i5-7200U CPU @ 2.50GHz, 4 cores, 15G,  Windows 10 , 64 bit Build 19041 (10.0.19041.3155)
Time: Mon Sep  4 17:40:19 2023 India Standard Time elapsed time: 11.992109 seconds (0d 0h 0m 11s)

---------------  T H R E A D  ---------------

Current thread (0x0000026a8f15a5e0):  JavaThread "C1 CompilerThread0" daemon [_thread_in_native, id=1636, stack(0x000000f7e4500000,0x000000f7e4600000)]


Current CompileTask:
C1:  11992 1466       3       java.lang.String::codePointAt (50 bytes)

Stack: [0x000000f7e4500000,0x000000f7e4600000]
Native frames: (J=compiled Java code, j=interpreted, Vv=VM code, C=native code)
V  [jvm.dll+0x676a4a]
V  [jvm.dll+0x7d74f4]
V  [jvm.dll+0x7d8c9e]
V  [jvm.dll+0x7d9303]
V  [jvm.dll+0x2452c5]
V  [jvm.dll+0xaac80]
V  [jvm.dll+0xaafcc]
V  [jvm.dll+0x1747aa]
V  [jvm.dll+0x1752a2]
V  [jvm.dll+0x175356]
V  [jvm.dll+0x177c1b]
V  [jvm.dll+0x1798f1]
V  [jvm.dll+0x1348a3]
V  [jvm.dll+0x1341af]
V  [jvm.dll+0x1343e8]
V  [jvm.dll+0x133881]
V  [jvm.dll+0x13552d]
V  [jvm.dll+0x226a6e]
V  [jvm.dll+0x224e15]
V  [jvm.dll+0x78d05c]
V  [jvm.dll+0x78759a]
V  [jvm.dll+0x675875]
C  [ucrtbase.dll+0x21bb2]
C  [KERNEL32.DLL+0x17614]
C  [ntdll.dll+0x526b1]


---------------  P R O C E S S  ---------------

Threads class SMR info:
_java_thread_list=0x0000026a907da2d0, length=15, elements={
0x0000026af4215380, 0x0000026af42e8150, 0x0000026af42e9d10, 0x0000026a8f0eafb0,
0x0000026a8f0ebb60, 0x0000026a8f0ee520, 0x0000026a8f0eeed0, 0x0000026a8f0f2080,
0x0000026a8f15a5e0, 0x0000026a8f15c390, 0x0000026a8f1b6290, 0x0000026a8f1bc6a0,
0x0000026a904608c0, 0x0000026a8feaeeb0, 0x0000026a905d07b0
}
_to_delete_list=0x0000026a907e8a60, length=16, elements={
0x0000026af4215380, 0x0000026af42e8150, 0x0000026af42e9d10, 0x0000026a8f0eafb0,
0x0000026a8f0ebb60, 0x0000026a8f0ee520, 0x0000026a8f0eeed0, 0x0000026a8f0f2080,
0x0000026a8f15a5e0, 0x0000026a8f15c390, 0x0000026a8f1b6290, 0x0000026a8f1bc6a0,
0x0000026a904608c0, 0x0000026a8feaeeb0, 0x0000026a905d02e0, 0x0000026a905d07b0
}

Java Threads: ( => current thread )
  0x0000026af4215380 JavaThread "main" [_thread_blocked, id=9896, stack(0x000000f7e3600000,0x000000f7e3700000)]
  0x0000026af42e8150 JavaThread "Reference Handler" daemon [_thread_blocked, id=10728, stack(0x000000f7e3e00000,0x000000f7e3f00000)]
  0x0000026af42e9d10 JavaThread "Finalizer" daemon [_thread_blocked, id=6384, stack(0x000000f7e3f00000,0x000000f7e4000000)]
  0x0000026a8f0eafb0 JavaThread "Signal Dispatcher" daemon [_thread_blocked, id=26252, stack(0x000000f7e4000000,0x000000f7e4100000)]
  0x0000026a8f0ebb60 JavaThread "Attach Listener" daemon [_thread_blocked, id=8684, stack(0x000000f7e4100000,0x000000f7e4200000)]
  0x0000026a8f0ee520 JavaThread "Service Thread" daemon [_thread_blocked, id=27036, stack(0x000000f7e4200000,0x000000f7e4300000)]
  0x0000026a8f0eeed0 JavaThread "Monitor Deflation Thread" daemon [_thread_blocked, id=924, stack(0x000000f7e4300000,0x000000f7e4400000)]
  0x0000026a8f0f2080 JavaThread "C2 CompilerThread0" daemon [_thread_blocked, id=18168, stack(0x000000f7e4400000,0x000000f7e4500000)]
=>0x0000026a8f15a5e0 JavaThread "C1 CompilerThread0" daemon [_thread_in_native, id=1636, stack(0x000000f7e4500000,0x000000f7e4600000)]
  0x0000026a8f15c390 JavaThread "Sweeper thread" daemon [_thread_blocked, id=11992, stack(0x000000f7e4600000,0x000000f7e4700000)]
  0x0000026a8f1b6290 JavaThread "Notification Thread" daemon [_thread_blocked, id=21692, stack(0x000000f7e4700000,0x000000f7e4800000)]
  0x0000026a8f1bc6a0 JavaThread "Common-Cleaner" daemon [_thread_blocked, id=24280, stack(0x000000f7e4900000,0x000000f7e4a00000)]
  0x0000026a904608c0 JavaThread "pool-1-thread-1" [_thread_blocked, id=21084, stack(0x000000f7e4d00000,0x000000f7e4e00000)]
  0x0000026a8feaeeb0 JavaThread "Exec process" [_thread_in_native, id=26404, stack(0x000000f7e4e00000,0x000000f7e4f00000)]
  0x0000026a905d07b0 JavaThread "Exec process Thread 2" [_thread_blocked, id=2648, stack(0x000000f7e5000000,0x000000f7e5100000)]

Other Threads:
  0x0000026af42e04e0 VMThread "VM Thread" [stack: 0x000000f7e3d00000,0x000000f7e3e00000] [id=2488]
  0x0000026a8f1b6760 WatcherThread [stack: 0x000000f7e4800000,0x000000f7e4900000] [id=13380]
  0x0000026af4235010 GCTaskThread "GC Thread#0" [stack: 0x000000f7e3800000,0x000000f7e3900000] [id=25540]
  0x0000026a8ff742b0 GCTaskThread "GC Thread#1" [stack: 0x000000f7e4a00000,0x000000f7e4b00000] [id=15892]
  0x0000026a90079e70 GCTaskThread "GC Thread#2" [stack: 0x000000f7e4b00000,0x000000f7e4c00000] [id=14688]
  0x0000026a9007a120 GCTaskThread "GC Thread#3" [stack: 0x000000f7e4c00000,0x000000f7e4d00000] [id=26504]
  0x0000026af4236750 ConcurrentGCThread "G1 Main Marker" [stack: 0x000000f7e3900000,0x000000f7e3a00000] [id=19724]
  0x0000026af4237160 ConcurrentGCThread "G1 Conc#0" [stack: 0x000000f7e3a00000,0x000000f7e3b00000] [id=10480]
  0x0000026af4282c90 ConcurrentGCThread "G1 Refine#0" [stack: 0x000000f7e3b00000,0x000000f7e3c00000] [id=25392]
  0x0000026af42836b0 ConcurrentGCThread "G1 Service" [stack: 0x000000f7e3c00000,0x000000f7e3d00000] [id=25016]

Threads with active compile tasks:
C1 CompilerThread0    12043 1466       3       java.lang.String::codePointAt (50 bytes)

VM state: not at safepoint (normal execution)

VM Mutex/Monitor currently owned by a thread: None

Heap address: 0x00000000fc000000, size: 64 MB, Compressed Oops mode: 32-bit

CDS archive(s) mapped at: [0x0000000800000000-0x0000000800bd0000-0x0000000800bd0000), size 12386304, SharedBaseAddress: 0x0000000800000000, ArchiveRelocationMode: 0.
Compressed class space mapped at: 0x0000000800c00000-0x0000000840c00000, reserved size: 1073741824
Narrow klass base: 0x0000000800000000, Narrow klass shift: 0, Narrow klass range: 0x100000000

GC Precious Log:
 CPUs: 4 total, 4 available
 Memory: 16263M
 Large Page Support: Disabled
 NUMA Support: Disabled
 Compressed Oops: Enabled (32-bit)
 Heap Region Size: 1M
 Heap Min Capacity: 64M
 Heap Initial Capacity: 64M
 Heap Max Capacity: 64M
 Pre-touch: Disabled
 Parallel Workers: 4
 Concurrent Workers: 1
 Concurrent Refinement Workers: 4
 Periodic GC: Disabled

Heap:
 garbage-first heap   total 65536K, used 22157K [0x00000000fc000000, 0x0000000100000000)
  region size 1024K, 16 young (16384K), 3 survivors (3072K)
 Metaspace       used 8078K, committed 8320K, reserved 1056768K
  class space    used 1069K, committed 1152K, reserved 1048576K

Heap Regions: E=young(eden), S=young(survivor), O=old, HS=humongous(starts), HC=humongous(continues), CS=collection set, F=free, OA=open archive, CA=closed archive, TAMS=top-at-mark-start (previous, next)
|   0|0x00000000fc000000, 0x00000000fc100000, 0x00000000fc100000|100%|HS|  |TAMS 0x00000000fc000000, 0x00000000fc000000| Complete 
|   1|0x00000000fc100000, 0x00000000fc200000, 0x00000000fc200000|100%|HC|  |TAMS 0x00000000fc100000, 0x00000000fc100000| Complete 
|   2|0x00000000fc200000, 0x00000000fc300000, 0x00000000fc300000|100%|HC|  |TAMS 0x00000000fc200000, 0x00000000fc200000| Complete 
|   3|0x00000000fc300000, 0x00000000fc400000, 0x00000000fc400000|100%| O|  |TAMS 0x00000000fc300000, 0x00000000fc300000| Untracked 
|   4|0x00000000fc400000, 0x00000000fc500000, 0x00000000fc500000|100%| O|  |TAMS 0x00000000fc400000, 0x00000000fc400000| Untracked 
|   5|0x00000000fc500000, 0x00000000fc600000, 0x00000000fc600000|100%| O|  |TAMS 0x00000000fc500000, 0x00000000fc500000| Untracked 
|   6|0x00000000fc600000, 0x00000000fc6a3600, 0x00000000fc700000| 63%| O|  |TAMS 0x00000000fc600000, 0x00000000fc600000| Untracked 
|   7|0x00000000fc700000, 0x00000000fc700000, 0x00000000fc800000|  0%| F|  |TAMS 0x00000000fc700000, 0x00000000fc700000| Untracked 
|   8|0x00000000fc800000, 0x00000000fc800000, 0x00000000fc900000|  0%| F|  |TAMS 0x00000000fc800000, 0x00000000fc800000| Untracked 
|   9|0x00000000fc900000, 0x00000000fc900000, 0x00000000fca00000|  0%| F|  |TAMS 0x00000000fc900000, 0x00000000fc900000| Untracked 
|  10|0x00000000fca00000, 0x00000000fca00000, 0x00000000fcb00000|  0%| F|  |TAMS 0x00000000fca00000, 0x00000000fca00000| Untracked 
|  11|0x00000000fcb00000, 0x00000000fcb00000, 0x00000000fcc00000|  0%| F|  |TAMS 0x00000000fcb00000, 0x00000000fcb00000| Untracked 
|  12|0x00000000fcc00000, 0x00000000fcc00000, 0x00000000fcd00000|  0%| F|  |TAMS 0x00000000fcc00000, 0x00000000fcc00000| Untracked 
|  13|0x00000000fcd00000, 0x00000000fcd00000, 0x00000000fce00000|  0%| F|  |TAMS 0x00000000fcd00000, 0x00000000fcd00000| Untracked 
|  14|0x00000000fce00000, 0x00000000fce00000, 0x00000000fcf00000|  0%| F|  |TAMS 0x00000000fce00000, 0x00000000fce00000| Untracked 
|  15|0x00000000fcf00000, 0x00000000fcf00000, 0x00000000fd000000|  0%| F|  |TAMS 0x00000000fcf00000, 0x00000000fcf00000| Untracked 
|  16|0x00000000fd000000, 0x00000000fd000000, 0x00000000fd100000|  0%| F|  |TAMS 0x00000000fd000000, 0x00000000fd000000| Untracked 
|  17|0x00000000fd100000, 0x00000000fd100000, 0x00000000fd200000|  0%| F|  |TAMS 0x00000000fd100000, 0x00000000fd100000| Untracked 
|  18|0x00000000fd200000, 0x00000000fd200000, 0x00000000fd300000|  0%| F|  |TAMS 0x00000000fd200000, 0x00000000fd200000| Untracked 
|  19|0x00000000fd300000, 0x00000000fd300000, 0x00000000fd400000|  0%| F|  |TAMS 0x00000000fd300000, 0x00000000fd300000| Untracked 
|  20|0x00000000fd400000, 0x00000000fd400000, 0x00000000fd500000|  0%| F|  |TAMS 0x00000000fd400000, 0x00000000fd400000| Untracked 
|  21|0x00000000fd500000, 0x00000000fd500000, 0x00000000fd600000|  0%| F|  |TAMS 0x00000000fd500000, 0x00000000fd500000| Untracked 
|  22|0x00000000fd600000, 0x00000000fd600000, 0x00000000fd700000|  0%| F|  |TAMS 0x00000000fd600000, 0x00000000fd600000| Untracked 
|  23|0x00000000fd700000, 0x00000000fd700000, 0x00000000fd800000|  0%| F|  |TAMS 0x00000000fd700000, 0x00000000fd700000| Untracked 
|  24|0x00000000fd800000, 0x00000000fd800000, 0x00000000fd900000|  0%| F|  |TAMS 0x00000000fd800000, 0x00000000fd800000| Untracked 
|  25|0x00000000fd900000, 0x00000000fd900000, 0x00000000fda00000|  0%| F|  |TAMS 0x00000000fd900000, 0x00000000fd900000| Untracked 
|  26|0x00000000fda00000, 0x00000000fda00000, 0x00000000fdb00000|  0%| F|  |TAMS 0x00000000fda00000, 0x00000000fda00000| Untracked 
|  27|0x00000000fdb00000, 0x00000000fdb00000, 0x00000000fdc00000|  0%| F|  |TAMS 0x00000000fdb00000, 0x00000000fdb00000| Untracked 
|  28|0x00000000fdc00000, 0x00000000fdc00000, 0x00000000fdd00000|  0%| F|  |TAMS 0x00000000fdc00000, 0x00000000fdc00000| Untracked 
|  29|0x00000000fdd00000, 0x00000000fdd00000, 0x00000000fde00000|  0%| F|  |TAMS 0x00000000fdd00000, 0x00000000fdd00000| Untracked 
|  30|0x00000000fde00000, 0x00000000fde00000, 0x00000000fdf00000|  0%| F|  |TAMS 0x00000000fde00000, 0x00000000fde00000| Untracked 
|  31|0x00000000fdf00000, 0x00000000fdf00000, 0x00000000fe000000|  0%| F|  |TAMS 0x00000000fdf00000, 0x00000000fdf00000| Untracked 
|  32|0x00000000fe000000, 0x00000000fe000000, 0x00000000fe100000|  0%| F|  |TAMS 0x00000000fe000000, 0x00000000fe000000| Untracked 
|  33|0x00000000fe100000, 0x00000000fe100000, 0x00000000fe200000|  0%| F|  |TAMS 0x00000000fe100000, 0x00000000fe100000| Untracked 
|  34|0x00000000fe200000, 0x00000000fe200000, 0x00000000fe300000|  0%| F|  |TAMS 0x00000000fe200000, 0x00000000fe200000| Untracked 
|  35|0x00000000fe300000, 0x00000000fe300000, 0x00000000fe400000|  0%| F|  |TAMS 0x00000000fe300000, 0x00000000fe300000| Untracked 
|  36|0x00000000fe400000, 0x00000000fe400000, 0x00000000fe500000|  0%| F|  |TAMS 0x00000000fe400000, 0x00000000fe400000| Untracked 
|  37|0x00000000fe500000, 0x00000000fe500000, 0x00000000fe600000|  0%| F|  |TAMS 0x00000000fe500000, 0x00000000fe500000| Untracked 
|  38|0x00000000fe600000, 0x00000000fe600000, 0x00000000fe700000|  0%| F|  |TAMS 0x00000000fe600000, 0x00000000fe600000| Untracked 
|  39|0x00000000fe700000, 0x00000000fe700000, 0x00000000fe800000|  0%| F|  |TAMS 0x00000000fe700000, 0x00000000fe700000| Untracked 
|  40|0x00000000fe800000, 0x00000000fe800000, 0x00000000fe900000|  0%| F|  |TAMS 0x00000000fe800000, 0x00000000fe800000| Untracked 
|  41|0x00000000fe900000, 0x00000000fe900000, 0x00000000fea00000|  0%| F|  |TAMS 0x00000000fe900000, 0x00000000fe900000| Untracked 
|  42|0x00000000fea00000, 0x00000000fea00000, 0x00000000feb00000|  0%| F|  |TAMS 0x00000000fea00000, 0x00000000fea00000| Untracked 
|  43|0x00000000feb00000, 0x00000000feb00000, 0x00000000fec00000|  0%| F|  |TAMS 0x00000000feb00000, 0x00000000feb00000| Untracked 
|  44|0x00000000fec00000, 0x00000000fed00000, 0x00000000fed00000|100%| S|CS|TAMS 0x00000000fec00000, 0x00000000fec00000| Complete 
|  45|0x00000000fed00000, 0x00000000fee00000, 0x00000000fee00000|100%| S|CS|TAMS 0x00000000fed00000, 0x00000000fed00000| Complete 
|  46|0x00000000fee00000, 0x00000000fef00000, 0x00000000fef00000|100%| S|CS|TAMS 0x00000000fee00000, 0x00000000fee00000| Complete 
|  47|0x00000000fef00000, 0x00000000fef00000, 0x00000000ff000000|  0%| F|  |TAMS 0x00000000fef00000, 0x00000000fef00000| Untracked 
|  48|0x00000000ff000000, 0x00000000ff000000, 0x00000000ff100000|  0%| F|  |TAMS 0x00000000ff000000, 0x00000000ff000000| Untracked 
|  49|0x00000000ff100000, 0x00000000ff100000, 0x00000000ff200000|  0%| F|  |TAMS 0x00000000ff100000, 0x00000000ff100000| Untracked 
|  50|0x00000000ff200000, 0x00000000ff200000, 0x00000000ff300000|  0%| F|  |TAMS 0x00000000ff200000, 0x00000000ff200000| Untracked 
|  51|0x00000000ff300000, 0x00000000ff367620, 0x00000000ff400000| 40%| E|  |TAMS 0x00000000ff300000, 0x00000000ff300000| Complete 
|  52|0x00000000ff400000, 0x00000000ff500000, 0x00000000ff500000|100%| E|CS|TAMS 0x00000000ff400000, 0x00000000ff400000| Complete 
|  53|0x00000000ff500000, 0x00000000ff600000, 0x00000000ff600000|100%| E|CS|TAMS 0x00000000ff500000, 0x00000000ff500000| Complete 
|  54|0x00000000ff600000, 0x00000000ff700000, 0x00000000ff700000|100%| E|CS|TAMS 0x00000000ff600000, 0x00000000ff600000| Complete 
|  55|0x00000000ff700000, 0x00000000ff800000, 0x00000000ff800000|100%| E|CS|TAMS 0x00000000ff700000, 0x00000000ff700000| Complete 
|  56|0x00000000ff800000, 0x00000000ff900000, 0x00000000ff900000|100%| E|CS|TAMS 0x00000000ff800000, 0x00000000ff800000| Complete 
|  57|0x00000000ff900000, 0x00000000ffa00000, 0x00000000ffa00000|100%| E|CS|TAMS 0x00000000ff900000, 0x00000000ff900000| Complete 
|  58|0x00000000ffa00000, 0x00000000ffb00000, 0x00000000ffb00000|100%| E|CS|TAMS 0x00000000ffa00000, 0x00000000ffa00000| Complete 
|  59|0x00000000ffb00000, 0x00000000ffc00000, 0x00000000ffc00000|100%| E|CS|TAMS 0x00000000ffb00000, 0x00000000ffb00000| Complete 
|  60|0x00000000ffc00000, 0x00000000ffd00000, 0x00000000ffd00000|100%| E|CS|TAMS 0x00000000ffc00000, 0x00000000ffc00000| Complete 
|  61|0x00000000ffd00000, 0x00000000ffe00000, 0x00000000ffe00000|100%| E|CS|TAMS 0x00000000ffd00000, 0x00000000ffd00000| Complete 
|  62|0x00000000ffe00000, 0x00000000fff00000, 0x00000000fff00000|100%| E|CS|TAMS 0x00000000ffe00000, 0x00000000ffe00000| Complete 
|  63|0x00000000fff00000, 0x0000000100000000, 0x0000000100000000|100%| E|CS|TAMS 0x00000000fff00000, 0x00000000fff00000| Complete 

Card table byte_map: [0x0000026afd8d0000,0x0000026afd8f0000] _byte_map_base: 0x0000026afd0f0000

Marking Bits (Prev, Next): (CMBitMap*) 0x0000026af4235620, (CMBitMap*) 0x0000026af4235660
 Prev Bits: [0x0000026afd910000, 0x0000026afda10000)
 Next Bits: [0x0000026afda10000, 0x0000026afdb10000)

Polling page: 0x0000026af42f0000

Metaspace:

Usage:
  Non-class:      6.84 MB used.
      Class:      1.04 MB used.
       Both:      7.89 MB used.

Virtual space:
  Non-class space:        8.00 MB reserved,       7.00 MB ( 88%) committed,  1 nodes.
      Class space:        1.00 GB reserved,       1.12 MB ( <1%) committed,  1 nodes.
             Both:        1.01 GB reserved,       8.12 MB ( <1%) committed. 

Chunk freelists:
   Non-Class:  504.00 KB
       Class:  2.88 MB
        Both:  3.38 MB

MaxMetaspaceSize: unlimited
CompressedClassSpaceSize: 1.00 GB
Initial GC threshold: 21.00 MB
Current GC threshold: 21.00 MB
CDS: on
MetaspaceReclaimPolicy: balanced
 - commit_granule_bytes: 65536.
 - commit_granule_words: 8192.
 - virtual_space_node_default_size: 1048576.
 - enlarge_chunks_in_place: 1.
 - new_chunks_are_fully_committed: 0.
 - uncommit_free_chunks: 1.
 - use_allocation_guard: 0.
 - handle_deallocations: 1.


Internal statistics:

num_allocs_failed_limit: 0.
num_arena_births: 86.
num_arena_deaths: 0.
num_vsnodes_births: 2.
num_vsnodes_deaths: 0.
num_space_committed: 130.
num_space_uncommitted: 0.
num_chunks_returned_to_freelist: 0.
num_chunks_taken_from_freelist: 297.
num_chunk_merges: 0.
num_chunk_splits: 199.
num_chunks_enlarged: 163.
num_purges: 0.
num_inconsistent_stats: 0.

CodeHeap 'non-profiled nmethods': size=120000Kb used=584Kb max_used=584Kb free=119415Kb
 bounds [0x0000026a87ad0000, 0x0000026a87d40000, 0x0000026a8f000000]
CodeHeap 'profiled nmethods': size=120000Kb used=2899Kb max_used=2899Kb free=117101Kb
 bounds [0x0000026a80000000, 0x0000026a802e0000, 0x0000026a87530000]
CodeHeap 'non-nmethods': size=5760Kb used=1170Kb max_used=1191Kb free=4589Kb
 bounds [0x0000026a87530000, 0x0000026a877a0000, 0x0000026a87ad0000]
 total_blobs=1927 nmethods=1460 adapters=380
 compilation: enabled
              stopped_count=0, restarted_count=0
 full_count=0

Compilation events (20 events):
Event: 9.485 Thread 0x0000026a8f0f2080 nmethod 1448 0x0000026a87b60c10 code [0x0000026a87b60da0, 0x0000026a87b61478]
Event: 9.485 Thread 0x0000026a8f0f2080 1449       4       java.util.StringTokenizer::skipDelimiters (116 bytes)
Event: 9.486 Thread 0x0000026a8f15a5e0 1458       3       java.lang.StringUTF16::getChar (60 bytes)
Event: 9.486 Thread 0x0000026a8f15a5e0 nmethod 1458 0x0000026a802d2a90 code [0x0000026a802d2c20, 0x0000026a802d2d98]
Event: 9.489 Thread 0x0000026a8f0f2080 nmethod 1449 0x0000026a87b61810 code [0x0000026a87b619a0, 0x0000026a87b61d08]
Event: 9.489 Thread 0x0000026a8f0f2080 1459       4       java.lang.StringUTF16::getChar (60 bytes)
Event: 9.490 Thread 0x0000026a8f0f2080 nmethod 1459 0x0000026a87b61f90 code [0x0000026a87b62100, 0x0000026a87b621d8]
Event: 9.604 Thread 0x0000026a8f15a5e0 1460       3       java.util.concurrent.ThreadPoolExecutor::runStateAtLeast (11 bytes)
Event: 9.604 Thread 0x0000026a8f15a5e0 nmethod 1460 0x0000026a802d2e90 code [0x0000026a802d3020, 0x0000026a802d3178]
Event: 9.604 Thread 0x0000026a8f15a5e0 1461       3       java.util.ArrayList::isEmpty (13 bytes)
Event: 9.604 Thread 0x0000026a8f15a5e0 nmethod 1461 0x0000026a802d3210 code [0x0000026a802d33a0, 0x0000026a802d3518]
Event: 9.763 Thread 0x0000026a8f15a5e0 1462       3       java.util.concurrent.locks.AbstractQueuedSynchronizer::release (19 bytes)
Event: 9.763 Thread 0x0000026a8f15a5e0 nmethod 1462 0x0000026a802d3590 code [0x0000026a802d3780, 0x0000026a802d3c08]
Event: 9.764 Thread 0x0000026a8f15a5e0 1463       3       java.util.concurrent.locks.AbstractQueuedSynchronizer::compareAndSetState (13 bytes)
Event: 9.764 Thread 0x0000026a8f15a5e0 nmethod 1463 0x0000026a802d3d90 code [0x0000026a802d3f20, 0x0000026a802d4058]
Event: 10.370 Thread 0x0000026a8f15a5e0 1464       3       java.util.LinkedHashMap$LinkedHashIterator::<init> (31 bytes)
Event: 10.370 Thread 0x0000026a8f15a5e0 nmethod 1464 0x0000026a802d4110 code [0x0000026a802d42c0, 0x0000026a802d4518]
Event: 11.708 Thread 0x0000026a8f15a5e0 1465       3       java.util.concurrent.locks.ReentrantLock$Sync::tryRelease (51 bytes)
Event: 11.709 Thread 0x0000026a8f15a5e0 nmethod 1465 0x0000026a802d4610 code [0x0000026a802d47c0, 0x0000026a802d4b08]
Event: 11.966 Thread 0x0000026a8f15a5e0 1466       3       java.lang.String::codePointAt (50 bytes)

GC Heap History (4 events):
Event: 3.011 GC heap before
{Heap before GC invocations=0 (full 0):
 garbage-first heap   total 65536K, used 16384K [0x00000000fc000000, 0x0000000100000000)
  region size 1024K, 13 young (13312K), 0 survivors (0K)
 Metaspace       used 2034K, committed 2176K, reserved 1056768K
  class space    used 198K, committed 256K, reserved 1048576K
}
Event: 3.136 GC heap after
{Heap after GC invocations=1 (full 0):
 garbage-first heap   total 65536K, used 3428K [0x00000000fc000000, 0x0000000100000000)
  region size 1024K, 2 young (2048K), 2 survivors (2048K)
 Metaspace       used 2034K, committed 2176K, reserved 1056768K
  class space    used 198K, committed 256K, reserved 1048576K
}
Event: 5.101 GC heap before
{Heap before GC invocations=1 (full 0):
 garbage-first heap   total 65536K, used 20836K [0x00000000fc000000, 0x0000000100000000)
  region size 1024K, 17 young (17408K), 2 survivors (2048K)
 Metaspace       used 5568K, committed 5760K, reserved 1056768K
  class space    used 774K, committed 832K, reserved 1048576K
}
Event: 5.104 GC heap after
{Heap after GC invocations=2 (full 0):
 garbage-first heap   total 65536K, used 9869K [0x00000000fc000000, 0x0000000100000000)
  region size 1024K, 3 young (3072K), 3 survivors (3072K)
 Metaspace       used 5568K, committed 5760K, reserved 1056768K
  class space    used 774K, committed 832K, reserved 1048576K
}

Deoptimization events (20 events):
Event: 7.785 Thread 0x0000026af4215380 DEOPT PACKING pc=0x0000026a800b3347 sp=0x000000f7e36fced0
Event: 7.785 Thread 0x0000026af4215380 DEOPT UNPACKING pc=0x0000026a87582b43 sp=0x000000f7e36fc398 mode 0
Event: 8.120 Thread 0x0000026af4215380 DEOPT PACKING pc=0x0000026a80204b08 sp=0x000000f7e36fcfe0
Event: 8.120 Thread 0x0000026af4215380 DEOPT UNPACKING pc=0x0000026a87582b43 sp=0x000000f7e36fc4e8 mode 0
Event: 8.985 Thread 0x0000026a8feaeeb0 Uncommon trap: trap_request=0xffffff45 fr.pc=0x0000026a87b21448 relative=0x0000000000000048
Event: 8.985 Thread 0x0000026a8feaeeb0 Uncommon trap: reason=unstable_if action=reinterpret pc=0x0000026a87b21448 method=java.lang.CharacterData.of(I)Ljava/lang/CharacterData; @ 4 c2
Event: 8.985 Thread 0x0000026a8feaeeb0 DEOPT PACKING pc=0x0000026a87b21448 sp=0x000000f7e4efe5e0
Event: 8.985 Thread 0x0000026a8feaeeb0 DEOPT UNPACKING pc=0x0000026a875823a3 sp=0x000000f7e4efe578 mode 2
Event: 9.488 Thread 0x0000026a8feaeeb0 Uncommon trap: trap_request=0xffffff45 fr.pc=0x0000026a87b0c968 relative=0x0000000000000528
Event: 9.488 Thread 0x0000026a8feaeeb0 Uncommon trap: reason=unstable_if action=reinterpret pc=0x0000026a87b0c968 method=java.lang.AbstractStringBuilder.putStringAt(ILjava/lang/String;II)V @ 8 c2
Event: 9.488 Thread 0x0000026a8feaeeb0 DEOPT PACKING pc=0x0000026a87b0c968 sp=0x000000f7e4efeec0
Event: 9.488 Thread 0x0000026a8feaeeb0 DEOPT UNPACKING pc=0x0000026a875823a3 sp=0x000000f7e4efed48 mode 2
Event: 9.488 Thread 0x0000026a8feaeeb0 Uncommon trap: trap_request=0xffffff45 fr.pc=0x0000026a87b07dc0 relative=0x0000000000000500
Event: 9.488 Thread 0x0000026a8feaeeb0 Uncommon trap: reason=unstable_if action=reinterpret pc=0x0000026a87b07dc0 method=java.lang.AbstractStringBuilder.putStringAt(ILjava/lang/String;II)V @ 8 c2
Event: 9.488 Thread 0x0000026a8feaeeb0 DEOPT PACKING pc=0x0000026a87b07dc0 sp=0x000000f7e4efee50
Event: 9.488 Thread 0x0000026a8feaeeb0 DEOPT UNPACKING pc=0x0000026a875823a3 sp=0x000000f7e4efed40 mode 2
Event: 11.966 Thread 0x0000026a8feaeeb0 Uncommon trap: trap_request=0xffffff45 fr.pc=0x0000026a87aed604 relative=0x0000000000000084
Event: 11.966 Thread 0x0000026a8feaeeb0 Uncommon trap: reason=unstable_if action=reinterpret pc=0x0000026a87aed604 method=java.lang.String.codePointAt(I)I @ 4 c2
Event: 11.966 Thread 0x0000026a8feaeeb0 DEOPT PACKING pc=0x0000026a87aed604 sp=0x000000f7e4efee60
Event: 11.966 Thread 0x0000026a8feaeeb0 DEOPT UNPACKING pc=0x0000026a875823a3 sp=0x000000f7e4efedf8 mode 2

Classes unloaded (0 events):
No events

Classes redefined (0 events):
No events

Internal exceptions (20 events):
Event: 4.061 Thread 0x0000026af4215380 Exception <a 'java/lang/NoSuchMethodError'{0x00000000ff9b7300}: 'void java.lang.invoke.DirectMethodHandle$Holder.invokeStatic(java.lang.Object, java.lang.Object)'> (0x00000000ff9b7300) 
thrown [s\open\src\hotspot\share\interpreter\linkResolver.cpp, line 759]
Event: 4.171 Thread 0x0000026af4215380 Exception <a 'java/lang/NoClassDefFoundError'{0x00000000ff83a300}: org/slf4j/impl/StaticMarkerBinder> (0x00000000ff83a300) 
thrown [s\open\src\hotspot\share\classfile\systemDictionary.cpp, line 245]
Event: 4.281 Thread 0x0000026af4215380 Exception <a 'java/lang/NoSuchMethodError'{0x00000000ff8d53b8}: 'java.lang.Object java.lang.invoke.DirectMethodHandle$Holder.invokeVirtual(java.lang.Object, java.lang.Object, java.lang.Object, java.lang.Object, java.lang.Object, java.lang.Object, java.lang.Object)'> (0x00000000ff8d53b8) 
thrown [s\open\src\hotspot\share\interpreter\linkResolver.cpp, line 759]
Event: 4.283 Thread 0x0000026af4215380 Exception <a 'java/lang/NoSuchMethodError'{0x00000000ff8e5f08}: 'java.lang.Object java.lang.invoke.Invokers$Holder.invoker(java.lang.Object, java.lang.Object, java.lang.Object)'> (0x00000000ff8e5f08) 
thrown [s\open\src\hotspot\share\interpreter\linkResolver.cpp, line 759]
Event: 4.285 Thread 0x0000026af4215380 Exception <a 'java/lang/NoSuchMethodError'{0x00000000ff8eefd8}: 'java.lang.Object java.lang.invoke.DirectMethodHandle$Holder.invokeStatic(java.lang.Object, java.lang.Object, int)'> (0x00000000ff8eefd8) 
thrown [s\open\src\hotspot\share\interpreter\linkResolver.cpp, line 759]
Event: 4.287 Thread 0x0000026af4215380 Exception <a 'java/lang/NoSuchMethodError'{0x00000000ff8faf28}: 'void java.lang.invoke.DelegatingMethodHandle$Holder.delegate(java.lang.Object, java.lang.Object, int, java.lang.Object)'> (0x00000000ff8faf28) 
thrown [s\open\src\hotspot\share\interpreter\linkResolver.cpp, line 759]
Event: 4.288 Thread 0x0000026af4215380 Exception <a 'java/lang/NoSuchMethodError'{0x00000000ff8ff070}: 'int java.lang.invoke.DirectMethodHandle$Holder.invokeSpecial(java.lang.Object, java.lang.Object, java.lang.Object)'> (0x00000000ff8ff070) 
thrown [s\open\src\hotspot\share\interpreter\linkResolver.cpp, line 759]
Event: 4.292 Thread 0x0000026af4215380 Exception <a 'java/lang/NoSuchMethodError'{0x00000000ff712670}: 'java.lang.Object java.lang.invoke.Invokers$Holder.invokeExact_MT(java.lang.Object, java.lang.Object, java.lang.Object, java.lang.Object)'> (0x00000000ff712670) 
thrown [s\open\src\hotspot\share\interpreter\linkResolver.cpp, line 759]
Event: 4.724 Thread 0x0000026af4215380 Exception <a 'java/lang/NoSuchMethodError'{0x00000000ff302670}: 'java.lang.Object java.lang.invoke.DirectMethodHandle$Holder.invokeInterface(java.lang.Object, java.lang.Object, java.lang.Object)'> (0x00000000ff302670) 
thrown [s\open\src\hotspot\share\interpreter\linkResolver.cpp, line 759]
Event: 4.751 Thread 0x0000026af4215380 Implicit null exception at 0x0000026a87b17531 to 0x0000026a87b179b4
Event: 4.751 Thread 0x0000026af4215380 Implicit null exception at 0x0000026a87b1062c to 0x0000026a87b10a84
Event: 4.825 Thread 0x0000026af4215380 Exception <a 'java/lang/NoSuchMethodError'{0x00000000ff0b42e8}: 'java.lang.Object java.lang.invoke.DirectMethodHandle$Holder.invokeStaticInit(java.lang.Object)'> (0x00000000ff0b42e8) 
thrown [s\open\src\hotspot\share\interpreter\linkResolver.cpp, line 759]
Event: 5.385 Thread 0x0000026af4215380 Exception <a 'java/lang/NoSuchMethodError'{0x00000000ffdcdf38}: 'java.lang.Object java.lang.invoke.DirectMethodHandle$Holder.invokeStaticInit(java.lang.Object, int, int, int, int)'> (0x00000000ffdcdf38) 
thrown [s\open\src\hotspot\share\interpreter\linkResolver.cpp, line 759]
Event: 5.727 Thread 0x0000026af4215380 Exception <a 'java/lang/NoSuchMethodError'{0x00000000ffc05168}: 'java.lang.Object java.lang.invoke.DirectMethodHandle$Holder.invokeStaticInit(java.lang.Object, java.lang.Object, int, int, int, int)'> (0x00000000ffc05168) 
thrown [s\open\src\hotspot\share\interpreter\linkResolver.cpp, line 759]
Event: 6.840 Thread 0x0000026af4215380 Exception <a 'java/lang/NoSuchMethodError'{0x00000000ffc316d0}: 'void java.lang.invoke.DirectMethodHandle$Holder.invokeStatic(java.lang.Object, java.lang.Object, java.lang.Object)'> (0x00000000ffc316d0) 
thrown [s\open\src\hotspot\share\interpreter\linkResolver.cpp, line 759]
Event: 8.959 Thread 0x0000026a8feaeeb0 Exception <a 'java/lang/NoSuchMethodError'{0x00000000ff4792c0}: 'void java.lang.invoke.DirectMethodHandle$Holder.invokeStatic(java.lang.Object, long)'> (0x00000000ff4792c0) 
thrown [s\open\src\hotspot\share\interpreter\linkResolver.cpp, line 759]
Event: 8.960 Thread 0x0000026a8feaeeb0 Exception <a 'java/lang/NoSuchMethodError'{0x00000000ff47ec18}: 'java.lang.Object java.lang.invoke.DirectMethodHandle$Holder.newInvokeSpecial(java.lang.Object, long)'> (0x00000000ff47ec18) 
thrown [s\open\src\hotspot\share\interpreter\linkResolver.cpp, line 759]
Event: 8.965 Thread 0x0000026a8feaeeb0 Exception <a 'java/lang/NoSuchMethodError'{0x00000000ff489dc0}: 'java.lang.Object java.lang.invoke.DirectMethodHandle$Holder.invokeStaticInit(java.lang.Object, java.lang.Object, long, java.lang.Object)'> (0x00000000ff489dc0) 
thrown [s\open\src\hotspot\share\interpreter\linkResolver.cpp, line 759]
Event: 8.966 Thread 0x0000026a8feaeeb0 Exception <a 'java/lang/NoSuchMethodError'{0x00000000ff490480}: 'java.lang.Object java.lang.invoke.DirectMethodHandle$Holder.newInvokeSpecial(java.lang.Object, java.lang.Object, long)'> (0x00000000ff490480) 
thrown [s\open\src\hotspot\share\interpreter\linkResolver.cpp, line 759]
Event: 8.966 Thread 0x0000026a8feaeeb0 Exception <a 'java/lang/NoSuchMethodError'{0x00000000ff494770}: 'java.lang.Object java.lang.invoke.Invokers$Holder.linkToTargetMethod(java.lang.Object, long, java.lang.Object)'> (0x00000000ff494770) 
thrown [s\open\src\hotspot\share\interpreter\linkResolver.cpp, line 759]

VM Operations (20 events):
Event: 5.100 Executing VM operation: G1CollectForAllocation
Event: 5.104 Executing VM operation: G1CollectForAllocation done
Event: 5.396 Executing VM operation: HandshakeAllThreads
Event: 5.396 Executing VM operation: HandshakeAllThreads done
Event: 5.663 Executing VM operation: HandshakeAllThreads
Event: 5.663 Executing VM operation: HandshakeAllThreads done
Event: 6.663 Executing VM operation: Cleanup
Event: 6.663 Executing VM operation: Cleanup done
Event: 6.958 Executing VM operation: HandshakeAllThreads
Event: 6.958 Executing VM operation: HandshakeAllThreads done
Event: 7.967 Executing VM operation: Cleanup
Event: 7.968 Executing VM operation: Cleanup done
Event: 8.140 Executing VM operation: HandshakeAllThreads
Event: 8.140 Executing VM operation: HandshakeAllThreads done
Event: 8.985 Executing VM operation: HandshakeAllThreads
Event: 9.484 Executing VM operation: HandshakeAllThreads done
Event: 9.484 Executing VM operation: Cleanup
Event: 9.484 Executing VM operation: Cleanup done
Event: 10.492 Executing VM operation: Cleanup
Event: 10.492 Executing VM operation: Cleanup done

Events (20 events):
Event: 8.972 loading class java/util/Scanner done
Event: 8.974 loading class java/util/Scanner$PatternLRUCache
Event: 8.974 loading class java/util/Scanner$PatternLRUCache done
Event: 8.976 loading class sun/util/resources/LocaleData$CommonResourceBundleProvider
Event: 8.976 loading class sun/util/resources/LocaleData$LocaleDataResourceBundleProvider
Event: 8.976 loading class java/util/spi/ResourceBundleProvider
Event: 8.976 loading class java/util/spi/ResourceBundleProvider done
Event: 8.976 loading class sun/util/resources/LocaleData$LocaleDataResourceBundleProvider done
Event: 8.976 loading class sun/util/resources/LocaleData$CommonResourceBundleProvider done
Event: 8.976 loading class sun/text/resources/cldr/FormatData_en
Event: 8.977 loading class sun/text/resources/cldr/FormatData_en done
Event: 8.977 loading class sun/util/resources/Bundles$2
Event: 8.977 loading class sun/util/resources/Bundles$2 done
Event: 8.978 loading class java/lang/InstantiationException
Event: 8.978 loading class java/lang/InstantiationException done
Event: 9.483 Thread 0x0000026a905d02e0 Thread exited: 0x0000026a905d02e0
Event: 9.488 loading class java/io/PrintWriter
Event: 9.488 loading class java/io/PrintWriter done
Event: 11.967 loading class java/util/regex/Matcher$ImmutableMatchResult
Event: 11.967 loading class java/util/regex/Matcher$ImmutableMatchResult done


Dynamic libraries:
0x00007ff734340000 - 0x00007ff734350000 	C:\Program Files\Java\jdk-17\bin\java.exe
0x00007ffa9d590000 - 0x00007ffa9d788000 	C:\Windows\SYSTEM32\ntdll.dll
0x00007ffa9b7a0000 - 0x00007ffa9b85f000 	C:\Windows\System32\KERNEL32.DLL
0x00007ffa9ad10000 - 0x00007ffa9b006000 	C:\Windows\System32\KERNELBASE.dll
0x00007ffa9b010000 - 0x00007ffa9b110000 	C:\Windows\System32\ucrtbase.dll
0x00007ffa7cd30000 - 0x00007ffa7cd49000 	C:\Program Files\Java\jdk-17\bin\jli.dll
0x00007ffa9bcb0000 - 0x00007ffa9bd5f000 	C:\Windows\System32\ADVAPI32.dll
0x00007ffa9bd90000 - 0x00007ffa9be2e000 	C:\Windows\System32\msvcrt.dll
0x00007ffa9bc10000 - 0x00007ffa9bcac000 	C:\Windows\System32\sechost.dll
0x00007ffa9d3c0000 - 0x00007ffa9d4e6000 	C:\Windows\System32\RPCRT4.dll
0x00007ffa9b600000 - 0x00007ffa9b79d000 	C:\Windows\System32\USER32.dll
0x00007ffa9b3c0000 - 0x00007ffa9b3e2000 	C:\Windows\System32\win32u.dll
0x00007ffa9bd60000 - 0x00007ffa9bd8c000 	C:\Windows\System32\GDI32.dll
0x00007ffa9b160000 - 0x00007ffa9b275000 	C:\Windows\System32\gdi32full.dll
0x00007ffa9b3f0000 - 0x00007ffa9b48d000 	C:\Windows\System32\msvcp_win.dll
0x00007ffa772c0000 - 0x00007ffa772db000 	C:\Program Files\Java\jdk-17\bin\VCRUNTIME140.dll
0x00007ffa77020000 - 0x00007ffa772ba000 	C:\Windows\WinSxS\amd64_microsoft.windows.common-controls_6595b64144ccf1df_6.0.19041.1110_none_60b5254171f9507e\COMCTL32.dll
0x00007ffa921b0000 - 0x00007ffa921ba000 	C:\Windows\SYSTEM32\VERSION.dll
0x00007ffa9c500000 - 0x00007ffa9c530000 	C:\Windows\System32\IMM32.DLL
0x00007ffa8bbd0000 - 0x00007ffa8bbdc000 	C:\Program Files\Java\jdk-17\bin\vcruntime140_1.dll
0x00007ffa57b90000 - 0x00007ffa57c1e000 	C:\Program Files\Java\jdk-17\bin\msvcp140.dll
0x00007ffa28ca0000 - 0x00007ffa2987d000 	C:\Program Files\Java\jdk-17\bin\server\jvm.dll
0x00007ffa9b5f0000 - 0x00007ffa9b5f8000 	C:\Windows\System32\PSAPI.DLL
0x00007ffa8af90000 - 0x00007ffa8af99000 	C:\Windows\SYSTEM32\WSOCK32.dll
0x00007ffa9c890000 - 0x00007ffa9c8fb000 	C:\Windows\System32\WS2_32.dll
0x00007ffa6ffa0000 - 0x00007ffa6ffc7000 	C:\Windows\SYSTEM32\WINMM.dll
0x00007ffa99490000 - 0x00007ffa994a2000 	C:\Windows\SYSTEM32\kernel.appcore.dll
0x00007ffa817a0000 - 0x00007ffa817aa000 	C:\Program Files\Java\jdk-17\bin\jimage.dll
0x00007ffa95870000 - 0x00007ffa95a54000 	C:\Windows\SYSTEM32\DBGHELP.DLL
0x00007ffa89080000 - 0x00007ffa890b4000 	C:\Windows\SYSTEM32\dbgcore.DLL
0x00007ffa9b330000 - 0x00007ffa9b3b2000 	C:\Windows\System32\bcryptPrimitives.dll
0x00007ffa73c90000 - 0x00007ffa73cb5000 	C:\Program Files\Java\jdk-17\bin\java.dll
0x00007ffa2df30000 - 0x00007ffa2e007000 	C:\Program Files\Java\jdk-17\bin\jsvml.dll
0x00007ffa9ca90000 - 0x00007ffa9d1d4000 	C:\Windows\System32\SHELL32.dll
0x00007ffa98cf0000 - 0x00007ffa99483000 	C:\Windows\SYSTEM32\windows.storage.dll
0x00007ffa9c530000 - 0x00007ffa9c884000 	C:\Windows\System32\combase.dll
0x00007ffa9a5e0000 - 0x00007ffa9a60e000 	C:\Windows\SYSTEM32\Wldp.dll
0x00007ffa9c450000 - 0x00007ffa9c4fd000 	C:\Windows\System32\SHCORE.dll
0x00007ffa9d360000 - 0x00007ffa9d3b5000 	C:\Windows\System32\shlwapi.dll
0x00007ffa9aba0000 - 0x00007ffa9abc5000 	C:\Windows\SYSTEM32\profapi.dll
0x00007ffa76800000 - 0x00007ffa76819000 	C:\Program Files\Java\jdk-17\bin\net.dll
0x00007ffa8fc50000 - 0x00007ffa8fd5a000 	C:\Windows\SYSTEM32\WINHTTP.dll
0x00007ffa9a340000 - 0x00007ffa9a3aa000 	C:\Windows\system32\mswsock.dll
0x00007ffa76300000 - 0x00007ffa76316000 	C:\Program Files\Java\jdk-17\bin\nio.dll
0x00007ffa76100000 - 0x00007ffa76118000 	C:\Program Files\Java\jdk-17\bin\zip.dll
0x00007ffa93720000 - 0x00007ffa93730000 	C:\Program Files\Java\jdk-17\bin\verify.dll
0x00007ffa72610000 - 0x00007ffa72637000 	C:\Users\ss\.gradle\native\e1d6ef7f7dcc3fd88c89a11ec53ec762bb8ba0a96d01ffa2cd45eb1d1d8dd5c5\windows-amd64\native-platform.dll
0x00007ffa92ba0000 - 0x00007ffa92baa000 	C:\Program Files\Java\jdk-17\bin\management.dll
0x00007ffa8d980000 - 0x00007ffa8d98b000 	C:\Program Files\Java\jdk-17\bin\management_ext.dll
0x00007ffa9a530000 - 0x00007ffa9a548000 	C:\Windows\SYSTEM32\CRYPTSP.dll
0x00007ffa99c50000 - 0x00007ffa99c84000 	C:\Windows\system32\rsaenh.dll
0x00007ffa9ace0000 - 0x00007ffa9ad07000 	C:\Windows\System32\bcrypt.dll
0x00007ffa9ab60000 - 0x00007ffa9ab8e000 	C:\Windows\SYSTEM32\USERENV.dll
0x00007ffa9a550000 - 0x00007ffa9a55c000 	C:\Windows\SYSTEM32\CRYPTBASE.dll
0x00007ffa9a030000 - 0x00007ffa9a06b000 	C:\Windows\SYSTEM32\IPHLPAPI.DLL
0x00007ffa9be50000 - 0x00007ffa9be58000 	C:\Windows\System32\NSI.dll
0x00007ffa905d0000 - 0x00007ffa905e7000 	C:\Windows\SYSTEM32\dhcpcsvc6.DLL
0x00007ffa906e0000 - 0x00007ffa906fd000 	C:\Windows\SYSTEM32\dhcpcsvc.DLL
0x00007ffa9a070000 - 0x00007ffa9a13a000 	C:\Windows\SYSTEM32\DNSAPI.dll

dbghelp: loaded successfully - version: 4.0.5 - missing functions: none
symbol engine: initialized successfully - sym options: 0x614 - pdb path: .;C:\Program Files\Java\jdk-17\bin;C:\Windows\SYSTEM32;C:\Windows\WinSxS\amd64_microsoft.windows.common-controls_6595b64144ccf1df_6.0.19041.1110_none_60b5254171f9507e;C:\Program Files\Java\jdk-17\bin\server;C:\Users\ss\.gradle\native\e1d6ef7f7dcc3fd88c89a11ec53ec762bb8ba0a96d01ffa2cd45eb1d1d8dd5c5\windows-amd64

VM Arguments:
jvm_args: -Xmx64m -Xms64m -Dorg.gradle.appname=gradlew 
java_command: org.gradle.wrapper.GradleWrapperMain app:installDebug -PreactNativeDevServerPort=8081
java_class_path (initial): C:\\Users\\ss\\Desktop\\teachers-vision\\android\\\\gradle\\wrapper\\gradle-wrapper.jar
Launcher Type: SUN_STANDARD

[Global flags]
     intx CICompilerCount                          = 3                                         {product} {ergonomic}
     uint ConcGCThreads                            = 1                                         {product} {ergonomic}
     uint G1ConcRefinementThreads                  = 4                                         {product} {ergonomic}
   size_t G1HeapRegionSize                         = 1048576                                   {product} {ergonomic}
    uintx GCDrainStackTargetSize                   = 64                                        {product} {ergonomic}
   size_t InitialHeapSize                          = 67108864                                  {product} {command line}
   size_t MarkStackSize                            = 4194304                                   {product} {ergonomic}
   size_t MaxHeapSize                              = 67108864                                  {product} {command line}
   size_t MaxNewSize                               = 39845888                                  {product} {ergonomic}
   size_t MinHeapDeltaBytes                        = 1048576                                   {product} {ergonomic}
   size_t MinHeapSize                              = 67108864                                  {product} {command line}
    uintx NonNMethodCodeHeapSize                   = 5832780                                {pd product} {ergonomic}
    uintx NonProfiledCodeHeapSize                  = 122912730                              {pd product} {ergonomic}
    uintx ProfiledCodeHeapSize                     = 122912730                              {pd product} {ergonomic}
    uintx ReservedCodeCacheSize                    = 251658240                              {pd product} {ergonomic}
     bool SegmentedCodeCache                       = true                                      {product} {ergonomic}
   size_t SoftMaxHeapSize                          = 67108864                               {manageable} {ergonomic}
     bool UseCompressedClassPointers               = true                           {product lp64_product} {ergonomic}
     bool UseCompressedOops                        = true                           {product lp64_product} {ergonomic}
     bool UseG1GC                                  = true                                      {product} {ergonomic}
     bool UseLargePagesIndividualAllocation        = false                                  {pd product} {ergonomic}

Logging:
Log output configuration:
 #0: stdout all=warning uptime,level,tags
 #1: stderr all=off uptime,level,tags

Environment Variables:
CLASSPATH=C:\Users\ss\Desktop\teachers-vision\android\\gradle\wrapper\gradle-wrapper.jar
PATH=C:\Users\ss\Desktop\teachers-vision\android\node_modules\.bin;C:\Users\ss\Desktop\teachers-vision\node_modules\.bin;C:\Users\ss\Desktop\node_modules\.bin;C:\Users\ss\node_modules\.bin;C:\Users\node_modules\.bin;C:\node_modules\.bin;C:\Program Files\nodejs;C:\Users\ss\Desktop\teachers-vision\node_modules\.bin;C:\Users\ss\Desktop\teachers-vision\node_modules\.bin;C:\Users\ss\Desktop\node_modules\.bin;C:\Users\ss\node_modules\.bin;C:\Users\node_modules\.bin;C:\node_modules\.bin;C:\Users\ss\AppData\Roaming\nvm\v16.16.0\node_modules\npm\node_modules\@npmcli\run-script\lib\node-gyp-bin;C:\Users\ss\Desktop\teachers-vision\node_modules\.bin;C:\Users\ss\Desktop\node_modules\.bin;C:\Users\ss\node_modules\.bin;C:\Users\node_modules\.bin;C:\node_modules\.bin;C:\Program Files\nodejs;C:\Users\ss\Desktop\teachers-vision\node_modules\.bin;C:\Users\ss\Desktop\teachers-vision\node_modules\.bin;C:\Users\ss\Desktop\node_modules\.bin;C:\Users\ss\node_modules\.bin;C:\Users\node_modules\.bin;C:\node_modules\.bin;C:\Users\ss\AppData\Roaming\nvm\v16.16.0\node_modules\npm\node_modules\@npmcli\run-script\lib\node-gyp-bin;C:\Program Files\Common Files\Oracle\Java\javapath;C:\Program Files (x86)\Common Files\Oracle\Java\javapath;C:\Program Files\Microsoft\jdk-11.0.18.10-hotspot\bin;C:\Program Files\Microsoft MPI\Bin\;C:\Windows\system32;C:\Windows;C:\Windows\System32\Wbem;C:\Windows\System32\WindowsPowerShell\v1.0\;C:\Windows\System32\OpenSSH\;C:\ProgramData\chocolatey\bin;C:\Users\ss\AppData\Local\Android\Sdk\platform-tools;C:\Program Files\Git\cmd;C:\Program Files\Microsoft SQL Server\150\Tools\Binn\;C:\Program Files (x86)\Microsoft SQL Server\160\Tools\Binn\;C:\Program Files\Microsoft SQL Server\160\Tools\Binn\;C:\Program Files\Microsoft SQL Server\Client SDK\ODBC\170\Tools\Binn\;C:\Program Files\Microsoft SQL Server\160\DTS\Binn\;C:\Program Files\dotnet\;C:\Program Files (x86)\dotnet\;C:\Program Files (x86)\Microsoft SQL Server\160\DTS\Binn\;C:\Program Files (x86)\Microsoft SQL Server\150
USERNAME=ss
LANG=en_US.UTF-8
OS=Windows_NT
PROCESSOR_IDENTIFIER=Intel64 Family 6 Model 142 Stepping 9, GenuineIntel



---------------  S Y S T E M  ---------------

OS:
 Windows 10 , 64 bit Build 19041 (10.0.19041.3155)
OS uptime: 5 days 6:32 hours

CPU: total 4 (initial active 4) (2 cores per cpu, 2 threads per core) family 6 model 142 stepping 9 microcode 0xb4, cx8, cmov, fxsr, ht, mmx, 3dnowpref, sse, sse2, sse3, ssse3, sse4.1, sse4.2, popcnt, lzcnt, tsc, tscinvbit, avx, avx2, aes, erms, clmul, bmi1, bmi2, adx, fma, vzeroupper, clflush, clflushopt

Memory: 4k page, system-wide physical 16263M (2045M free)
TotalPageFile size 23159M (AvailPageFile size 0M)
current process WorkingSet (physical memory assigned to process): 78M, peak: 82M
current process commit charge ("private bytes"): 153M, peak: 156M

vm_info: Java HotSpot(TM) 64-Bit Server VM (17.0.7+8-LTS-224) for windows-amd64 JRE (17.0.7+8-LTS-224), built on Feb 28 2023 23:03:02 by "mach5one" with MS VC++ 17.1 (VS2022)

END.
