#
# There is insufficient memory for the Java Runtime Environment to continue.
# Native memory allocation (mmap) failed to map 176160768 bytes for G1 virtual space
# Possible reasons:
#   The system is out of physical RAM or swap space
#   The process is running with CompressedOops enabled, and the Java Heap may be blocking the growth of the native heap
# Possible solutions:
#   Reduce memory load on the system
#   Increase physical memory or swap space
#   Check if swap backing store is full
#   Decrease Java heap size (-Xmx/-Xms)
#   Decrease number of Java threads
#   Decrease Java thread stack sizes (-Xss)
#   Set larger code cache with -XX:ReservedCodeCacheSize=
#   JVM is running with Unscaled Compressed Oops mode in which the Java heap is
#     placed in the first 4GB address space. The Java Heap base address is the
#     maximum limit for the native heap growth. Please use -XX:HeapBaseMinAddress
#     to set the Java Heap base and to place the Java Heap above 4GB virtual address.
# This output file may be truncated or incomplete.
#
#  Out of Memory Error (os_windows.cpp:3550), pid=3064, tid=11268
#
# JRE version: Java(TM) SE Runtime Environment (17.0.7+8) (build 17.0.7+8-LTS-224)
# Java VM: Java HotSpot(TM) 64-Bit Server VM (17.0.7+8-LTS-224, mixed mode, sharing, tiered, compressed oops, compressed class ptrs, g1 gc, windows-amd64)
# No core dump will be written. Minidumps are not enabled by default on client versions of Windows
#

---------------  S U M M A R Y ------------

Command Line: -XX:MaxMetaspaceSize=512m --add-opens=java.base/java.util=ALL-UNNAMED --add-opens=java.base/java.lang=ALL-UNNAMED --add-opens=java.base/java.lang.invoke=ALL-UNNAMED --add-opens=java.base/java.util=ALL-UNNAMED --add-opens=java.prefs/java.util.prefs=ALL-UNNAMED --add-opens=java.prefs/java.util.prefs=ALL-UNNAMED --add-opens=java.base/java.nio.charset=ALL-UNNAMED --add-opens=java.base/java.net=ALL-UNNAMED --add-opens=java.base/java.util.concurrent.atomic=ALL-UNNAMED -Xmx2048m -Dfile.encoding=windows-1252 -Duser.country=IN -Duser.language=en -Duser.variant org.gradle.launcher.daemon.bootstrap.GradleDaemon 7.3.3

Host: Intel(R) Core(TM) i5-7200U CPU @ 2.50GHz, 4 cores, 15G,  Windows 10 , 64 bit Build 19041 (10.0.19041.3155)
Time: Fri Sep  1 18:40:47 2023 India Standard Time elapsed time: 832.935024 seconds (0d 0h 13m 52s)

---------------  T H R E A D  ---------------

Current thread (0x000001f99f3d2d20):  VMThread "VM Thread" [stack: 0x000000f1ce900000,0x000000f1cea00000] [id=11268]

Stack: [0x000000f1ce900000,0x000000f1cea00000]
Native frames: (J=compiled Java code, j=interpreted, Vv=VM code, C=native code)
V  [jvm.dll+0x676a4a]
V  [jvm.dll+0x7d74f4]
V  [jvm.dll+0x7d8c9e]
V  [jvm.dll+0x7d9303]
V  [jvm.dll+0x2452c5]
V  [jvm.dll+0x6738f9]
V  [jvm.dll+0x668232]
V  [jvm.dll+0x302826]
V  [jvm.dll+0x309da6]
V  [jvm.dll+0x35952e]
V  [jvm.dll+0x35975f]
V  [jvm.dll+0x2d9a38]
V  [jvm.dll+0x2dcad6]
V  [jvm.dll+0x2e72d8]
V  [jvm.dll+0x31ad30]
V  [jvm.dll+0x7ddb0b]
V  [jvm.dll+0x7de844]
V  [jvm.dll+0x7ded5d]
V  [jvm.dll+0x7df134]
V  [jvm.dll+0x7df200]
V  [jvm.dll+0x78759a]
V  [jvm.dll+0x675875]
C  [ucrtbase.dll+0x21bb2]
C  [KERNEL32.DLL+0x17614]
C  [ntdll.dll+0x526b1]

VM_Operation (0x000000f1ce5ff4d0): G1Concurrent, mode: safepoint, requested by thread 0x000001f9ffed1ae0


---------------  P R O C E S S  ---------------

Threads class SMR info:
_java_thread_list=0x000001f9aa1a67c0, length=87, elements={
0x000001f9ffe692e0, 0x000001f99f3d9b30, 0x000001f99f3da5f0, 0x000001f99f3f1710,
0x000001f99f3f3fe0, 0x000001f99f3f58b0, 0x000001f99f3f6170, 0x000001f99f3f6d60,
0x000001f99f424b90, 0x000001f9a0043af0, 0x000001f9a0106650, 0x000001f9a0108d60,
0x000001f9a0f82a60, 0x000001f9a100ff00, 0x000001f9a11f6c80, 0x000001f9a1a03430,
0x000001f9a0070960, 0x000001f9a1055370, 0x000001f9a1055840, 0x000001f9a1055d10,
0x000001f9a1054500, 0x000001f9a10549d0, 0x000001f9a10561e0, 0x000001f9a1054030,
0x000001f9a1056b80, 0x000001f9a1057520, 0x000001f9a1053b60, 0x000001f9a1054ea0,
0x000001f9a2a9bf50, 0x000001f9a2a9ba80, 0x000001f9a2a9c420, 0x000001f9a2a98590,
0x000001f9a2a968b0, 0x000001f9a2a95570, 0x000001f9a2a980c0, 0x000001f9a2a98a60,
0x000001f9a2a94bd0, 0x000001f9a2a963e0, 0x000001f9a2a998d0, 0x000001f9a2a96d80,
0x000001f9a2a97250, 0x000001f9a2a97720, 0x000001f9a2a9a740, 0x000001f9a2a97bf0,
0x000001f9a2a99da0, 0x000001f9a2a9ac10, 0x000001f9a4bac8e0, 0x000001f9a4bab0d0,
0x000001f9a4ba8580, 0x000001f9a4ba8f20, 0x000001f9a4ba7710, 0x000001f9a4bacdb0,
0x000001f9a4ba8a50, 0x000001f9a4ba93f0, 0x000001f9a4bae0f0, 0x000001f9a4bad280,
0x000001f9a4ba98c0, 0x000001f9a4bac410, 0x000001f9a4bad750, 0x000001f9a4baa260,
0x000001f9a4baa730, 0x000001f9a4badc20, 0x000001f9a4bae5c0, 0x000001f9a4babf40,
0x000001f9a4ba6d70, 0x000001f9a4ba9d90, 0x000001f9a4ba7240, 0x000001f9a4baac00,
0x000001f9a4ba7be0, 0x000001f9a4ba80b0, 0x000001f9a4bab5a0, 0x000001f9a4baba70,
0x000001f9a18d37a0, 0x000001f9a18d7160, 0x000001f9a18d0780, 0x000001f9a18d7b00,
0x000001f9a18d4610, 0x000001f9a18d02b0, 0x000001f9a18d3c70, 0x000001f9a18d2460,
0x000001f9a18d2e00, 0x000001f9a18d1ac0, 0x000001f9a18d15f0, 0x000001f9a18d4140,
0x000001f9a2a9a270, 0x000001f9a8ad8370, 0x000001f9a8addee0
}

Java Threads: ( => current thread )
  0x000001f9ffe692e0 JavaThread "main" [_thread_blocked, id=12716, stack(0x000000f1ce200000,0x000000f1ce300000)]
  0x000001f99f3d9b30 JavaThread "Reference Handler" daemon [_thread_blocked, id=12072, stack(0x000000f1cea00000,0x000000f1ceb00000)]
  0x000001f99f3da5f0 JavaThread "Finalizer" daemon [_thread_blocked, id=5700, stack(0x000000f1ceb00000,0x000000f1cec00000)]
  0x000001f99f3f1710 JavaThread "Signal Dispatcher" daemon [_thread_blocked, id=25196, stack(0x000000f1cec00000,0x000000f1ced00000)]
  0x000001f99f3f3fe0 JavaThread "Attach Listener" daemon [_thread_blocked, id=15556, stack(0x000000f1ced00000,0x000000f1cee00000)]
  0x000001f99f3f58b0 JavaThread "Service Thread" daemon [_thread_blocked, id=776, stack(0x000000f1cee00000,0x000000f1cef00000)]
  0x000001f99f3f6170 JavaThread "Monitor Deflation Thread" daemon [_thread_blocked, id=23368, stack(0x000000f1cef00000,0x000000f1cf000000)]
  0x000001f99f3f6d60 JavaThread "C2 CompilerThread0" daemon [_thread_blocked, id=20256, stack(0x000000f1cf000000,0x000000f1cf100000)]
  0x000001f99f424b90 JavaThread "C1 CompilerThread0" daemon [_thread_blocked, id=14692, stack(0x000000f1cf100000,0x000000f1cf200000)]
  0x000001f9a0043af0 JavaThread "Sweeper thread" daemon [_thread_blocked, id=5144, stack(0x000000f1cf200000,0x000000f1cf300000)]
  0x000001f9a0106650 JavaThread "Common-Cleaner" daemon [_thread_blocked, id=17684, stack(0x000000f1cf300000,0x000000f1cf400000)]
  0x000001f9a0108d60 JavaThread "Notification Thread" daemon [_thread_blocked, id=23432, stack(0x000000f1cf400000,0x000000f1cf500000)]
  0x000001f9a0f82a60 JavaThread "Daemon health stats" [_thread_blocked, id=23140, stack(0x000000f1cf900000,0x000000f1cfa00000)]
  0x000001f9a100ff00 JavaThread "Incoming local TCP Connector on port 53721" [_thread_in_native, id=18464, stack(0x000000f1cfa00000,0x000000f1cfb00000)]
  0x000001f9a11f6c80 JavaThread "Daemon periodic checks" [_thread_blocked, id=25640, stack(0x000000f1cfb00000,0x000000f1cfc00000)]
  0x000001f9a1a03430 JavaThread "Daemon" [_thread_blocked, id=27356, stack(0x000000f1cfc00000,0x000000f1cfd00000)]
  0x000001f9a0070960 JavaThread "Handler for socket connection from /127.0.0.1:53721 to /127.0.0.1:53722" [_thread_in_native, id=27280, stack(0x000000f1cfd00000,0x000000f1cfe00000)]
  0x000001f9a1055370 JavaThread "Cancel handler" [_thread_blocked, id=14916, stack(0x000000f1cfe00000,0x000000f1cff00000)]
  0x000001f9a1055840 JavaThread "Daemon worker" [_thread_blocked, id=21704, stack(0x000000f1cff00000,0x000000f1d0000000)]
  0x000001f9a1055d10 JavaThread "Asynchronous log dispatcher for DefaultDaemonConnection: socket connection from /127.0.0.1:53721 to /127.0.0.1:53722" [_thread_blocked, id=18232, stack(0x000000f1d0000000,0x000000f1d0100000)]
  0x000001f9a1054500 JavaThread "Daemon client event forwarder" [_thread_blocked, id=21820, stack(0x000000f1d0200000,0x000000f1d0300000)]
  0x000001f9a10549d0 JavaThread "Cache worker for journal cache (C:\Users\ss\.gradle\caches\journal-1)" [_thread_blocked, id=25496, stack(0x000000f1d0300000,0x000000f1d0400000)]
  0x000001f9a10561e0 JavaThread "File lock request listener" [_thread_blocked, id=5864, stack(0x000000f1d0400000,0x000000f1d0500000)]
  0x000001f9a1054030 JavaThread "Cache worker for file hash cache (C:\Users\ss\.gradle\caches\7.3.3\fileHashes)" [_thread_blocked, id=17492, stack(0x000000f1d0500000,0x000000f1d0600000)]
  0x000001f9a1056b80 JavaThread "Cache worker for file hash cache (C:\Users\ss\Desktop\teachers-vision\android\.gradle\7.3.3\fileHashes)" [_thread_blocked, id=23072, stack(0x000000f1d0800000,0x000000f1d0900000)]
  0x000001f9a1057520 JavaThread "File watcher server" daemon [_thread_in_native, id=26268, stack(0x000000f1d0700000,0x000000f1d0800000)]
  0x000001f9a1053b60 JavaThread "File watcher consumer" daemon [_thread_blocked, id=22940, stack(0x000000f1d0900000,0x000000f1d0a00000)]
  0x000001f9a1054ea0 JavaThread "Cache worker for checksums cache (C:\Users\ss\Desktop\teachers-vision\android\.gradle\7.3.3\checksums)" [_thread_blocked, id=4664, stack(0x000000f1d0a00000,0x000000f1d0b00000)]
  0x000001f9a2a9bf50 JavaThread "Cache worker for cache directory md-supplier (C:\Users\ss\.gradle\caches\7.3.3\md-supplier)" [_thread_blocked, id=28052, stack(0x000000f1d0b00000,0x000000f1d0c00000)]
  0x000001f9a2a9ba80 JavaThread "Cache worker for cache directory md-rule (C:\Users\ss\.gradle\caches\7.3.3\md-rule)" [_thread_blocked, id=17460, stack(0x000000f1d0c00000,0x000000f1d0d00000)]
  0x000001f9a2a9c420 JavaThread "Cache worker for execution history cache (C:\Users\ss\.gradle\caches\7.3.3\executionHistory)" [_thread_blocked, id=18712, stack(0x000000f1d0d00000,0x000000f1d0e00000)]
  0x000001f9a2a98590 JavaThread "jar transforms" [_thread_blocked, id=11368, stack(0x000000f1d0f00000,0x000000f1d1000000)]
  0x000001f9a2a968b0 JavaThread "jar transforms Thread 2" [_thread_blocked, id=16836, stack(0x000000f1d0e00000,0x000000f1d0f00000)]
  0x000001f9a2a95570 JavaThread "Cache worker for file content cache (C:\Users\ss\.gradle\caches\7.3.3\fileContent)" [_thread_blocked, id=9952, stack(0x000000f1d1000000,0x000000f1d1100000)]
  0x000001f9a2a980c0 JavaThread "jar transforms Thread 3" [_thread_blocked, id=4940, stack(0x000000f1d1100000,0x000000f1d1200000)]
  0x000001f9a2a98a60 JavaThread "jar transforms Thread 4" [_thread_blocked, id=244, stack(0x000000f1d1200000,0x000000f1d1300000)]
  0x000001f9a2a94bd0 JavaThread "Cache worker for kotlin-dsl (C:\Users\ss\.gradle\caches\7.3.3\kotlin-dsl)" [_thread_blocked, id=23152, stack(0x000000f1ce100000,0x000000f1ce200000)]
  0x000001f9a2a963e0 JavaThread "Cache worker for dependencies-accessors (C:\Users\ss\Desktop\teachers-vision\android\.gradle\7.3.3\dependencies-accessors)" [_thread_blocked, id=16256, stack(0x000000f1ce300000,0x000000f1ce400000)]
  0x000001f9a2a998d0 JavaThread "Cache worker for Build Output Cleanup Cache (C:\Users\ss\Desktop\teachers-vision\node_modules\react-native-gradle-plugin\.gradle\buildOutputCleanup)" [_thread_blocked, id=15700, stack(0x000000f1d1500000,0x000000f1d1600000)]
  0x000001f9a2a96d80 JavaThread "Unconstrained build operations" [_thread_blocked, id=15520, stack(0x000000f1d1600000,0x000000f1d1700000)]
  0x000001f9a2a97250 JavaThread "Unconstrained build operations Thread 2" [_thread_blocked, id=4936, stack(0x000000f1d1700000,0x000000f1d1800000)]
  0x000001f9a2a97720 JavaThread "Unconstrained build operations Thread 3" [_thread_blocked, id=26204, stack(0x000000f1d1800000,0x000000f1d1900000)]
  0x000001f9a2a9a740 JavaThread "Unconstrained build operations Thread 4" [_thread_blocked, id=14244, stack(0x000000f1d1900000,0x000000f1d1a00000)]
  0x000001f9a2a97bf0 JavaThread "Unconstrained build operations Thread 5" [_thread_blocked, id=10160, stack(0x000000f1d1a00000,0x000000f1d1b00000)]
  0x000001f9a2a99da0 JavaThread "Unconstrained build operations Thread 6" [_thread_blocked, id=17144, stack(0x000000f1d1b00000,0x000000f1d1c00000)]
  0x000001f9a2a9ac10 JavaThread "Unconstrained build operations Thread 7" [_thread_blocked, id=12212, stack(0x000000f1d1c00000,0x000000f1d1d00000)]
  0x000001f9a4bac8e0 JavaThread "Unconstrained build operations Thread 8" [_thread_blocked, id=2204, stack(0x000000f1d1d00000,0x000000f1d1e00000)]
  0x000001f9a4bab0d0 JavaThread "Unconstrained build operations Thread 9" [_thread_blocked, id=21116, stack(0x000000f1d1e00000,0x000000f1d1f00000)]
  0x000001f9a4ba8580 JavaThread "Unconstrained build operations Thread 10" [_thread_blocked, id=12628, stack(0x000000f1d1f00000,0x000000f1d2000000)]
  0x000001f9a4ba8f20 JavaThread "Unconstrained build operations Thread 11" [_thread_blocked, id=26588, stack(0x000000f1d2000000,0x000000f1d2100000)]
  0x000001f9a4ba7710 JavaThread "Unconstrained build operations Thread 12" [_thread_blocked, id=22716, stack(0x000000f1d2100000,0x000000f1d2200000)]
  0x000001f9a4bacdb0 JavaThread "Unconstrained build operations Thread 13" [_thread_blocked, id=22372, stack(0x000000f1d2200000,0x000000f1d2300000)]
  0x000001f9a4ba8a50 JavaThread "Unconstrained build operations Thread 14" [_thread_blocked, id=20964, stack(0x000000f1d2300000,0x000000f1d2400000)]
  0x000001f9a4ba93f0 JavaThread "Unconstrained build operations Thread 15" [_thread_blocked, id=14124, stack(0x000000f1d2400000,0x000000f1d2500000)]
  0x000001f9a4bae0f0 JavaThread "Unconstrained build operations Thread 16" [_thread_blocked, id=4992, stack(0x000000f1d2500000,0x000000f1d2600000)]
  0x000001f9a4bad280 JavaThread "Unconstrained build operations Thread 17" [_thread_blocked, id=28540, stack(0x000000f1d2600000,0x000000f1d2700000)]
  0x000001f9a4ba98c0 JavaThread "Unconstrained build operations Thread 18" [_thread_blocked, id=21768, stack(0x000000f1d2700000,0x000000f1d2800000)]
  0x000001f9a4bac410 JavaThread "Unconstrained build operations Thread 19" [_thread_blocked, id=20792, stack(0x000000f1d2800000,0x000000f1d2900000)]
  0x000001f9a4bad750 JavaThread "Unconstrained build operations Thread 20" [_thread_blocked, id=16148, stack(0x000000f1d2900000,0x000000f1d2a00000)]
  0x000001f9a4baa260 JavaThread "Unconstrained build operations Thread 21" [_thread_blocked, id=11640, stack(0x000000f1d2a00000,0x000000f1d2b00000)]
  0x000001f9a4baa730 JavaThread "Unconstrained build operations Thread 22" [_thread_blocked, id=10472, stack(0x000000f1d2b00000,0x000000f1d2c00000)]
  0x000001f9a4badc20 JavaThread "Unconstrained build operations Thread 23" [_thread_blocked, id=4812, stack(0x000000f1d2c00000,0x000000f1d2d00000)]
  0x000001f9a4bae5c0 JavaThread "Unconstrained build operations Thread 24" [_thread_blocked, id=1904, stack(0x000000f1d2d00000,0x000000f1d2e00000)]
  0x000001f9a4babf40 JavaThread "Unconstrained build operations Thread 25" [_thread_blocked, id=3448, stack(0x000000f1d2e00000,0x000000f1d2f00000)]
  0x000001f9a4ba6d70 JavaThread "Unconstrained build operations Thread 26" [_thread_blocked, id=4680, stack(0x000000f1d2f00000,0x000000f1d3000000)]
  0x000001f9a4ba9d90 JavaThread "Unconstrained build operations Thread 27" [_thread_blocked, id=11004, stack(0x000000f1d3000000,0x000000f1d3100000)]
  0x000001f9a4ba7240 JavaThread "Unconstrained build operations Thread 28" [_thread_blocked, id=22640, stack(0x000000f1d3100000,0x000000f1d3200000)]
  0x000001f9a4baac00 JavaThread "Unconstrained build operations Thread 29" [_thread_blocked, id=23984, stack(0x000000f1d3200000,0x000000f1d3300000)]
  0x000001f9a4ba7be0 JavaThread "Unconstrained build operations Thread 30" [_thread_blocked, id=26640, stack(0x000000f1d3300000,0x000000f1d3400000)]
  0x000001f9a4ba80b0 JavaThread "Unconstrained build operations Thread 31" [_thread_blocked, id=3940, stack(0x000000f1d3400000,0x000000f1d3500000)]
  0x000001f9a4bab5a0 JavaThread "Unconstrained build operations Thread 32" [_thread_blocked, id=7188, stack(0x000000f1d3500000,0x000000f1d3600000)]
  0x000001f9a4baba70 JavaThread "Unconstrained build operations Thread 33" [_thread_blocked, id=16140, stack(0x000000f1d3600000,0x000000f1d3700000)]
  0x000001f9a18d37a0 JavaThread "build event listener" [_thread_blocked, id=15892, stack(0x000000f1d3700000,0x000000f1d3800000)]
  0x000001f9a18d7160 JavaThread "Memory manager" [_thread_blocked, id=4456, stack(0x000000f1d3800000,0x000000f1d3900000)]
  0x000001f9a18d0780 JavaThread "Cache worker for Build Output Cleanup Cache (C:\Users\ss\Desktop\teachers-vision\android\.gradle\buildOutputCleanup)" [_thread_blocked, id=21368, stack(0x000000f1d3900000,0x000000f1d3a00000)]
  0x000001f9a18d7b00 JavaThread "Cache worker for execution history cache (C:\Users\ss\Desktop\teachers-vision\node_modules\react-native-gradle-plugin\.gradle\7.3.3\executionHistory)" [_thread_blocked, id=5740, stack(0x000000f1d3e00000,0x000000f1d3f00000)]
  0x000001f9a18d4610 JavaThread "Unconstrained build operations Thread 34" [_thread_blocked, id=20212, stack(0x000000f1d3f00000,0x000000f1d4000000)]
  0x000001f9a18d02b0 JavaThread "Unconstrained build operations Thread 35" [_thread_blocked, id=26784, stack(0x000000f1d4000000,0x000000f1d4100000)]
  0x000001f9a18d3c70 JavaThread "Unconstrained build operations Thread 36" [_thread_blocked, id=24832, stack(0x000000f1d4100000,0x000000f1d4200000)]
  0x000001f9a18d2460 JavaThread "Unconstrained build operations Thread 37" [_thread_blocked, id=15300, stack(0x000000f1d4200000,0x000000f1d4300000)]
  0x000001f9a18d2e00 JavaThread "Unconstrained build operations Thread 38" [_thread_blocked, id=7556, stack(0x000000f1d4300000,0x000000f1d4400000)]
  0x000001f9a18d1ac0 JavaThread "Unconstrained build operations Thread 39" [_thread_blocked, id=11152, stack(0x000000f1d4400000,0x000000f1d4500000)]
  0x000001f9a18d15f0 JavaThread "Unconstrained build operations Thread 40" [_thread_blocked, id=23104, stack(0x000000f1d4500000,0x000000f1d4600000)]
  0x000001f9a18d4140 JavaThread "File lock release action executor Thread 4" [_thread_blocked, id=11748, stack(0x000000f1d0600000,0x000000f1d0700000)]
  0x000001f9a2a9a270 JavaThread "build event listener" [_thread_blocked, id=15408, stack(0x000000f1d1400000,0x000000f1d1500000)]
  0x000001f9a8ad8370 JavaThread "build event listener" [_thread_blocked, id=12660, stack(0x000000f1d1300000,0x000000f1d1400000)]
  0x000001f9a8addee0 JavaThread "build event listener" [_thread_blocked, id=12752, stack(0x000000f1d3a00000,0x000000f1d3b00000)]

Other Threads:
=>0x000001f99f3d2d20 VMThread "VM Thread" [stack: 0x000000f1ce900000,0x000000f1cea00000] [id=11268]
  0x000001f9a0109230 WatcherThread [stack: 0x000000f1cf500000,0x000000f1cf600000] [id=28436]
  0x000001f9ffec0df0 GCTaskThread "GC Thread#0" [stack: 0x000000f1ce400000,0x000000f1ce500000] [id=22580]
  0x000001f9a01fc620 GCTaskThread "GC Thread#1" [stack: 0x000000f1cf600000,0x000000f1cf700000] [id=21744]
  0x000001f9a0b1caf0 GCTaskThread "GC Thread#2" [stack: 0x000000f1cf700000,0x000000f1cf800000] [id=16548]
  0x000001f9a0681ef0 GCTaskThread "GC Thread#3" [stack: 0x000000f1cf800000,0x000000f1cf900000] [id=25248]
  0x000001f9ffed1ae0 ConcurrentGCThread "G1 Main Marker" [stack: 0x000000f1ce500000,0x000000f1ce600000] [id=21060]
  0x000001f9ffed32b0 ConcurrentGCThread "G1 Conc#0" [stack: 0x000000f1ce600000,0x000000f1ce700000] [id=17052]
  0x000001f9fff3d6b0 ConcurrentGCThread "G1 Refine#0" [stack: 0x000000f1ce700000,0x000000f1ce800000] [id=21748]
  0x000001f9fff3de80 ConcurrentGCThread "G1 Service" [stack: 0x000000f1ce800000,0x000000f1ce900000] [id=26844]

Threads with active compile tasks:
C2 CompilerThread0   832996 19418   !   4       java.util.concurrent.ConcurrentHashMap::transfer (849 bytes)

VM state: at safepoint (normal execution)

VM Mutex/Monitor currently owned by a thread:  ([mutex/lock_event])
[0x000001f9ffe644f0] Threads_lock - owner thread: 0x000001f99f3d2d20
[0x000001f9ffe64bb0] Heap_lock - owner thread: 0x000001f9ffed1ae0

Heap address: 0x0000000080000000, size: 2048 MB, Compressed Oops mode: 32-bit

CDS archive(s) mapped at: [0x0000000800000000-0x0000000800bd0000-0x0000000800bd0000), size 12386304, SharedBaseAddress: 0x0000000800000000, ArchiveRelocationMode: 0.
Compressed class space mapped at: 0x0000000800c00000-0x000000081a800000, reserved size: 432013312
Narrow klass base: 0x0000000800000000, Narrow klass shift: 0, Narrow klass range: 0x100000000

GC Precious Log:
 CPUs: 4 total, 4 available
 Memory: 16263M
 Large Page Support: Disabled
 NUMA Support: Disabled
 Compressed Oops: Enabled (32-bit)
 Heap Region Size: 1M
 Heap Min Capacity: 8M
 Heap Initial Capacity: 256M
 Heap Max Capacity: 2G
 Pre-touch: Disabled
 Parallel Workers: 4
 Concurrent Workers: 1
 Concurrent Refinement Workers: 4
 Periodic GC: Disabled

Heap:
 garbage-first heap   total 347136K, used 309725K [0x0000000080000000, 0x0000000100000000)
  region size 1024K, 5 young (5120K), 2 survivors (2048K)
 Metaspace       used 116453K, committed 118464K, reserved 528384K
  class space    used 15831K, committed 16768K, reserved 421888K

Heap Regions: E=young(eden), S=young(survivor), O=old, HS=humongous(starts), HC=humongous(continues), CS=collection set, F=free, OA=open archive, CA=closed archive, TAMS=top-at-mark-start (previous, next)
|   0|0x0000000080000000, 0x0000000080100000, 0x0000000080100000|100%|HS|  |TAMS 0x0000000080100000, 0x0000000080000000| Complete 
|   1|0x0000000080100000, 0x0000000080200000, 0x0000000080200000|100%|HC|  |TAMS 0x0000000080200000, 0x0000000080100000| Complete 
|   2|0x0000000080200000, 0x0000000080300000, 0x0000000080300000|100%|HC|  |TAMS 0x0000000080300000, 0x0000000080200000| Complete 
|   3|0x0000000080300000, 0x0000000080400000, 0x0000000080400000|100%| O|  |TAMS 0x0000000080400000, 0x0000000080300000| Untracked 
|   4|0x0000000080400000, 0x0000000080500000, 0x0000000080500000|100%| O|  |TAMS 0x0000000080500000, 0x0000000080400000| Untracked 
|   5|0x0000000080500000, 0x0000000080600000, 0x0000000080600000|100%| O|  |TAMS 0x0000000080600000, 0x0000000080500000| Untracked 
|   6|0x0000000080600000, 0x0000000080700000, 0x0000000080700000|100%| O|  |TAMS 0x0000000080700000, 0x0000000080600000| Untracked 
|   7|0x0000000080700000, 0x0000000080800000, 0x0000000080800000|100%| O|  |TAMS 0x0000000080800000, 0x0000000080700000| Untracked 
|   8|0x0000000080800000, 0x0000000080900000, 0x0000000080900000|100%| O|  |TAMS 0x0000000080900000, 0x0000000080800000| Untracked 
|   9|0x0000000080900000, 0x0000000080a00000, 0x0000000080a00000|100%| O|  |TAMS 0x0000000080a00000, 0x0000000080900000| Untracked 
|  10|0x0000000080a00000, 0x0000000080b00000, 0x0000000080b00000|100%| O|  |TAMS 0x0000000080b00000, 0x0000000080a00000| Untracked 
|  11|0x0000000080b00000, 0x0000000080c00000, 0x0000000080c00000|100%| O|  |TAMS 0x0000000080c00000, 0x0000000080b00000| Untracked 
|  12|0x0000000080c00000, 0x0000000080d00000, 0x0000000080d00000|100%| O|  |TAMS 0x0000000080d00000, 0x0000000080c00000| Untracked 
|  13|0x0000000080d00000, 0x0000000080e00000, 0x0000000080e00000|100%| O|  |TAMS 0x0000000080e00000, 0x0000000080d00000| Untracked 
|  14|0x0000000080e00000, 0x0000000080f00000, 0x0000000080f00000|100%| O|  |TAMS 0x0000000080f00000, 0x0000000080e00000| Updating 
|  15|0x0000000080f00000, 0x0000000081000000, 0x0000000081000000|100%| O|  |TAMS 0x0000000081000000, 0x0000000080f00000| Untracked 
|  16|0x0000000081000000, 0x0000000081100000, 0x0000000081100000|100%|HS|  |TAMS 0x0000000081100000, 0x0000000081000000| Complete 
|  17|0x0000000081100000, 0x0000000081200000, 0x0000000081200000|100%| O|  |TAMS 0x0000000081200000, 0x0000000081100000| Untracked 
|  18|0x0000000081200000, 0x0000000081300000, 0x0000000081300000|100%| O|  |TAMS 0x0000000081300000, 0x0000000081200000| Untracked 
|  19|0x0000000081300000, 0x0000000081400000, 0x0000000081400000|100%| O|  |TAMS 0x0000000081400000, 0x0000000081300000| Updating 
|  20|0x0000000081400000, 0x0000000081500000, 0x0000000081500000|100%|HS|  |TAMS 0x0000000081500000, 0x0000000081400000| Complete 
|  21|0x0000000081500000, 0x0000000081600000, 0x0000000081600000|100%|HC|  |TAMS 0x0000000081600000, 0x0000000081500000| Complete 
|  22|0x0000000081600000, 0x0000000081700000, 0x0000000081700000|100%|HC|  |TAMS 0x0000000081700000, 0x0000000081600000| Complete 
|  23|0x0000000081700000, 0x0000000081800000, 0x0000000081800000|100%| O|  |TAMS 0x0000000081800000, 0x0000000081700000| Untracked 
|  24|0x0000000081800000, 0x0000000081900000, 0x0000000081900000|100%| O|  |TAMS 0x0000000081900000, 0x0000000081800000| Untracked 
|  25|0x0000000081900000, 0x0000000081a00000, 0x0000000081a00000|100%| O|  |TAMS 0x0000000081a00000, 0x0000000081900000| Untracked 
|  26|0x0000000081a00000, 0x0000000081b00000, 0x0000000081b00000|100%| O|  |TAMS 0x0000000081b00000, 0x0000000081a00000| Untracked 
|  27|0x0000000081b00000, 0x0000000081c00000, 0x0000000081c00000|100%| O|  |TAMS 0x0000000081c00000, 0x0000000081b00000| Untracked 
|  28|0x0000000081c00000, 0x0000000081d00000, 0x0000000081d00000|100%| O|  |TAMS 0x0000000081d00000, 0x0000000081c00000| Untracked 
|  29|0x0000000081d00000, 0x0000000081e00000, 0x0000000081e00000|100%| O|  |TAMS 0x0000000081e00000, 0x0000000081d00000| Untracked 
|  30|0x0000000081e00000, 0x0000000081f00000, 0x0000000081f00000|100%| O|  |TAMS 0x0000000081f00000, 0x0000000081e00000| Untracked 
|  31|0x0000000081f00000, 0x0000000082000000, 0x0000000082000000|100%| O|  |TAMS 0x0000000082000000, 0x0000000081f00000| Untracked 
|  32|0x0000000082000000, 0x0000000082100000, 0x0000000082100000|100%| O|  |TAMS 0x0000000082100000, 0x0000000082000000| Untracked 
|  33|0x0000000082100000, 0x0000000082200000, 0x0000000082200000|100%| O|  |TAMS 0x0000000082200000, 0x0000000082100000| Untracked 
|  34|0x0000000082200000, 0x0000000082300000, 0x0000000082300000|100%| O|  |TAMS 0x0000000082300000, 0x0000000082200000| Untracked 
|  35|0x0000000082300000, 0x0000000082400000, 0x0000000082400000|100%| O|  |TAMS 0x0000000082400000, 0x0000000082300000| Untracked 
|  36|0x0000000082400000, 0x0000000082500000, 0x0000000082500000|100%| O|  |TAMS 0x0000000082500000, 0x0000000082400000| Untracked 
|  37|0x0000000082500000, 0x0000000082600000, 0x0000000082600000|100%| O|  |TAMS 0x0000000082600000, 0x0000000082500000| Untracked 
|  38|0x0000000082600000, 0x0000000082700000, 0x0000000082700000|100%| O|  |TAMS 0x0000000082700000, 0x0000000082600000| Untracked 
|  39|0x0000000082700000, 0x0000000082800000, 0x0000000082800000|100%| O|  |TAMS 0x0000000082800000, 0x0000000082700000| Updating 
|  40|0x0000000082800000, 0x0000000082900000, 0x0000000082900000|100%| O|  |TAMS 0x0000000082900000, 0x0000000082800000| Untracked 
|  41|0x0000000082900000, 0x0000000082a00000, 0x0000000082a00000|100%| O|  |TAMS 0x0000000082a00000, 0x0000000082900000| Untracked 
|  42|0x0000000082a00000, 0x0000000082b00000, 0x0000000082b00000|100%| O|  |TAMS 0x0000000082b00000, 0x0000000082a00000| Untracked 
|  43|0x0000000082b00000, 0x0000000082c00000, 0x0000000082c00000|100%| O|  |TAMS 0x0000000082c00000, 0x0000000082b00000| Untracked 
|  44|0x0000000082c00000, 0x0000000082d00000, 0x0000000082d00000|100%| O|  |TAMS 0x0000000082d00000, 0x0000000082c00000| Untracked 
|  45|0x0000000082d00000, 0x0000000082e00000, 0x0000000082e00000|100%| O|  |TAMS 0x0000000082e00000, 0x0000000082d00000| Untracked 
|  46|0x0000000082e00000, 0x0000000082f00000, 0x0000000082f00000|100%| O|  |TAMS 0x0000000082f00000, 0x0000000082e00000| Untracked 
|  47|0x0000000082f00000, 0x0000000083000000, 0x0000000083000000|100%| O|  |TAMS 0x0000000083000000, 0x0000000082f00000| Untracked 
|  48|0x0000000083000000, 0x0000000083100000, 0x0000000083100000|100%| O|  |TAMS 0x0000000083100000, 0x0000000083000000| Updating 
|  49|0x0000000083100000, 0x0000000083200000, 0x0000000083200000|100%| O|  |TAMS 0x0000000083200000, 0x0000000083100000| Untracked 
|  50|0x0000000083200000, 0x0000000083300000, 0x0000000083300000|100%| O|  |TAMS 0x0000000083300000, 0x0000000083200000| Untracked 
|  51|0x0000000083300000, 0x0000000083400000, 0x0000000083400000|100%| O|  |TAMS 0x0000000083400000, 0x0000000083300000| Untracked 
|  52|0x0000000083400000, 0x0000000083500000, 0x0000000083500000|100%| O|  |TAMS 0x0000000083500000, 0x0000000083400000| Untracked 
|  53|0x0000000083500000, 0x0000000083600000, 0x0000000083600000|100%|HS|  |TAMS 0x0000000083600000, 0x0000000083500000| Complete 
|  54|0x0000000083600000, 0x0000000083700000, 0x0000000083700000|100%|HS|  |TAMS 0x0000000083700000, 0x0000000083600000| Complete 
|  55|0x0000000083700000, 0x0000000083800000, 0x0000000083800000|100%|HS|  |TAMS 0x0000000083800000, 0x0000000083700000| Complete 
|  56|0x0000000083800000, 0x0000000083900000, 0x0000000083900000|100%|HS|  |TAMS 0x0000000083900000, 0x0000000083800000| Complete 
|  57|0x0000000083900000, 0x0000000083a00000, 0x0000000083a00000|100%|HC|  |TAMS 0x0000000083a00000, 0x0000000083900000| Complete 
|  58|0x0000000083a00000, 0x0000000083b00000, 0x0000000083b00000|100%| O|  |TAMS 0x0000000083b00000, 0x0000000083a00000| Untracked 
|  59|0x0000000083b00000, 0x0000000083c00000, 0x0000000083c00000|100%| O|  |TAMS 0x0000000083c00000, 0x0000000083b00000| Untracked 
|  60|0x0000000083c00000, 0x0000000083d00000, 0x0000000083d00000|100%| O|  |TAMS 0x0000000083d00000, 0x0000000083c00000| Untracked 
|  61|0x0000000083d00000, 0x0000000083e00000, 0x0000000083e00000|100%| O|  |TAMS 0x0000000083e00000, 0x0000000083d00000| Updating 
|  62|0x0000000083e00000, 0x0000000083f00000, 0x0000000083f00000|100%| O|  |TAMS 0x0000000083f00000, 0x0000000083e00000| Untracked 
|  63|0x0000000083f00000, 0x0000000084000000, 0x0000000084000000|100%| O|  |TAMS 0x0000000084000000, 0x0000000083f00000| Untracked 
|  64|0x0000000084000000, 0x0000000084100000, 0x0000000084100000|100%| O|  |TAMS 0x0000000084100000, 0x0000000084000000| Updating 
|  65|0x0000000084100000, 0x0000000084200000, 0x0000000084200000|100%| O|  |TAMS 0x0000000084200000, 0x0000000084100000| Untracked 
|  66|0x0000000084200000, 0x0000000084300000, 0x0000000084300000|100%| O|  |TAMS 0x0000000084300000, 0x0000000084200000| Untracked 
|  67|0x0000000084300000, 0x0000000084400000, 0x0000000084400000|100%| O|  |TAMS 0x0000000084400000, 0x0000000084300000| Updating 
|  68|0x0000000084400000, 0x0000000084500000, 0x0000000084500000|100%| O|  |TAMS 0x0000000084500000, 0x0000000084400000| Untracked 
|  69|0x0000000084500000, 0x0000000084600000, 0x0000000084600000|100%| O|  |TAMS 0x0000000084600000, 0x0000000084500000| Untracked 
|  70|0x0000000084600000, 0x0000000084700000, 0x0000000084700000|100%| O|  |TAMS 0x0000000084700000, 0x0000000084600000| Untracked 
|  71|0x0000000084700000, 0x0000000084800000, 0x0000000084800000|100%| O|  |TAMS 0x0000000084800000, 0x0000000084700000| Untracked 
|  72|0x0000000084800000, 0x0000000084900000, 0x0000000084900000|100%| O|  |TAMS 0x0000000084900000, 0x0000000084800000| Updating 
|  73|0x0000000084900000, 0x0000000084a00000, 0x0000000084a00000|100%| O|  |TAMS 0x0000000084a00000, 0x0000000084900000| Untracked 
|  74|0x0000000084a00000, 0x0000000084b00000, 0x0000000084b00000|100%| O|  |TAMS 0x0000000084b00000, 0x0000000084a00000| Untracked 
|  75|0x0000000084b00000, 0x0000000084c00000, 0x0000000084c00000|100%| O|  |TAMS 0x0000000084c00000, 0x0000000084b00000| Updating 
|  76|0x0000000084c00000, 0x0000000084d00000, 0x0000000084d00000|100%| O|  |TAMS 0x0000000084d00000, 0x0000000084c00000| Untracked 
|  77|0x0000000084d00000, 0x0000000084e00000, 0x0000000084e00000|100%| O|  |TAMS 0x0000000084e00000, 0x0000000084d00000| Untracked 
|  78|0x0000000084e00000, 0x0000000084f00000, 0x0000000084f00000|100%| O|  |TAMS 0x0000000084f00000, 0x0000000084e00000| Untracked 
|  79|0x0000000084f00000, 0x0000000085000000, 0x0000000085000000|100%| O|  |TAMS 0x0000000085000000, 0x0000000084f00000| Untracked 
|  80|0x0000000085000000, 0x0000000085100000, 0x0000000085100000|100%| O|  |TAMS 0x0000000085100000, 0x0000000085000000| Updating 
|  81|0x0000000085100000, 0x0000000085200000, 0x0000000085200000|100%| O|  |TAMS 0x0000000085200000, 0x0000000085100000| Untracked 
|  82|0x0000000085200000, 0x0000000085300000, 0x0000000085300000|100%| O|  |TAMS 0x0000000085300000, 0x0000000085200000| Untracked 
|  83|0x0000000085300000, 0x0000000085400000, 0x0000000085400000|100%| O|  |TAMS 0x0000000085400000, 0x0000000085300000| Untracked 
|  84|0x0000000085400000, 0x0000000085500000, 0x0000000085500000|100%| O|  |TAMS 0x0000000085500000, 0x0000000085400000| Untracked 
|  85|0x0000000085500000, 0x0000000085600000, 0x0000000085600000|100%| O|  |TAMS 0x0000000085600000, 0x0000000085500000| Untracked 
|  86|0x0000000085600000, 0x0000000085700000, 0x0000000085700000|100%| O|  |TAMS 0x0000000085700000, 0x0000000085600000| Updating 
|  87|0x0000000085700000, 0x0000000085800000, 0x0000000085800000|100%| O|  |TAMS 0x0000000085800000, 0x0000000085700000| Untracked 
|  88|0x0000000085800000, 0x0000000085900000, 0x0000000085900000|100%| O|  |TAMS 0x0000000085900000, 0x0000000085800000| Untracked 
|  89|0x0000000085900000, 0x0000000085a00000, 0x0000000085a00000|100%| O|  |TAMS 0x0000000085a00000, 0x0000000085900000| Untracked 
|  90|0x0000000085a00000, 0x0000000085b00000, 0x0000000085b00000|100%| O|  |TAMS 0x0000000085b00000, 0x0000000085a00000| Untracked 
|  91|0x0000000085b00000, 0x0000000085c00000, 0x0000000085c00000|100%| O|  |TAMS 0x0000000085c00000, 0x0000000085b00000| Untracked 
|  92|0x0000000085c00000, 0x0000000085d00000, 0x0000000085d00000|100%| O|  |TAMS 0x0000000085d00000, 0x0000000085c00000| Updating 
|  93|0x0000000085d00000, 0x0000000085e00000, 0x0000000085e00000|100%| O|  |TAMS 0x0000000085e00000, 0x0000000085d00000| Untracked 
|  94|0x0000000085e00000, 0x0000000085f00000, 0x0000000085f00000|100%| O|  |TAMS 0x0000000085f00000, 0x0000000085e00000| Untracked 
|  95|0x0000000085f00000, 0x0000000086000000, 0x0000000086000000|100%| O|  |TAMS 0x0000000086000000, 0x0000000085f00000| Untracked 
|  96|0x0000000086000000, 0x0000000086100000, 0x0000000086100000|100%| O|  |TAMS 0x0000000086100000, 0x0000000086000000| Untracked 
|  97|0x0000000086100000, 0x0000000086200000, 0x0000000086200000|100%| O|  |TAMS 0x0000000086200000, 0x0000000086100000| Updating 
|  98|0x0000000086200000, 0x0000000086300000, 0x0000000086300000|100%| O|  |TAMS 0x0000000086300000, 0x0000000086200000| Untracked 
|  99|0x0000000086300000, 0x0000000086400000, 0x0000000086400000|100%| O|  |TAMS 0x0000000086400000, 0x0000000086300000| Untracked 
| 100|0x0000000086400000, 0x0000000086500000, 0x0000000086500000|100%| O|  |TAMS 0x0000000086500000, 0x0000000086400000| Untracked 
| 101|0x0000000086500000, 0x0000000086600000, 0x0000000086600000|100%| O|  |TAMS 0x0000000086600000, 0x0000000086500000| Updating 
| 102|0x0000000086600000, 0x0000000086700000, 0x0000000086700000|100%| O|  |TAMS 0x0000000086700000, 0x0000000086600000| Untracked 
| 103|0x0000000086700000, 0x0000000086800000, 0x0000000086800000|100%| O|  |TAMS 0x0000000086800000, 0x0000000086700000| Untracked 
| 104|0x0000000086800000, 0x0000000086900000, 0x0000000086900000|100%| O|  |TAMS 0x0000000086900000, 0x0000000086800000| Updating 
| 105|0x0000000086900000, 0x0000000086a00000, 0x0000000086a00000|100%| O|  |TAMS 0x0000000086a00000, 0x0000000086900000| Untracked 
| 106|0x0000000086a00000, 0x0000000086b00000, 0x0000000086b00000|100%| O|  |TAMS 0x0000000086b00000, 0x0000000086a00000| Updating 
| 107|0x0000000086b00000, 0x0000000086c00000, 0x0000000086c00000|100%| O|  |TAMS 0x0000000086c00000, 0x0000000086b00000| Untracked 
| 108|0x0000000086c00000, 0x0000000086d00000, 0x0000000086d00000|100%| O|  |TAMS 0x0000000086d00000, 0x0000000086c00000| Untracked 
| 109|0x0000000086d00000, 0x0000000086e00000, 0x0000000086e00000|100%| O|  |TAMS 0x0000000086e00000, 0x0000000086d00000| Untracked 
| 110|0x0000000086e00000, 0x0000000086f00000, 0x0000000086f00000|100%| O|  |TAMS 0x0000000086f00000, 0x0000000086e00000| Untracked 
| 111|0x0000000086f00000, 0x0000000087000000, 0x0000000087000000|100%| O|  |TAMS 0x0000000087000000, 0x0000000086f00000| Updating 
| 112|0x0000000087000000, 0x0000000087100000, 0x0000000087100000|100%| O|  |TAMS 0x0000000087100000, 0x0000000087000000| Untracked 
| 113|0x0000000087100000, 0x0000000087200000, 0x0000000087200000|100%| O|  |TAMS 0x0000000087200000, 0x0000000087100000| Untracked 
| 114|0x0000000087200000, 0x0000000087300000, 0x0000000087300000|100%| O|  |TAMS 0x0000000087300000, 0x0000000087200000| Untracked 
| 115|0x0000000087300000, 0x0000000087400000, 0x0000000087400000|100%| O|  |TAMS 0x0000000087400000, 0x0000000087300000| Updating 
| 116|0x0000000087400000, 0x0000000087500000, 0x0000000087500000|100%| O|  |TAMS 0x0000000087500000, 0x0000000087400000| Untracked 
| 117|0x0000000087500000, 0x0000000087600000, 0x0000000087600000|100%| O|  |TAMS 0x0000000087600000, 0x0000000087500000| Untracked 
| 118|0x0000000087600000, 0x0000000087700000, 0x0000000087700000|100%| O|  |TAMS 0x0000000087700000, 0x0000000087600000| Untracked 
| 119|0x0000000087700000, 0x0000000087800000, 0x0000000087800000|100%| O|  |TAMS 0x0000000087800000, 0x0000000087700000| Untracked 
| 120|0x0000000087800000, 0x0000000087900000, 0x0000000087900000|100%|HS|  |TAMS 0x0000000087900000, 0x0000000087800000| Complete 
| 121|0x0000000087900000, 0x0000000087a00000, 0x0000000087a00000|100%| O|  |TAMS 0x0000000087a00000, 0x0000000087900000| Untracked 
| 122|0x0000000087a00000, 0x0000000087b00000, 0x0000000087b00000|100%| O|  |TAMS 0x0000000087b00000, 0x0000000087a00000| Untracked 
| 123|0x0000000087b00000, 0x0000000087c00000, 0x0000000087c00000|100%| O|  |TAMS 0x0000000087c00000, 0x0000000087b00000| Updating 
| 124|0x0000000087c00000, 0x0000000087d00000, 0x0000000087d00000|100%| O|  |TAMS 0x0000000087d00000, 0x0000000087c00000| Updating 
| 125|0x0000000087d00000, 0x0000000087e00000, 0x0000000087e00000|100%| O|  |TAMS 0x0000000087e00000, 0x0000000087d00000| Updating 
| 126|0x0000000087e00000, 0x0000000087f00000, 0x0000000087f00000|100%| O|  |TAMS 0x0000000087f00000, 0x0000000087e00000| Untracked 
| 127|0x0000000087f00000, 0x0000000088000000, 0x0000000088000000|100%| O|  |TAMS 0x0000000088000000, 0x0000000087f00000| Untracked 
| 128|0x0000000088000000, 0x0000000088100000, 0x0000000088100000|100%| O|  |TAMS 0x0000000088100000, 0x0000000088000000| Untracked 
| 129|0x0000000088100000, 0x0000000088200000, 0x0000000088200000|100%| O|  |TAMS 0x0000000088200000, 0x0000000088100000| Untracked 
| 130|0x0000000088200000, 0x0000000088300000, 0x0000000088300000|100%| O|  |TAMS 0x0000000088300000, 0x0000000088200000| Untracked 
| 131|0x0000000088300000, 0x0000000088400000, 0x0000000088400000|100%| O|  |TAMS 0x0000000088400000, 0x0000000088300000| Untracked 
| 132|0x0000000088400000, 0x0000000088500000, 0x0000000088500000|100%| O|  |TAMS 0x0000000088500000, 0x0000000088400000| Untracked 
| 133|0x0000000088500000, 0x0000000088600000, 0x0000000088600000|100%| O|  |TAMS 0x0000000088600000, 0x0000000088500000| Untracked 
| 134|0x0000000088600000, 0x0000000088700000, 0x0000000088700000|100%| O|  |TAMS 0x0000000088700000, 0x0000000088600000| Untracked 
| 135|0x0000000088700000, 0x0000000088800000, 0x0000000088800000|100%| O|  |TAMS 0x0000000088800000, 0x0000000088700000| Untracked 
| 136|0x0000000088800000, 0x0000000088900000, 0x0000000088900000|100%| O|  |TAMS 0x0000000088900000, 0x0000000088800000| Untracked 
| 137|0x0000000088900000, 0x0000000088a00000, 0x0000000088a00000|100%| O|  |TAMS 0x0000000088a00000, 0x0000000088900000| Untracked 
| 138|0x0000000088a00000, 0x0000000088b00000, 0x0000000088b00000|100%| O|  |TAMS 0x0000000088b00000, 0x0000000088a00000| Untracked 
| 139|0x0000000088b00000, 0x0000000088c00000, 0x0000000088c00000|100%|HS|  |TAMS 0x0000000088c00000, 0x0000000088b00000| Complete 
| 140|0x0000000088c00000, 0x0000000088d00000, 0x0000000088d00000|100%| O|  |TAMS 0x0000000088d00000, 0x0000000088c00000| Untracked 
| 141|0x0000000088d00000, 0x0000000088e00000, 0x0000000088e00000|100%| O|  |TAMS 0x0000000088e00000, 0x0000000088d00000| Untracked 
| 142|0x0000000088e00000, 0x0000000088f00000, 0x0000000088f00000|100%| O|  |TAMS 0x0000000088f00000, 0x0000000088e00000| Untracked 
| 143|0x0000000088f00000, 0x0000000089000000, 0x0000000089000000|100%| O|  |TAMS 0x0000000089000000, 0x0000000088f00000| Untracked 
| 144|0x0000000089000000, 0x0000000089100000, 0x0000000089100000|100%| O|  |TAMS 0x0000000089100000, 0x0000000089000000| Untracked 
| 145|0x0000000089100000, 0x0000000089200000, 0x0000000089200000|100%| O|  |TAMS 0x0000000089200000, 0x0000000089100000| Untracked 
| 146|0x0000000089200000, 0x0000000089300000, 0x0000000089300000|100%| O|  |TAMS 0x0000000089300000, 0x0000000089200000| Untracked 
| 147|0x0000000089300000, 0x0000000089400000, 0x0000000089400000|100%| O|  |TAMS 0x0000000089400000, 0x0000000089300000| Updating 
| 148|0x0000000089400000, 0x0000000089500000, 0x0000000089500000|100%| O|  |TAMS 0x0000000089500000, 0x0000000089400000| Untracked 
| 149|0x0000000089500000, 0x0000000089600000, 0x0000000089600000|100%| O|  |TAMS 0x0000000089600000, 0x0000000089500000| Untracked 
| 150|0x0000000089600000, 0x0000000089700000, 0x0000000089700000|100%| O|  |TAMS 0x0000000089700000, 0x0000000089600000| Untracked 
| 151|0x0000000089700000, 0x0000000089800000, 0x0000000089800000|100%| O|  |TAMS 0x0000000089800000, 0x0000000089700000| Untracked 
| 152|0x0000000089800000, 0x0000000089900000, 0x0000000089900000|100%| O|  |TAMS 0x0000000089900000, 0x0000000089800000| Updating 
| 153|0x0000000089900000, 0x0000000089a00000, 0x0000000089a00000|100%| O|  |TAMS 0x0000000089a00000, 0x0000000089900000| Untracked 
| 154|0x0000000089a00000, 0x0000000089b00000, 0x0000000089b00000|100%| O|  |TAMS 0x0000000089b00000, 0x0000000089a00000| Untracked 
| 155|0x0000000089b00000, 0x0000000089c00000, 0x0000000089c00000|100%| O|  |TAMS 0x0000000089c00000, 0x0000000089b00000| Updating 
| 156|0x0000000089c00000, 0x0000000089d00000, 0x0000000089d00000|100%| O|  |TAMS 0x0000000089d00000, 0x0000000089c00000| Untracked 
| 157|0x0000000089d00000, 0x0000000089e00000, 0x0000000089e00000|100%| O|  |TAMS 0x0000000089e00000, 0x0000000089d00000| Untracked 
| 158|0x0000000089e00000, 0x0000000089f00000, 0x0000000089f00000|100%| O|  |TAMS 0x0000000089f00000, 0x0000000089e00000| Updating 
| 159|0x0000000089f00000, 0x000000008a000000, 0x000000008a000000|100%| O|  |TAMS 0x000000008a000000, 0x0000000089f00000| Updating 
| 160|0x000000008a000000, 0x000000008a100000, 0x000000008a100000|100%| O|  |TAMS 0x000000008a100000, 0x000000008a000000| Untracked 
| 161|0x000000008a100000, 0x000000008a200000, 0x000000008a200000|100%| O|  |TAMS 0x000000008a200000, 0x000000008a100000| Untracked 
| 162|0x000000008a200000, 0x000000008a300000, 0x000000008a300000|100%| O|  |TAMS 0x000000008a300000, 0x000000008a200000| Untracked 
| 163|0x000000008a300000, 0x000000008a400000, 0x000000008a400000|100%| O|  |TAMS 0x000000008a400000, 0x000000008a300000| Updating 
| 164|0x000000008a400000, 0x000000008a500000, 0x000000008a500000|100%| O|  |TAMS 0x000000008a500000, 0x000000008a400000| Untracked 
| 165|0x000000008a500000, 0x000000008a600000, 0x000000008a600000|100%| O|  |TAMS 0x000000008a600000, 0x000000008a500000| Untracked 
| 166|0x000000008a600000, 0x000000008a700000, 0x000000008a700000|100%| O|  |TAMS 0x000000008a700000, 0x000000008a600000| Untracked 
| 167|0x000000008a700000, 0x000000008a800000, 0x000000008a800000|100%| O|  |TAMS 0x000000008a800000, 0x000000008a700000| Untracked 
| 168|0x000000008a800000, 0x000000008a900000, 0x000000008a900000|100%| O|  |TAMS 0x000000008a900000, 0x000000008a800000| Updating 
| 169|0x000000008a900000, 0x000000008aa00000, 0x000000008aa00000|100%| O|  |TAMS 0x000000008aa00000, 0x000000008a900000| Untracked 
| 170|0x000000008aa00000, 0x000000008ab00000, 0x000000008ab00000|100%| O|  |TAMS 0x000000008ab00000, 0x000000008aa00000| Updating 
| 171|0x000000008ab00000, 0x000000008ac00000, 0x000000008ac00000|100%| O|  |TAMS 0x000000008ac00000, 0x000000008ab00000| Untracked 
| 172|0x000000008ac00000, 0x000000008ad00000, 0x000000008ad00000|100%| O|  |TAMS 0x000000008ad00000, 0x000000008ac00000| Untracked 
| 173|0x000000008ad00000, 0x000000008ae00000, 0x000000008ae00000|100%| O|  |TAMS 0x000000008ae00000, 0x000000008ad00000| Updating 
| 174|0x000000008ae00000, 0x000000008af00000, 0x000000008af00000|100%| O|  |TAMS 0x000000008af00000, 0x000000008ae00000| Untracked 
| 175|0x000000008af00000, 0x000000008b000000, 0x000000008b000000|100%| O|  |TAMS 0x000000008b000000, 0x000000008af00000| Updating 
| 176|0x000000008b000000, 0x000000008b100000, 0x000000008b100000|100%| O|  |TAMS 0x000000008b100000, 0x000000008b000000| Untracked 
| 177|0x000000008b100000, 0x000000008b200000, 0x000000008b200000|100%| O|  |TAMS 0x000000008b200000, 0x000000008b100000| Untracked 
| 178|0x000000008b200000, 0x000000008b300000, 0x000000008b300000|100%| O|  |TAMS 0x000000008b300000, 0x000000008b200000| Updating 
| 179|0x000000008b300000, 0x000000008b400000, 0x000000008b400000|100%| O|  |TAMS 0x000000008b400000, 0x000000008b300000| Untracked 
| 180|0x000000008b400000, 0x000000008b500000, 0x000000008b500000|100%| O|  |TAMS 0x000000008b500000, 0x000000008b400000| Updating 
| 181|0x000000008b500000, 0x000000008b600000, 0x000000008b600000|100%| O|  |TAMS 0x000000008b600000, 0x000000008b500000| Untracked 
| 182|0x000000008b600000, 0x000000008b700000, 0x000000008b700000|100%| O|  |TAMS 0x000000008b700000, 0x000000008b600000| Updating 
| 183|0x000000008b700000, 0x000000008b800000, 0x000000008b800000|100%| O|  |TAMS 0x000000008b800000, 0x000000008b700000| Untracked 
| 184|0x000000008b800000, 0x000000008b900000, 0x000000008b900000|100%| O|  |TAMS 0x000000008b900000, 0x000000008b800000| Updating 
| 185|0x000000008b900000, 0x000000008ba00000, 0x000000008ba00000|100%| O|  |TAMS 0x000000008ba00000, 0x000000008b900000| Untracked 
| 186|0x000000008ba00000, 0x000000008bb00000, 0x000000008bb00000|100%| O|  |TAMS 0x000000008bb00000, 0x000000008ba00000| Updating 
| 187|0x000000008bb00000, 0x000000008bc00000, 0x000000008bc00000|100%| O|  |TAMS 0x000000008bc00000, 0x000000008bb00000| Untracked 
| 188|0x000000008bc00000, 0x000000008bd00000, 0x000000008bd00000|100%| O|  |TAMS 0x000000008bd00000, 0x000000008bc00000| Updating 
| 189|0x000000008bd00000, 0x000000008be00000, 0x000000008be00000|100%| O|  |TAMS 0x000000008be00000, 0x000000008bd00000| Updating 
| 190|0x000000008be00000, 0x000000008bf00000, 0x000000008bf00000|100%| O|  |TAMS 0x000000008bf00000, 0x000000008be00000| Updating 
| 191|0x000000008bf00000, 0x000000008c000000, 0x000000008c000000|100%|HS|  |TAMS 0x000000008c000000, 0x000000008bf00000| Complete 
| 192|0x000000008c000000, 0x000000008c100000, 0x000000008c100000|100%|HC|  |TAMS 0x000000008c100000, 0x000000008c000000| Complete 
| 193|0x000000008c100000, 0x000000008c200000, 0x000000008c200000|100%|HS|  |TAMS 0x000000008c200000, 0x000000008c100000| Complete 
| 194|0x000000008c200000, 0x000000008c300000, 0x000000008c300000|100%|HC|  |TAMS 0x000000008c300000, 0x000000008c200000| Complete 
| 195|0x000000008c300000, 0x000000008c400000, 0x000000008c400000|100%| O|  |TAMS 0x000000008c400000, 0x000000008c300000| Updating 
| 196|0x000000008c400000, 0x000000008c500000, 0x000000008c500000|100%| O|  |TAMS 0x000000008c500000, 0x000000008c400000| Untracked 
| 197|0x000000008c500000, 0x000000008c600000, 0x000000008c600000|100%| O|  |TAMS 0x000000008c600000, 0x000000008c500000| Untracked 
| 198|0x000000008c600000, 0x000000008c700000, 0x000000008c700000|100%| O|  |TAMS 0x000000008c700000, 0x000000008c600000| Untracked 
| 199|0x000000008c700000, 0x000000008c800000, 0x000000008c800000|100%| O|  |TAMS 0x000000008c800000, 0x000000008c700000| Untracked 
| 200|0x000000008c800000, 0x000000008c900000, 0x000000008c900000|100%| O|  |TAMS 0x000000008c900000, 0x000000008c800000| Untracked 
| 201|0x000000008c900000, 0x000000008ca00000, 0x000000008ca00000|100%| O|  |TAMS 0x000000008ca00000, 0x000000008c900000| Untracked 
| 202|0x000000008ca00000, 0x000000008cb00000, 0x000000008cb00000|100%| O|  |TAMS 0x000000008cb00000, 0x000000008ca00000| Untracked 
| 203|0x000000008cb00000, 0x000000008cc00000, 0x000000008cc00000|100%| O|  |TAMS 0x000000008cc00000, 0x000000008cb00000| Updating 
| 204|0x000000008cc00000, 0x000000008cd00000, 0x000000008cd00000|100%|HS|  |TAMS 0x000000008cd00000, 0x000000008cc00000| Complete 
| 205|0x000000008cd00000, 0x000000008ce00000, 0x000000008ce00000|100%|HC|  |TAMS 0x000000008ce00000, 0x000000008cd00000| Complete 
| 206|0x000000008ce00000, 0x000000008cf00000, 0x000000008cf00000|100%|HC|  |TAMS 0x000000008cf00000, 0x000000008ce00000| Complete 
| 207|0x000000008cf00000, 0x000000008d000000, 0x000000008d000000|100%| O|  |TAMS 0x000000008d000000, 0x000000008cf00000| Untracked 
| 208|0x000000008d000000, 0x000000008d100000, 0x000000008d100000|100%| O|  |TAMS 0x000000008d100000, 0x000000008d000000| Untracked 
| 209|0x000000008d100000, 0x000000008d200000, 0x000000008d200000|100%| O|  |TAMS 0x000000008d200000, 0x000000008d100000| Updating 
| 210|0x000000008d200000, 0x000000008d300000, 0x000000008d300000|100%| O|  |TAMS 0x000000008d300000, 0x000000008d200000| Updating 
| 211|0x000000008d300000, 0x000000008d400000, 0x000000008d400000|100%|HS|  |TAMS 0x000000008d400000, 0x000000008d300000| Complete 
| 212|0x000000008d400000, 0x000000008d500000, 0x000000008d500000|100%|HS|  |TAMS 0x000000008d500000, 0x000000008d400000| Complete 
| 213|0x000000008d500000, 0x000000008d600000, 0x000000008d600000|100%|HC|  |TAMS 0x000000008d600000, 0x000000008d500000| Complete 
| 214|0x000000008d600000, 0x000000008d700000, 0x000000008d700000|100%|HC|  |TAMS 0x000000008d700000, 0x000000008d600000| Complete 
| 215|0x000000008d700000, 0x000000008d800000, 0x000000008d800000|100%| O|  |TAMS 0x000000008d800000, 0x000000008d700000| Updating 
| 216|0x000000008d800000, 0x000000008d900000, 0x000000008d900000|100%| O|  |TAMS 0x000000008d900000, 0x000000008d800000| Updating 
| 217|0x000000008d900000, 0x000000008da00000, 0x000000008da00000|100%| O|  |TAMS 0x000000008da00000, 0x000000008d900000| Untracked 
| 218|0x000000008da00000, 0x000000008db00000, 0x000000008db00000|100%| O|  |TAMS 0x000000008db00000, 0x000000008da00000| Untracked 
| 219|0x000000008db00000, 0x000000008dc00000, 0x000000008dc00000|100%| O|  |TAMS 0x000000008dc00000, 0x000000008db00000| Untracked 
| 220|0x000000008dc00000, 0x000000008dd00000, 0x000000008dd00000|100%| O|  |TAMS 0x000000008dd00000, 0x000000008dc00000| Untracked 
| 221|0x000000008dd00000, 0x000000008de00000, 0x000000008de00000|100%| O|  |TAMS 0x000000008de00000, 0x000000008dd00000| Untracked 
| 222|0x000000008de00000, 0x000000008df00000, 0x000000008df00000|100%| O|  |TAMS 0x000000008df00000, 0x000000008de00000| Untracked 
| 223|0x000000008df00000, 0x000000008e000000, 0x000000008e000000|100%| O|  |TAMS 0x000000008e000000, 0x000000008df00000| Updating 
| 224|0x000000008e000000, 0x000000008e100000, 0x000000008e100000|100%|HS|  |TAMS 0x000000008e100000, 0x000000008e000000| Complete 
| 225|0x000000008e100000, 0x000000008e200000, 0x000000008e200000|100%|HC|  |TAMS 0x000000008e200000, 0x000000008e100000| Complete 
| 226|0x000000008e200000, 0x000000008e300000, 0x000000008e300000|100%|HC|  |TAMS 0x000000008e300000, 0x000000008e200000| Complete 
| 227|0x000000008e300000, 0x000000008e400000, 0x000000008e400000|100%| O|  |TAMS 0x000000008e400000, 0x000000008e300000| Untracked 
| 228|0x000000008e400000, 0x000000008e500000, 0x000000008e500000|100%| O|  |TAMS 0x000000008e500000, 0x000000008e400000| Untracked 
| 229|0x000000008e500000, 0x000000008e600000, 0x000000008e600000|100%| O|  |TAMS 0x000000008e600000, 0x000000008e500000| Untracked 
| 230|0x000000008e600000, 0x000000008e700000, 0x000000008e700000|100%| O|  |TAMS 0x000000008e700000, 0x000000008e600000| Untracked 
| 231|0x000000008e700000, 0x000000008e800000, 0x000000008e800000|100%| O|  |TAMS 0x000000008e800000, 0x000000008e700000| Untracked 
| 232|0x000000008e800000, 0x000000008e900000, 0x000000008e900000|100%| O|  |TAMS 0x000000008e900000, 0x000000008e800000| Untracked 
| 233|0x000000008e900000, 0x000000008ea00000, 0x000000008ea00000|100%| O|  |TAMS 0x000000008ea00000, 0x000000008e900000| Untracked 
| 234|0x000000008ea00000, 0x000000008eb00000, 0x000000008eb00000|100%| O|  |TAMS 0x000000008eb00000, 0x000000008ea00000| Untracked 
| 235|0x000000008eb00000, 0x000000008ec00000, 0x000000008ec00000|100%| O|  |TAMS 0x000000008ec00000, 0x000000008eb00000| Untracked 
| 236|0x000000008ec00000, 0x000000008ed00000, 0x000000008ed00000|100%| O|  |TAMS 0x000000008ed00000, 0x000000008ec00000| Untracked 
| 237|0x000000008ed00000, 0x000000008ee00000, 0x000000008ee00000|100%| O|  |TAMS 0x000000008ee00000, 0x000000008ed00000| Updating 
| 238|0x000000008ee00000, 0x000000008ef00000, 0x000000008ef00000|100%| O|  |TAMS 0x000000008ef00000, 0x000000008ee00000| Updating 
| 239|0x000000008ef00000, 0x000000008f000000, 0x000000008f000000|100%| O|  |TAMS 0x000000008f000000, 0x000000008ef00000| Updating 
| 240|0x000000008f000000, 0x000000008f100000, 0x000000008f100000|100%| O|  |TAMS 0x000000008f100000, 0x000000008f000000| Untracked 
| 241|0x000000008f100000, 0x000000008f200000, 0x000000008f200000|100%| O|  |TAMS 0x000000008f200000, 0x000000008f100000| Untracked 
| 242|0x000000008f200000, 0x000000008f300000, 0x000000008f300000|100%| O|  |TAMS 0x000000008f300000, 0x000000008f200000| Untracked 
| 243|0x000000008f300000, 0x000000008f400000, 0x000000008f400000|100%| O|  |TAMS 0x000000008f400000, 0x000000008f300000| Untracked 
| 244|0x000000008f400000, 0x000000008f500000, 0x000000008f500000|100%| O|  |TAMS 0x000000008f500000, 0x000000008f400000| Untracked 
| 245|0x000000008f500000, 0x000000008f600000, 0x000000008f600000|100%| O|  |TAMS 0x000000008f600000, 0x000000008f500000| Untracked 
| 246|0x000000008f600000, 0x000000008f700000, 0x000000008f700000|100%| O|  |TAMS 0x000000008f700000, 0x000000008f600000| Untracked 
| 247|0x000000008f700000, 0x000000008f800000, 0x000000008f800000|100%| O|  |TAMS 0x000000008f800000, 0x000000008f700000| Untracked 
| 248|0x000000008f800000, 0x000000008f900000, 0x000000008f900000|100%| O|  |TAMS 0x000000008f900000, 0x000000008f800000| Updating 
| 249|0x000000008f900000, 0x000000008fa00000, 0x000000008fa00000|100%| O|  |TAMS 0x000000008fa00000, 0x000000008f900000| Updating 
| 250|0x000000008fa00000, 0x000000008fb00000, 0x000000008fb00000|100%| O|  |TAMS 0x000000008fb00000, 0x000000008fa00000| Updating 
| 251|0x000000008fb00000, 0x000000008fc00000, 0x000000008fc00000|100%| O|  |TAMS 0x000000008fc00000, 0x000000008fb00000| Untracked 
| 252|0x000000008fc00000, 0x000000008fd00000, 0x000000008fd00000|100%| O|  |TAMS 0x000000008fd00000, 0x000000008fc00000| Untracked 
| 253|0x000000008fd00000, 0x000000008fe00000, 0x000000008fe00000|100%| O|  |TAMS 0x000000008fe00000, 0x000000008fd00000| Untracked 
| 254|0x000000008fe00000, 0x000000008ff00000, 0x000000008ff00000|100%| O|  |TAMS 0x000000008ff00000, 0x000000008fe00000| Untracked 
| 255|0x000000008ff00000, 0x0000000090000000, 0x0000000090000000|100%| O|  |TAMS 0x0000000090000000, 0x000000008ff00000| Untracked 
| 256|0x0000000090000000, 0x0000000090100000, 0x0000000090100000|100%| O|  |TAMS 0x0000000090100000, 0x0000000090000000| Untracked 
| 257|0x0000000090100000, 0x0000000090200000, 0x0000000090200000|100%| O|  |TAMS 0x0000000090200000, 0x0000000090100000| Untracked 
| 258|0x0000000090200000, 0x0000000090300000, 0x0000000090300000|100%| O|  |TAMS 0x0000000090300000, 0x0000000090200000| Untracked 
| 259|0x0000000090300000, 0x0000000090400000, 0x0000000090400000|100%| O|  |TAMS 0x0000000090400000, 0x0000000090300000| Updating 
| 260|0x0000000090400000, 0x0000000090500000, 0x0000000090500000|100%| O|  |TAMS 0x0000000090500000, 0x0000000090400000| Updating 
| 261|0x0000000090500000, 0x0000000090600000, 0x0000000090600000|100%| O|  |TAMS 0x0000000090600000, 0x0000000090500000| Untracked 
| 262|0x0000000090600000, 0x0000000090700000, 0x0000000090700000|100%| O|  |TAMS 0x0000000090700000, 0x0000000090600000| Untracked 
| 263|0x0000000090700000, 0x0000000090800000, 0x0000000090800000|100%| O|  |TAMS 0x0000000090800000, 0x0000000090700000| Untracked 
| 264|0x0000000090800000, 0x0000000090900000, 0x0000000090900000|100%| O|  |TAMS 0x0000000090900000, 0x0000000090800000| Updating 
| 265|0x0000000090900000, 0x0000000090a00000, 0x0000000090a00000|100%| O|  |TAMS 0x0000000090a00000, 0x0000000090900000| Untracked 
| 266|0x0000000090a00000, 0x0000000090b00000, 0x0000000090b00000|100%| O|  |TAMS 0x0000000090b00000, 0x0000000090a00000| Updating 
| 267|0x0000000090b00000, 0x0000000090c00000, 0x0000000090c00000|100%| O|  |TAMS 0x0000000090c00000, 0x0000000090b00000| Updating 
| 268|0x0000000090c00000, 0x0000000090d00000, 0x0000000090d00000|100%| O|  |TAMS 0x0000000090d00000, 0x0000000090c00000| Untracked 
| 269|0x0000000090d00000, 0x0000000090e00000, 0x0000000090e00000|100%| O|  |TAMS 0x0000000090e00000, 0x0000000090d00000| Updating 
| 270|0x0000000090e00000, 0x0000000090f00000, 0x0000000090f00000|100%| O|  |TAMS 0x0000000090f00000, 0x0000000090e00000| Untracked 
| 271|0x0000000090f00000, 0x0000000091000000, 0x0000000091000000|100%| O|  |TAMS 0x0000000091000000, 0x0000000090f00000| Untracked 
| 272|0x0000000091000000, 0x0000000091100000, 0x0000000091100000|100%| O|  |TAMS 0x0000000091100000, 0x0000000091000000| Updating 
| 273|0x0000000091100000, 0x0000000091200000, 0x0000000091200000|100%| O|  |TAMS 0x0000000091200000, 0x0000000091100000| Updating 
| 274|0x0000000091200000, 0x0000000091300000, 0x0000000091300000|100%| O|  |TAMS 0x0000000091300000, 0x0000000091200000| Updating 
| 275|0x0000000091300000, 0x0000000091400000, 0x0000000091400000|100%| O|  |TAMS 0x0000000091400000, 0x0000000091300000| Updating 
| 276|0x0000000091400000, 0x0000000091500000, 0x0000000091500000|100%| O|  |TAMS 0x0000000091500000, 0x0000000091400000| Updating 
| 277|0x0000000091500000, 0x0000000091600000, 0x0000000091600000|100%| O|  |TAMS 0x0000000091600000, 0x0000000091500000| Updating 
| 278|0x0000000091600000, 0x0000000091700000, 0x0000000091700000|100%| O|  |TAMS 0x0000000091700000, 0x0000000091600000| Untracked 
| 279|0x0000000091700000, 0x0000000091800000, 0x0000000091800000|100%| O|  |TAMS 0x0000000091800000, 0x0000000091700000| Updating 
| 280|0x0000000091800000, 0x0000000091900000, 0x0000000091900000|100%| O|  |TAMS 0x0000000091900000, 0x0000000091800000| Updating 
| 281|0x0000000091900000, 0x0000000091a00000, 0x0000000091a00000|100%| O|  |TAMS 0x0000000091a00000, 0x0000000091900000| Updating 
| 282|0x0000000091a00000, 0x0000000091b00000, 0x0000000091b00000|100%| O|  |TAMS 0x0000000091b00000, 0x0000000091a00000| Updating 
| 283|0x0000000091b00000, 0x0000000091c00000, 0x0000000091c00000|100%| O|  |TAMS 0x0000000091c00000, 0x0000000091b00000| Updating 
| 284|0x0000000091c00000, 0x0000000091d00000, 0x0000000091d00000|100%| O|  |TAMS 0x0000000091d00000, 0x0000000091c00000| Updating 
| 285|0x0000000091d00000, 0x0000000091e00000, 0x0000000091e00000|100%| O|  |TAMS 0x0000000091e00000, 0x0000000091d00000| Updating 
| 286|0x0000000091e00000, 0x0000000091f00000, 0x0000000091f00000|100%| O|  |TAMS 0x0000000091f00000, 0x0000000091e00000| Untracked 
| 287|0x0000000091f00000, 0x0000000092000000, 0x0000000092000000|100%| O|  |TAMS 0x0000000092000000, 0x0000000091f00000| Updating 
| 288|0x0000000092000000, 0x0000000092100000, 0x0000000092100000|100%| O|  |TAMS 0x0000000092100000, 0x0000000092000000| Updating 
| 289|0x0000000092100000, 0x0000000092200000, 0x0000000092200000|100%| O|  |TAMS 0x0000000092200000, 0x0000000092100000| Updating 
| 290|0x0000000092200000, 0x0000000092300000, 0x0000000092300000|100%| O|  |TAMS 0x0000000092300000, 0x0000000092200000| Untracked 
| 291|0x0000000092300000, 0x0000000092400000, 0x0000000092400000|100%| O|  |TAMS 0x0000000092400000, 0x0000000092300000| Untracked 
| 292|0x0000000092400000, 0x0000000092500000, 0x0000000092500000|100%| O|  |TAMS 0x0000000092500000, 0x0000000092400000| Updating 
| 293|0x0000000092500000, 0x0000000092600000, 0x0000000092600000|100%| O|  |TAMS 0x0000000092600000, 0x0000000092500000| Untracked 
| 294|0x0000000092600000, 0x0000000092700000, 0x0000000092700000|100%| O|  |TAMS 0x0000000092700000, 0x0000000092600000| Untracked 
| 295|0x0000000092700000, 0x0000000092800000, 0x0000000092800000|100%| O|  |TAMS 0x0000000092800000, 0x0000000092700000| Updating 
| 296|0x0000000092800000, 0x0000000092900000, 0x0000000092900000|100%| O|  |TAMS 0x0000000092900000, 0x0000000092800000| Untracked 
| 297|0x0000000092900000, 0x0000000092a00000, 0x0000000092a00000|100%| O|  |TAMS 0x0000000092973e00, 0x0000000092900000| Updating 
| 298|0x0000000092a00000, 0x0000000092af2600, 0x0000000092b00000| 94%| O|  |TAMS 0x0000000092a00000, 0x0000000092a00000| Untracked 
| 299|0x0000000092b00000, 0x0000000092b00000, 0x0000000092c00000|  0%| F|  |TAMS 0x0000000092b00000, 0x0000000092b00000| Untracked 
| 300|0x0000000092c00000, 0x0000000092c00000, 0x0000000092d00000|  0%| F|  |TAMS 0x0000000092c00000, 0x0000000092c00000| Untracked 
| 301|0x0000000092d00000, 0x0000000092d00000, 0x0000000092e00000|  0%| F|  |TAMS 0x0000000092d00000, 0x0000000092d00000| Untracked 
| 302|0x0000000092e00000, 0x0000000092e00000, 0x0000000092f00000|  0%| F|  |TAMS 0x0000000092e00000, 0x0000000092e00000| Untracked 
| 303|0x0000000092f00000, 0x0000000092f00000, 0x0000000093000000|  0%| F|  |TAMS 0x0000000092f00000, 0x0000000092f00000| Untracked 
| 304|0x0000000093000000, 0x0000000093000000, 0x0000000093100000|  0%| F|  |TAMS 0x0000000093000000, 0x0000000093000000| Untracked 
| 305|0x0000000093100000, 0x0000000093100000, 0x0000000093200000|  0%| F|  |TAMS 0x0000000093100000, 0x0000000093100000| Untracked 
| 306|0x0000000093200000, 0x0000000093200000, 0x0000000093300000|  0%| F|  |TAMS 0x0000000093200000, 0x0000000093200000| Untracked 
| 307|0x0000000093300000, 0x0000000093300000, 0x0000000093400000|  0%| F|  |TAMS 0x0000000093300000, 0x0000000093300000| Untracked 
| 308|0x0000000093400000, 0x0000000093400000, 0x0000000093500000|  0%| F|  |TAMS 0x0000000093400000, 0x0000000093400000| Untracked 
| 309|0x0000000093500000, 0x0000000093500000, 0x0000000093600000|  0%| F|  |TAMS 0x0000000093500000, 0x0000000093500000| Untracked 
| 310|0x0000000093600000, 0x0000000093600000, 0x0000000093700000|  0%| F|  |TAMS 0x0000000093600000, 0x0000000093600000| Untracked 
| 311|0x0000000093700000, 0x0000000093700000, 0x0000000093800000|  0%| F|  |TAMS 0x0000000093700000, 0x0000000093700000| Untracked 
| 312|0x0000000093800000, 0x0000000093800000, 0x0000000093900000|  0%| F|  |TAMS 0x0000000093800000, 0x0000000093800000| Untracked 
| 313|0x0000000093900000, 0x0000000093900000, 0x0000000093a00000|  0%| F|  |TAMS 0x0000000093900000, 0x0000000093900000| Untracked 
| 314|0x0000000093a00000, 0x0000000093a00000, 0x0000000093b00000|  0%| F|  |TAMS 0x0000000093a00000, 0x0000000093a00000| Untracked 
| 315|0x0000000093b00000, 0x0000000093b00000, 0x0000000093c00000|  0%| F|  |TAMS 0x0000000093b00000, 0x0000000093b00000| Untracked 
| 316|0x0000000093c00000, 0x0000000093c00000, 0x0000000093d00000|  0%| F|  |TAMS 0x0000000093c00000, 0x0000000093c00000| Untracked 
| 317|0x0000000093d00000, 0x0000000093d00000, 0x0000000093e00000|  0%| F|  |TAMS 0x0000000093d00000, 0x0000000093d00000| Untracked 
| 318|0x0000000093e00000, 0x0000000093e00000, 0x0000000093f00000|  0%| F|  |TAMS 0x0000000093e00000, 0x0000000093e00000| Untracked 
| 319|0x0000000093f00000, 0x0000000093f00000, 0x0000000094000000|  0%| F|  |TAMS 0x0000000093f00000, 0x0000000093f00000| Untracked 
| 320|0x0000000094000000, 0x0000000094000000, 0x0000000094100000|  0%| F|  |TAMS 0x0000000094000000, 0x0000000094000000| Untracked 
| 321|0x0000000094100000, 0x00000000941850a8, 0x0000000094200000| 51%| S|CS|TAMS 0x0000000094100000, 0x0000000094100000| Complete 
| 322|0x0000000094200000, 0x0000000094200000, 0x0000000094300000|  0%| F|  |TAMS 0x0000000094200000, 0x0000000094200000| Untracked 
| 323|0x0000000094300000, 0x0000000094400000, 0x0000000094400000|100%| S|CS|TAMS 0x0000000094300000, 0x0000000094300000| Complete 
| 324|0x0000000094400000, 0x0000000094400000, 0x0000000094500000|  0%| F|  |TAMS 0x0000000094400000, 0x0000000094400000| Untracked 
| 325|0x0000000094500000, 0x0000000094500000, 0x0000000094600000|  0%| F|  |TAMS 0x0000000094500000, 0x0000000094500000| Untracked 
| 326|0x0000000094600000, 0x0000000094600000, 0x0000000094700000|  0%| F|  |TAMS 0x0000000094600000, 0x0000000094600000| Untracked 
| 327|0x0000000094700000, 0x0000000094700000, 0x0000000094800000|  0%| F|  |TAMS 0x0000000094700000, 0x0000000094700000| Untracked 
| 328|0x0000000094800000, 0x0000000094800000, 0x0000000094900000|  0%| F|  |TAMS 0x0000000094800000, 0x0000000094800000| Untracked 
| 329|0x0000000094900000, 0x0000000094900000, 0x0000000094a00000|  0%| F|  |TAMS 0x0000000094900000, 0x0000000094900000| Untracked 
| 330|0x0000000094a00000, 0x0000000094a00000, 0x0000000094b00000|  0%| F|  |TAMS 0x0000000094a00000, 0x0000000094a00000| Untracked 
| 331|0x0000000094b00000, 0x0000000094b00000, 0x0000000094c00000|  0%| F|  |TAMS 0x0000000094b00000, 0x0000000094b00000| Untracked 
| 332|0x0000000094c00000, 0x0000000094c00000, 0x0000000094d00000|  0%| F|  |TAMS 0x0000000094c00000, 0x0000000094c00000| Untracked 
| 333|0x0000000094d00000, 0x0000000094d00000, 0x0000000094e00000|  0%| F|  |TAMS 0x0000000094d00000, 0x0000000094d00000| Untracked 
| 334|0x0000000094e00000, 0x0000000094e00000, 0x0000000094f00000|  0%| F|  |TAMS 0x0000000094e00000, 0x0000000094e00000| Untracked 
| 335|0x0000000094f00000, 0x0000000094f00000, 0x0000000095000000|  0%| F|  |TAMS 0x0000000094f00000, 0x0000000094f00000| Untracked 
| 336|0x0000000095000000, 0x00000000950472d8, 0x0000000095100000| 27%| E|  |TAMS 0x0000000095000000, 0x0000000095000000| Complete 
| 337|0x0000000095100000, 0x0000000095200000, 0x0000000095200000|100%| E|CS|TAMS 0x0000000095100000, 0x0000000095100000| Complete 
| 338|0x0000000095200000, 0x0000000095300000, 0x0000000095300000|100%| E|CS|TAMS 0x0000000095200000, 0x0000000095200000| Complete 

Card table byte_map: [0x000001f9985e0000,0x000001f9989e0000] _byte_map_base: 0x000001f9981e0000

Marking Bits (Prev, Next): (CMBitMap*) 0x000001f9ffec11b0, (CMBitMap*) 0x000001f9ffec11f0
 Prev Bits: [0x000001f998de0000, 0x000001f99ade0000)
 Next Bits: [0x000001f99ade0000, 0x000001f99cde0000)

Polling page: 0x000001f9ff820000

Metaspace:

Usage:
  Non-class:     98.26 MB used.
      Class:     15.46 MB used.
       Both:    113.72 MB used.

Virtual space:
  Non-class space:      104.00 MB reserved,      99.31 MB ( 95%) committed,  13 nodes.
      Class space:      412.00 MB reserved,      16.38 MB (  4%) committed,  1 nodes.
             Both:      516.00 MB reserved,     115.69 MB ( 22%) committed. 

Chunk freelists:
   Non-Class:  3.94 MB
       Class:  3.58 MB
        Both:  7.52 MB

MaxMetaspaceSize: 512.00 MB
CompressedClassSpaceSize: 412.00 MB
Initial GC threshold: 21.00 MB
Current GC threshold: 163.12 MB
CDS: on
MetaspaceReclaimPolicy: balanced
 - commit_granule_bytes: 65536.
 - commit_granule_words: 8192.
 - virtual_space_node_default_size: 1048576.
 - enlarge_chunks_in_place: 1.
 - new_chunks_are_fully_committed: 0.
 - uncommit_free_chunks: 1.
 - use_allocation_guard: 0.
 - handle_deallocations: 1.


Internal statistics:

num_allocs_failed_limit: 6.
num_arena_births: 2080.
num_arena_deaths: 0.
num_vsnodes_births: 14.
num_vsnodes_deaths: 0.
num_space_committed: 1851.
num_space_uncommitted: 0.
num_chunks_returned_to_freelist: 6.
num_chunks_taken_from_freelist: 7402.
num_chunk_merges: 6.
num_chunk_splits: 4673.
num_chunks_enlarged: 2860.
num_purges: 0.
num_inconsistent_stats: 0.

CodeHeap 'non-profiled nmethods': size=120000Kb used=14015Kb max_used=14667Kb free=105984Kb
 bounds [0x000001f990690000, 0x000001f991500000, 0x000001f997bc0000]
CodeHeap 'profiled nmethods': size=120000Kb used=30594Kb max_used=32255Kb free=89405Kb
 bounds [0x000001f988bc0000, 0x000001f98ab50000, 0x000001f9900f0000]
CodeHeap 'non-nmethods': size=5760Kb used=2465Kb max_used=2547Kb free=3294Kb
 bounds [0x000001f9900f0000, 0x000001f990380000, 0x000001f990690000]
 total_blobs=16787 nmethods=15785 adapters=913
 compilation: enabled
              stopped_count=0, restarted_count=0
 full_count=0

Compilation events (20 events):
Event: 832.828 Thread 0x000001f99f3f6d60 nmethod 19408 0x000001f990762490 code [0x000001f990762620, 0x000001f9907626d8]
Event: 832.829 Thread 0x000001f99f3f6d60 19407       4       org.gradle.api.internal.artifacts.ivyservice.resolveengine.artifact.ArtifactBackedResolvedVariant::getAttributes (5 bytes)
Event: 832.829 Thread 0x000001f99f3f6d60 nmethod 19407 0x000001f99085a590 code [0x000001f99085a700, 0x000001f99085a778]
Event: 832.829 Thread 0x000001f99f3f6d60 19406       4       org.gradle.api.internal.artifacts.ivyservice.resolveengine.artifact.DefaultArtifactSet$SingleVariantArtifactSet::getVariants (8 bytes)
Event: 832.832 Thread 0x000001f99f3f6d60 nmethod 19406 0x000001f991401190 code [0x000001f991401320, 0x000001f991401498]
Event: 832.876 Thread 0x000001f99f424b90 19411       3       org.gradle.api.internal.artifacts.ivyservice.DefaultConfigurationResolver::getRepositories (16 bytes)
Event: 832.877 Thread 0x000001f99f424b90 nmethod 19411 0x000001f989616510 code [0x000001f9896166e0, 0x000001f989616a48]
Event: 832.877 Thread 0x000001f99f424b90 19412       3       org.gradle.api.internal.artifacts.DefaultDependencyManagementServices$DependencyResolutionScopeServices::collectRepositories (35 bytes)
Event: 832.878 Thread 0x000001f99f424b90 nmethod 19412 0x000001f9897ca910 code [0x000001f9897cab80, 0x000001f9897cb718]
Event: 832.878 Thread 0x000001f99f3f6d60 19413       4       org.gradle.api.internal.artifacts.ivyservice.dependencysubstitution.DefaultDependencySubstitutions$1::withoutArtifactSelectors (26 bytes)
Event: 832.882 Thread 0x000001f99f3f6d60 nmethod 19413 0x000001f9906e2010 code [0x000001f9906e21a0, 0x000001f9906e2568]
Event: 832.882 Thread 0x000001f99f3f6d60 19414       4       org.gradle.api.internal.artifacts.ivyservice.dependencysubstitution.DefaultDependencySubstitutions$1::because (19 bytes)
Event: 832.890 Thread 0x000001f99f3f6d60 nmethod 19414 0x000001f990c8c210 code [0x000001f990c8c3e0, 0x000001f990c8c948]
Event: 832.897 Thread 0x000001f99f3f6d60 19415       4       org.gradle.api.internal.artifacts.ivyservice.ivyresolve.FilteredModuleComponentRepository$FilteringAccess::<init> (7 bytes)
Event: 832.899 Thread 0x000001f99f3f6d60 nmethod 19415 0x000001f990a68d90 code [0x000001f990a68f00, 0x000001f990a69158]
Event: 832.901 Thread 0x000001f99f3f6d60 19416       4       org.gradle.internal.component.local.model.ComponentFileArtifactIdentifier::hashCode (16 bytes)
Event: 832.913 Thread 0x000001f99f3f6d60 nmethod 19416 0x000001f990ae9790 code [0x000001f990ae9920, 0x000001f990ae9db8]
Event: 832.913 Thread 0x000001f99f424b90 19417       3       org.gradle.api.internal.artifacts.DefaultResolverResults::hasError (41 bytes)
Event: 832.913 Thread 0x000001f99f424b90 nmethod 19417 0x000001f988d24090 code [0x000001f988d24240, 0x000001f988d24548]
Event: 832.914 Thread 0x000001f99f3f6d60 19418   !   4       java.util.concurrent.ConcurrentHashMap::transfer (849 bytes)

GC Heap History (20 events):
Event: 818.174 GC heap before
{Heap before GC invocations=109 (full 0):
 garbage-first heap   total 347136K, used 304444K [0x0000000080000000, 0x0000000100000000)
  region size 1024K, 16 young (16384K), 2 survivors (2048K)
 Metaspace       used 112101K, committed 114112K, reserved 520192K
  class space    used 15271K, committed 16192K, reserved 421888K
}
Event: 818.179 GC heap after
{Heap after GC invocations=110 (full 0):
 garbage-first heap   total 347136K, used 292316K [0x0000000080000000, 0x0000000100000000)
  region size 1024K, 2 young (2048K), 2 survivors (2048K)
 Metaspace       used 112101K, committed 114112K, reserved 520192K
  class space    used 15271K, committed 16192K, reserved 421888K
}
Event: 821.297 GC heap before
{Heap before GC invocations=110 (full 0):
 garbage-first heap   total 347136K, used 306652K [0x0000000080000000, 0x0000000100000000)
  region size 1024K, 16 young (16384K), 2 survivors (2048K)
 Metaspace       used 115248K, committed 117312K, reserved 528384K
  class space    used 15702K, committed 16640K, reserved 421888K
}
Event: 821.303 GC heap after
{Heap after GC invocations=111 (full 0):
 garbage-first heap   total 347136K, used 294091K [0x0000000080000000, 0x0000000100000000)
  region size 1024K, 2 young (2048K), 2 survivors (2048K)
 Metaspace       used 115248K, committed 117312K, reserved 528384K
  class space    used 15702K, committed 16640K, reserved 421888K
}
Event: 822.278 GC heap before
{Heap before GC invocations=111 (full 0):
 garbage-first heap   total 347136K, used 308427K [0x0000000080000000, 0x0000000100000000)
  region size 1024K, 16 young (16384K), 2 survivors (2048K)
 Metaspace       used 115361K, committed 117440K, reserved 528384K
  class space    used 15711K, committed 16640K, reserved 421888K
}
Event: 822.283 GC heap after
{Heap after GC invocations=112 (full 0):
 garbage-first heap   total 347136K, used 296120K [0x0000000080000000, 0x0000000100000000)
  region size 1024K, 2 young (2048K), 2 survivors (2048K)
 Metaspace       used 115361K, committed 117440K, reserved 528384K
  class space    used 15711K, committed 16640K, reserved 421888K
}
Event: 822.966 GC heap before
{Heap before GC invocations=112 (full 0):
 garbage-first heap   total 347136K, used 310456K [0x0000000080000000, 0x0000000100000000)
  region size 1024K, 16 young (16384K), 2 survivors (2048K)
 Metaspace       used 115372K, committed 117440K, reserved 528384K
  class space    used 15712K, committed 16640K, reserved 421888K
}
Event: 822.972 GC heap after
{Heap after GC invocations=113 (full 0):
 garbage-first heap   total 347136K, used 297996K [0x0000000080000000, 0x0000000100000000)
  region size 1024K, 2 young (2048K), 2 survivors (2048K)
 Metaspace       used 115372K, committed 117440K, reserved 528384K
  class space    used 15712K, committed 16640K, reserved 421888K
}
Event: 823.657 GC heap before
{Heap before GC invocations=113 (full 0):
 garbage-first heap   total 347136K, used 312332K [0x0000000080000000, 0x0000000100000000)
  region size 1024K, 16 young (16384K), 2 survivors (2048K)
 Metaspace       used 115413K, committed 117504K, reserved 528384K
  class space    used 15713K, committed 16640K, reserved 421888K
}
Event: 823.661 GC heap after
{Heap after GC invocations=114 (full 0):
 garbage-first heap   total 347136K, used 299575K [0x0000000080000000, 0x0000000100000000)
  region size 1024K, 2 young (2048K), 2 survivors (2048K)
 Metaspace       used 115413K, committed 117504K, reserved 528384K
  class space    used 15713K, committed 16640K, reserved 421888K
}
Event: 824.543 GC heap before
{Heap before GC invocations=114 (full 0):
 garbage-first heap   total 347136K, used 313911K [0x0000000080000000, 0x0000000100000000)
  region size 1024K, 16 young (16384K), 2 survivors (2048K)
 Metaspace       used 115436K, committed 117504K, reserved 528384K
  class space    used 15713K, committed 16640K, reserved 421888K
}
Event: 824.548 GC heap after
{Heap after GC invocations=115 (full 0):
 garbage-first heap   total 347136K, used 301508K [0x0000000080000000, 0x0000000100000000)
  region size 1024K, 2 young (2048K), 2 survivors (2048K)
 Metaspace       used 115436K, committed 117504K, reserved 528384K
  class space    used 15713K, committed 16640K, reserved 421888K
}
Event: 826.574 GC heap before
{Heap before GC invocations=115 (full 0):
 garbage-first heap   total 347136K, used 315844K [0x0000000080000000, 0x0000000100000000)
  region size 1024K, 16 young (16384K), 2 survivors (2048K)
 Metaspace       used 115456K, committed 117504K, reserved 528384K
  class space    used 15713K, committed 16640K, reserved 421888K
}
Event: 826.581 GC heap after
{Heap after GC invocations=116 (full 0):
 garbage-first heap   total 347136K, used 303250K [0x0000000080000000, 0x0000000100000000)
  region size 1024K, 2 young (2048K), 2 survivors (2048K)
 Metaspace       used 115456K, committed 117504K, reserved 528384K
  class space    used 15713K, committed 16640K, reserved 421888K
}
Event: 828.139 GC heap before
{Heap before GC invocations=116 (full 0):
 garbage-first heap   total 347136K, used 317586K [0x0000000080000000, 0x0000000100000000)
  region size 1024K, 16 young (16384K), 2 survivors (2048K)
 Metaspace       used 115496K, committed 117504K, reserved 528384K
  class space    used 15713K, committed 16640K, reserved 421888K
}
Event: 828.144 GC heap after
{Heap after GC invocations=117 (full 0):
 garbage-first heap   total 347136K, used 304911K [0x0000000080000000, 0x0000000100000000)
  region size 1024K, 2 young (2048K), 2 survivors (2048K)
 Metaspace       used 115496K, committed 117504K, reserved 528384K
  class space    used 15713K, committed 16640K, reserved 421888K
}
Event: 829.852 GC heap before
{Heap before GC invocations=117 (full 0):
 garbage-first heap   total 347136K, used 319247K [0x0000000080000000, 0x0000000100000000)
  region size 1024K, 16 young (16384K), 2 survivors (2048K)
 Metaspace       used 116030K, committed 118080K, reserved 528384K
  class space    used 15787K, committed 16704K, reserved 421888K
}
Event: 829.859 GC heap after
{Heap after GC invocations=118 (full 0):
 garbage-first heap   total 347136K, used 306242K [0x0000000080000000, 0x0000000100000000)
  region size 1024K, 2 young (2048K), 2 survivors (2048K)
 Metaspace       used 116030K, committed 118080K, reserved 528384K
  class space    used 15787K, committed 16704K, reserved 421888K
}
Event: 831.831 GC heap before
{Heap before GC invocations=118 (full 0):
 garbage-first heap   total 347136K, used 320578K [0x0000000080000000, 0x0000000100000000)
  region size 1024K, 16 young (16384K), 2 survivors (2048K)
 Metaspace       used 116446K, committed 118464K, reserved 528384K
  class space    used 15830K, committed 16768K, reserved 421888K
}
Event: 831.837 GC heap after
{Heap after GC invocations=119 (full 0):
 garbage-first heap   total 347136K, used 307677K [0x0000000080000000, 0x0000000100000000)
  region size 1024K, 2 young (2048K), 2 survivors (2048K)
 Metaspace       used 116446K, committed 118464K, reserved 528384K
  class space    used 15830K, committed 16768K, reserved 421888K
}

Deoptimization events (20 events):
Event: 831.824 Thread 0x000001f9a1055840 Uncommon trap: trap_request=0xffffff45 fr.pc=0x000001f99117e644 relative=0x00000000000001a4
Event: 831.824 Thread 0x000001f9a1055840 Uncommon trap: reason=unstable_if action=reinterpret pc=0x000001f99117e644 method=org.gradle.util.internal.DeferredUtil.unpackNestableDeferred(Ljava/lang/Object;)Ljava/lang/Object; @ 13 c2
Event: 831.824 Thread 0x000001f9a1055840 DEOPT PACKING pc=0x000001f99117e644 sp=0x000000f1cfffaa00
Event: 831.824 Thread 0x000001f9a1055840 DEOPT UNPACKING pc=0x000001f9901423a3 sp=0x000000f1cfffa990 mode 2
Event: 832.678 Thread 0x000001f9a1055840 Uncommon trap: trap_request=0xffffffde fr.pc=0x000001f99142e354 relative=0x0000000000002294
Event: 832.678 Thread 0x000001f9a1055840 Uncommon trap: reason=class_check action=maybe_recompile pc=0x000001f99142e354 method=org.gradle.api.internal.tasks.FailureCollectingTaskDependencyResolveContext.add(Ljava/lang/Object;)V @ 41 c2
Event: 832.678 Thread 0x000001f9a1055840 DEOPT PACKING pc=0x000001f99142e354 sp=0x000000f1cfff9620
Event: 832.678 Thread 0x000001f9a1055840 DEOPT UNPACKING pc=0x000001f9901423a3 sp=0x000000f1cfff9610 mode 2
Event: 832.678 Thread 0x000001f9a1055840 Uncommon trap: trap_request=0xffffffde fr.pc=0x000001f99142e354 relative=0x0000000000002294
Event: 832.678 Thread 0x000001f9a1055840 Uncommon trap: reason=class_check action=maybe_recompile pc=0x000001f99142e354 method=org.gradle.api.internal.tasks.FailureCollectingTaskDependencyResolveContext.add(Ljava/lang/Object;)V @ 41 c2
Event: 832.678 Thread 0x000001f9a1055840 DEOPT PACKING pc=0x000001f99142e354 sp=0x000000f1cfff9620
Event: 832.678 Thread 0x000001f9a1055840 DEOPT UNPACKING pc=0x000001f9901423a3 sp=0x000000f1cfff9610 mode 2
Event: 832.678 Thread 0x000001f9a1055840 Uncommon trap: trap_request=0xffffffde fr.pc=0x000001f99142e354 relative=0x0000000000002294
Event: 832.678 Thread 0x000001f9a1055840 Uncommon trap: reason=class_check action=maybe_recompile pc=0x000001f99142e354 method=org.gradle.api.internal.tasks.FailureCollectingTaskDependencyResolveContext.add(Ljava/lang/Object;)V @ 41 c2
Event: 832.678 Thread 0x000001f9a1055840 DEOPT PACKING pc=0x000001f99142e354 sp=0x000000f1cfff9620
Event: 832.678 Thread 0x000001f9a1055840 DEOPT UNPACKING pc=0x000001f9901423a3 sp=0x000000f1cfff9610 mode 2
Event: 832.678 Thread 0x000001f9a1055840 Uncommon trap: trap_request=0xffffffde fr.pc=0x000001f99142e354 relative=0x0000000000002294
Event: 832.678 Thread 0x000001f9a1055840 Uncommon trap: reason=class_check action=maybe_recompile pc=0x000001f99142e354 method=org.gradle.api.internal.tasks.FailureCollectingTaskDependencyResolveContext.add(Ljava/lang/Object;)V @ 41 c2
Event: 832.678 Thread 0x000001f9a1055840 DEOPT PACKING pc=0x000001f99142e354 sp=0x000000f1cfff9620
Event: 832.678 Thread 0x000001f9a1055840 DEOPT UNPACKING pc=0x000001f9901423a3 sp=0x000000f1cfff9610 mode 2

Classes unloaded (0 events):
No events

Classes redefined (0 events):
No events

Internal exceptions (20 events):
Event: 781.569 Thread 0x000001f9a1055840 Implicit null exception at 0x000001f99113f700 to 0x000001f99113fad0
Event: 796.536 Thread 0x000001f9a1055840 Exception <a 'java/lang/NullPointerException'{0x000000009451e968}> (0x000000009451e968) 
thrown [s\open\src\hotspot\share\interpreter\linkResolver.cpp, line 1433]
Event: 798.745 Thread 0x000001f9a1055840 Implicit null exception at 0x000001f9912999f6 to 0x000001f99129f544
Event: 800.310 Thread 0x000001f9a1055840 Exception <a 'java/lang/NoSuchMethodError'{0x0000000094dda520}: 'int java.lang.invoke.DirectMethodHandle$Holder.invokeStatic(java.lang.Object, java.lang.Object, int, java.lang.Object)'> (0x0000000094dda520) 
thrown [s\open\src\hotspot\share\interpreter\linkResolver.cpp, line 759]
Event: 800.411 Thread 0x000001f9a1055840 Exception <a 'sun/nio/fs/WindowsException'{0x0000000094cbe840}> (0x0000000094cbe840) 
thrown [s\open\src\hotspot\share\prims\jni.cpp, line 516]
Event: 800.732 Thread 0x000001f9a1055840 Exception <a 'sun/nio/fs/WindowsException'{0x0000000094cbfbb8}> (0x0000000094cbfbb8) 
thrown [s\open\src\hotspot\share\prims\jni.cpp, line 516]
Event: 800.732 Thread 0x000001f9a1055840 Exception <a 'sun/nio/fs/WindowsException'{0x0000000094cc0f68}> (0x0000000094cc0f68) 
thrown [s\open\src\hotspot\share\prims\jni.cpp, line 516]
Event: 800.743 Thread 0x000001f9a1055840 Exception <a 'sun/nio/fs/WindowsException'{0x0000000094cc2318}> (0x0000000094cc2318) 
thrown [s\open\src\hotspot\share\prims\jni.cpp, line 516]
Event: 803.131 Thread 0x000001f99f3da5f0 Implicit null exception at 0x000001f990aa3a00 to 0x000001f990aa41c8
Event: 814.076 Thread 0x000001f9a1055840 Implicit null exception at 0x000001f991397f07 to 0x000001f99139c36c
Event: 814.086 Thread 0x000001f9a1055840 Implicit null exception at 0x000001f991397f07 to 0x000001f99139c36c
Event: 814.391 Thread 0x000001f9a1055840 Implicit null exception at 0x000001f991397f07 to 0x000001f99139c36c
Event: 815.674 Thread 0x000001f9a1055840 Implicit null exception at 0x000001f990ac9ed4 to 0x000001f990ac9f04
Event: 816.139 Thread 0x000001f9a1055840 Exception <a 'sun/nio/fs/WindowsException'{0x0000000094984c28}> (0x0000000094984c28) 
thrown [s\open\src\hotspot\share\prims\jni.cpp, line 516]
Event: 820.891 Thread 0x000001f9a1055840 Implicit null exception at 0x000001f99085a74b to 0x000001f99085a770
Event: 822.051 Thread 0x000001f9a1055840 Exception <a 'sun/nio/fs/WindowsException'{0x0000000094cf5530}> (0x0000000094cf5530) 
thrown [s\open\src\hotspot\share\prims\jni.cpp, line 516]
Event: 822.051 Thread 0x000001f9a1055840 Exception <a 'sun/nio/fs/WindowsException'{0x0000000094cf6890}> (0x0000000094cf6890) 
thrown [s\open\src\hotspot\share\prims\jni.cpp, line 516]
Event: 822.051 Thread 0x000001f9a1055840 Exception <a 'sun/nio/fs/WindowsException'{0x0000000094cf7c40}> (0x0000000094cf7c40) 
thrown [s\open\src\hotspot\share\prims\jni.cpp, line 516]
Event: 822.051 Thread 0x000001f9a1055840 Exception <a 'sun/nio/fs/WindowsException'{0x0000000094cf8ff0}> (0x0000000094cf8ff0) 
thrown [s\open\src\hotspot\share\prims\jni.cpp, line 516]
Event: 823.722 Thread 0x000001f9a1055840 Implicit null exception at 0x000001f991397f07 to 0x000001f99139c36c

VM Operations (20 events):
Event: 826.582 Executing VM operation: G1CollectForAllocation done
Event: 826.900 Executing VM operation: HandshakeAllThreads
Event: 827.145 Executing VM operation: HandshakeAllThreads done
Event: 828.139 Executing VM operation: G1CollectForAllocation
Event: 828.144 Executing VM operation: G1CollectForAllocation done
Event: 829.147 Executing VM operation: Cleanup
Event: 829.165 Executing VM operation: Cleanup done
Event: 829.631 Executing VM operation: HandshakeAllThreads
Event: 829.631 Executing VM operation: HandshakeAllThreads done
Event: 829.852 Executing VM operation: G1CollectForAllocation
Event: 829.859 Executing VM operation: G1CollectForAllocation done
Event: 830.860 Executing VM operation: Cleanup
Event: 831.067 Executing VM operation: Cleanup done
Event: 831.781 Executing VM operation: HandshakeAllThreads
Event: 831.782 Executing VM operation: HandshakeAllThreads done
Event: 831.830 Executing VM operation: G1CollectForAllocation
Event: 831.844 Executing VM operation: G1CollectForAllocation done
Event: 832.859 Executing VM operation: Cleanup
Event: 832.895 Executing VM operation: Cleanup done
Event: 832.919 Executing VM operation: G1Concurrent

Events (20 events):
Event: 831.823 Thread 0x000001f9a0043af0 flushing nmethod 0x000001f98aa25e10
Event: 831.823 Thread 0x000001f9a0043af0 flushing nmethod 0x000001f98aa26290
Event: 831.823 Thread 0x000001f9a0043af0 flushing nmethod 0x000001f98aa27d90
Event: 831.823 Thread 0x000001f9a0043af0 flushing nmethod 0x000001f98aa28110
Event: 831.823 Thread 0x000001f9a0043af0 flushing nmethod 0x000001f98aa2ab90
Event: 831.823 Thread 0x000001f9a0043af0 flushing nmethod 0x000001f98aa2b990
Event: 831.823 Thread 0x000001f9a0043af0 flushing nmethod 0x000001f98aa2be10
Event: 831.823 Thread 0x000001f9a0043af0 flushing nmethod 0x000001f98aa73190
Event: 831.823 Thread 0x000001f9a0043af0 flushing nmethod 0x000001f98aa74090
Event: 831.823 Thread 0x000001f9a0043af0 flushing nmethod 0x000001f98aa74b90
Event: 831.823 Thread 0x000001f9a0043af0 flushing nmethod 0x000001f98aa76990
Event: 831.823 Thread 0x000001f9a0043af0 flushing nmethod 0x000001f98aa77410
Event: 831.823 Thread 0x000001f9a0043af0 flushing nmethod 0x000001f98aa8de90
Event: 831.823 Thread 0x000001f9a0043af0 flushing nmethod 0x000001f98aa8ec90
Event: 831.823 Thread 0x000001f9a0043af0 flushing nmethod 0x000001f98aa94410
Event: 831.823 Thread 0x000001f9a0043af0 flushing nmethod 0x000001f98aa95610
Event: 831.824 Thread 0x000001f9a0043af0 flushing nmethod 0x000001f98aa9a610
Event: 831.824 Thread 0x000001f9a0043af0 flushing nmethod 0x000001f98aa9ae10
Event: 831.824 Thread 0x000001f9a0043af0 flushing nmethod 0x000001f98aa9c410
Event: 831.824 Thread 0x000001f9a0043af0 flushing nmethod 0x000001f98ab22010


Dynamic libraries:
0x00007ff734340000 - 0x00007ff734350000 	C:\Program Files\Java\jdk-17\bin\java.exe
0x00007ffa9d590000 - 0x00007ffa9d788000 	C:\Windows\SYSTEM32\ntdll.dll
0x00007ffa9b7a0000 - 0x00007ffa9b85f000 	C:\Windows\System32\KERNEL32.DLL
0x00007ffa9ad10000 - 0x00007ffa9b006000 	C:\Windows\System32\KERNELBASE.dll
0x00007ffa9b010000 - 0x00007ffa9b110000 	C:\Windows\System32\ucrtbase.dll
0x00007ffa7cd30000 - 0x00007ffa7cd49000 	C:\Program Files\Java\jdk-17\bin\jli.dll
0x00007ffa9bcb0000 - 0x00007ffa9bd5f000 	C:\Windows\System32\ADVAPI32.dll
0x00007ffa9bd90000 - 0x00007ffa9be2e000 	C:\Windows\System32\msvcrt.dll
0x00007ffa9bc10000 - 0x00007ffa9bcac000 	C:\Windows\System32\sechost.dll
0x00007ffa9d3c0000 - 0x00007ffa9d4e6000 	C:\Windows\System32\RPCRT4.dll
0x00007ffa9b600000 - 0x00007ffa9b79d000 	C:\Windows\System32\USER32.dll
0x00007ffa9b3c0000 - 0x00007ffa9b3e2000 	C:\Windows\System32\win32u.dll
0x00007ffa9bd60000 - 0x00007ffa9bd8c000 	C:\Windows\System32\GDI32.dll
0x00007ffa9b160000 - 0x00007ffa9b275000 	C:\Windows\System32\gdi32full.dll
0x00007ffa9b3f0000 - 0x00007ffa9b48d000 	C:\Windows\System32\msvcp_win.dll
0x00007ffa772c0000 - 0x00007ffa772db000 	C:\Program Files\Java\jdk-17\bin\VCRUNTIME140.dll
0x00007ffa77020000 - 0x00007ffa772ba000 	C:\Windows\WinSxS\amd64_microsoft.windows.common-controls_6595b64144ccf1df_6.0.19041.1110_none_60b5254171f9507e\COMCTL32.dll
0x00007ffa921b0000 - 0x00007ffa921ba000 	C:\Windows\SYSTEM32\VERSION.dll
0x00007ffa9c500000 - 0x00007ffa9c530000 	C:\Windows\System32\IMM32.DLL
0x00007ffa8bbd0000 - 0x00007ffa8bbdc000 	C:\Program Files\Java\jdk-17\bin\vcruntime140_1.dll
0x00007ffa57b90000 - 0x00007ffa57c1e000 	C:\Program Files\Java\jdk-17\bin\msvcp140.dll
0x00007ffa28ca0000 - 0x00007ffa2987d000 	C:\Program Files\Java\jdk-17\bin\server\jvm.dll
0x00007ffa9b5f0000 - 0x00007ffa9b5f8000 	C:\Windows\System32\PSAPI.DLL
0x00007ffa8af90000 - 0x00007ffa8af99000 	C:\Windows\SYSTEM32\WSOCK32.dll
0x00007ffa9c890000 - 0x00007ffa9c8fb000 	C:\Windows\System32\WS2_32.dll
0x00007ffa6ffa0000 - 0x00007ffa6ffc7000 	C:\Windows\SYSTEM32\WINMM.dll
0x00007ffa99490000 - 0x00007ffa994a2000 	C:\Windows\SYSTEM32\kernel.appcore.dll
0x00007ffa817a0000 - 0x00007ffa817aa000 	C:\Program Files\Java\jdk-17\bin\jimage.dll
0x00007ffa95870000 - 0x00007ffa95a54000 	C:\Windows\SYSTEM32\DBGHELP.DLL
0x00007ffa89080000 - 0x00007ffa890b4000 	C:\Windows\SYSTEM32\dbgcore.DLL
0x00007ffa9b330000 - 0x00007ffa9b3b2000 	C:\Windows\System32\bcryptPrimitives.dll
0x00007ffa73c90000 - 0x00007ffa73cb5000 	C:\Program Files\Java\jdk-17\bin\java.dll
0x00007ffa2df30000 - 0x00007ffa2e007000 	C:\Program Files\Java\jdk-17\bin\jsvml.dll
0x00007ffa9ca90000 - 0x00007ffa9d1d4000 	C:\Windows\System32\SHELL32.dll
0x00007ffa98cf0000 - 0x00007ffa99483000 	C:\Windows\SYSTEM32\windows.storage.dll
0x00007ffa9c530000 - 0x00007ffa9c884000 	C:\Windows\System32\combase.dll
0x00007ffa9a5e0000 - 0x00007ffa9a60e000 	C:\Windows\SYSTEM32\Wldp.dll
0x00007ffa9c450000 - 0x00007ffa9c4fd000 	C:\Windows\System32\SHCORE.dll
0x00007ffa9d360000 - 0x00007ffa9d3b5000 	C:\Windows\System32\shlwapi.dll
0x00007ffa9aba0000 - 0x00007ffa9abc5000 	C:\Windows\SYSTEM32\profapi.dll
0x00007ffa76800000 - 0x00007ffa76819000 	C:\Program Files\Java\jdk-17\bin\net.dll
0x00007ffa8fc50000 - 0x00007ffa8fd5a000 	C:\Windows\SYSTEM32\WINHTTP.dll
0x00007ffa9a340000 - 0x00007ffa9a3aa000 	C:\Windows\system32\mswsock.dll
0x00007ffa76300000 - 0x00007ffa76316000 	C:\Program Files\Java\jdk-17\bin\nio.dll
0x00007ffa76100000 - 0x00007ffa76118000 	C:\Program Files\Java\jdk-17\bin\zip.dll
0x00007ffa93720000 - 0x00007ffa93730000 	C:\Program Files\Java\jdk-17\bin\verify.dll
0x00007ffa72610000 - 0x00007ffa72637000 	C:\Users\ss\.gradle\native\e1d6ef7f7dcc3fd88c89a11ec53ec762bb8ba0a96d01ffa2cd45eb1d1d8dd5c5\windows-amd64\native-platform.dll
0x00007ffa68900000 - 0x00007ffa68a44000 	C:\Users\ss\.gradle\native\5664cfc778a61ccfe75a443a1ab52a65af34e5dc3c78e0209fed803814484fcb\windows-amd64\native-platform-file-events.dll
0x00007ffa92ba0000 - 0x00007ffa92baa000 	C:\Program Files\Java\jdk-17\bin\management.dll
0x00007ffa8d980000 - 0x00007ffa8d98b000 	C:\Program Files\Java\jdk-17\bin\management_ext.dll
0x00007ffa9a530000 - 0x00007ffa9a548000 	C:\Windows\SYSTEM32\CRYPTSP.dll
0x00007ffa99c50000 - 0x00007ffa99c84000 	C:\Windows\system32\rsaenh.dll
0x00007ffa9ace0000 - 0x00007ffa9ad07000 	C:\Windows\System32\bcrypt.dll
0x00007ffa9ab60000 - 0x00007ffa9ab8e000 	C:\Windows\SYSTEM32\USERENV.dll
0x00007ffa9a550000 - 0x00007ffa9a55c000 	C:\Windows\SYSTEM32\CRYPTBASE.dll
0x00007ffa9a030000 - 0x00007ffa9a06b000 	C:\Windows\SYSTEM32\IPHLPAPI.DLL
0x00007ffa9be50000 - 0x00007ffa9be58000 	C:\Windows\System32\NSI.dll
0x00007ffa905d0000 - 0x00007ffa905e7000 	C:\Windows\SYSTEM32\dhcpcsvc6.DLL
0x00007ffa906e0000 - 0x00007ffa906fd000 	C:\Windows\SYSTEM32\dhcpcsvc.DLL
0x00007ffa9a070000 - 0x00007ffa9a13a000 	C:\Windows\SYSTEM32\DNSAPI.dll
0x00007ffa774e0000 - 0x00007ffa774ed000 	C:\Program Files\Java\jdk-17\bin\sunmscapi.dll
0x00007ffa9b490000 - 0x00007ffa9b5ee000 	C:\Windows\System32\CRYPT32.dll
0x00007ffa9a650000 - 0x00007ffa9a678000 	C:\Windows\SYSTEM32\ncrypt.dll
0x00007ffa9a610000 - 0x00007ffa9a64b000 	C:\Windows\SYSTEM32\NTASN1.dll
0x00007ffa81790000 - 0x00007ffa81797000 	C:\Windows\system32\wshunix.dll
0x00007ffa8ee50000 - 0x00007ffa8ee5a000 	C:\Windows\System32\rasadhlp.dll
0x00007ffa8ef80000 - 0x00007ffa8f002000 	C:\Windows\System32\fwpuclnt.dll

dbghelp: loaded successfully - version: 4.0.5 - missing functions: none
symbol engine: initialized successfully - sym options: 0x614 - pdb path: .;C:\Program Files\Java\jdk-17\bin;C:\Windows\SYSTEM32;C:\Windows\WinSxS\amd64_microsoft.windows.common-controls_6595b64144ccf1df_6.0.19041.1110_none_60b5254171f9507e;C:\Program Files\Java\jdk-17\bin\server;C:\Users\ss\.gradle\native\e1d6ef7f7dcc3fd88c89a11ec53ec762bb8ba0a96d01ffa2cd45eb1d1d8dd5c5\windows-amd64;C:\Users\ss\.gradle\native\5664cfc778a61ccfe75a443a1ab52a65af34e5dc3c78e0209fed803814484fcb\windows-amd64

VM Arguments:
jvm_args: -XX:MaxMetaspaceSize=512m --add-opens=java.base/java.util=ALL-UNNAMED --add-opens=java.base/java.lang=ALL-UNNAMED --add-opens=java.base/java.lang.invoke=ALL-UNNAMED --add-opens=java.base/java.util=ALL-UNNAMED --add-opens=java.prefs/java.util.prefs=ALL-UNNAMED --add-opens=java.prefs/java.util.prefs=ALL-UNNAMED --add-opens=java.base/java.nio.charset=ALL-UNNAMED --add-opens=java.base/java.net=ALL-UNNAMED --add-opens=java.base/java.util.concurrent.atomic=ALL-UNNAMED -Xmx2048m -Dfile.encoding=windows-1252 -Duser.country=IN -Duser.language=en -Duser.variant 
java_command: org.gradle.launcher.daemon.bootstrap.GradleDaemon 7.3.3
java_class_path (initial): C:\Users\ss\.gradle\wrapper\dists\gradle-7.3.3-all\4295vidhdd9hd3gbjyw1xqxpo\gradle-7.3.3\lib\gradle-launcher-7.3.3.jar
Launcher Type: SUN_STANDARD

[Global flags]
     intx CICompilerCount                          = 3                                         {product} {ergonomic}
   size_t CompressedClassSpaceSize                 = 432013312                                 {product} {ergonomic}
     uint ConcGCThreads                            = 1                                         {product} {ergonomic}
     uint G1ConcRefinementThreads                  = 4                                         {product} {ergonomic}
   size_t G1HeapRegionSize                         = 1048576                                   {product} {ergonomic}
    uintx GCDrainStackTargetSize                   = 64                                        {product} {ergonomic}
   size_t InitialHeapSize                          = 268435456                                 {product} {ergonomic}
   size_t MarkStackSize                            = 4194304                                   {product} {ergonomic}
   size_t MaxHeapSize                              = 2147483648                                {product} {command line}
   size_t MaxMetaspaceSize                         = 536870912                                 {product} {command line}
   size_t MaxNewSize                               = 1287651328                                {product} {ergonomic}
   size_t MinHeapDeltaBytes                        = 1048576                                   {product} {ergonomic}
   size_t MinHeapSize                              = 8388608                                   {product} {ergonomic}
    uintx NonNMethodCodeHeapSize                   = 5832780                                {pd product} {ergonomic}
    uintx NonProfiledCodeHeapSize                  = 122912730                              {pd product} {ergonomic}
    uintx ProfiledCodeHeapSize                     = 122912730                              {pd product} {ergonomic}
    uintx ReservedCodeCacheSize                    = 251658240                              {pd product} {ergonomic}
     bool SegmentedCodeCache                       = true                                      {product} {ergonomic}
   size_t SoftMaxHeapSize                          = 2147483648                             {manageable} {ergonomic}
     bool UseCompressedClassPointers               = true                           {product lp64_product} {ergonomic}
     bool UseCompressedOops                        = true                           {product lp64_product} {ergonomic}
     bool UseG1GC                                  = true                                      {product} {ergonomic}
     bool UseLargePagesIndividualAllocation        = false                                  {pd product} {ergonomic}

Logging:
Log output configuration:
 #0: stdout all=warning uptime,level,tags
 #1: stderr all=off uptime,level,tags

Environment Variables:
CLASSPATH=C:\Users\ss\Desktop\teachers-vision\android\\gradle\wrapper\gradle-wrapper.jar
PATH=C:\Users\ss\Desktop\teachers-vision\android\node_modules\.bin;C:\Users\ss\Desktop\teachers-vision\node_modules\.bin;C:\Users\ss\Desktop\node_modules\.bin;C:\Users\ss\node_modules\.bin;C:\Users\node_modules\.bin;C:\node_modules\.bin;C:\Program Files\nodejs;C:\Users\ss\Desktop\teachers-vision\node_modules\.bin;C:\Users\ss\Desktop\teachers-vision\node_modules\.bin;C:\Users\ss\Desktop\node_modules\.bin;C:\Users\ss\node_modules\.bin;C:\Users\node_modules\.bin;C:\node_modules\.bin;C:\Users\ss\AppData\Roaming\nvm\v16.16.0\node_modules\npm\node_modules\@npmcli\run-script\lib\node-gyp-bin;C:\Users\ss\Desktop\teachers-vision\node_modules\.bin;C:\Users\ss\Desktop\node_modules\.bin;C:\Users\ss\node_modules\.bin;C:\Users\node_modules\.bin;C:\node_modules\.bin;C:\Program Files\nodejs;C:\Users\ss\Desktop\teachers-vision\node_modules\.bin;C:\Users\ss\Desktop\teachers-vision\node_modules\.bin;C:\Users\ss\Desktop\node_modules\.bin;C:\Users\ss\node_modules\.bin;C:\Users\node_modules\.bin;C:\node_modules\.bin;C:\Users\ss\AppData\Roaming\nvm\v16.16.0\node_modules\npm\node_modules\@npmcli\run-script\lib\node-gyp-bin;C:\Program Files\Common Files\Oracle\Java\javapath;C:\Program Files (x86)\Common Files\Oracle\Java\javapath;C:\Program Files\Microsoft\jdk-11.0.18.10-hotspot\bin;C:\Program Files\Microsoft MPI\Bin\;C:\Windows\system32;C:\Windows;C:\Windows\System32\Wbem;C:\Windows\System32\WindowsPowerShell\v1.0\;C:\Windows\System32\OpenSSH\;C:\ProgramData\chocolatey\bin;C:\Users\ss\AppData\Local\Android\Sdk\platform-tools;C:\Program Files\Git\cmd;C:\Program Files\Microsoft SQL Server\150\Tools\Binn\;C:\Program Files (x86)\Microsoft SQL Server\160\Tools\Binn\;C:\Program Files\Microsoft SQL Server\160\Tools\Binn\;C:\Program Files\Microsoft SQL Server\Client SDK\ODBC\170\Tools\Binn\;C:\Program Files\Microsoft SQL Server\160\DTS\Binn\;C:\Program Files\dotnet\;C:\Program Files (x86)\dotnet\;C:\Program Files (x86)\Microsoft SQL Server\160\DTS\Binn\;C:\Program Files (x86)\Microsoft SQL Server\150
USERNAME=ss
LANG=en_US.UTF-8
OS=Windows_NT
PROCESSOR_IDENTIFIER=Intel64 Family 6 Model 142 Stepping 9, GenuineIntel



---------------  S Y S T E M  ---------------

OS:
 Windows 10 , 64 bit Build 19041 (10.0.19041.3155)
OS uptime: 2 days 7:33 hours

CPU: total 4 (initial active 4) (2 cores per cpu, 2 threads per core) family 6 model 142 stepping 9 microcode 0xb4, cx8, cmov, fxsr, ht, mmx, 3dnowpref, sse, sse2, sse3, ssse3, sse4.1, sse4.2, popcnt, lzcnt, tsc, tscinvbit, avx, avx2, aes, erms, clmul, bmi1, bmi2, adx, fma, vzeroupper, clflush, clflushopt

Memory: 4k page, system-wide physical 16263M (337M free)
TotalPageFile size 23021M (AvailPageFile size 59M)
current process WorkingSet (physical memory assigned to process): 653M, peak: 666M
current process commit charge ("private bytes"): 696M, peak: 864M

vm_info: Java HotSpot(TM) 64-Bit Server VM (17.0.7+8-LTS-224) for windows-amd64 JRE (17.0.7+8-LTS-224), built on Feb 28 2023 23:03:02 by "mach5one" with MS VC++ 17.1 (VS2022)

END.
