#
# There is insufficient memory for the Java Runtime Environment to continue.
# Native memory allocation (malloc) failed to allocate 756496 bytes for Chunk::new
# Possible reasons:
#   The system is out of physical RAM or swap space
#   The process is running with CompressedOops enabled, and the Java Heap may be blocking the growth of the native heap
# Possible solutions:
#   Reduce memory load on the system
#   Increase physical memory or swap space
#   Check if swap backing store is full
#   Decrease Java heap size (-Xmx/-Xms)
#   Decrease number of Java threads
#   Decrease Java thread stack sizes (-Xss)
#   Set larger code cache with -XX:ReservedCodeCacheSize=
#   JVM is running with Unscaled Compressed Oops mode in which the Java heap is
#     placed in the first 4GB address space. The Java Heap base address is the
#     maximum limit for the native heap growth. Please use -XX:HeapBaseMinAddress
#     to set the Java Heap base and to place the Java Heap above 4GB virtual address.
# This output file may be truncated or incomplete.
#
#  Out of Memory Error (arena.cpp:189), pid=15848, tid=26404
#
# JRE version: Java(TM) SE Runtime Environment (17.0.7+8) (build 17.0.7+8-LTS-224)
# Java VM: Java HotSpot(TM) 64-Bit Server VM (17.0.7+8-LTS-224, mixed mode, sharing, tiered, compressed oops, compressed class ptrs, g1 gc, windows-amd64)
# No core dump will be written. Minidumps are not enabled by default on client versions of Windows
#

---------------  S U M M A R Y ------------

Command Line: -XX:MaxMetaspaceSize=512m --add-opens=java.base/java.util=ALL-UNNAMED --add-opens=java.base/java.lang=ALL-UNNAMED --add-opens=java.base/java.lang.invoke=ALL-UNNAMED --add-opens=java.base/java.util=ALL-UNNAMED --add-opens=java.prefs/java.util.prefs=ALL-UNNAMED --add-opens=java.prefs/java.util.prefs=ALL-UNNAMED --add-opens=java.base/java.nio.charset=ALL-UNNAMED --add-opens=java.base/java.net=ALL-UNNAMED --add-opens=java.base/java.util.concurrent.atomic=ALL-UNNAMED -Xmx2048m -Dfile.encoding=windows-1252 -Duser.country=IN -Duser.language=en -Duser.variant org.gradle.launcher.daemon.bootstrap.GradleDaemon 7.3.3

Host: Intel(R) Core(TM) i5-7200U CPU @ 2.50GHz, 4 cores, 15G,  Windows 10 , 64 bit Build 19041 (10.0.19041.3393)
Time: Mon Sep 18 12:38:06 2023 India Standard Time elapsed time: 202.028420 seconds (0d 0h 3m 22s)

---------------  T H R E A D  ---------------

Current thread (0x00000209f49174e0):  JavaThread "C2 CompilerThread0" daemon [_thread_in_native, id=26404, stack(0x00000043b5b00000,0x00000043b5c00000)]


Current CompileTask:
C2: 202028 7519 %     4       org.gradle.internal.instantiation.generator.AbstractClassGenerator::inspectType @ 207 (560 bytes)

Stack: [0x00000043b5b00000,0x00000043b5c00000]
Native frames: (J=compiled Java code, j=interpreted, Vv=VM code, C=native code)
V  [jvm.dll+0x676a4a]
V  [jvm.dll+0x7d74f4]
V  [jvm.dll+0x7d8c9e]
V  [jvm.dll+0x7d9303]
V  [jvm.dll+0x2452c5]
V  [jvm.dll+0xaaa2b]
V  [jvm.dll+0xaafcc]
V  [jvm.dll+0x2aac2f]
V  [jvm.dll+0x57f375]
V  [jvm.dll+0x2205f2]
V  [jvm.dll+0x2195df]
V  [jvm.dll+0x216df9]
V  [jvm.dll+0x1a35e0]
V  [jvm.dll+0x226a6e]
V  [jvm.dll+0x224e15]
V  [jvm.dll+0x78d05c]
V  [jvm.dll+0x78759a]
V  [jvm.dll+0x675875]
C  [ucrtbase.dll+0x21bb2]
C  [KERNEL32.DLL+0x17344]
C  [ntdll.dll+0x526b1]


---------------  P R O C E S S  ---------------

Threads class SMR info:
_java_thread_list=0x00000209fb4b0ef0, length=78, elements={
0x00000209d5028e10, 0x00000209f48f9250, 0x00000209f48f9fd0, 0x00000209f4912c80,
0x00000209f49146b0, 0x00000209f4915f80, 0x00000209f4916840, 0x00000209f49174e0,
0x00000209f4919ea0, 0x00000209f54387b0, 0x00000209f549c0b0, 0x00000209f549c580,
0x00000209f542c0f0, 0x00000209f6184e80, 0x00000209f67f59a0, 0x00000209f67f5450,
0x00000209f5592060, 0x00000209f610f5a0, 0x00000209f6111e80, 0x00000209f5e6a990,
0x00000209f5e6bcd0, 0x00000209f5e6c1a0, 0x00000209f5e6c670, 0x00000209f5e69180,
0x00000209f5e6ae60, 0x00000209f5e68cb0, 0x00000209f5e69b20, 0x00000209f5e69ff0,
0x00000209f5e6a4c0, 0x00000209f5e6b330, 0x00000209f8a6a070, 0x00000209f8a6c220,
0x00000209f8a6aa10, 0x00000209f8a6da30, 0x00000209f8a6cbc0, 0x00000209f89f2ab0,
0x00000209f89f0dd0, 0x00000209f89f0430, 0x00000209f89f3920, 0x00000209f89f5600,
0x00000209f89f6940, 0x00000209f89f5fa0, 0x00000209f89f1770, 0x00000209f89f6e10,
0x00000209f89f72e0, 0x00000209f89f3df0, 0x00000209f89f42c0, 0x00000209f89f0900,
0x00000209f89f77b0, 0x00000209f89f7c80, 0x00000209f89f12a0, 0x00000209f89f4790,
0x00000209f89f1c40, 0x00000209f89f2f80, 0x00000209f89f3450, 0x00000209f5e69650,
0x00000209f7e13980, 0x00000209f7e12170, 0x00000209f7e12fe0, 0x00000209f7e134b0,
0x00000209f7e11ca0, 0x00000209f7e0ffc0, 0x00000209f7e0f150, 0x00000209f7e13e50,
0x00000209f7e12640, 0x00000209f7e14320, 0x00000209f7e0f620, 0x00000209f7e10960,
0x00000209f7e0faf0, 0x00000209f7e0ec80, 0x00000209f7e15660, 0x00000209f7e12b10,
0x00000209f7e147f0, 0x00000209f7e0e2e0, 0x00000209f7e15190, 0x00000209f7e15b30,
0x00000209f91cfb00, 0x00000209f91cf630
}

Java Threads: ( => current thread )
  0x00000209d5028e10 JavaThread "main" [_thread_blocked, id=26012, stack(0x00000043b4e00000,0x00000043b4f00000)]
  0x00000209f48f9250 JavaThread "Reference Handler" daemon [_thread_blocked, id=26340, stack(0x00000043b5500000,0x00000043b5600000)]
  0x00000209f48f9fd0 JavaThread "Finalizer" daemon [_thread_blocked, id=26344, stack(0x00000043b5600000,0x00000043b5700000)]
  0x00000209f4912c80 JavaThread "Signal Dispatcher" daemon [_thread_blocked, id=26388, stack(0x00000043b5700000,0x00000043b5800000)]
  0x00000209f49146b0 JavaThread "Attach Listener" daemon [_thread_blocked, id=26392, stack(0x00000043b5800000,0x00000043b5900000)]
  0x00000209f4915f80 JavaThread "Service Thread" daemon [_thread_blocked, id=26396, stack(0x00000043b5900000,0x00000043b5a00000)]
  0x00000209f4916840 JavaThread "Monitor Deflation Thread" daemon [_thread_blocked, id=26400, stack(0x00000043b5a00000,0x00000043b5b00000)]
=>0x00000209f49174e0 JavaThread "C2 CompilerThread0" daemon [_thread_in_native, id=26404, stack(0x00000043b5b00000,0x00000043b5c00000)]
  0x00000209f4919ea0 JavaThread "C1 CompilerThread0" daemon [_thread_blocked, id=26440, stack(0x00000043b5c00000,0x00000043b5d00000)]
  0x00000209f54387b0 JavaThread "Sweeper thread" daemon [_thread_blocked, id=26492, stack(0x00000043b5d00000,0x00000043b5e00000)]
  0x00000209f549c0b0 JavaThread "Common-Cleaner" daemon [_thread_blocked, id=25168, stack(0x00000043b5e00000,0x00000043b5f00000)]
  0x00000209f549c580 JavaThread "Notification Thread" daemon [_thread_blocked, id=24600, stack(0x00000043b5f00000,0x00000043b6000000)]
  0x00000209f542c0f0 JavaThread "Daemon health stats" [_thread_blocked, id=26580, stack(0x00000043b6400000,0x00000043b6500000)]
  0x00000209f6184e80 JavaThread "Incoming local TCP Connector on port 51638" [_thread_in_native, id=25820, stack(0x00000043b6500000,0x00000043b6600000)]
  0x00000209f67f59a0 JavaThread "Daemon periodic checks" [_thread_blocked, id=22652, stack(0x00000043b6600000,0x00000043b6700000)]
  0x00000209f67f5450 JavaThread "Daemon" [_thread_blocked, id=23508, stack(0x00000043b6700000,0x00000043b6800000)]
  0x00000209f5592060 JavaThread "Handler for socket connection from /127.0.0.1:51638 to /127.0.0.1:51639" [_thread_in_native, id=18956, stack(0x00000043b6800000,0x00000043b6900000)]
  0x00000209f610f5a0 JavaThread "Cancel handler" [_thread_blocked, id=21800, stack(0x00000043b6900000,0x00000043b6a00000)]
  0x00000209f6111e80 JavaThread "Daemon worker" [_thread_blocked, id=21160, stack(0x00000043b6a00000,0x00000043b6b00000)]
  0x00000209f5e6a990 JavaThread "Asynchronous log dispatcher for DefaultDaemonConnection: socket connection from /127.0.0.1:51638 to /127.0.0.1:51639" [_thread_blocked, id=25012, stack(0x00000043b6b00000,0x00000043b6c00000)]
  0x00000209f5e6bcd0 JavaThread "Stdin handler" [_thread_blocked, id=25400, stack(0x00000043b6c00000,0x00000043b6d00000)]
  0x00000209f5e6c1a0 JavaThread "Daemon client event forwarder" [_thread_blocked, id=25996, stack(0x00000043b6d00000,0x00000043b6e00000)]
  0x00000209f5e6c670 JavaThread "Cache worker for journal cache (C:\Users\ss\.gradle\caches\journal-1)" [_thread_blocked, id=14548, stack(0x00000043b6e00000,0x00000043b6f00000)]
  0x00000209f5e69180 JavaThread "File lock request listener" [_thread_in_native, id=20612, stack(0x00000043b6f00000,0x00000043b7000000)]
  0x00000209f5e6ae60 JavaThread "Cache worker for file hash cache (C:\Users\ss\.gradle\caches\7.3.3\fileHashes)" [_thread_blocked, id=25668, stack(0x00000043b7000000,0x00000043b7100000)]
  0x00000209f5e68cb0 JavaThread "Cache worker for file hash cache (C:\Users\ss\Desktop\teachers-vision\android\.gradle\7.3.3\fileHashes)" [_thread_blocked, id=24636, stack(0x00000043b7200000,0x00000043b7300000)]
  0x00000209f5e69b20 JavaThread "File watcher server" daemon [_thread_in_native, id=26188, stack(0x00000043b7300000,0x00000043b7400000)]
  0x00000209f5e69ff0 JavaThread "File watcher consumer" daemon [_thread_blocked, id=23592, stack(0x00000043b7400000,0x00000043b7500000)]
  0x00000209f5e6a4c0 JavaThread "Cache worker for checksums cache (C:\Users\ss\Desktop\teachers-vision\android\.gradle\7.3.3\checksums)" [_thread_blocked, id=26588, stack(0x00000043b7500000,0x00000043b7600000)]
  0x00000209f5e6b330 JavaThread "Cache worker for cache directory md-supplier (C:\Users\ss\.gradle\caches\7.3.3\md-supplier)" [_thread_blocked, id=26020, stack(0x00000043b7600000,0x00000043b7700000)]
  0x00000209f8a6a070 JavaThread "Cache worker for cache directory md-rule (C:\Users\ss\.gradle\caches\7.3.3\md-rule)" [_thread_blocked, id=24924, stack(0x00000043b7700000,0x00000043b7800000)]
  0x00000209f8a6c220 JavaThread "Cache worker for execution history cache (C:\Users\ss\.gradle\caches\7.3.3\executionHistory)" [_thread_blocked, id=26260, stack(0x00000043b7800000,0x00000043b7900000)]
  0x00000209f8a6aa10 JavaThread "jar transforms" [_thread_blocked, id=11908, stack(0x00000043b7900000,0x00000043b7a00000)]
  0x00000209f8a6da30 JavaThread "jar transforms Thread 2" [_thread_blocked, id=25412, stack(0x00000043b7a00000,0x00000043b7b00000)]
  0x00000209f8a6cbc0 JavaThread "Cache worker for file content cache (C:\Users\ss\.gradle\caches\7.3.3\fileContent)" [_thread_blocked, id=24920, stack(0x00000043b7b00000,0x00000043b7c00000)]
  0x00000209f89f2ab0 JavaThread "jar transforms Thread 3" [_thread_blocked, id=26880, stack(0x00000043b7c00000,0x00000043b7d00000)]
  0x00000209f89f0dd0 JavaThread "jar transforms Thread 4" [_thread_blocked, id=26900, stack(0x00000043b7d00000,0x00000043b7e00000)]
  0x00000209f89f0430 JavaThread "Cache worker for kotlin-dsl (C:\Users\ss\.gradle\caches\7.3.3\kotlin-dsl)" [_thread_blocked, id=25056, stack(0x00000043b4c00000,0x00000043b4d00000)]
  0x00000209f89f3920 JavaThread "File lock release action executor Thread 2" [_thread_in_vm, id=24308, stack(0x00000043b4d00000,0x00000043b4e00000)]
  0x00000209f89f5600 JavaThread "Cache worker for dependencies-accessors (C:\Users\ss\Desktop\teachers-vision\android\.gradle\7.3.3\dependencies-accessors)" [_thread_blocked, id=25576, stack(0x00000043b7100000,0x00000043b7200000)]
  0x00000209f89f6940 JavaThread "Cache worker for Build Output Cleanup Cache (C:\Users\ss\Desktop\teachers-vision\node_modules\react-native-gradle-plugin\.gradle\buildOutputCleanup)" [_thread_blocked, id=23540, stack(0x00000043b7e00000,0x00000043b7f00000)]
  0x00000209f89f5fa0 JavaThread "Unconstrained build operations" [_thread_blocked, id=20640, stack(0x00000043b7f00000,0x00000043b8000000)]
  0x00000209f89f1770 JavaThread "Unconstrained build operations Thread 2" [_thread_blocked, id=5908, stack(0x00000043b8000000,0x00000043b8100000)]
  0x00000209f89f6e10 JavaThread "Unconstrained build operations Thread 3" [_thread_blocked, id=27504, stack(0x00000043b8200000,0x00000043b8300000)]
  0x00000209f89f72e0 JavaThread "Unconstrained build operations Thread 4" [_thread_blocked, id=24720, stack(0x00000043b8300000,0x00000043b8400000)]
  0x00000209f89f3df0 JavaThread "Unconstrained build operations Thread 5" [_thread_blocked, id=25624, stack(0x00000043b8400000,0x00000043b8500000)]
  0x00000209f89f42c0 JavaThread "Unconstrained build operations Thread 6" [_thread_blocked, id=21720, stack(0x00000043b8500000,0x00000043b8600000)]
  0x00000209f89f0900 JavaThread "Unconstrained build operations Thread 7" [_thread_blocked, id=27128, stack(0x00000043b8600000,0x00000043b8700000)]
  0x00000209f89f77b0 JavaThread "Unconstrained build operations Thread 8" [_thread_blocked, id=1040, stack(0x00000043b8700000,0x00000043b8800000)]
  0x00000209f89f7c80 JavaThread "Unconstrained build operations Thread 9" [_thread_blocked, id=27000, stack(0x00000043b8800000,0x00000043b8900000)]
  0x00000209f89f12a0 JavaThread "Unconstrained build operations Thread 10" [_thread_blocked, id=23796, stack(0x00000043b8900000,0x00000043b8a00000)]
  0x00000209f89f4790 JavaThread "Unconstrained build operations Thread 11" [_thread_blocked, id=20096, stack(0x00000043b8a00000,0x00000043b8b00000)]
  0x00000209f89f1c40 JavaThread "Unconstrained build operations Thread 12" [_thread_blocked, id=21308, stack(0x00000043b8b00000,0x00000043b8c00000)]
  0x00000209f89f2f80 JavaThread "Unconstrained build operations Thread 13" [_thread_blocked, id=25908, stack(0x00000043b8c00000,0x00000043b8d00000)]
  0x00000209f89f3450 JavaThread "Unconstrained build operations Thread 14" [_thread_blocked, id=23624, stack(0x00000043b8d00000,0x00000043b8e00000)]
  0x00000209f5e69650 JavaThread "Unconstrained build operations Thread 15" [_thread_blocked, id=27140, stack(0x00000043b8e00000,0x00000043b8f00000)]
  0x00000209f7e13980 JavaThread "Unconstrained build operations Thread 16" [_thread_blocked, id=17352, stack(0x00000043b8f00000,0x00000043b9000000)]
  0x00000209f7e12170 JavaThread "Unconstrained build operations Thread 17" [_thread_blocked, id=9816, stack(0x00000043b9000000,0x00000043b9100000)]
  0x00000209f7e12fe0 JavaThread "Unconstrained build operations Thread 18" [_thread_blocked, id=6452, stack(0x00000043b9100000,0x00000043b9200000)]
  0x00000209f7e134b0 JavaThread "Unconstrained build operations Thread 19" [_thread_blocked, id=21056, stack(0x00000043b9200000,0x00000043b9300000)]
  0x00000209f7e11ca0 JavaThread "Unconstrained build operations Thread 20" [_thread_blocked, id=18696, stack(0x00000043b9300000,0x00000043b9400000)]
  0x00000209f7e0ffc0 JavaThread "Unconstrained build operations Thread 21" [_thread_blocked, id=26896, stack(0x00000043b9400000,0x00000043b9500000)]
  0x00000209f7e0f150 JavaThread "Unconstrained build operations Thread 22" [_thread_blocked, id=10152, stack(0x00000043b9500000,0x00000043b9600000)]
  0x00000209f7e13e50 JavaThread "Unconstrained build operations Thread 23" [_thread_blocked, id=27132, stack(0x00000043b9600000,0x00000043b9700000)]
  0x00000209f7e12640 JavaThread "Unconstrained build operations Thread 24" [_thread_blocked, id=6592, stack(0x00000043b9700000,0x00000043b9800000)]
  0x00000209f7e14320 JavaThread "Unconstrained build operations Thread 25" [_thread_blocked, id=25464, stack(0x00000043b9800000,0x00000043b9900000)]
  0x00000209f7e0f620 JavaThread "Unconstrained build operations Thread 26" [_thread_blocked, id=26464, stack(0x00000043b9900000,0x00000043b9a00000)]
  0x00000209f7e10960 JavaThread "Unconstrained build operations Thread 27" [_thread_blocked, id=7648, stack(0x00000043b9a00000,0x00000043b9b00000)]
  0x00000209f7e0faf0 JavaThread "Unconstrained build operations Thread 28" [_thread_blocked, id=22532, stack(0x00000043b9b00000,0x00000043b9c00000)]
  0x00000209f7e0ec80 JavaThread "Unconstrained build operations Thread 29" [_thread_blocked, id=8284, stack(0x00000043b9c00000,0x00000043b9d00000)]
  0x00000209f7e15660 JavaThread "Unconstrained build operations Thread 30" [_thread_blocked, id=26140, stack(0x00000043b9d00000,0x00000043b9e00000)]
  0x00000209f7e12b10 JavaThread "Unconstrained build operations Thread 31" [_thread_blocked, id=21972, stack(0x00000043b9e00000,0x00000043b9f00000)]
  0x00000209f7e147f0 JavaThread "Unconstrained build operations Thread 32" [_thread_blocked, id=23004, stack(0x00000043b9f00000,0x00000043ba000000)]
  0x00000209f7e0e2e0 JavaThread "Unconstrained build operations Thread 33" [_thread_blocked, id=26676, stack(0x00000043ba000000,0x00000043ba100000)]
  0x00000209f7e15190 JavaThread "build event listener" [_thread_blocked, id=13896, stack(0x00000043ba100000,0x00000043ba200000)]
  0x00000209f7e15b30 JavaThread "Memory manager" [_thread_blocked, id=20104, stack(0x00000043ba200000,0x00000043ba300000)]
  0x00000209f91cfb00 JavaThread "Cache worker for Build Output Cleanup Cache (C:\Users\ss\Desktop\teachers-vision\android\.gradle\buildOutputCleanup)" [_thread_blocked, id=27716, stack(0x00000043ba400000,0x00000043ba500000)]
  0x00000209f91cf630 JavaThread "included builds" [_thread_new, id=28560, stack(0x0000000000000000,0x0000000000000000)]

Other Threads:
  0x00000209f48f42f0 VMThread "VM Thread" [stack: 0x00000043b5400000,0x00000043b5500000] [id=26268]
  0x00000209f54a0e80 WatcherThread [stack: 0x00000043b6000000,0x00000043b6100000] [id=8928]
  0x00000209d5080cf0 GCTaskThread "GC Thread#0" [stack: 0x00000043b4f00000,0x00000043b5000000] [id=26148]
  0x00000209f5704c80 GCTaskThread "GC Thread#1" [stack: 0x00000043b6100000,0x00000043b6200000] [id=11380]
  0x00000209f5993050 GCTaskThread "GC Thread#2" [stack: 0x00000043b6200000,0x00000043b6300000] [id=25176]
  0x00000209f56055e0 GCTaskThread "GC Thread#3" [stack: 0x00000043b6300000,0x00000043b6400000] [id=12416]
  0x00000209d5091b40 ConcurrentGCThread "G1 Main Marker" [stack: 0x00000043b5000000,0x00000043b5100000] [id=26152]
  0x00000209d5092460 ConcurrentGCThread "G1 Conc#0" [stack: 0x00000043b5100000,0x00000043b5200000] [id=26156]
  0x00000209d50fe1e0 ConcurrentGCThread "G1 Refine#0" [stack: 0x00000043b5200000,0x00000043b5300000] [id=26168]
  0x00000209d50feb10 ConcurrentGCThread "G1 Service" [stack: 0x00000043b5300000,0x00000043b5400000] [id=26172]

Threads with active compile tasks:
C2 CompilerThread0   202068 7519 %     4       org.gradle.internal.instantiation.generator.AbstractClassGenerator::inspectType @ 207 (560 bytes)

VM state: not at safepoint (normal execution)

VM Mutex/Monitor currently owned by a thread: None

Heap address: 0x0000000080000000, size: 2048 MB, Compressed Oops mode: 32-bit

CDS archive(s) mapped at: [0x0000000800000000-0x0000000800bd0000-0x0000000800bd0000), size 12386304, SharedBaseAddress: 0x0000000800000000, ArchiveRelocationMode: 0.
Compressed class space mapped at: 0x0000000800c00000-0x000000081a800000, reserved size: 432013312
Narrow klass base: 0x0000000800000000, Narrow klass shift: 0, Narrow klass range: 0x100000000

GC Precious Log:
 CPUs: 4 total, 4 available
 Memory: 16263M
 Large Page Support: Disabled
 NUMA Support: Disabled
 Compressed Oops: Enabled (32-bit)
 Heap Region Size: 1M
 Heap Min Capacity: 8M
 Heap Initial Capacity: 256M
 Heap Max Capacity: 2G
 Pre-touch: Disabled
 Parallel Workers: 4
 Concurrent Workers: 1
 Concurrent Refinement Workers: 4
 Periodic GC: Disabled

Heap:
 garbage-first heap   total 91136K, used 53471K [0x0000000080000000, 0x0000000100000000)
  region size 1024K, 6 young (6144K), 3 survivors (3072K)
 Metaspace       used 55484K, committed 56192K, reserved 471040K
  class space    used 7680K, committed 8000K, reserved 421888K

Heap Regions: E=young(eden), S=young(survivor), O=old, HS=humongous(starts), HC=humongous(continues), CS=collection set, F=free, OA=open archive, CA=closed archive, TAMS=top-at-mark-start (previous, next)
|   0|0x0000000080000000, 0x0000000080100000, 0x0000000080100000|100%|HS|  |TAMS 0x0000000080100000, 0x0000000080000000| Complete 
|   1|0x0000000080100000, 0x0000000080200000, 0x0000000080200000|100%|HC|  |TAMS 0x0000000080200000, 0x0000000080100000| Complete 
|   2|0x0000000080200000, 0x0000000080300000, 0x0000000080300000|100%|HC|  |TAMS 0x0000000080300000, 0x0000000080200000| Complete 
|   3|0x0000000080300000, 0x0000000080400000, 0x0000000080400000|100%| O|  |TAMS 0x0000000080400000, 0x0000000080300000| Untracked 
|   4|0x0000000080400000, 0x0000000080500000, 0x0000000080500000|100%| O|  |TAMS 0x0000000080500000, 0x0000000080400000| Untracked 
|   5|0x0000000080500000, 0x0000000080600000, 0x0000000080600000|100%| O|  |TAMS 0x0000000080600000, 0x0000000080500000| Untracked 
|   6|0x0000000080600000, 0x0000000080700000, 0x0000000080700000|100%| O|  |TAMS 0x0000000080700000, 0x0000000080600000| Untracked 
|   7|0x0000000080700000, 0x0000000080800000, 0x0000000080800000|100%| O|  |TAMS 0x0000000080800000, 0x0000000080700000| Untracked 
|   8|0x0000000080800000, 0x0000000080900000, 0x0000000080900000|100%| O|  |TAMS 0x0000000080900000, 0x0000000080800000| Untracked 
|   9|0x0000000080900000, 0x0000000080a00000, 0x0000000080a00000|100%| O|  |TAMS 0x0000000080a00000, 0x0000000080900000| Untracked 
|  10|0x0000000080a00000, 0x0000000080aaac00, 0x0000000080b00000| 66%| O|  |TAMS 0x0000000080aaac00, 0x0000000080a00000| Complete 
|  11|0x0000000080b00000, 0x0000000080c00000, 0x0000000080c00000|100%| O|  |TAMS 0x0000000080c00000, 0x0000000080b00000| Untracked 
|  12|0x0000000080c00000, 0x0000000080d00000, 0x0000000080d00000|100%| O|  |TAMS 0x0000000080d00000, 0x0000000080c00000| Untracked 
|  13|0x0000000080d00000, 0x0000000080e00000, 0x0000000080e00000|100%| O|  |TAMS 0x0000000080e00000, 0x0000000080d00000| Untracked 
|  14|0x0000000080e00000, 0x0000000080f00000, 0x0000000080f00000|100%| O|  |TAMS 0x0000000080f00000, 0x0000000080e00000| Untracked 
|  15|0x0000000080f00000, 0x0000000081000000, 0x0000000081000000|100%| O|  |TAMS 0x0000000081000000, 0x0000000080f00000| Untracked 
|  16|0x0000000081000000, 0x0000000081100000, 0x0000000081100000|100%| O|  |TAMS 0x0000000081100000, 0x0000000081000000| Untracked 
|  17|0x0000000081100000, 0x0000000081200000, 0x0000000081200000|100%| O|  |TAMS 0x0000000081200000, 0x0000000081100000| Untracked 
|  18|0x0000000081200000, 0x0000000081300000, 0x0000000081300000|100%| O|  |TAMS 0x0000000081300000, 0x0000000081200000| Untracked 
|  19|0x0000000081300000, 0x0000000081400000, 0x0000000081400000|100%| O|  |TAMS 0x0000000081400000, 0x0000000081300000| Untracked 
|  20|0x0000000081400000, 0x0000000081500000, 0x0000000081500000|100%| O|  |TAMS 0x0000000081500000, 0x0000000081400000| Untracked 
|  21|0x0000000081500000, 0x0000000081600000, 0x0000000081600000|100%| O|  |TAMS 0x0000000081600000, 0x0000000081500000| Untracked 
|  22|0x0000000081600000, 0x0000000081700000, 0x0000000081700000|100%| O|  |TAMS 0x0000000081700000, 0x0000000081600000| Untracked 
|  23|0x0000000081700000, 0x0000000081800000, 0x0000000081800000|100%| O|  |TAMS 0x0000000081800000, 0x0000000081700000| Untracked 
|  24|0x0000000081800000, 0x0000000081900000, 0x0000000081900000|100%| O|  |TAMS 0x0000000081900000, 0x0000000081800000| Untracked 
|  25|0x0000000081900000, 0x0000000081a00000, 0x0000000081a00000|100%| O|  |TAMS 0x0000000081a00000, 0x0000000081900000| Untracked 
|  26|0x0000000081a00000, 0x0000000081b00000, 0x0000000081b00000|100%| O|  |TAMS 0x0000000081b00000, 0x0000000081a00000| Untracked 
|  27|0x0000000081b00000, 0x0000000081c00000, 0x0000000081c00000|100%| O|  |TAMS 0x0000000081c00000, 0x0000000081b00000| Untracked 
|  28|0x0000000081c00000, 0x0000000081d00000, 0x0000000081d00000|100%| O|  |TAMS 0x0000000081d00000, 0x0000000081c00000| Untracked 
|  29|0x0000000081d00000, 0x0000000081e00000, 0x0000000081e00000|100%|HS|  |TAMS 0x0000000081e00000, 0x0000000081d00000| Complete 
|  30|0x0000000081e00000, 0x0000000081f00000, 0x0000000081f00000|100%| O|  |TAMS 0x0000000081f00000, 0x0000000081e00000| Untracked 
|  31|0x0000000081f00000, 0x0000000082000000, 0x0000000082000000|100%| O|  |TAMS 0x0000000082000000, 0x0000000081f00000| Untracked 
|  32|0x0000000082000000, 0x0000000082100000, 0x0000000082100000|100%| O|  |TAMS 0x0000000082100000, 0x0000000082000000| Untracked 
|  33|0x0000000082100000, 0x0000000082200000, 0x0000000082200000|100%| O|  |TAMS 0x0000000082200000, 0x0000000082100000| Untracked 
|  34|0x0000000082200000, 0x0000000082300000, 0x0000000082300000|100%| O|  |TAMS 0x0000000082300000, 0x0000000082200000| Untracked 
|  35|0x0000000082300000, 0x0000000082400000, 0x0000000082400000|100%| O|  |TAMS 0x0000000082400000, 0x0000000082300000| Untracked 
|  36|0x0000000082400000, 0x0000000082400000, 0x0000000082500000|  0%| F|  |TAMS 0x0000000082400000, 0x0000000082400000| Untracked 
|  37|0x0000000082500000, 0x0000000082600000, 0x0000000082600000|100%| O|  |TAMS 0x0000000082600000, 0x0000000082500000| Untracked 
|  38|0x0000000082600000, 0x0000000082700000, 0x0000000082700000|100%| O|  |TAMS 0x0000000082700000, 0x0000000082600000| Untracked 
|  39|0x0000000082700000, 0x0000000082800000, 0x0000000082800000|100%|HS|  |TAMS 0x0000000082800000, 0x0000000082700000| Complete 
|  40|0x0000000082800000, 0x0000000082900000, 0x0000000082900000|100%|HC|  |TAMS 0x0000000082900000, 0x0000000082800000| Complete 
|  41|0x0000000082900000, 0x0000000082a00000, 0x0000000082a00000|100%|HC|  |TAMS 0x0000000082a00000, 0x0000000082900000| Complete 
|  42|0x0000000082a00000, 0x0000000082b00000, 0x0000000082b00000|100%| O|  |TAMS 0x0000000082b00000, 0x0000000082a00000| Untracked 
|  43|0x0000000082b00000, 0x0000000082c00000, 0x0000000082c00000|100%| O|  |TAMS 0x0000000082c00000, 0x0000000082b00000| Untracked 
|  44|0x0000000082c00000, 0x0000000082d00000, 0x0000000082d00000|100%| O|  |TAMS 0x0000000082d00000, 0x0000000082c00000| Untracked 
|  45|0x0000000082d00000, 0x0000000082e00000, 0x0000000082e00000|100%| O|  |TAMS 0x0000000082e00000, 0x0000000082d00000| Untracked 
|  46|0x0000000082e00000, 0x0000000082f00000, 0x0000000082f00000|100%| O|  |TAMS 0x0000000082f00000, 0x0000000082e00000| Untracked 
|  47|0x0000000082f00000, 0x0000000083000000, 0x0000000083000000|100%| O|  |TAMS 0x0000000083000000, 0x0000000082f00000| Untracked 
|  48|0x0000000083000000, 0x00000000830ae200, 0x0000000083100000| 68%| O|  |TAMS 0x00000000830ae200, 0x0000000083000000| Untracked 
|  49|0x0000000083100000, 0x0000000083100000, 0x0000000083200000|  0%| F|  |TAMS 0x0000000083100000, 0x0000000083100000| Untracked 
|  50|0x0000000083200000, 0x0000000083200000, 0x0000000083300000|  0%| F|  |TAMS 0x0000000083200000, 0x0000000083200000| Untracked 
|  51|0x0000000083300000, 0x0000000083300000, 0x0000000083400000|  0%| F|  |TAMS 0x0000000083300000, 0x0000000083300000| Untracked 
|  52|0x0000000083400000, 0x0000000083400000, 0x0000000083500000|  0%| F|  |TAMS 0x0000000083400000, 0x0000000083400000| Untracked 
|  53|0x0000000083500000, 0x0000000083500000, 0x0000000083600000|  0%| F|  |TAMS 0x0000000083500000, 0x0000000083500000| Untracked 
|  54|0x0000000083600000, 0x0000000083600000, 0x0000000083700000|  0%| F|  |TAMS 0x0000000083600000, 0x0000000083600000| Untracked 
|  55|0x0000000083700000, 0x0000000083700000, 0x0000000083800000|  0%| F|  |TAMS 0x0000000083700000, 0x0000000083700000| Untracked 
|  56|0x0000000083800000, 0x0000000083800000, 0x0000000083900000|  0%| F|  |TAMS 0x0000000083800000, 0x0000000083800000| Untracked 
|  57|0x0000000083900000, 0x0000000083900000, 0x0000000083a00000|  0%| F|  |TAMS 0x0000000083900000, 0x0000000083900000| Untracked 
|  58|0x0000000083a00000, 0x0000000083adee80, 0x0000000083b00000| 87%| S|CS|TAMS 0x0000000083a00000, 0x0000000083a00000| Complete 
|  59|0x0000000083b00000, 0x0000000083c00000, 0x0000000083c00000|100%| S|CS|TAMS 0x0000000083b00000, 0x0000000083b00000| Complete 
|  60|0x0000000083c00000, 0x0000000083d00000, 0x0000000083d00000|100%| S|CS|TAMS 0x0000000083c00000, 0x0000000083c00000| Complete 
|  61|0x0000000083d00000, 0x0000000083d00000, 0x0000000083e00000|  0%| F|  |TAMS 0x0000000083d00000, 0x0000000083d00000| Untracked 
|  62|0x0000000083e00000, 0x0000000083e00000, 0x0000000083f00000|  0%| F|  |TAMS 0x0000000083e00000, 0x0000000083e00000| Untracked 
|  63|0x0000000083f00000, 0x0000000083f00000, 0x0000000084000000|  0%| F|  |TAMS 0x0000000083f00000, 0x0000000083f00000| Untracked 
|  64|0x0000000084000000, 0x0000000084000000, 0x0000000084100000|  0%| F|  |TAMS 0x0000000084000000, 0x0000000084000000| Untracked 
|  65|0x0000000084100000, 0x0000000084100000, 0x0000000084200000|  0%| F|  |TAMS 0x0000000084100000, 0x0000000084100000| Untracked 
|  66|0x0000000084200000, 0x0000000084200000, 0x0000000084300000|  0%| F|  |TAMS 0x0000000084200000, 0x0000000084200000| Untracked 
|  67|0x0000000084300000, 0x0000000084300000, 0x0000000084400000|  0%| F|  |TAMS 0x0000000084300000, 0x0000000084300000| Untracked 
|  68|0x0000000084400000, 0x0000000084400000, 0x0000000084500000|  0%| F|  |TAMS 0x0000000084400000, 0x0000000084400000| Untracked 
|  69|0x0000000084500000, 0x0000000084500000, 0x0000000084600000|  0%| F|  |TAMS 0x0000000084500000, 0x0000000084500000| Untracked 
|  70|0x0000000084600000, 0x0000000084600000, 0x0000000084700000|  0%| F|  |TAMS 0x0000000084600000, 0x0000000084600000| Untracked 
|  71|0x0000000084700000, 0x0000000084700000, 0x0000000084800000|  0%| F|  |TAMS 0x0000000084700000, 0x0000000084700000| Untracked 
|  72|0x0000000084800000, 0x0000000084800000, 0x0000000084900000|  0%| F|  |TAMS 0x0000000084800000, 0x0000000084800000| Untracked 
|  73|0x0000000084900000, 0x0000000084900000, 0x0000000084a00000|  0%| F|  |TAMS 0x0000000084900000, 0x0000000084900000| Untracked 
|  74|0x0000000084a00000, 0x0000000084a00000, 0x0000000084b00000|  0%| F|  |TAMS 0x0000000084a00000, 0x0000000084a00000| Untracked 
|  75|0x0000000084b00000, 0x0000000084b00000, 0x0000000084c00000|  0%| F|  |TAMS 0x0000000084b00000, 0x0000000084b00000| Untracked 
|  76|0x0000000084c00000, 0x0000000084c00000, 0x0000000084d00000|  0%| F|  |TAMS 0x0000000084c00000, 0x0000000084c00000| Untracked 
| 142|0x0000000088e00000, 0x0000000088e00000, 0x0000000088f00000|  0%| F|  |TAMS 0x0000000088e00000, 0x0000000088e00000| Untracked 
| 143|0x0000000088f00000, 0x0000000088f00000, 0x0000000089000000|  0%| F|  |TAMS 0x0000000088f00000, 0x0000000088f00000| Untracked 
| 144|0x0000000089000000, 0x0000000089000000, 0x0000000089100000|  0%| F|  |TAMS 0x0000000089000000, 0x0000000089000000| Untracked 
| 145|0x0000000089100000, 0x0000000089100000, 0x0000000089200000|  0%| F|  |TAMS 0x0000000089100000, 0x0000000089100000| Untracked 
| 146|0x0000000089200000, 0x0000000089200000, 0x0000000089300000|  0%| F|  |TAMS 0x0000000089200000, 0x0000000089200000| Untracked 
| 147|0x0000000089300000, 0x0000000089300000, 0x0000000089400000|  0%| F|  |TAMS 0x0000000089300000, 0x0000000089300000| Untracked 
| 148|0x0000000089400000, 0x0000000089400000, 0x0000000089500000|  0%| F|  |TAMS 0x0000000089400000, 0x0000000089400000| Untracked 
| 149|0x0000000089500000, 0x0000000089500000, 0x0000000089600000|  0%| F|  |TAMS 0x0000000089500000, 0x0000000089500000| Untracked 
| 150|0x0000000089600000, 0x0000000089600000, 0x0000000089700000|  0%| F|  |TAMS 0x0000000089600000, 0x0000000089600000| Untracked 
| 151|0x0000000089700000, 0x0000000089748bb8, 0x0000000089800000| 28%| E|  |TAMS 0x0000000089700000, 0x0000000089700000| Complete 
| 152|0x0000000089800000, 0x0000000089900000, 0x0000000089900000|100%| E|CS|TAMS 0x0000000089800000, 0x0000000089800000| Complete 
| 255|0x000000008ff00000, 0x0000000090000000, 0x0000000090000000|100%| E|CS|TAMS 0x000000008ff00000, 0x000000008ff00000| Complete 

Card table byte_map: [0x00000209edab0000,0x00000209edeb0000] _byte_map_base: 0x00000209ed6b0000

Marking Bits (Prev, Next): (CMBitMap*) 0x00000209d5081250, (CMBitMap*) 0x00000209d5081210
 Prev Bits: [0x00000209f02b0000, 0x00000209f22b0000)
 Next Bits: [0x00000209ee2b0000, 0x00000209f02b0000)

Polling page: 0x00000209d4ed0000

Metaspace:

Usage:
  Non-class:     46.68 MB used.
      Class:      7.50 MB used.
       Both:     54.18 MB used.

Virtual space:
  Non-class space:       48.00 MB reserved,      47.06 MB ( 98%) committed,  6 nodes.
      Class space:      412.00 MB reserved,       7.81 MB (  2%) committed,  1 nodes.
             Both:      460.00 MB reserved,      54.88 MB ( 12%) committed. 

Chunk freelists:
   Non-Class:  624.00 KB
       Class:  44.00 KB
        Both:  668.00 KB

MaxMetaspaceSize: 512.00 MB
CompressedClassSpaceSize: 412.00 MB
Initial GC threshold: 21.00 MB
Current GC threshold: 91.06 MB
CDS: on
MetaspaceReclaimPolicy: balanced
 - commit_granule_bytes: 65536.
 - commit_granule_words: 8192.
 - virtual_space_node_default_size: 1048576.
 - enlarge_chunks_in_place: 1.
 - new_chunks_are_fully_committed: 0.
 - uncommit_free_chunks: 1.
 - use_allocation_guard: 0.
 - handle_deallocations: 1.


Internal statistics:

num_allocs_failed_limit: 6.
num_arena_births: 688.
num_arena_deaths: 0.
num_vsnodes_births: 7.
num_vsnodes_deaths: 0.
num_space_committed: 878.
num_space_uncommitted: 0.
num_chunks_returned_to_freelist: 6.
num_chunks_taken_from_freelist: 2911.
num_chunk_merges: 6.
num_chunk_splits: 1919.
num_chunks_enlarged: 1259.
num_purges: 0.
num_inconsistent_stats: 0.

CodeHeap 'non-profiled nmethods': size=120000Kb used=3655Kb max_used=3655Kb free=116345Kb
 bounds [0x00000209e5b60000, 0x00000209e5f00000, 0x00000209ed090000]
CodeHeap 'profiled nmethods': size=120000Kb used=12941Kb max_used=12941Kb free=107058Kb
 bounds [0x00000209de090000, 0x00000209ded40000, 0x00000209e55c0000]
CodeHeap 'non-nmethods': size=5760Kb used=2342Kb max_used=2414Kb free=3417Kb
 bounds [0x00000209e55c0000, 0x00000209e5830000, 0x00000209e5b60000]
 total_blobs=7542 nmethods=6675 adapters=779
 compilation: enabled
              stopped_count=0, restarted_count=0
 full_count=0

Compilation events (20 events):
Event: 201.891 Thread 0x00000209f4919ea0 nmethod 7512 0x00000209ded31690 code [0x00000209ded31820, 0x00000209ded31938]
Event: 201.891 Thread 0x00000209f4919ea0 7513       1       org.gradle.api.internal.provider.ValueSupplier$Present::isMissing (2 bytes)
Event: 201.891 Thread 0x00000209f4919ea0 nmethod 7513 0x00000209e5eeeb90 code [0x00000209e5eeed20, 0x00000209e5eeedf8]
Event: 201.891 Thread 0x00000209f4919ea0 7514       1       org.gradle.api.internal.provider.ValueSupplier$Present::get (5 bytes)
Event: 201.891 Thread 0x00000209f4919ea0 nmethod 7514 0x00000209e5eeee90 code [0x00000209e5eef020, 0x00000209e5eef0f8]
Event: 201.892 Thread 0x00000209f49174e0 7515       4       java.beans.Introspector::decapitalize (68 bytes)
Event: 201.896 Thread 0x00000209f4919ea0 7516       3       org.gradle.internal.reflect.JavaPropertyReflectionUtil::getAnnotation (7 bytes)
Event: 201.896 Thread 0x00000209f4919ea0 nmethod 7516 0x00000209ded31a10 code [0x00000209ded31ba0, 0x00000209ded31cc8]
Event: 201.901 Thread 0x00000209f4919ea0 7518   !   3       org.gradle.cache.internal.locklistener.FileLockPacketPayload::encode (92 bytes)
Event: 201.902 Thread 0x00000209f4919ea0 nmethod 7518 0x00000209ded31d90 code [0x00000209ded320e0, 0x00000209ded33758]
Event: 201.906 Thread 0x00000209f49174e0 nmethod 7515 0x00000209e5eef190 code [0x00000209e5eef380, 0x00000209e5eefdc8]
Event: 201.906 Thread 0x00000209f49174e0 7517       4       org.gradle.internal.instantiation.generator.AbstractClassGenerator$InjectionAnnotationValidator::validateMethod (502 bytes)
Event: 201.907 Thread 0x00000209f4919ea0 7520       3       java.lang.invoke.MethodHandles$Lookup::lookupModes (8 bytes)
Event: 201.907 Thread 0x00000209f4919ea0 nmethod 7520 0x00000209ded34090 code [0x00000209ded34220, 0x00000209ded34338]
Event: 201.911 Thread 0x00000209f4919ea0 7521       3       org.gradle.api.internal.file.AbstractFileCollection::<init> (10 bytes)
Event: 201.911 Thread 0x00000209f4919ea0 nmethod 7521 0x00000209ded34410 code [0x00000209ded345a0, 0x00000209ded34758]
Event: 201.911 Thread 0x00000209f4919ea0 7522       3       org.gradle.api.internal.provider.ValueSupplier$Present::<init> (6 bytes)
Event: 201.911 Thread 0x00000209f4919ea0 nmethod 7522 0x00000209ded34810 code [0x00000209ded349c0, 0x00000209ded34bd8]
Event: 201.927 Thread 0x00000209f49174e0 nmethod 7517 0x00000209e5ef0410 code [0x00000209e5ef0640, 0x00000209e5ef10b0]
Event: 201.927 Thread 0x00000209f49174e0 7519 %     4       org.gradle.internal.instantiation.generator.AbstractClassGenerator::inspectType @ 207 (560 bytes)

GC Heap History (20 events):
Event: 185.315 GC heap before
{Heap before GC invocations=15 (full 0):
 garbage-first heap   total 75776K, used 60803K [0x0000000080000000, 0x0000000100000000)
  region size 1024K, 20 young (20480K), 1 survivors (1024K)
 Metaspace       used 43826K, committed 44352K, reserved 462848K
  class space    used 6036K, committed 6272K, reserved 421888K
}
Event: 185.320 GC heap after
{Heap after GC invocations=16 (full 0):
 garbage-first heap   total 75776K, used 44744K [0x0000000080000000, 0x0000000100000000)
  region size 1024K, 3 young (3072K), 3 survivors (3072K)
 Metaspace       used 43826K, committed 44352K, reserved 462848K
  class space    used 6036K, committed 6272K, reserved 421888K
}
Event: 187.282 GC heap before
{Heap before GC invocations=16 (full 0):
 garbage-first heap   total 75776K, used 61128K [0x0000000080000000, 0x0000000100000000)
  region size 1024K, 19 young (19456K), 3 survivors (3072K)
 Metaspace       used 45654K, committed 46208K, reserved 462848K
  class space    used 6348K, committed 6592K, reserved 421888K
}
Event: 187.286 GC heap after
{Heap after GC invocations=17 (full 0):
 garbage-first heap   total 75776K, used 45300K [0x0000000080000000, 0x0000000100000000)
  region size 1024K, 1 young (1024K), 1 survivors (1024K)
 Metaspace       used 45654K, committed 46208K, reserved 462848K
  class space    used 6348K, committed 6592K, reserved 421888K
}
Event: 189.106 GC heap before
{Heap before GC invocations=18 (full 0):
 garbage-first heap   total 78848K, used 61684K [0x0000000080000000, 0x0000000100000000)
  region size 1024K, 17 young (17408K), 1 survivors (1024K)
 Metaspace       used 47461K, committed 48000K, reserved 471040K
  class space    used 6596K, committed 6848K, reserved 421888K
}
Event: 189.109 GC heap after
{Heap after GC invocations=19 (full 0):
 garbage-first heap   total 78848K, used 46183K [0x0000000080000000, 0x0000000100000000)
  region size 1024K, 2 young (2048K), 2 survivors (2048K)
 Metaspace       used 47461K, committed 48000K, reserved 471040K
  class space    used 6596K, committed 6848K, reserved 421888K
}
Event: 189.135 GC heap before
{Heap before GC invocations=19 (full 0):
 garbage-first heap   total 78848K, used 47207K [0x0000000080000000, 0x0000000100000000)
  region size 1024K, 3 young (3072K), 2 survivors (2048K)
 Metaspace       used 47557K, committed 48128K, reserved 471040K
  class space    used 6614K, committed 6848K, reserved 421888K
}
Event: 189.139 GC heap after
{Heap after GC invocations=20 (full 0):
 garbage-first heap   total 78848K, used 45446K [0x0000000080000000, 0x0000000100000000)
  region size 1024K, 1 young (1024K), 1 survivors (1024K)
 Metaspace       used 47557K, committed 48128K, reserved 471040K
  class space    used 6614K, committed 6848K, reserved 421888K
}
Event: 191.528 GC heap before
{Heap before GC invocations=20 (full 0):
 garbage-first heap   total 78848K, used 63878K [0x0000000080000000, 0x0000000100000000)
  region size 1024K, 19 young (19456K), 1 survivors (1024K)
 Metaspace       used 50097K, committed 50688K, reserved 471040K
  class space    used 6968K, committed 7232K, reserved 421888K
}
Event: 191.531 GC heap after
{Heap after GC invocations=21 (full 0):
 garbage-first heap   total 78848K, used 45878K [0x0000000080000000, 0x0000000100000000)
  region size 1024K, 1 young (1024K), 1 survivors (1024K)
 Metaspace       used 50097K, committed 50688K, reserved 471040K
  class space    used 6968K, committed 7232K, reserved 421888K
}
Event: 193.423 GC heap before
{Heap before GC invocations=22 (full 0):
 garbage-first heap   total 80896K, used 63286K [0x0000000080000000, 0x0000000100000000)
  region size 1024K, 19 young (19456K), 1 survivors (1024K)
 Metaspace       used 51426K, committed 52032K, reserved 471040K
  class space    used 7127K, committed 7360K, reserved 421888K
}
Event: 193.428 GC heap after
{Heap after GC invocations=23 (full 0):
 garbage-first heap   total 80896K, used 48375K [0x0000000080000000, 0x0000000100000000)
  region size 1024K, 3 young (3072K), 3 survivors (3072K)
 Metaspace       used 51426K, committed 52032K, reserved 471040K
  class space    used 7127K, committed 7360K, reserved 421888K
}
Event: 196.799 GC heap before
{Heap before GC invocations=23 (full 0):
 garbage-first heap   total 80896K, used 65783K [0x0000000080000000, 0x0000000100000000)
  region size 1024K, 20 young (20480K), 3 survivors (3072K)
 Metaspace       used 53259K, committed 53888K, reserved 471040K
  class space    used 7371K, committed 7616K, reserved 421888K
}
Event: 196.803 GC heap after
{Heap after GC invocations=24 (full 0):
 garbage-first heap   total 80896K, used 47769K [0x0000000080000000, 0x0000000100000000)
  region size 1024K, 1 young (1024K), 1 survivors (1024K)
 Metaspace       used 53259K, committed 53888K, reserved 471040K
  class space    used 7371K, committed 7616K, reserved 421888K
}
Event: 198.430 GC heap before
{Heap before GC invocations=25 (full 0):
 garbage-first heap   total 81920K, used 66201K [0x0000000080000000, 0x0000000100000000)
  region size 1024K, 20 young (20480K), 1 survivors (1024K)
 Metaspace       used 54349K, committed 54976K, reserved 471040K
  class space    used 7548K, committed 7808K, reserved 421888K
}
Event: 198.435 GC heap after
{Heap after GC invocations=26 (full 0):
 garbage-first heap   total 81920K, used 49604K [0x0000000080000000, 0x0000000100000000)
  region size 1024K, 3 young (3072K), 3 survivors (3072K)
 Metaspace       used 54349K, committed 54976K, reserved 471040K
  class space    used 7548K, committed 7808K, reserved 421888K
}
Event: 198.677 GC heap before
{Heap before GC invocations=26 (full 0):
 garbage-first heap   total 81920K, used 50628K [0x0000000080000000, 0x0000000100000000)
  region size 1024K, 4 young (4096K), 3 survivors (3072K)
 Metaspace       used 54453K, committed 55104K, reserved 471040K
  class space    used 7565K, committed 7808K, reserved 421888K
}
Event: 198.681 GC heap after
{Heap after GC invocations=27 (full 0):
 garbage-first heap   total 81920K, used 48954K [0x0000000080000000, 0x0000000100000000)
  region size 1024K, 1 young (1024K), 1 survivors (1024K)
 Metaspace       used 54453K, committed 55104K, reserved 471040K
  class space    used 7565K, committed 7808K, reserved 421888K
}
Event: 201.630 GC heap before
{Heap before GC invocations=27 (full 0):
 garbage-first heap   total 81920K, used 66362K [0x0000000080000000, 0x0000000100000000)
  region size 1024K, 19 young (19456K), 1 survivors (1024K)
 Metaspace       used 55310K, committed 55936K, reserved 471040K
  class space    used 7654K, committed 7936K, reserved 421888K
}
Event: 201.635 GC heap after
{Heap after GC invocations=28 (full 0):
 garbage-first heap   total 81920K, used 51423K [0x0000000080000000, 0x0000000100000000)
  region size 1024K, 3 young (3072K), 3 survivors (3072K)
 Metaspace       used 55310K, committed 55936K, reserved 471040K
  class space    used 7654K, committed 7936K, reserved 421888K
}

Deoptimization events (20 events):
Event: 201.198 Thread 0x00000209f6111e80 Uncommon trap: trap_request=0xffffffc6 fr.pc=0x00000209e5ecb7d0 relative=0x0000000000000210
Event: 201.198 Thread 0x00000209f6111e80 Uncommon trap: reason=bimorphic_or_optimized_type_check action=maybe_recompile pc=0x00000209e5ecb7d0 method=com.google.common.collect.ImmutableList.copyOf(Ljava/util/Collection;)Lcom/google/common/collect/ImmutableList; @ 16 c2
Event: 201.198 Thread 0x00000209f6111e80 DEOPT PACKING pc=0x00000209e5ecb7d0 sp=0x00000043b6af9c00
Event: 201.198 Thread 0x00000209f6111e80 DEOPT UNPACKING pc=0x00000209e56123a3 sp=0x00000043b6af9bc8 mode 2
Event: 201.345 Thread 0x00000209f6111e80 Uncommon trap: trap_request=0xffffffbe fr.pc=0x00000209e5bc8848 relative=0x0000000000000d48
Event: 201.345 Thread 0x00000209f6111e80 Uncommon trap: reason=profile_predicate action=maybe_recompile pc=0x00000209e5bc8848 method=java.util.TreeMap.getEntryUsingComparator(Ljava/lang/Object;)Ljava/util/TreeMap$Entry; @ 19 c2
Event: 201.345 Thread 0x00000209f6111e80 DEOPT PACKING pc=0x00000209e5bc8848 sp=0x00000043b6af69f0
Event: 201.345 Thread 0x00000209f6111e80 DEOPT UNPACKING pc=0x00000209e56123a3 sp=0x00000043b6af6910 mode 2
Event: 201.346 Thread 0x00000209f6111e80 Uncommon trap: trap_request=0xffffffbe fr.pc=0x00000209e5bc8848 relative=0x0000000000000d48
Event: 201.346 Thread 0x00000209f6111e80 Uncommon trap: reason=profile_predicate action=maybe_recompile pc=0x00000209e5bc8848 method=java.util.TreeMap.getEntryUsingComparator(Ljava/lang/Object;)Ljava/util/TreeMap$Entry; @ 19 c2
Event: 201.346 Thread 0x00000209f6111e80 DEOPT PACKING pc=0x00000209e5bc8848 sp=0x00000043b6af69f0
Event: 201.346 Thread 0x00000209f6111e80 DEOPT UNPACKING pc=0x00000209e56123a3 sp=0x00000043b6af6910 mode 2
Event: 201.346 Thread 0x00000209f6111e80 Uncommon trap: trap_request=0xffffffbe fr.pc=0x00000209e5bc8848 relative=0x0000000000000d48
Event: 201.346 Thread 0x00000209f6111e80 Uncommon trap: reason=profile_predicate action=maybe_recompile pc=0x00000209e5bc8848 method=java.util.TreeMap.getEntryUsingComparator(Ljava/lang/Object;)Ljava/util/TreeMap$Entry; @ 19 c2
Event: 201.346 Thread 0x00000209f6111e80 DEOPT PACKING pc=0x00000209e5bc8848 sp=0x00000043b6af69f0
Event: 201.346 Thread 0x00000209f6111e80 DEOPT UNPACKING pc=0x00000209e56123a3 sp=0x00000043b6af6910 mode 2
Event: 201.346 Thread 0x00000209f6111e80 Uncommon trap: trap_request=0xffffffbe fr.pc=0x00000209e5bc8848 relative=0x0000000000000d48
Event: 201.346 Thread 0x00000209f6111e80 Uncommon trap: reason=profile_predicate action=maybe_recompile pc=0x00000209e5bc8848 method=java.util.TreeMap.getEntryUsingComparator(Ljava/lang/Object;)Ljava/util/TreeMap$Entry; @ 19 c2
Event: 201.346 Thread 0x00000209f6111e80 DEOPT PACKING pc=0x00000209e5bc8848 sp=0x00000043b6af69f0
Event: 201.346 Thread 0x00000209f6111e80 DEOPT UNPACKING pc=0x00000209e56123a3 sp=0x00000043b6af6910 mode 2

Classes unloaded (0 events):
No events

Classes redefined (0 events):
No events

Internal exceptions (20 events):
Event: 197.577 Thread 0x00000209f6111e80 Exception <a 'java/lang/ClassNotFoundException'{0x00000000895b4390}: java/util/HashtableCustomizer> (0x00000000895b4390) 
thrown [s\open\src\hotspot\share\classfile\systemDictionary.cpp, line 256]
Event: 197.579 Thread 0x00000209f6111e80 Exception <a 'java/lang/ClassNotFoundException'{0x00000000895d2e40}: java/util/PropertiesCustomizer> (0x00000000895d2e40) 
thrown [s\open\src\hotspot\share\classfile\systemDictionary.cpp, line 256]
Event: 197.582 Thread 0x00000209f6111e80 Exception <a 'java/lang/ClassNotFoundException'{0x000000008940cbd0}: org/gradle/internal/classpath/Instrumented$DecoratingPropertiesCustomizer> (0x000000008940cbd0) 
thrown [s\open\src\hotspot\share\classfile\systemDictionary.cpp, line 256]
Event: 197.597 Thread 0x00000209f6111e80 Exception <a 'java/lang/ClassNotFoundException'{0x000000008901d9b0}: org/gradle/api/internal/artifacts/dsl/DefaultRepositoryHandler_DecoratedBeanInfo> (0x000000008901d9b0) 
thrown [s\open\src\hotspot\share\classfile\systemDictionary.cpp, line 256]
Event: 197.598 Thread 0x00000209f6111e80 Exception <a 'java/lang/ClassNotFoundException'{0x0000000089032028}: org/gradle/api/internal/artifacts/dsl/DefaultRepositoryHandlerBeanInfo> (0x0000000089032028) 
thrown [s\open\src\hotspot\share\classfile\systemDictionary.cpp, line 256]
Event: 197.599 Thread 0x00000209f6111e80 Exception <a 'java/lang/ClassNotFoundException'{0x0000000089046810}: org/gradle/api/internal/artifacts/DefaultArtifactRepositoryContainerBeanInfo> (0x0000000089046810) 
thrown [s\open\src\hotspot\share\classfile\systemDictionary.cpp, line 256]
Event: 197.599 Thread 0x00000209f6111e80 Exception <a 'java/lang/ClassNotFoundException'{0x0000000089058748}: org/gradle/api/internal/DefaultNamedDomainObjectListBeanInfo> (0x0000000089058748) 
thrown [s\open\src\hotspot\share\classfile\systemDictionary.cpp, line 256]
Event: 197.600 Thread 0x00000209f6111e80 Exception <a 'java/lang/ClassNotFoundException'{0x000000008906afa0}: org/gradle/api/internal/DefaultNamedDomainObjectCollectionBeanInfo> (0x000000008906afa0) 
thrown [s\open\src\hotspot\share\classfile\systemDictionary.cpp, line 256]
Event: 197.601 Thread 0x00000209f6111e80 Exception <a 'java/lang/ClassNotFoundException'{0x000000008907dc50}: org/gradle/api/internal/DefaultDomainObjectCollectionBeanInfo> (0x000000008907dc50) 
thrown [s\open\src\hotspot\share\classfile\systemDictionary.cpp, line 256]
Event: 197.602 Thread 0x00000209f6111e80 Exception <a 'java/lang/ClassNotFoundException'{0x0000000089090420}: org/gradle/api/internal/DefaultDomainObjectCollectionCustomizer> (0x0000000089090420) 
thrown [s\open\src\hotspot\share\classfile\systemDictionary.cpp, line 256]
Event: 197.604 Thread 0x00000209f6111e80 Exception <a 'java/lang/ClassNotFoundException'{0x00000000890c27c0}: org/gradle/api/internal/DefaultNamedDomainObjectCollectionCustomizer> (0x00000000890c27c0) 
thrown [s\open\src\hotspot\share\classfile\systemDictionary.cpp, line 256]
Event: 197.719 Thread 0x00000209f6111e80 Exception <a 'java/lang/ClassNotFoundException'{0x00000000890fd618}: org/gradle/api/internal/DefaultNamedDomainObjectListCustomizer> (0x00000000890fd618) 
thrown [s\open\src\hotspot\share\classfile\systemDictionary.cpp, line 256]
Event: 197.725 Thread 0x00000209f6111e80 Exception <a 'java/lang/ClassNotFoundException'{0x0000000088f2c610}: org/gradle/api/internal/artifacts/DefaultArtifactRepositoryContainerCustomizer> (0x0000000088f2c610) 
thrown [s\open\src\hotspot\share\classfile\systemDictionary.cpp, line 256]
Event: 197.729 Thread 0x00000209f6111e80 Exception <a 'java/lang/ClassNotFoundException'{0x0000000088f536a8}: org/gradle/api/internal/artifacts/dsl/DefaultRepositoryHandlerCustomizer> (0x0000000088f536a8) 
thrown [s\open\src\hotspot\share\classfile\systemDictionary.cpp, line 256]
Event: 197.731 Thread 0x00000209f6111e80 Exception <a 'java/lang/ClassNotFoundException'{0x0000000088f88c78}: org/gradle/api/internal/artifacts/dsl/DefaultRepositoryHandler_DecoratedCustomizer> (0x0000000088f88c78) 
thrown [s\open\src\hotspot\share\classfile\systemDictionary.cpp, line 256]
Event: 197.741 Thread 0x00000209f6111e80 Exception <a 'java/lang/ClassNotFoundException'{0x0000000088e1a758}: org/gradle/api/internal/artifacts/dsl/dependencies/DefaultDependencyHandler_DecoratedBeanInfo> (0x0000000088e1a758) 
thrown [s\open\src\hotspot\share\classfile\systemDictionary.cpp, line 256]
Event: 197.742 Thread 0x00000209f6111e80 Exception <a 'java/lang/ClassNotFoundException'{0x0000000088e2f580}: org/gradle/api/internal/artifacts/dsl/dependencies/DefaultDependencyHandlerBeanInfo> (0x0000000088e2f580) 
thrown [s\open\src\hotspot\share\classfile\systemDictionary.cpp, line 256]
Event: 197.743 Thread 0x00000209f6111e80 Exception <a 'java/lang/ClassNotFoundException'{0x0000000088e44368}: org/gradle/api/internal/artifacts/dsl/dependencies/DefaultDependencyHandlerCustomizer> (0x0000000088e44368) 
thrown [s\open\src\hotspot\share\classfile\systemDictionary.cpp, line 256]
Event: 197.746 Thread 0x00000209f6111e80 Exception <a 'java/lang/ClassNotFoundException'{0x0000000088e7e1d0}: org/gradle/api/internal/artifacts/dsl/dependencies/DefaultDependencyHandler_DecoratedCustomizer> (0x0000000088e7e1d0) 
thrown [s\open\src\hotspot\share\classfile\systemDictionary.cpp, line 256]
Event: 198.210 Thread 0x00000209f6111e80 Exception <a 'java/lang/NoSuchMethodError'{0x0000000083f8b4f8}: 'java.lang.Object java.lang.invoke.DirectMethodHandle$Holder.newInvokeSpecial(java.lang.Object, java.lang.Object, int)'> (0x0000000083f8b4f8) 
thrown [s\open\src\hotspot\share\interpreter\linkResolver.cpp, line 759]

VM Operations (20 events):
Event: 197.293 Executing VM operation: HandshakeAllThreads
Event: 197.293 Executing VM operation: HandshakeAllThreads done
Event: 198.307 Executing VM operation: Cleanup
Event: 198.401 Executing VM operation: Cleanup done
Event: 198.430 Executing VM operation: G1CollectForAllocation
Event: 198.436 Executing VM operation: G1CollectForAllocation done
Event: 198.677 Executing VM operation: G1CollectForAllocation
Event: 198.682 Executing VM operation: G1CollectForAllocation done
Event: 199.693 Executing VM operation: Cleanup
Event: 199.693 Executing VM operation: Cleanup done
Event: 200.694 Executing VM operation: Cleanup
Event: 200.694 Executing VM operation: Cleanup done
Event: 201.629 Executing VM operation: ICBufferFull
Event: 201.629 Executing VM operation: ICBufferFull done
Event: 201.630 Executing VM operation: G1CollectForAllocation
Event: 201.635 Executing VM operation: G1CollectForAllocation done
Event: 201.750 Executing VM operation: G1Concurrent
Event: 201.855 Executing VM operation: G1Concurrent done
Event: 201.899 Executing VM operation: G1Concurrent
Event: 201.906 Executing VM operation: G1Concurrent done

Events (20 events):
Event: 197.577 loading class java/util/HashtableCustomizer
Event: 197.577 loading class java/util/HashtableCustomizer done
Event: 197.577 loading class java/util/HashtableCustomizer
Event: 197.577 loading class java/util/HashtableCustomizer done
Event: 197.578 loading class java/util/PropertiesCustomizer
Event: 197.578 loading class java/util/PropertiesCustomizer done
Event: 197.579 loading class java/util/PropertiesCustomizer
Event: 197.579 loading class java/util/PropertiesCustomizer done
Event: 197.729 Thread 0x00000209f8a41440 Thread added: 0x00000209f8a41440
Event: 197.753 Thread 0x00000209f91cfb00 Thread added: 0x00000209f91cfb00
Event: 198.198 Thread 0x00000209f8a41440 Thread exited: 0x00000209f8a41440
Event: 201.879 loading class java/util/TreeMap$DescendingSubMap
Event: 201.879 loading class java/util/TreeMap$NavigableSubMap
Event: 201.880 loading class java/util/TreeMap$NavigableSubMap done
Event: 201.880 loading class java/util/TreeMap$DescendingSubMap done
Event: 201.880 loading class java/util/TreeMap$NavigableSubMap$DescendingSubMapKeyIterator
Event: 201.880 loading class java/util/TreeMap$NavigableSubMap$SubMapIterator
Event: 201.880 loading class java/util/TreeMap$NavigableSubMap$SubMapIterator done
Event: 201.880 loading class java/util/TreeMap$NavigableSubMap$DescendingSubMapKeyIterator done
Event: 202.026 Thread 0x00000209f91cf630 Thread added: 0x00000209f91cf630


Dynamic libraries:
0x00007ff7e7ac0000 - 0x00007ff7e7ad0000 	C:\Program Files\Java\jdk-17\bin\java.exe
0x00007ffc233f0000 - 0x00007ffc235e8000 	C:\Windows\SYSTEM32\ntdll.dll
0x00007ffc22a20000 - 0x00007ffc22add000 	C:\Windows\System32\KERNEL32.DLL
0x00007ffc20f00000 - 0x00007ffc211f6000 	C:\Windows\System32\KERNELBASE.dll
0x00007ffc20c20000 - 0x00007ffc20d20000 	C:\Windows\System32\ucrtbase.dll
0x00007ffc18540000 - 0x00007ffc18559000 	C:\Program Files\Java\jdk-17\bin\jli.dll
0x00007ffc22010000 - 0x00007ffc220be000 	C:\Windows\System32\ADVAPI32.dll
0x00007ffc220c0000 - 0x00007ffc2215e000 	C:\Windows\System32\msvcrt.dll
0x00007ffc22af0000 - 0x00007ffc22b8c000 	C:\Windows\System32\sechost.dll
0x00007ffc215b0000 - 0x00007ffc216d6000 	C:\Windows\System32\RPCRT4.dll
0x00007ffc22320000 - 0x00007ffc224be000 	C:\Windows\System32\USER32.dll
0x00007ffc20ad0000 - 0x00007ffc20af2000 	C:\Windows\System32\win32u.dll
0x00007ffc218e0000 - 0x00007ffc2190c000 	C:\Windows\System32\GDI32.dll
0x00007ffc20b00000 - 0x00007ffc20c1a000 	C:\Windows\System32\gdi32full.dll
0x00007ffc20e60000 - 0x00007ffc20efd000 	C:\Windows\System32\msvcp_win.dll
0x00007ffc18560000 - 0x00007ffc1857b000 	C:\Program Files\Java\jdk-17\bin\VCRUNTIME140.dll
0x00007ffbfcec0000 - 0x00007ffbfd15a000 	C:\Windows\WinSxS\amd64_microsoft.windows.common-controls_6595b64144ccf1df_6.0.19041.1110_none_60b5254171f9507e\COMCTL32.dll
0x00007ffc17e10000 - 0x00007ffc17e1a000 	C:\Windows\SYSTEM32\VERSION.dll
0x00007ffc22580000 - 0x00007ffc225b0000 	C:\Windows\System32\IMM32.DLL
0x00007ffc19450000 - 0x00007ffc1945c000 	C:\Program Files\Java\jdk-17\bin\vcruntime140_1.dll
0x00007ffbf8850000 - 0x00007ffbf88de000 	C:\Program Files\Java\jdk-17\bin\msvcp140.dll
0x00007ffb91410000 - 0x00007ffb91fed000 	C:\Program Files\Java\jdk-17\bin\server\jvm.dll
0x00007ffc22ae0000 - 0x00007ffc22ae8000 	C:\Windows\System32\PSAPI.DLL
0x00007ffbfbe50000 - 0x00007ffbfbe59000 	C:\Windows\SYSTEM32\WSOCK32.dll
0x00007ffc22210000 - 0x00007ffc2227b000 	C:\Windows\System32\WS2_32.dll
0x00007ffc0ff20000 - 0x00007ffc0ff47000 	C:\Windows\SYSTEM32\WINMM.dll
0x00007ffc1f2f0000 - 0x00007ffc1f302000 	C:\Windows\SYSTEM32\kernel.appcore.dll
0x00007ffc18810000 - 0x00007ffc1881a000 	C:\Program Files\Java\jdk-17\bin\jimage.dll
0x00007ffc1b6c0000 - 0x00007ffc1b8a4000 	C:\Windows\SYSTEM32\DBGHELP.DLL
0x00007ffc0efa0000 - 0x00007ffc0efd4000 	C:\Windows\SYSTEM32\dbgcore.DLL
0x00007ffc20d20000 - 0x00007ffc20da2000 	C:\Windows\System32\bcryptPrimitives.dll
0x00007ffc16420000 - 0x00007ffc16445000 	C:\Program Files\Java\jdk-17\bin\java.dll
0x00007ffbf59b0000 - 0x00007ffbf5a87000 	C:\Program Files\Java\jdk-17\bin\jsvml.dll
0x00007ffc22c60000 - 0x00007ffc233a5000 	C:\Windows\System32\SHELL32.dll
0x00007ffc1eb10000 - 0x00007ffc1f2ab000 	C:\Windows\SYSTEM32\windows.storage.dll
0x00007ffc21b00000 - 0x00007ffc21e54000 	C:\Windows\System32\combase.dll
0x00007ffc20440000 - 0x00007ffc2046e000 	C:\Windows\SYSTEM32\Wldp.dll
0x00007ffc22160000 - 0x00007ffc2220d000 	C:\Windows\System32\SHCORE.dll
0x00007ffc21450000 - 0x00007ffc214a5000 	C:\Windows\System32\shlwapi.dll
0x00007ffc20a00000 - 0x00007ffc20a25000 	C:\Windows\SYSTEM32\profapi.dll
0x00007ffc18230000 - 0x00007ffc18249000 	C:\Program Files\Java\jdk-17\bin\net.dll
0x00007ffc16cb0000 - 0x00007ffc16dba000 	C:\Windows\SYSTEM32\WINHTTP.dll
0x00007ffc201a0000 - 0x00007ffc2020a000 	C:\Windows\system32\mswsock.dll
0x00007ffc16af0000 - 0x00007ffc16b06000 	C:\Program Files\Java\jdk-17\bin\nio.dll
0x00007ffc16400000 - 0x00007ffc16418000 	C:\Program Files\Java\jdk-17\bin\zip.dll
0x00007ffc18530000 - 0x00007ffc18540000 	C:\Program Files\Java\jdk-17\bin\verify.dll
0x00007ffc163d0000 - 0x00007ffc163f7000 	C:\Users\ss\.gradle\native\e1d6ef7f7dcc3fd88c89a11ec53ec762bb8ba0a96d01ffa2cd45eb1d1d8dd5c5\windows-amd64\native-platform.dll
0x00007ffbf4650000 - 0x00007ffbf4794000 	C:\Users\ss\.gradle\native\5664cfc778a61ccfe75a443a1ab52a65af34e5dc3c78e0209fed803814484fcb\windows-amd64\native-platform-file-events.dll
0x00007ffc18120000 - 0x00007ffc1812a000 	C:\Program Files\Java\jdk-17\bin\management.dll
0x00007ffc0cc40000 - 0x00007ffc0cc4b000 	C:\Program Files\Java\jdk-17\bin\management_ext.dll
0x00007ffc203a0000 - 0x00007ffc203b8000 	C:\Windows\SYSTEM32\CRYPTSP.dll
0x00007ffc1fab0000 - 0x00007ffc1fae4000 	C:\Windows\system32\rsaenh.dll
0x00007ffc21270000 - 0x00007ffc21297000 	C:\Windows\System32\bcrypt.dll
0x00007ffc209c0000 - 0x00007ffc209ee000 	C:\Windows\SYSTEM32\USERENV.dll
0x00007ffc20390000 - 0x00007ffc2039c000 	C:\Windows\SYSTEM32\CRYPTBASE.dll
0x00007ffc1fe90000 - 0x00007ffc1fecb000 	C:\Windows\SYSTEM32\IPHLPAPI.DLL
0x00007ffc22570000 - 0x00007ffc22578000 	C:\Windows\System32\NSI.dll
0x00007ffc170f0000 - 0x00007ffc17107000 	C:\Windows\SYSTEM32\dhcpcsvc6.DLL
0x00007ffc175e0000 - 0x00007ffc175fd000 	C:\Windows\SYSTEM32\dhcpcsvc.DLL
0x00007ffc1fed0000 - 0x00007ffc1ff9a000 	C:\Windows\SYSTEM32\DNSAPI.dll
0x00007ffc074c0000 - 0x00007ffc074cd000 	C:\Program Files\Java\jdk-17\bin\sunmscapi.dll
0x00007ffc212f0000 - 0x00007ffc2144e000 	C:\Windows\System32\CRYPT32.dll
0x00007ffc204b0000 - 0x00007ffc204d8000 	C:\Windows\SYSTEM32\ncrypt.dll
0x00007ffc20470000 - 0x00007ffc204ab000 	C:\Windows\SYSTEM32\NTASN1.dll
0x00007ffbf8730000 - 0x00007ffbf8737000 	C:\Windows\system32\wshunix.dll

dbghelp: loaded successfully - version: 4.0.5 - missing functions: none
symbol engine: initialized successfully - sym options: 0x614 - pdb path: .;C:\Program Files\Java\jdk-17\bin;C:\Windows\SYSTEM32;C:\Windows\WinSxS\amd64_microsoft.windows.common-controls_6595b64144ccf1df_6.0.19041.1110_none_60b5254171f9507e;C:\Program Files\Java\jdk-17\bin\server;C:\Users\ss\.gradle\native\e1d6ef7f7dcc3fd88c89a11ec53ec762bb8ba0a96d01ffa2cd45eb1d1d8dd5c5\windows-amd64;C:\Users\ss\.gradle\native\5664cfc778a61ccfe75a443a1ab52a65af34e5dc3c78e0209fed803814484fcb\windows-amd64

VM Arguments:
jvm_args: -XX:MaxMetaspaceSize=512m --add-opens=java.base/java.util=ALL-UNNAMED --add-opens=java.base/java.lang=ALL-UNNAMED --add-opens=java.base/java.lang.invoke=ALL-UNNAMED --add-opens=java.base/java.util=ALL-UNNAMED --add-opens=java.prefs/java.util.prefs=ALL-UNNAMED --add-opens=java.prefs/java.util.prefs=ALL-UNNAMED --add-opens=java.base/java.nio.charset=ALL-UNNAMED --add-opens=java.base/java.net=ALL-UNNAMED --add-opens=java.base/java.util.concurrent.atomic=ALL-UNNAMED -Xmx2048m -Dfile.encoding=windows-1252 -Duser.country=IN -Duser.language=en -Duser.variant 
java_command: org.gradle.launcher.daemon.bootstrap.GradleDaemon 7.3.3
java_class_path (initial): C:\Users\ss\.gradle\wrapper\dists\gradle-7.3.3-all\4295vidhdd9hd3gbjyw1xqxpo\gradle-7.3.3\lib\gradle-launcher-7.3.3.jar
Launcher Type: SUN_STANDARD

[Global flags]
     intx CICompilerCount                          = 3                                         {product} {ergonomic}
   size_t CompressedClassSpaceSize                 = 432013312                                 {product} {ergonomic}
     uint ConcGCThreads                            = 1                                         {product} {ergonomic}
     uint G1ConcRefinementThreads                  = 4                                         {product} {ergonomic}
   size_t G1HeapRegionSize                         = 1048576                                   {product} {ergonomic}
    uintx GCDrainStackTargetSize                   = 64                                        {product} {ergonomic}
   size_t InitialHeapSize                          = 268435456                                 {product} {ergonomic}
   size_t MarkStackSize                            = 4194304                                   {product} {ergonomic}
   size_t MaxHeapSize                              = 2147483648                                {product} {command line}
   size_t MaxMetaspaceSize                         = 536870912                                 {product} {command line}
   size_t MaxNewSize                               = 1287651328                                {product} {ergonomic}
   size_t MinHeapDeltaBytes                        = 1048576                                   {product} {ergonomic}
   size_t MinHeapSize                              = 8388608                                   {product} {ergonomic}
    uintx NonNMethodCodeHeapSize                   = 5832780                                {pd product} {ergonomic}
    uintx NonProfiledCodeHeapSize                  = 122912730                              {pd product} {ergonomic}
    uintx ProfiledCodeHeapSize                     = 122912730                              {pd product} {ergonomic}
    uintx ReservedCodeCacheSize                    = 251658240                              {pd product} {ergonomic}
     bool SegmentedCodeCache                       = true                                      {product} {ergonomic}
   size_t SoftMaxHeapSize                          = 2147483648                             {manageable} {ergonomic}
     bool UseCompressedClassPointers               = true                           {product lp64_product} {ergonomic}
     bool UseCompressedOops                        = true                           {product lp64_product} {ergonomic}
     bool UseG1GC                                  = true                                      {product} {ergonomic}
     bool UseLargePagesIndividualAllocation        = false                                  {pd product} {ergonomic}

Logging:
Log output configuration:
 #0: stdout all=warning uptime,level,tags
 #1: stderr all=off uptime,level,tags

Environment Variables:
CLASSPATH=C:\Users\ss\Desktop\teachers-vision\android\\gradle\wrapper\gradle-wrapper.jar
PATH=C:\Users\ss\Desktop\teachers-vision\android\node_modules\.bin;C:\Users\ss\Desktop\teachers-vision\node_modules\.bin;C:\Users\ss\Desktop\node_modules\.bin;C:\Users\ss\node_modules\.bin;C:\Users\node_modules\.bin;C:\node_modules\.bin;C:\Program Files\nodejs;C:\Users\ss\Desktop\teachers-vision\node_modules\.bin;C:\Users\ss\Desktop\teachers-vision\node_modules\.bin;C:\Users\ss\Desktop\node_modules\.bin;C:\Users\ss\node_modules\.bin;C:\Users\node_modules\.bin;C:\node_modules\.bin;C:\Users\ss\AppData\Roaming\nvm\v16.16.0\node_modules\npm\node_modules\@npmcli\run-script\lib\node-gyp-bin;C:\Users\ss\Desktop\teachers-vision\node_modules\.bin;C:\Users\ss\Desktop\node_modules\.bin;C:\Users\ss\node_modules\.bin;C:\Users\node_modules\.bin;C:\node_modules\.bin;C:\Program Files\nodejs;C:\Users\ss\Desktop\teachers-vision\node_modules\.bin;C:\Users\ss\Desktop\teachers-vision\node_modules\.bin;C:\Users\ss\Desktop\node_modules\.bin;C:\Users\ss\node_modules\.bin;C:\Users\node_modules\.bin;C:\node_modules\.bin;C:\Users\ss\AppData\Roaming\nvm\v16.16.0\node_modules\npm\node_modules\@npmcli\run-script\lib\node-gyp-bin;C:\Program Files\Common Files\Oracle\Java\javapath;C:\Program Files (x86)\Common Files\Oracle\Java\javapath;C:\Program Files\Microsoft\jdk-11.0.18.10-hotspot\bin;C:\Program Files\Microsoft MPI\Bin\;C:\Windows\system32;C:\Windows;C:\Windows\System32\Wbem;C:\Windows\System32\WindowsPowerShell\v1.0\;C:\Windows\System32\OpenSSH\;C:\ProgramData\chocolatey\bin;C:\Users\ss\AppData\Local\Android\Sdk\platform-tools;C:\Program Files\Git\cmd;C:\Program Files\Microsoft SQL Server\150\Tools\Binn\;C:\Program Files (x86)\Microsoft SQL Server\160\Tools\Binn\;C:\Program Files\Microsoft SQL Server\160\Tools\Binn\;C:\Program Files\Microsoft SQL Server\Client SDK\ODBC\170\Tools\Binn\;C:\Program Files\Microsoft SQL Server\160\DTS\Binn\;C:\Program Files\dotnet\;C:\Program Files (x86)\dotnet\;C:\Program Files (x86)\Microsoft SQL Server\160\DTS\Binn\;C:\Program Files (x86)\Microsoft SQL Server\150
USERNAME=ss
LANG=en_US.UTF-8
OS=Windows_NT
PROCESSOR_IDENTIFIER=Intel64 Family 6 Model 142 Stepping 9, GenuineIntel



---------------  S Y S T E M  ---------------

OS:
 Windows 10 , 64 bit Build 19041 (10.0.19041.3393)
OS uptime: 2 days 0:18 hours

CPU: total 4 (initial active 4) (2 cores per cpu, 2 threads per core) family 6 model 142 stepping 9 microcode 0xb4, cx8, cmov, fxsr, ht, mmx, 3dnowpref, sse, sse2, sse3, ssse3, sse4.1, sse4.2, popcnt, lzcnt, tsc, tscinvbit, avx, avx2, aes, erms, clmul, bmi1, bmi2, adx, fma, vzeroupper, clflush, clflushopt

Memory: 4k page, system-wide physical 16263M (369M free)
TotalPageFile size 23984M (AvailPageFile size 78M)
current process WorkingSet (physical memory assigned to process): 250M, peak: 252M
current process commit charge ("private bytes"): 293M, peak: 404M

vm_info: Java HotSpot(TM) 64-Bit Server VM (17.0.7+8-LTS-224) for windows-amd64 JRE (17.0.7+8-LTS-224), built on Feb 28 2023 23:03:02 by "mach5one" with MS VC++ 17.1 (VS2022)

END.
