#
# There is insufficient memory for the Java Runtime Environment to continue.
# Native memory allocation (malloc) failed to allocate 1956976 bytes for Chunk::new
# Possible reasons:
#   The system is out of physical RAM or swap space
#   The process is running with CompressedOops enabled, and the Java Heap may be blocking the growth of the native heap
# Possible solutions:
#   Reduce memory load on the system
#   Increase physical memory or swap space
#   Check if swap backing store is full
#   Decrease Java heap size (-Xmx/-Xms)
#   Decrease number of Java threads
#   Decrease Java thread stack sizes (-Xss)
#   Set larger code cache with -XX:ReservedCodeCacheSize=
#   JVM is running with Unscaled Compressed Oops mode in which the Java heap is
#     placed in the first 4GB address space. The Java Heap base address is the
#     maximum limit for the native heap growth. Please use -XX:HeapBaseMinAddress
#     to set the Java Heap base and to place the Java Heap above 4GB virtual address.
# This output file may be truncated or incomplete.
#
#  Out of Memory Error (arena.cpp:189), pid=24068, tid=12480
#
# JRE version: Java(TM) SE Runtime Environment (17.0.7+8) (build 17.0.7+8-LTS-224)
# Java VM: Java HotSpot(TM) 64-Bit Server VM (17.0.7+8-LTS-224, mixed mode, sharing, tiered, compressed oops, compressed class ptrs, g1 gc, windows-amd64)
# No core dump will be written. Minidumps are not enabled by default on client versions of Windows
#

---------------  S U M M A R Y ------------

Command Line: -XX:MaxMetaspaceSize=512m --add-opens=java.base/java.util=ALL-UNNAMED --add-opens=java.base/java.lang=ALL-UNNAMED --add-opens=java.base/java.lang.invoke=ALL-UNNAMED --add-opens=java.base/java.util=ALL-UNNAMED --add-opens=java.prefs/java.util.prefs=ALL-UNNAMED --add-opens=java.prefs/java.util.prefs=ALL-UNNAMED --add-opens=java.base/java.nio.charset=ALL-UNNAMED --add-opens=java.base/java.net=ALL-UNNAMED --add-opens=java.base/java.util.concurrent.atomic=ALL-UNNAMED -Xmx2048m -Dfile.encoding=windows-1252 -Duser.country=IN -Duser.language=en -Duser.variant org.gradle.launcher.daemon.bootstrap.GradleDaemon 7.3.3

Host: Intel(R) Core(TM) i5-7200U CPU @ 2.50GHz, 4 cores, 15G,  Windows 10 , 64 bit Build 19041 (10.0.19041.3155)
Time: Fri Sep  1 18:37:49 2023 India Standard Time elapsed time: 651.889922 seconds (0d 0h 10m 51s)

---------------  T H R E A D  ---------------

Current thread (0x0000025d79a96d80):  JavaThread "C2 CompilerThread0" daemon [_thread_in_native, id=12480, stack(0x000000ec23f00000,0x000000ec24000000)]


Current CompileTask:
C2: 651890 14410       4       org.gradle.api.internal.artifacts.configurations.DefaultConfiguration_Decorated::getMetaClass (29 bytes)

Stack: [0x000000ec23f00000,0x000000ec24000000]
Native frames: (J=compiled Java code, j=interpreted, Vv=VM code, C=native code)
V  [jvm.dll+0x676a4a]
V  [jvm.dll+0x7d74f4]
V  [jvm.dll+0x7d8c9e]
V  [jvm.dll+0x7d9303]
V  [jvm.dll+0x2452c5]
V  [jvm.dll+0xaaa2b]
V  [jvm.dll+0xaafcc]
V  [jvm.dll+0x3613cf]
V  [jvm.dll+0x32bba1]
V  [jvm.dll+0x32b03a]
V  [jvm.dll+0x217acf]
V  [jvm.dll+0x216f01]
V  [jvm.dll+0x1a35e0]
V  [jvm.dll+0x226a6e]
V  [jvm.dll+0x224e15]
V  [jvm.dll+0x78d05c]
V  [jvm.dll+0x78759a]
V  [jvm.dll+0x675875]
C  [ucrtbase.dll+0x21bb2]
C  [KERNEL32.DLL+0x17614]
C  [ntdll.dll+0x526b1]


---------------  P R O C E S S  ---------------

Threads class SMR info:
_java_thread_list=0x0000025d12f7f900, length=88, elements={
0x0000025d6b1192e0, 0x0000025d79a79b20, 0x0000025d79a7a5e0, 0x0000025d79a91730,
0x0000025d79a94000, 0x0000025d79a958d0, 0x0000025d79a96190, 0x0000025d79a96d80,
0x0000025d7a4328c0, 0x0000025d7a432dd0, 0x0000025d7a49c8d0, 0x0000025d7a49cda0,
0x0000025d7ca54450, 0x0000025d7b1b8ae0, 0x0000025d7c1056c0, 0x0000025d7bedcc30,
0x0000025d7c02e420, 0x0000025d7bf96c60, 0x0000025d7bf97600, 0x0000025d7bf992e0,
0x0000025d7bf98e10, 0x0000025d7bf97130, 0x0000025d7bf99c80, 0x0000025d7bf997b0,
0x0000025d7bf962c0, 0x0000025d7bf98940, 0x0000025d7bf97ad0, 0x0000025d7bf97fa0,
0x0000025d7bf98470, 0x0000025d7ca8d0f0, 0x0000025d7ca8edd0, 0x0000025d7ca92790,
0x0000025d7ca93600, 0x0000025d7ca92c60, 0x0000025d7ca8d5c0, 0x0000025d7ca8e430,
0x0000025d7ca8f2a0, 0x0000025d7ca8da90, 0x0000025d7ca8df60, 0x0000025d7ca8f770,
0x0000025d7ca91920, 0x0000025d7ca8fc40, 0x0000025d7ca905e0, 0x0000025d7ca90ab0,
0x0000025d7ca90f80, 0x0000025d7ca91df0, 0x0000025d7ca91450, 0x0000025d7ca93130,
0x0000025d7ca922c0, 0x0000025d7ca93ad0, 0x0000025d7c8445b0, 0x0000025d7c840250,
0x0000025d7c843270, 0x0000025d7c83fd80, 0x0000025d7c844f50, 0x0000025d7c841590,
0x0000025d7c83e570, 0x0000025d7c840bf0, 0x0000025d7c8440e0, 0x0000025d7c83ef10,
0x0000025d7c83f3e0, 0x0000025d7c83d700, 0x0000025d7c840720, 0x0000025d7c83dbd0,
0x0000025d7c844a80, 0x0000025d7c83e0a0, 0x0000025d7c83ea40, 0x0000025d7c8410c0,
0x0000025d7c83f8b0, 0x0000025d7c8428d0, 0x0000025d7c841a60, 0x0000025d7c841f30,
0x0000025d7c843c10, 0x0000025d7c842400, 0x0000025d7c842da0, 0x0000025d7e4b0e10,
0x0000025d7e4affa0, 0x0000025d7e4b0940, 0x0000025d7e4ad920, 0x0000025d7e4ae790,
0x0000025d7e4aec60, 0x0000025d7c33dff0, 0x0000025d7c3414e0, 0x0000025d7c33fcd0,
0x0000025d7c341010, 0x0000025d7c342350, 0x0000025d7e4b12e0, 0x0000025d7c22a770
}

Java Threads: ( => current thread )
  0x0000025d6b1192e0 JavaThread "main" [_thread_blocked, id=18680, stack(0x000000ec23100000,0x000000ec23200000)]
  0x0000025d79a79b20 JavaThread "Reference Handler" daemon [_thread_blocked, id=22748, stack(0x000000ec23900000,0x000000ec23a00000)]
  0x0000025d79a7a5e0 JavaThread "Finalizer" daemon [_thread_blocked, id=19004, stack(0x000000ec23a00000,0x000000ec23b00000)]
  0x0000025d79a91730 JavaThread "Signal Dispatcher" daemon [_thread_blocked, id=10300, stack(0x000000ec23b00000,0x000000ec23c00000)]
  0x0000025d79a94000 JavaThread "Attach Listener" daemon [_thread_blocked, id=23920, stack(0x000000ec23c00000,0x000000ec23d00000)]
  0x0000025d79a958d0 JavaThread "Service Thread" daemon [_thread_blocked, id=24048, stack(0x000000ec23d00000,0x000000ec23e00000)]
  0x0000025d79a96190 JavaThread "Monitor Deflation Thread" daemon [_thread_blocked, id=6636, stack(0x000000ec23e00000,0x000000ec23f00000)]
=>0x0000025d79a96d80 JavaThread "C2 CompilerThread0" daemon [_thread_in_native, id=12480, stack(0x000000ec23f00000,0x000000ec24000000)]
  0x0000025d7a4328c0 JavaThread "C1 CompilerThread0" daemon [_thread_blocked, id=27600, stack(0x000000ec24000000,0x000000ec24100000)]
  0x0000025d7a432dd0 JavaThread "Sweeper thread" daemon [_thread_blocked, id=10204, stack(0x000000ec24100000,0x000000ec24200000)]
  0x0000025d7a49c8d0 JavaThread "Common-Cleaner" daemon [_thread_blocked, id=28444, stack(0x000000ec24200000,0x000000ec24300000)]
  0x0000025d7a49cda0 JavaThread "Notification Thread" daemon [_thread_blocked, id=6724, stack(0x000000ec24300000,0x000000ec24400000)]
  0x0000025d7ca54450 JavaThread "Daemon health stats" [_thread_blocked, id=19984, stack(0x000000ec24900000,0x000000ec24a00000)]
  0x0000025d7b1b8ae0 JavaThread "Incoming local TCP Connector on port 53736" [_thread_in_native, id=11856, stack(0x000000ec24800000,0x000000ec24900000)]
  0x0000025d7c1056c0 JavaThread "Daemon periodic checks" [_thread_blocked, id=11364, stack(0x000000ec24a00000,0x000000ec24b00000)]
  0x0000025d7bedcc30 JavaThread "Daemon" [_thread_blocked, id=11916, stack(0x000000ec24b00000,0x000000ec24c00000)]
  0x0000025d7c02e420 JavaThread "Handler for socket connection from /127.0.0.1:53736 to /127.0.0.1:53738" [_thread_in_native, id=14760, stack(0x000000ec24c00000,0x000000ec24d00000)]
  0x0000025d7bf96c60 JavaThread "Cancel handler" [_thread_blocked, id=20696, stack(0x000000ec24d00000,0x000000ec24e00000)]
  0x0000025d7bf97600 JavaThread "Daemon worker" [_thread_in_Java, id=9324, stack(0x000000ec24e00000,0x000000ec24f00000)]
  0x0000025d7bf992e0 JavaThread "Asynchronous log dispatcher for DefaultDaemonConnection: socket connection from /127.0.0.1:53736 to /127.0.0.1:53738" [_thread_blocked, id=7880, stack(0x000000ec24f00000,0x000000ec25000000)]
  0x0000025d7bf98e10 JavaThread "Stdin handler" [_thread_blocked, id=21836, stack(0x000000ec25000000,0x000000ec25100000)]
  0x0000025d7bf97130 JavaThread "Daemon client event forwarder" [_thread_blocked, id=20488, stack(0x000000ec25100000,0x000000ec25200000)]
  0x0000025d7bf99c80 JavaThread "Cache worker for journal cache (C:\Users\ss\.gradle\caches\journal-1)" [_thread_blocked, id=28484, stack(0x000000ec25200000,0x000000ec25300000)]
  0x0000025d7bf997b0 JavaThread "File lock request listener" [_thread_in_native, id=4724, stack(0x000000ec25300000,0x000000ec25400000)]
  0x0000025d7bf962c0 JavaThread "Cache worker for file hash cache (C:\Users\ss\.gradle\caches\7.3.3\fileHashes)" [_thread_blocked, id=25316, stack(0x000000ec25400000,0x000000ec25500000)]
  0x0000025d7bf98940 JavaThread "Cache worker for file hash cache (C:\Users\ss\Desktop\teachers-vision\android\.gradle\7.3.3\fileHashes)" [_thread_blocked, id=15888, stack(0x000000ec25500000,0x000000ec25600000)]
  0x0000025d7bf97ad0 JavaThread "File watcher server" daemon [_thread_in_native, id=28508, stack(0x000000ec25700000,0x000000ec25800000)]
  0x0000025d7bf97fa0 JavaThread "File watcher consumer" daemon [_thread_blocked, id=27504, stack(0x000000ec25800000,0x000000ec25900000)]
  0x0000025d7bf98470 JavaThread "Cache worker for checksums cache (C:\Users\ss\Desktop\teachers-vision\android\.gradle\7.3.3\checksums)" [_thread_blocked, id=14036, stack(0x000000ec25900000,0x000000ec25a00000)]
  0x0000025d7ca8d0f0 JavaThread "Cache worker for cache directory md-supplier (C:\Users\ss\.gradle\caches\7.3.3\md-supplier)" [_thread_blocked, id=1464, stack(0x000000ec25a00000,0x000000ec25b00000)]
  0x0000025d7ca8edd0 JavaThread "Cache worker for cache directory md-rule (C:\Users\ss\.gradle\caches\7.3.3\md-rule)" [_thread_blocked, id=18872, stack(0x000000ec25b00000,0x000000ec25c00000)]
  0x0000025d7ca92790 JavaThread "Cache worker for execution history cache (C:\Users\ss\.gradle\caches\7.3.3\executionHistory)" [_thread_blocked, id=22792, stack(0x000000ec25c00000,0x000000ec25d00000)]
  0x0000025d7ca93600 JavaThread "jar transforms" [_thread_blocked, id=22912, stack(0x000000ec25d00000,0x000000ec25e00000)]
  0x0000025d7ca92c60 JavaThread "jar transforms Thread 2" [_thread_blocked, id=9284, stack(0x000000ec25e00000,0x000000ec25f00000)]
  0x0000025d7ca8d5c0 JavaThread "Cache worker for file content cache (C:\Users\ss\.gradle\caches\7.3.3\fileContent)" [_thread_blocked, id=7676, stack(0x000000ec25f00000,0x000000ec26000000)]
  0x0000025d7ca8e430 JavaThread "jar transforms Thread 3" [_thread_blocked, id=13652, stack(0x000000ec26000000,0x000000ec26100000)]
  0x0000025d7ca8f2a0 JavaThread "jar transforms Thread 4" [_thread_blocked, id=2428, stack(0x000000ec26100000,0x000000ec26200000)]
  0x0000025d7ca8da90 JavaThread "Cache worker for kotlin-dsl (C:\Users\ss\.gradle\caches\7.3.3\kotlin-dsl)" [_thread_blocked, id=3192, stack(0x000000ec23200000,0x000000ec23300000)]
  0x0000025d7ca8df60 JavaThread "Cache worker for dependencies-accessors (C:\Users\ss\Desktop\teachers-vision\android\.gradle\7.3.3\dependencies-accessors)" [_thread_blocked, id=22672, stack(0x000000ec23000000,0x000000ec23100000)]
  0x0000025d7ca8f770 JavaThread "Cache worker for Build Output Cleanup Cache (C:\Users\ss\Desktop\teachers-vision\node_modules\react-native-gradle-plugin\.gradle\buildOutputCleanup)" [_thread_blocked, id=24272, stack(0x000000ec26400000,0x000000ec26500000)]
  0x0000025d7ca91920 JavaThread "Unconstrained build operations" [_thread_blocked, id=25564, stack(0x000000ec26500000,0x000000ec26600000)]
  0x0000025d7ca8fc40 JavaThread "Unconstrained build operations Thread 2" [_thread_blocked, id=23676, stack(0x000000ec26600000,0x000000ec26700000)]
  0x0000025d7ca905e0 JavaThread "Unconstrained build operations Thread 3" [_thread_blocked, id=10072, stack(0x000000ec26700000,0x000000ec26800000)]
  0x0000025d7ca90ab0 JavaThread "Unconstrained build operations Thread 4" [_thread_blocked, id=25920, stack(0x000000ec26800000,0x000000ec26900000)]
  0x0000025d7ca90f80 JavaThread "Unconstrained build operations Thread 5" [_thread_blocked, id=26188, stack(0x000000ec26900000,0x000000ec26a00000)]
  0x0000025d7ca91df0 JavaThread "Unconstrained build operations Thread 6" [_thread_blocked, id=23336, stack(0x000000ec26a00000,0x000000ec26b00000)]
  0x0000025d7ca91450 JavaThread "Unconstrained build operations Thread 7" [_thread_blocked, id=18380, stack(0x000000ec26b00000,0x000000ec26c00000)]
  0x0000025d7ca93130 JavaThread "Unconstrained build operations Thread 8" [_thread_blocked, id=7156, stack(0x000000ec26c00000,0x000000ec26d00000)]
  0x0000025d7ca922c0 JavaThread "Unconstrained build operations Thread 9" [_thread_blocked, id=27432, stack(0x000000ec26d00000,0x000000ec26e00000)]
  0x0000025d7ca93ad0 JavaThread "Unconstrained build operations Thread 10" [_thread_blocked, id=5776, stack(0x000000ec26e00000,0x000000ec26f00000)]
  0x0000025d7c8445b0 JavaThread "Unconstrained build operations Thread 11" [_thread_blocked, id=24100, stack(0x000000ec26f00000,0x000000ec27000000)]
  0x0000025d7c840250 JavaThread "Unconstrained build operations Thread 12" [_thread_blocked, id=5680, stack(0x000000ec27000000,0x000000ec27100000)]
  0x0000025d7c843270 JavaThread "Unconstrained build operations Thread 13" [_thread_blocked, id=16536, stack(0x000000ec27100000,0x000000ec27200000)]
  0x0000025d7c83fd80 JavaThread "Unconstrained build operations Thread 14" [_thread_blocked, id=6228, stack(0x000000ec27200000,0x000000ec27300000)]
  0x0000025d7c844f50 JavaThread "Unconstrained build operations Thread 15" [_thread_blocked, id=9180, stack(0x000000ec27300000,0x000000ec27400000)]
  0x0000025d7c841590 JavaThread "Unconstrained build operations Thread 16" [_thread_blocked, id=23128, stack(0x000000ec27400000,0x000000ec27500000)]
  0x0000025d7c83e570 JavaThread "Unconstrained build operations Thread 17" [_thread_blocked, id=12156, stack(0x000000ec27500000,0x000000ec27600000)]
  0x0000025d7c840bf0 JavaThread "Unconstrained build operations Thread 18" [_thread_blocked, id=24080, stack(0x000000ec27600000,0x000000ec27700000)]
  0x0000025d7c8440e0 JavaThread "Unconstrained build operations Thread 19" [_thread_blocked, id=19848, stack(0x000000ec27700000,0x000000ec27800000)]
  0x0000025d7c83ef10 JavaThread "Unconstrained build operations Thread 20" [_thread_blocked, id=4748, stack(0x000000ec27800000,0x000000ec27900000)]
  0x0000025d7c83f3e0 JavaThread "Unconstrained build operations Thread 21" [_thread_blocked, id=25880, stack(0x000000ec27900000,0x000000ec27a00000)]
  0x0000025d7c83d700 JavaThread "Unconstrained build operations Thread 22" [_thread_blocked, id=24940, stack(0x000000ec27a00000,0x000000ec27b00000)]
  0x0000025d7c840720 JavaThread "Unconstrained build operations Thread 23" [_thread_blocked, id=26108, stack(0x000000ec27b00000,0x000000ec27c00000)]
  0x0000025d7c83dbd0 JavaThread "Unconstrained build operations Thread 24" [_thread_blocked, id=27856, stack(0x000000ec27c00000,0x000000ec27d00000)]
  0x0000025d7c844a80 JavaThread "Unconstrained build operations Thread 25" [_thread_blocked, id=23612, stack(0x000000ec27d00000,0x000000ec27e00000)]
  0x0000025d7c83e0a0 JavaThread "Unconstrained build operations Thread 26" [_thread_blocked, id=28464, stack(0x000000ec27e00000,0x000000ec27f00000)]
  0x0000025d7c83ea40 JavaThread "Unconstrained build operations Thread 27" [_thread_blocked, id=8500, stack(0x000000ec27f00000,0x000000ec28000000)]
  0x0000025d7c8410c0 JavaThread "Unconstrained build operations Thread 28" [_thread_blocked, id=9784, stack(0x000000ec28000000,0x000000ec28100000)]
  0x0000025d7c83f8b0 JavaThread "Unconstrained build operations Thread 29" [_thread_blocked, id=20336, stack(0x000000ec28100000,0x000000ec28200000)]
  0x0000025d7c8428d0 JavaThread "Unconstrained build operations Thread 30" [_thread_blocked, id=25044, stack(0x000000ec28200000,0x000000ec28300000)]
  0x0000025d7c841a60 JavaThread "Unconstrained build operations Thread 31" [_thread_blocked, id=18732, stack(0x000000ec28300000,0x000000ec28400000)]
  0x0000025d7c841f30 JavaThread "Unconstrained build operations Thread 32" [_thread_blocked, id=3140, stack(0x000000ec28400000,0x000000ec28500000)]
  0x0000025d7c843c10 JavaThread "Unconstrained build operations Thread 33" [_thread_blocked, id=6184, stack(0x000000ec28500000,0x000000ec28600000)]
  0x0000025d7c842400 JavaThread "build event listener" [_thread_blocked, id=16088, stack(0x000000ec28600000,0x000000ec28700000)]
  0x0000025d7c842da0 JavaThread "Memory manager" [_thread_blocked, id=28104, stack(0x000000ec28700000,0x000000ec28800000)]
  0x0000025d7e4b0e10 JavaThread "Cache worker for Build Output Cleanup Cache (C:\Users\ss\Desktop\teachers-vision\android\.gradle\buildOutputCleanup)" [_thread_blocked, id=2808, stack(0x000000ec28800000,0x000000ec28900000)]
  0x0000025d7e4affa0 JavaThread "Cache worker for execution history cache (C:\Users\ss\Desktop\teachers-vision\node_modules\react-native-gradle-plugin\.gradle\7.3.3\executionHistory)" [_thread_blocked, id=7348, stack(0x000000ec28c00000,0x000000ec28d00000)]
  0x0000025d7e4b0940 JavaThread "Unconstrained build operations Thread 34" [_thread_blocked, id=27000, stack(0x000000ec28d00000,0x000000ec28e00000)]
  0x0000025d7e4ad920 JavaThread "Unconstrained build operations Thread 35" [_thread_blocked, id=22916, stack(0x000000ec28e00000,0x000000ec28f00000)]
  0x0000025d7e4ae790 JavaThread "Unconstrained build operations Thread 36" [_thread_blocked, id=17400, stack(0x000000ec28f00000,0x000000ec29000000)]
  0x0000025d7e4aec60 JavaThread "Unconstrained build operations Thread 37" [_thread_blocked, id=2632, stack(0x000000ec29000000,0x000000ec29100000)]
  0x0000025d7c33dff0 JavaThread "Unconstrained build operations Thread 38" [_thread_blocked, id=19956, stack(0x000000ec29100000,0x000000ec29200000)]
  0x0000025d7c3414e0 JavaThread "Unconstrained build operations Thread 39" [_thread_blocked, id=25432, stack(0x000000ec29200000,0x000000ec29300000)]
  0x0000025d7c33fcd0 JavaThread "Unconstrained build operations Thread 40" [_thread_blocked, id=10784, stack(0x000000ec29300000,0x000000ec29400000)]
  0x0000025d7c341010 JavaThread "build event listener" [_thread_blocked, id=23212, stack(0x000000ec26200000,0x000000ec26300000)]
  0x0000025d7c342350 JavaThread "File lock release action executor Thread 4" [_thread_blocked, id=20012, stack(0x000000ec28900000,0x000000ec28a00000)]
  0x0000025d7e4b12e0 JavaThread "build event listener" [_thread_blocked, id=12264, stack(0x000000ec25600000,0x000000ec25700000)]
  0x0000025d7c22a770 JavaThread "C2 CompilerThread1" daemon [_thread_blocked, id=6560, stack(0x000000ec26300000,0x000000ec26400000)]

Other Threads:
  0x0000025d79a72d10 VMThread "VM Thread" [stack: 0x000000ec23800000,0x000000ec23900000] [id=25916]
  0x0000025d7a49f690 WatcherThread [stack: 0x000000ec24400000,0x000000ec24500000] [id=27008]
  0x0000025d6b170df0 GCTaskThread "GC Thread#0" [stack: 0x000000ec23300000,0x000000ec23400000] [id=26356]
  0x0000025d7a737520 GCTaskThread "GC Thread#1" [stack: 0x000000ec24500000,0x000000ec24600000] [id=5704]
  0x0000025d7a7938e0 GCTaskThread "GC Thread#2" [stack: 0x000000ec24600000,0x000000ec24700000] [id=5324]
  0x0000025d7a6039d0 GCTaskThread "GC Thread#3" [stack: 0x000000ec24700000,0x000000ec24800000] [id=21228]
  0x0000025d6b181ae0 ConcurrentGCThread "G1 Main Marker" [stack: 0x000000ec23400000,0x000000ec23500000] [id=12260]
  0x0000025d6b1822a0 ConcurrentGCThread "G1 Conc#0" [stack: 0x000000ec23500000,0x000000ec23600000] [id=20720]
  0x0000025d6b1ed6b0 ConcurrentGCThread "G1 Refine#0" [stack: 0x000000ec23600000,0x000000ec23700000] [id=15076]
  0x0000025d79930140 ConcurrentGCThread "G1 Service" [stack: 0x000000ec23700000,0x000000ec23800000] [id=1980]

Threads with active compile tasks:
C2 CompilerThread0   651939 14410       4       org.gradle.api.internal.artifacts.configurations.DefaultConfiguration_Decorated::getMetaClass (29 bytes)

VM state: not at safepoint (normal execution)

VM Mutex/Monitor currently owned by a thread: None

Heap address: 0x0000000080000000, size: 2048 MB, Compressed Oops mode: 32-bit

CDS archive(s) mapped at: [0x0000000800000000-0x0000000800bd0000-0x0000000800bd0000), size 12386304, SharedBaseAddress: 0x0000000800000000, ArchiveRelocationMode: 0.
Compressed class space mapped at: 0x0000000800c00000-0x000000081a800000, reserved size: 432013312
Narrow klass base: 0x0000000800000000, Narrow klass shift: 0, Narrow klass range: 0x100000000

GC Precious Log:
 CPUs: 4 total, 4 available
 Memory: 16263M
 Large Page Support: Disabled
 NUMA Support: Disabled
 Compressed Oops: Enabled (32-bit)
 Heap Region Size: 1M
 Heap Min Capacity: 8M
 Heap Initial Capacity: 256M
 Heap Max Capacity: 2G
 Pre-touch: Disabled
 Parallel Workers: 4
 Concurrent Workers: 1
 Concurrent Refinement Workers: 4
 Periodic GC: Disabled

Heap:
 garbage-first heap   total 280576K, used 188314K [0x0000000080000000, 0x0000000100000000)
  region size 1024K, 26 young (26624K), 2 survivors (2048K)
 Metaspace       used 96462K, committed 97984K, reserved 512000K
  class space    used 13294K, committed 14016K, reserved 421888K

Heap Regions: E=young(eden), S=young(survivor), O=old, HS=humongous(starts), HC=humongous(continues), CS=collection set, F=free, OA=open archive, CA=closed archive, TAMS=top-at-mark-start (previous, next)
|   0|0x0000000080000000, 0x0000000080100000, 0x0000000080100000|100%|HS|  |TAMS 0x0000000080100000, 0x0000000080000000| Complete 
|   1|0x0000000080100000, 0x0000000080200000, 0x0000000080200000|100%|HC|  |TAMS 0x0000000080200000, 0x0000000080100000| Complete 
|   2|0x0000000080200000, 0x0000000080300000, 0x0000000080300000|100%|HC|  |TAMS 0x0000000080300000, 0x0000000080200000| Complete 
|   3|0x0000000080300000, 0x0000000080400000, 0x0000000080400000|100%| O|  |TAMS 0x0000000080400000, 0x0000000080300000| Untracked 
|   4|0x0000000080400000, 0x0000000080500000, 0x0000000080500000|100%| O|  |TAMS 0x0000000080500000, 0x0000000080400000| Untracked 
|   5|0x0000000080500000, 0x0000000080600000, 0x0000000080600000|100%| O|  |TAMS 0x0000000080600000, 0x0000000080500000| Untracked 
|   6|0x0000000080600000, 0x0000000080700000, 0x0000000080700000|100%| O|  |TAMS 0x0000000080700000, 0x0000000080600000| Untracked 
|   7|0x0000000080700000, 0x0000000080800000, 0x0000000080800000|100%| O|  |TAMS 0x0000000080800000, 0x0000000080700000| Untracked 
|   8|0x0000000080800000, 0x0000000080900000, 0x0000000080900000|100%| O|  |TAMS 0x0000000080900000, 0x0000000080800000| Untracked 
|   9|0x0000000080900000, 0x0000000080a00000, 0x0000000080a00000|100%| O|  |TAMS 0x0000000080a00000, 0x0000000080900000| Untracked 
|  10|0x0000000080a00000, 0x0000000080b00000, 0x0000000080b00000|100%| O|  |TAMS 0x0000000080b00000, 0x0000000080a00000| Untracked 
|  11|0x0000000080b00000, 0x0000000080c00000, 0x0000000080c00000|100%| O|  |TAMS 0x0000000080c00000, 0x0000000080b00000| Untracked 
|  12|0x0000000080c00000, 0x0000000080d00000, 0x0000000080d00000|100%| O|  |TAMS 0x0000000080d00000, 0x0000000080c00000| Untracked 
|  13|0x0000000080d00000, 0x0000000080e00000, 0x0000000080e00000|100%| O|  |TAMS 0x0000000080e00000, 0x0000000080d00000| Untracked 
|  14|0x0000000080e00000, 0x0000000080f00000, 0x0000000080f00000|100%| O|  |TAMS 0x0000000080f00000, 0x0000000080e00000| Untracked 
|  15|0x0000000080f00000, 0x0000000081000000, 0x0000000081000000|100%| O|  |TAMS 0x0000000081000000, 0x0000000080f00000| Untracked 
|  16|0x0000000081000000, 0x0000000081100000, 0x0000000081100000|100%| O|  |TAMS 0x0000000081100000, 0x0000000081000000| Untracked 
|  17|0x0000000081100000, 0x0000000081200000, 0x0000000081200000|100%| O|  |TAMS 0x0000000081200000, 0x0000000081100000| Untracked 
|  18|0x0000000081200000, 0x0000000081300000, 0x0000000081300000|100%| O|  |TAMS 0x0000000081300000, 0x0000000081200000| Untracked 
|  19|0x0000000081300000, 0x0000000081400000, 0x0000000081400000|100%| O|  |TAMS 0x0000000081400000, 0x0000000081300000| Untracked 
|  20|0x0000000081400000, 0x0000000081500000, 0x0000000081500000|100%| O|  |TAMS 0x0000000081500000, 0x0000000081400000| Untracked 
|  21|0x0000000081500000, 0x0000000081600000, 0x0000000081600000|100%| O|  |TAMS 0x0000000081600000, 0x0000000081500000| Untracked 
|  22|0x0000000081600000, 0x0000000081700000, 0x0000000081700000|100%| O|  |TAMS 0x0000000081700000, 0x0000000081600000| Untracked 
|  23|0x0000000081700000, 0x0000000081800000, 0x0000000081800000|100%| O|  |TAMS 0x0000000081800000, 0x0000000081700000| Untracked 
|  24|0x0000000081800000, 0x0000000081900000, 0x0000000081900000|100%| O|  |TAMS 0x0000000081900000, 0x0000000081800000| Untracked 
|  25|0x0000000081900000, 0x0000000081a00000, 0x0000000081a00000|100%| O|  |TAMS 0x0000000081a00000, 0x0000000081900000| Untracked 
|  26|0x0000000081a00000, 0x0000000081b00000, 0x0000000081b00000|100%| O|  |TAMS 0x0000000081b00000, 0x0000000081a00000| Untracked 
|  27|0x0000000081b00000, 0x0000000081c00000, 0x0000000081c00000|100%| O|  |TAMS 0x0000000081c00000, 0x0000000081b00000| Untracked 
|  28|0x0000000081c00000, 0x0000000081d00000, 0x0000000081d00000|100%| O|  |TAMS 0x0000000081d00000, 0x0000000081c00000| Untracked 
|  29|0x0000000081d00000, 0x0000000081e00000, 0x0000000081e00000|100%| O|  |TAMS 0x0000000081e00000, 0x0000000081d00000| Untracked 
|  30|0x0000000081e00000, 0x0000000081f00000, 0x0000000081f00000|100%| O|  |TAMS 0x0000000081f00000, 0x0000000081e00000| Untracked 
|  31|0x0000000081f00000, 0x0000000082000000, 0x0000000082000000|100%| O|  |TAMS 0x0000000082000000, 0x0000000081f00000| Untracked 
|  32|0x0000000082000000, 0x0000000082100000, 0x0000000082100000|100%| O|  |TAMS 0x0000000082100000, 0x0000000082000000| Untracked 
|  33|0x0000000082100000, 0x0000000082200000, 0x0000000082200000|100%| O|  |TAMS 0x0000000082200000, 0x0000000082100000| Untracked 
|  34|0x0000000082200000, 0x0000000082300000, 0x0000000082300000|100%| O|  |TAMS 0x0000000082300000, 0x0000000082200000| Untracked 
|  35|0x0000000082300000, 0x0000000082400000, 0x0000000082400000|100%|HS|  |TAMS 0x0000000082400000, 0x0000000082300000| Complete 
|  36|0x0000000082400000, 0x0000000082500000, 0x0000000082500000|100%|HS|  |TAMS 0x0000000082500000, 0x0000000082400000| Complete 
|  37|0x0000000082500000, 0x0000000082600000, 0x0000000082600000|100%|HS|  |TAMS 0x0000000082600000, 0x0000000082500000| Complete 
|  38|0x0000000082600000, 0x0000000082700000, 0x0000000082700000|100%|HC|  |TAMS 0x0000000082700000, 0x0000000082600000| Complete 
|  39|0x0000000082700000, 0x0000000082800000, 0x0000000082800000|100%|HC|  |TAMS 0x0000000082800000, 0x0000000082700000| Complete 
|  40|0x0000000082800000, 0x0000000082900000, 0x0000000082900000|100%| O|  |TAMS 0x0000000082900000, 0x0000000082800000| Untracked 
|  41|0x0000000082900000, 0x0000000082a00000, 0x0000000082a00000|100%| O|  |TAMS 0x0000000082a00000, 0x0000000082900000| Untracked 
|  42|0x0000000082a00000, 0x0000000082b00000, 0x0000000082b00000|100%| O|  |TAMS 0x0000000082b00000, 0x0000000082a00000| Untracked 
|  43|0x0000000082b00000, 0x0000000082c00000, 0x0000000082c00000|100%| O|  |TAMS 0x0000000082c00000, 0x0000000082b00000| Untracked 
|  44|0x0000000082c00000, 0x0000000082d00000, 0x0000000082d00000|100%| O|  |TAMS 0x0000000082d00000, 0x0000000082c00000| Untracked 
|  45|0x0000000082d00000, 0x0000000082e00000, 0x0000000082e00000|100%| O|  |TAMS 0x0000000082e00000, 0x0000000082d00000| Untracked 
|  46|0x0000000082e00000, 0x0000000082f00000, 0x0000000082f00000|100%| O|  |TAMS 0x0000000082f00000, 0x0000000082e00000| Untracked 
|  47|0x0000000082f00000, 0x0000000083000000, 0x0000000083000000|100%| O|  |TAMS 0x0000000083000000, 0x0000000082f00000| Untracked 
|  48|0x0000000083000000, 0x0000000083100000, 0x0000000083100000|100%| O|  |TAMS 0x0000000083100000, 0x0000000083000000| Untracked 
|  49|0x0000000083100000, 0x0000000083200000, 0x0000000083200000|100%| O|  |TAMS 0x0000000083200000, 0x0000000083100000| Untracked 
|  50|0x0000000083200000, 0x0000000083300000, 0x0000000083300000|100%| O|  |TAMS 0x0000000083300000, 0x0000000083200000| Untracked 
|  51|0x0000000083300000, 0x0000000083400000, 0x0000000083400000|100%| O|  |TAMS 0x0000000083400000, 0x0000000083300000| Untracked 
|  52|0x0000000083400000, 0x0000000083500000, 0x0000000083500000|100%| O|  |TAMS 0x0000000083500000, 0x0000000083400000| Untracked 
|  53|0x0000000083500000, 0x0000000083600000, 0x0000000083600000|100%| O|  |TAMS 0x0000000083600000, 0x0000000083500000| Untracked 
|  54|0x0000000083600000, 0x0000000083700000, 0x0000000083700000|100%| O|  |TAMS 0x0000000083700000, 0x0000000083600000| Untracked 
|  55|0x0000000083700000, 0x0000000083800000, 0x0000000083800000|100%| O|  |TAMS 0x0000000083800000, 0x0000000083700000| Untracked 
|  56|0x0000000083800000, 0x0000000083800000, 0x0000000083900000|  0%| F|  |TAMS 0x0000000083800000, 0x0000000083800000| Untracked 
|  57|0x0000000083900000, 0x0000000083a00000, 0x0000000083a00000|100%| O|  |TAMS 0x0000000083a00000, 0x0000000083900000| Untracked 
|  58|0x0000000083a00000, 0x0000000083b00000, 0x0000000083b00000|100%| O|  |TAMS 0x0000000083b00000, 0x0000000083a00000| Untracked 
|  59|0x0000000083b00000, 0x0000000083c00000, 0x0000000083c00000|100%| O|  |TAMS 0x0000000083c00000, 0x0000000083b00000| Untracked 
|  60|0x0000000083c00000, 0x0000000083d00000, 0x0000000083d00000|100%| O|  |TAMS 0x0000000083d00000, 0x0000000083c00000| Untracked 
|  61|0x0000000083d00000, 0x0000000083d00000, 0x0000000083e00000|  0%| F|  |TAMS 0x0000000083d00000, 0x0000000083d00000| Untracked 
|  62|0x0000000083e00000, 0x0000000083f00000, 0x0000000083f00000|100%|HS|  |TAMS 0x0000000083f00000, 0x0000000083e00000| Complete 
|  63|0x0000000083f00000, 0x0000000084000000, 0x0000000084000000|100%|HS|  |TAMS 0x0000000084000000, 0x0000000083f00000| Complete 
|  64|0x0000000084000000, 0x0000000084100000, 0x0000000084100000|100%|HS|  |TAMS 0x0000000084100000, 0x0000000084000000| Complete 
|  65|0x0000000084100000, 0x0000000084200000, 0x0000000084200000|100%|HC|  |TAMS 0x0000000084200000, 0x0000000084100000| Complete 
|  66|0x0000000084200000, 0x0000000084300000, 0x0000000084300000|100%| O|  |TAMS 0x0000000084300000, 0x0000000084200000| Untracked 
|  67|0x0000000084300000, 0x0000000084400000, 0x0000000084400000|100%| O|  |TAMS 0x0000000084400000, 0x0000000084300000| Untracked 
|  68|0x0000000084400000, 0x0000000084500000, 0x0000000084500000|100%| O|  |TAMS 0x0000000084500000, 0x0000000084400000| Untracked 
|  69|0x0000000084500000, 0x0000000084600000, 0x0000000084600000|100%| O|  |TAMS 0x0000000084600000, 0x0000000084500000| Untracked 
|  70|0x0000000084600000, 0x0000000084700000, 0x0000000084700000|100%| O|  |TAMS 0x0000000084700000, 0x0000000084600000| Untracked 
|  71|0x0000000084700000, 0x0000000084800000, 0x0000000084800000|100%| O|  |TAMS 0x0000000084800000, 0x0000000084700000| Untracked 
|  72|0x0000000084800000, 0x0000000084900000, 0x0000000084900000|100%| O|  |TAMS 0x0000000084900000, 0x0000000084800000| Untracked 
|  73|0x0000000084900000, 0x0000000084a00000, 0x0000000084a00000|100%| O|  |TAMS 0x0000000084a00000, 0x0000000084900000| Untracked 
|  74|0x0000000084a00000, 0x0000000084b00000, 0x0000000084b00000|100%| O|  |TAMS 0x0000000084b00000, 0x0000000084a00000| Untracked 
|  75|0x0000000084b00000, 0x0000000084c00000, 0x0000000084c00000|100%| O|  |TAMS 0x0000000084c00000, 0x0000000084b00000| Untracked 
|  76|0x0000000084c00000, 0x0000000084d00000, 0x0000000084d00000|100%| O|  |TAMS 0x0000000084d00000, 0x0000000084c00000| Untracked 
|  77|0x0000000084d00000, 0x0000000084e00000, 0x0000000084e00000|100%| O|  |TAMS 0x0000000084e00000, 0x0000000084d00000| Untracked 
|  78|0x0000000084e00000, 0x0000000084f00000, 0x0000000084f00000|100%| O|  |TAMS 0x0000000084f00000, 0x0000000084e00000| Untracked 
|  79|0x0000000084f00000, 0x0000000085000000, 0x0000000085000000|100%| O|  |TAMS 0x0000000085000000, 0x0000000084f00000| Untracked 
|  80|0x0000000085000000, 0x0000000085100000, 0x0000000085100000|100%| O|  |TAMS 0x0000000085100000, 0x0000000085000000| Untracked 
|  81|0x0000000085100000, 0x0000000085200000, 0x0000000085200000|100%| O|  |TAMS 0x0000000085200000, 0x0000000085100000| Untracked 
|  82|0x0000000085200000, 0x0000000085300000, 0x0000000085300000|100%| O|  |TAMS 0x0000000085300000, 0x0000000085200000| Untracked 
|  83|0x0000000085300000, 0x0000000085400000, 0x0000000085400000|100%| O|  |TAMS 0x0000000085400000, 0x0000000085300000| Untracked 
|  84|0x0000000085400000, 0x0000000085500000, 0x0000000085500000|100%| O|  |TAMS 0x0000000085500000, 0x0000000085400000| Untracked 
|  85|0x0000000085500000, 0x0000000085600000, 0x0000000085600000|100%| O|  |TAMS 0x0000000085600000, 0x0000000085500000| Untracked 
|  86|0x0000000085600000, 0x0000000085700000, 0x0000000085700000|100%| O|  |TAMS 0x0000000085700000, 0x0000000085600000| Untracked 
|  87|0x0000000085700000, 0x0000000085800000, 0x0000000085800000|100%| O|  |TAMS 0x0000000085800000, 0x0000000085700000| Untracked 
|  88|0x0000000085800000, 0x0000000085900000, 0x0000000085900000|100%| O|  |TAMS 0x0000000085900000, 0x0000000085800000| Untracked 
|  89|0x0000000085900000, 0x0000000085a00000, 0x0000000085a00000|100%| O|  |TAMS 0x0000000085a00000, 0x0000000085900000| Untracked 
|  90|0x0000000085a00000, 0x0000000085b00000, 0x0000000085b00000|100%| O|  |TAMS 0x0000000085b00000, 0x0000000085a00000| Untracked 
|  91|0x0000000085b00000, 0x0000000085c00000, 0x0000000085c00000|100%| O|  |TAMS 0x0000000085c00000, 0x0000000085b00000| Untracked 
|  92|0x0000000085c00000, 0x0000000085d00000, 0x0000000085d00000|100%| O|  |TAMS 0x0000000085d00000, 0x0000000085c00000| Untracked 
|  93|0x0000000085d00000, 0x0000000085e00000, 0x0000000085e00000|100%| O|  |TAMS 0x0000000085e00000, 0x0000000085d00000| Untracked 
|  94|0x0000000085e00000, 0x0000000085f00000, 0x0000000085f00000|100%| O|  |TAMS 0x0000000085f00000, 0x0000000085e00000| Untracked 
|  95|0x0000000085f00000, 0x0000000086000000, 0x0000000086000000|100%| O|  |TAMS 0x0000000086000000, 0x0000000085f00000| Untracked 
|  96|0x0000000086000000, 0x0000000086100000, 0x0000000086100000|100%| O|  |TAMS 0x0000000086100000, 0x0000000086000000| Untracked 
|  97|0x0000000086100000, 0x0000000086200000, 0x0000000086200000|100%| O|  |TAMS 0x0000000086200000, 0x0000000086100000| Untracked 
|  98|0x0000000086200000, 0x0000000086300000, 0x0000000086300000|100%| O|  |TAMS 0x0000000086300000, 0x0000000086200000| Untracked 
|  99|0x0000000086300000, 0x0000000086400000, 0x0000000086400000|100%| O|  |TAMS 0x0000000086400000, 0x0000000086300000| Untracked 
| 100|0x0000000086400000, 0x0000000086500000, 0x0000000086500000|100%| O|  |TAMS 0x0000000086500000, 0x0000000086400000| Untracked 
| 101|0x0000000086500000, 0x0000000086600000, 0x0000000086600000|100%| O|  |TAMS 0x0000000086600000, 0x0000000086500000| Untracked 
| 102|0x0000000086600000, 0x0000000086700000, 0x0000000086700000|100%| O|  |TAMS 0x0000000086700000, 0x0000000086600000| Untracked 
| 103|0x0000000086700000, 0x0000000086800000, 0x0000000086800000|100%| O|  |TAMS 0x0000000086800000, 0x0000000086700000| Untracked 
| 104|0x0000000086800000, 0x0000000086900000, 0x0000000086900000|100%| O|  |TAMS 0x0000000086900000, 0x0000000086800000| Untracked 
| 105|0x0000000086900000, 0x0000000086a00000, 0x0000000086a00000|100%| O|  |TAMS 0x0000000086a00000, 0x0000000086900000| Untracked 
| 106|0x0000000086a00000, 0x0000000086b00000, 0x0000000086b00000|100%| O|  |TAMS 0x0000000086b00000, 0x0000000086a00000| Untracked 
| 107|0x0000000086b00000, 0x0000000086c00000, 0x0000000086c00000|100%| O|  |TAMS 0x0000000086c00000, 0x0000000086b00000| Untracked 
| 108|0x0000000086c00000, 0x0000000086c00000, 0x0000000086d00000|  0%| F|  |TAMS 0x0000000086c00000, 0x0000000086c00000| Untracked 
| 109|0x0000000086d00000, 0x0000000086e00000, 0x0000000086e00000|100%| O|  |TAMS 0x0000000086e00000, 0x0000000086d00000| Untracked 
| 110|0x0000000086e00000, 0x0000000086f00000, 0x0000000086f00000|100%| O|  |TAMS 0x0000000086f00000, 0x0000000086e00000| Untracked 
| 111|0x0000000086f00000, 0x0000000087000000, 0x0000000087000000|100%| O|  |TAMS 0x0000000087000000, 0x0000000086f00000| Untracked 
| 112|0x0000000087000000, 0x0000000087100000, 0x0000000087100000|100%| O|  |TAMS 0x0000000087100000, 0x0000000087000000| Untracked 
| 113|0x0000000087100000, 0x0000000087200000, 0x0000000087200000|100%| O|  |TAMS 0x0000000087200000, 0x0000000087100000| Untracked 
| 114|0x0000000087200000, 0x0000000087300000, 0x0000000087300000|100%| O|  |TAMS 0x0000000087300000, 0x0000000087200000| Untracked 
| 115|0x0000000087300000, 0x0000000087400000, 0x0000000087400000|100%| O|  |TAMS 0x0000000087400000, 0x0000000087300000| Untracked 
| 116|0x0000000087400000, 0x0000000087500000, 0x0000000087500000|100%| O|  |TAMS 0x0000000087500000, 0x0000000087400000| Untracked 
| 117|0x0000000087500000, 0x0000000087600000, 0x0000000087600000|100%| O|  |TAMS 0x0000000087600000, 0x0000000087500000| Untracked 
| 118|0x0000000087600000, 0x0000000087700000, 0x0000000087700000|100%| O|  |TAMS 0x0000000087700000, 0x0000000087600000| Untracked 
| 119|0x0000000087700000, 0x0000000087800000, 0x0000000087800000|100%| O|  |TAMS 0x0000000087800000, 0x0000000087700000| Untracked 
| 120|0x0000000087800000, 0x0000000087900000, 0x0000000087900000|100%| O|  |TAMS 0x0000000087900000, 0x0000000087800000| Untracked 
| 121|0x0000000087900000, 0x0000000087a00000, 0x0000000087a00000|100%| O|  |TAMS 0x0000000087a00000, 0x0000000087900000| Untracked 
| 122|0x0000000087a00000, 0x0000000087b00000, 0x0000000087b00000|100%| O|  |TAMS 0x0000000087b00000, 0x0000000087a00000| Untracked 
| 123|0x0000000087b00000, 0x0000000087c00000, 0x0000000087c00000|100%| O|  |TAMS 0x0000000087c00000, 0x0000000087b00000| Untracked 
| 124|0x0000000087c00000, 0x0000000087d00000, 0x0000000087d00000|100%| O|  |TAMS 0x0000000087d00000, 0x0000000087c00000| Untracked 
| 125|0x0000000087d00000, 0x0000000087e00000, 0x0000000087e00000|100%| O|  |TAMS 0x0000000087e00000, 0x0000000087d00000| Untracked 
| 126|0x0000000087e00000, 0x0000000087f00000, 0x0000000087f00000|100%| O|  |TAMS 0x0000000087f00000, 0x0000000087e00000| Untracked 
| 127|0x0000000087f00000, 0x0000000088000000, 0x0000000088000000|100%| O|  |TAMS 0x0000000088000000, 0x0000000087f00000| Untracked 
| 128|0x0000000088000000, 0x0000000088100000, 0x0000000088100000|100%| O|  |TAMS 0x0000000088100000, 0x0000000088000000| Untracked 
| 129|0x0000000088100000, 0x0000000088200000, 0x0000000088200000|100%| O|  |TAMS 0x0000000088200000, 0x0000000088100000| Untracked 
| 130|0x0000000088200000, 0x0000000088300000, 0x0000000088300000|100%| O|  |TAMS 0x0000000088300000, 0x0000000088200000| Untracked 
| 131|0x0000000088300000, 0x0000000088400000, 0x0000000088400000|100%| O|  |TAMS 0x0000000088400000, 0x0000000088300000| Untracked 
| 132|0x0000000088400000, 0x0000000088500000, 0x0000000088500000|100%| O|  |TAMS 0x0000000088500000, 0x0000000088400000| Untracked 
| 133|0x0000000088500000, 0x0000000088600000, 0x0000000088600000|100%| O|  |TAMS 0x0000000088600000, 0x0000000088500000| Untracked 
| 134|0x0000000088600000, 0x0000000088700000, 0x0000000088700000|100%| O|  |TAMS 0x0000000088700000, 0x0000000088600000| Untracked 
| 135|0x0000000088700000, 0x0000000088800000, 0x0000000088800000|100%| O|  |TAMS 0x0000000088800000, 0x0000000088700000| Untracked 
| 136|0x0000000088800000, 0x0000000088900000, 0x0000000088900000|100%| O|  |TAMS 0x0000000088900000, 0x0000000088800000| Untracked 
| 137|0x0000000088900000, 0x0000000088a00000, 0x0000000088a00000|100%| O|  |TAMS 0x0000000088a00000, 0x0000000088900000| Untracked 
| 138|0x0000000088a00000, 0x0000000088b00000, 0x0000000088b00000|100%| O|  |TAMS 0x0000000088b00000, 0x0000000088a00000| Untracked 
| 139|0x0000000088b00000, 0x0000000088c00000, 0x0000000088c00000|100%| O|  |TAMS 0x0000000088c00000, 0x0000000088b00000| Untracked 
| 140|0x0000000088c00000, 0x0000000088d00000, 0x0000000088d00000|100%| O|  |TAMS 0x0000000088d00000, 0x0000000088c00000| Untracked 
| 141|0x0000000088d00000, 0x0000000088e00000, 0x0000000088e00000|100%| O|  |TAMS 0x0000000088e00000, 0x0000000088d00000| Untracked 
| 142|0x0000000088e00000, 0x0000000088f00000, 0x0000000088f00000|100%| O|  |TAMS 0x0000000088f00000, 0x0000000088e00000| Untracked 
| 143|0x0000000088f00000, 0x0000000089000000, 0x0000000089000000|100%| O|  |TAMS 0x0000000089000000, 0x0000000088f00000| Untracked 
| 144|0x0000000089000000, 0x0000000089100000, 0x0000000089100000|100%| O|  |TAMS 0x0000000089100000, 0x0000000089000000| Untracked 
| 145|0x0000000089100000, 0x0000000089200000, 0x0000000089200000|100%| O|  |TAMS 0x0000000089200000, 0x0000000089100000| Untracked 
| 146|0x0000000089200000, 0x0000000089300000, 0x0000000089300000|100%| O|  |TAMS 0x0000000089300000, 0x0000000089200000| Untracked 
| 147|0x0000000089300000, 0x0000000089400000, 0x0000000089400000|100%| O|  |TAMS 0x0000000089400000, 0x0000000089300000| Untracked 
| 148|0x0000000089400000, 0x0000000089500000, 0x0000000089500000|100%| O|  |TAMS 0x0000000089500000, 0x0000000089400000| Untracked 
| 149|0x0000000089500000, 0x0000000089600000, 0x0000000089600000|100%| O|  |TAMS 0x0000000089600000, 0x0000000089500000| Untracked 
| 150|0x0000000089600000, 0x0000000089700000, 0x0000000089700000|100%| O|  |TAMS 0x0000000089700000, 0x0000000089600000| Untracked 
| 151|0x0000000089700000, 0x0000000089800000, 0x0000000089800000|100%| O|  |TAMS 0x0000000089800000, 0x0000000089700000| Untracked 
| 152|0x0000000089800000, 0x0000000089900000, 0x0000000089900000|100%| O|  |TAMS 0x00000000898a6a00, 0x0000000089800000| Untracked 
| 153|0x0000000089900000, 0x0000000089a00000, 0x0000000089a00000|100%| O|  |TAMS 0x0000000089900000, 0x0000000089900000| Untracked 
| 154|0x0000000089a00000, 0x0000000089b00000, 0x0000000089b00000|100%| O|  |TAMS 0x0000000089a00000, 0x0000000089a00000| Untracked 
| 155|0x0000000089b00000, 0x0000000089c00000, 0x0000000089c00000|100%| O|  |TAMS 0x0000000089b00000, 0x0000000089b00000| Untracked 
| 156|0x0000000089c00000, 0x0000000089d00000, 0x0000000089d00000|100%| O|  |TAMS 0x0000000089c00000, 0x0000000089c00000| Untracked 
| 157|0x0000000089d00000, 0x0000000089e00000, 0x0000000089e00000|100%| O|  |TAMS 0x0000000089d00000, 0x0000000089d00000| Untracked 
| 158|0x0000000089e00000, 0x0000000089f00000, 0x0000000089f00000|100%| O|  |TAMS 0x0000000089e00000, 0x0000000089e00000| Untracked 
| 159|0x0000000089f00000, 0x000000008a000000, 0x000000008a000000|100%| O|  |TAMS 0x0000000089f00000, 0x0000000089f00000| Untracked 
| 160|0x000000008a000000, 0x000000008a100000, 0x000000008a100000|100%| O|  |TAMS 0x000000008a000000, 0x000000008a000000| Untracked 
| 161|0x000000008a100000, 0x000000008a200000, 0x000000008a200000|100%| O|  |TAMS 0x000000008a100000, 0x000000008a100000| Untracked 
| 162|0x000000008a200000, 0x000000008a2b0400, 0x000000008a300000| 68%| O|  |TAMS 0x000000008a200000, 0x000000008a200000| Untracked 
| 163|0x000000008a300000, 0x000000008a300000, 0x000000008a400000|  0%| F|  |TAMS 0x000000008a300000, 0x000000008a300000| Untracked 
| 164|0x000000008a400000, 0x000000008a400000, 0x000000008a500000|  0%| F|  |TAMS 0x000000008a400000, 0x000000008a400000| Untracked 
| 165|0x000000008a500000, 0x000000008a500000, 0x000000008a600000|  0%| F|  |TAMS 0x000000008a500000, 0x000000008a500000| Untracked 
| 166|0x000000008a600000, 0x000000008a600000, 0x000000008a700000|  0%| F|  |TAMS 0x000000008a600000, 0x000000008a600000| Untracked 
| 167|0x000000008a700000, 0x000000008a700000, 0x000000008a800000|  0%| F|  |TAMS 0x000000008a700000, 0x000000008a700000| Untracked 
| 168|0x000000008a800000, 0x000000008a800000, 0x000000008a900000|  0%| F|  |TAMS 0x000000008a800000, 0x000000008a800000| Untracked 
| 169|0x000000008a900000, 0x000000008a900000, 0x000000008aa00000|  0%| F|  |TAMS 0x000000008a900000, 0x000000008a900000| Untracked 
| 170|0x000000008aa00000, 0x000000008aa00000, 0x000000008ab00000|  0%| F|  |TAMS 0x000000008aa00000, 0x000000008aa00000| Untracked 
| 171|0x000000008ab00000, 0x000000008ab00000, 0x000000008ac00000|  0%| F|  |TAMS 0x000000008ab00000, 0x000000008ab00000| Untracked 
| 172|0x000000008ac00000, 0x000000008ac00000, 0x000000008ad00000|  0%| F|  |TAMS 0x000000008ac00000, 0x000000008ac00000| Untracked 
| 173|0x000000008ad00000, 0x000000008ad00000, 0x000000008ae00000|  0%| F|  |TAMS 0x000000008ad00000, 0x000000008ad00000| Untracked 
| 174|0x000000008ae00000, 0x000000008ae00000, 0x000000008af00000|  0%| F|  |TAMS 0x000000008ae00000, 0x000000008ae00000| Untracked 
| 175|0x000000008af00000, 0x000000008af00000, 0x000000008b000000|  0%| F|  |TAMS 0x000000008af00000, 0x000000008af00000| Untracked 
| 176|0x000000008b000000, 0x000000008b000000, 0x000000008b100000|  0%| F|  |TAMS 0x000000008b000000, 0x000000008b000000| Untracked 
| 177|0x000000008b100000, 0x000000008b100000, 0x000000008b200000|  0%| F|  |TAMS 0x000000008b100000, 0x000000008b100000| Untracked 
| 178|0x000000008b200000, 0x000000008b200000, 0x000000008b300000|  0%| F|  |TAMS 0x000000008b200000, 0x000000008b200000| Untracked 
| 179|0x000000008b300000, 0x000000008b300000, 0x000000008b400000|  0%| F|  |TAMS 0x000000008b300000, 0x000000008b300000| Untracked 
| 180|0x000000008b400000, 0x000000008b400000, 0x000000008b500000|  0%| F|  |TAMS 0x000000008b400000, 0x000000008b400000| Untracked 
| 181|0x000000008b500000, 0x000000008b500000, 0x000000008b600000|  0%| F|  |TAMS 0x000000008b500000, 0x000000008b500000| Untracked 
| 182|0x000000008b600000, 0x000000008b600000, 0x000000008b700000|  0%| F|  |TAMS 0x000000008b600000, 0x000000008b600000| Untracked 
| 183|0x000000008b700000, 0x000000008b700000, 0x000000008b800000|  0%| F|  |TAMS 0x000000008b700000, 0x000000008b700000| Untracked 
| 184|0x000000008b800000, 0x000000008b800000, 0x000000008b900000|  0%| F|  |TAMS 0x000000008b800000, 0x000000008b800000| Untracked 
| 185|0x000000008b900000, 0x000000008b900000, 0x000000008ba00000|  0%| F|  |TAMS 0x000000008b900000, 0x000000008b900000| Untracked 
| 186|0x000000008ba00000, 0x000000008ba00000, 0x000000008bb00000|  0%| F|  |TAMS 0x000000008ba00000, 0x000000008ba00000| Untracked 
| 187|0x000000008bb00000, 0x000000008bb00000, 0x000000008bc00000|  0%| F|  |TAMS 0x000000008bb00000, 0x000000008bb00000| Untracked 
| 188|0x000000008bc00000, 0x000000008bc00000, 0x000000008bd00000|  0%| F|  |TAMS 0x000000008bc00000, 0x000000008bc00000| Untracked 
| 189|0x000000008bd00000, 0x000000008bd00000, 0x000000008be00000|  0%| F|  |TAMS 0x000000008bd00000, 0x000000008bd00000| Untracked 
| 190|0x000000008be00000, 0x000000008be00000, 0x000000008bf00000|  0%| F|  |TAMS 0x000000008be00000, 0x000000008be00000| Untracked 
| 191|0x000000008bf00000, 0x000000008bf00000, 0x000000008c000000|  0%| F|  |TAMS 0x000000008bf00000, 0x000000008bf00000| Untracked 
| 192|0x000000008c000000, 0x000000008c000000, 0x000000008c100000|  0%| F|  |TAMS 0x000000008c000000, 0x000000008c000000| Untracked 
| 193|0x000000008c100000, 0x000000008c100000, 0x000000008c200000|  0%| F|  |TAMS 0x000000008c100000, 0x000000008c100000| Untracked 
| 194|0x000000008c200000, 0x000000008c200000, 0x000000008c300000|  0%| F|  |TAMS 0x000000008c200000, 0x000000008c200000| Untracked 
| 195|0x000000008c300000, 0x000000008c300000, 0x000000008c400000|  0%| F|  |TAMS 0x000000008c300000, 0x000000008c300000| Untracked 
| 196|0x000000008c400000, 0x000000008c400000, 0x000000008c500000|  0%| F|  |TAMS 0x000000008c400000, 0x000000008c400000| Untracked 
| 197|0x000000008c500000, 0x000000008c500000, 0x000000008c600000|  0%| F|  |TAMS 0x000000008c500000, 0x000000008c500000| Untracked 
| 198|0x000000008c600000, 0x000000008c600000, 0x000000008c700000|  0%| F|  |TAMS 0x000000008c600000, 0x000000008c600000| Untracked 
| 199|0x000000008c700000, 0x000000008c700000, 0x000000008c800000|  0%| F|  |TAMS 0x000000008c700000, 0x000000008c700000| Untracked 
| 200|0x000000008c800000, 0x000000008c800000, 0x000000008c900000|  0%| F|  |TAMS 0x000000008c800000, 0x000000008c800000| Untracked 
| 201|0x000000008c900000, 0x000000008c900000, 0x000000008ca00000|  0%| F|  |TAMS 0x000000008c900000, 0x000000008c900000| Untracked 
| 202|0x000000008ca00000, 0x000000008ca00000, 0x000000008cb00000|  0%| F|  |TAMS 0x000000008ca00000, 0x000000008ca00000| Untracked 
| 203|0x000000008cb00000, 0x000000008cb00000, 0x000000008cc00000|  0%| F|  |TAMS 0x000000008cb00000, 0x000000008cb00000| Untracked 
| 204|0x000000008cc00000, 0x000000008cc00000, 0x000000008cd00000|  0%| F|  |TAMS 0x000000008cc00000, 0x000000008cc00000| Untracked 
| 205|0x000000008cd00000, 0x000000008cd00000, 0x000000008ce00000|  0%| F|  |TAMS 0x000000008cd00000, 0x000000008cd00000| Untracked 
| 206|0x000000008ce00000, 0x000000008ce00000, 0x000000008cf00000|  0%| F|  |TAMS 0x000000008ce00000, 0x000000008ce00000| Untracked 
| 207|0x000000008cf00000, 0x000000008cf00000, 0x000000008d000000|  0%| F|  |TAMS 0x000000008cf00000, 0x000000008cf00000| Untracked 
| 208|0x000000008d000000, 0x000000008d000000, 0x000000008d100000|  0%| F|  |TAMS 0x000000008d000000, 0x000000008d000000| Untracked 
| 209|0x000000008d100000, 0x000000008d100000, 0x000000008d200000|  0%| F|  |TAMS 0x000000008d100000, 0x000000008d100000| Untracked 
| 210|0x000000008d200000, 0x000000008d200000, 0x000000008d300000|  0%| F|  |TAMS 0x000000008d200000, 0x000000008d200000| Untracked 
| 211|0x000000008d300000, 0x000000008d300000, 0x000000008d400000|  0%| F|  |TAMS 0x000000008d300000, 0x000000008d300000| Untracked 
| 212|0x000000008d400000, 0x000000008d400000, 0x000000008d500000|  0%| F|  |TAMS 0x000000008d400000, 0x000000008d400000| Untracked 
| 213|0x000000008d500000, 0x000000008d500000, 0x000000008d600000|  0%| F|  |TAMS 0x000000008d500000, 0x000000008d500000| Untracked 
| 214|0x000000008d600000, 0x000000008d600000, 0x000000008d700000|  0%| F|  |TAMS 0x000000008d600000, 0x000000008d600000| Untracked 
| 215|0x000000008d700000, 0x000000008d700000, 0x000000008d800000|  0%| F|  |TAMS 0x000000008d700000, 0x000000008d700000| Untracked 
| 216|0x000000008d800000, 0x000000008d800000, 0x000000008d900000|  0%| F|  |TAMS 0x000000008d800000, 0x000000008d800000| Untracked 
| 217|0x000000008d900000, 0x000000008d900000, 0x000000008da00000|  0%| F|  |TAMS 0x000000008d900000, 0x000000008d900000| Untracked 
| 218|0x000000008da00000, 0x000000008da00000, 0x000000008db00000|  0%| F|  |TAMS 0x000000008da00000, 0x000000008da00000| Untracked 
| 219|0x000000008db00000, 0x000000008db00000, 0x000000008dc00000|  0%| F|  |TAMS 0x000000008db00000, 0x000000008db00000| Untracked 
| 220|0x000000008dc00000, 0x000000008dc00000, 0x000000008dd00000|  0%| F|  |TAMS 0x000000008dc00000, 0x000000008dc00000| Untracked 
| 221|0x000000008dd00000, 0x000000008dd00000, 0x000000008de00000|  0%| F|  |TAMS 0x000000008dd00000, 0x000000008dd00000| Untracked 
| 222|0x000000008de00000, 0x000000008de00000, 0x000000008df00000|  0%| F|  |TAMS 0x000000008de00000, 0x000000008de00000| Untracked 
| 223|0x000000008df00000, 0x000000008df00000, 0x000000008e000000|  0%| F|  |TAMS 0x000000008df00000, 0x000000008df00000| Untracked 
| 224|0x000000008e000000, 0x000000008e000000, 0x000000008e100000|  0%| F|  |TAMS 0x000000008e000000, 0x000000008e000000| Untracked 
| 225|0x000000008e100000, 0x000000008e100000, 0x000000008e200000|  0%| F|  |TAMS 0x000000008e100000, 0x000000008e100000| Untracked 
| 226|0x000000008e200000, 0x000000008e200000, 0x000000008e300000|  0%| F|  |TAMS 0x000000008e200000, 0x000000008e200000| Untracked 
| 227|0x000000008e300000, 0x000000008e300000, 0x000000008e400000|  0%| F|  |TAMS 0x000000008e300000, 0x000000008e300000| Untracked 
| 228|0x000000008e400000, 0x000000008e400000, 0x000000008e500000|  0%| F|  |TAMS 0x000000008e400000, 0x000000008e400000| Untracked 
| 229|0x000000008e500000, 0x000000008e500000, 0x000000008e600000|  0%| F|  |TAMS 0x000000008e500000, 0x000000008e500000| Untracked 
| 230|0x000000008e600000, 0x000000008e600000, 0x000000008e700000|  0%| F|  |TAMS 0x000000008e600000, 0x000000008e600000| Untracked 
| 231|0x000000008e700000, 0x000000008e700000, 0x000000008e800000|  0%| F|  |TAMS 0x000000008e700000, 0x000000008e700000| Untracked 
| 232|0x000000008e800000, 0x000000008e800000, 0x000000008e900000|  0%| F|  |TAMS 0x000000008e800000, 0x000000008e800000| Untracked 
| 233|0x000000008e900000, 0x000000008e900000, 0x000000008ea00000|  0%| F|  |TAMS 0x000000008e900000, 0x000000008e900000| Untracked 
| 234|0x000000008ea00000, 0x000000008ea00000, 0x000000008eb00000|  0%| F|  |TAMS 0x000000008ea00000, 0x000000008ea00000| Untracked 
| 235|0x000000008eb00000, 0x000000008eb00000, 0x000000008ec00000|  0%| F|  |TAMS 0x000000008eb00000, 0x000000008eb00000| Untracked 
| 236|0x000000008ec00000, 0x000000008ec00000, 0x000000008ed00000|  0%| F|  |TAMS 0x000000008ec00000, 0x000000008ec00000| Untracked 
| 237|0x000000008ed00000, 0x000000008ed00000, 0x000000008ee00000|  0%| F|  |TAMS 0x000000008ed00000, 0x000000008ed00000| Untracked 
| 238|0x000000008ee00000, 0x000000008ee00000, 0x000000008ef00000|  0%| F|  |TAMS 0x000000008ee00000, 0x000000008ee00000| Untracked 
| 239|0x000000008ef00000, 0x000000008ef00000, 0x000000008f000000|  0%| F|  |TAMS 0x000000008ef00000, 0x000000008ef00000| Untracked 
| 240|0x000000008f000000, 0x000000008f000000, 0x000000008f100000|  0%| F|  |TAMS 0x000000008f000000, 0x000000008f000000| Untracked 
| 241|0x000000008f100000, 0x000000008f100000, 0x000000008f200000|  0%| F|  |TAMS 0x000000008f100000, 0x000000008f100000| Untracked 
| 242|0x000000008f200000, 0x000000008f200000, 0x000000008f300000|  0%| F|  |TAMS 0x000000008f200000, 0x000000008f200000| Untracked 
| 243|0x000000008f300000, 0x000000008f300000, 0x000000008f400000|  0%| F|  |TAMS 0x000000008f300000, 0x000000008f300000| Untracked 
| 244|0x000000008f400000, 0x000000008f400000, 0x000000008f500000|  0%| F|  |TAMS 0x000000008f400000, 0x000000008f400000| Untracked 
| 245|0x000000008f500000, 0x000000008f500000, 0x000000008f600000|  0%| F|  |TAMS 0x000000008f500000, 0x000000008f500000| Untracked 
| 246|0x000000008f600000, 0x000000008f600000, 0x000000008f700000|  0%| F|  |TAMS 0x000000008f600000, 0x000000008f600000| Untracked 
| 247|0x000000008f700000, 0x000000008f700000, 0x000000008f800000|  0%| F|  |TAMS 0x000000008f700000, 0x000000008f700000| Untracked 
| 248|0x000000008f800000, 0x000000008f900000, 0x000000008f900000|100%| E|  |TAMS 0x000000008f800000, 0x000000008f800000| Complete 
| 249|0x000000008f900000, 0x000000008fa00000, 0x000000008fa00000|100%| E|CS|TAMS 0x000000008f900000, 0x000000008f900000| Complete 
| 250|0x000000008fa00000, 0x000000008fb00000, 0x000000008fb00000|100%| E|CS|TAMS 0x000000008fa00000, 0x000000008fa00000| Complete 
| 251|0x000000008fb00000, 0x000000008fc00000, 0x000000008fc00000|100%| E|CS|TAMS 0x000000008fb00000, 0x000000008fb00000| Complete 
| 252|0x000000008fc00000, 0x000000008fd00000, 0x000000008fd00000|100%| E|CS|TAMS 0x000000008fc00000, 0x000000008fc00000| Complete 
| 253|0x000000008fd00000, 0x000000008fe00000, 0x000000008fe00000|100%| E|CS|TAMS 0x000000008fd00000, 0x000000008fd00000| Complete 
| 254|0x000000008fe00000, 0x000000008ff00000, 0x000000008ff00000|100%| E|CS|TAMS 0x000000008fe00000, 0x000000008fe00000| Complete 
| 255|0x000000008ff00000, 0x0000000090000000, 0x0000000090000000|100%| E|CS|TAMS 0x000000008ff00000, 0x000000008ff00000| Complete 
| 256|0x0000000090000000, 0x0000000090100000, 0x0000000090100000|100%| E|CS|TAMS 0x0000000090000000, 0x0000000090000000| Complete 
| 257|0x0000000090100000, 0x0000000090200000, 0x0000000090200000|100%| E|CS|TAMS 0x0000000090100000, 0x0000000090100000| Complete 
| 258|0x0000000090200000, 0x0000000090300000, 0x0000000090300000|100%| E|CS|TAMS 0x0000000090200000, 0x0000000090200000| Complete 
| 259|0x0000000090300000, 0x0000000090400000, 0x0000000090400000|100%| E|CS|TAMS 0x0000000090300000, 0x0000000090300000| Complete 
| 260|0x0000000090400000, 0x0000000090500000, 0x0000000090500000|100%| E|CS|TAMS 0x0000000090400000, 0x0000000090400000| Complete 
| 261|0x0000000090500000, 0x0000000090600000, 0x0000000090600000|100%| E|CS|TAMS 0x0000000090500000, 0x0000000090500000| Complete 
| 262|0x0000000090600000, 0x00000000906367d0, 0x0000000090700000| 21%| S|CS|TAMS 0x0000000090600000, 0x0000000090600000| Complete 
| 263|0x0000000090700000, 0x0000000090800000, 0x0000000090800000|100%| S|CS|TAMS 0x0000000090700000, 0x0000000090700000| Complete 
| 264|0x0000000090800000, 0x0000000090900000, 0x0000000090900000|100%| E|CS|TAMS 0x0000000090800000, 0x0000000090800000| Complete 
| 265|0x0000000090900000, 0x0000000090a00000, 0x0000000090a00000|100%| E|CS|TAMS 0x0000000090900000, 0x0000000090900000| Complete 
| 266|0x0000000090a00000, 0x0000000090b00000, 0x0000000090b00000|100%| E|CS|TAMS 0x0000000090a00000, 0x0000000090a00000| Complete 
| 267|0x0000000090b00000, 0x0000000090c00000, 0x0000000090c00000|100%| E|CS|TAMS 0x0000000090b00000, 0x0000000090b00000| Complete 
| 268|0x0000000090c00000, 0x0000000090d00000, 0x0000000090d00000|100%| E|CS|TAMS 0x0000000090c00000, 0x0000000090c00000| Complete 
| 269|0x0000000090d00000, 0x0000000090e00000, 0x0000000090e00000|100%| E|CS|TAMS 0x0000000090d00000, 0x0000000090d00000| Complete 
| 270|0x0000000090e00000, 0x0000000090f00000, 0x0000000090f00000|100%| E|CS|TAMS 0x0000000090e00000, 0x0000000090e00000| Complete 
| 271|0x0000000090f00000, 0x0000000091000000, 0x0000000091000000|100%| E|CS|TAMS 0x0000000090f00000, 0x0000000090f00000| Complete 
| 272|0x0000000091000000, 0x0000000091100000, 0x0000000091100000|100%| E|CS|TAMS 0x0000000091000000, 0x0000000091000000| Complete 
| 273|0x0000000091100000, 0x0000000091200000, 0x0000000091200000|100%| E|CS|TAMS 0x0000000091100000, 0x0000000091100000| Complete 

Card table byte_map: [0x0000025d72da0000,0x0000025d731a0000] _byte_map_base: 0x0000025d729a0000

Marking Bits (Prev, Next): (CMBitMap*) 0x0000025d6b1711b0, (CMBitMap*) 0x0000025d6b1711f0
 Prev Bits: [0x0000025d735a0000, 0x0000025d755a0000)
 Next Bits: [0x0000025d755a0000, 0x0000025d775a0000)

Polling page: 0x0000025d6a8f0000

Metaspace:

Usage:
  Non-class:     81.22 MB used.
      Class:     12.98 MB used.
       Both:     94.20 MB used.

Virtual space:
  Non-class space:       88.00 MB reserved,      82.00 MB ( 93%) committed,  11 nodes.
      Class space:      412.00 MB reserved,      13.69 MB (  3%) committed,  1 nodes.
             Both:      500.00 MB reserved,      95.69 MB ( 19%) committed. 

Chunk freelists:
   Non-Class:  1.83 MB
       Class:  2.34 MB
        Both:  4.17 MB

MaxMetaspaceSize: 512.00 MB
CompressedClassSpaceSize: 412.00 MB
Initial GC threshold: 21.00 MB
Current GC threshold: 157.75 MB
CDS: on
MetaspaceReclaimPolicy: balanced
 - commit_granule_bytes: 65536.
 - commit_granule_words: 8192.
 - virtual_space_node_default_size: 1048576.
 - enlarge_chunks_in_place: 1.
 - new_chunks_are_fully_committed: 0.
 - uncommit_free_chunks: 1.
 - use_allocation_guard: 0.
 - handle_deallocations: 1.


Internal statistics:

num_allocs_failed_limit: 6.
num_arena_births: 1640.
num_arena_deaths: 0.
num_vsnodes_births: 12.
num_vsnodes_deaths: 0.
num_space_committed: 1531.
num_space_uncommitted: 0.
num_chunks_returned_to_freelist: 6.
num_chunks_taken_from_freelist: 6064.
num_chunk_merges: 6.
num_chunk_splits: 3856.
num_chunks_enlarged: 2381.
num_purges: 0.
num_inconsistent_stats: 0.

CodeHeap 'non-profiled nmethods': size=120000Kb used=9391Kb max_used=9391Kb free=110608Kb
 bounds [0x0000025d07ad0000, 0x0000025d08400000, 0x0000025d0f000000]
CodeHeap 'profiled nmethods': size=120000Kb used=24757Kb max_used=24846Kb free=95242Kb
 bounds [0x0000025d00000000, 0x0000025d01880000, 0x0000025d07530000]
CodeHeap 'non-nmethods': size=5760Kb used=2406Kb max_used=2510Kb free=3353Kb
 bounds [0x0000025d07530000, 0x0000025d077c0000, 0x0000025d07ad0000]
 total_blobs=13117 nmethods=12171 adapters=855
 compilation: enabled
              stopped_count=0, restarted_count=0
 full_count=0

Compilation events (20 events):
Event: 651.704 Thread 0x0000025d7a4328c0 nmethod 14409 0x0000025d083f7d10 code [0x0000025d083f7ea0, 0x0000025d083f7f78]
Event: 651.708 Thread 0x0000025d79a96d80 nmethod 14397 0x0000025d083f8010 code [0x0000025d083f81a0, 0x0000025d083f8438]
Event: 651.708 Thread 0x0000025d79a96d80 14410       4       org.gradle.api.internal.artifacts.configurations.DefaultConfiguration_Decorated::getMetaClass (29 bytes)
Event: 651.709 Thread 0x0000025d7a4328c0 14413       1       com.android.build.gradle.internal.profile.ProjectData::getProjectBuilder (5 bytes)
Event: 651.709 Thread 0x0000025d7a4328c0 nmethod 14413 0x0000025d083f8690 code [0x0000025d083f8820, 0x0000025d083f88f8]
Event: 651.711 Thread 0x0000025d7a4328c0 14414       3       java.util.zip.ZipFile::<init> (144 bytes)
Event: 651.712 Thread 0x0000025d7a4328c0 nmethod 14414 0x0000025d0127aa90 code [0x0000025d0127adc0, 0x0000025d0127c0f8]
Event: 651.719 Thread 0x0000025d7a4328c0 14415       3       java.util.zip.ZipFile$Source$Key::equals (93 bytes)
Event: 651.719 Thread 0x0000025d7a4328c0 nmethod 14415 0x0000025d01155d90 code [0x0000025d01156040, 0x0000025d011571a8]
Event: 651.726 Thread 0x0000025d7c22a770 nmethod 14398 0x0000025d083f8990 code [0x0000025d083f8be0, 0x0000025d083f9c90]
Event: 651.727 Thread 0x0000025d7c22a770 14411       4       org.gradle.api.internal.artifacts.ivyservice.resolutionstrategy.DefaultResolutionStrategy_Decorated::getAsDynamicObject (37 bytes)
Event: 651.730 Thread 0x0000025d7c22a770 nmethod 14411 0x0000025d083fa710 code [0x0000025d083fa8a0, 0x0000025d083faae8]
Event: 651.730 Thread 0x0000025d7c22a770 14412       4       react_7xqgytysors3idtixkp5gvrrz$_run_closure9$_closure25$_closure26::$getCallSiteArray (40 bytes)
Event: 651.732 Thread 0x0000025d7c22a770 nmethod 14412 0x0000025d083fac10 code [0x0000025d083fada0, 0x0000025d083faeb8]
Event: 651.740 Thread 0x0000025d7c22a770 14416   !   4       org.gradle.api.internal.model.NamedObjectInstantiator::named (56 bytes)
Event: 651.744 Thread 0x0000025d7c22a770 nmethod 14416 0x0000025d083fb010 code [0x0000025d083fb1e0, 0x0000025d083fb4f8]
Event: 651.805 Thread 0x0000025d7c22a770 14417       4       java.util.concurrent.ConcurrentHashMap::sumCount (60 bytes)
Event: 651.807 Thread 0x0000025d7c22a770 nmethod 14417 0x0000025d083fb810 code [0x0000025d083fb980, 0x0000025d083fba98]
Event: 651.819 Thread 0x0000025d7c22a770 14418       4       org.gradle.internal.metaobject.BeanDynamicObject::tryInvokeMethod (10 bytes)
Event: 651.820 Thread 0x0000025d7c22a770 nmethod 14418 0x0000025d083fbb90 code [0x0000025d083fbd20, 0x0000025d083fbde8]

GC Heap History (20 events):
Event: 581.966 GC heap before
{Heap before GC invocations=64 (full 0):
 garbage-first heap   total 220160K, used 173724K [0x0000000080000000, 0x0000000100000000)
  region size 1024K, 50 young (51200K), 2 survivors (2048K)
 Metaspace       used 86445K, committed 87744K, reserved 503808K
  class space    used 11875K, committed 12480K, reserved 421888K
}
Event: 581.978 GC heap after
{Heap after GC invocations=65 (full 0):
 garbage-first heap   total 220160K, used 132752K [0x0000000080000000, 0x0000000100000000)
  region size 1024K, 7 young (7168K), 7 survivors (7168K)
 Metaspace       used 86445K, committed 87744K, reserved 503808K
  class space    used 11875K, committed 12480K, reserved 421888K
}
Event: 599.220 GC heap before
{Heap before GC invocations=65 (full 0):
 garbage-first heap   total 220160K, used 175760K [0x0000000080000000, 0x0000000100000000)
  region size 1024K, 49 young (50176K), 7 survivors (7168K)
 Metaspace       used 87136K, committed 88576K, reserved 503808K
  class space    used 11986K, committed 12672K, reserved 421888K
}
Event: 599.238 GC heap after
{Heap after GC invocations=66 (full 0):
 garbage-first heap   total 220160K, used 140029K [0x0000000080000000, 0x0000000100000000)
  region size 1024K, 7 young (7168K), 7 survivors (7168K)
 Metaspace       used 87136K, committed 88576K, reserved 503808K
  class space    used 11986K, committed 12672K, reserved 421888K
}
Event: 608.091 GC heap before
{Heap before GC invocations=66 (full 0):
 garbage-first heap   total 220160K, used 177917K [0x0000000080000000, 0x0000000100000000)
  region size 1024K, 44 young (45056K), 7 survivors (7168K)
 Metaspace       used 89399K, committed 90880K, reserved 503808K
  class space    used 12303K, committed 12992K, reserved 421888K
}
Event: 608.104 GC heap after
{Heap after GC invocations=67 (full 0):
 garbage-first heap   total 220160K, used 144951K [0x0000000080000000, 0x0000000100000000)
  region size 1024K, 5 young (5120K), 5 survivors (5120K)
 Metaspace       used 89399K, committed 90880K, reserved 503808K
  class space    used 12303K, committed 12992K, reserved 421888K
}
Event: 610.950 GC heap before
{Heap before GC invocations=67 (full 0):
 garbage-first heap   total 220160K, used 180791K [0x0000000080000000, 0x0000000100000000)
  region size 1024K, 40 young (40960K), 5 survivors (5120K)
 Metaspace       used 90444K, committed 91968K, reserved 503808K
  class space    used 12468K, committed 13184K, reserved 421888K
}
Event: 610.962 GC heap after
{Heap after GC invocations=68 (full 0):
 garbage-first heap   total 220160K, used 148418K [0x0000000080000000, 0x0000000100000000)
  region size 1024K, 4 young (4096K), 4 survivors (4096K)
 Metaspace       used 90444K, committed 91968K, reserved 503808K
  class space    used 12468K, committed 13184K, reserved 421888K
}
Event: 615.944 GC heap before
{Heap before GC invocations=68 (full 0):
 garbage-first heap   total 220160K, used 183234K [0x0000000080000000, 0x0000000100000000)
  region size 1024K, 38 young (38912K), 4 survivors (4096K)
 Metaspace       used 92631K, committed 94080K, reserved 503808K
  class space    used 12762K, committed 13440K, reserved 421888K
}
Event: 615.953 GC heap after
{Heap after GC invocations=69 (full 0):
 garbage-first heap   total 220160K, used 151889K [0x0000000080000000, 0x0000000100000000)
  region size 1024K, 4 young (4096K), 4 survivors (4096K)
 Metaspace       used 92631K, committed 94080K, reserved 503808K
  class space    used 12762K, committed 13440K, reserved 421888K
}
Event: 617.959 GC heap before
{Heap before GC invocations=69 (full 0):
 garbage-first heap   total 220160K, used 183633K [0x0000000080000000, 0x0000000100000000)
  region size 1024K, 35 young (35840K), 4 survivors (4096K)
 Metaspace       used 93246K, committed 94656K, reserved 503808K
  class space    used 12837K, committed 13504K, reserved 421888K
}
Event: 617.968 GC heap after
{Heap after GC invocations=70 (full 0):
 garbage-first heap   total 220160K, used 156227K [0x0000000080000000, 0x0000000100000000)
  region size 1024K, 5 young (5120K), 5 survivors (5120K)
 Metaspace       used 93246K, committed 94656K, reserved 503808K
  class space    used 12837K, committed 13504K, reserved 421888K
}
Event: 619.783 GC heap before
{Heap before GC invocations=70 (full 0):
 garbage-first heap   total 220160K, used 184899K [0x0000000080000000, 0x0000000100000000)
  region size 1024K, 33 young (33792K), 5 survivors (5120K)
 Metaspace       used 94411K, committed 95872K, reserved 512000K
  class space    used 12995K, committed 13696K, reserved 421888K
}
Event: 619.792 GC heap after
{Heap after GC invocations=71 (full 0):
 garbage-first heap   total 220160K, used 159961K [0x0000000080000000, 0x0000000100000000)
  region size 1024K, 4 young (4096K), 4 survivors (4096K)
 Metaspace       used 94411K, committed 95872K, reserved 512000K
  class space    used 12995K, committed 13696K, reserved 421888K
}
Event: 626.709 GC heap before
{Heap before GC invocations=71 (full 0):
 garbage-first heap   total 220160K, used 186585K [0x0000000080000000, 0x0000000100000000)
  region size 1024K, 30 young (30720K), 4 survivors (4096K)
 Metaspace       used 95037K, committed 96512K, reserved 512000K
  class space    used 13073K, committed 13760K, reserved 421888K
}
Event: 626.717 GC heap after
{Heap after GC invocations=72 (full 0):
 garbage-first heap   total 220160K, used 162825K [0x0000000080000000, 0x0000000100000000)
  region size 1024K, 3 young (3072K), 3 survivors (3072K)
 Metaspace       used 95037K, committed 96512K, reserved 512000K
  class space    used 13073K, committed 13760K, reserved 421888K
}
Event: 629.475 GC heap before
{Heap before GC invocations=73 (full 0):
 garbage-first heap   total 280576K, used 183305K [0x0000000080000000, 0x0000000100000000)
  region size 1024K, 23 young (23552K), 3 survivors (3072K)
 Metaspace       used 96063K, committed 97536K, reserved 512000K
  class space    used 13223K, committed 13888K, reserved 421888K
}
Event: 629.482 GC heap after
{Heap after GC invocations=74 (full 0):
 garbage-first heap   total 280576K, used 164990K [0x0000000080000000, 0x0000000100000000)
  region size 1024K, 3 young (3072K), 3 survivors (3072K)
 Metaspace       used 96063K, committed 97536K, reserved 512000K
  class space    used 13223K, committed 13888K, reserved 421888K
}
Event: 639.649 GC heap before
{Heap before GC invocations=74 (full 0):
 garbage-first heap   total 280576K, used 174206K [0x0000000080000000, 0x0000000100000000)
  region size 1024K, 13 young (13312K), 3 survivors (3072K)
 Metaspace       used 96169K, committed 97664K, reserved 512000K
  class space    used 13244K, committed 13952K, reserved 421888K
}
Event: 639.661 GC heap after
{Heap after GC invocations=75 (full 0):
 garbage-first heap   total 280576K, used 164762K [0x0000000080000000, 0x0000000100000000)
  region size 1024K, 2 young (2048K), 2 survivors (2048K)
 Metaspace       used 96169K, committed 97664K, reserved 512000K
  class space    used 13244K, committed 13952K, reserved 421888K
}

Deoptimization events (20 events):
Event: 621.595 Thread 0x0000025d7bf97600 DEOPT PACKING pc=0x0000025d0009004a sp=0x000000ec24ef6350
Event: 621.595 Thread 0x0000025d7bf97600 DEOPT UNPACKING pc=0x0000025d07582b43 sp=0x000000ec24ef5900 mode 0
Event: 626.191 Thread 0x0000025d7bf97600 DEOPT PACKING pc=0x0000025d00ea4afe sp=0x000000ec24ef6400
Event: 626.191 Thread 0x0000025d7bf97600 DEOPT UNPACKING pc=0x0000025d07582b43 sp=0x000000ec24ef5858 mode 0
Event: 626.206 Thread 0x0000025d7bf97600 Uncommon trap: trap_request=0xffffffc6 fr.pc=0x0000025d0803eecc relative=0x00000000000000ac
Event: 626.206 Thread 0x0000025d7bf97600 Uncommon trap: reason=bimorphic_or_optimized_type_check action=maybe_recompile pc=0x0000025d0803eecc method=kotlin.collections.CollectionsKt___CollectionsKt.firstOrNull(Ljava/util/List;)Ljava/lang/Object; @ 7 c2
Event: 626.206 Thread 0x0000025d7bf97600 DEOPT PACKING pc=0x0000025d0803eecc sp=0x000000ec24ef6ad0
Event: 626.206 Thread 0x0000025d7bf97600 DEOPT UNPACKING pc=0x0000025d075823a3 sp=0x000000ec24ef6a70 mode 2
Event: 627.110 Thread 0x0000025d7bf97600 Uncommon trap: trap_request=0xfffffff4 fr.pc=0x0000025d07eb44a0 relative=0x0000000000000160
Event: 627.110 Thread 0x0000025d7bf97600 Uncommon trap: reason=null_check action=make_not_entrant pc=0x0000025d07eb44a0 method=org.gradle.internal.instantiation.generator.AbstractClassGenerator.isLazyAttachProperty(Lorg/gradle/internal/instantiation/generator/AbstractClassGenerator$PropertyMetad
Event: 627.110 Thread 0x0000025d7bf97600 DEOPT PACKING pc=0x0000025d07eb44a0 sp=0x000000ec24ef5000
Event: 627.110 Thread 0x0000025d7bf97600 DEOPT UNPACKING pc=0x0000025d075823a3 sp=0x000000ec24ef4f90 mode 2
Event: 627.449 Thread 0x0000025d7bf97600 Uncommon trap: trap_request=0xffffff45 fr.pc=0x0000025d082d5938 relative=0x0000000000000e78
Event: 627.449 Thread 0x0000025d7bf97600 Uncommon trap: reason=unstable_if action=reinterpret pc=0x0000025d082d5938 method=kotlin.collections.CollectionsKt__MutableCollectionsKt.addAll(Ljava/util/Collection;Ljava/lang/Iterable;)Z @ 18 c2
Event: 627.449 Thread 0x0000025d7bf97600 DEOPT PACKING pc=0x0000025d082d5938 sp=0x000000ec24ef3be0
Event: 627.449 Thread 0x0000025d7bf97600 DEOPT UNPACKING pc=0x0000025d075823a3 sp=0x000000ec24ef3bc0 mode 2
Event: 629.022 Thread 0x0000025d7bf97600 Uncommon trap: trap_request=0xfffffff4 fr.pc=0x0000025d083c2940 relative=0x0000000000000200
Event: 629.022 Thread 0x0000025d7bf97600 Uncommon trap: reason=null_check action=make_not_entrant pc=0x0000025d083c2940 method=org.gradle.api.internal.collections.CollectionFilter.filter(Ljava/lang/Object;)Ljava/lang/Object; @ 5 c2
Event: 629.022 Thread 0x0000025d7bf97600 DEOPT PACKING pc=0x0000025d083c2940 sp=0x000000ec24ef6700
Event: 629.031 Thread 0x0000025d7bf97600 DEOPT UNPACKING pc=0x0000025d075823a3 sp=0x000000ec24ef66a0 mode 2

Classes unloaded (0 events):
No events

Classes redefined (0 events):
No events

Internal exceptions (20 events):
Event: 629.501 Thread 0x0000025d7bf97600 Exception <a 'java/lang/ClassNotFoundException'{0x00000000910b1790}: org/gradle/api/publish/maven/tasks/AbstractPublishToMavenCustomizer> (0x00000000910b1790) 
thrown [s\open\src\hotspot\share\classfile\systemDictionary.cpp, line 256]
Event: 629.771 Thread 0x0000025d7bf97600 Exception <a 'java/lang/ClassNotFoundException'{0x00000000910e63d8}: org/gradle/api/publish/maven/tasks/PublishToMavenLocalCustomizer> (0x00000000910e63d8) 
thrown [s\open\src\hotspot\share\classfile\systemDictionary.cpp, line 256]
Event: 629.773 Thread 0x0000025d7bf97600 Exception <a 'java/lang/ClassNotFoundException'{0x0000000090f19960}: org/gradle/api/publish/maven/tasks/PublishToMavenLocal_DecoratedCustomizer> (0x0000000090f19960) 
thrown [s\open\src\hotspot\share\classfile\systemDictionary.cpp, line 256]
Event: 629.786 Thread 0x0000025d7bf97600 Exception <a 'java/lang/ClassNotFoundException'{0x0000000090e396c8}: org/gradle/api/publish/maven/tasks/PublishToMavenRepository_DecoratedBeanInfo> (0x0000000090e396c8) 
thrown [s\open\src\hotspot\share\classfile\systemDictionary.cpp, line 256]
Event: 629.788 Thread 0x0000025d7bf97600 Exception <a 'java/lang/ClassNotFoundException'{0x0000000090e63b88}: org/gradle/api/publish/maven/tasks/PublishToMavenRepositoryBeanInfo> (0x0000000090e63b88) 
thrown [s\open\src\hotspot\share\classfile\systemDictionary.cpp, line 256]
Event: 629.797 Thread 0x0000025d7bf97600 Exception <a 'java/lang/ClassNotFoundException'{0x0000000090e8e278}: org/gradle/api/publish/maven/tasks/PublishToMavenRepositoryCustomizer> (0x0000000090e8e278) 
thrown [s\open\src\hotspot\share\classfile\systemDictionary.cpp, line 256]
Event: 629.801 Thread 0x0000025d7bf97600 Exception <a 'java/lang/ClassNotFoundException'{0x0000000090ec7bf8}: org/gradle/api/publish/maven/tasks/PublishToMavenRepository_DecoratedCustomizer> (0x0000000090ec7bf8) 
thrown [s\open\src\hotspot\share\classfile\systemDictionary.cpp, line 256]
Event: 632.058 Thread 0x0000025d7bf97600 Exception <a 'java/lang/ClassNotFoundException'{0x0000000090c32c40}: build_45k153v6akv5lc8yb4sph36yrBeanInfo> (0x0000000090c32c40) 
thrown [s\open\src\hotspot\share\classfile\systemDictionary.cpp, line 256]
Event: 632.058 Thread 0x0000025d7bf97600 Exception <a 'java/lang/ClassNotFoundException'{0x0000000090c3dfd8}: build_45k153v6akv5lc8yb4sph36yrCustomizer> (0x0000000090c3dfd8) 
thrown [s\open\src\hotspot\share\classfile\systemDictionary.cpp, line 256]
Event: 639.682 Thread 0x0000025d7bf97600 Exception <a 'java/lang/ClassNotFoundException'{0x000000009113f6d0}: build_45k153v6akv5lc8yb4sph36yrBeanInfo> (0x000000009113f6d0) 
thrown [s\open\src\hotspot\share\classfile\systemDictionary.cpp, line 256]
Event: 639.683 Thread 0x0000025d7bf97600 Exception <a 'java/lang/ClassNotFoundException'{0x00000000911476a0}: build_45k153v6akv5lc8yb4sph36yrCustomizer> (0x00000000911476a0) 
thrown [s\open\src\hotspot\share\classfile\systemDictionary.cpp, line 256]
Event: 639.985 Thread 0x0000025d7bf97600 Exception <a 'java/lang/ClassNotFoundException'{0x0000000090b03a78}: build_45k153v6akv5lc8yb4sph36yr$_run_closure3BeanInfo> (0x0000000090b03a78) 
thrown [s\open\src\hotspot\share\classfile\systemDictionary.cpp, line 256]
Event: 639.986 Thread 0x0000025d7bf97600 Exception <a 'java/lang/ClassNotFoundException'{0x0000000090b0fef0}: build_45k153v6akv5lc8yb4sph36yr$_run_closure3Customizer> (0x0000000090b0fef0) 
thrown [s\open\src\hotspot\share\classfile\systemDictionary.cpp, line 256]
Event: 640.193 Thread 0x0000025d7bf97600 Exception <a 'java/lang/NoClassDefFoundError'{0x00000000908c6dc0}: org/jetbrains/kotlin/gradle/plugin/KotlinBasePluginWrapper> (0x00000000908c6dc0) 
thrown [s\open\src\hotspot\share\oops\constantPool.cpp, line 835]
Event: 643.325 Thread 0x0000025d7bf97600 Exception <a 'java/lang/ClassNotFoundException'{0x000000009039ce10}: build_c4481q6ugw27949k0juwlji7qBeanInfo> (0x000000009039ce10) 
thrown [s\open\src\hotspot\share\classfile\systemDictionary.cpp, line 256]
Event: 643.326 Thread 0x0000025d7bf97600 Exception <a 'java/lang/ClassNotFoundException'{0x00000000903a79f0}: build_c4481q6ugw27949k0juwlji7qCustomizer> (0x00000000903a79f0) 
thrown [s\open\src\hotspot\share\classfile\systemDictionary.cpp, line 256]
Event: 651.689 Thread 0x0000025d7bf97600 Exception <a 'java/lang/ClassNotFoundException'{0x000000008fd49998}: build_c4481q6ugw27949k0juwlji7qBeanInfo> (0x000000008fd49998) 
thrown [s\open\src\hotspot\share\classfile\systemDictionary.cpp, line 256]
Event: 651.690 Thread 0x0000025d7bf97600 Exception <a 'java/lang/ClassNotFoundException'{0x000000008fd51968}: build_c4481q6ugw27949k0juwlji7qCustomizer> (0x000000008fd51968) 
thrown [s\open\src\hotspot\share\classfile\systemDictionary.cpp, line 256]
Event: 651.827 Thread 0x0000025d7bf97600 Exception <a 'java/lang/ClassNotFoundException'{0x000000008f8b2d08}: build_c4481q6ugw27949k0juwlji7q$_run_closure3BeanInfo> (0x000000008f8b2d08) 
thrown [s\open\src\hotspot\share\classfile\systemDictionary.cpp, line 256]
Event: 651.829 Thread 0x0000025d7bf97600 Exception <a 'java/lang/ClassNotFoundException'{0x000000008f8bf180}: build_c4481q6ugw27949k0juwlji7q$_run_closure3Customizer> (0x000000008f8bf180) 
thrown [s\open\src\hotspot\share\classfile\systemDictionary.cpp, line 256]

VM Operations (20 events):
Event: 636.524 Executing VM operation: Cleanup
Event: 636.637 Executing VM operation: Cleanup done
Event: 637.643 Executing VM operation: Cleanup
Event: 637.659 Executing VM operation: Cleanup done
Event: 639.488 Executing VM operation: G1CollectForAllocation
Event: 639.667 Executing VM operation: G1CollectForAllocation done
Event: 640.679 Executing VM operation: Cleanup
Event: 640.679 Executing VM operation: Cleanup done
Event: 642.698 Executing VM operation: Cleanup
Event: 642.698 Executing VM operation: Cleanup done
Event: 643.699 Executing VM operation: Cleanup
Event: 643.699 Executing VM operation: Cleanup done
Event: 647.740 Executing VM operation: Cleanup
Event: 647.740 Executing VM operation: Cleanup done
Event: 649.755 Executing VM operation: Cleanup
Event: 649.755 Executing VM operation: Cleanup done
Event: 650.763 Executing VM operation: Cleanup
Event: 650.763 Executing VM operation: Cleanup done
Event: 651.777 Executing VM operation: Cleanup
Event: 651.805 Executing VM operation: Cleanup done

Events (20 events):
Event: 613.854 Thread 0x0000025d7a432dd0 flushing nmethod 0x0000025d01539c90
Event: 613.854 Thread 0x0000025d7a432dd0 flushing nmethod 0x0000025d01626510
Event: 613.855 Thread 0x0000025d7a432dd0 flushing nmethod 0x0000025d0166fc90
Event: 613.855 Thread 0x0000025d7a432dd0 flushing nmethod 0x0000025d017a1790
Event: 613.855 Thread 0x0000025d7a432dd0 flushing nmethod 0x0000025d017adb10
Event: 617.349 Thread 0x0000025d127d9020 Thread added: 0x0000025d127d9020
Event: 617.781 Thread 0x0000025d127d9020 Thread exited: 0x0000025d127d9020
Event: 619.489 Thread 0x0000025d7ca17a20 Thread added: 0x0000025d7ca17a20
Event: 620.179 Thread 0x0000025d7ca17a20 Thread exited: 0x0000025d7ca17a20
Event: 620.407 loading class java/security/cert/CertificateEncodingException
Event: 620.407 loading class java/security/cert/CertificateEncodingException done
Event: 620.519 loading class java/security/InvalidKeyException
Event: 620.520 loading class java/security/KeyException
Event: 620.520 loading class java/security/KeyException done
Event: 620.520 loading class java/security/InvalidKeyException done
Event: 620.520 loading class java/security/NoSuchProviderException
Event: 620.520 loading class java/security/NoSuchProviderException done
Event: 620.520 loading class java/security/SignatureException
Event: 620.520 loading class java/security/SignatureException done
Event: 651.688 Thread 0x0000025d7c22a770 Thread added: 0x0000025d7c22a770


Dynamic libraries:
0x00007ff734340000 - 0x00007ff734350000 	C:\Program Files\Java\jdk-17\bin\java.exe
0x00007ffa9d590000 - 0x00007ffa9d788000 	C:\Windows\SYSTEM32\ntdll.dll
0x00007ffa9b7a0000 - 0x00007ffa9b85f000 	C:\Windows\System32\KERNEL32.DLL
0x00007ffa9ad10000 - 0x00007ffa9b006000 	C:\Windows\System32\KERNELBASE.dll
0x00007ffa9b010000 - 0x00007ffa9b110000 	C:\Windows\System32\ucrtbase.dll
0x00007ffa7cd30000 - 0x00007ffa7cd49000 	C:\Program Files\Java\jdk-17\bin\jli.dll
0x00007ffa9bcb0000 - 0x00007ffa9bd5f000 	C:\Windows\System32\ADVAPI32.dll
0x00007ffa9bd90000 - 0x00007ffa9be2e000 	C:\Windows\System32\msvcrt.dll
0x00007ffa9bc10000 - 0x00007ffa9bcac000 	C:\Windows\System32\sechost.dll
0x00007ffa9d3c0000 - 0x00007ffa9d4e6000 	C:\Windows\System32\RPCRT4.dll
0x00007ffa9b600000 - 0x00007ffa9b79d000 	C:\Windows\System32\USER32.dll
0x00007ffa9b3c0000 - 0x00007ffa9b3e2000 	C:\Windows\System32\win32u.dll
0x00007ffa9bd60000 - 0x00007ffa9bd8c000 	C:\Windows\System32\GDI32.dll
0x00007ffa9b160000 - 0x00007ffa9b275000 	C:\Windows\System32\gdi32full.dll
0x00007ffa9b3f0000 - 0x00007ffa9b48d000 	C:\Windows\System32\msvcp_win.dll
0x00007ffa772c0000 - 0x00007ffa772db000 	C:\Program Files\Java\jdk-17\bin\VCRUNTIME140.dll
0x00007ffa77020000 - 0x00007ffa772ba000 	C:\Windows\WinSxS\amd64_microsoft.windows.common-controls_6595b64144ccf1df_6.0.19041.1110_none_60b5254171f9507e\COMCTL32.dll
0x00007ffa921b0000 - 0x00007ffa921ba000 	C:\Windows\SYSTEM32\VERSION.dll
0x00007ffa9c500000 - 0x00007ffa9c530000 	C:\Windows\System32\IMM32.DLL
0x00007ffa8bbd0000 - 0x00007ffa8bbdc000 	C:\Program Files\Java\jdk-17\bin\vcruntime140_1.dll
0x00007ffa57b90000 - 0x00007ffa57c1e000 	C:\Program Files\Java\jdk-17\bin\msvcp140.dll
0x00007ffa28ca0000 - 0x00007ffa2987d000 	C:\Program Files\Java\jdk-17\bin\server\jvm.dll
0x00007ffa9b5f0000 - 0x00007ffa9b5f8000 	C:\Windows\System32\PSAPI.DLL
0x00007ffa8af90000 - 0x00007ffa8af99000 	C:\Windows\SYSTEM32\WSOCK32.dll
0x00007ffa9c890000 - 0x00007ffa9c8fb000 	C:\Windows\System32\WS2_32.dll
0x00007ffa6ffa0000 - 0x00007ffa6ffc7000 	C:\Windows\SYSTEM32\WINMM.dll
0x00007ffa99490000 - 0x00007ffa994a2000 	C:\Windows\SYSTEM32\kernel.appcore.dll
0x00007ffa817a0000 - 0x00007ffa817aa000 	C:\Program Files\Java\jdk-17\bin\jimage.dll
0x00007ffa95870000 - 0x00007ffa95a54000 	C:\Windows\SYSTEM32\DBGHELP.DLL
0x00007ffa89080000 - 0x00007ffa890b4000 	C:\Windows\SYSTEM32\dbgcore.DLL
0x00007ffa9b330000 - 0x00007ffa9b3b2000 	C:\Windows\System32\bcryptPrimitives.dll
0x00007ffa73c90000 - 0x00007ffa73cb5000 	C:\Program Files\Java\jdk-17\bin\java.dll
0x00007ffa2df30000 - 0x00007ffa2e007000 	C:\Program Files\Java\jdk-17\bin\jsvml.dll
0x00007ffa9ca90000 - 0x00007ffa9d1d4000 	C:\Windows\System32\SHELL32.dll
0x00007ffa98cf0000 - 0x00007ffa99483000 	C:\Windows\SYSTEM32\windows.storage.dll
0x00007ffa9c530000 - 0x00007ffa9c884000 	C:\Windows\System32\combase.dll
0x00007ffa9a5e0000 - 0x00007ffa9a60e000 	C:\Windows\SYSTEM32\Wldp.dll
0x00007ffa9c450000 - 0x00007ffa9c4fd000 	C:\Windows\System32\SHCORE.dll
0x00007ffa9d360000 - 0x00007ffa9d3b5000 	C:\Windows\System32\shlwapi.dll
0x00007ffa9aba0000 - 0x00007ffa9abc5000 	C:\Windows\SYSTEM32\profapi.dll
0x00007ffa76800000 - 0x00007ffa76819000 	C:\Program Files\Java\jdk-17\bin\net.dll
0x00007ffa8fc50000 - 0x00007ffa8fd5a000 	C:\Windows\SYSTEM32\WINHTTP.dll
0x00007ffa9a340000 - 0x00007ffa9a3aa000 	C:\Windows\system32\mswsock.dll
0x00007ffa76300000 - 0x00007ffa76316000 	C:\Program Files\Java\jdk-17\bin\nio.dll
0x00007ffa76100000 - 0x00007ffa76118000 	C:\Program Files\Java\jdk-17\bin\zip.dll
0x00007ffa93720000 - 0x00007ffa93730000 	C:\Program Files\Java\jdk-17\bin\verify.dll
0x00007ffa72610000 - 0x00007ffa72637000 	C:\Users\ss\.gradle\native\e1d6ef7f7dcc3fd88c89a11ec53ec762bb8ba0a96d01ffa2cd45eb1d1d8dd5c5\windows-amd64\native-platform.dll
0x00007ffa68900000 - 0x00007ffa68a44000 	C:\Users\ss\.gradle\native\5664cfc778a61ccfe75a443a1ab52a65af34e5dc3c78e0209fed803814484fcb\windows-amd64\native-platform-file-events.dll
0x00007ffa92ba0000 - 0x00007ffa92baa000 	C:\Program Files\Java\jdk-17\bin\management.dll
0x00007ffa8d980000 - 0x00007ffa8d98b000 	C:\Program Files\Java\jdk-17\bin\management_ext.dll
0x00007ffa9a530000 - 0x00007ffa9a548000 	C:\Windows\SYSTEM32\CRYPTSP.dll
0x00007ffa99c50000 - 0x00007ffa99c84000 	C:\Windows\system32\rsaenh.dll
0x00007ffa9ace0000 - 0x00007ffa9ad07000 	C:\Windows\System32\bcrypt.dll
0x00007ffa9ab60000 - 0x00007ffa9ab8e000 	C:\Windows\SYSTEM32\USERENV.dll
0x00007ffa9a550000 - 0x00007ffa9a55c000 	C:\Windows\SYSTEM32\CRYPTBASE.dll
0x00007ffa9a030000 - 0x00007ffa9a06b000 	C:\Windows\SYSTEM32\IPHLPAPI.DLL
0x00007ffa9be50000 - 0x00007ffa9be58000 	C:\Windows\System32\NSI.dll
0x00007ffa905d0000 - 0x00007ffa905e7000 	C:\Windows\SYSTEM32\dhcpcsvc6.DLL
0x00007ffa906e0000 - 0x00007ffa906fd000 	C:\Windows\SYSTEM32\dhcpcsvc.DLL
0x00007ffa9a070000 - 0x00007ffa9a13a000 	C:\Windows\SYSTEM32\DNSAPI.dll
0x00007ffa774e0000 - 0x00007ffa774ed000 	C:\Program Files\Java\jdk-17\bin\sunmscapi.dll
0x00007ffa9b490000 - 0x00007ffa9b5ee000 	C:\Windows\System32\CRYPT32.dll
0x00007ffa9a650000 - 0x00007ffa9a678000 	C:\Windows\SYSTEM32\ncrypt.dll
0x00007ffa9a610000 - 0x00007ffa9a64b000 	C:\Windows\SYSTEM32\NTASN1.dll
0x00007ffa81790000 - 0x00007ffa81797000 	C:\Windows\system32\wshunix.dll

dbghelp: loaded successfully - version: 4.0.5 - missing functions: none
symbol engine: initialized successfully - sym options: 0x614 - pdb path: .;C:\Program Files\Java\jdk-17\bin;C:\Windows\SYSTEM32;C:\Windows\WinSxS\amd64_microsoft.windows.common-controls_6595b64144ccf1df_6.0.19041.1110_none_60b5254171f9507e;C:\Program Files\Java\jdk-17\bin\server;C:\Users\ss\.gradle\native\e1d6ef7f7dcc3fd88c89a11ec53ec762bb8ba0a96d01ffa2cd45eb1d1d8dd5c5\windows-amd64;C:\Users\ss\.gradle\native\5664cfc778a61ccfe75a443a1ab52a65af34e5dc3c78e0209fed803814484fcb\windows-amd64

VM Arguments:
jvm_args: -XX:MaxMetaspaceSize=512m --add-opens=java.base/java.util=ALL-UNNAMED --add-opens=java.base/java.lang=ALL-UNNAMED --add-opens=java.base/java.lang.invoke=ALL-UNNAMED --add-opens=java.base/java.util=ALL-UNNAMED --add-opens=java.prefs/java.util.prefs=ALL-UNNAMED --add-opens=java.prefs/java.util.prefs=ALL-UNNAMED --add-opens=java.base/java.nio.charset=ALL-UNNAMED --add-opens=java.base/java.net=ALL-UNNAMED --add-opens=java.base/java.util.concurrent.atomic=ALL-UNNAMED -Xmx2048m -Dfile.encoding=windows-1252 -Duser.country=IN -Duser.language=en -Duser.variant 
java_command: org.gradle.launcher.daemon.bootstrap.GradleDaemon 7.3.3
java_class_path (initial): C:\Users\ss\.gradle\wrapper\dists\gradle-7.3.3-all\4295vidhdd9hd3gbjyw1xqxpo\gradle-7.3.3\lib\gradle-launcher-7.3.3.jar
Launcher Type: SUN_STANDARD

[Global flags]
     intx CICompilerCount                          = 3                                         {product} {ergonomic}
   size_t CompressedClassSpaceSize                 = 432013312                                 {product} {ergonomic}
     uint ConcGCThreads                            = 1                                         {product} {ergonomic}
     uint G1ConcRefinementThreads                  = 4                                         {product} {ergonomic}
   size_t G1HeapRegionSize                         = 1048576                                   {product} {ergonomic}
    uintx GCDrainStackTargetSize                   = 64                                        {product} {ergonomic}
   size_t InitialHeapSize                          = 268435456                                 {product} {ergonomic}
   size_t MarkStackSize                            = 4194304                                   {product} {ergonomic}
   size_t MaxHeapSize                              = 2147483648                                {product} {command line}
   size_t MaxMetaspaceSize                         = 536870912                                 {product} {command line}
   size_t MaxNewSize                               = 1287651328                                {product} {ergonomic}
   size_t MinHeapDeltaBytes                        = 1048576                                   {product} {ergonomic}
   size_t MinHeapSize                              = 8388608                                   {product} {ergonomic}
    uintx NonNMethodCodeHeapSize                   = 5832780                                {pd product} {ergonomic}
    uintx NonProfiledCodeHeapSize                  = 122912730                              {pd product} {ergonomic}
    uintx ProfiledCodeHeapSize                     = 122912730                              {pd product} {ergonomic}
    uintx ReservedCodeCacheSize                    = 251658240                              {pd product} {ergonomic}
     bool SegmentedCodeCache                       = true                                      {product} {ergonomic}
   size_t SoftMaxHeapSize                          = 2147483648                             {manageable} {ergonomic}
     bool UseCompressedClassPointers               = true                           {product lp64_product} {ergonomic}
     bool UseCompressedOops                        = true                           {product lp64_product} {ergonomic}
     bool UseG1GC                                  = true                                      {product} {ergonomic}
     bool UseLargePagesIndividualAllocation        = false                                  {pd product} {ergonomic}

Logging:
Log output configuration:
 #0: stdout all=warning uptime,level,tags
 #1: stderr all=off uptime,level,tags

Environment Variables:
CLASSPATH=C:\Users\ss\Desktop\teachers-vision\android\\gradle\wrapper\gradle-wrapper.jar
PATH=C:\Users\ss\Desktop\teachers-vision\android\node_modules\.bin;C:\Users\ss\Desktop\teachers-vision\node_modules\.bin;C:\Users\ss\Desktop\node_modules\.bin;C:\Users\ss\node_modules\.bin;C:\Users\node_modules\.bin;C:\node_modules\.bin;C:\Program Files\nodejs;C:\Users\ss\Desktop\teachers-vision\node_modules\.bin;C:\Users\ss\Desktop\teachers-vision\node_modules\.bin;C:\Users\ss\Desktop\node_modules\.bin;C:\Users\ss\node_modules\.bin;C:\Users\node_modules\.bin;C:\node_modules\.bin;C:\Users\ss\AppData\Roaming\nvm\v16.16.0\node_modules\npm\node_modules\@npmcli\run-script\lib\node-gyp-bin;C:\Users\ss\Desktop\teachers-vision\node_modules\.bin;C:\Users\ss\Desktop\node_modules\.bin;C:\Users\ss\node_modules\.bin;C:\Users\node_modules\.bin;C:\node_modules\.bin;C:\Program Files\nodejs;C:\Users\ss\Desktop\teachers-vision\node_modules\.bin;C:\Users\ss\Desktop\teachers-vision\node_modules\.bin;C:\Users\ss\Desktop\node_modules\.bin;C:\Users\ss\node_modules\.bin;C:\Users\node_modules\.bin;C:\node_modules\.bin;C:\Users\ss\AppData\Roaming\nvm\v16.16.0\node_modules\npm\node_modules\@npmcli\run-script\lib\node-gyp-bin;C:\Program Files\Common Files\Oracle\Java\javapath;C:\Program Files (x86)\Common Files\Oracle\Java\javapath;C:\Program Files\Microsoft\jdk-11.0.18.10-hotspot\bin;C:\Program Files\Microsoft MPI\Bin\;C:\Windows\system32;C:\Windows;C:\Windows\System32\Wbem;C:\Windows\System32\WindowsPowerShell\v1.0\;C:\Windows\System32\OpenSSH\;C:\ProgramData\chocolatey\bin;C:\Users\ss\AppData\Local\Android\Sdk\platform-tools;C:\Program Files\Git\cmd;C:\Program Files\Microsoft SQL Server\150\Tools\Binn\;C:\Program Files (x86)\Microsoft SQL Server\160\Tools\Binn\;C:\Program Files\Microsoft SQL Server\160\Tools\Binn\;C:\Program Files\Microsoft SQL Server\Client SDK\ODBC\170\Tools\Binn\;C:\Program Files\Microsoft SQL Server\160\DTS\Binn\;C:\Program Files\dotnet\;C:\Program Files (x86)\dotnet\;C:\Program Files (x86)\Microsoft SQL Server\160\DTS\Binn\;C:\Program Files (x86)\Microsoft SQL Server\150
USERNAME=ss
LANG=en_US.UTF-8
OS=Windows_NT
PROCESSOR_IDENTIFIER=Intel64 Family 6 Model 142 Stepping 9, GenuineIntel



---------------  S Y S T E M  ---------------

OS:
 Windows 10 , 64 bit Build 19041 (10.0.19041.3155)
OS uptime: 2 days 7:30 hours

CPU: total 4 (initial active 4) (2 cores per cpu, 2 threads per core) family 6 model 142 stepping 9 microcode 0xb4, cx8, cmov, fxsr, ht, mmx, 3dnowpref, sse, sse2, sse3, ssse3, sse4.1, sse4.2, popcnt, lzcnt, tsc, tscinvbit, avx, avx2, aes, erms, clmul, bmi1, bmi2, adx, fma, vzeroupper, clflush, clflushopt

Memory: 4k page, system-wide physical 16263M (594M free)
TotalPageFile size 23021M (AvailPageFile size 2M)
current process WorkingSet (physical memory assigned to process): 508M, peak: 516M
current process commit charge ("private bytes"): 577M, peak: 594M

vm_info: Java HotSpot(TM) 64-Bit Server VM (17.0.7+8-LTS-224) for windows-amd64 JRE (17.0.7+8-LTS-224), built on Feb 28 2023 23:03:02 by "mach5one" with MS VC++ 17.1 (VS2022)

END.
