#
# There is insufficient memory for the Java Runtime Environment to continue.
# Native memory allocation (malloc) failed to allocate 32744 bytes for ChunkPool::allocate
# Possible reasons:
#   The system is out of physical RAM or swap space
#   The process is running with CompressedOops enabled, and the Java Heap may be blocking the growth of the native heap
# Possible solutions:
#   Reduce memory load on the system
#   Increase physical memory or swap space
#   Check if swap backing store is full
#   Decrease Java heap size (-Xmx/-Xms)
#   Decrease number of Java threads
#   Decrease Java thread stack sizes (-Xss)
#   Set larger code cache with -XX:ReservedCodeCacheSize=
#   JVM is running with Unscaled Compressed Oops mode in which the Java heap is
#     placed in the first 4GB address space. The Java Heap base address is the
#     maximum limit for the native heap growth. Please use -XX:HeapBaseMinAddress
#     to set the Java Heap base and to place the Java Heap above 4GB virtual address.
# This output file may be truncated or incomplete.
#
#  Out of Memory Error (arena.cpp:78), pid=22736, tid=26320
#
# JRE version: Java(TM) SE Runtime Environment (17.0.7+8) (build 17.0.7+8-LTS-224)
# Java VM: Java HotSpot(TM) 64-Bit Server VM (17.0.7+8-LTS-224, mixed mode, sharing, tiered, compressed oops, compressed class ptrs, g1 gc, windows-amd64)
# No core dump will be written. Minidumps are not enabled by default on client versions of Windows
#

---------------  S U M M A R Y ------------

Command Line: -XX:MaxMetaspaceSize=512m --add-opens=java.base/java.util=ALL-UNNAMED --add-opens=java.base/java.lang=ALL-UNNAMED --add-opens=java.base/java.lang.invoke=ALL-UNNAMED --add-opens=java.base/java.util=ALL-UNNAMED --add-opens=java.prefs/java.util.prefs=ALL-UNNAMED --add-opens=java.prefs/java.util.prefs=ALL-UNNAMED --add-opens=java.base/java.nio.charset=ALL-UNNAMED --add-opens=java.base/java.net=ALL-UNNAMED --add-opens=java.base/java.util.concurrent.atomic=ALL-UNNAMED -Xmx2048m -Dfile.encoding=windows-1252 -Duser.country=IN -Duser.language=en -Duser.variant org.gradle.launcher.daemon.bootstrap.GradleDaemon 7.3.3

Host: Intel(R) Core(TM) i5-7200U CPU @ 2.50GHz, 4 cores, 15G,  Windows 10 , 64 bit Build 19041 (10.0.19041.3155)
Time: Thu Sep 14 15:49:54 2023 India Standard Time elapsed time: 32.179296 seconds (0d 0h 0m 32s)

---------------  T H R E A D  ---------------

Current thread (0x00000179442f8b40):  JavaThread "C2 CompilerThread0" daemon [_thread_in_native, id=26320, stack(0x00000062d2000000,0x00000062d2100000)]


Current CompileTask:
C2:  32179 2073   !   4       java.lang.ClassLoader::loadClass (121 bytes)

Stack: [0x00000062d2000000,0x00000062d2100000]
Native frames: (J=compiled Java code, j=interpreted, Vv=VM code, C=native code)
V  [jvm.dll+0x676a4a]
V  [jvm.dll+0x7d74f4]
V  [jvm.dll+0x7d8c9e]
V  [jvm.dll+0x7d9303]
V  [jvm.dll+0x2452c5]
V  [jvm.dll+0xaac80]
V  [jvm.dll+0xaafcc]
V  [jvm.dll+0x1a9e75]
V  [jvm.dll+0x33c208]
V  [jvm.dll+0x3426aa]
V  [jvm.dll+0x347fa5]
V  [jvm.dll+0x68705c]
V  [jvm.dll+0x686660]
V  [jvm.dll+0x68456a]
V  [jvm.dll+0x1a67fc]
V  [jvm.dll+0x1a738b]
V  [jvm.dll+0x2a9e5c]
V  [jvm.dll+0x68f043]
V  [jvm.dll+0x687016]
V  [jvm.dll+0x686660]
V  [jvm.dll+0x68456a]
V  [jvm.dll+0x1a67fc]
V  [jvm.dll+0x1a738b]
V  [jvm.dll+0x1a738b]
V  [jvm.dll+0x2a9e5c]
V  [jvm.dll+0x68f043]
V  [jvm.dll+0x687016]
V  [jvm.dll+0x686660]
V  [jvm.dll+0x68456a]
V  [jvm.dll+0x1a67fc]
V  [jvm.dll+0x1a738b]
V  [jvm.dll+0x2a9e5c]
V  [jvm.dll+0x68f043]
V  [jvm.dll+0x687016]
V  [jvm.dll+0x686660]
V  [jvm.dll+0x68456a]
V  [jvm.dll+0x1a67fc]
V  [jvm.dll+0x1a738b]
V  [jvm.dll+0x2a9e5c]
V  [jvm.dll+0x68f043]
V  [jvm.dll+0x687016]
V  [jvm.dll+0x686660]
V  [jvm.dll+0x68456a]
V  [jvm.dll+0x1a67fc]
V  [jvm.dll+0x1a738b]
V  [jvm.dll+0x2a9e5c]
V  [jvm.dll+0x68f043]
V  [jvm.dll+0x687016]
V  [jvm.dll+0x686660]
V  [jvm.dll+0x68456a]
V  [jvm.dll+0x1a67fc]
V  [jvm.dll+0x1a738b]
V  [jvm.dll+0x2a9e5c]
V  [jvm.dll+0x68f043]
V  [jvm.dll+0x687016]
V  [jvm.dll+0x686660]
V  [jvm.dll+0x68456a]
V  [jvm.dll+0x1a67fc]
V  [jvm.dll+0x2a9e5c]
V  [jvm.dll+0x68f043]
V  [jvm.dll+0x687016]
V  [jvm.dll+0x686660]
V  [jvm.dll+0x68456a]
V  [jvm.dll+0x1a67fc]
V  [jvm.dll+0x2a9e5c]
V  [jvm.dll+0x68f043]
V  [jvm.dll+0x687016]
V  [jvm.dll+0x686660]
V  [jvm.dll+0x68456a]
V  [jvm.dll+0x1a67fc]
V  [jvm.dll+0x1a738b]
V  [jvm.dll+0x1a738b]
V  [jvm.dll+0x2a9e5c]
V  [jvm.dll+0x68f043]
V  [jvm.dll+0x687016]
V  [jvm.dll+0x686660]
V  [jvm.dll+0x68456a]
V  [jvm.dll+0x1a67fc]
V  [jvm.dll+0x1a738b]
V  [jvm.dll+0x1a738b]
V  [jvm.dll+0x2a9e5c]
V  [jvm.dll+0x68f043]
V  [jvm.dll+0x687016]
V  [jvm.dll+0x686660]
V  [jvm.dll+0x68456a]
V  [jvm.dll+0x1a67fc]
V  [jvm.dll+0x216ab8]
V  [jvm.dll+0x1a35e0]
V  [jvm.dll+0x226a6e]
V  [jvm.dll+0x224e15]
V  [jvm.dll+0x78d05c]
V  [jvm.dll+0x78759a]
V  [jvm.dll+0x675875]
C  [ucrtbase.dll+0x21bb2]
C  [KERNEL32.DLL+0x17614]
C  [ntdll.dll+0x526b1]


---------------  P R O C E S S  ---------------

Threads class SMR info:
_java_thread_list=0x00000179458574f0, length=25, elements={
0x0000017926978290, 0x00000179442d7200, 0x00000179442d7f80, 0x00000179442f2430,
0x00000179442f5d10, 0x00000179442f75e0, 0x00000179442f7ea0, 0x00000179442f8b40,
0x00000179442fb500, 0x0000017944d3b710, 0x0000017944d9c590, 0x0000017944d9da70,
0x00000179465ba5b0, 0x0000017945850960, 0x0000017944f26500, 0x0000017945ee43f0,
0x000001794565af30, 0x0000017945495cd0, 0x0000017945495330, 0x0000017945492cb0,
0x0000017945493ff0, 0x00000179454927e0, 0x0000017945495800, 0x00000179454944c0,
0x0000017945494990
}

Java Threads: ( => current thread )
  0x0000017926978290 JavaThread "main" [_thread_blocked, id=22576, stack(0x00000062d1200000,0x00000062d1300000)]
  0x00000179442d7200 JavaThread "Reference Handler" daemon [_thread_blocked, id=28176, stack(0x00000062d1a00000,0x00000062d1b00000)]
  0x00000179442d7f80 JavaThread "Finalizer" daemon [_thread_blocked, id=17616, stack(0x00000062d1b00000,0x00000062d1c00000)]
  0x00000179442f2430 JavaThread "Signal Dispatcher" daemon [_thread_blocked, id=29152, stack(0x00000062d1c00000,0x00000062d1d00000)]
  0x00000179442f5d10 JavaThread "Attach Listener" daemon [_thread_blocked, id=24956, stack(0x00000062d1d00000,0x00000062d1e00000)]
  0x00000179442f75e0 JavaThread "Service Thread" daemon [_thread_blocked, id=25564, stack(0x00000062d1e00000,0x00000062d1f00000)]
  0x00000179442f7ea0 JavaThread "Monitor Deflation Thread" daemon [_thread_blocked, id=28120, stack(0x00000062d1f00000,0x00000062d2000000)]
=>0x00000179442f8b40 JavaThread "C2 CompilerThread0" daemon [_thread_in_native, id=26320, stack(0x00000062d2000000,0x00000062d2100000)]
  0x00000179442fb500 JavaThread "C1 CompilerThread0" daemon [_thread_blocked, id=14752, stack(0x00000062d2100000,0x00000062d2200000)]
  0x0000017944d3b710 JavaThread "Sweeper thread" daemon [_thread_blocked, id=21540, stack(0x00000062d2200000,0x00000062d2300000)]
  0x0000017944d9c590 JavaThread "Common-Cleaner" daemon [_thread_blocked, id=16028, stack(0x00000062d2300000,0x00000062d2400000)]
  0x0000017944d9da70 JavaThread "Notification Thread" daemon [_thread_blocked, id=23144, stack(0x00000062d2400000,0x00000062d2500000)]
  0x00000179465ba5b0 JavaThread "Daemon health stats" [_thread_blocked, id=12140, stack(0x00000062d2600000,0x00000062d2700000)]
  0x0000017945850960 JavaThread "Incoming local TCP Connector on port 50194" [_thread_in_native, id=15496, stack(0x00000062d2a00000,0x00000062d2b00000)]
  0x0000017944f26500 JavaThread "Daemon periodic checks" [_thread_blocked, id=23224, stack(0x00000062d2b00000,0x00000062d2c00000)]
  0x0000017945ee43f0 JavaThread "Daemon" [_thread_blocked, id=15964, stack(0x00000062d2c00000,0x00000062d2d00000)]
  0x000001794565af30 JavaThread "Handler for socket connection from /127.0.0.1:50194 to /127.0.0.1:50196" [_thread_in_native, id=4680, stack(0x00000062d2d00000,0x00000062d2e00000)]
  0x0000017945495cd0 JavaThread "Cancel handler" [_thread_blocked, id=20560, stack(0x00000062d2e00000,0x00000062d2f00000)]
  0x0000017945495330 JavaThread "Daemon worker" [_thread_in_vm, id=30192, stack(0x00000062d2f00000,0x00000062d3000000)]
  0x0000017945492cb0 JavaThread "Asynchronous log dispatcher for DefaultDaemonConnection: socket connection from /127.0.0.1:50194 to /127.0.0.1:50196" [_thread_blocked, id=11172, stack(0x00000062d3000000,0x00000062d3100000)]
  0x0000017945493ff0 JavaThread "Stdin handler" [_thread_blocked, id=10932, stack(0x00000062d3100000,0x00000062d3200000)]
  0x00000179454927e0 JavaThread "Daemon client event forwarder" [_thread_blocked, id=10984, stack(0x00000062d3200000,0x00000062d3300000)]
  0x0000017945495800 JavaThread "Cache worker for journal cache (C:\Users\ss\.gradle\caches\journal-1)" [_thread_blocked, id=19584, stack(0x00000062d3300000,0x00000062d3400000)]
  0x00000179454944c0 JavaThread "File lock request listener" [_thread_in_native, id=29276, stack(0x00000062d3400000,0x00000062d3500000)]
  0x0000017945494990 JavaThread "Cache worker for file hash cache (C:\Users\ss\.gradle\caches\7.3.3\fileHashes)" [_thread_blocked, id=5788, stack(0x00000062d3500000,0x00000062d3600000)]

Other Threads:
  0x00000179442d1760 VMThread "VM Thread" [stack: 0x00000062d1900000,0x00000062d1a00000] [id=29844]
  0x0000017944da0580 WatcherThread [stack: 0x00000062d2500000,0x00000062d2600000] [id=4532]
  0x00000179269d0380 GCTaskThread "GC Thread#0" [stack: 0x00000062d1400000,0x00000062d1500000] [id=7292]
  0x0000017945588e00 GCTaskThread "GC Thread#1" [stack: 0x00000062d2700000,0x00000062d2800000] [id=24400]
  0x0000017945570720 GCTaskThread "GC Thread#2" [stack: 0x00000062d2800000,0x00000062d2900000] [id=9604]
  0x0000017944f2a3b0 GCTaskThread "GC Thread#3" [stack: 0x00000062d2900000,0x00000062d2a00000] [id=20200]
  0x00000179269e11d0 ConcurrentGCThread "G1 Main Marker" [stack: 0x00000062d1500000,0x00000062d1600000] [id=28312]
  0x00000179269e1af0 ConcurrentGCThread "G1 Conc#0" [stack: 0x00000062d1600000,0x00000062d1700000] [id=12508]
  0x000001794418e130 ConcurrentGCThread "G1 Refine#0" [stack: 0x00000062d1700000,0x00000062d1800000] [id=20224]
  0x000001794418e960 ConcurrentGCThread "G1 Service" [stack: 0x00000062d1800000,0x00000062d1900000] [id=4112]

Threads with active compile tasks:
C2 CompilerThread0    32286 2073   !   4       java.lang.ClassLoader::loadClass (121 bytes)

VM state: not at safepoint (normal execution)

VM Mutex/Monitor currently owned by a thread:  ([mutex/lock_event])
[0x0000017926973c80] MethodCompileQueue_lock - owner thread: 0x0000017945495330

Heap address: 0x0000000080000000, size: 2048 MB, Compressed Oops mode: 32-bit

CDS archive(s) mapped at: [0x0000000800000000-0x0000000800bd0000-0x0000000800bd0000), size 12386304, SharedBaseAddress: 0x0000000800000000, ArchiveRelocationMode: 0.
Compressed class space mapped at: 0x0000000800c00000-0x000000081a800000, reserved size: 432013312
Narrow klass base: 0x0000000800000000, Narrow klass shift: 0, Narrow klass range: 0x100000000

GC Precious Log:
 CPUs: 4 total, 4 available
 Memory: 16263M
 Large Page Support: Disabled
 NUMA Support: Disabled
 Compressed Oops: Enabled (32-bit)
 Heap Region Size: 1M
 Heap Min Capacity: 8M
 Heap Initial Capacity: 256M
 Heap Max Capacity: 2G
 Pre-touch: Disabled
 Parallel Workers: 4
 Concurrent Workers: 1
 Concurrent Refinement Workers: 4
 Periodic GC: Disabled

Heap:
 garbage-first heap   total 262144K, used 58854K [0x0000000080000000, 0x0000000100000000)
  region size 1024K, 49 young (50176K), 3 survivors (3072K)
 Metaspace       used 13111K, committed 13376K, reserved 438272K
  class space    used 1845K, committed 1984K, reserved 421888K

Heap Regions: E=young(eden), S=young(survivor), O=old, HS=humongous(starts), HC=humongous(continues), CS=collection set, F=free, OA=open archive, CA=closed archive, TAMS=top-at-mark-start (previous, next)
|   0|0x0000000080000000, 0x0000000080100000, 0x0000000080100000|100%|HS|  |TAMS 0x0000000080000000, 0x0000000080000000| Complete 
|   1|0x0000000080100000, 0x0000000080200000, 0x0000000080200000|100%|HC|  |TAMS 0x0000000080100000, 0x0000000080100000| Complete 
|   2|0x0000000080200000, 0x0000000080300000, 0x0000000080300000|100%|HC|  |TAMS 0x0000000080200000, 0x0000000080200000| Complete 
|   3|0x0000000080300000, 0x0000000080400000, 0x0000000080400000|100%| O|  |TAMS 0x0000000080300000, 0x0000000080300000| Untracked 
|   4|0x0000000080400000, 0x0000000080500000, 0x0000000080500000|100%| O|  |TAMS 0x0000000080400000, 0x0000000080400000| Untracked 
|   5|0x0000000080500000, 0x0000000080600000, 0x0000000080600000|100%| O|  |TAMS 0x0000000080500000, 0x0000000080500000| Untracked 
|   6|0x0000000080600000, 0x0000000080700000, 0x0000000080700000|100%| O|  |TAMS 0x0000000080600000, 0x0000000080600000| Untracked 
|   7|0x0000000080700000, 0x0000000080700000, 0x0000000080800000|  0%| F|  |TAMS 0x0000000080700000, 0x0000000080700000| Untracked 
|   8|0x0000000080800000, 0x0000000080900000, 0x0000000080900000|100%| O|  |TAMS 0x0000000080800000, 0x0000000080800000| Untracked 
|   9|0x0000000080900000, 0x0000000080a00000, 0x0000000080a00000|100%| O|  |TAMS 0x0000000080900000, 0x0000000080900000| Untracked 
|  10|0x0000000080a00000, 0x0000000080a79800, 0x0000000080b00000| 47%| O|  |TAMS 0x0000000080a00000, 0x0000000080a00000| Untracked 
|  11|0x0000000080b00000, 0x0000000080b00000, 0x0000000080c00000|  0%| F|  |TAMS 0x0000000080b00000, 0x0000000080b00000| Untracked 
|  12|0x0000000080c00000, 0x0000000080c00000, 0x0000000080d00000|  0%| F|  |TAMS 0x0000000080c00000, 0x0000000080c00000| Untracked 
|  13|0x0000000080d00000, 0x0000000080d00000, 0x0000000080e00000|  0%| F|  |TAMS 0x0000000080d00000, 0x0000000080d00000| Untracked 
|  14|0x0000000080e00000, 0x0000000080e00000, 0x0000000080f00000|  0%| F|  |TAMS 0x0000000080e00000, 0x0000000080e00000| Untracked 
|  15|0x0000000080f00000, 0x0000000080f00000, 0x0000000081000000|  0%| F|  |TAMS 0x0000000080f00000, 0x0000000080f00000| Untracked 
|  16|0x0000000081000000, 0x0000000081000000, 0x0000000081100000|  0%| F|  |TAMS 0x0000000081000000, 0x0000000081000000| Untracked 
|  17|0x0000000081100000, 0x0000000081100000, 0x0000000081200000|  0%| F|  |TAMS 0x0000000081100000, 0x0000000081100000| Untracked 
|  18|0x0000000081200000, 0x0000000081200000, 0x0000000081300000|  0%| F|  |TAMS 0x0000000081200000, 0x0000000081200000| Untracked 
|  19|0x0000000081300000, 0x0000000081300000, 0x0000000081400000|  0%| F|  |TAMS 0x0000000081300000, 0x0000000081300000| Untracked 
|  20|0x0000000081400000, 0x0000000081400000, 0x0000000081500000|  0%| F|  |TAMS 0x0000000081400000, 0x0000000081400000| Untracked 
|  21|0x0000000081500000, 0x0000000081500000, 0x0000000081600000|  0%| F|  |TAMS 0x0000000081500000, 0x0000000081500000| Untracked 
|  22|0x0000000081600000, 0x0000000081600000, 0x0000000081700000|  0%| F|  |TAMS 0x0000000081600000, 0x0000000081600000| Untracked 
|  23|0x0000000081700000, 0x0000000081700000, 0x0000000081800000|  0%| F|  |TAMS 0x0000000081700000, 0x0000000081700000| Untracked 
|  24|0x0000000081800000, 0x0000000081800000, 0x0000000081900000|  0%| F|  |TAMS 0x0000000081800000, 0x0000000081800000| Untracked 
|  25|0x0000000081900000, 0x0000000081900000, 0x0000000081a00000|  0%| F|  |TAMS 0x0000000081900000, 0x0000000081900000| Untracked 
|  26|0x0000000081a00000, 0x0000000081a00000, 0x0000000081b00000|  0%| F|  |TAMS 0x0000000081a00000, 0x0000000081a00000| Untracked 
|  27|0x0000000081b00000, 0x0000000081b00000, 0x0000000081c00000|  0%| F|  |TAMS 0x0000000081b00000, 0x0000000081b00000| Untracked 
|  28|0x0000000081c00000, 0x0000000081c00000, 0x0000000081d00000|  0%| F|  |TAMS 0x0000000081c00000, 0x0000000081c00000| Untracked 
|  29|0x0000000081d00000, 0x0000000081d00000, 0x0000000081e00000|  0%| F|  |TAMS 0x0000000081d00000, 0x0000000081d00000| Untracked 
|  30|0x0000000081e00000, 0x0000000081e00000, 0x0000000081f00000|  0%| F|  |TAMS 0x0000000081e00000, 0x0000000081e00000| Untracked 
|  31|0x0000000081f00000, 0x0000000081f00000, 0x0000000082000000|  0%| F|  |TAMS 0x0000000081f00000, 0x0000000081f00000| Untracked 
|  32|0x0000000082000000, 0x0000000082000000, 0x0000000082100000|  0%| F|  |TAMS 0x0000000082000000, 0x0000000082000000| Untracked 
|  33|0x0000000082100000, 0x0000000082100000, 0x0000000082200000|  0%| F|  |TAMS 0x0000000082100000, 0x0000000082100000| Untracked 
|  34|0x0000000082200000, 0x0000000082200000, 0x0000000082300000|  0%| F|  |TAMS 0x0000000082200000, 0x0000000082200000| Untracked 
|  35|0x0000000082300000, 0x0000000082300000, 0x0000000082400000|  0%| F|  |TAMS 0x0000000082300000, 0x0000000082300000| Untracked 
|  36|0x0000000082400000, 0x0000000082400000, 0x0000000082500000|  0%| F|  |TAMS 0x0000000082400000, 0x0000000082400000| Untracked 
|  37|0x0000000082500000, 0x0000000082500000, 0x0000000082600000|  0%| F|  |TAMS 0x0000000082500000, 0x0000000082500000| Untracked 
|  38|0x0000000082600000, 0x0000000082600000, 0x0000000082700000|  0%| F|  |TAMS 0x0000000082600000, 0x0000000082600000| Untracked 
|  39|0x0000000082700000, 0x0000000082700000, 0x0000000082800000|  0%| F|  |TAMS 0x0000000082700000, 0x0000000082700000| Untracked 
|  40|0x0000000082800000, 0x0000000082800000, 0x0000000082900000|  0%| F|  |TAMS 0x0000000082800000, 0x0000000082800000| Untracked 
|  41|0x0000000082900000, 0x0000000082900000, 0x0000000082a00000|  0%| F|  |TAMS 0x0000000082900000, 0x0000000082900000| Untracked 
|  42|0x0000000082a00000, 0x0000000082a00000, 0x0000000082b00000|  0%| F|  |TAMS 0x0000000082a00000, 0x0000000082a00000| Untracked 
|  43|0x0000000082b00000, 0x0000000082b00000, 0x0000000082c00000|  0%| F|  |TAMS 0x0000000082b00000, 0x0000000082b00000| Untracked 
|  44|0x0000000082c00000, 0x0000000082c00000, 0x0000000082d00000|  0%| F|  |TAMS 0x0000000082c00000, 0x0000000082c00000| Untracked 
|  45|0x0000000082d00000, 0x0000000082d00000, 0x0000000082e00000|  0%| F|  |TAMS 0x0000000082d00000, 0x0000000082d00000| Untracked 
|  46|0x0000000082e00000, 0x0000000082e00000, 0x0000000082f00000|  0%| F|  |TAMS 0x0000000082e00000, 0x0000000082e00000| Untracked 
|  47|0x0000000082f00000, 0x0000000082f00000, 0x0000000083000000|  0%| F|  |TAMS 0x0000000082f00000, 0x0000000082f00000| Untracked 
|  48|0x0000000083000000, 0x0000000083000000, 0x0000000083100000|  0%| F|  |TAMS 0x0000000083000000, 0x0000000083000000| Untracked 
|  49|0x0000000083100000, 0x0000000083100000, 0x0000000083200000|  0%| F|  |TAMS 0x0000000083100000, 0x0000000083100000| Untracked 
|  50|0x0000000083200000, 0x0000000083200000, 0x0000000083300000|  0%| F|  |TAMS 0x0000000083200000, 0x0000000083200000| Untracked 
|  51|0x0000000083300000, 0x0000000083300000, 0x0000000083400000|  0%| F|  |TAMS 0x0000000083300000, 0x0000000083300000| Untracked 
|  52|0x0000000083400000, 0x0000000083400000, 0x0000000083500000|  0%| F|  |TAMS 0x0000000083400000, 0x0000000083400000| Untracked 
|  53|0x0000000083500000, 0x0000000083500000, 0x0000000083600000|  0%| F|  |TAMS 0x0000000083500000, 0x0000000083500000| Untracked 
|  54|0x0000000083600000, 0x0000000083600000, 0x0000000083700000|  0%| F|  |TAMS 0x0000000083600000, 0x0000000083600000| Untracked 
|  55|0x0000000083700000, 0x0000000083700000, 0x0000000083800000|  0%| F|  |TAMS 0x0000000083700000, 0x0000000083700000| Untracked 
|  56|0x0000000083800000, 0x0000000083800000, 0x0000000083900000|  0%| F|  |TAMS 0x0000000083800000, 0x0000000083800000| Untracked 
|  57|0x0000000083900000, 0x0000000083900000, 0x0000000083a00000|  0%| F|  |TAMS 0x0000000083900000, 0x0000000083900000| Untracked 
|  58|0x0000000083a00000, 0x0000000083a00000, 0x0000000083b00000|  0%| F|  |TAMS 0x0000000083a00000, 0x0000000083a00000| Untracked 
|  59|0x0000000083b00000, 0x0000000083b00000, 0x0000000083c00000|  0%| F|  |TAMS 0x0000000083b00000, 0x0000000083b00000| Untracked 
|  60|0x0000000083c00000, 0x0000000083c00000, 0x0000000083d00000|  0%| F|  |TAMS 0x0000000083c00000, 0x0000000083c00000| Untracked 
|  61|0x0000000083d00000, 0x0000000083d00000, 0x0000000083e00000|  0%| F|  |TAMS 0x0000000083d00000, 0x0000000083d00000| Untracked 
|  62|0x0000000083e00000, 0x0000000083e00000, 0x0000000083f00000|  0%| F|  |TAMS 0x0000000083e00000, 0x0000000083e00000| Untracked 
|  63|0x0000000083f00000, 0x0000000083f00000, 0x0000000084000000|  0%| F|  |TAMS 0x0000000083f00000, 0x0000000083f00000| Untracked 
|  64|0x0000000084000000, 0x0000000084000000, 0x0000000084100000|  0%| F|  |TAMS 0x0000000084000000, 0x0000000084000000| Untracked 
|  65|0x0000000084100000, 0x0000000084100000, 0x0000000084200000|  0%| F|  |TAMS 0x0000000084100000, 0x0000000084100000| Untracked 
|  66|0x0000000084200000, 0x0000000084200000, 0x0000000084300000|  0%| F|  |TAMS 0x0000000084200000, 0x0000000084200000| Untracked 
|  67|0x0000000084300000, 0x0000000084300000, 0x0000000084400000|  0%| F|  |TAMS 0x0000000084300000, 0x0000000084300000| Untracked 
|  68|0x0000000084400000, 0x0000000084400000, 0x0000000084500000|  0%| F|  |TAMS 0x0000000084400000, 0x0000000084400000| Untracked 
|  69|0x0000000084500000, 0x0000000084500000, 0x0000000084600000|  0%| F|  |TAMS 0x0000000084500000, 0x0000000084500000| Untracked 
|  70|0x0000000084600000, 0x0000000084600000, 0x0000000084700000|  0%| F|  |TAMS 0x0000000084600000, 0x0000000084600000| Untracked 
|  71|0x0000000084700000, 0x0000000084700000, 0x0000000084800000|  0%| F|  |TAMS 0x0000000084700000, 0x0000000084700000| Untracked 
|  72|0x0000000084800000, 0x0000000084800000, 0x0000000084900000|  0%| F|  |TAMS 0x0000000084800000, 0x0000000084800000| Untracked 
|  73|0x0000000084900000, 0x0000000084900000, 0x0000000084a00000|  0%| F|  |TAMS 0x0000000084900000, 0x0000000084900000| Untracked 
|  74|0x0000000084a00000, 0x0000000084a00000, 0x0000000084b00000|  0%| F|  |TAMS 0x0000000084a00000, 0x0000000084a00000| Untracked 
|  75|0x0000000084b00000, 0x0000000084b00000, 0x0000000084c00000|  0%| F|  |TAMS 0x0000000084b00000, 0x0000000084b00000| Untracked 
|  76|0x0000000084c00000, 0x0000000084c00000, 0x0000000084d00000|  0%| F|  |TAMS 0x0000000084c00000, 0x0000000084c00000| Untracked 
|  77|0x0000000084d00000, 0x0000000084d00000, 0x0000000084e00000|  0%| F|  |TAMS 0x0000000084d00000, 0x0000000084d00000| Untracked 
|  78|0x0000000084e00000, 0x0000000084e00000, 0x0000000084f00000|  0%| F|  |TAMS 0x0000000084e00000, 0x0000000084e00000| Untracked 
|  79|0x0000000084f00000, 0x0000000084f00000, 0x0000000085000000|  0%| F|  |TAMS 0x0000000084f00000, 0x0000000084f00000| Untracked 
|  80|0x0000000085000000, 0x0000000085000000, 0x0000000085100000|  0%| F|  |TAMS 0x0000000085000000, 0x0000000085000000| Untracked 
|  81|0x0000000085100000, 0x0000000085100000, 0x0000000085200000|  0%| F|  |TAMS 0x0000000085100000, 0x0000000085100000| Untracked 
|  82|0x0000000085200000, 0x0000000085200000, 0x0000000085300000|  0%| F|  |TAMS 0x0000000085200000, 0x0000000085200000| Untracked 
|  83|0x0000000085300000, 0x0000000085300000, 0x0000000085400000|  0%| F|  |TAMS 0x0000000085300000, 0x0000000085300000| Untracked 
|  84|0x0000000085400000, 0x0000000085400000, 0x0000000085500000|  0%| F|  |TAMS 0x0000000085400000, 0x0000000085400000| Untracked 
|  85|0x0000000085500000, 0x0000000085500000, 0x0000000085600000|  0%| F|  |TAMS 0x0000000085500000, 0x0000000085500000| Untracked 
|  86|0x0000000085600000, 0x0000000085600000, 0x0000000085700000|  0%| F|  |TAMS 0x0000000085600000, 0x0000000085600000| Untracked 
|  87|0x0000000085700000, 0x0000000085700000, 0x0000000085800000|  0%| F|  |TAMS 0x0000000085700000, 0x0000000085700000| Untracked 
|  88|0x0000000085800000, 0x0000000085800000, 0x0000000085900000|  0%| F|  |TAMS 0x0000000085800000, 0x0000000085800000| Untracked 
|  89|0x0000000085900000, 0x0000000085900000, 0x0000000085a00000|  0%| F|  |TAMS 0x0000000085900000, 0x0000000085900000| Untracked 
|  90|0x0000000085a00000, 0x0000000085a00000, 0x0000000085b00000|  0%| F|  |TAMS 0x0000000085a00000, 0x0000000085a00000| Untracked 
|  91|0x0000000085b00000, 0x0000000085b00000, 0x0000000085c00000|  0%| F|  |TAMS 0x0000000085b00000, 0x0000000085b00000| Untracked 
|  92|0x0000000085c00000, 0x0000000085c00000, 0x0000000085d00000|  0%| F|  |TAMS 0x0000000085c00000, 0x0000000085c00000| Untracked 
|  93|0x0000000085d00000, 0x0000000085d00000, 0x0000000085e00000|  0%| F|  |TAMS 0x0000000085d00000, 0x0000000085d00000| Untracked 
|  94|0x0000000085e00000, 0x0000000085e00000, 0x0000000085f00000|  0%| F|  |TAMS 0x0000000085e00000, 0x0000000085e00000| Untracked 
|  95|0x0000000085f00000, 0x0000000085f00000, 0x0000000086000000|  0%| F|  |TAMS 0x0000000085f00000, 0x0000000085f00000| Untracked 
|  96|0x0000000086000000, 0x0000000086000000, 0x0000000086100000|  0%| F|  |TAMS 0x0000000086000000, 0x0000000086000000| Untracked 
|  97|0x0000000086100000, 0x0000000086100000, 0x0000000086200000|  0%| F|  |TAMS 0x0000000086100000, 0x0000000086100000| Untracked 
|  98|0x0000000086200000, 0x0000000086200000, 0x0000000086300000|  0%| F|  |TAMS 0x0000000086200000, 0x0000000086200000| Untracked 
|  99|0x0000000086300000, 0x0000000086300000, 0x0000000086400000|  0%| F|  |TAMS 0x0000000086300000, 0x0000000086300000| Untracked 
| 100|0x0000000086400000, 0x0000000086400000, 0x0000000086500000|  0%| F|  |TAMS 0x0000000086400000, 0x0000000086400000| Untracked 
| 101|0x0000000086500000, 0x0000000086500000, 0x0000000086600000|  0%| F|  |TAMS 0x0000000086500000, 0x0000000086500000| Untracked 
| 102|0x0000000086600000, 0x0000000086600000, 0x0000000086700000|  0%| F|  |TAMS 0x0000000086600000, 0x0000000086600000| Untracked 
| 103|0x0000000086700000, 0x0000000086700000, 0x0000000086800000|  0%| F|  |TAMS 0x0000000086700000, 0x0000000086700000| Untracked 
| 104|0x0000000086800000, 0x0000000086800000, 0x0000000086900000|  0%| F|  |TAMS 0x0000000086800000, 0x0000000086800000| Untracked 
| 105|0x0000000086900000, 0x0000000086900000, 0x0000000086a00000|  0%| F|  |TAMS 0x0000000086900000, 0x0000000086900000| Untracked 
| 106|0x0000000086a00000, 0x0000000086a00000, 0x0000000086b00000|  0%| F|  |TAMS 0x0000000086a00000, 0x0000000086a00000| Untracked 
| 107|0x0000000086b00000, 0x0000000086b00000, 0x0000000086c00000|  0%| F|  |TAMS 0x0000000086b00000, 0x0000000086b00000| Untracked 
| 108|0x0000000086c00000, 0x0000000086c00000, 0x0000000086d00000|  0%| F|  |TAMS 0x0000000086c00000, 0x0000000086c00000| Untracked 
| 109|0x0000000086d00000, 0x0000000086d00000, 0x0000000086e00000|  0%| F|  |TAMS 0x0000000086d00000, 0x0000000086d00000| Untracked 
| 110|0x0000000086e00000, 0x0000000086e00000, 0x0000000086f00000|  0%| F|  |TAMS 0x0000000086e00000, 0x0000000086e00000| Untracked 
| 111|0x0000000086f00000, 0x0000000086f00000, 0x0000000087000000|  0%| F|  |TAMS 0x0000000086f00000, 0x0000000086f00000| Untracked 
| 112|0x0000000087000000, 0x0000000087000000, 0x0000000087100000|  0%| F|  |TAMS 0x0000000087000000, 0x0000000087000000| Untracked 
| 113|0x0000000087100000, 0x0000000087100000, 0x0000000087200000|  0%| F|  |TAMS 0x0000000087100000, 0x0000000087100000| Untracked 
| 114|0x0000000087200000, 0x0000000087200000, 0x0000000087300000|  0%| F|  |TAMS 0x0000000087200000, 0x0000000087200000| Untracked 
| 115|0x0000000087300000, 0x0000000087300000, 0x0000000087400000|  0%| F|  |TAMS 0x0000000087300000, 0x0000000087300000| Untracked 
| 116|0x0000000087400000, 0x0000000087400000, 0x0000000087500000|  0%| F|  |TAMS 0x0000000087400000, 0x0000000087400000| Untracked 
| 117|0x0000000087500000, 0x0000000087500000, 0x0000000087600000|  0%| F|  |TAMS 0x0000000087500000, 0x0000000087500000| Untracked 
| 118|0x0000000087600000, 0x0000000087600000, 0x0000000087700000|  0%| F|  |TAMS 0x0000000087600000, 0x0000000087600000| Untracked 
| 119|0x0000000087700000, 0x0000000087700000, 0x0000000087800000|  0%| F|  |TAMS 0x0000000087700000, 0x0000000087700000| Untracked 
| 120|0x0000000087800000, 0x0000000087800000, 0x0000000087900000|  0%| F|  |TAMS 0x0000000087800000, 0x0000000087800000| Untracked 
| 121|0x0000000087900000, 0x0000000087900000, 0x0000000087a00000|  0%| F|  |TAMS 0x0000000087900000, 0x0000000087900000| Untracked 
| 122|0x0000000087a00000, 0x0000000087a00000, 0x0000000087b00000|  0%| F|  |TAMS 0x0000000087a00000, 0x0000000087a00000| Untracked 
| 123|0x0000000087b00000, 0x0000000087b00000, 0x0000000087c00000|  0%| F|  |TAMS 0x0000000087b00000, 0x0000000087b00000| Untracked 
| 124|0x0000000087c00000, 0x0000000087c00000, 0x0000000087d00000|  0%| F|  |TAMS 0x0000000087c00000, 0x0000000087c00000| Untracked 
| 125|0x0000000087d00000, 0x0000000087d00000, 0x0000000087e00000|  0%| F|  |TAMS 0x0000000087d00000, 0x0000000087d00000| Untracked 
| 126|0x0000000087e00000, 0x0000000087e00000, 0x0000000087f00000|  0%| F|  |TAMS 0x0000000087e00000, 0x0000000087e00000| Untracked 
| 127|0x0000000087f00000, 0x0000000087f00000, 0x0000000088000000|  0%| F|  |TAMS 0x0000000087f00000, 0x0000000087f00000| Untracked 
| 128|0x0000000088000000, 0x0000000088000000, 0x0000000088100000|  0%| F|  |TAMS 0x0000000088000000, 0x0000000088000000| Untracked 
| 129|0x0000000088100000, 0x0000000088100000, 0x0000000088200000|  0%| F|  |TAMS 0x0000000088100000, 0x0000000088100000| Untracked 
| 130|0x0000000088200000, 0x0000000088200000, 0x0000000088300000|  0%| F|  |TAMS 0x0000000088200000, 0x0000000088200000| Untracked 
| 131|0x0000000088300000, 0x0000000088300000, 0x0000000088400000|  0%| F|  |TAMS 0x0000000088300000, 0x0000000088300000| Untracked 
| 132|0x0000000088400000, 0x0000000088400000, 0x0000000088500000|  0%| F|  |TAMS 0x0000000088400000, 0x0000000088400000| Untracked 
| 133|0x0000000088500000, 0x0000000088500000, 0x0000000088600000|  0%| F|  |TAMS 0x0000000088500000, 0x0000000088500000| Untracked 
| 134|0x0000000088600000, 0x0000000088600000, 0x0000000088700000|  0%| F|  |TAMS 0x0000000088600000, 0x0000000088600000| Untracked 
| 135|0x0000000088700000, 0x0000000088700000, 0x0000000088800000|  0%| F|  |TAMS 0x0000000088700000, 0x0000000088700000| Untracked 
| 136|0x0000000088800000, 0x0000000088800000, 0x0000000088900000|  0%| F|  |TAMS 0x0000000088800000, 0x0000000088800000| Untracked 
| 137|0x0000000088900000, 0x0000000088900000, 0x0000000088a00000|  0%| F|  |TAMS 0x0000000088900000, 0x0000000088900000| Untracked 
| 138|0x0000000088a00000, 0x0000000088a00000, 0x0000000088b00000|  0%| F|  |TAMS 0x0000000088a00000, 0x0000000088a00000| Untracked 
| 139|0x0000000088b00000, 0x0000000088b00000, 0x0000000088c00000|  0%| F|  |TAMS 0x0000000088b00000, 0x0000000088b00000| Untracked 
| 140|0x0000000088c00000, 0x0000000088c00000, 0x0000000088d00000|  0%| F|  |TAMS 0x0000000088c00000, 0x0000000088c00000| Untracked 
| 141|0x0000000088d00000, 0x0000000088d00000, 0x0000000088e00000|  0%| F|  |TAMS 0x0000000088d00000, 0x0000000088d00000| Untracked 
| 142|0x0000000088e00000, 0x0000000088e00000, 0x0000000088f00000|  0%| F|  |TAMS 0x0000000088e00000, 0x0000000088e00000| Untracked 
| 143|0x0000000088f00000, 0x0000000088f00000, 0x0000000089000000|  0%| F|  |TAMS 0x0000000088f00000, 0x0000000088f00000| Untracked 
| 144|0x0000000089000000, 0x0000000089000000, 0x0000000089100000|  0%| F|  |TAMS 0x0000000089000000, 0x0000000089000000| Untracked 
| 145|0x0000000089100000, 0x0000000089100000, 0x0000000089200000|  0%| F|  |TAMS 0x0000000089100000, 0x0000000089100000| Untracked 
| 146|0x0000000089200000, 0x0000000089200000, 0x0000000089300000|  0%| F|  |TAMS 0x0000000089200000, 0x0000000089200000| Untracked 
| 147|0x0000000089300000, 0x0000000089300000, 0x0000000089400000|  0%| F|  |TAMS 0x0000000089300000, 0x0000000089300000| Untracked 
| 148|0x0000000089400000, 0x0000000089400000, 0x0000000089500000|  0%| F|  |TAMS 0x0000000089400000, 0x0000000089400000| Untracked 
| 149|0x0000000089500000, 0x0000000089500000, 0x0000000089600000|  0%| F|  |TAMS 0x0000000089500000, 0x0000000089500000| Untracked 
| 150|0x0000000089600000, 0x0000000089600000, 0x0000000089700000|  0%| F|  |TAMS 0x0000000089600000, 0x0000000089600000| Untracked 
| 151|0x0000000089700000, 0x0000000089700000, 0x0000000089800000|  0%| F|  |TAMS 0x0000000089700000, 0x0000000089700000| Untracked 
| 152|0x0000000089800000, 0x0000000089800000, 0x0000000089900000|  0%| F|  |TAMS 0x0000000089800000, 0x0000000089800000| Untracked 
| 153|0x0000000089900000, 0x0000000089900000, 0x0000000089a00000|  0%| F|  |TAMS 0x0000000089900000, 0x0000000089900000| Untracked 
| 154|0x0000000089a00000, 0x0000000089a00000, 0x0000000089b00000|  0%| F|  |TAMS 0x0000000089a00000, 0x0000000089a00000| Untracked 
| 155|0x0000000089b00000, 0x0000000089b00000, 0x0000000089c00000|  0%| F|  |TAMS 0x0000000089b00000, 0x0000000089b00000| Untracked 
| 156|0x0000000089c00000, 0x0000000089c00000, 0x0000000089d00000|  0%| F|  |TAMS 0x0000000089c00000, 0x0000000089c00000| Untracked 
| 157|0x0000000089d00000, 0x0000000089d00000, 0x0000000089e00000|  0%| F|  |TAMS 0x0000000089d00000, 0x0000000089d00000| Untracked 
| 158|0x0000000089e00000, 0x0000000089e00000, 0x0000000089f00000|  0%| F|  |TAMS 0x0000000089e00000, 0x0000000089e00000| Untracked 
| 159|0x0000000089f00000, 0x0000000089f00000, 0x000000008a000000|  0%| F|  |TAMS 0x0000000089f00000, 0x0000000089f00000| Untracked 
| 160|0x000000008a000000, 0x000000008a000000, 0x000000008a100000|  0%| F|  |TAMS 0x000000008a000000, 0x000000008a000000| Untracked 
| 161|0x000000008a100000, 0x000000008a100000, 0x000000008a200000|  0%| F|  |TAMS 0x000000008a100000, 0x000000008a100000| Untracked 
| 162|0x000000008a200000, 0x000000008a200000, 0x000000008a300000|  0%| F|  |TAMS 0x000000008a200000, 0x000000008a200000| Untracked 
| 163|0x000000008a300000, 0x000000008a300000, 0x000000008a400000|  0%| F|  |TAMS 0x000000008a300000, 0x000000008a300000| Untracked 
| 164|0x000000008a400000, 0x000000008a400000, 0x000000008a500000|  0%| F|  |TAMS 0x000000008a400000, 0x000000008a400000| Untracked 
| 165|0x000000008a500000, 0x000000008a500000, 0x000000008a600000|  0%| F|  |TAMS 0x000000008a500000, 0x000000008a500000| Untracked 
| 166|0x000000008a600000, 0x000000008a600000, 0x000000008a700000|  0%| F|  |TAMS 0x000000008a600000, 0x000000008a600000| Untracked 
| 167|0x000000008a700000, 0x000000008a700000, 0x000000008a800000|  0%| F|  |TAMS 0x000000008a700000, 0x000000008a700000| Untracked 
| 168|0x000000008a800000, 0x000000008a800000, 0x000000008a900000|  0%| F|  |TAMS 0x000000008a800000, 0x000000008a800000| Untracked 
| 169|0x000000008a900000, 0x000000008a900000, 0x000000008aa00000|  0%| F|  |TAMS 0x000000008a900000, 0x000000008a900000| Untracked 
| 170|0x000000008aa00000, 0x000000008aa00000, 0x000000008ab00000|  0%| F|  |TAMS 0x000000008aa00000, 0x000000008aa00000| Untracked 
| 171|0x000000008ab00000, 0x000000008ab00000, 0x000000008ac00000|  0%| F|  |TAMS 0x000000008ab00000, 0x000000008ab00000| Untracked 
| 172|0x000000008ac00000, 0x000000008ac00000, 0x000000008ad00000|  0%| F|  |TAMS 0x000000008ac00000, 0x000000008ac00000| Untracked 
| 173|0x000000008ad00000, 0x000000008ad00000, 0x000000008ae00000|  0%| F|  |TAMS 0x000000008ad00000, 0x000000008ad00000| Untracked 
| 174|0x000000008ae00000, 0x000000008ae00000, 0x000000008af00000|  0%| F|  |TAMS 0x000000008ae00000, 0x000000008ae00000| Untracked 
| 175|0x000000008af00000, 0x000000008af00000, 0x000000008b000000|  0%| F|  |TAMS 0x000000008af00000, 0x000000008af00000| Untracked 
| 176|0x000000008b000000, 0x000000008b000000, 0x000000008b100000|  0%| F|  |TAMS 0x000000008b000000, 0x000000008b000000| Untracked 
| 177|0x000000008b100000, 0x000000008b100000, 0x000000008b200000|  0%| F|  |TAMS 0x000000008b100000, 0x000000008b100000| Untracked 
| 178|0x000000008b200000, 0x000000008b200000, 0x000000008b300000|  0%| F|  |TAMS 0x000000008b200000, 0x000000008b200000| Untracked 
| 179|0x000000008b300000, 0x000000008b300000, 0x000000008b400000|  0%| F|  |TAMS 0x000000008b300000, 0x000000008b300000| Untracked 
| 180|0x000000008b400000, 0x000000008b400000, 0x000000008b500000|  0%| F|  |TAMS 0x000000008b400000, 0x000000008b400000| Untracked 
| 181|0x000000008b500000, 0x000000008b500000, 0x000000008b600000|  0%| F|  |TAMS 0x000000008b500000, 0x000000008b500000| Untracked 
| 182|0x000000008b600000, 0x000000008b600000, 0x000000008b700000|  0%| F|  |TAMS 0x000000008b600000, 0x000000008b600000| Untracked 
| 183|0x000000008b700000, 0x000000008b700000, 0x000000008b800000|  0%| F|  |TAMS 0x000000008b700000, 0x000000008b700000| Untracked 
| 184|0x000000008b800000, 0x000000008b800000, 0x000000008b900000|  0%| F|  |TAMS 0x000000008b800000, 0x000000008b800000| Untracked 
| 185|0x000000008b900000, 0x000000008b900000, 0x000000008ba00000|  0%| F|  |TAMS 0x000000008b900000, 0x000000008b900000| Untracked 
| 186|0x000000008ba00000, 0x000000008ba00000, 0x000000008bb00000|  0%| F|  |TAMS 0x000000008ba00000, 0x000000008ba00000| Untracked 
| 187|0x000000008bb00000, 0x000000008bb00000, 0x000000008bc00000|  0%| F|  |TAMS 0x000000008bb00000, 0x000000008bb00000| Untracked 
| 188|0x000000008bc00000, 0x000000008bc00000, 0x000000008bd00000|  0%| F|  |TAMS 0x000000008bc00000, 0x000000008bc00000| Untracked 
| 189|0x000000008bd00000, 0x000000008bd00000, 0x000000008be00000|  0%| F|  |TAMS 0x000000008bd00000, 0x000000008bd00000| Untracked 
| 190|0x000000008be00000, 0x000000008be00000, 0x000000008bf00000|  0%| F|  |TAMS 0x000000008be00000, 0x000000008be00000| Untracked 
| 191|0x000000008bf00000, 0x000000008bf00000, 0x000000008c000000|  0%| F|  |TAMS 0x000000008bf00000, 0x000000008bf00000| Untracked 
| 192|0x000000008c000000, 0x000000008c000000, 0x000000008c100000|  0%| F|  |TAMS 0x000000008c000000, 0x000000008c000000| Untracked 
| 193|0x000000008c100000, 0x000000008c100000, 0x000000008c200000|  0%| F|  |TAMS 0x000000008c100000, 0x000000008c100000| Untracked 
| 194|0x000000008c200000, 0x000000008c200000, 0x000000008c300000|  0%| F|  |TAMS 0x000000008c200000, 0x000000008c200000| Untracked 
| 195|0x000000008c300000, 0x000000008c300000, 0x000000008c400000|  0%| F|  |TAMS 0x000000008c300000, 0x000000008c300000| Untracked 
| 196|0x000000008c400000, 0x000000008c400000, 0x000000008c500000|  0%| F|  |TAMS 0x000000008c400000, 0x000000008c400000| Untracked 
| 197|0x000000008c500000, 0x000000008c500000, 0x000000008c600000|  0%| F|  |TAMS 0x000000008c500000, 0x000000008c500000| Untracked 
| 198|0x000000008c600000, 0x000000008c600000, 0x000000008c700000|  0%| F|  |TAMS 0x000000008c600000, 0x000000008c600000| Untracked 
| 199|0x000000008c700000, 0x000000008c700000, 0x000000008c800000|  0%| F|  |TAMS 0x000000008c700000, 0x000000008c700000| Untracked 
| 200|0x000000008c800000, 0x000000008c800000, 0x000000008c900000|  0%| F|  |TAMS 0x000000008c800000, 0x000000008c800000| Untracked 
| 201|0x000000008c900000, 0x000000008c900000, 0x000000008ca00000|  0%| F|  |TAMS 0x000000008c900000, 0x000000008c900000| Untracked 
| 202|0x000000008ca00000, 0x000000008ca00000, 0x000000008cb00000|  0%| F|  |TAMS 0x000000008ca00000, 0x000000008ca00000| Untracked 
| 203|0x000000008cb00000, 0x000000008cb00000, 0x000000008cc00000|  0%| F|  |TAMS 0x000000008cb00000, 0x000000008cb00000| Untracked 
| 204|0x000000008cc00000, 0x000000008cc00000, 0x000000008cd00000|  0%| F|  |TAMS 0x000000008cc00000, 0x000000008cc00000| Untracked 
| 205|0x000000008cd00000, 0x000000008cd00000, 0x000000008ce00000|  0%| F|  |TAMS 0x000000008cd00000, 0x000000008cd00000| Untracked 
| 206|0x000000008ce00000, 0x000000008ce00000, 0x000000008cf00000|  0%| F|  |TAMS 0x000000008ce00000, 0x000000008ce00000| Untracked 
| 207|0x000000008cf00000, 0x000000008cf83148, 0x000000008d000000| 51%| E|  |TAMS 0x000000008cf00000, 0x000000008cf00000| Complete 
| 208|0x000000008d000000, 0x000000008d100000, 0x000000008d100000|100%| E|CS|TAMS 0x000000008d000000, 0x000000008d000000| Complete 
| 209|0x000000008d100000, 0x000000008d200000, 0x000000008d200000|100%| E|CS|TAMS 0x000000008d100000, 0x000000008d100000| Complete 
| 210|0x000000008d200000, 0x000000008d300000, 0x000000008d300000|100%| E|CS|TAMS 0x000000008d200000, 0x000000008d200000| Complete 
| 211|0x000000008d300000, 0x000000008d400000, 0x000000008d400000|100%| E|CS|TAMS 0x000000008d300000, 0x000000008d300000| Complete 
| 212|0x000000008d400000, 0x000000008d500000, 0x000000008d500000|100%| E|CS|TAMS 0x000000008d400000, 0x000000008d400000| Complete 
| 213|0x000000008d500000, 0x000000008d600000, 0x000000008d600000|100%| E|CS|TAMS 0x000000008d500000, 0x000000008d500000| Complete 
| 214|0x000000008d600000, 0x000000008d700000, 0x000000008d700000|100%| E|CS|TAMS 0x000000008d600000, 0x000000008d600000| Complete 
| 215|0x000000008d700000, 0x000000008d800000, 0x000000008d800000|100%| E|CS|TAMS 0x000000008d700000, 0x000000008d700000| Complete 
| 216|0x000000008d800000, 0x000000008d900000, 0x000000008d900000|100%| E|CS|TAMS 0x000000008d800000, 0x000000008d800000| Complete 
| 217|0x000000008d900000, 0x000000008da00000, 0x000000008da00000|100%| E|CS|TAMS 0x000000008d900000, 0x000000008d900000| Complete 
| 218|0x000000008da00000, 0x000000008db00000, 0x000000008db00000|100%| E|CS|TAMS 0x000000008da00000, 0x000000008da00000| Complete 
| 219|0x000000008db00000, 0x000000008dc00000, 0x000000008dc00000|100%| E|CS|TAMS 0x000000008db00000, 0x000000008db00000| Complete 
| 220|0x000000008dc00000, 0x000000008dd00000, 0x000000008dd00000|100%| E|CS|TAMS 0x000000008dc00000, 0x000000008dc00000| Complete 
| 221|0x000000008dd00000, 0x000000008de00000, 0x000000008de00000|100%| E|CS|TAMS 0x000000008dd00000, 0x000000008dd00000| Complete 
| 222|0x000000008de00000, 0x000000008df00000, 0x000000008df00000|100%| E|CS|TAMS 0x000000008de00000, 0x000000008de00000| Complete 
| 223|0x000000008df00000, 0x000000008e000000, 0x000000008e000000|100%| E|CS|TAMS 0x000000008df00000, 0x000000008df00000| Complete 
| 224|0x000000008e000000, 0x000000008e100000, 0x000000008e100000|100%| E|CS|TAMS 0x000000008e000000, 0x000000008e000000| Complete 
| 225|0x000000008e100000, 0x000000008e200000, 0x000000008e200000|100%| E|CS|TAMS 0x000000008e100000, 0x000000008e100000| Complete 
| 226|0x000000008e200000, 0x000000008e300000, 0x000000008e300000|100%| E|CS|TAMS 0x000000008e200000, 0x000000008e200000| Complete 
| 227|0x000000008e300000, 0x000000008e400000, 0x000000008e400000|100%| E|CS|TAMS 0x000000008e300000, 0x000000008e300000| Complete 
| 228|0x000000008e400000, 0x000000008e500000, 0x000000008e500000|100%| E|CS|TAMS 0x000000008e400000, 0x000000008e400000| Complete 
| 229|0x000000008e500000, 0x000000008e600000, 0x000000008e600000|100%| E|CS|TAMS 0x000000008e500000, 0x000000008e500000| Complete 
| 230|0x000000008e600000, 0x000000008e700000, 0x000000008e700000|100%| S|CS|TAMS 0x000000008e600000, 0x000000008e600000| Complete 
| 231|0x000000008e700000, 0x000000008e800000, 0x000000008e800000|100%| S|CS|TAMS 0x000000008e700000, 0x000000008e700000| Complete 
| 232|0x000000008e800000, 0x000000008e900000, 0x000000008e900000|100%| S|CS|TAMS 0x000000008e800000, 0x000000008e800000| Complete 
| 233|0x000000008e900000, 0x000000008ea00000, 0x000000008ea00000|100%| E|CS|TAMS 0x000000008e900000, 0x000000008e900000| Complete 
| 234|0x000000008ea00000, 0x000000008eb00000, 0x000000008eb00000|100%| E|CS|TAMS 0x000000008ea00000, 0x000000008ea00000| Complete 
| 235|0x000000008eb00000, 0x000000008ec00000, 0x000000008ec00000|100%| E|CS|TAMS 0x000000008eb00000, 0x000000008eb00000| Complete 
| 236|0x000000008ec00000, 0x000000008ed00000, 0x000000008ed00000|100%| E|CS|TAMS 0x000000008ec00000, 0x000000008ec00000| Complete 
| 237|0x000000008ed00000, 0x000000008ee00000, 0x000000008ee00000|100%| E|CS|TAMS 0x000000008ed00000, 0x000000008ed00000| Complete 
| 238|0x000000008ee00000, 0x000000008ef00000, 0x000000008ef00000|100%| E|CS|TAMS 0x000000008ee00000, 0x000000008ee00000| Complete 
| 239|0x000000008ef00000, 0x000000008f000000, 0x000000008f000000|100%| E|CS|TAMS 0x000000008ef00000, 0x000000008ef00000| Complete 
| 240|0x000000008f000000, 0x000000008f100000, 0x000000008f100000|100%| E|CS|TAMS 0x000000008f000000, 0x000000008f000000| Complete 
| 241|0x000000008f100000, 0x000000008f200000, 0x000000008f200000|100%| E|CS|TAMS 0x000000008f100000, 0x000000008f100000| Complete 
| 242|0x000000008f200000, 0x000000008f300000, 0x000000008f300000|100%| E|CS|TAMS 0x000000008f200000, 0x000000008f200000| Complete 
| 243|0x000000008f300000, 0x000000008f400000, 0x000000008f400000|100%| E|CS|TAMS 0x000000008f300000, 0x000000008f300000| Complete 
| 244|0x000000008f400000, 0x000000008f500000, 0x000000008f500000|100%| E|CS|TAMS 0x000000008f400000, 0x000000008f400000| Complete 
| 245|0x000000008f500000, 0x000000008f600000, 0x000000008f600000|100%| E|CS|TAMS 0x000000008f500000, 0x000000008f500000| Complete 
| 246|0x000000008f600000, 0x000000008f700000, 0x000000008f700000|100%| E|CS|TAMS 0x000000008f600000, 0x000000008f600000| Complete 
| 247|0x000000008f700000, 0x000000008f800000, 0x000000008f800000|100%| E|CS|TAMS 0x000000008f700000, 0x000000008f700000| Complete 
| 248|0x000000008f800000, 0x000000008f900000, 0x000000008f900000|100%| E|CS|TAMS 0x000000008f800000, 0x000000008f800000| Complete 
| 249|0x000000008f900000, 0x000000008fa00000, 0x000000008fa00000|100%| E|CS|TAMS 0x000000008f900000, 0x000000008f900000| Complete 
| 250|0x000000008fa00000, 0x000000008fb00000, 0x000000008fb00000|100%| E|CS|TAMS 0x000000008fa00000, 0x000000008fa00000| Complete 
| 251|0x000000008fb00000, 0x000000008fc00000, 0x000000008fc00000|100%| E|CS|TAMS 0x000000008fb00000, 0x000000008fb00000| Complete 
| 252|0x000000008fc00000, 0x000000008fd00000, 0x000000008fd00000|100%| E|CS|TAMS 0x000000008fc00000, 0x000000008fc00000| Complete 
| 253|0x000000008fd00000, 0x000000008fe00000, 0x000000008fe00000|100%| E|CS|TAMS 0x000000008fd00000, 0x000000008fd00000| Complete 
| 254|0x000000008fe00000, 0x000000008ff00000, 0x000000008ff00000|100%| E|CS|TAMS 0x000000008fe00000, 0x000000008fe00000| Complete 
| 255|0x000000008ff00000, 0x0000000090000000, 0x0000000090000000|100%| E|CS|TAMS 0x000000008ff00000, 0x000000008ff00000| Complete 

Card table byte_map: [0x000001793d600000,0x000001793da00000] _byte_map_base: 0x000001793d200000

Marking Bits (Prev, Next): (CMBitMap*) 0x00000179269d08a0, (CMBitMap*) 0x00000179269d08e0
 Prev Bits: [0x000001793de00000, 0x000001793fe00000)
 Next Bits: [0x000001793fe00000, 0x0000017941e00000)

Polling page: 0x0000017926150000

Metaspace:

Usage:
  Non-class:     11.00 MB used.
      Class:      1.80 MB used.
       Both:     12.80 MB used.

Virtual space:
  Non-class space:       16.00 MB reserved,      11.12 MB ( 70%) committed,  2 nodes.
      Class space:      412.00 MB reserved,       1.94 MB ( <1%) committed,  1 nodes.
             Both:      428.00 MB reserved,      13.06 MB (  3%) committed. 

Chunk freelists:
   Non-Class:  944.00 KB
       Class:  2.02 MB
        Both:  2.94 MB

MaxMetaspaceSize: 512.00 MB
CompressedClassSpaceSize: 412.00 MB
Initial GC threshold: 21.00 MB
Current GC threshold: 21.00 MB
CDS: on
MetaspaceReclaimPolicy: balanced
 - commit_granule_bytes: 65536.
 - commit_granule_words: 8192.
 - virtual_space_node_default_size: 1048576.
 - enlarge_chunks_in_place: 1.
 - new_chunks_are_fully_committed: 0.
 - uncommit_free_chunks: 1.
 - use_allocation_guard: 0.
 - handle_deallocations: 1.


Internal statistics:

num_allocs_failed_limit: 0.
num_arena_births: 136.
num_arena_deaths: 0.
num_vsnodes_births: 3.
num_vsnodes_deaths: 0.
num_space_committed: 209.
num_space_uncommitted: 0.
num_chunks_returned_to_freelist: 0.
num_chunks_taken_from_freelist: 515.
num_chunk_merges: 0.
num_chunk_splits: 366.
num_chunks_enlarged: 282.
num_purges: 0.
num_inconsistent_stats: 0.

CodeHeap 'non-profiled nmethods': size=120000Kb used=994Kb max_used=994Kb free=119005Kb
 bounds [0x0000017935cd0000, 0x0000017935f40000, 0x000001793d200000]
CodeHeap 'profiled nmethods': size=120000Kb used=4199Kb max_used=4199Kb free=115800Kb
 bounds [0x000001792e200000, 0x000001792e620000, 0x0000017935730000]
CodeHeap 'non-nmethods': size=5760Kb used=1203Kb max_used=1228Kb free=4556Kb
 bounds [0x0000017935730000, 0x00000179359a0000, 0x0000017935cd0000]
 total_blobs=2582 nmethods=2069 adapters=426
 compilation: enabled
              stopped_count=0, restarted_count=0
 full_count=0

Compilation events (20 events):
Event: 31.877 Thread 0x00000179442fb500 nmethod 2062 0x000001792e611810 code [0x000001792e611a20, 0x000001792e611ee8]
Event: 31.896 Thread 0x00000179442fb500 2063       3       jdk.internal.org.objectweb.asm.MethodWriter::visitLdcInsn (215 bytes)
Event: 31.897 Thread 0x00000179442fb500 nmethod 2063 0x000001792e612090 code [0x000001792e612300, 0x000001792e612dc8]
Event: 31.897 Thread 0x00000179442fb500 2064       1       java.lang.invoke.MethodHandleImpl::isCompileConstant (2 bytes)
Event: 31.897 Thread 0x00000179442fb500 nmethod 2064 0x0000017935dc6910 code [0x0000017935dc6aa0, 0x0000017935dc6b58]
Event: 31.898 Thread 0x00000179442fb500 2065       3       java.lang.invoke.DirectMethodHandle::maybeCompile (24 bytes)
Event: 31.899 Thread 0x00000179442fb500 nmethod 2065 0x000001792e613210 code [0x000001792e6133c0, 0x000001792e6135d8]
Event: 31.899 Thread 0x00000179442fb500 2066       3       jdk.internal.reflect.ReflectionFactory::inflationThreshold (4 bytes)
Event: 31.899 Thread 0x00000179442fb500 nmethod 2066 0x000001792e613710 code [0x000001792e6138a0, 0x000001792e613998]
Event: 31.900 Thread 0x00000179442f8b40 2068       4       jdk.internal.org.objectweb.asm.SymbolTable$Entry::<init> (17 bytes)
Event: 31.903 Thread 0x00000179442f8b40 nmethod 2068 0x0000017935dc6f10 code [0x0000017935dc7080, 0x0000017935dc72b8]
Event: 31.904 Thread 0x00000179442fb500 2069       3       java.util.stream.StreamSupport::stream (19 bytes)
Event: 31.905 Thread 0x00000179442fb500 nmethod 2069 0x000001792e613a10 code [0x000001792e613be0, 0x000001792e614008]
Event: 31.905 Thread 0x00000179442fb500 2070       3       javax.management.ObjectName::construct (1135 bytes)
Event: 31.908 Thread 0x00000179442f8b40 2071       4       java.util.HashMap::putVal (300 bytes)
Event: 31.909 Thread 0x00000179442fb500 nmethod 2070 0x000001792e614210 code [0x000001792e614860, 0x000001792e618308]
Event: 31.910 Thread 0x00000179442fb500 2072       3       java.util.Collection::stream (11 bytes)
Event: 31.910 Thread 0x00000179442fb500 nmethod 2072 0x000001792e619a10 code [0x000001792e619bc0, 0x000001792e619db8]
Event: 32.147 Thread 0x00000179442f8b40 nmethod 2071 0x0000017935dc7310 code [0x0000017935dc74e0, 0x0000017935dc7da8]
Event: 32.153 Thread 0x00000179442f8b40 2073   !   4       java.lang.ClassLoader::loadClass (121 bytes)

GC Heap History (6 events):
Event: 7.813 GC heap before
{Heap before GC invocations=0 (full 0):
 garbage-first heap   total 262144K, used 15360K [0x0000000080000000, 0x0000000100000000)
  region size 1024K, 13 young (13312K), 0 survivors (0K)
 Metaspace       used 949K, committed 1088K, reserved 430080K
  class space    used 73K, committed 128K, reserved 421888K
}
Event: 8.961 GC heap after
{Heap after GC invocations=1 (full 0):
 garbage-first heap   total 262144K, used 3975K [0x0000000080000000, 0x0000000100000000)
  region size 1024K, 2 young (2048K), 2 survivors (2048K)
 Metaspace       used 949K, committed 1088K, reserved 430080K
  class space    used 73K, committed 128K, reserved 421888K
}
Event: 14.667 GC heap before
{Heap before GC invocations=1 (full 0):
 garbage-first heap   total 262144K, used 20359K [0x0000000080000000, 0x0000000100000000)
  region size 1024K, 16 young (16384K), 2 survivors (2048K)
 Metaspace       used 3772K, committed 3968K, reserved 430080K
  class space    used 472K, committed 576K, reserved 421888K
}
Event: 14.670 GC heap after
{Heap after GC invocations=2 (full 0):
 garbage-first heap   total 262144K, used 9204K [0x0000000080000000, 0x0000000100000000)
  region size 1024K, 2 young (2048K), 2 survivors (2048K)
 Metaspace       used 3772K, committed 3968K, reserved 430080K
  class space    used 472K, committed 576K, reserved 421888K
}
Event: 18.067 GC heap before
{Heap before GC invocations=2 (full 0):
 garbage-first heap   total 262144K, used 31732K [0x0000000080000000, 0x0000000100000000)
  region size 1024K, 23 young (23552K), 2 survivors (2048K)
 Metaspace       used 3895K, committed 4096K, reserved 430080K
  class space    used 473K, committed 576K, reserved 421888K
}
Event: 18.070 GC heap after
{Heap after GC invocations=3 (full 0):
 garbage-first heap   total 262144K, used 12774K [0x0000000080000000, 0x0000000100000000)
  region size 1024K, 3 young (3072K), 3 survivors (3072K)
 Metaspace       used 3895K, committed 4096K, reserved 430080K
  class space    used 473K, committed 576K, reserved 421888K
}

Deoptimization events (20 events):
Event: 30.309 Thread 0x0000017945495330 Uncommon trap: trap_request=0xffffffde fr.pc=0x0000017935ce76a8 relative=0x00000000000003c8
Event: 30.309 Thread 0x0000017945495330 Uncommon trap: reason=class_check action=maybe_recompile pc=0x0000017935ce76a8 method=java.util.regex.Matcher.match(II)Z @ 121 c2
Event: 30.309 Thread 0x0000017945495330 DEOPT PACKING pc=0x0000017935ce76a8 sp=0x00000062d2ffa280
Event: 30.309 Thread 0x0000017945495330 DEOPT UNPACKING pc=0x00000179357823a3 sp=0x00000062d2ffa240 mode 2
Event: 31.042 Thread 0x0000017945495330 Uncommon trap: trap_request=0xffffff45 fr.pc=0x0000017935d3aa3c relative=0x00000000000009fc
Event: 31.042 Thread 0x0000017945495330 Uncommon trap: reason=unstable_if action=reinterpret pc=0x0000017935d3aa3c method=java.util.regex.Matcher.reset()Ljava/util/regex/Matcher; @ 47 c2
Event: 31.042 Thread 0x0000017945495330 DEOPT PACKING pc=0x0000017935d3aa3c sp=0x00000062d2ff9230
Event: 31.042 Thread 0x0000017945495330 DEOPT UNPACKING pc=0x00000179357823a3 sp=0x00000062d2ff9178 mode 2
Event: 31.042 Thread 0x0000017945495330 Uncommon trap: trap_request=0xffffff45 fr.pc=0x0000017935ce7714 relative=0x0000000000000434
Event: 31.042 Thread 0x0000017945495330 Uncommon trap: reason=unstable_if action=reinterpret pc=0x0000017935ce7714 method=java.util.regex.Matcher.match(II)Z @ 76 c2
Event: 31.042 Thread 0x0000017945495330 DEOPT PACKING pc=0x0000017935ce7714 sp=0x00000062d2ff9230
Event: 31.042 Thread 0x0000017945495330 DEOPT UNPACKING pc=0x00000179357823a3 sp=0x00000062d2ff9200 mode 2
Event: 31.043 Thread 0x0000017945495330 Uncommon trap: trap_request=0xffffff45 fr.pc=0x0000017935ce6ec4 relative=0x00000000000001a4
Event: 31.043 Thread 0x0000017945495330 Uncommon trap: reason=unstable_if action=reinterpret pc=0x0000017935ce6ec4 method=java.util.regex.Matcher.reset()Ljava/util/regex/Matcher; @ 47 c2
Event: 31.043 Thread 0x0000017945495330 DEOPT PACKING pc=0x0000017935ce6ec4 sp=0x00000062d2ff9100
Event: 31.043 Thread 0x0000017945495330 DEOPT UNPACKING pc=0x00000179357823a3 sp=0x00000062d2ff9090 mode 2
Event: 31.650 Thread 0x0000017945495330 Uncommon trap: trap_request=0xffffff45 fr.pc=0x0000017935d37ba8 relative=0x0000000000000608
Event: 31.650 Thread 0x0000017945495330 Uncommon trap: reason=unstable_if action=reinterpret pc=0x0000017935d37ba8 method=java.io.File.getName()Ljava/lang/String; @ 16 c2
Event: 31.650 Thread 0x0000017945495330 DEOPT PACKING pc=0x0000017935d37ba8 sp=0x00000062d2ffb930
Event: 31.650 Thread 0x0000017945495330 DEOPT UNPACKING pc=0x00000179357823a3 sp=0x00000062d2ffb900 mode 2

Classes unloaded (0 events):
No events

Classes redefined (0 events):
No events

Internal exceptions (20 events):
Event: 9.848 Thread 0x0000017926978290 Exception <a 'java/lang/NoSuchMethodError'{0x000000008fcc4c60}: 'void java.lang.invoke.DelegatingMethodHandle$Holder.delegate(java.lang.Object, java.lang.Object, int, java.lang.Object)'> (0x000000008fcc4c60) 
thrown [s\open\src\hotspot\share\interpreter\linkResolver.cpp, line 759]
Event: 9.850 Thread 0x0000017926978290 Exception <a 'java/lang/NoSuchMethodError'{0x000000008fcc8da8}: 'int java.lang.invoke.DirectMethodHandle$Holder.invokeSpecial(java.lang.Object, java.lang.Object, java.lang.Object)'> (0x000000008fcc8da8) 
thrown [s\open\src\hotspot\share\interpreter\linkResolver.cpp, line 759]
Event: 9.857 Thread 0x0000017926978290 Exception <a 'java/lang/NoSuchMethodError'{0x000000008fcdc8c0}: 'java.lang.Object java.lang.invoke.Invokers$Holder.invokeExact_MT(java.lang.Object, java.lang.Object, java.lang.Object, java.lang.Object)'> (0x000000008fcdc8c0) 
thrown [s\open\src\hotspot\share\interpreter\linkResolver.cpp, line 759]
Event: 14.094 Thread 0x0000017926978290 Exception <a 'java/lang/NoSuchMethodError'{0x000000008f4db950}: 'void java.lang.invoke.DirectMethodHandle$Holder.invokeInterface(java.lang.Object, java.lang.Object, java.lang.Object)'> (0x000000008f4db950) 
thrown [s\open\src\hotspot\share\interpreter\linkResolver.cpp, line 759]
Event: 19.437 Thread 0x0000017926978290 Exception <a 'java/lang/NoSuchMethodError'{0x000000008f407180}: 'java.lang.Object java.lang.invoke.DirectMethodHandle$Holder.invokeStaticInit(java.lang.Object)'> (0x000000008f407180) 
thrown [s\open\src\hotspot\share\interpreter\linkResolver.cpp, line 759]
Event: 20.884 Thread 0x0000017926978290 Exception <a 'java/lang/NoSuchMethodError'{0x000000008ef4d1b0}: 'java.lang.Object java.lang.invoke.DirectMethodHandle$Holder.invokeStaticInit(java.lang.Object, int, int, int, int)'> (0x000000008ef4d1b0) 
thrown [s\open\src\hotspot\share\interpreter\linkResolver.cpp, line 759]
Event: 21.889 Thread 0x0000017926978290 Exception <a 'java/lang/NoSuchMethodError'{0x000000008ef95728}: 'java.lang.Object java.lang.invoke.DirectMethodHandle$Holder.invokeStaticInit(java.lang.Object, java.lang.Object, int, int, int, int)'> (0x000000008ef95728) 
thrown [s\open\src\hotspot\share\interpreter\linkResolver.cpp, line 759]
Event: 25.413 Thread 0x0000017926978290 Exception <a 'java/lang/NoSuchMethodError'{0x000000008ee9f620}: 'void java.lang.invoke.DirectMethodHandle$Holder.invokeStatic(java.lang.Object, java.lang.Object, java.lang.Object)'> (0x000000008ee9f620) 
thrown [s\open\src\hotspot\share\interpreter\linkResolver.cpp, line 759]
Event: 25.664 Thread 0x0000017926978290 Implicit null exception at 0x0000017935d9ca40 to 0x0000017935d9d16c
Event: 25.669 Thread 0x0000017926978290 Exception <a 'java/io/IOException'{0x000000008ed5e240}> (0x000000008ed5e240) 
thrown [s\open\src\hotspot\share\prims\jni.cpp, line 516]
Event: 27.690 Thread 0x0000017945495330 Exception <a 'java/lang/NoSuchMethodError'{0x000000008e308780}: 'long java.lang.invoke.DirectMethodHandle$Holder.invokeInterface(java.lang.Object, java.lang.Object)'> (0x000000008e308780) 
thrown [s\open\src\hotspot\share\interpreter\linkResolver.cpp, line 759]
Event: 27.692 Thread 0x0000017945495330 Exception <a 'java/lang/NoSuchMethodError'{0x000000008e3168f8}: 'void java.lang.invoke.DelegatingMethodHandle$Holder.reinvoke_L(java.lang.Object, java.lang.Object, java.lang.Object, java.lang.Object, java.lang.Object, java.lang.Object, java.lang.Object)'> (0x000000008e3168f8) 
thrown [s\open\src\hotspot\share\interpreter\linkResolver.cpp, line 759]
Event: 30.297 Thread 0x0000017945495330 Exception <a 'java/lang/NoSuchMethodError'{0x000000008d6192e0}: 'void java.lang.invoke.DirectMethodHandle$Holder.invokeStaticInit(java.lang.Object)'> (0x000000008d6192e0) 
thrown [s\open\src\hotspot\share\interpreter\linkResolver.cpp, line 759]
Event: 30.301 Thread 0x0000017945495330 Exception <a 'java/lang/NoSuchMethodError'{0x000000008d62fe40}: 'void java.lang.invoke.DirectMethodHandle$Holder.invokeSpecial(java.lang.Object, java.lang.Object, java.lang.Object)'> (0x000000008d62fe40) 
thrown [s\open\src\hotspot\share\interpreter\linkResolver.cpp, line 759]
Event: 30.318 Thread 0x0000017945495330 Exception <a 'java/lang/NoSuchMethodError'{0x000000008d6bb888}: 'java.lang.Object java.lang.invoke.DirectMethodHandle$Holder.newInvokeSpecial(java.lang.Object, java.lang.Object, java.lang.Object, int)'> (0x000000008d6bb888) 
thrown [s\open\src\hotspot\share\interpreter\linkResolver.cpp, line 759]
Event: 30.319 Thread 0x0000017945495330 Exception <a 'java/lang/NoSuchMethodError'{0x000000008d6c0708}: 'java.lang.Object java.lang.invoke.DirectMethodHandle$Holder.invokeSpecial(java.lang.Object, java.lang.Object, java.lang.Object, java.lang.Object, int)'> (0x000000008d6c0708) 
thrown [s\open\src\hotspot\share\interpreter\linkResolver.cpp, line 759]
Event: 30.319 Thread 0x0000017945495330 Exception <a 'java/lang/NoSuchMethodError'{0x000000008d6c4d70}: 'java.lang.Object java.lang.invoke.Invokers$Holder.linkToTargetMethod(java.lang.Object, java.lang.Object, int, java.lang.Object)'> (0x000000008d6c4d70) 
thrown [s\open\src\hotspot\share\interpreter\linkResolver.cpp, line 759]
Event: 31.895 Thread 0x0000017945495330 Exception <a 'java/lang/NoSuchMethodError'{0x000000008d1bfe20}: 'int java.lang.invoke.DirectMethodHandle$Holder.invokeSpecialIFC(java.lang.Object, java.lang.Object, java.lang.Object, java.lang.Object)'> (0x000000008d1bfe20) 
thrown [s\open\src\hotspot\share\interpreter\linkResolver.cpp, line 759]
Event: 31.900 Thread 0x0000017945495330 Exception <a 'java/lang/NoSuchMethodError'{0x000000008d1cedf8}: 'java.lang.Object java.lang.invoke.DirectMethodHandle$Holder.invokeInterface(java.lang.Object, java.lang.Object, java.lang.Object)'> (0x000000008d1cedf8) 
thrown [s\open\src\hotspot\share\interpreter\linkResolver.cpp, line 759]
Event: 31.903 Thread 0x0000017945495330 Exception <a 'java/lang/IncompatibleClassChangeError'{0x000000008d1d2cd0}: Found class java.lang.Object, but interface was expected> (0x000000008d1d2cd0) 
thrown [s\open\src\hotspot\share\interpreter\linkResolver.cpp, line 826]

VM Operations (20 events):
Event: 25.946 Executing VM operation: Cleanup
Event: 25.946 Executing VM operation: Cleanup done
Event: 26.957 Executing VM operation: Cleanup
Event: 26.957 Executing VM operation: Cleanup done
Event: 27.962 Executing VM operation: Cleanup
Event: 27.962 Executing VM operation: Cleanup done
Event: 28.972 Executing VM operation: Cleanup
Event: 28.972 Executing VM operation: Cleanup done
Event: 29.410 Executing VM operation: HandshakeAllThreads
Event: 29.410 Executing VM operation: HandshakeAllThreads done
Event: 29.410 Executing VM operation: HandshakeAllThreads
Event: 29.410 Executing VM operation: HandshakeAllThreads done
Event: 30.419 Executing VM operation: Cleanup
Event: 30.545 Executing VM operation: Cleanup done
Event: 31.555 Executing VM operation: Cleanup
Event: 31.648 Executing VM operation: Cleanup done
Event: 31.655 Executing VM operation: HandshakeAllThreads
Event: 31.655 Executing VM operation: HandshakeAllThreads done
Event: 31.655 Executing VM operation: HandshakeAllThreads
Event: 31.655 Executing VM operation: HandshakeAllThreads done

Events (20 events):
Event: 31.881 loading class java/util/concurrent/locks/ReadWriteLock
Event: 31.881 loading class java/util/concurrent/locks/ReadWriteLock done
Event: 31.893 loading class java/nio/file/FileVisitor
Event: 31.893 loading class java/nio/file/FileVisitor done
Event: 31.893 loading class java/nio/file/FileVisitOption
Event: 31.893 loading class java/nio/file/FileVisitOption done
Event: 31.903 loading class java/util/stream/ReduceOps$1
Event: 31.903 loading class java/util/stream/ReduceOps$1 done
Event: 31.903 loading class java/util/stream/ReduceOps$1ReducingSink
Event: 31.904 loading class java/util/stream/ReduceOps$1ReducingSink done
Event: 32.143 loading class java/io/ObjectOutputStream
Event: 32.143 loading class java/io/ObjectOutput
Event: 32.143 loading class java/io/ObjectOutput done
Event: 32.143 loading class java/io/ObjectStreamConstants
Event: 32.143 loading class java/io/ObjectStreamConstants done
Event: 32.143 loading class java/io/ObjectOutputStream done
Event: 32.144 loading class java/io/ObjectInputStream
Event: 32.144 loading class java/io/ObjectInput
Event: 32.144 loading class java/io/ObjectInput done
Event: 32.144 loading class java/io/ObjectInputStream done


Dynamic libraries:
0x00007ff649ef0000 - 0x00007ff649f00000 	C:\Program Files\Java\jdk-17\bin\java.exe
0x00007ffa90ab0000 - 0x00007ffa90ca8000 	C:\Windows\SYSTEM32\ntdll.dll
0x00007ffa8eeb0000 - 0x00007ffa8ef6f000 	C:\Windows\System32\KERNEL32.DLL
0x00007ffa8e320000 - 0x00007ffa8e616000 	C:\Windows\System32\KERNELBASE.dll
0x00007ffa8ea10000 - 0x00007ffa8eb10000 	C:\Windows\System32\ucrtbase.dll
0x00007ffa714f0000 - 0x00007ffa71509000 	C:\Program Files\Java\jdk-17\bin\jli.dll
0x00007ffa905c0000 - 0x00007ffa9066f000 	C:\Windows\System32\ADVAPI32.dll
0x00007ffa90690000 - 0x00007ffa9072e000 	C:\Windows\System32\msvcrt.dll
0x00007ffa909a0000 - 0x00007ffa90a3c000 	C:\Windows\System32\sechost.dll
0x00007ffa8ebd0000 - 0x00007ffa8ecf6000 	C:\Windows\System32\RPCRT4.dll
0x00007ffa8ed00000 - 0x00007ffa8ee9d000 	C:\Windows\System32\USER32.dll
0x00007ffa8e950000 - 0x00007ffa8e972000 	C:\Windows\System32\win32u.dll
0x00007ffa8fd90000 - 0x00007ffa8fdbc000 	C:\Windows\System32\GDI32.dll
0x00007ffa8e670000 - 0x00007ffa8e785000 	C:\Windows\System32\gdi32full.dll
0x00007ffa8e8b0000 - 0x00007ffa8e94d000 	C:\Windows\System32\msvcp_win.dll
0x00007ffa69870000 - 0x00007ffa6988b000 	C:\Program Files\Java\jdk-17\bin\VCRUNTIME140.dll
0x00007ffa6a860000 - 0x00007ffa6aafa000 	C:\Windows\WinSxS\amd64_microsoft.windows.common-controls_6595b64144ccf1df_6.0.19041.1110_none_60b5254171f9507e\COMCTL32.dll
0x00007ffa85600000 - 0x00007ffa8560a000 	C:\Windows\SYSTEM32\VERSION.dll
0x00007ffa90a40000 - 0x00007ffa90a70000 	C:\Windows\System32\IMM32.DLL
0x00007ffa7f3a0000 - 0x00007ffa7f3ac000 	C:\Program Files\Java\jdk-17\bin\vcruntime140_1.dll
0x00007ffa5b930000 - 0x00007ffa5b9be000 	C:\Program Files\Java\jdk-17\bin\msvcp140.dll
0x00007ff9f6400000 - 0x00007ff9f6fdd000 	C:\Program Files\Java\jdk-17\bin\server\jvm.dll
0x00007ffa8eea0000 - 0x00007ffa8eea8000 	C:\Windows\System32\PSAPI.DLL
0x00007ffa7dea0000 - 0x00007ffa7dea9000 	C:\Windows\SYSTEM32\WSOCK32.dll
0x00007ffa8fcc0000 - 0x00007ffa8fd2b000 	C:\Windows\System32\WS2_32.dll
0x00007ffa62d90000 - 0x00007ffa62db7000 	C:\Windows\SYSTEM32\WINMM.dll
0x00007ffa8c9c0000 - 0x00007ffa8c9d2000 	C:\Windows\SYSTEM32\kernel.appcore.dll
0x00007ffa7ddb0000 - 0x00007ffa7ddba000 	C:\Program Files\Java\jdk-17\bin\jimage.dll
0x00007ffa88d90000 - 0x00007ffa88f74000 	C:\Windows\SYSTEM32\DBGHELP.DLL
0x00007ffa7c6a0000 - 0x00007ffa7c6d4000 	C:\Windows\SYSTEM32\dbgcore.DLL
0x00007ffa8e980000 - 0x00007ffa8ea02000 	C:\Windows\System32\bcryptPrimitives.dll
0x00007ffa66310000 - 0x00007ffa66335000 	C:\Program Files\Java\jdk-17\bin\java.dll
0x00007ffa58170000 - 0x00007ffa58247000 	C:\Program Files\Java\jdk-17\bin\jsvml.dll
0x00007ffa8fdc0000 - 0x00007ffa90504000 	C:\Windows\System32\SHELL32.dll
0x00007ffa8c040000 - 0x00007ffa8c7d3000 	C:\Windows\SYSTEM32\windows.storage.dll
0x00007ffa8eff0000 - 0x00007ffa8f344000 	C:\Windows\System32\combase.dll
0x00007ffa8db00000 - 0x00007ffa8db2e000 	C:\Windows\SYSTEM32\Wldp.dll
0x00007ffa8eb10000 - 0x00007ffa8ebbd000 	C:\Windows\System32\SHCORE.dll
0x00007ffa8fae0000 - 0x00007ffa8fb35000 	C:\Windows\System32\shlwapi.dll
0x00007ffa8e0c0000 - 0x00007ffa8e0e5000 	C:\Windows\SYSTEM32\profapi.dll
0x00007ffa67260000 - 0x00007ffa67279000 	C:\Program Files\Java\jdk-17\bin\net.dll
0x00007ffa83710000 - 0x00007ffa8381a000 	C:\Windows\SYSTEM32\WINHTTP.dll
0x00007ffa8d860000 - 0x00007ffa8d8ca000 	C:\Windows\system32\mswsock.dll
0x00007ffa66bf0000 - 0x00007ffa66c06000 	C:\Program Files\Java\jdk-17\bin\nio.dll
0x00007ffa666a0000 - 0x00007ffa666b8000 	C:\Program Files\Java\jdk-17\bin\zip.dll
0x00007ffa86230000 - 0x00007ffa86240000 	C:\Program Files\Java\jdk-17\bin\verify.dll
0x00007ffa7f460000 - 0x00007ffa7f487000 	C:\Users\ss\.gradle\native\e1d6ef7f7dcc3fd88c89a11ec53ec762bb8ba0a96d01ffa2cd45eb1d1d8dd5c5\windows-amd64\native-platform.dll
0x00007ffa51060000 - 0x00007ffa511a4000 	C:\Users\ss\.gradle\native\5664cfc778a61ccfe75a443a1ab52a65af34e5dc3c78e0209fed803814484fcb\windows-amd64\native-platform-file-events.dll
0x00007ffa86770000 - 0x00007ffa8677a000 	C:\Program Files\Java\jdk-17\bin\management.dll
0x00007ffa857e0000 - 0x00007ffa857eb000 	C:\Program Files\Java\jdk-17\bin\management_ext.dll
0x00007ffa8da50000 - 0x00007ffa8da68000 	C:\Windows\SYSTEM32\CRYPTSP.dll
0x00007ffa8d170000 - 0x00007ffa8d1a4000 	C:\Windows\system32\rsaenh.dll
0x00007ffa8e2f0000 - 0x00007ffa8e317000 	C:\Windows\System32\bcrypt.dll
0x00007ffa8e080000 - 0x00007ffa8e0ae000 	C:\Windows\SYSTEM32\USERENV.dll
0x00007ffa8da70000 - 0x00007ffa8da7c000 	C:\Windows\SYSTEM32\CRYPTBASE.dll
0x00007ffa8d550000 - 0x00007ffa8d58b000 	C:\Windows\SYSTEM32\IPHLPAPI.DLL
0x00007ffa8f350000 - 0x00007ffa8f358000 	C:\Windows\System32\NSI.dll
0x00007ffa83af0000 - 0x00007ffa83b07000 	C:\Windows\SYSTEM32\dhcpcsvc6.DLL
0x00007ffa843e0000 - 0x00007ffa843fd000 	C:\Windows\SYSTEM32\dhcpcsvc.DLL
0x00007ffa8d590000 - 0x00007ffa8d65a000 	C:\Windows\SYSTEM32\DNSAPI.dll
0x00007ffa857d0000 - 0x00007ffa857dd000 	C:\Program Files\Java\jdk-17\bin\sunmscapi.dll
0x00007ffa8e190000 - 0x00007ffa8e2ee000 	C:\Windows\System32\CRYPT32.dll
0x00007ffa8db70000 - 0x00007ffa8db98000 	C:\Windows\SYSTEM32\ncrypt.dll
0x00007ffa8db30000 - 0x00007ffa8db6b000 	C:\Windows\SYSTEM32\NTASN1.dll
0x00007ffa5bc40000 - 0x00007ffa5bc47000 	C:\Windows\system32\wshunix.dll

dbghelp: loaded successfully - version: 4.0.5 - missing functions: none
symbol engine: initialized successfully - sym options: 0x614 - pdb path: .;C:\Program Files\Java\jdk-17\bin;C:\Windows\SYSTEM32;C:\Windows\WinSxS\amd64_microsoft.windows.common-controls_6595b64144ccf1df_6.0.19041.1110_none_60b5254171f9507e;C:\Program Files\Java\jdk-17\bin\server;C:\Users\ss\.gradle\native\e1d6ef7f7dcc3fd88c89a11ec53ec762bb8ba0a96d01ffa2cd45eb1d1d8dd5c5\windows-amd64;C:\Users\ss\.gradle\native\5664cfc778a61ccfe75a443a1ab52a65af34e5dc3c78e0209fed803814484fcb\windows-amd64

VM Arguments:
jvm_args: -XX:MaxMetaspaceSize=512m --add-opens=java.base/java.util=ALL-UNNAMED --add-opens=java.base/java.lang=ALL-UNNAMED --add-opens=java.base/java.lang.invoke=ALL-UNNAMED --add-opens=java.base/java.util=ALL-UNNAMED --add-opens=java.prefs/java.util.prefs=ALL-UNNAMED --add-opens=java.prefs/java.util.prefs=ALL-UNNAMED --add-opens=java.base/java.nio.charset=ALL-UNNAMED --add-opens=java.base/java.net=ALL-UNNAMED --add-opens=java.base/java.util.concurrent.atomic=ALL-UNNAMED -Xmx2048m -Dfile.encoding=windows-1252 -Duser.country=IN -Duser.language=en -Duser.variant 
java_command: org.gradle.launcher.daemon.bootstrap.GradleDaemon 7.3.3
java_class_path (initial): C:\Users\ss\.gradle\wrapper\dists\gradle-7.3.3-all\4295vidhdd9hd3gbjyw1xqxpo\gradle-7.3.3\lib\gradle-launcher-7.3.3.jar
Launcher Type: SUN_STANDARD

[Global flags]
     intx CICompilerCount                          = 3                                         {product} {ergonomic}
   size_t CompressedClassSpaceSize                 = 432013312                                 {product} {ergonomic}
     uint ConcGCThreads                            = 1                                         {product} {ergonomic}
     uint G1ConcRefinementThreads                  = 4                                         {product} {ergonomic}
   size_t G1HeapRegionSize                         = 1048576                                   {product} {ergonomic}
    uintx GCDrainStackTargetSize                   = 64                                        {product} {ergonomic}
   size_t InitialHeapSize                          = 268435456                                 {product} {ergonomic}
   size_t MarkStackSize                            = 4194304                                   {product} {ergonomic}
   size_t MaxHeapSize                              = 2147483648                                {product} {command line}
   size_t MaxMetaspaceSize                         = 536870912                                 {product} {command line}
   size_t MaxNewSize                               = 1287651328                                {product} {ergonomic}
   size_t MinHeapDeltaBytes                        = 1048576                                   {product} {ergonomic}
   size_t MinHeapSize                              = 8388608                                   {product} {ergonomic}
    uintx NonNMethodCodeHeapSize                   = 5832780                                {pd product} {ergonomic}
    uintx NonProfiledCodeHeapSize                  = 122912730                              {pd product} {ergonomic}
    uintx ProfiledCodeHeapSize                     = 122912730                              {pd product} {ergonomic}
    uintx ReservedCodeCacheSize                    = 251658240                              {pd product} {ergonomic}
     bool SegmentedCodeCache                       = true                                      {product} {ergonomic}
   size_t SoftMaxHeapSize                          = 2147483648                             {manageable} {ergonomic}
     bool UseCompressedClassPointers               = true                           {product lp64_product} {ergonomic}
     bool UseCompressedOops                        = true                           {product lp64_product} {ergonomic}
     bool UseG1GC                                  = true                                      {product} {ergonomic}
     bool UseLargePagesIndividualAllocation        = false                                  {pd product} {ergonomic}

Logging:
Log output configuration:
 #0: stdout all=warning uptime,level,tags
 #1: stderr all=off uptime,level,tags

Environment Variables:
CLASSPATH=C:\Users\ss\Desktop\teachers-vision\android\\gradle\wrapper\gradle-wrapper.jar
PATH=C:\Users\ss\Desktop\teachers-vision\android\node_modules\.bin;C:\Users\ss\Desktop\teachers-vision\node_modules\.bin;C:\Users\ss\Desktop\node_modules\.bin;C:\Users\ss\node_modules\.bin;C:\Users\node_modules\.bin;C:\node_modules\.bin;C:\Program Files\nodejs;C:\Users\ss\Desktop\teachers-vision\node_modules\.bin;C:\Users\ss\Desktop\teachers-vision\node_modules\.bin;C:\Users\ss\Desktop\node_modules\.bin;C:\Users\ss\node_modules\.bin;C:\Users\node_modules\.bin;C:\node_modules\.bin;C:\Users\ss\AppData\Roaming\nvm\v16.16.0\node_modules\npm\node_modules\@npmcli\run-script\lib\node-gyp-bin;C:\Users\ss\Desktop\teachers-vision\node_modules\.bin;C:\Users\ss\Desktop\node_modules\.bin;C:\Users\ss\node_modules\.bin;C:\Users\node_modules\.bin;C:\node_modules\.bin;C:\Program Files\nodejs;C:\Users\ss\Desktop\teachers-vision\node_modules\.bin;C:\Users\ss\Desktop\teachers-vision\node_modules\.bin;C:\Users\ss\Desktop\node_modules\.bin;C:\Users\ss\node_modules\.bin;C:\Users\node_modules\.bin;C:\node_modules\.bin;C:\Users\ss\AppData\Roaming\nvm\v16.16.0\node_modules\npm\node_modules\@npmcli\run-script\lib\node-gyp-bin;C:\Program Files\Common Files\Oracle\Java\javapath;C:\Program Files (x86)\Common Files\Oracle\Java\javapath;C:\Program Files\Microsoft\jdk-11.0.18.10-hotspot\bin;C:\Program Files\Microsoft MPI\Bin\;C:\Windows\system32;C:\Windows;C:\Windows\System32\Wbem;C:\Windows\System32\WindowsPowerShell\v1.0\;C:\Windows\System32\OpenSSH\;C:\ProgramData\chocolatey\bin;C:\Users\ss\AppData\Local\Android\Sdk\platform-tools;C:\Program Files\Git\cmd;C:\Program Files\Microsoft SQL Server\150\Tools\Binn\;C:\Program Files (x86)\Microsoft SQL Server\160\Tools\Binn\;C:\Program Files\Microsoft SQL Server\160\Tools\Binn\;C:\Program Files\Microsoft SQL Server\Client SDK\ODBC\170\Tools\Binn\;C:\Program Files\Microsoft SQL Server\160\DTS\Binn\;C:\Program Files\dotnet\;C:\Program Files (x86)\dotnet\;C:\Program Files (x86)\Microsoft SQL Server\160\DTS\Binn\;C:\Program Files (x86)\Microsoft SQL Server\150
USERNAME=ss
LANG=en_US.UTF-8
OS=Windows_NT
PROCESSOR_IDENTIFIER=Intel64 Family 6 Model 142 Stepping 9, GenuineIntel



---------------  S Y S T E M  ---------------

OS:
 Windows 10 , 64 bit Build 19041 (10.0.19041.3155)
OS uptime: 1 days 5:32 hours

CPU: total 4 (initial active 4) (2 cores per cpu, 2 threads per core) family 6 model 142 stepping 9 microcode 0xb4, cx8, cmov, fxsr, ht, mmx, 3dnowpref, sse, sse2, sse3, ssse3, sse4.1, sse4.2, popcnt, lzcnt, tsc, tscinvbit, avx, avx2, aes, erms, clmul, bmi1, bmi2, adx, fma, vzeroupper, clflush, clflushopt

Memory: 4k page, system-wide physical 16263M (2023M free)
TotalPageFile size 24539M (AvailPageFile size 2M)
current process WorkingSet (physical memory assigned to process): 131M, peak: 131M
current process commit charge ("private bytes"): 373M, peak: 373M

vm_info: Java HotSpot(TM) 64-Bit Server VM (17.0.7+8-LTS-224) for windows-amd64 JRE (17.0.7+8-LTS-224), built on Feb 28 2023 23:03:02 by "mach5one" with MS VC++ 17.1 (VS2022)

END.
