#
# There is insufficient memory for the Java Runtime Environment to continue.
# Native memory allocation (mmap) failed to map 25165824 bytes for G1 virtual space
# Possible reasons:
#   The system is out of physical RAM or swap space
#   The process is running with CompressedOops enabled, and the Java Heap may be blocking the growth of the native heap
# Possible solutions:
#   Reduce memory load on the system
#   Increase physical memory or swap space
#   Check if swap backing store is full
#   Decrease Java heap size (-Xmx/-Xms)
#   Decrease number of Java threads
#   Decrease Java thread stack sizes (-Xss)
#   Set larger code cache with -XX:ReservedCodeCacheSize=
#   JVM is running with Unscaled Compressed Oops mode in which the Java heap is
#     placed in the first 4GB address space. The Java Heap base address is the
#     maximum limit for the native heap growth. Please use -XX:HeapBaseMinAddress
#     to set the Java Heap base and to place the Java Heap above 4GB virtual address.
# This output file may be truncated or incomplete.
#
#  Out of Memory Error (os_windows.cpp:3550), pid=13480, tid=8508
#
# JRE version: Java(TM) SE Runtime Environment (17.0.7+8) (build 17.0.7+8-LTS-224)
# Java VM: Java HotSpot(TM) 64-Bit Server VM (17.0.7+8-LTS-224, mixed mode, sharing, tiered, compressed oops, compressed class ptrs, g1 gc, windows-amd64)
# No core dump will be written. Minidumps are not enabled by default on client versions of Windows
#

---------------  S U M M A R Y ------------

Command Line: -XX:MaxMetaspaceSize=512m --add-opens=java.base/java.util=ALL-UNNAMED --add-opens=java.base/java.lang=ALL-UNNAMED --add-opens=java.base/java.lang.invoke=ALL-UNNAMED --add-opens=java.base/java.util=ALL-UNNAMED --add-opens=java.prefs/java.util.prefs=ALL-UNNAMED --add-opens=java.prefs/java.util.prefs=ALL-UNNAMED --add-opens=java.base/java.nio.charset=ALL-UNNAMED --add-opens=java.base/java.net=ALL-UNNAMED --add-opens=java.base/java.util.concurrent.atomic=ALL-UNNAMED -Xmx2048m -Dfile.encoding=windows-1252 -Duser.country=IN -Duser.language=en -Duser.variant org.gradle.launcher.daemon.bootstrap.GradleDaemon 7.3.3

Host: Intel(R) Core(TM) i5-7200U CPU @ 2.50GHz, 4 cores, 15G,  Windows 10 , 64 bit Build 19041 (10.0.19041.3155)
Time: Mon Aug  7 18:56:18 2023 India Standard Time elapsed time: 571.454358 seconds (0d 0h 9m 31s)

---------------  T H R E A D  ---------------

Current thread (0x00000133ff491a80):  VMThread "VM Thread" [stack: 0x00000023e4300000,0x00000023e4400000] [id=8508]

Stack: [0x00000023e4300000,0x00000023e4400000]
Native frames: (J=compiled Java code, j=interpreted, Vv=VM code, C=native code)
V  [jvm.dll+0x676a4a]
V  [jvm.dll+0x7d74f4]
V  [jvm.dll+0x7d8c9e]
V  [jvm.dll+0x7d9303]
V  [jvm.dll+0x2452c5]
V  [jvm.dll+0x6738f9]
V  [jvm.dll+0x668232]
V  [jvm.dll+0x302826]
V  [jvm.dll+0x309da6]
V  [jvm.dll+0x35952e]
V  [jvm.dll+0x35975f]
V  [jvm.dll+0x2d9a38]
V  [jvm.dll+0x2dcad6]
V  [jvm.dll+0x2e72d8]
V  [jvm.dll+0x31ad30]
V  [jvm.dll+0x7ddb0b]
V  [jvm.dll+0x7de844]
V  [jvm.dll+0x7ded5d]
V  [jvm.dll+0x7df134]
V  [jvm.dll+0x7df200]
V  [jvm.dll+0x78759a]
V  [jvm.dll+0x675875]
C  [ucrtbase.dll+0x21bb2]
C  [KERNEL32.DLL+0x17614]
C  [ntdll.dll+0x526b1]

VM_Operation (0x00000023e3fffa60): G1Concurrent, mode: safepoint, requested by thread 0x00000133f83c3240


---------------  P R O C E S S  ---------------

Threads class SMR info:
_java_thread_list=0x000001339d243d90, length=86, elements={
0x00000133f835a1f0, 0x00000133ff499930, 0x00000133ff49a6b0, 0x00000133ff4b2900,
0x00000133ff4b61e0, 0x00000133ff4b7ab0, 0x00000133ff4b8370, 0x00000133ff4b9010,
0x00000133ff4bc170, 0x0000013399138010, 0x000001339919cba0, 0x000001339919f820,
0x000001339a5acbe0, 0x0000013399c9a430, 0x0000013399c6cf00, 0x000001339928c520,
0x000001339ab06d80, 0x000001339a7e8d80, 0x000001339a7ea590, 0x000001339a7e7f10,
0x000001339a7e70a0, 0x000001339a7e88b0, 0x000001339a7e9bf0, 0x000001339a7eaa60,
0x000001339a7e7570, 0x000001339a7e83e0, 0x000001339a7e9720, 0x000001339a7e7a40,
0x000001339bf25fe0, 0x000001339bf28190, 0x000001339bf264b0, 0x000001339bf2c4f0,
0x000001339bf26e50, 0x000001339bf29e70, 0x000001339bf25170, 0x000001339bf27320,
0x000001339bf2a340, 0x000001339bf24ca0, 0x000001339bf2c020, 0x000001339bf28660,
0x000001339bf28b30, 0x000001339bf2b1b0, 0x000001339bf29000, 0x000001339bf294d0,
0x000001339bf299a0, 0x000001339bf2b680, 0x000001339d148db0, 0x000001339d14c2a0,
0x000001339d14c770, 0x000001339d14a0f0, 0x000001339d14d110, 0x000001339d1488e0,
0x000001339d14f2c0, 0x000001339d14edf0, 0x000001339d148410, 0x000001339d14cc40,
0x000001339d14df80, 0x000001339d149c20, 0x000001339d14d5e0, 0x000001339d14dab0,
0x000001339d14e450, 0x000001339d14e920, 0x000001339d14bdd0, 0x000001339d14f790,
0x000001339d14a5c0, 0x000001339d14af60, 0x000001339d14fc60, 0x000001339d14aa90,
0x000001339d14b430, 0x000001339d14b900, 0x000001339d149280, 0x000001339d149750,
0x000001339bd69890, 0x000001339bd67bb0, 0x000001339bd66870, 0x000001339bff4680,
0x000001339bff5020, 0x000001339bff9d20, 0x000001339bff7b70, 0x000001339bffb060,
0x000001339bff54f0, 0x000001339bff3ce0, 0x000001339bff9380, 0x000001339bff8510,
0x000001339c3c1580, 0x000001339c3bfd70
}

Java Threads: ( => current thread )
  0x00000133f835a1f0 JavaThread "main" [_thread_blocked, id=2804, stack(0x00000023e3c00000,0x00000023e3d00000)]
  0x00000133ff499930 JavaThread "Reference Handler" daemon [_thread_blocked, id=6772, stack(0x00000023e4400000,0x00000023e4500000)]
  0x00000133ff49a6b0 JavaThread "Finalizer" daemon [_thread_blocked, id=16684, stack(0x00000023e4500000,0x00000023e4600000)]
  0x00000133ff4b2900 JavaThread "Signal Dispatcher" daemon [_thread_blocked, id=19464, stack(0x00000023e4600000,0x00000023e4700000)]
  0x00000133ff4b61e0 JavaThread "Attach Listener" daemon [_thread_blocked, id=19468, stack(0x00000023e4700000,0x00000023e4800000)]
  0x00000133ff4b7ab0 JavaThread "Service Thread" daemon [_thread_blocked, id=19472, stack(0x00000023e4800000,0x00000023e4900000)]
  0x00000133ff4b8370 JavaThread "Monitor Deflation Thread" daemon [_thread_blocked, id=19476, stack(0x00000023e4900000,0x00000023e4a00000)]
  0x00000133ff4b9010 JavaThread "C2 CompilerThread0" daemon [_thread_blocked, id=19480, stack(0x00000023e4a00000,0x00000023e4b00000)]
  0x00000133ff4bc170 JavaThread "C1 CompilerThread0" daemon [_thread_blocked, id=19484, stack(0x00000023e4b00000,0x00000023e4c00000)]
  0x0000013399138010 JavaThread "Sweeper thread" daemon [_thread_blocked, id=19488, stack(0x00000023e4c00000,0x00000023e4d00000)]
  0x000001339919cba0 JavaThread "Common-Cleaner" daemon [_thread_blocked, id=19524, stack(0x00000023e4d00000,0x00000023e4e00000)]
  0x000001339919f820 JavaThread "Notification Thread" daemon [_thread_blocked, id=19528, stack(0x00000023e4e00000,0x00000023e4f00000)]
  0x000001339a5acbe0 JavaThread "Daemon health stats" [_thread_blocked, id=20268, stack(0x00000023e5300000,0x00000023e5400000)]
  0x0000013399c9a430 JavaThread "Incoming local TCP Connector on port 54514" [_thread_in_native, id=20576, stack(0x00000023e5400000,0x00000023e5500000)]
  0x0000013399c6cf00 JavaThread "Daemon periodic checks" [_thread_blocked, id=20616, stack(0x00000023e5500000,0x00000023e5600000)]
  0x000001339928c520 JavaThread "Daemon" [_thread_blocked, id=20688, stack(0x00000023e5600000,0x00000023e5700000)]
  0x000001339ab06d80 JavaThread "Handler for socket connection from /127.0.0.1:54514 to /127.0.0.1:54515" [_thread_blocked, id=20696, stack(0x00000023e5700000,0x00000023e5800000)]
  0x000001339a7e8d80 JavaThread "Cancel handler" [_thread_blocked, id=20704, stack(0x00000023e5800000,0x00000023e5900000)]
  0x000001339a7ea590 JavaThread "Daemon worker" [_thread_blocked, id=20724, stack(0x00000023e5900000,0x00000023e5a00000)]
  0x000001339a7e7f10 JavaThread "Asynchronous log dispatcher for DefaultDaemonConnection: socket connection from /127.0.0.1:54514 to /127.0.0.1:54515" [_thread_blocked, id=20760, stack(0x00000023e5a00000,0x00000023e5b00000)]
  0x000001339a7e70a0 JavaThread "Daemon client event forwarder" [_thread_blocked, id=20772, stack(0x00000023e5c00000,0x00000023e5d00000)]
  0x000001339a7e88b0 JavaThread "Cache worker for journal cache (C:\Users\ss\.gradle\caches\journal-1)" [_thread_blocked, id=20944, stack(0x00000023e5d00000,0x00000023e5e00000)]
  0x000001339a7e9bf0 JavaThread "File lock request listener" [_thread_blocked, id=20956, stack(0x00000023e5e00000,0x00000023e5f00000)]
  0x000001339a7eaa60 JavaThread "Cache worker for file hash cache (C:\Users\ss\.gradle\caches\7.3.3\fileHashes)" [_thread_blocked, id=20980, stack(0x00000023e5f00000,0x00000023e6000000)]
  0x000001339a7e7570 JavaThread "Cache worker for file hash cache (C:\Users\ss\Desktop\teachers-vision\android\.gradle\7.3.3\fileHashes)" [_thread_blocked, id=21104, stack(0x00000023e6000000,0x00000023e6100000)]
  0x000001339a7e83e0 JavaThread "File watcher server" daemon [_thread_in_native, id=21168, stack(0x00000023e6100000,0x00000023e6200000)]
  0x000001339a7e9720 JavaThread "File watcher consumer" daemon [_thread_blocked, id=21176, stack(0x00000023e6200000,0x00000023e6300000)]
  0x000001339a7e7a40 JavaThread "Cache worker for checksums cache (C:\Users\ss\Desktop\teachers-vision\android\.gradle\7.3.3\checksums)" [_thread_blocked, id=21240, stack(0x00000023e6300000,0x00000023e6400000)]
  0x000001339bf25fe0 JavaThread "Cache worker for cache directory md-supplier (C:\Users\ss\.gradle\caches\7.3.3\md-supplier)" [_thread_blocked, id=21300, stack(0x00000023e6800000,0x00000023e6900000)]
  0x000001339bf28190 JavaThread "Cache worker for cache directory md-rule (C:\Users\ss\.gradle\caches\7.3.3\md-rule)" [_thread_blocked, id=21328, stack(0x00000023e6900000,0x00000023e6a00000)]
  0x000001339bf264b0 JavaThread "Cache worker for execution history cache (C:\Users\ss\.gradle\caches\7.3.3\executionHistory)" [_thread_blocked, id=21456, stack(0x00000023e6a00000,0x00000023e6b00000)]
  0x000001339bf2c4f0 JavaThread "jar transforms" [_thread_blocked, id=15900, stack(0x00000023e3b00000,0x00000023e3c00000)]
  0x000001339bf26e50 JavaThread "jar transforms Thread 2" [_thread_blocked, id=13644, stack(0x00000023e3d00000,0x00000023e3e00000)]
  0x000001339bf29e70 JavaThread "Cache worker for file content cache (C:\Users\ss\.gradle\caches\7.3.3\fileContent)" [_thread_blocked, id=19552, stack(0x00000023e6b00000,0x00000023e6c00000)]
  0x000001339bf25170 JavaThread "jar transforms Thread 3" [_thread_blocked, id=20152, stack(0x00000023e6c00000,0x00000023e6d00000)]
  0x000001339bf27320 JavaThread "jar transforms Thread 4" [_thread_blocked, id=21132, stack(0x00000023e6d00000,0x00000023e6e00000)]
  0x000001339bf2a340 JavaThread "Cache worker for kotlin-dsl (C:\Users\ss\.gradle\caches\7.3.3\kotlin-dsl)" [_thread_blocked, id=21000, stack(0x00000023e6400000,0x00000023e6500000)]
  0x000001339bf24ca0 JavaThread "Cache worker for dependencies-accessors (C:\Users\ss\Desktop\teachers-vision\android\.gradle\7.3.3\dependencies-accessors)" [_thread_blocked, id=22068, stack(0x00000023e6600000,0x00000023e6700000)]
  0x000001339bf2c020 JavaThread "Cache worker for Build Output Cleanup Cache (C:\Users\ss\Desktop\teachers-vision\node_modules\react-native-gradle-plugin\.gradle\buildOutputCleanup)" [_thread_blocked, id=23460, stack(0x00000023e6e00000,0x00000023e6f00000)]
  0x000001339bf28660 JavaThread "Unconstrained build operations" [_thread_blocked, id=21496, stack(0x00000023e6f00000,0x00000023e7000000)]
  0x000001339bf28b30 JavaThread "Unconstrained build operations Thread 2" [_thread_blocked, id=22892, stack(0x00000023e7000000,0x00000023e7100000)]
  0x000001339bf2b1b0 JavaThread "Unconstrained build operations Thread 3" [_thread_blocked, id=21336, stack(0x00000023e7100000,0x00000023e7200000)]
  0x000001339bf29000 JavaThread "Unconstrained build operations Thread 4" [_thread_blocked, id=5336, stack(0x00000023e7200000,0x00000023e7300000)]
  0x000001339bf294d0 JavaThread "Unconstrained build operations Thread 5" [_thread_blocked, id=23408, stack(0x00000023e7300000,0x00000023e7400000)]
  0x000001339bf299a0 JavaThread "Unconstrained build operations Thread 6" [_thread_blocked, id=23372, stack(0x00000023e7400000,0x00000023e7500000)]
  0x000001339bf2b680 JavaThread "Unconstrained build operations Thread 7" [_thread_blocked, id=13564, stack(0x00000023e7500000,0x00000023e7600000)]
  0x000001339d148db0 JavaThread "Unconstrained build operations Thread 8" [_thread_blocked, id=20488, stack(0x00000023e7600000,0x00000023e7700000)]
  0x000001339d14c2a0 JavaThread "Unconstrained build operations Thread 9" [_thread_blocked, id=20524, stack(0x00000023e7700000,0x00000023e7800000)]
  0x000001339d14c770 JavaThread "Unconstrained build operations Thread 10" [_thread_blocked, id=22056, stack(0x00000023e7800000,0x00000023e7900000)]
  0x000001339d14a0f0 JavaThread "Unconstrained build operations Thread 11" [_thread_blocked, id=22964, stack(0x00000023e7900000,0x00000023e7a00000)]
  0x000001339d14d110 JavaThread "Unconstrained build operations Thread 12" [_thread_blocked, id=6780, stack(0x00000023e7a00000,0x00000023e7b00000)]
  0x000001339d1488e0 JavaThread "Unconstrained build operations Thread 13" [_thread_blocked, id=22452, stack(0x00000023e7b00000,0x00000023e7c00000)]
  0x000001339d14f2c0 JavaThread "Unconstrained build operations Thread 14" [_thread_blocked, id=9512, stack(0x00000023e7c00000,0x00000023e7d00000)]
  0x000001339d14edf0 JavaThread "Unconstrained build operations Thread 15" [_thread_blocked, id=22388, stack(0x00000023e7d00000,0x00000023e7e00000)]
  0x000001339d148410 JavaThread "Unconstrained build operations Thread 16" [_thread_blocked, id=23228, stack(0x00000023e7e00000,0x00000023e7f00000)]
  0x000001339d14cc40 JavaThread "Unconstrained build operations Thread 17" [_thread_blocked, id=20632, stack(0x00000023e7f00000,0x00000023e8000000)]
  0x000001339d14df80 JavaThread "Unconstrained build operations Thread 18" [_thread_blocked, id=21604, stack(0x00000023e8000000,0x00000023e8100000)]
  0x000001339d149c20 JavaThread "Unconstrained build operations Thread 19" [_thread_blocked, id=23308, stack(0x00000023e8100000,0x00000023e8200000)]
  0x000001339d14d5e0 JavaThread "Unconstrained build operations Thread 20" [_thread_blocked, id=15448, stack(0x00000023e8200000,0x00000023e8300000)]
  0x000001339d14dab0 JavaThread "Unconstrained build operations Thread 21" [_thread_blocked, id=19912, stack(0x00000023e8300000,0x00000023e8400000)]
  0x000001339d14e450 JavaThread "Unconstrained build operations Thread 22" [_thread_blocked, id=22616, stack(0x00000023e8400000,0x00000023e8500000)]
  0x000001339d14e920 JavaThread "Unconstrained build operations Thread 23" [_thread_blocked, id=20728, stack(0x00000023e8500000,0x00000023e8600000)]
  0x000001339d14bdd0 JavaThread "Unconstrained build operations Thread 24" [_thread_blocked, id=23536, stack(0x00000023e8600000,0x00000023e8700000)]
  0x000001339d14f790 JavaThread "Unconstrained build operations Thread 25" [_thread_blocked, id=23092, stack(0x00000023e8700000,0x00000023e8800000)]
  0x000001339d14a5c0 JavaThread "Unconstrained build operations Thread 26" [_thread_blocked, id=23212, stack(0x00000023e8800000,0x00000023e8900000)]
  0x000001339d14af60 JavaThread "Unconstrained build operations Thread 27" [_thread_blocked, id=19684, stack(0x00000023e8900000,0x00000023e8a00000)]
  0x000001339d14fc60 JavaThread "Unconstrained build operations Thread 28" [_thread_blocked, id=23152, stack(0x00000023e8a00000,0x00000023e8b00000)]
  0x000001339d14aa90 JavaThread "Unconstrained build operations Thread 29" [_thread_blocked, id=20540, stack(0x00000023e8b00000,0x00000023e8c00000)]
  0x000001339d14b430 JavaThread "Unconstrained build operations Thread 30" [_thread_blocked, id=22620, stack(0x00000023e8c00000,0x00000023e8d00000)]
  0x000001339d14b900 JavaThread "Unconstrained build operations Thread 31" [_thread_blocked, id=22592, stack(0x00000023e8d00000,0x00000023e8e00000)]
  0x000001339d149280 JavaThread "Unconstrained build operations Thread 32" [_thread_blocked, id=6636, stack(0x00000023e8e00000,0x00000023e8f00000)]
  0x000001339d149750 JavaThread "Unconstrained build operations Thread 33" [_thread_blocked, id=18160, stack(0x00000023e8f00000,0x00000023e9000000)]
  0x000001339bd69890 JavaThread "build event listener" [_thread_blocked, id=21400, stack(0x00000023e9000000,0x00000023e9100000)]
  0x000001339bd67bb0 JavaThread "Memory manager" [_thread_blocked, id=23276, stack(0x00000023e9100000,0x00000023e9200000)]
  0x000001339bd66870 JavaThread "Cache worker for Build Output Cleanup Cache (C:\Users\ss\Desktop\teachers-vision\android\.gradle\buildOutputCleanup)" [_thread_blocked, id=21392, stack(0x00000023e9200000,0x00000023e9300000)]
  0x000001339bff4680 JavaThread "Cache worker for execution history cache (C:\Users\ss\Desktop\teachers-vision\node_modules\react-native-gradle-plugin\.gradle\7.3.3\executionHistory)" [_thread_blocked, id=17864, stack(0x00000023e9700000,0x00000023e9800000)]
  0x000001339bff5020 JavaThread "Unconstrained build operations Thread 34" [_thread_blocked, id=22596, stack(0x00000023e6700000,0x00000023e6800000)]
  0x000001339bff9d20 JavaThread "Unconstrained build operations Thread 35" [_thread_blocked, id=6532, stack(0x00000023e9800000,0x00000023e9900000)]
  0x000001339bff7b70 JavaThread "Unconstrained build operations Thread 36" [_thread_blocked, id=22804, stack(0x00000023e9900000,0x00000023e9a00000)]
  0x000001339bffb060 JavaThread "Unconstrained build operations Thread 37" [_thread_blocked, id=21024, stack(0x00000023e9a00000,0x00000023e9b00000)]
  0x000001339bff54f0 JavaThread "Unconstrained build operations Thread 38" [_thread_blocked, id=16264, stack(0x00000023e9b00000,0x00000023e9c00000)]
  0x000001339bff3ce0 JavaThread "Unconstrained build operations Thread 39" [_thread_blocked, id=23400, stack(0x00000023e9c00000,0x00000023e9d00000)]
  0x000001339bff9380 JavaThread "Unconstrained build operations Thread 40" [_thread_blocked, id=23472, stack(0x00000023e9d00000,0x00000023e9e00000)]
  0x000001339bff8510 JavaThread "build event listener" [_thread_blocked, id=23700, stack(0x00000023e9400000,0x00000023e9500000)]
  0x000001339c3c1580 JavaThread "File lock release action executor Thread 4" [_thread_blocked, id=2684, stack(0x00000023e6500000,0x00000023e6600000)]
  0x000001339c3bfd70 JavaThread "build event listener" [_thread_blocked, id=12500, stack(0x00000023e5b00000,0x00000023e5c00000)]

Other Threads:
=>0x00000133ff491a80 VMThread "VM Thread" [stack: 0x00000023e4300000,0x00000023e4400000] [id=8508]
  0x00000133991a1d00 WatcherThread [stack: 0x00000023e4f00000,0x00000023e5000000] [id=19536]
  0x00000133f83b23e0 GCTaskThread "GC Thread#0" [stack: 0x00000023e3e00000,0x00000023e3f00000] [id=16408]
  0x00000133993ca100 GCTaskThread "GC Thread#1" [stack: 0x00000023e5000000,0x00000023e5100000] [id=19748]
  0x00000133993ca3b0 GCTaskThread "GC Thread#2" [stack: 0x00000023e5100000,0x00000023e5200000] [id=19752]
  0x0000013399a0da00 GCTaskThread "GC Thread#3" [stack: 0x00000023e5200000,0x00000023e5300000] [id=19756]
  0x00000133f83c3240 ConcurrentGCThread "G1 Main Marker" [stack: 0x00000023e3f00000,0x00000023e4000000] [id=2636]
  0x00000133f83c4b70 ConcurrentGCThread "G1 Conc#0" [stack: 0x00000023e4000000,0x00000023e4100000] [id=13536]
  0x00000133f842ece0 ConcurrentGCThread "G1 Refine#0" [stack: 0x00000023e4100000,0x00000023e4200000] [id=14060]
  0x00000133ff350b90 ConcurrentGCThread "G1 Service" [stack: 0x00000023e4200000,0x00000023e4300000] [id=18596]

Threads with active compile tasks:

VM state: at safepoint (normal execution)

VM Mutex/Monitor currently owned by a thread:  ([mutex/lock_event])
[0x00000133f83559a0] Threads_lock - owner thread: 0x00000133ff491a80
[0x00000133f8355760] Heap_lock - owner thread: 0x00000133f83c3240

Heap address: 0x0000000080000000, size: 2048 MB, Compressed Oops mode: 32-bit

CDS archive(s) mapped at: [0x0000000800000000-0x0000000800bd0000-0x0000000800bd0000), size 12386304, SharedBaseAddress: 0x0000000800000000, ArchiveRelocationMode: 0.
Compressed class space mapped at: 0x0000000800c00000-0x000000081a800000, reserved size: 432013312
Narrow klass base: 0x0000000800000000, Narrow klass shift: 0, Narrow klass range: 0x100000000

GC Precious Log:
 CPUs: 4 total, 4 available
 Memory: 16263M
 Large Page Support: Disabled
 NUMA Support: Disabled
 Compressed Oops: Enabled (32-bit)
 Heap Region Size: 1M
 Heap Min Capacity: 8M
 Heap Initial Capacity: 256M
 Heap Max Capacity: 2G
 Pre-touch: Disabled
 Parallel Workers: 4
 Concurrent Workers: 1
 Concurrent Refinement Workers: 4
 Periodic GC: Disabled

Heap:
 garbage-first heap   total 266240K, used 172314K [0x0000000080000000, 0x0000000100000000)
  region size 1024K, 10 young (10240K), 8 survivors (8192K)
 Metaspace       used 96907K, committed 98496K, reserved 512000K
  class space    used 13363K, committed 14080K, reserved 421888K

Heap Regions: E=young(eden), S=young(survivor), O=old, HS=humongous(starts), HC=humongous(continues), CS=collection set, F=free, OA=open archive, CA=closed archive, TAMS=top-at-mark-start (previous, next)
|   0|0x0000000080000000, 0x0000000080100000, 0x0000000080100000|100%|HS|  |TAMS 0x0000000080100000, 0x0000000080000000| Complete 
|   1|0x0000000080100000, 0x0000000080200000, 0x0000000080200000|100%|HC|  |TAMS 0x0000000080200000, 0x0000000080100000| Complete 
|   2|0x0000000080200000, 0x0000000080300000, 0x0000000080300000|100%|HC|  |TAMS 0x0000000080300000, 0x0000000080200000| Complete 
|   3|0x0000000080300000, 0x0000000080400000, 0x0000000080400000|100%| O|  |TAMS 0x0000000080400000, 0x0000000080300000| Untracked 
|   4|0x0000000080400000, 0x0000000080500000, 0x0000000080500000|100%| O|  |TAMS 0x0000000080500000, 0x0000000080400000| Untracked 
|   5|0x0000000080500000, 0x0000000080600000, 0x0000000080600000|100%| O|  |TAMS 0x0000000080600000, 0x0000000080500000| Untracked 
|   6|0x0000000080600000, 0x0000000080700000, 0x0000000080700000|100%| O|  |TAMS 0x0000000080700000, 0x0000000080600000| Untracked 
|   7|0x0000000080700000, 0x0000000080800000, 0x0000000080800000|100%| O|  |TAMS 0x0000000080800000, 0x0000000080700000| Updating 
|   8|0x0000000080800000, 0x0000000080900000, 0x0000000080900000|100%| O|  |TAMS 0x0000000080900000, 0x0000000080800000| Untracked 
|   9|0x0000000080900000, 0x0000000080a00000, 0x0000000080a00000|100%| O|  |TAMS 0x0000000080a00000, 0x0000000080900000| Untracked 
|  10|0x0000000080a00000, 0x0000000080b00000, 0x0000000080b00000|100%| O|  |TAMS 0x0000000080b00000, 0x0000000080a00000| Untracked 
|  11|0x0000000080b00000, 0x0000000080c00000, 0x0000000080c00000|100%| O|  |TAMS 0x0000000080c00000, 0x0000000080b00000| Untracked 
|  12|0x0000000080c00000, 0x0000000080d00000, 0x0000000080d00000|100%| O|  |TAMS 0x0000000080d00000, 0x0000000080c00000| Untracked 
|  13|0x0000000080d00000, 0x0000000080e00000, 0x0000000080e00000|100%| O|  |TAMS 0x0000000080e00000, 0x0000000080d00000| Untracked 
|  14|0x0000000080e00000, 0x0000000080f00000, 0x0000000080f00000|100%| O|  |TAMS 0x0000000080f00000, 0x0000000080e00000| Untracked 
|  15|0x0000000080f00000, 0x0000000081000000, 0x0000000081000000|100%| O|  |TAMS 0x0000000081000000, 0x0000000080f00000| Untracked 
|  16|0x0000000081000000, 0x0000000081100000, 0x0000000081100000|100%| O|  |TAMS 0x0000000081100000, 0x0000000081000000| Untracked 
|  17|0x0000000081100000, 0x0000000081200000, 0x0000000081200000|100%| O|  |TAMS 0x0000000081200000, 0x0000000081100000| Untracked 
|  18|0x0000000081200000, 0x0000000081300000, 0x0000000081300000|100%| O|  |TAMS 0x0000000081300000, 0x0000000081200000| Untracked 
|  19|0x0000000081300000, 0x0000000081400000, 0x0000000081400000|100%| O|  |TAMS 0x0000000081400000, 0x0000000081300000| Untracked 
|  20|0x0000000081400000, 0x0000000081500000, 0x0000000081500000|100%| O|  |TAMS 0x0000000081500000, 0x0000000081400000| Untracked 
|  21|0x0000000081500000, 0x0000000081600000, 0x0000000081600000|100%| O|  |TAMS 0x0000000081600000, 0x0000000081500000| Untracked 
|  22|0x0000000081600000, 0x0000000081700000, 0x0000000081700000|100%| O|  |TAMS 0x0000000081700000, 0x0000000081600000| Untracked 
|  23|0x0000000081700000, 0x0000000081800000, 0x0000000081800000|100%| O|  |TAMS 0x0000000081800000, 0x0000000081700000| Untracked 
|  24|0x0000000081800000, 0x0000000081900000, 0x0000000081900000|100%| O|  |TAMS 0x0000000081900000, 0x0000000081800000| Untracked 
|  25|0x0000000081900000, 0x0000000081a00000, 0x0000000081a00000|100%| O|  |TAMS 0x0000000081a00000, 0x0000000081900000| Untracked 
|  26|0x0000000081a00000, 0x0000000081b00000, 0x0000000081b00000|100%|HS|  |TAMS 0x0000000081b00000, 0x0000000081a00000| Complete 
|  27|0x0000000081b00000, 0x0000000081c00000, 0x0000000081c00000|100%| O|  |TAMS 0x0000000081c00000, 0x0000000081b00000| Untracked 
|  28|0x0000000081c00000, 0x0000000081d00000, 0x0000000081d00000|100%| O|  |TAMS 0x0000000081d00000, 0x0000000081c00000| Untracked 
|  29|0x0000000081d00000, 0x0000000081e00000, 0x0000000081e00000|100%| O|  |TAMS 0x0000000081e00000, 0x0000000081d00000| Updating 
|  30|0x0000000081e00000, 0x0000000081f00000, 0x0000000081f00000|100%| O|  |TAMS 0x0000000081f00000, 0x0000000081e00000| Untracked 
|  31|0x0000000081f00000, 0x0000000082000000, 0x0000000082000000|100%| O|  |TAMS 0x0000000082000000, 0x0000000081f00000| Untracked 
|  32|0x0000000082000000, 0x0000000082100000, 0x0000000082100000|100%| O|  |TAMS 0x0000000082100000, 0x0000000082000000| Updating 
|  33|0x0000000082100000, 0x0000000082200000, 0x0000000082200000|100%| O|  |TAMS 0x0000000082200000, 0x0000000082100000| Untracked 
|  34|0x0000000082200000, 0x0000000082300000, 0x0000000082300000|100%| O|  |TAMS 0x0000000082300000, 0x0000000082200000| Untracked 
|  35|0x0000000082300000, 0x0000000082400000, 0x0000000082400000|100%| O|  |TAMS 0x0000000082400000, 0x0000000082300000| Updating 
|  36|0x0000000082400000, 0x0000000082500000, 0x0000000082500000|100%| O|  |TAMS 0x0000000082500000, 0x0000000082400000| Untracked 
|  37|0x0000000082500000, 0x0000000082600000, 0x0000000082600000|100%| O|  |TAMS 0x0000000082600000, 0x0000000082500000| Untracked 
|  38|0x0000000082600000, 0x0000000082700000, 0x0000000082700000|100%| O|  |TAMS 0x0000000082700000, 0x0000000082600000| Untracked 
|  39|0x0000000082700000, 0x0000000082800000, 0x0000000082800000|100%|HS|  |TAMS 0x0000000082800000, 0x0000000082700000| Complete 
|  40|0x0000000082800000, 0x0000000082900000, 0x0000000082900000|100%|HC|  |TAMS 0x0000000082900000, 0x0000000082800000| Complete 
|  41|0x0000000082900000, 0x0000000082a00000, 0x0000000082a00000|100%|HC|  |TAMS 0x0000000082a00000, 0x0000000082900000| Complete 
|  42|0x0000000082a00000, 0x0000000082b00000, 0x0000000082b00000|100%| O|  |TAMS 0x0000000082b00000, 0x0000000082a00000| Untracked 
|  43|0x0000000082b00000, 0x0000000082c00000, 0x0000000082c00000|100%| O|  |TAMS 0x0000000082c00000, 0x0000000082b00000| Untracked 
|  44|0x0000000082c00000, 0x0000000082d00000, 0x0000000082d00000|100%| O|  |TAMS 0x0000000082d00000, 0x0000000082c00000| Untracked 
|  45|0x0000000082d00000, 0x0000000082e00000, 0x0000000082e00000|100%| O|  |TAMS 0x0000000082e00000, 0x0000000082d00000| Untracked 
|  46|0x0000000082e00000, 0x0000000082f00000, 0x0000000082f00000|100%| O|  |TAMS 0x0000000082f00000, 0x0000000082e00000| Untracked 
|  47|0x0000000082f00000, 0x0000000083000000, 0x0000000083000000|100%| O|  |TAMS 0x0000000083000000, 0x0000000082f00000| Untracked 
|  48|0x0000000083000000, 0x0000000083100000, 0x0000000083100000|100%| O|  |TAMS 0x0000000083100000, 0x0000000083000000| Untracked 
|  49|0x0000000083100000, 0x0000000083200000, 0x0000000083200000|100%| O|  |TAMS 0x0000000083200000, 0x0000000083100000| Untracked 
|  50|0x0000000083200000, 0x0000000083300000, 0x0000000083300000|100%| O|  |TAMS 0x0000000083300000, 0x0000000083200000| Untracked 
|  51|0x0000000083300000, 0x0000000083400000, 0x0000000083400000|100%| O|  |TAMS 0x0000000083400000, 0x0000000083300000| Untracked 
|  52|0x0000000083400000, 0x0000000083500000, 0x0000000083500000|100%| O|  |TAMS 0x0000000083500000, 0x0000000083400000| Untracked 
|  53|0x0000000083500000, 0x0000000083600000, 0x0000000083600000|100%| O|  |TAMS 0x0000000083600000, 0x0000000083500000| Updating 
|  54|0x0000000083600000, 0x0000000083700000, 0x0000000083700000|100%|HS|  |TAMS 0x0000000083700000, 0x0000000083600000| Complete 
|  55|0x0000000083700000, 0x0000000083800000, 0x0000000083800000|100%|HS|  |TAMS 0x0000000083800000, 0x0000000083700000| Complete 
|  56|0x0000000083800000, 0x0000000083900000, 0x0000000083900000|100%|HS|  |TAMS 0x0000000083900000, 0x0000000083800000| Complete 
|  57|0x0000000083900000, 0x0000000083a00000, 0x0000000083a00000|100%|HS|  |TAMS 0x0000000083a00000, 0x0000000083900000| Complete 
|  58|0x0000000083a00000, 0x0000000083b00000, 0x0000000083b00000|100%|HC|  |TAMS 0x0000000083b00000, 0x0000000083a00000| Complete 
|  59|0x0000000083b00000, 0x0000000083c00000, 0x0000000083c00000|100%| O|  |TAMS 0x0000000083c00000, 0x0000000083b00000| Untracked 
|  60|0x0000000083c00000, 0x0000000083d00000, 0x0000000083d00000|100%| O|  |TAMS 0x0000000083d00000, 0x0000000083c00000| Untracked 
|  61|0x0000000083d00000, 0x0000000083e00000, 0x0000000083e00000|100%| O|  |TAMS 0x0000000083e00000, 0x0000000083d00000| Untracked 
|  62|0x0000000083e00000, 0x0000000083f00000, 0x0000000083f00000|100%| O|  |TAMS 0x0000000083f00000, 0x0000000083e00000| Updating 
|  63|0x0000000083f00000, 0x0000000084000000, 0x0000000084000000|100%| O|  |TAMS 0x0000000084000000, 0x0000000083f00000| Untracked 
|  64|0x0000000084000000, 0x0000000084100000, 0x0000000084100000|100%| O|  |TAMS 0x0000000084100000, 0x0000000084000000| Untracked 
|  65|0x0000000084100000, 0x0000000084200000, 0x0000000084200000|100%| O|  |TAMS 0x0000000084200000, 0x0000000084100000| Untracked 
|  66|0x0000000084200000, 0x0000000084300000, 0x0000000084300000|100%| O|  |TAMS 0x0000000084300000, 0x0000000084200000| Updating 
|  67|0x0000000084300000, 0x0000000084400000, 0x0000000084400000|100%| O|  |TAMS 0x0000000084400000, 0x0000000084300000| Updating 
|  68|0x0000000084400000, 0x0000000084500000, 0x0000000084500000|100%| O|  |TAMS 0x0000000084500000, 0x0000000084400000| Untracked 
|  69|0x0000000084500000, 0x0000000084600000, 0x0000000084600000|100%| O|  |TAMS 0x0000000084600000, 0x0000000084500000| Untracked 
|  70|0x0000000084600000, 0x0000000084700000, 0x0000000084700000|100%| O|  |TAMS 0x0000000084700000, 0x0000000084600000| Untracked 
|  71|0x0000000084700000, 0x0000000084800000, 0x0000000084800000|100%| O|  |TAMS 0x0000000084800000, 0x0000000084700000| Untracked 
|  72|0x0000000084800000, 0x0000000084900000, 0x0000000084900000|100%| O|  |TAMS 0x0000000084900000, 0x0000000084800000| Untracked 
|  73|0x0000000084900000, 0x0000000084a00000, 0x0000000084a00000|100%| O|  |TAMS 0x0000000084a00000, 0x0000000084900000| Updating 
|  74|0x0000000084a00000, 0x0000000084b00000, 0x0000000084b00000|100%| O|  |TAMS 0x0000000084b00000, 0x0000000084a00000| Untracked 
|  75|0x0000000084b00000, 0x0000000084c00000, 0x0000000084c00000|100%| O|  |TAMS 0x0000000084c00000, 0x0000000084b00000| Untracked 
|  76|0x0000000084c00000, 0x0000000084d00000, 0x0000000084d00000|100%| O|  |TAMS 0x0000000084d00000, 0x0000000084c00000| Untracked 
|  77|0x0000000084d00000, 0x0000000084e00000, 0x0000000084e00000|100%| O|  |TAMS 0x0000000084e00000, 0x0000000084d00000| Untracked 
|  78|0x0000000084e00000, 0x0000000084f00000, 0x0000000084f00000|100%| O|  |TAMS 0x0000000084f00000, 0x0000000084e00000| Untracked 
|  79|0x0000000084f00000, 0x0000000085000000, 0x0000000085000000|100%| O|  |TAMS 0x0000000085000000, 0x0000000084f00000| Untracked 
|  80|0x0000000085000000, 0x0000000085100000, 0x0000000085100000|100%| O|  |TAMS 0x0000000085100000, 0x0000000085000000| Updating 
|  81|0x0000000085100000, 0x0000000085200000, 0x0000000085200000|100%| O|  |TAMS 0x0000000085200000, 0x0000000085100000| Untracked 
|  82|0x0000000085200000, 0x0000000085300000, 0x0000000085300000|100%| O|  |TAMS 0x0000000085300000, 0x0000000085200000| Untracked 
|  83|0x0000000085300000, 0x0000000085400000, 0x0000000085400000|100%| O|  |TAMS 0x0000000085400000, 0x0000000085300000| Updating 
|  84|0x0000000085400000, 0x0000000085500000, 0x0000000085500000|100%| O|  |TAMS 0x0000000085500000, 0x0000000085400000| Untracked 
|  85|0x0000000085500000, 0x0000000085600000, 0x0000000085600000|100%| O|  |TAMS 0x0000000085600000, 0x0000000085500000| Untracked 
|  86|0x0000000085600000, 0x0000000085700000, 0x0000000085700000|100%| O|  |TAMS 0x0000000085700000, 0x0000000085600000| Updating 
|  87|0x0000000085700000, 0x0000000085800000, 0x0000000085800000|100%| O|  |TAMS 0x0000000085800000, 0x0000000085700000| Untracked 
|  88|0x0000000085800000, 0x0000000085900000, 0x0000000085900000|100%| O|  |TAMS 0x0000000085900000, 0x0000000085800000| Untracked 
|  89|0x0000000085900000, 0x0000000085a00000, 0x0000000085a00000|100%| O|  |TAMS 0x0000000085a00000, 0x0000000085900000| Untracked 
|  90|0x0000000085a00000, 0x0000000085b00000, 0x0000000085b00000|100%| O|  |TAMS 0x0000000085b00000, 0x0000000085a00000| Untracked 
|  91|0x0000000085b00000, 0x0000000085c00000, 0x0000000085c00000|100%| O|  |TAMS 0x0000000085c00000, 0x0000000085b00000| Untracked 
|  92|0x0000000085c00000, 0x0000000085d00000, 0x0000000085d00000|100%| O|  |TAMS 0x0000000085d00000, 0x0000000085c00000| Untracked 
|  93|0x0000000085d00000, 0x0000000085e00000, 0x0000000085e00000|100%| O|  |TAMS 0x0000000085e00000, 0x0000000085d00000| Untracked 
|  94|0x0000000085e00000, 0x0000000085f00000, 0x0000000085f00000|100%| O|  |TAMS 0x0000000085f00000, 0x0000000085e00000| Untracked 
|  95|0x0000000085f00000, 0x0000000086000000, 0x0000000086000000|100%| O|  |TAMS 0x0000000086000000, 0x0000000085f00000| Untracked 
|  96|0x0000000086000000, 0x0000000086100000, 0x0000000086100000|100%| O|  |TAMS 0x0000000086100000, 0x0000000086000000| Updating 
|  97|0x0000000086100000, 0x0000000086200000, 0x0000000086200000|100%| O|  |TAMS 0x0000000086200000, 0x0000000086100000| Untracked 
|  98|0x0000000086200000, 0x0000000086300000, 0x0000000086300000|100%| O|  |TAMS 0x0000000086300000, 0x0000000086200000| Untracked 
|  99|0x0000000086300000, 0x0000000086400000, 0x0000000086400000|100%| O|  |TAMS 0x0000000086400000, 0x0000000086300000| Untracked 
| 100|0x0000000086400000, 0x0000000086500000, 0x0000000086500000|100%| O|  |TAMS 0x0000000086500000, 0x0000000086400000| Untracked 
| 101|0x0000000086500000, 0x0000000086600000, 0x0000000086600000|100%| O|  |TAMS 0x0000000086600000, 0x0000000086500000| Untracked 
| 102|0x0000000086600000, 0x0000000086700000, 0x0000000086700000|100%| O|  |TAMS 0x0000000086700000, 0x0000000086600000| Updating 
| 103|0x0000000086700000, 0x0000000086800000, 0x0000000086800000|100%| O|  |TAMS 0x0000000086800000, 0x0000000086700000| Untracked 
| 104|0x0000000086800000, 0x0000000086900000, 0x0000000086900000|100%| O|  |TAMS 0x0000000086900000, 0x0000000086800000| Untracked 
| 105|0x0000000086900000, 0x0000000086a00000, 0x0000000086a00000|100%| O|  |TAMS 0x0000000086a00000, 0x0000000086900000| Untracked 
| 106|0x0000000086a00000, 0x0000000086b00000, 0x0000000086b00000|100%| O|  |TAMS 0x0000000086b00000, 0x0000000086a00000| Untracked 
| 107|0x0000000086b00000, 0x0000000086c00000, 0x0000000086c00000|100%| O|  |TAMS 0x0000000086b00000, 0x0000000086b00000| Untracked 
| 108|0x0000000086c00000, 0x0000000086d00000, 0x0000000086d00000|100%| O|  |TAMS 0x0000000086d00000, 0x0000000086c00000| Untracked 
| 109|0x0000000086d00000, 0x0000000086e00000, 0x0000000086e00000|100%| O|  |TAMS 0x0000000086e00000, 0x0000000086d00000| Untracked 
| 110|0x0000000086e00000, 0x0000000086f00000, 0x0000000086f00000|100%| O|  |TAMS 0x0000000086f00000, 0x0000000086e00000| Untracked 
| 111|0x0000000086f00000, 0x0000000087000000, 0x0000000087000000|100%| O|  |TAMS 0x0000000087000000, 0x0000000086f00000| Untracked 
| 112|0x0000000087000000, 0x0000000087100000, 0x0000000087100000|100%| O|  |TAMS 0x0000000087100000, 0x0000000087000000| Untracked 
| 113|0x0000000087100000, 0x0000000087200000, 0x0000000087200000|100%| O|  |TAMS 0x0000000087200000, 0x0000000087100000| Untracked 
| 114|0x0000000087200000, 0x0000000087300000, 0x0000000087300000|100%| O|  |TAMS 0x0000000087300000, 0x0000000087200000| Untracked 
| 115|0x0000000087300000, 0x0000000087400000, 0x0000000087400000|100%| O|  |TAMS 0x0000000087400000, 0x0000000087300000| Untracked 
| 116|0x0000000087400000, 0x0000000087500000, 0x0000000087500000|100%| O|  |TAMS 0x0000000087500000, 0x0000000087400000| Untracked 
| 117|0x0000000087500000, 0x0000000087600000, 0x0000000087600000|100%| O|  |TAMS 0x0000000087600000, 0x0000000087500000| Untracked 
| 118|0x0000000087600000, 0x0000000087700000, 0x0000000087700000|100%| O|  |TAMS 0x0000000087700000, 0x0000000087600000| Untracked 
| 119|0x0000000087700000, 0x0000000087800000, 0x0000000087800000|100%| O|  |TAMS 0x0000000087800000, 0x0000000087700000| Untracked 
| 120|0x0000000087800000, 0x0000000087900000, 0x0000000087900000|100%| O|  |TAMS 0x0000000087900000, 0x0000000087800000| Updating 
| 121|0x0000000087900000, 0x0000000087a00000, 0x0000000087a00000|100%| O|  |TAMS 0x0000000087a00000, 0x0000000087900000| Untracked 
| 122|0x0000000087a00000, 0x0000000087b00000, 0x0000000087b00000|100%| O|  |TAMS 0x0000000087b00000, 0x0000000087a00000| Untracked 
| 123|0x0000000087b00000, 0x0000000087c00000, 0x0000000087c00000|100%| O|  |TAMS 0x0000000087c00000, 0x0000000087b00000| Untracked 
| 124|0x0000000087c00000, 0x0000000087d00000, 0x0000000087d00000|100%| O|  |TAMS 0x0000000087d00000, 0x0000000087c00000| Untracked 
| 125|0x0000000087d00000, 0x0000000087e00000, 0x0000000087e00000|100%| O|  |TAMS 0x0000000087e00000, 0x0000000087d00000| Untracked 
| 126|0x0000000087e00000, 0x0000000087f00000, 0x0000000087f00000|100%| O|  |TAMS 0x0000000087f00000, 0x0000000087e00000| Untracked 
| 127|0x0000000087f00000, 0x0000000088000000, 0x0000000088000000|100%| O|  |TAMS 0x0000000088000000, 0x0000000087f00000| Untracked 
| 128|0x0000000088000000, 0x0000000088100000, 0x0000000088100000|100%| O|  |TAMS 0x0000000088100000, 0x0000000088000000| Untracked 
| 129|0x0000000088100000, 0x0000000088200000, 0x0000000088200000|100%| O|  |TAMS 0x0000000088200000, 0x0000000088100000| Untracked 
| 130|0x0000000088200000, 0x0000000088300000, 0x0000000088300000|100%| O|  |TAMS 0x0000000088300000, 0x0000000088200000| Untracked 
| 131|0x0000000088300000, 0x0000000088400000, 0x0000000088400000|100%| O|  |TAMS 0x0000000088400000, 0x0000000088300000| Updating 
| 132|0x0000000088400000, 0x0000000088500000, 0x0000000088500000|100%| O|  |TAMS 0x0000000088500000, 0x0000000088400000| Untracked 
| 133|0x0000000088500000, 0x0000000088600000, 0x0000000088600000|100%| O|  |TAMS 0x0000000088600000, 0x0000000088500000| Untracked 
| 134|0x0000000088600000, 0x0000000088700000, 0x0000000088700000|100%| O|  |TAMS 0x0000000088700000, 0x0000000088600000| Untracked 
| 135|0x0000000088700000, 0x0000000088800000, 0x0000000088800000|100%| O|  |TAMS 0x0000000088800000, 0x0000000088700000| Untracked 
| 136|0x0000000088800000, 0x0000000088900000, 0x0000000088900000|100%| O|  |TAMS 0x0000000088900000, 0x0000000088800000| Updating 
| 137|0x0000000088900000, 0x0000000088a00000, 0x0000000088a00000|100%| O|  |TAMS 0x0000000088900000, 0x0000000088900000| Untracked 
| 138|0x0000000088a00000, 0x0000000088b00000, 0x0000000088b00000|100%| O|  |TAMS 0x0000000088b00000, 0x0000000088a00000| Untracked 
| 139|0x0000000088b00000, 0x0000000088c00000, 0x0000000088c00000|100%| O|  |TAMS 0x0000000088c00000, 0x0000000088b00000| Untracked 
| 140|0x0000000088c00000, 0x0000000088d00000, 0x0000000088d00000|100%| O|  |TAMS 0x0000000088d00000, 0x0000000088c00000| Untracked 
| 141|0x0000000088d00000, 0x0000000088e00000, 0x0000000088e00000|100%| O|  |TAMS 0x0000000088e00000, 0x0000000088d00000| Untracked 
| 142|0x0000000088e00000, 0x0000000088f00000, 0x0000000088f00000|100%| O|  |TAMS 0x0000000088f00000, 0x0000000088e00000| Untracked 
| 143|0x0000000088f00000, 0x0000000089000000, 0x0000000089000000|100%| O|  |TAMS 0x0000000089000000, 0x0000000088f00000| Untracked 
| 144|0x0000000089000000, 0x0000000089100000, 0x0000000089100000|100%| O|  |TAMS 0x0000000089100000, 0x0000000089000000| Untracked 
| 145|0x0000000089100000, 0x0000000089200000, 0x0000000089200000|100%| O|  |TAMS 0x0000000089200000, 0x0000000089100000| Untracked 
| 146|0x0000000089200000, 0x0000000089300000, 0x0000000089300000|100%| O|  |TAMS 0x0000000089300000, 0x0000000089200000| Updating 
| 147|0x0000000089300000, 0x0000000089400000, 0x0000000089400000|100%| O|  |TAMS 0x0000000089400000, 0x0000000089300000| Untracked 
| 148|0x0000000089400000, 0x0000000089500000, 0x0000000089500000|100%| O|  |TAMS 0x0000000089500000, 0x0000000089400000| Untracked 
| 149|0x0000000089500000, 0x0000000089600000, 0x0000000089600000|100%| O|  |TAMS 0x0000000089600000, 0x0000000089500000| Untracked 
| 150|0x0000000089600000, 0x0000000089700000, 0x0000000089700000|100%| O|  |TAMS 0x0000000089700000, 0x0000000089600000| Untracked 
| 151|0x0000000089700000, 0x0000000089800000, 0x0000000089800000|100%| O|  |TAMS 0x0000000089800000, 0x0000000089700000| Untracked 
| 152|0x0000000089800000, 0x0000000089900000, 0x0000000089900000|100%| O|  |TAMS 0x0000000089900000, 0x0000000089800000| Untracked 
| 153|0x0000000089900000, 0x0000000089a00000, 0x0000000089a00000|100%| O|  |TAMS 0x0000000089a00000, 0x0000000089900000| Untracked 
| 154|0x0000000089a00000, 0x0000000089b00000, 0x0000000089b00000|100%| O|  |TAMS 0x0000000089b00000, 0x0000000089a00000| Untracked 
| 155|0x0000000089b00000, 0x0000000089c00000, 0x0000000089c00000|100%| O|  |TAMS 0x0000000089c00000, 0x0000000089b00000| Untracked 
| 156|0x0000000089c00000, 0x0000000089d00000, 0x0000000089d00000|100%| O|  |TAMS 0x0000000089d00000, 0x0000000089c00000| Untracked 
| 157|0x0000000089d00000, 0x0000000089e00000, 0x0000000089e00000|100%| O|  |TAMS 0x0000000089e00000, 0x0000000089d00000| Untracked 
| 158|0x0000000089e00000, 0x0000000089f00000, 0x0000000089f00000|100%| O|  |TAMS 0x0000000089e90a00, 0x0000000089e00000| Updating 
| 159|0x0000000089f00000, 0x0000000089f46800, 0x000000008a000000| 27%| O|  |TAMS 0x0000000089f00000, 0x0000000089f00000| Updating 
| 160|0x000000008a000000, 0x000000008a000000, 0x000000008a100000|  0%| F|  |TAMS 0x000000008a000000, 0x000000008a000000| Untracked 
| 161|0x000000008a100000, 0x000000008a100000, 0x000000008a200000|  0%| F|  |TAMS 0x000000008a100000, 0x000000008a100000| Untracked 
| 162|0x000000008a200000, 0x000000008a200000, 0x000000008a300000|  0%| F|  |TAMS 0x000000008a200000, 0x000000008a200000| Untracked 
| 163|0x000000008a300000, 0x000000008a300000, 0x000000008a400000|  0%| F|  |TAMS 0x000000008a300000, 0x000000008a300000| Untracked 
| 164|0x000000008a400000, 0x000000008a400000, 0x000000008a500000|  0%| F|  |TAMS 0x000000008a400000, 0x000000008a400000| Untracked 
| 165|0x000000008a500000, 0x000000008a500000, 0x000000008a600000|  0%| F|  |TAMS 0x000000008a500000, 0x000000008a500000| Untracked 
| 166|0x000000008a600000, 0x000000008a600000, 0x000000008a700000|  0%| F|  |TAMS 0x000000008a600000, 0x000000008a600000| Untracked 
| 167|0x000000008a700000, 0x000000008a700000, 0x000000008a800000|  0%| F|  |TAMS 0x000000008a700000, 0x000000008a700000| Untracked 
| 168|0x000000008a800000, 0x000000008a800000, 0x000000008a900000|  0%| F|  |TAMS 0x000000008a800000, 0x000000008a800000| Untracked 
| 169|0x000000008a900000, 0x000000008a900000, 0x000000008aa00000|  0%| F|  |TAMS 0x000000008a900000, 0x000000008a900000| Untracked 
| 170|0x000000008aa00000, 0x000000008aa00000, 0x000000008ab00000|  0%| F|  |TAMS 0x000000008aa00000, 0x000000008aa00000| Untracked 
| 171|0x000000008ab00000, 0x000000008ab00000, 0x000000008ac00000|  0%| F|  |TAMS 0x000000008ab00000, 0x000000008ab00000| Untracked 
| 172|0x000000008ac00000, 0x000000008ac00000, 0x000000008ad00000|  0%| F|  |TAMS 0x000000008ac00000, 0x000000008ac00000| Untracked 
| 173|0x000000008ad00000, 0x000000008ad00000, 0x000000008ae00000|  0%| F|  |TAMS 0x000000008ad00000, 0x000000008ad00000| Untracked 
| 174|0x000000008ae00000, 0x000000008ae00000, 0x000000008af00000|  0%| F|  |TAMS 0x000000008ae00000, 0x000000008ae00000| Untracked 
| 175|0x000000008af00000, 0x000000008af00000, 0x000000008b000000|  0%| F|  |TAMS 0x000000008af00000, 0x000000008af00000| Untracked 
| 176|0x000000008b000000, 0x000000008b000000, 0x000000008b100000|  0%| F|  |TAMS 0x000000008b000000, 0x000000008b000000| Untracked 
| 177|0x000000008b100000, 0x000000008b100000, 0x000000008b200000|  0%| F|  |TAMS 0x000000008b100000, 0x000000008b100000| Untracked 
| 178|0x000000008b200000, 0x000000008b200000, 0x000000008b300000|  0%| F|  |TAMS 0x000000008b200000, 0x000000008b200000| Untracked 
| 179|0x000000008b300000, 0x000000008b300000, 0x000000008b400000|  0%| F|  |TAMS 0x000000008b300000, 0x000000008b300000| Untracked 
| 180|0x000000008b400000, 0x000000008b400000, 0x000000008b500000|  0%| F|  |TAMS 0x000000008b400000, 0x000000008b400000| Untracked 
| 181|0x000000008b500000, 0x000000008b500000, 0x000000008b600000|  0%| F|  |TAMS 0x000000008b500000, 0x000000008b500000| Untracked 
| 182|0x000000008b600000, 0x000000008b600000, 0x000000008b700000|  0%| F|  |TAMS 0x000000008b600000, 0x000000008b600000| Untracked 
| 183|0x000000008b700000, 0x000000008b700000, 0x000000008b800000|  0%| F|  |TAMS 0x000000008b700000, 0x000000008b700000| Untracked 
| 184|0x000000008b800000, 0x000000008b800000, 0x000000008b900000|  0%| F|  |TAMS 0x000000008b800000, 0x000000008b800000| Untracked 
| 185|0x000000008b900000, 0x000000008b900000, 0x000000008ba00000|  0%| F|  |TAMS 0x000000008b900000, 0x000000008b900000| Untracked 
| 186|0x000000008ba00000, 0x000000008ba00000, 0x000000008bb00000|  0%| F|  |TAMS 0x000000008ba00000, 0x000000008ba00000| Untracked 
| 187|0x000000008bb00000, 0x000000008bb00000, 0x000000008bc00000|  0%| F|  |TAMS 0x000000008bb00000, 0x000000008bb00000| Untracked 
| 188|0x000000008bc00000, 0x000000008bc00000, 0x000000008bd00000|  0%| F|  |TAMS 0x000000008bc00000, 0x000000008bc00000| Untracked 
| 189|0x000000008bd00000, 0x000000008bd00000, 0x000000008be00000|  0%| F|  |TAMS 0x000000008bd00000, 0x000000008bd00000| Untracked 
| 190|0x000000008be00000, 0x000000008be00000, 0x000000008bf00000|  0%| F|  |TAMS 0x000000008be00000, 0x000000008be00000| Untracked 
| 191|0x000000008bf00000, 0x000000008bf00000, 0x000000008c000000|  0%| F|  |TAMS 0x000000008bf00000, 0x000000008bf00000| Untracked 
| 192|0x000000008c000000, 0x000000008c000000, 0x000000008c100000|  0%| F|  |TAMS 0x000000008c000000, 0x000000008c000000| Untracked 
| 193|0x000000008c100000, 0x000000008c100000, 0x000000008c200000|  0%| F|  |TAMS 0x000000008c100000, 0x000000008c100000| Untracked 
| 194|0x000000008c200000, 0x000000008c200000, 0x000000008c300000|  0%| F|  |TAMS 0x000000008c200000, 0x000000008c200000| Untracked 
| 195|0x000000008c300000, 0x000000008c400000, 0x000000008c400000|100%| S|CS|TAMS 0x000000008c300000, 0x000000008c300000| Complete 
| 196|0x000000008c400000, 0x000000008c500000, 0x000000008c500000|100%| S|CS|TAMS 0x000000008c400000, 0x000000008c400000| Complete 
| 197|0x000000008c500000, 0x000000008c600000, 0x000000008c600000|100%| S|CS|TAMS 0x000000008c500000, 0x000000008c500000| Complete 
| 198|0x000000008c600000, 0x000000008c700000, 0x000000008c700000|100%| S|CS|TAMS 0x000000008c600000, 0x000000008c600000| Complete 
| 199|0x000000008c700000, 0x000000008c800000, 0x000000008c800000|100%| S|CS|TAMS 0x000000008c700000, 0x000000008c700000| Complete 
| 200|0x000000008c800000, 0x000000008c900000, 0x000000008c900000|100%| S|CS|TAMS 0x000000008c800000, 0x000000008c800000| Complete 
| 201|0x000000008c900000, 0x000000008ca00000, 0x000000008ca00000|100%| S|CS|TAMS 0x000000008c900000, 0x000000008c900000| Complete 
| 202|0x000000008ca00000, 0x000000008cb00000, 0x000000008cb00000|100%| S|CS|TAMS 0x000000008ca00000, 0x000000008ca00000| Complete 
| 203|0x000000008cb00000, 0x000000008cb00000, 0x000000008cc00000|  0%| F|  |TAMS 0x000000008cb00000, 0x000000008cb00000| Untracked 
| 204|0x000000008cc00000, 0x000000008cc00000, 0x000000008cd00000|  0%| F|  |TAMS 0x000000008cc00000, 0x000000008cc00000| Untracked 
| 205|0x000000008cd00000, 0x000000008cd00000, 0x000000008ce00000|  0%| F|  |TAMS 0x000000008cd00000, 0x000000008cd00000| Untracked 
| 206|0x000000008ce00000, 0x000000008ce00000, 0x000000008cf00000|  0%| F|  |TAMS 0x000000008ce00000, 0x000000008ce00000| Untracked 
| 207|0x000000008cf00000, 0x000000008cf00000, 0x000000008d000000|  0%| F|  |TAMS 0x000000008cf00000, 0x000000008cf00000| Untracked 
| 208|0x000000008d000000, 0x000000008d000000, 0x000000008d100000|  0%| F|  |TAMS 0x000000008d000000, 0x000000008d000000| Untracked 
| 209|0x000000008d100000, 0x000000008d100000, 0x000000008d200000|  0%| F|  |TAMS 0x000000008d100000, 0x000000008d100000| Untracked 
| 210|0x000000008d200000, 0x000000008d200000, 0x000000008d300000|  0%| F|  |TAMS 0x000000008d200000, 0x000000008d200000| Untracked 
| 211|0x000000008d300000, 0x000000008d300000, 0x000000008d400000|  0%| F|  |TAMS 0x000000008d300000, 0x000000008d300000| Untracked 
| 212|0x000000008d400000, 0x000000008d400000, 0x000000008d500000|  0%| F|  |TAMS 0x000000008d400000, 0x000000008d400000| Untracked 
| 213|0x000000008d500000, 0x000000008d500000, 0x000000008d600000|  0%| F|  |TAMS 0x000000008d500000, 0x000000008d500000| Untracked 
| 214|0x000000008d600000, 0x000000008d600000, 0x000000008d700000|  0%| F|  |TAMS 0x000000008d600000, 0x000000008d600000| Untracked 
| 215|0x000000008d700000, 0x000000008d700000, 0x000000008d800000|  0%| F|  |TAMS 0x000000008d700000, 0x000000008d700000| Untracked 
| 216|0x000000008d800000, 0x000000008d800000, 0x000000008d900000|  0%| F|  |TAMS 0x000000008d800000, 0x000000008d800000| Untracked 
| 217|0x000000008d900000, 0x000000008d900000, 0x000000008da00000|  0%| F|  |TAMS 0x000000008d900000, 0x000000008d900000| Untracked 
| 218|0x000000008da00000, 0x000000008da00000, 0x000000008db00000|  0%| F|  |TAMS 0x000000008da00000, 0x000000008da00000| Untracked 
| 219|0x000000008db00000, 0x000000008db00000, 0x000000008dc00000|  0%| F|  |TAMS 0x000000008db00000, 0x000000008db00000| Untracked 
| 220|0x000000008dc00000, 0x000000008dc00000, 0x000000008dd00000|  0%| F|  |TAMS 0x000000008dc00000, 0x000000008dc00000| Untracked 
| 221|0x000000008dd00000, 0x000000008dd00000, 0x000000008de00000|  0%| F|  |TAMS 0x000000008dd00000, 0x000000008dd00000| Untracked 
| 222|0x000000008de00000, 0x000000008de00000, 0x000000008df00000|  0%| F|  |TAMS 0x000000008de00000, 0x000000008de00000| Untracked 
| 223|0x000000008df00000, 0x000000008df00000, 0x000000008e000000|  0%| F|  |TAMS 0x000000008df00000, 0x000000008df00000| Untracked 
| 224|0x000000008e000000, 0x000000008e000000, 0x000000008e100000|  0%| F|  |TAMS 0x000000008e000000, 0x000000008e000000| Untracked 
| 225|0x000000008e100000, 0x000000008e100000, 0x000000008e200000|  0%| F|  |TAMS 0x000000008e100000, 0x000000008e100000| Untracked 
| 226|0x000000008e200000, 0x000000008e200000, 0x000000008e300000|  0%| F|  |TAMS 0x000000008e200000, 0x000000008e200000| Untracked 
| 227|0x000000008e300000, 0x000000008e300000, 0x000000008e400000|  0%| F|  |TAMS 0x000000008e300000, 0x000000008e300000| Untracked 
| 228|0x000000008e400000, 0x000000008e400000, 0x000000008e500000|  0%| F|  |TAMS 0x000000008e400000, 0x000000008e400000| Untracked 
| 229|0x000000008e500000, 0x000000008e500000, 0x000000008e600000|  0%| F|  |TAMS 0x000000008e500000, 0x000000008e500000| Untracked 
| 230|0x000000008e600000, 0x000000008e600000, 0x000000008e700000|  0%| F|  |TAMS 0x000000008e600000, 0x000000008e600000| Untracked 
| 231|0x000000008e700000, 0x000000008e700000, 0x000000008e800000|  0%| F|  |TAMS 0x000000008e700000, 0x000000008e700000| Untracked 
| 232|0x000000008e800000, 0x000000008e800000, 0x000000008e900000|  0%| F|  |TAMS 0x000000008e800000, 0x000000008e800000| Untracked 
| 233|0x000000008e900000, 0x000000008e900000, 0x000000008ea00000|  0%| F|  |TAMS 0x000000008e900000, 0x000000008e900000| Untracked 
| 234|0x000000008ea00000, 0x000000008ea00000, 0x000000008eb00000|  0%| F|  |TAMS 0x000000008ea00000, 0x000000008ea00000| Untracked 
| 235|0x000000008eb00000, 0x000000008eb00000, 0x000000008ec00000|  0%| F|  |TAMS 0x000000008eb00000, 0x000000008eb00000| Untracked 
| 236|0x000000008ec00000, 0x000000008ec00000, 0x000000008ed00000|  0%| F|  |TAMS 0x000000008ec00000, 0x000000008ec00000| Untracked 
| 237|0x000000008ed00000, 0x000000008ed00000, 0x000000008ee00000|  0%| F|  |TAMS 0x000000008ed00000, 0x000000008ed00000| Untracked 
| 238|0x000000008ee00000, 0x000000008ee00000, 0x000000008ef00000|  0%| F|  |TAMS 0x000000008ee00000, 0x000000008ee00000| Untracked 
| 239|0x000000008ef00000, 0x000000008ef00000, 0x000000008f000000|  0%| F|  |TAMS 0x000000008ef00000, 0x000000008ef00000| Untracked 
| 240|0x000000008f000000, 0x000000008f000000, 0x000000008f100000|  0%| F|  |TAMS 0x000000008f000000, 0x000000008f000000| Untracked 
| 241|0x000000008f100000, 0x000000008f100000, 0x000000008f200000|  0%| F|  |TAMS 0x000000008f100000, 0x000000008f100000| Untracked 
| 242|0x000000008f200000, 0x000000008f200000, 0x000000008f300000|  0%| F|  |TAMS 0x000000008f200000, 0x000000008f200000| Untracked 
| 243|0x000000008f300000, 0x000000008f300000, 0x000000008f400000|  0%| F|  |TAMS 0x000000008f300000, 0x000000008f300000| Untracked 
| 244|0x000000008f400000, 0x000000008f400000, 0x000000008f500000|  0%| F|  |TAMS 0x000000008f400000, 0x000000008f400000| Untracked 
| 245|0x000000008f500000, 0x000000008f500000, 0x000000008f600000|  0%| F|  |TAMS 0x000000008f500000, 0x000000008f500000| Untracked 
| 246|0x000000008f600000, 0x000000008f600000, 0x000000008f700000|  0%| F|  |TAMS 0x000000008f600000, 0x000000008f600000| Untracked 
| 247|0x000000008f700000, 0x000000008f700000, 0x000000008f800000|  0%| F|  |TAMS 0x000000008f700000, 0x000000008f700000| Untracked 
| 248|0x000000008f800000, 0x000000008f800000, 0x000000008f900000|  0%| F|  |TAMS 0x000000008f800000, 0x000000008f800000| Untracked 
| 249|0x000000008f900000, 0x000000008f900000, 0x000000008fa00000|  0%| F|  |TAMS 0x000000008f900000, 0x000000008f900000| Untracked 
| 250|0x000000008fa00000, 0x000000008fa00000, 0x000000008fb00000|  0%| F|  |TAMS 0x000000008fa00000, 0x000000008fa00000| Untracked 
| 251|0x000000008fb00000, 0x000000008fb00000, 0x000000008fc00000|  0%| F|  |TAMS 0x000000008fb00000, 0x000000008fb00000| Untracked 
| 252|0x000000008fc00000, 0x000000008fc00000, 0x000000008fd00000|  0%| F|  |TAMS 0x000000008fc00000, 0x000000008fc00000| Untracked 
| 253|0x000000008fd00000, 0x000000008fd00000, 0x000000008fe00000|  0%| F|  |TAMS 0x000000008fd00000, 0x000000008fd00000| Untracked 
| 254|0x000000008fe00000, 0x000000008fe00000, 0x000000008ff00000|  0%| F|  |TAMS 0x000000008fe00000, 0x000000008fe00000| Untracked 
| 255|0x000000008ff00000, 0x000000008ff00000, 0x0000000090000000|  0%| F|  |TAMS 0x000000008ff00000, 0x000000008ff00000| Untracked 
| 256|0x0000000090000000, 0x0000000090000000, 0x0000000090100000|  0%| F|  |TAMS 0x0000000090000000, 0x0000000090000000| Untracked 
| 257|0x0000000090100000, 0x0000000090100000, 0x0000000090200000|  0%| F|  |TAMS 0x0000000090100000, 0x0000000090100000| Untracked 
| 258|0x0000000090200000, 0x000000009021a828, 0x0000000090300000| 10%| E|  |TAMS 0x0000000090200000, 0x0000000090200000| Complete 
| 259|0x0000000090300000, 0x0000000090400000, 0x0000000090400000|100%| E|CS|TAMS 0x0000000090300000, 0x0000000090300000| Complete 

Card table byte_map: [0x00000133fa660000,0x00000133faa60000] _byte_map_base: 0x00000133fa260000

Marking Bits (Prev, Next): (CMBitMap*) 0x00000133f83b2900, (CMBitMap*) 0x00000133f83b2940
 Prev Bits: [0x00000133fae60000, 0x00000133fce60000)
 Next Bits: [0x00000133fce60000, 0x00000133fee60000)

Polling page: 0x00000133f8220000

Metaspace:

Usage:
  Non-class:     81.59 MB used.
      Class:     13.05 MB used.
       Both:     94.64 MB used.

Virtual space:
  Non-class space:       88.00 MB reserved,      82.44 MB ( 94%) committed,  11 nodes.
      Class space:      412.00 MB reserved,      13.75 MB (  3%) committed,  1 nodes.
             Both:      500.00 MB reserved,      96.19 MB ( 19%) committed. 

Chunk freelists:
   Non-Class:  1.47 MB
       Class:  2.26 MB
        Both:  3.73 MB

MaxMetaspaceSize: 512.00 MB
CompressedClassSpaceSize: 412.00 MB
Initial GC threshold: 21.00 MB
Current GC threshold: 156.88 MB
CDS: on
MetaspaceReclaimPolicy: balanced
 - commit_granule_bytes: 65536.
 - commit_granule_words: 8192.
 - virtual_space_node_default_size: 1048576.
 - enlarge_chunks_in_place: 1.
 - new_chunks_are_fully_committed: 0.
 - uncommit_free_chunks: 1.
 - use_allocation_guard: 0.
 - handle_deallocations: 1.


Internal statistics:

num_allocs_failed_limit: 6.
num_arena_births: 1648.
num_arena_deaths: 0.
num_vsnodes_births: 12.
num_vsnodes_deaths: 0.
num_space_committed: 1539.
num_space_uncommitted: 0.
num_chunks_returned_to_freelist: 6.
num_chunks_taken_from_freelist: 6090.
num_chunk_merges: 6.
num_chunk_splits: 3897.
num_chunks_enlarged: 2428.
num_purges: 0.
num_inconsistent_stats: 0.

CodeHeap 'non-profiled nmethods': size=120000Kb used=9429Kb max_used=9429Kb free=110570Kb
 bounds [0x000001338f280000, 0x000001338fbc0000, 0x00000133967b0000]
CodeHeap 'profiled nmethods': size=120000Kb used=25116Kb max_used=25913Kb free=94883Kb
 bounds [0x00000133877b0000, 0x0000013389130000, 0x000001338ece0000]
CodeHeap 'non-nmethods': size=5760Kb used=2405Kb max_used=2479Kb free=3354Kb
 bounds [0x000001338ece0000, 0x000001338ef60000, 0x000001338f280000]
 total_blobs=13277 nmethods=12334 adapters=855
 compilation: enabled
              stopped_count=0, restarted_count=0
 full_count=0

Compilation events (20 events):
Event: 569.619 Thread 0x00000133ff4bc170 14628   !   3       java.util.concurrent.ArrayBlockingQueue::take (46 bytes)
Event: 569.620 Thread 0x00000133ff4bc170 nmethod 14628 0x0000013387e56190 code [0x0000013387e56420, 0x0000013387e570b8]
Event: 569.646 Thread 0x00000133ff4b9010 14629  s    4       java.net.DatagramPacket::setPort (43 bytes)
Event: 569.647 Thread 0x00000133ff4b9010 nmethod 14629 0x000001338fbb2b10 code [0x000001338fbb2c80, 0x000001338fbb2e58]
Event: 570.751 Thread 0x00000133ff4b9010 14630       4       sun.nio.ch.Util::getTemporaryDirectBuffer (55 bytes)
Event: 570.791 Thread 0x00000133ff4b9010 nmethod 14630 0x000001338fbb2f10 code [0x000001338fbb3140, 0x000001338fbb3e00]
Event: 570.791 Thread 0x00000133ff4b9010 14631 %     4       org.codehaus.groovy.runtime.metaclass.MetaMethodIndex::copyNonPrivateMethods @ 5 (24 bytes)
Event: 570.797 Thread 0x00000133ff4bc170 14632       3       org.gradle.api.internal.artifacts.ivyservice.resolveengine.excludes.factories.OptimizingExcludeFactory::anyOf (12 bytes)
Event: 570.797 Thread 0x00000133ff4bc170 nmethod 14632 0x0000013388c8b690 code [0x0000013388c8b880, 0x0000013388c8be58]
Event: 570.798 Thread 0x00000133ff4bc170 14633       3       org.gradle.api.internal.artifacts.ivyservice.resolveengine.excludes.factories.OptimizingExcludeFactory::lambda$anyOf$2 (56 bytes)
Event: 570.798 Thread 0x00000133ff4bc170 nmethod 14633 0x0000013388737d90 code [0x0000013388737fa0, 0x0000013388738818]
Event: 570.799 Thread 0x00000133ff4bc170 14634       3       com.google.common.collect.Platform::copy (11 bytes)
Event: 570.799 Thread 0x00000133ff4bc170 nmethod 14634 0x00000133889e6290 code [0x00000133889e6440, 0x00000133889e6588]
Event: 570.803 Thread 0x00000133ff4bc170 14635       3       org.gradle.internal.component.model.MultipleCandidateMatcher::matchCandidate (78 bytes)
Event: 570.803 Thread 0x00000133ff4bc170 nmethod 14635 0x00000133881f0190 code [0x00000133881f0380, 0x00000133881f07c8]
Event: 570.803 Thread 0x00000133ff4bc170 14636       3       java.util.BitSet::checkInvariants (111 bytes)
Event: 570.803 Thread 0x00000133ff4bc170 nmethod 14636 0x00000133887a0610 code [0x00000133887a07a0, 0x00000133887a08d8]
Event: 570.806 Thread 0x00000133ff4b9010 nmethod 14631% 0x000001338fbb4890 code [0x000001338fbb4a60, 0x000001338fbb50f0]
Event: 570.807 Thread 0x00000133ff4bc170 14637       3       org.gradle.api.internal.artifacts.DefaultResolverResults::maybeRethrowFatalError (13 bytes)
Event: 570.808 Thread 0x00000133ff4bc170 nmethod 14637 0x000001338880d410 code [0x000001338880d5a0, 0x000001338880d6f8]

GC Heap History (20 events):
Event: 505.083 GC heap before
{Heap before GC invocations=71 (full 0):
 garbage-first heap   total 209920K, used 168493K [0x0000000080000000, 0x0000000100000000)
  region size 1024K, 41 young (41984K), 2 survivors (2048K)
 Metaspace       used 87077K, committed 88448K, reserved 503808K
  class space    used 11977K, committed 12608K, reserved 421888K
}
Event: 505.095 GC heap after
{Heap after GC invocations=72 (full 0):
 garbage-first heap   total 209920K, used 134992K [0x0000000080000000, 0x0000000100000000)
  region size 1024K, 6 young (6144K), 6 survivors (6144K)
 Metaspace       used 87077K, committed 88448K, reserved 503808K
  class space    used 11977K, committed 12608K, reserved 421888K
}
Event: 519.153 GC heap before
{Heap before GC invocations=73 (full 0):
 garbage-first heap   total 229376K, used 168784K [0x0000000080000000, 0x0000000100000000)
  region size 1024K, 40 young (40960K), 6 survivors (6144K)
 Metaspace       used 89014K, committed 90432K, reserved 503808K
  class space    used 12234K, committed 12928K, reserved 421888K
}
Event: 519.168 GC heap after
{Heap after GC invocations=74 (full 0):
 garbage-first heap   total 229376K, used 139659K [0x0000000080000000, 0x0000000100000000)
  region size 1024K, 5 young (5120K), 5 survivors (5120K)
 Metaspace       used 89014K, committed 90432K, reserved 503808K
  class space    used 12234K, committed 12928K, reserved 421888K
}
Event: 519.902 GC heap before
{Heap before GC invocations=74 (full 0):
 garbage-first heap   total 229376K, used 145803K [0x0000000080000000, 0x0000000100000000)
  region size 1024K, 11 young (11264K), 5 survivors (5120K)
 Metaspace       used 89295K, committed 90752K, reserved 503808K
  class space    used 12283K, committed 12992K, reserved 421888K
}
Event: 519.911 GC heap after
{Heap after GC invocations=75 (full 0):
 garbage-first heap   total 229376K, used 140000K [0x0000000080000000, 0x0000000100000000)
  region size 1024K, 2 young (2048K), 2 survivors (2048K)
 Metaspace       used 89295K, committed 90752K, reserved 503808K
  class space    used 12283K, committed 12992K, reserved 421888K
}
Event: 525.412 GC heap before
{Heap before GC invocations=75 (full 0):
 garbage-first heap   total 229376K, used 185056K [0x0000000080000000, 0x0000000100000000)
  region size 1024K, 46 young (47104K), 2 survivors (2048K)
 Metaspace       used 91335K, committed 92800K, reserved 503808K
  class space    used 12579K, committed 13248K, reserved 421888K
}
Event: 525.422 GC heap after
{Heap after GC invocations=76 (full 0):
 garbage-first heap   total 229376K, used 144118K [0x0000000080000000, 0x0000000100000000)
  region size 1024K, 6 young (6144K), 6 survivors (6144K)
 Metaspace       used 91335K, committed 92800K, reserved 503808K
  class space    used 12579K, committed 13248K, reserved 421888K
}
Event: 531.926 GC heap before
{Heap before GC invocations=77 (full 0):
 garbage-first heap   total 247808K, used 185078K [0x0000000080000000, 0x0000000100000000)
  region size 1024K, 46 young (47104K), 6 survivors (6144K)
 Metaspace       used 92931K, committed 94400K, reserved 503808K
  class space    used 12799K, committed 13504K, reserved 421888K
}
Event: 531.938 GC heap after
{Heap after GC invocations=78 (full 0):
 garbage-first heap   total 247808K, used 148346K [0x0000000080000000, 0x0000000100000000)
  region size 1024K, 5 young (5120K), 5 survivors (5120K)
 Metaspace       used 92931K, committed 94400K, reserved 503808K
  class space    used 12799K, committed 13504K, reserved 421888K
}
Event: 532.231 GC heap before
{Heap before GC invocations=78 (full 0):
 garbage-first heap   total 247808K, used 155514K [0x0000000080000000, 0x0000000100000000)
  region size 1024K, 12 young (12288K), 5 survivors (5120K)
 Metaspace       used 93057K, committed 94528K, reserved 503808K
  class space    used 12819K, committed 13504K, reserved 421888K
}
Event: 532.239 GC heap after
{Heap after GC invocations=79 (full 0):
 garbage-first heap   total 247808K, used 149095K [0x0000000080000000, 0x0000000100000000)
  region size 1024K, 2 young (2048K), 2 survivors (2048K)
 Metaspace       used 93057K, committed 94528K, reserved 503808K
  class space    used 12819K, committed 13504K, reserved 421888K
}
Event: 536.323 GC heap before
{Heap before GC invocations=79 (full 0):
 garbage-first heap   total 247808K, used 201319K [0x0000000080000000, 0x0000000100000000)
  region size 1024K, 53 young (54272K), 2 survivors (2048K)
 Metaspace       used 94761K, committed 96320K, reserved 512000K
  class space    used 13047K, committed 13760K, reserved 421888K
}
Event: 536.334 GC heap after
{Heap after GC invocations=80 (full 0):
 garbage-first heap   total 247808K, used 155906K [0x0000000080000000, 0x0000000100000000)
  region size 1024K, 7 young (7168K), 7 survivors (7168K)
 Metaspace       used 94761K, committed 96320K, reserved 512000K
  class space    used 13047K, committed 13760K, reserved 421888K
}
Event: 547.439 GC heap before
{Heap before GC invocations=81 (full 0):
 garbage-first heap   total 266240K, used 203010K [0x0000000080000000, 0x0000000100000000)
  region size 1024K, 53 young (54272K), 7 survivors (7168K)
 Metaspace       used 96227K, committed 97728K, reserved 512000K
  class space    used 13254K, committed 13952K, reserved 421888K
}
Event: 547.456 GC heap after
{Heap after GC invocations=82 (full 0):
 garbage-first heap   total 266240K, used 161207K [0x0000000080000000, 0x0000000100000000)
  region size 1024K, 5 young (5120K), 5 survivors (5120K)
 Metaspace       used 96227K, committed 97728K, reserved 512000K
  class space    used 13254K, committed 13952K, reserved 421888K
}
Event: 547.663 GC heap before
{Heap before GC invocations=82 (full 0):
 garbage-first heap   total 266240K, used 169399K [0x0000000080000000, 0x0000000100000000)
  region size 1024K, 13 young (13312K), 5 survivors (5120K)
 Metaspace       used 96319K, committed 97792K, reserved 512000K
  class space    used 13271K, committed 13952K, reserved 421888K
}
Event: 547.675 GC heap after
{Heap after GC invocations=83 (full 0):
 garbage-first heap   total 266240K, used 162323K [0x0000000080000000, 0x0000000100000000)
  region size 1024K, 2 young (2048K), 2 survivors (2048K)
 Metaspace       used 96319K, committed 97792K, reserved 512000K
  class space    used 13271K, committed 13952K, reserved 421888K
}
Event: 570.770 GC heap before
{Heap before GC invocations=83 (full 0):
 garbage-first heap   total 266240K, used 217619K [0x0000000080000000, 0x0000000100000000)
  region size 1024K, 57 young (58368K), 2 survivors (2048K)
 Metaspace       used 96904K, committed 98496K, reserved 512000K
  class space    used 13363K, committed 14080K, reserved 421888K
}
Event: 570.789 GC heap after
{Heap after GC invocations=84 (full 0):
 garbage-first heap   total 266240K, used 171290K [0x0000000080000000, 0x0000000100000000)
  region size 1024K, 8 young (8192K), 8 survivors (8192K)
 Metaspace       used 96904K, committed 98496K, reserved 512000K
  class space    used 13363K, committed 14080K, reserved 421888K
}

Deoptimization events (20 events):
Event: 540.068 Thread 0x000001339a7ea590 DEOPT PACKING pc=0x000001338866f57e sp=0x00000023e59f65e0
Event: 540.068 Thread 0x000001339a7ea590 DEOPT UNPACKING pc=0x000001338ed32b43 sp=0x00000023e59f5a38 mode 0
Event: 541.662 Thread 0x000001339a7ea590 Uncommon trap: trap_request=0xffffffc6 fr.pc=0x000001338fad34cc relative=0x00000000000000ac
Event: 541.662 Thread 0x000001339a7ea590 Uncommon trap: reason=bimorphic_or_optimized_type_check action=maybe_recompile pc=0x000001338fad34cc method=kotlin.collections.CollectionsKt___CollectionsKt.firstOrNull(Ljava/util/List;)Ljava/lang/Object; @ 7 c2
Event: 541.662 Thread 0x000001339a7ea590 DEOPT PACKING pc=0x000001338fad34cc sp=0x00000023e59f6c70
Event: 541.662 Thread 0x000001339a7ea590 DEOPT UNPACKING pc=0x000001338ed323a3 sp=0x00000023e59f6c10 mode 2
Event: 542.501 Thread 0x000001339a7ea590 Uncommon trap: trap_request=0xffffff45 fr.pc=0x000001338faa8f68 relative=0x00000000000000a8
Event: 542.538 Thread 0x000001339a7ea590 Uncommon trap: reason=unstable_if action=reinterpret pc=0x000001338faa8f68 method=kotlin.collections.CollectionsKt__MutableCollectionsKt.addAll(Ljava/util/Collection;Ljava/lang/Iterable;)Z @ 18 c2
Event: 542.538 Thread 0x000001339a7ea590 DEOPT PACKING pc=0x000001338faa8f68 sp=0x00000023e59f3cb0
Event: 542.538 Thread 0x000001339a7ea590 DEOPT UNPACKING pc=0x000001338ed323a3 sp=0x00000023e59f3c80 mode 2
Event: 543.769 Thread 0x000001339a7ea590 Uncommon trap: trap_request=0xfffffff4 fr.pc=0x000001338f878dc0 relative=0x0000000000000200
Event: 543.769 Thread 0x000001339a7ea590 Uncommon trap: reason=null_check action=make_not_entrant pc=0x000001338f878dc0 method=org.gradle.api.internal.collections.CollectionFilter.filter(Ljava/lang/Object;)Ljava/lang/Object; @ 5 c2
Event: 543.769 Thread 0x000001339a7ea590 DEOPT PACKING pc=0x000001338f878dc0 sp=0x00000023e59f68a0
Event: 543.769 Thread 0x000001339a7ea590 DEOPT UNPACKING pc=0x000001338ed323a3 sp=0x00000023e59f6840 mode 2
Event: 564.796 Thread 0x000001339a7ea590 DEOPT PACKING pc=0x0000013388a13bc8 sp=0x00000023e59f6e70
Event: 564.796 Thread 0x000001339a7ea590 DEOPT UNPACKING pc=0x000001338ed32b43 sp=0x00000023e59f6320 mode 0
Event: 570.769 Thread 0x000001339a7ea590 Uncommon trap: trap_request=0xffffffdc fr.pc=0x000001338fbaf2ac relative=0x00000000000003ec
Event: 570.769 Thread 0x000001339a7ea590 Uncommon trap: reason=class_check action=make_not_entrant pc=0x000001338fbaf2ac method=com.google.common.collect.Platform.copy([Ljava/lang/Object;II[Ljava/lang/Object;)[Ljava/lang/Object; @ 7 c2
Event: 570.769 Thread 0x000001339a7ea590 DEOPT PACKING pc=0x000001338fbaf2ac sp=0x00000023e59f65b0
Event: 570.769 Thread 0x000001339a7ea590 DEOPT UNPACKING pc=0x000001338ed323a3 sp=0x00000023e59f64d0 mode 2

Classes unloaded (0 events):
No events

Classes redefined (0 events):
No events

Internal exceptions (20 events):
Event: 553.385 Thread 0x000001339a7ea590 Exception <a 'java/lang/ClassNotFoundException'{0x000000008fda4f48}: build_c4481q6ugw27949k0juwlji7qCustomizer> (0x000000008fda4f48) 
thrown [s\open\src\hotspot\share\classfile\systemDictionary.cpp, line 256]
Event: 553.607 Thread 0x000001339a7ea590 Exception <a 'java/lang/ClassNotFoundException'{0x000000008f521750}: build_c4481q6ugw27949k0juwlji7q$_run_closure3BeanInfo> (0x000000008f521750) 
thrown [s\open\src\hotspot\share\classfile\systemDictionary.cpp, line 256]
Event: 553.608 Thread 0x000001339a7ea590 Exception <a 'java/lang/ClassNotFoundException'{0x000000008f52dbc8}: build_c4481q6ugw27949k0juwlji7q$_run_closure3Customizer> (0x000000008f52dbc8) 
thrown [s\open\src\hotspot\share\classfile\systemDictionary.cpp, line 256]
Event: 553.720 Thread 0x000001339a7ea590 Exception <a 'java/lang/NoClassDefFoundError'{0x000000008f2e34a8}: org/jetbrains/kotlin/gradle/plugin/KotlinBasePluginWrapper> (0x000000008f2e34a8) 
thrown [s\open\src\hotspot\share\oops\constantPool.cpp, line 835]
Event: 555.651 Thread 0x000001339a7ea590 Exception <a 'java/lang/ClassNotFoundException'{0x000000008efcbe90}: build_8o7l47ukdnm1nu0puibnlo2o9BeanInfo> (0x000000008efcbe90) 
thrown [s\open\src\hotspot\share\classfile\systemDictionary.cpp, line 256]
Event: 555.651 Thread 0x000001339a7ea590 Exception <a 'java/lang/ClassNotFoundException'{0x000000008efd6a70}: build_8o7l47ukdnm1nu0puibnlo2o9Customizer> (0x000000008efd6a70) 
thrown [s\open\src\hotspot\share\classfile\systemDictionary.cpp, line 256]
Event: 558.819 Thread 0x000001339a7ea590 Exception <a 'java/lang/ClassNotFoundException'{0x000000008ea92840}: build_8o7l47ukdnm1nu0puibnlo2o9BeanInfo> (0x000000008ea92840) 
thrown [s\open\src\hotspot\share\classfile\systemDictionary.cpp, line 256]
Event: 558.820 Thread 0x000001339a7ea590 Exception <a 'java/lang/ClassNotFoundException'{0x000000008ea9a810}: build_8o7l47ukdnm1nu0puibnlo2o9Customizer> (0x000000008ea9a810) 
thrown [s\open\src\hotspot\share\classfile\systemDictionary.cpp, line 256]
Event: 559.019 Thread 0x000001339a7ea590 Exception <a 'java/lang/ClassNotFoundException'{0x000000008e435658}: build_8o7l47ukdnm1nu0puibnlo2o9$_run_closure3BeanInfo> (0x000000008e435658) 
thrown [s\open\src\hotspot\share\classfile\systemDictionary.cpp, line 256]
Event: 559.020 Thread 0x000001339a7ea590 Exception <a 'java/lang/ClassNotFoundException'{0x000000008e441ad0}: build_8o7l47ukdnm1nu0puibnlo2o9$_run_closure3Customizer> (0x000000008e441ad0) 
thrown [s\open\src\hotspot\share\classfile\systemDictionary.cpp, line 256]
Event: 559.215 Thread 0x000001339a7ea590 Exception <a 'java/lang/NoClassDefFoundError'{0x000000008e016a98}: org/jetbrains/kotlin/gradle/plugin/KotlinBasePluginWrapper> (0x000000008e016a98) 
thrown [s\open\src\hotspot\share\oops\constantPool.cpp, line 835]
Event: 564.798 Thread 0x000001339a7ea590 Exception <a 'java/lang/ClassNotFoundException'{0x000000008dc48ed0}: build_sb9m5tv19trzcszgmgw35rfsBeanInfo> (0x000000008dc48ed0) 
thrown [s\open\src\hotspot\share\classfile\systemDictionary.cpp, line 256]
Event: 564.798 Thread 0x000001339a7ea590 Exception <a 'java/lang/ClassNotFoundException'{0x000000008dc53a90}: build_sb9m5tv19trzcszgmgw35rfsCustomizer> (0x000000008dc53a90) 
thrown [s\open\src\hotspot\share\classfile\systemDictionary.cpp, line 256]
Event: 569.404 Thread 0x000001339a7ea590 Exception <a 'java/lang/ClassNotFoundException'{0x000000008d77bfe8}: build_sb9m5tv19trzcszgmgw35rfsBeanInfo> (0x000000008d77bfe8) 
thrown [s\open\src\hotspot\share\classfile\systemDictionary.cpp, line 256]
Event: 569.405 Thread 0x000001339a7ea590 Exception <a 'java/lang/ClassNotFoundException'{0x000000008d783f98}: build_sb9m5tv19trzcszgmgw35rfsCustomizer> (0x000000008d783f98) 
thrown [s\open\src\hotspot\share\classfile\systemDictionary.cpp, line 256]
Event: 569.466 Thread 0x000001339a7ea590 Exception <a 'java/lang/ClassNotFoundException'{0x000000008d2e5c80}: build_sb9m5tv19trzcszgmgw35rfs$_run_closure3BeanInfo> (0x000000008d2e5c80) 
thrown [s\open\src\hotspot\share\classfile\systemDictionary.cpp, line 256]
Event: 569.467 Thread 0x000001339a7ea590 Exception <a 'java/lang/ClassNotFoundException'{0x000000008d2f20d0}: build_sb9m5tv19trzcszgmgw35rfs$_run_closure3Customizer> (0x000000008d2f20d0) 
thrown [s\open\src\hotspot\share\classfile\systemDictionary.cpp, line 256]
Event: 569.533 Thread 0x000001339a7ea590 Exception <a 'java/lang/NoClassDefFoundError'{0x000000008cea1b58}: org/jetbrains/kotlin/gradle/plugin/KotlinBasePluginWrapper> (0x000000008cea1b58) 
thrown [s\open\src\hotspot\share\oops\constantPool.cpp, line 835]
Event: 570.756 Thread 0x000001339a7ea590 Exception <a 'java/lang/ClassNotFoundException'{0x000000008cb72220}: build_3uwrs8s6p78d8b32n1gjqoc3qBeanInfo> (0x000000008cb72220) 
thrown [s\open\src\hotspot\share\classfile\systemDictionary.cpp, line 256]
Event: 570.756 Thread 0x000001339a7ea590 Exception <a 'java/lang/ClassNotFoundException'{0x000000008cb7ce00}: build_3uwrs8s6p78d8b32n1gjqoc3qCustomizer> (0x000000008cb7ce00) 
thrown [s\open\src\hotspot\share\classfile\systemDictionary.cpp, line 256]

VM Operations (20 events):
Event: 555.717 Executing VM operation: Cleanup done
Event: 556.721 Executing VM operation: Cleanup
Event: 556.721 Executing VM operation: Cleanup done
Event: 557.725 Executing VM operation: Cleanup
Event: 557.726 Executing VM operation: Cleanup done
Event: 559.733 Executing VM operation: Cleanup
Event: 559.733 Executing VM operation: Cleanup done
Event: 562.744 Executing VM operation: Cleanup
Event: 562.744 Executing VM operation: Cleanup done
Event: 564.747 Executing VM operation: Cleanup
Event: 564.747 Executing VM operation: Cleanup done
Event: 565.762 Executing VM operation: Cleanup
Event: 565.762 Executing VM operation: Cleanup done
Event: 567.772 Executing VM operation: Cleanup
Event: 567.803 Executing VM operation: Cleanup done
Event: 569.811 Executing VM operation: Cleanup
Event: 569.812 Executing VM operation: Cleanup done
Event: 570.770 Executing VM operation: G1CollectForAllocation
Event: 570.789 Executing VM operation: G1CollectForAllocation done
Event: 571.401 Executing VM operation: G1Concurrent

Events (20 events):
Event: 531.951 Thread 0x0000013399138010 flushing nmethod 0x0000013388e61e10
Event: 531.952 Thread 0x0000013399138010 flushing nmethod 0x0000013388e7fd90
Event: 531.952 Thread 0x0000013399138010 flushing nmethod 0x0000013388eceb10
Event: 531.952 Thread 0x0000013399138010 flushing nmethod 0x0000013388f58c90
Event: 531.952 Thread 0x0000013399138010 flushing nmethod 0x0000013388f81090
Event: 531.952 Thread 0x0000013399138010 flushing nmethod 0x0000013388f81a10
Event: 531.953 Thread 0x0000013399138010 flushing nmethod 0x0000013388fe6990
Event: 531.953 Thread 0x0000013399138010 flushing nmethod 0x0000013389058b90
Event: 536.072 loading class java/security/cert/CertificateEncodingException
Event: 536.072 loading class java/security/cert/CertificateEncodingException done
Event: 536.294 loading class java/security/InvalidKeyException
Event: 536.294 loading class java/security/KeyException
Event: 536.294 loading class java/security/KeyException done
Event: 536.294 loading class java/security/InvalidKeyException done
Event: 536.294 loading class java/security/NoSuchProviderException
Event: 536.294 loading class java/security/NoSuchProviderException done
Event: 536.294 loading class java/security/SignatureException
Event: 536.295 loading class java/security/SignatureException done
Event: 547.589 Thread 0x000001339d9ac470 Thread added: 0x000001339d9ac470
Event: 548.930 Thread 0x000001339d9ac470 Thread exited: 0x000001339d9ac470


Dynamic libraries:
0x00007ff741ea0000 - 0x00007ff741eb0000 	C:\Program Files\Java\jdk-17\bin\java.exe
0x00007ff98b110000 - 0x00007ff98b308000 	C:\Windows\SYSTEM32\ntdll.dll
0x00007ff98afb0000 - 0x00007ff98b06f000 	C:\Windows\System32\KERNEL32.DLL
0x00007ff988920000 - 0x00007ff988c16000 	C:\Windows\System32\KERNELBASE.dll
0x00007ff988cf0000 - 0x00007ff988df0000 	C:\Windows\System32\ucrtbase.dll
0x00007ff96a450000 - 0x00007ff96a469000 	C:\Program Files\Java\jdk-17\bin\jli.dll
0x00007ff98aa90000 - 0x00007ff98ab3f000 	C:\Windows\System32\ADVAPI32.dll
0x00007ff989c10000 - 0x00007ff989cae000 	C:\Windows\System32\msvcrt.dll
0x00007ff989670000 - 0x00007ff98970c000 	C:\Windows\System32\sechost.dll
0x00007ff9892c0000 - 0x00007ff9893e6000 	C:\Windows\System32\RPCRT4.dll
0x00007ff98ad00000 - 0x00007ff98ae9d000 	C:\Windows\System32\USER32.dll
0x00007ff9887f0000 - 0x00007ff988812000 	C:\Windows\System32\win32u.dll
0x00007ff989770000 - 0x00007ff98979c000 	C:\Windows\System32\GDI32.dll
0x00007ff988ef0000 - 0x00007ff989005000 	C:\Windows\System32\gdi32full.dll
0x00007ff988c20000 - 0x00007ff988cbd000 	C:\Windows\System32\msvcp_win.dll
0x00007ff96a3e0000 - 0x00007ff96a3fb000 	C:\Program Files\Java\jdk-17\bin\VCRUNTIME140.dll
0x00007ff96a030000 - 0x00007ff96a2ca000 	C:\Windows\WinSxS\amd64_microsoft.windows.common-controls_6595b64144ccf1df_6.0.19041.1110_none_60b5254171f9507e\COMCTL32.dll
0x00007ff97fd30000 - 0x00007ff97fd3a000 	C:\Windows\SYSTEM32\VERSION.dll
0x00007ff989800000 - 0x00007ff989830000 	C:\Windows\System32\IMM32.DLL
0x00007ff96d690000 - 0x00007ff96d69c000 	C:\Program Files\Java\jdk-17\bin\vcruntime140_1.dll
0x00007ff94add0000 - 0x00007ff94ae5e000 	C:\Program Files\Java\jdk-17\bin\msvcp140.dll
0x00007ff8ecad0000 - 0x00007ff8ed6ad000 	C:\Program Files\Java\jdk-17\bin\server\jvm.dll
0x00007ff98acf0000 - 0x00007ff98acf8000 	C:\Windows\System32\PSAPI.DLL
0x00007ff976eb0000 - 0x00007ff976eb9000 	C:\Windows\SYSTEM32\WSOCK32.dll
0x00007ff989840000 - 0x00007ff9898ab000 	C:\Windows\System32\WS2_32.dll
0x00007ff96b200000 - 0x00007ff96b227000 	C:\Windows\SYSTEM32\WINMM.dll
0x00007ff987030000 - 0x00007ff987042000 	C:\Windows\SYSTEM32\kernel.appcore.dll
0x00007ff96d370000 - 0x00007ff96d37a000 	C:\Program Files\Java\jdk-17\bin\jimage.dll
0x00007ff983400000 - 0x00007ff9835e4000 	C:\Windows\SYSTEM32\DBGHELP.DLL
0x00007ff976e70000 - 0x00007ff976ea4000 	C:\Windows\SYSTEM32\dbgcore.DLL
0x00007ff988df0000 - 0x00007ff988e72000 	C:\Windows\System32\bcryptPrimitives.dll
0x00007ff95fb70000 - 0x00007ff95fb95000 	C:\Program Files\Java\jdk-17\bin\java.dll
0x00007ff9377a0000 - 0x00007ff937877000 	C:\Program Files\Java\jdk-17\bin\jsvml.dll
0x00007ff989e60000 - 0x00007ff98a5a4000 	C:\Windows\System32\SHELL32.dll
0x00007ff986880000 - 0x00007ff987014000 	C:\Windows\SYSTEM32\windows.storage.dll
0x00007ff9898b0000 - 0x00007ff989c04000 	C:\Windows\System32\combase.dll
0x00007ff988160000 - 0x00007ff98818e000 	C:\Windows\SYSTEM32\Wldp.dll
0x00007ff9893f0000 - 0x00007ff98949d000 	C:\Windows\System32\SHCORE.dll
0x00007ff9897a0000 - 0x00007ff9897f5000 	C:\Windows\System32\shlwapi.dll
0x00007ff988720000 - 0x00007ff988745000 	C:\Windows\SYSTEM32\profapi.dll
0x00007ff963fa0000 - 0x00007ff963fb9000 	C:\Program Files\Java\jdk-17\bin\net.dll
0x00007ff97dd10000 - 0x00007ff97de1a000 	C:\Windows\SYSTEM32\WINHTTP.dll
0x00007ff987ec0000 - 0x00007ff987f2a000 	C:\Windows\system32\mswsock.dll
0x00007ff95eb90000 - 0x00007ff95eba6000 	C:\Program Files\Java\jdk-17\bin\nio.dll
0x00007ff95da40000 - 0x00007ff95da58000 	C:\Program Files\Java\jdk-17\bin\zip.dll
0x00007ff97a410000 - 0x00007ff97a420000 	C:\Program Files\Java\jdk-17\bin\verify.dll
0x00007ff96ace0000 - 0x00007ff96ad07000 	C:\Users\ss\.gradle\native\e1d6ef7f7dcc3fd88c89a11ec53ec762bb8ba0a96d01ffa2cd45eb1d1d8dd5c5\windows-amd64\native-platform.dll
0x00007ff93db10000 - 0x00007ff93dc54000 	C:\Users\ss\.gradle\native\5664cfc778a61ccfe75a443a1ab52a65af34e5dc3c78e0209fed803814484fcb\windows-amd64\native-platform-file-events.dll
0x00007ff96b330000 - 0x00007ff96b33a000 	C:\Program Files\Java\jdk-17\bin\management.dll
0x00007ff96ab90000 - 0x00007ff96ab9b000 	C:\Program Files\Java\jdk-17\bin\management_ext.dll
0x00007ff9880b0000 - 0x00007ff9880c8000 	C:\Windows\SYSTEM32\CRYPTSP.dll
0x00007ff9877e0000 - 0x00007ff987814000 	C:\Windows\system32\rsaenh.dll
0x00007ff988cc0000 - 0x00007ff988ce7000 	C:\Windows\System32\bcrypt.dll
0x00007ff9886e0000 - 0x00007ff98870e000 	C:\Windows\SYSTEM32\USERENV.dll
0x00007ff9880d0000 - 0x00007ff9880dc000 	C:\Windows\SYSTEM32\CRYPTBASE.dll
0x00007ff987bb0000 - 0x00007ff987bec000 	C:\Windows\SYSTEM32\IPHLPAPI.DLL
0x00007ff989830000 - 0x00007ff989838000 	C:\Windows\System32\NSI.dll
0x00007ff97e1a0000 - 0x00007ff97e1b7000 	C:\Windows\SYSTEM32\dhcpcsvc6.DLL
0x00007ff97efb0000 - 0x00007ff97efcd000 	C:\Windows\SYSTEM32\dhcpcsvc.DLL
0x00007ff987bf0000 - 0x00007ff987cba000 	C:\Windows\SYSTEM32\DNSAPI.dll
0x00007ff96a9d0000 - 0x00007ff96a9dd000 	C:\Program Files\Java\jdk-17\bin\sunmscapi.dll
0x00007ff989010000 - 0x00007ff98916e000 	C:\Windows\System32\CRYPT32.dll
0x00007ff9881d0000 - 0x00007ff9881f8000 	C:\Windows\SYSTEM32\ncrypt.dll
0x00007ff988190000 - 0x00007ff9881cb000 	C:\Windows\SYSTEM32\NTASN1.dll
0x00007ff96a710000 - 0x00007ff96a717000 	C:\Windows\system32\wshunix.dll

dbghelp: loaded successfully - version: 4.0.5 - missing functions: none
symbol engine: initialized successfully - sym options: 0x614 - pdb path: .;C:\Program Files\Java\jdk-17\bin;C:\Windows\SYSTEM32;C:\Windows\WinSxS\amd64_microsoft.windows.common-controls_6595b64144ccf1df_6.0.19041.1110_none_60b5254171f9507e;C:\Program Files\Java\jdk-17\bin\server;C:\Users\ss\.gradle\native\e1d6ef7f7dcc3fd88c89a11ec53ec762bb8ba0a96d01ffa2cd45eb1d1d8dd5c5\windows-amd64;C:\Users\ss\.gradle\native\5664cfc778a61ccfe75a443a1ab52a65af34e5dc3c78e0209fed803814484fcb\windows-amd64

VM Arguments:
jvm_args: -XX:MaxMetaspaceSize=512m --add-opens=java.base/java.util=ALL-UNNAMED --add-opens=java.base/java.lang=ALL-UNNAMED --add-opens=java.base/java.lang.invoke=ALL-UNNAMED --add-opens=java.base/java.util=ALL-UNNAMED --add-opens=java.prefs/java.util.prefs=ALL-UNNAMED --add-opens=java.prefs/java.util.prefs=ALL-UNNAMED --add-opens=java.base/java.nio.charset=ALL-UNNAMED --add-opens=java.base/java.net=ALL-UNNAMED --add-opens=java.base/java.util.concurrent.atomic=ALL-UNNAMED -Xmx2048m -Dfile.encoding=windows-1252 -Duser.country=IN -Duser.language=en -Duser.variant 
java_command: org.gradle.launcher.daemon.bootstrap.GradleDaemon 7.3.3
java_class_path (initial): C:\Users\ss\.gradle\wrapper\dists\gradle-7.3.3-all\4295vidhdd9hd3gbjyw1xqxpo\gradle-7.3.3\lib\gradle-launcher-7.3.3.jar
Launcher Type: SUN_STANDARD

[Global flags]
     intx CICompilerCount                          = 3                                         {product} {ergonomic}
   size_t CompressedClassSpaceSize                 = 432013312                                 {product} {ergonomic}
     uint ConcGCThreads                            = 1                                         {product} {ergonomic}
     uint G1ConcRefinementThreads                  = 4                                         {product} {ergonomic}
   size_t G1HeapRegionSize                         = 1048576                                   {product} {ergonomic}
    uintx GCDrainStackTargetSize                   = 64                                        {product} {ergonomic}
   size_t InitialHeapSize                          = 268435456                                 {product} {ergonomic}
   size_t MarkStackSize                            = 4194304                                   {product} {ergonomic}
   size_t MaxHeapSize                              = 2147483648                                {product} {command line}
   size_t MaxMetaspaceSize                         = 536870912                                 {product} {command line}
   size_t MaxNewSize                               = 1287651328                                {product} {ergonomic}
   size_t MinHeapDeltaBytes                        = 1048576                                   {product} {ergonomic}
   size_t MinHeapSize                              = 8388608                                   {product} {ergonomic}
    uintx NonNMethodCodeHeapSize                   = 5832780                                {pd product} {ergonomic}
    uintx NonProfiledCodeHeapSize                  = 122912730                              {pd product} {ergonomic}
    uintx ProfiledCodeHeapSize                     = 122912730                              {pd product} {ergonomic}
    uintx ReservedCodeCacheSize                    = 251658240                              {pd product} {ergonomic}
     bool SegmentedCodeCache                       = true                                      {product} {ergonomic}
   size_t SoftMaxHeapSize                          = 2147483648                             {manageable} {ergonomic}
     bool UseCompressedClassPointers               = true                           {product lp64_product} {ergonomic}
     bool UseCompressedOops                        = true                           {product lp64_product} {ergonomic}
     bool UseG1GC                                  = true                                      {product} {ergonomic}
     bool UseLargePagesIndividualAllocation        = false                                  {pd product} {ergonomic}

Logging:
Log output configuration:
 #0: stdout all=warning uptime,level,tags
 #1: stderr all=off uptime,level,tags

Environment Variables:
CLASSPATH=C:\Users\ss\Desktop\teachers-vision\android\\gradle\wrapper\gradle-wrapper.jar
PATH=C:\Users\ss\Desktop\teachers-vision\android\node_modules\.bin;C:\Users\ss\Desktop\teachers-vision\node_modules\.bin;C:\Users\ss\Desktop\node_modules\.bin;C:\Users\ss\node_modules\.bin;C:\Users\node_modules\.bin;C:\node_modules\.bin;C:\Program Files\nodejs;C:\Users\ss\Desktop\teachers-vision\node_modules\.bin;C:\Users\ss\Desktop\teachers-vision\node_modules\.bin;C:\Users\ss\Desktop\node_modules\.bin;C:\Users\ss\node_modules\.bin;C:\Users\node_modules\.bin;C:\node_modules\.bin;C:\Users\ss\AppData\Roaming\nvm\v16.16.0\node_modules\npm\node_modules\@npmcli\run-script\lib\node-gyp-bin;C:\Users\ss\Desktop\teachers-vision\node_modules\.bin;C:\Users\ss\Desktop\node_modules\.bin;C:\Users\ss\node_modules\.bin;C:\Users\node_modules\.bin;C:\node_modules\.bin;C:\Program Files\nodejs;C:\Users\ss\Desktop\teachers-vision\node_modules\.bin;C:\Users\ss\Desktop\teachers-vision\node_modules\.bin;C:\Users\ss\Desktop\node_modules\.bin;C:\Users\ss\node_modules\.bin;C:\Users\node_modules\.bin;C:\node_modules\.bin;C:\Users\ss\AppData\Roaming\nvm\v16.16.0\node_modules\npm\node_modules\@npmcli\run-script\lib\node-gyp-bin;C:\Program Files\Common Files\Oracle\Java\javapath;C:\Program Files (x86)\Common Files\Oracle\Java\javapath;C:\Program Files\Microsoft\jdk-11.0.18.10-hotspot\bin;C:\Program Files\Microsoft MPI\Bin\;C:\Windows\system32;C:\Windows;C:\Windows\System32\Wbem;C:\Windows\System32\WindowsPowerShell\v1.0\;C:\Windows\System32\OpenSSH\;C:\ProgramData\chocolatey\bin;C:\Users\ss\AppData\Local\Android\Sdk\platform-tools;C:\Program Files\Git\cmd;C:\Program Files\Microsoft SQL Server\150\Tools\Binn\;C:\Program Files (x86)\Microsoft SQL Server\160\Tools\Binn\;C:\Program Files\Microsoft SQL Server\160\Tools\Binn\;C:\Program Files\Microsoft SQL Server\Client SDK\ODBC\170\Tools\Binn\;C:\Program Files\Microsoft SQL Server\160\DTS\Binn\;C:\Program Files\dotnet\;C:\Program Files (x86)\dotnet\;C:\Program Files (x86)\Microsoft SQL Server\160\DTS\Binn\;C:\Program Files (x86)\Microsoft SQL Server\150
USERNAME=ss
LANG=en_US.UTF-8
OS=Windows_NT
PROCESSOR_IDENTIFIER=Intel64 Family 6 Model 142 Stepping 9, GenuineIntel



---------------  S Y S T E M  ---------------

OS:
 Windows 10 , 64 bit Build 19041 (10.0.19041.3155)
OS uptime: 3 days 3:43 hours

CPU: total 4 (initial active 4) (2 cores per cpu, 2 threads per core) family 6 model 142 stepping 9 microcode 0xb4, cx8, cmov, fxsr, ht, mmx, 3dnowpref, sse, sse2, sse3, ssse3, sse4.1, sse4.2, popcnt, lzcnt, tsc, tscinvbit, avx, avx2, aes, erms, clmul, bmi1, bmi2, adx, fma, vzeroupper, clflush, clflushopt

Memory: 4k page, system-wide physical 16263M (485M free)
TotalPageFile size 27084M (AvailPageFile size 23M)
current process WorkingSet (physical memory assigned to process): 515M, peak: 518M
current process commit charge ("private bytes"): 563M, peak: 587M

vm_info: Java HotSpot(TM) 64-Bit Server VM (17.0.7+8-LTS-224) for windows-amd64 JRE (17.0.7+8-LTS-224), built on Feb 28 2023 23:03:02 by "mach5one" with MS VC++ 17.1 (VS2022)

END.
