#
# There is insufficient memory for the Java Runtime Environment to continue.
# Native memory allocation (malloc) failed to allocate 32744 bytes for ChunkPool::allocate
# Possible reasons:
#   The system is out of physical RAM or swap space
#   The process is running with CompressedOops enabled, and the Java Heap may be blocking the growth of the native heap
# Possible solutions:
#   Reduce memory load on the system
#   Increase physical memory or swap space
#   Check if swap backing store is full
#   Decrease Java heap size (-Xmx/-Xms)
#   Decrease number of Java threads
#   Decrease Java thread stack sizes (-Xss)
#   Set larger code cache with -XX:ReservedCodeCacheSize=
#   JVM is running with Unscaled Compressed Oops mode in which the Java heap is
#     placed in the first 4GB address space. The Java Heap base address is the
#     maximum limit for the native heap growth. Please use -XX:HeapBaseMinAddress
#     to set the Java Heap base and to place the Java Heap above 4GB virtual address.
# This output file may be truncated or incomplete.
#
#  Out of Memory Error (arena.cpp:78), pid=20408, tid=10916
#
# JRE version: Java(TM) SE Runtime Environment (17.0.7+8) (build 17.0.7+8-LTS-224)
# Java VM: Java HotSpot(TM) 64-Bit Server VM (17.0.7+8-LTS-224, mixed mode, sharing, tiered, compressed oops, compressed class ptrs, g1 gc, windows-amd64)
# No core dump will be written. Minidumps are not enabled by default on client versions of Windows
#

---------------  S U M M A R Y ------------

Command Line: -XX:MaxMetaspaceSize=512m --add-opens=java.base/java.util=ALL-UNNAMED --add-opens=java.base/java.lang=ALL-UNNAMED --add-opens=java.base/java.lang.invoke=ALL-UNNAMED --add-opens=java.base/java.util=ALL-UNNAMED --add-opens=java.prefs/java.util.prefs=ALL-UNNAMED --add-opens=java.prefs/java.util.prefs=ALL-UNNAMED --add-opens=java.base/java.nio.charset=ALL-UNNAMED --add-opens=java.base/java.net=ALL-UNNAMED --add-opens=java.base/java.util.concurrent.atomic=ALL-UNNAMED -Xmx2048m -Dfile.encoding=windows-1252 -Duser.country=IN -Duser.language=en -Duser.variant org.gradle.launcher.daemon.bootstrap.GradleDaemon 7.3.3

Host: Intel(R) Core(TM) i5-7200U CPU @ 2.50GHz, 4 cores, 15G,  Windows 10 , 64 bit Build 19041 (10.0.19041.3155)
Time: Thu Sep 14 12:17:22 2023 India Standard Time elapsed time: 665.735373 seconds (0d 0h 11m 5s)

---------------  T H R E A D  ---------------

Current thread (0x000002a722347c70):  JavaThread "C2 CompilerThread0" daemon [_thread_in_native, id=10916, stack(0x000000d367300000,0x000000d367400000)]


Current CompileTask:
C2: 665735 14163       4       java.lang.reflect.AccessibleObject::checkCanSetAccessible (368 bytes)

Stack: [0x000000d367300000,0x000000d367400000]
Native frames: (J=compiled Java code, j=interpreted, Vv=VM code, C=native code)
V  [jvm.dll+0x676a4a]
V  [jvm.dll+0x7d74f4]
V  [jvm.dll+0x7d8c9e]
V  [jvm.dll+0x7d9303]
V  [jvm.dll+0x2452c5]
V  [jvm.dll+0xaac80]
V  [jvm.dll+0xaafcc]
V  [jvm.dll+0x11cf85]
V  [jvm.dll+0x6a0388]
V  [jvm.dll+0x1bb627]
V  [jvm.dll+0x217c27]
V  [jvm.dll+0x216f01]
V  [jvm.dll+0x1a35e0]
V  [jvm.dll+0x226a6e]
V  [jvm.dll+0x224e15]
V  [jvm.dll+0x78d05c]
V  [jvm.dll+0x78759a]
V  [jvm.dll+0x675875]
C  [ucrtbase.dll+0x21bb2]
C  [KERNEL32.DLL+0x17614]
C  [ntdll.dll+0x526b1]


---------------  P R O C E S S  ---------------

Threads class SMR info:
_java_thread_list=0x000002a72b3cf340, length=87, elements={
0x000002a702a48290, 0x000002a722327220, 0x000002a722327fa0, 0x000002a722341560,
0x000002a722344e40, 0x000002a722346710, 0x000002a722346fd0, 0x000002a722347c70,
0x000002a722d2e570, 0x000002a722d3d640, 0x000002a722e03450, 0x000002a722e0df90,
0x000002a724507a90, 0x000002a72527c220, 0x000002a726057750, 0x000002a72603e040,
0x000002a7249f1c20, 0x000002a7246c20e0, 0x000002a7246c4290, 0x000002a7246c1c10,
0x000002a7246c25b0, 0x000002a7246c3420, 0x000002a7246c2a80, 0x000002a7246c08d0,
0x000002a7246c2f50, 0x000002a7246c38f0, 0x000002a7246c3dc0, 0x000002a7246c1270,
0x000002a7246c1740, 0x000002a7239e9900, 0x000002a7239ee130, 0x000002a7239ebf80,
0x000002a7239ed2c0, 0x000002a7239ea770, 0x000002a7239efe10, 0x000002a7239ef470,
0x000002a7239ec920, 0x000002a7239eb5e0, 0x000002a7239eefa0, 0x000002a7239e8f60,
0x000002a7239ebab0, 0x000002a7239ec450, 0x000002a7239ee600, 0x000002a7239ecdf0,
0x000002a7239ed790, 0x000002a7239e9430, 0x000002a7239e9dd0, 0x000002a7239ea2a0,
0x000002a7251e15b0, 0x000002a7251e1a80, 0x000002a7251e2dc0, 0x000002a7251ddbf0,
0x000002a7251de0c0, 0x000002a7251dcd80, 0x000002a7251e28f0, 0x000002a7251df8d0,
0x000002a7251e1f50, 0x000002a7251de590, 0x000002a7251dfda0, 0x000002a7251dc3e0,
0x000002a7251dd250, 0x000002a7251df400, 0x000002a7251dd720, 0x000002a7251e3290,
0x000002a7251dc8b0, 0x000002a7251dea60, 0x000002a7251def30, 0x000002a7251e3760,
0x000002a7251e10e0, 0x000002a7251dbf10, 0x000002a7251e2420, 0x000002a7251e0270,
0x000002a7251e0740, 0x000002a7251e0c10, 0x000002a7266e21d0, 0x000002a7266e0e90,
0x000002a7266e04f0, 0x000002a7266e4850, 0x000002a7266df680, 0x000002a7266e4d20,
0x000002a7266dd9a0, 0x000002a7266e1d00, 0x000002a7266e3510, 0x000002a7266dd4d0,
0x000002a7266e1830, 0x000002a7246c0da0, 0x000002a7267276e0
}

Java Threads: ( => current thread )
  0x000002a702a48290 JavaThread "main" [_thread_blocked, id=10168, stack(0x000000d366500000,0x000000d366600000)]
  0x000002a722327220 JavaThread "Reference Handler" daemon [_thread_blocked, id=6176, stack(0x000000d366d00000,0x000000d366e00000)]
  0x000002a722327fa0 JavaThread "Finalizer" daemon [_thread_blocked, id=3680, stack(0x000000d366e00000,0x000000d366f00000)]
  0x000002a722341560 JavaThread "Signal Dispatcher" daemon [_thread_blocked, id=13416, stack(0x000000d366f00000,0x000000d367000000)]
  0x000002a722344e40 JavaThread "Attach Listener" daemon [_thread_blocked, id=16232, stack(0x000000d367000000,0x000000d367100000)]
  0x000002a722346710 JavaThread "Service Thread" daemon [_thread_blocked, id=9824, stack(0x000000d367100000,0x000000d367200000)]
  0x000002a722346fd0 JavaThread "Monitor Deflation Thread" daemon [_thread_blocked, id=8440, stack(0x000000d367200000,0x000000d367300000)]
=>0x000002a722347c70 JavaThread "C2 CompilerThread0" daemon [_thread_in_native, id=10916, stack(0x000000d367300000,0x000000d367400000)]
  0x000002a722d2e570 JavaThread "C1 CompilerThread0" daemon [_thread_blocked, id=19588, stack(0x000000d367400000,0x000000d367500000)]
  0x000002a722d3d640 JavaThread "Sweeper thread" daemon [_thread_blocked, id=21100, stack(0x000000d367500000,0x000000d367600000)]
  0x000002a722e03450 JavaThread "Common-Cleaner" daemon [_thread_blocked, id=12200, stack(0x000000d367600000,0x000000d367700000)]
  0x000002a722e0df90 JavaThread "Notification Thread" daemon [_thread_blocked, id=17380, stack(0x000000d367700000,0x000000d367800000)]
  0x000002a724507a90 JavaThread "Daemon health stats" [_thread_blocked, id=19156, stack(0x000000d367d00000,0x000000d367e00000)]
  0x000002a72527c220 JavaThread "Incoming local TCP Connector on port 64398" [_thread_in_native, id=9688, stack(0x000000d367c00000,0x000000d367d00000)]
  0x000002a726057750 JavaThread "Daemon periodic checks" [_thread_blocked, id=18976, stack(0x000000d367e00000,0x000000d367f00000)]
  0x000002a72603e040 JavaThread "Daemon" [_thread_blocked, id=20928, stack(0x000000d367f00000,0x000000d368000000)]
  0x000002a7249f1c20 JavaThread "Handler for socket connection from /127.0.0.1:64398 to /127.0.0.1:64399" [_thread_in_native, id=9720, stack(0x000000d368000000,0x000000d368100000)]
  0x000002a7246c20e0 JavaThread "Cancel handler" [_thread_blocked, id=7420, stack(0x000000d368100000,0x000000d368200000)]
  0x000002a7246c4290 JavaThread "Daemon worker" [_thread_in_Java, id=12392, stack(0x000000d368200000,0x000000d368300000)]
  0x000002a7246c1c10 JavaThread "Asynchronous log dispatcher for DefaultDaemonConnection: socket connection from /127.0.0.1:64398 to /127.0.0.1:64399" [_thread_blocked, id=18740, stack(0x000000d368300000,0x000000d368400000)]
  0x000002a7246c25b0 JavaThread "Stdin handler" [_thread_blocked, id=6912, stack(0x000000d368400000,0x000000d368500000)]
  0x000002a7246c3420 JavaThread "Daemon client event forwarder" [_thread_blocked, id=21212, stack(0x000000d368500000,0x000000d368600000)]
  0x000002a7246c2a80 JavaThread "Cache worker for journal cache (C:\Users\ss\.gradle\caches\journal-1)" [_thread_blocked, id=19732, stack(0x000000d368600000,0x000000d368700000)]
  0x000002a7246c08d0 JavaThread "File lock request listener" [_thread_in_native, id=21244, stack(0x000000d368700000,0x000000d368800000)]
  0x000002a7246c2f50 JavaThread "Cache worker for file hash cache (C:\Users\ss\.gradle\caches\7.3.3\fileHashes)" [_thread_blocked, id=3904, stack(0x000000d368900000,0x000000d368a00000)]
  0x000002a7246c38f0 JavaThread "Cache worker for file hash cache (C:\Users\ss\Desktop\teachers-vision\android\.gradle\7.3.3\fileHashes)" [_thread_blocked, id=17456, stack(0x000000d368a00000,0x000000d368b00000)]
  0x000002a7246c3dc0 JavaThread "File watcher server" daemon [_thread_in_native, id=18900, stack(0x000000d368c00000,0x000000d368d00000)]
  0x000002a7246c1270 JavaThread "File watcher consumer" daemon [_thread_blocked, id=20352, stack(0x000000d368d00000,0x000000d368e00000)]
  0x000002a7246c1740 JavaThread "Cache worker for checksums cache (C:\Users\ss\Desktop\teachers-vision\android\.gradle\7.3.3\checksums)" [_thread_blocked, id=19884, stack(0x000000d368b00000,0x000000d368c00000)]
  0x000002a7239e9900 JavaThread "Cache worker for cache directory md-supplier (C:\Users\ss\.gradle\caches\7.3.3\md-supplier)" [_thread_blocked, id=19512, stack(0x000000d368e00000,0x000000d368f00000)]
  0x000002a7239ee130 JavaThread "Cache worker for cache directory md-rule (C:\Users\ss\.gradle\caches\7.3.3\md-rule)" [_thread_blocked, id=21008, stack(0x000000d368f00000,0x000000d369000000)]
  0x000002a7239ebf80 JavaThread "Cache worker for execution history cache (C:\Users\ss\.gradle\caches\7.3.3\executionHistory)" [_thread_blocked, id=4104, stack(0x000000d369000000,0x000000d369100000)]
  0x000002a7239ed2c0 JavaThread "jar transforms" [_thread_blocked, id=11644, stack(0x000000d369200000,0x000000d369300000)]
  0x000002a7239ea770 JavaThread "jar transforms Thread 2" [_thread_blocked, id=13016, stack(0x000000d369100000,0x000000d369200000)]
  0x000002a7239efe10 JavaThread "Cache worker for file content cache (C:\Users\ss\.gradle\caches\7.3.3\fileContent)" [_thread_blocked, id=260, stack(0x000000d369300000,0x000000d369400000)]
  0x000002a7239ef470 JavaThread "jar transforms Thread 3" [_thread_blocked, id=10328, stack(0x000000d369400000,0x000000d369500000)]
  0x000002a7239ec920 JavaThread "jar transforms Thread 4" [_thread_blocked, id=7688, stack(0x000000d369500000,0x000000d369600000)]
  0x000002a7239eb5e0 JavaThread "Cache worker for kotlin-dsl (C:\Users\ss\.gradle\caches\7.3.3\kotlin-dsl)" [_thread_blocked, id=17124, stack(0x000000d366400000,0x000000d366500000)]
  0x000002a7239eefa0 JavaThread "Cache worker for dependencies-accessors (C:\Users\ss\Desktop\teachers-vision\android\.gradle\7.3.3\dependencies-accessors)" [_thread_blocked, id=19088, stack(0x000000d369800000,0x000000d369900000)]
  0x000002a7239e8f60 JavaThread "Cache worker for Build Output Cleanup Cache (C:\Users\ss\Desktop\teachers-vision\node_modules\react-native-gradle-plugin\.gradle\buildOutputCleanup)" [_thread_blocked, id=19816, stack(0x000000d366600000,0x000000d366700000)]
  0x000002a7239ebab0 JavaThread "Unconstrained build operations" [_thread_blocked, id=15760, stack(0x000000d369900000,0x000000d369a00000)]
  0x000002a7239ec450 JavaThread "Unconstrained build operations Thread 2" [_thread_blocked, id=19504, stack(0x000000d369a00000,0x000000d369b00000)]
  0x000002a7239ee600 JavaThread "Unconstrained build operations Thread 3" [_thread_blocked, id=17464, stack(0x000000d369b00000,0x000000d369c00000)]
  0x000002a7239ecdf0 JavaThread "Unconstrained build operations Thread 4" [_thread_blocked, id=15524, stack(0x000000d369c00000,0x000000d369d00000)]
  0x000002a7239ed790 JavaThread "Unconstrained build operations Thread 5" [_thread_blocked, id=15232, stack(0x000000d369d00000,0x000000d369e00000)]
  0x000002a7239e9430 JavaThread "Unconstrained build operations Thread 6" [_thread_blocked, id=11568, stack(0x000000d369e00000,0x000000d369f00000)]
  0x000002a7239e9dd0 JavaThread "Unconstrained build operations Thread 7" [_thread_blocked, id=15536, stack(0x000000d369f00000,0x000000d36a000000)]
  0x000002a7239ea2a0 JavaThread "Unconstrained build operations Thread 8" [_thread_blocked, id=17656, stack(0x000000d36a000000,0x000000d36a100000)]
  0x000002a7251e15b0 JavaThread "Unconstrained build operations Thread 9" [_thread_blocked, id=2904, stack(0x000000d36a100000,0x000000d36a200000)]
  0x000002a7251e1a80 JavaThread "Unconstrained build operations Thread 10" [_thread_blocked, id=18072, stack(0x000000d36a200000,0x000000d36a300000)]
  0x000002a7251e2dc0 JavaThread "Unconstrained build operations Thread 11" [_thread_blocked, id=17328, stack(0x000000d36a300000,0x000000d36a400000)]
  0x000002a7251ddbf0 JavaThread "Unconstrained build operations Thread 12" [_thread_blocked, id=20748, stack(0x000000d36a400000,0x000000d36a500000)]
  0x000002a7251de0c0 JavaThread "Unconstrained build operations Thread 13" [_thread_blocked, id=14272, stack(0x000000d36a500000,0x000000d36a600000)]
  0x000002a7251dcd80 JavaThread "Unconstrained build operations Thread 14" [_thread_blocked, id=14864, stack(0x000000d36a600000,0x000000d36a700000)]
  0x000002a7251e28f0 JavaThread "Unconstrained build operations Thread 15" [_thread_blocked, id=17696, stack(0x000000d36a700000,0x000000d36a800000)]
  0x000002a7251df8d0 JavaThread "Unconstrained build operations Thread 16" [_thread_blocked, id=13836, stack(0x000000d36a800000,0x000000d36a900000)]
  0x000002a7251e1f50 JavaThread "Unconstrained build operations Thread 17" [_thread_blocked, id=21004, stack(0x000000d36a900000,0x000000d36aa00000)]
  0x000002a7251de590 JavaThread "Unconstrained build operations Thread 18" [_thread_blocked, id=20936, stack(0x000000d36aa00000,0x000000d36ab00000)]
  0x000002a7251dfda0 JavaThread "Unconstrained build operations Thread 19" [_thread_blocked, id=20404, stack(0x000000d36ab00000,0x000000d36ac00000)]
  0x000002a7251dc3e0 JavaThread "Unconstrained build operations Thread 20" [_thread_blocked, id=19676, stack(0x000000d36ac00000,0x000000d36ad00000)]
  0x000002a7251dd250 JavaThread "Unconstrained build operations Thread 21" [_thread_blocked, id=5672, stack(0x000000d36ad00000,0x000000d36ae00000)]
  0x000002a7251df400 JavaThread "Unconstrained build operations Thread 22" [_thread_blocked, id=17716, stack(0x000000d36ae00000,0x000000d36af00000)]
  0x000002a7251dd720 JavaThread "Unconstrained build operations Thread 23" [_thread_blocked, id=11772, stack(0x000000d36af00000,0x000000d36b000000)]
  0x000002a7251e3290 JavaThread "Unconstrained build operations Thread 24" [_thread_blocked, id=11572, stack(0x000000d36b000000,0x000000d36b100000)]
  0x000002a7251dc8b0 JavaThread "Unconstrained build operations Thread 25" [_thread_blocked, id=18500, stack(0x000000d36b100000,0x000000d36b200000)]
  0x000002a7251dea60 JavaThread "Unconstrained build operations Thread 26" [_thread_blocked, id=6588, stack(0x000000d36b200000,0x000000d36b300000)]
  0x000002a7251def30 JavaThread "Unconstrained build operations Thread 27" [_thread_blocked, id=19308, stack(0x000000d36b300000,0x000000d36b400000)]
  0x000002a7251e3760 JavaThread "Unconstrained build operations Thread 28" [_thread_blocked, id=8888, stack(0x000000d36b400000,0x000000d36b500000)]
  0x000002a7251e10e0 JavaThread "Unconstrained build operations Thread 29" [_thread_blocked, id=19260, stack(0x000000d36b500000,0x000000d36b600000)]
  0x000002a7251dbf10 JavaThread "Unconstrained build operations Thread 30" [_thread_blocked, id=20756, stack(0x000000d36b600000,0x000000d36b700000)]
  0x000002a7251e2420 JavaThread "Unconstrained build operations Thread 31" [_thread_blocked, id=2776, stack(0x000000d36b700000,0x000000d36b800000)]
  0x000002a7251e0270 JavaThread "Unconstrained build operations Thread 32" [_thread_blocked, id=13832, stack(0x000000d36b800000,0x000000d36b900000)]
  0x000002a7251e0740 JavaThread "Unconstrained build operations Thread 33" [_thread_blocked, id=17924, stack(0x000000d36b900000,0x000000d36ba00000)]
  0x000002a7251e0c10 JavaThread "build event listener" [_thread_blocked, id=18776, stack(0x000000d36ba00000,0x000000d36bb00000)]
  0x000002a7266e21d0 JavaThread "Memory manager" [_thread_blocked, id=20732, stack(0x000000d36bb00000,0x000000d36bc00000)]
  0x000002a7266e0e90 JavaThread "Cache worker for Build Output Cleanup Cache (C:\Users\ss\Desktop\teachers-vision\android\.gradle\buildOutputCleanup)" [_thread_blocked, id=9192, stack(0x000000d36bc00000,0x000000d36bd00000)]
  0x000002a7266e04f0 JavaThread "Cache worker for execution history cache (C:\Users\ss\Desktop\teachers-vision\node_modules\react-native-gradle-plugin\.gradle\7.3.3\executionHistory)" [_thread_blocked, id=22308, stack(0x000000d36c100000,0x000000d36c200000)]
  0x000002a7266e4850 JavaThread "Unconstrained build operations Thread 34" [_thread_blocked, id=21828, stack(0x000000d36c200000,0x000000d36c300000)]
  0x000002a7266df680 JavaThread "Unconstrained build operations Thread 35" [_thread_blocked, id=21792, stack(0x000000d36c300000,0x000000d36c400000)]
  0x000002a7266e4d20 JavaThread "Unconstrained build operations Thread 36" [_thread_blocked, id=22480, stack(0x000000d36c400000,0x000000d36c500000)]
  0x000002a7266dd9a0 JavaThread "Unconstrained build operations Thread 37" [_thread_blocked, id=21736, stack(0x000000d36c500000,0x000000d36c600000)]
  0x000002a7266e1d00 JavaThread "Unconstrained build operations Thread 38" [_thread_blocked, id=17576, stack(0x000000d36c600000,0x000000d36c700000)]
  0x000002a7266e3510 JavaThread "Unconstrained build operations Thread 39" [_thread_blocked, id=22440, stack(0x000000d36c700000,0x000000d36c800000)]
  0x000002a7266dd4d0 JavaThread "Unconstrained build operations Thread 40" [_thread_blocked, id=21584, stack(0x000000d36c800000,0x000000d36c900000)]
  0x000002a7266e1830 JavaThread "File lock release action executor Thread 5" [_thread_blocked, id=24856, stack(0x000000d369600000,0x000000d369700000)]
  0x000002a7246c0da0 JavaThread "build event listener" [_thread_blocked, id=20076, stack(0x000000d369700000,0x000000d369800000)]
  0x000002a7267276e0 JavaThread "build event listener" [_thread_blocked, id=27160, stack(0x000000d368800000,0x000000d368900000)]

Other Threads:
  0x000002a722321880 VMThread "VM Thread" [stack: 0x000000d366c00000,0x000000d366d00000] [id=12508]
  0x000002a722e0e460 WatcherThread [stack: 0x000000d367800000,0x000000d367900000] [id=18784]
  0x000002a702aa0380 GCTaskThread "GC Thread#0" [stack: 0x000000d366700000,0x000000d366800000] [id=10580]
  0x000002a722f8efe0 GCTaskThread "GC Thread#1" [stack: 0x000000d367900000,0x000000d367a00000] [id=11884]
  0x000002a7234876c0 GCTaskThread "GC Thread#2" [stack: 0x000000d367a00000,0x000000d367b00000] [id=17616]
  0x000002a723487970 GCTaskThread "GC Thread#3" [stack: 0x000000d367b00000,0x000000d367c00000] [id=8044]
  0x000002a702ab11d0 ConcurrentGCThread "G1 Main Marker" [stack: 0x000000d366800000,0x000000d366900000] [id=19664]
  0x000002a702ab1af0 ConcurrentGCThread "G1 Conc#0" [stack: 0x000000d366900000,0x000000d366a00000] [id=888]
  0x000002a7221de130 ConcurrentGCThread "G1 Refine#0" [stack: 0x000000d366a00000,0x000000d366b00000] [id=1884]
  0x000002a7221de960 ConcurrentGCThread "G1 Service" [stack: 0x000000d366b00000,0x000000d366c00000] [id=3908]

Threads with active compile tasks:
C2 CompilerThread0   665792 14163       4       java.lang.reflect.AccessibleObject::checkCanSetAccessible (368 bytes)

VM state: not at safepoint (normal execution)

VM Mutex/Monitor currently owned by a thread: None

Heap address: 0x0000000080000000, size: 2048 MB, Compressed Oops mode: 32-bit

CDS archive(s) mapped at: [0x0000000800000000-0x0000000800bd0000-0x0000000800bd0000), size 12386304, SharedBaseAddress: 0x0000000800000000, ArchiveRelocationMode: 0.
Compressed class space mapped at: 0x0000000800c00000-0x000000081a800000, reserved size: 432013312
Narrow klass base: 0x0000000800000000, Narrow klass shift: 0, Narrow klass range: 0x100000000

GC Precious Log:
 CPUs: 4 total, 4 available
 Memory: 16263M
 Large Page Support: Disabled
 NUMA Support: Disabled
 Compressed Oops: Enabled (32-bit)
 Heap Region Size: 1M
 Heap Min Capacity: 8M
 Heap Initial Capacity: 256M
 Heap Max Capacity: 2G
 Pre-touch: Disabled
 Parallel Workers: 4
 Concurrent Workers: 1
 Concurrent Refinement Workers: 4
 Periodic GC: Disabled

Heap:
 garbage-first heap   total 256000K, used 174796K [0x0000000080000000, 0x0000000100000000)
  region size 1024K, 23 young (23552K), 2 survivors (2048K)
 Metaspace       used 94849K, committed 96320K, reserved 512000K
  class space    used 13076K, committed 13760K, reserved 421888K

Heap Regions: E=young(eden), S=young(survivor), O=old, HS=humongous(starts), HC=humongous(continues), CS=collection set, F=free, OA=open archive, CA=closed archive, TAMS=top-at-mark-start (previous, next)
|   0|0x0000000080000000, 0x0000000080100000, 0x0000000080100000|100%|HS|  |TAMS 0x0000000080100000, 0x0000000080000000| Complete 
|   1|0x0000000080100000, 0x0000000080200000, 0x0000000080200000|100%|HC|  |TAMS 0x0000000080200000, 0x0000000080100000| Complete 
|   2|0x0000000080200000, 0x0000000080300000, 0x0000000080300000|100%|HC|  |TAMS 0x0000000080300000, 0x0000000080200000| Complete 
|   3|0x0000000080300000, 0x0000000080400000, 0x0000000080400000|100%| O|  |TAMS 0x0000000080400000, 0x0000000080300000| Untracked 
|   4|0x0000000080400000, 0x0000000080500000, 0x0000000080500000|100%| O|  |TAMS 0x0000000080500000, 0x0000000080400000| Untracked 
|   5|0x0000000080500000, 0x0000000080600000, 0x0000000080600000|100%| O|  |TAMS 0x0000000080600000, 0x0000000080500000| Untracked 
|   6|0x0000000080600000, 0x0000000080700000, 0x0000000080700000|100%| O|  |TAMS 0x0000000080700000, 0x0000000080600000| Untracked 
|   7|0x0000000080700000, 0x0000000080800000, 0x0000000080800000|100%| O|  |TAMS 0x0000000080800000, 0x0000000080700000| Untracked 
|   8|0x0000000080800000, 0x0000000080900000, 0x0000000080900000|100%| O|  |TAMS 0x0000000080900000, 0x0000000080800000| Untracked 
|   9|0x0000000080900000, 0x0000000080a00000, 0x0000000080a00000|100%| O|  |TAMS 0x0000000080a00000, 0x0000000080900000| Untracked 
|  10|0x0000000080a00000, 0x0000000080b00000, 0x0000000080b00000|100%| O|  |TAMS 0x0000000080b00000, 0x0000000080a00000| Untracked 
|  11|0x0000000080b00000, 0x0000000080c00000, 0x0000000080c00000|100%| O|  |TAMS 0x0000000080c00000, 0x0000000080b00000| Untracked 
|  12|0x0000000080c00000, 0x0000000080d00000, 0x0000000080d00000|100%| O|  |TAMS 0x0000000080d00000, 0x0000000080c00000| Untracked 
|  13|0x0000000080d00000, 0x0000000080e00000, 0x0000000080e00000|100%| O|  |TAMS 0x0000000080e00000, 0x0000000080d00000| Untracked 
|  14|0x0000000080e00000, 0x0000000080f00000, 0x0000000080f00000|100%| O|  |TAMS 0x0000000080f00000, 0x0000000080e00000| Untracked 
|  15|0x0000000080f00000, 0x0000000081000000, 0x0000000081000000|100%| O|  |TAMS 0x0000000081000000, 0x0000000080f00000| Untracked 
|  16|0x0000000081000000, 0x0000000081100000, 0x0000000081100000|100%| O|  |TAMS 0x0000000081100000, 0x0000000081000000| Untracked 
|  17|0x0000000081100000, 0x0000000081200000, 0x0000000081200000|100%| O|  |TAMS 0x0000000081200000, 0x0000000081100000| Untracked 
|  18|0x0000000081200000, 0x0000000081300000, 0x0000000081300000|100%| O|  |TAMS 0x0000000081300000, 0x0000000081200000| Untracked 
|  19|0x0000000081300000, 0x0000000081400000, 0x0000000081400000|100%| O|  |TAMS 0x0000000081400000, 0x0000000081300000| Untracked 
|  20|0x0000000081400000, 0x0000000081500000, 0x0000000081500000|100%| O|  |TAMS 0x0000000081500000, 0x0000000081400000| Untracked 
|  21|0x0000000081500000, 0x0000000081600000, 0x0000000081600000|100%| O|  |TAMS 0x0000000081600000, 0x0000000081500000| Untracked 
|  22|0x0000000081600000, 0x0000000081700000, 0x0000000081700000|100%| O|  |TAMS 0x0000000081700000, 0x0000000081600000| Untracked 
|  23|0x0000000081700000, 0x0000000081800000, 0x0000000081800000|100%| O|  |TAMS 0x0000000081800000, 0x0000000081700000| Untracked 
|  24|0x0000000081800000, 0x0000000081900000, 0x0000000081900000|100%| O|  |TAMS 0x0000000081900000, 0x0000000081800000| Untracked 
|  25|0x0000000081900000, 0x0000000081a00000, 0x0000000081a00000|100%| O|  |TAMS 0x0000000081a00000, 0x0000000081900000| Untracked 
|  26|0x0000000081a00000, 0x0000000081b00000, 0x0000000081b00000|100%| O|  |TAMS 0x0000000081b00000, 0x0000000081a00000| Untracked 
|  27|0x0000000081b00000, 0x0000000081c00000, 0x0000000081c00000|100%| O|  |TAMS 0x0000000081c00000, 0x0000000081b00000| Untracked 
|  28|0x0000000081c00000, 0x0000000081d00000, 0x0000000081d00000|100%| O|  |TAMS 0x0000000081d00000, 0x0000000081c00000| Untracked 
|  29|0x0000000081d00000, 0x0000000081e00000, 0x0000000081e00000|100%| O|  |TAMS 0x0000000081e00000, 0x0000000081d00000| Untracked 
|  30|0x0000000081e00000, 0x0000000081f00000, 0x0000000081f00000|100%| O|  |TAMS 0x0000000081f00000, 0x0000000081e00000| Untracked 
|  31|0x0000000081f00000, 0x0000000082000000, 0x0000000082000000|100%|HS|  |TAMS 0x0000000082000000, 0x0000000081f00000| Complete 
|  32|0x0000000082000000, 0x0000000082100000, 0x0000000082100000|100%| O|  |TAMS 0x0000000082100000, 0x0000000082000000| Untracked 
|  33|0x0000000082100000, 0x0000000082200000, 0x0000000082200000|100%| O|  |TAMS 0x0000000082200000, 0x0000000082100000| Untracked 
|  34|0x0000000082200000, 0x0000000082300000, 0x0000000082300000|100%| O|  |TAMS 0x0000000082300000, 0x0000000082200000| Untracked 
|  35|0x0000000082300000, 0x0000000082400000, 0x0000000082400000|100%| O|  |TAMS 0x0000000082400000, 0x0000000082300000| Untracked 
|  36|0x0000000082400000, 0x0000000082500000, 0x0000000082500000|100%| O|  |TAMS 0x0000000082500000, 0x0000000082400000| Untracked 
|  37|0x0000000082500000, 0x0000000082600000, 0x0000000082600000|100%| O|  |TAMS 0x0000000082600000, 0x0000000082500000| Untracked 
|  38|0x0000000082600000, 0x0000000082700000, 0x0000000082700000|100%|HS|  |TAMS 0x0000000082700000, 0x0000000082600000| Complete 
|  39|0x0000000082700000, 0x0000000082800000, 0x0000000082800000|100%|HC|  |TAMS 0x0000000082800000, 0x0000000082700000| Complete 
|  40|0x0000000082800000, 0x0000000082900000, 0x0000000082900000|100%|HC|  |TAMS 0x0000000082900000, 0x0000000082800000| Complete 
|  41|0x0000000082900000, 0x0000000082a00000, 0x0000000082a00000|100%| O|  |TAMS 0x0000000082a00000, 0x0000000082900000| Untracked 
|  42|0x0000000082a00000, 0x0000000082b00000, 0x0000000082b00000|100%| O|  |TAMS 0x0000000082b00000, 0x0000000082a00000| Untracked 
|  43|0x0000000082b00000, 0x0000000082c00000, 0x0000000082c00000|100%| O|  |TAMS 0x0000000082c00000, 0x0000000082b00000| Untracked 
|  44|0x0000000082c00000, 0x0000000082d00000, 0x0000000082d00000|100%| O|  |TAMS 0x0000000082d00000, 0x0000000082c00000| Untracked 
|  45|0x0000000082d00000, 0x0000000082e00000, 0x0000000082e00000|100%| O|  |TAMS 0x0000000082e00000, 0x0000000082d00000| Untracked 
|  46|0x0000000082e00000, 0x0000000082f00000, 0x0000000082f00000|100%| O|  |TAMS 0x0000000082f00000, 0x0000000082e00000| Untracked 
|  47|0x0000000082f00000, 0x0000000083000000, 0x0000000083000000|100%| O|  |TAMS 0x0000000083000000, 0x0000000082f00000| Untracked 
|  48|0x0000000083000000, 0x0000000083100000, 0x0000000083100000|100%| O|  |TAMS 0x0000000083100000, 0x0000000083000000| Untracked 
|  49|0x0000000083100000, 0x0000000083200000, 0x0000000083200000|100%| O|  |TAMS 0x0000000083200000, 0x0000000083100000| Untracked 
|  50|0x0000000083200000, 0x0000000083300000, 0x0000000083300000|100%| O|  |TAMS 0x0000000083300000, 0x0000000083200000| Untracked 
|  51|0x0000000083300000, 0x0000000083400000, 0x0000000083400000|100%| O|  |TAMS 0x0000000083400000, 0x0000000083300000| Untracked 
|  52|0x0000000083400000, 0x0000000083500000, 0x0000000083500000|100%| O|  |TAMS 0x0000000083500000, 0x0000000083400000| Untracked 
|  53|0x0000000083500000, 0x0000000083600000, 0x0000000083600000|100%| O|  |TAMS 0x0000000083600000, 0x0000000083500000| Untracked 
|  54|0x0000000083600000, 0x0000000083700000, 0x0000000083700000|100%| O|  |TAMS 0x0000000083700000, 0x0000000083600000| Untracked 
|  55|0x0000000083700000, 0x0000000083800000, 0x0000000083800000|100%| O|  |TAMS 0x0000000083800000, 0x0000000083700000| Untracked 
|  56|0x0000000083800000, 0x0000000083900000, 0x0000000083900000|100%|HS|  |TAMS 0x0000000083900000, 0x0000000083800000| Complete 
|  57|0x0000000083900000, 0x0000000083a00000, 0x0000000083a00000|100%|HS|  |TAMS 0x0000000083a00000, 0x0000000083900000| Complete 
|  58|0x0000000083a00000, 0x0000000083b00000, 0x0000000083b00000|100%|HS|  |TAMS 0x0000000083b00000, 0x0000000083a00000| Complete 
|  59|0x0000000083b00000, 0x0000000083c00000, 0x0000000083c00000|100%|HS|  |TAMS 0x0000000083c00000, 0x0000000083b00000| Complete 
|  60|0x0000000083c00000, 0x0000000083d00000, 0x0000000083d00000|100%|HC|  |TAMS 0x0000000083d00000, 0x0000000083c00000| Complete 
|  61|0x0000000083d00000, 0x0000000083e00000, 0x0000000083e00000|100%| O|  |TAMS 0x0000000083e00000, 0x0000000083d00000| Untracked 
|  62|0x0000000083e00000, 0x0000000083f00000, 0x0000000083f00000|100%| O|  |TAMS 0x0000000083f00000, 0x0000000083e00000| Untracked 
|  63|0x0000000083f00000, 0x0000000084000000, 0x0000000084000000|100%| O|  |TAMS 0x0000000084000000, 0x0000000083f00000| Untracked 
|  64|0x0000000084000000, 0x0000000084100000, 0x0000000084100000|100%| O|  |TAMS 0x0000000084100000, 0x0000000084000000| Untracked 
|  65|0x0000000084100000, 0x0000000084200000, 0x0000000084200000|100%| O|  |TAMS 0x0000000084200000, 0x0000000084100000| Untracked 
|  66|0x0000000084200000, 0x0000000084300000, 0x0000000084300000|100%| O|  |TAMS 0x0000000084300000, 0x0000000084200000| Untracked 
|  67|0x0000000084300000, 0x0000000084400000, 0x0000000084400000|100%| O|  |TAMS 0x0000000084400000, 0x0000000084300000| Untracked 
|  68|0x0000000084400000, 0x0000000084500000, 0x0000000084500000|100%| O|  |TAMS 0x0000000084500000, 0x0000000084400000| Untracked 
|  69|0x0000000084500000, 0x0000000084600000, 0x0000000084600000|100%| O|  |TAMS 0x0000000084600000, 0x0000000084500000| Untracked 
|  70|0x0000000084600000, 0x0000000084700000, 0x0000000084700000|100%| O|  |TAMS 0x0000000084700000, 0x0000000084600000| Untracked 
|  71|0x0000000084700000, 0x0000000084800000, 0x0000000084800000|100%| O|  |TAMS 0x0000000084800000, 0x0000000084700000| Untracked 
|  72|0x0000000084800000, 0x0000000084900000, 0x0000000084900000|100%| O|  |TAMS 0x0000000084900000, 0x0000000084800000| Untracked 
|  73|0x0000000084900000, 0x0000000084a00000, 0x0000000084a00000|100%| O|  |TAMS 0x0000000084a00000, 0x0000000084900000| Untracked 
|  74|0x0000000084a00000, 0x0000000084b00000, 0x0000000084b00000|100%| O|  |TAMS 0x0000000084b00000, 0x0000000084a00000| Untracked 
|  75|0x0000000084b00000, 0x0000000084c00000, 0x0000000084c00000|100%| O|  |TAMS 0x0000000084c00000, 0x0000000084b00000| Untracked 
|  76|0x0000000084c00000, 0x0000000084d00000, 0x0000000084d00000|100%| O|  |TAMS 0x0000000084d00000, 0x0000000084c00000| Untracked 
|  77|0x0000000084d00000, 0x0000000084e00000, 0x0000000084e00000|100%| O|  |TAMS 0x0000000084e00000, 0x0000000084d00000| Untracked 
|  78|0x0000000084e00000, 0x0000000084f00000, 0x0000000084f00000|100%| O|  |TAMS 0x0000000084f00000, 0x0000000084e00000| Untracked 
|  79|0x0000000084f00000, 0x0000000085000000, 0x0000000085000000|100%| O|  |TAMS 0x0000000085000000, 0x0000000084f00000| Untracked 
|  80|0x0000000085000000, 0x0000000085100000, 0x0000000085100000|100%| O|  |TAMS 0x0000000085100000, 0x0000000085000000| Untracked 
|  81|0x0000000085100000, 0x0000000085200000, 0x0000000085200000|100%| O|  |TAMS 0x0000000085200000, 0x0000000085100000| Untracked 
|  82|0x0000000085200000, 0x0000000085300000, 0x0000000085300000|100%| O|  |TAMS 0x0000000085300000, 0x0000000085200000| Untracked 
|  83|0x0000000085300000, 0x0000000085400000, 0x0000000085400000|100%| O|  |TAMS 0x0000000085400000, 0x0000000085300000| Untracked 
|  84|0x0000000085400000, 0x0000000085500000, 0x0000000085500000|100%| O|  |TAMS 0x0000000085500000, 0x0000000085400000| Untracked 
|  85|0x0000000085500000, 0x0000000085600000, 0x0000000085600000|100%| O|  |TAMS 0x0000000085600000, 0x0000000085500000| Untracked 
|  86|0x0000000085600000, 0x0000000085700000, 0x0000000085700000|100%| O|  |TAMS 0x0000000085700000, 0x0000000085600000| Untracked 
|  87|0x0000000085700000, 0x0000000085800000, 0x0000000085800000|100%| O|  |TAMS 0x0000000085800000, 0x0000000085700000| Untracked 
|  88|0x0000000085800000, 0x0000000085900000, 0x0000000085900000|100%| O|  |TAMS 0x0000000085900000, 0x0000000085800000| Untracked 
|  89|0x0000000085900000, 0x0000000085a00000, 0x0000000085a00000|100%| O|  |TAMS 0x0000000085a00000, 0x0000000085900000| Untracked 
|  90|0x0000000085a00000, 0x0000000085b00000, 0x0000000085b00000|100%| O|  |TAMS 0x0000000085b00000, 0x0000000085a00000| Untracked 
|  91|0x0000000085b00000, 0x0000000085c00000, 0x0000000085c00000|100%| O|  |TAMS 0x0000000085c00000, 0x0000000085b00000| Untracked 
|  92|0x0000000085c00000, 0x0000000085d00000, 0x0000000085d00000|100%| O|  |TAMS 0x0000000085d00000, 0x0000000085c00000| Untracked 
|  93|0x0000000085d00000, 0x0000000085e00000, 0x0000000085e00000|100%| O|  |TAMS 0x0000000085e00000, 0x0000000085d00000| Untracked 
|  94|0x0000000085e00000, 0x0000000085e00000, 0x0000000085f00000|  0%| F|  |TAMS 0x0000000085e00000, 0x0000000085e00000| Untracked 
|  95|0x0000000085f00000, 0x0000000086000000, 0x0000000086000000|100%| O|  |TAMS 0x0000000086000000, 0x0000000085f00000| Untracked 
|  96|0x0000000086000000, 0x0000000086100000, 0x0000000086100000|100%| O|  |TAMS 0x0000000086100000, 0x0000000086000000| Untracked 
|  97|0x0000000086100000, 0x0000000086200000, 0x0000000086200000|100%| O|  |TAMS 0x0000000086200000, 0x0000000086100000| Untracked 
|  98|0x0000000086200000, 0x0000000086300000, 0x0000000086300000|100%| O|  |TAMS 0x0000000086300000, 0x0000000086200000| Untracked 
|  99|0x0000000086300000, 0x0000000086400000, 0x0000000086400000|100%| O|  |TAMS 0x0000000086400000, 0x0000000086300000| Untracked 
| 100|0x0000000086400000, 0x0000000086500000, 0x0000000086500000|100%| O|  |TAMS 0x0000000086500000, 0x0000000086400000| Untracked 
| 101|0x0000000086500000, 0x0000000086600000, 0x0000000086600000|100%| O|  |TAMS 0x0000000086600000, 0x0000000086500000| Untracked 
| 102|0x0000000086600000, 0x0000000086700000, 0x0000000086700000|100%| O|  |TAMS 0x0000000086700000, 0x0000000086600000| Untracked 
| 103|0x0000000086700000, 0x0000000086800000, 0x0000000086800000|100%| O|  |TAMS 0x0000000086800000, 0x0000000086700000| Untracked 
| 104|0x0000000086800000, 0x0000000086900000, 0x0000000086900000|100%| O|  |TAMS 0x0000000086900000, 0x0000000086800000| Untracked 
| 105|0x0000000086900000, 0x0000000086a00000, 0x0000000086a00000|100%| O|  |TAMS 0x0000000086a00000, 0x0000000086900000| Untracked 
| 106|0x0000000086a00000, 0x0000000086b00000, 0x0000000086b00000|100%| O|  |TAMS 0x0000000086a00000, 0x0000000086a00000| Untracked 
| 107|0x0000000086b00000, 0x0000000086c00000, 0x0000000086c00000|100%| O|  |TAMS 0x0000000086c00000, 0x0000000086b00000| Untracked 
| 108|0x0000000086c00000, 0x0000000086d00000, 0x0000000086d00000|100%| O|  |TAMS 0x0000000086d00000, 0x0000000086c00000| Untracked 
| 109|0x0000000086d00000, 0x0000000086e00000, 0x0000000086e00000|100%| O|  |TAMS 0x0000000086e00000, 0x0000000086d00000| Untracked 
| 110|0x0000000086e00000, 0x0000000086f00000, 0x0000000086f00000|100%| O|  |TAMS 0x0000000086f00000, 0x0000000086e00000| Untracked 
| 111|0x0000000086f00000, 0x0000000087000000, 0x0000000087000000|100%| O|  |TAMS 0x0000000087000000, 0x0000000086f00000| Untracked 
| 112|0x0000000087000000, 0x0000000087100000, 0x0000000087100000|100%| O|  |TAMS 0x0000000087100000, 0x0000000087000000| Untracked 
| 113|0x0000000087100000, 0x0000000087200000, 0x0000000087200000|100%| O|  |TAMS 0x0000000087200000, 0x0000000087100000| Untracked 
| 114|0x0000000087200000, 0x0000000087300000, 0x0000000087300000|100%| O|  |TAMS 0x0000000087300000, 0x0000000087200000| Untracked 
| 115|0x0000000087300000, 0x0000000087400000, 0x0000000087400000|100%| O|  |TAMS 0x0000000087400000, 0x0000000087300000| Untracked 
| 116|0x0000000087400000, 0x0000000087500000, 0x0000000087500000|100%| O|  |TAMS 0x0000000087500000, 0x0000000087400000| Untracked 
| 117|0x0000000087500000, 0x0000000087600000, 0x0000000087600000|100%| O|  |TAMS 0x0000000087600000, 0x0000000087500000| Untracked 
| 118|0x0000000087600000, 0x0000000087700000, 0x0000000087700000|100%| O|  |TAMS 0x0000000087700000, 0x0000000087600000| Untracked 
| 119|0x0000000087700000, 0x0000000087800000, 0x0000000087800000|100%| O|  |TAMS 0x0000000087800000, 0x0000000087700000| Untracked 
| 120|0x0000000087800000, 0x0000000087900000, 0x0000000087900000|100%| O|  |TAMS 0x0000000087900000, 0x0000000087800000| Untracked 
| 121|0x0000000087900000, 0x0000000087a00000, 0x0000000087a00000|100%| O|  |TAMS 0x0000000087a00000, 0x0000000087900000| Untracked 
| 122|0x0000000087a00000, 0x0000000087b00000, 0x0000000087b00000|100%| O|  |TAMS 0x0000000087b00000, 0x0000000087a00000| Untracked 
| 123|0x0000000087b00000, 0x0000000087c00000, 0x0000000087c00000|100%| O|  |TAMS 0x0000000087c00000, 0x0000000087b00000| Untracked 
| 124|0x0000000087c00000, 0x0000000087d00000, 0x0000000087d00000|100%| O|  |TAMS 0x0000000087d00000, 0x0000000087c00000| Untracked 
| 125|0x0000000087d00000, 0x0000000087e00000, 0x0000000087e00000|100%| O|  |TAMS 0x0000000087e00000, 0x0000000087d00000| Untracked 
| 126|0x0000000087e00000, 0x0000000087f00000, 0x0000000087f00000|100%| O|  |TAMS 0x0000000087f00000, 0x0000000087e00000| Untracked 
| 127|0x0000000087f00000, 0x0000000088000000, 0x0000000088000000|100%| O|  |TAMS 0x0000000088000000, 0x0000000087f00000| Untracked 
| 128|0x0000000088000000, 0x0000000088100000, 0x0000000088100000|100%| O|  |TAMS 0x0000000088100000, 0x0000000088000000| Untracked 
| 129|0x0000000088100000, 0x0000000088200000, 0x0000000088200000|100%| O|  |TAMS 0x0000000088200000, 0x0000000088100000| Untracked 
| 130|0x0000000088200000, 0x0000000088300000, 0x0000000088300000|100%| O|  |TAMS 0x0000000088200000, 0x0000000088200000| Untracked 
| 131|0x0000000088300000, 0x0000000088300000, 0x0000000088400000|  0%| F|  |TAMS 0x0000000088300000, 0x0000000088300000| Untracked 
| 132|0x0000000088400000, 0x0000000088500000, 0x0000000088500000|100%| O|  |TAMS 0x0000000088500000, 0x0000000088400000| Untracked 
| 133|0x0000000088500000, 0x0000000088600000, 0x0000000088600000|100%| O|  |TAMS 0x0000000088600000, 0x0000000088500000| Untracked 
| 134|0x0000000088600000, 0x0000000088700000, 0x0000000088700000|100%| O|  |TAMS 0x0000000088700000, 0x0000000088600000| Untracked 
| 135|0x0000000088700000, 0x0000000088800000, 0x0000000088800000|100%| O|  |TAMS 0x0000000088800000, 0x0000000088700000| Untracked 
| 136|0x0000000088800000, 0x0000000088900000, 0x0000000088900000|100%| O|  |TAMS 0x0000000088900000, 0x0000000088800000| Untracked 
| 137|0x0000000088900000, 0x0000000088a00000, 0x0000000088a00000|100%| O|  |TAMS 0x0000000088a00000, 0x0000000088900000| Untracked 
| 138|0x0000000088a00000, 0x0000000088b00000, 0x0000000088b00000|100%| O|  |TAMS 0x0000000088b00000, 0x0000000088a00000| Untracked 
| 139|0x0000000088b00000, 0x0000000088c00000, 0x0000000088c00000|100%| O|  |TAMS 0x0000000088c00000, 0x0000000088b00000| Untracked 
| 140|0x0000000088c00000, 0x0000000088d00000, 0x0000000088d00000|100%| O|  |TAMS 0x0000000088cabc00, 0x0000000088c00000| Untracked 
| 141|0x0000000088d00000, 0x0000000088e00000, 0x0000000088e00000|100%| O|  |TAMS 0x0000000088d00000, 0x0000000088d00000| Untracked 
| 142|0x0000000088e00000, 0x0000000088f00000, 0x0000000088f00000|100%| O|  |TAMS 0x0000000088e00000, 0x0000000088e00000| Untracked 
| 143|0x0000000088f00000, 0x0000000089000000, 0x0000000089000000|100%| O|  |TAMS 0x0000000088f00000, 0x0000000088f00000| Untracked 
| 144|0x0000000089000000, 0x0000000089100000, 0x0000000089100000|100%| O|  |TAMS 0x0000000089000000, 0x0000000089000000| Untracked 
| 145|0x0000000089100000, 0x0000000089200000, 0x0000000089200000|100%| O|  |TAMS 0x0000000089100000, 0x0000000089100000| Untracked 
| 146|0x0000000089200000, 0x0000000089300000, 0x0000000089300000|100%| O|  |TAMS 0x0000000089200000, 0x0000000089200000| Untracked 
| 147|0x0000000089300000, 0x0000000089400000, 0x0000000089400000|100%| O|  |TAMS 0x0000000089300000, 0x0000000089300000| Untracked 
| 148|0x0000000089400000, 0x0000000089500000, 0x0000000089500000|100%| O|  |TAMS 0x0000000089400000, 0x0000000089400000| Untracked 
| 149|0x0000000089500000, 0x0000000089600000, 0x0000000089600000|100%| O|  |TAMS 0x0000000089500000, 0x0000000089500000| Untracked 
| 150|0x0000000089600000, 0x0000000089700000, 0x0000000089700000|100%| O|  |TAMS 0x0000000089600000, 0x0000000089600000| Untracked 
| 151|0x0000000089700000, 0x0000000089736000, 0x0000000089800000| 21%| O|  |TAMS 0x0000000089700000, 0x0000000089700000| Untracked 
| 152|0x0000000089800000, 0x0000000089800000, 0x0000000089900000|  0%| F|  |TAMS 0x0000000089800000, 0x0000000089800000| Untracked 
| 153|0x0000000089900000, 0x0000000089900000, 0x0000000089a00000|  0%| F|  |TAMS 0x0000000089900000, 0x0000000089900000| Untracked 
| 154|0x0000000089a00000, 0x0000000089a00000, 0x0000000089b00000|  0%| F|  |TAMS 0x0000000089a00000, 0x0000000089a00000| Untracked 
| 155|0x0000000089b00000, 0x0000000089b00000, 0x0000000089c00000|  0%| F|  |TAMS 0x0000000089b00000, 0x0000000089b00000| Untracked 
| 156|0x0000000089c00000, 0x0000000089c00000, 0x0000000089d00000|  0%| F|  |TAMS 0x0000000089c00000, 0x0000000089c00000| Untracked 
| 157|0x0000000089d00000, 0x0000000089d00000, 0x0000000089e00000|  0%| F|  |TAMS 0x0000000089d00000, 0x0000000089d00000| Untracked 
| 158|0x0000000089e00000, 0x0000000089e00000, 0x0000000089f00000|  0%| F|  |TAMS 0x0000000089e00000, 0x0000000089e00000| Untracked 
| 159|0x0000000089f00000, 0x0000000089f00000, 0x000000008a000000|  0%| F|  |TAMS 0x0000000089f00000, 0x0000000089f00000| Untracked 
| 160|0x000000008a000000, 0x000000008a000000, 0x000000008a100000|  0%| F|  |TAMS 0x000000008a000000, 0x000000008a000000| Untracked 
| 161|0x000000008a100000, 0x000000008a100000, 0x000000008a200000|  0%| F|  |TAMS 0x000000008a100000, 0x000000008a100000| Untracked 
| 162|0x000000008a200000, 0x000000008a200000, 0x000000008a300000|  0%| F|  |TAMS 0x000000008a200000, 0x000000008a200000| Untracked 
| 163|0x000000008a300000, 0x000000008a300000, 0x000000008a400000|  0%| F|  |TAMS 0x000000008a300000, 0x000000008a300000| Untracked 
| 164|0x000000008a400000, 0x000000008a400000, 0x000000008a500000|  0%| F|  |TAMS 0x000000008a400000, 0x000000008a400000| Untracked 
| 165|0x000000008a500000, 0x000000008a500000, 0x000000008a600000|  0%| F|  |TAMS 0x000000008a500000, 0x000000008a500000| Untracked 
| 166|0x000000008a600000, 0x000000008a600000, 0x000000008a700000|  0%| F|  |TAMS 0x000000008a600000, 0x000000008a600000| Untracked 
| 167|0x000000008a700000, 0x000000008a700000, 0x000000008a800000|  0%| F|  |TAMS 0x000000008a700000, 0x000000008a700000| Untracked 
| 168|0x000000008a800000, 0x000000008a800000, 0x000000008a900000|  0%| F|  |TAMS 0x000000008a800000, 0x000000008a800000| Untracked 
| 169|0x000000008a900000, 0x000000008a900000, 0x000000008aa00000|  0%| F|  |TAMS 0x000000008a900000, 0x000000008a900000| Untracked 
| 170|0x000000008aa00000, 0x000000008aa00000, 0x000000008ab00000|  0%| F|  |TAMS 0x000000008aa00000, 0x000000008aa00000| Untracked 
| 171|0x000000008ab00000, 0x000000008ab00000, 0x000000008ac00000|  0%| F|  |TAMS 0x000000008ab00000, 0x000000008ab00000| Untracked 
| 172|0x000000008ac00000, 0x000000008ac00000, 0x000000008ad00000|  0%| F|  |TAMS 0x000000008ac00000, 0x000000008ac00000| Untracked 
| 173|0x000000008ad00000, 0x000000008ad00000, 0x000000008ae00000|  0%| F|  |TAMS 0x000000008ad00000, 0x000000008ad00000| Untracked 
| 174|0x000000008ae00000, 0x000000008ae00000, 0x000000008af00000|  0%| F|  |TAMS 0x000000008ae00000, 0x000000008ae00000| Untracked 
| 175|0x000000008af00000, 0x000000008af00000, 0x000000008b000000|  0%| F|  |TAMS 0x000000008af00000, 0x000000008af00000| Untracked 
| 176|0x000000008b000000, 0x000000008b000000, 0x000000008b100000|  0%| F|  |TAMS 0x000000008b000000, 0x000000008b000000| Untracked 
| 177|0x000000008b100000, 0x000000008b100000, 0x000000008b200000|  0%| F|  |TAMS 0x000000008b100000, 0x000000008b100000| Untracked 
| 178|0x000000008b200000, 0x000000008b200000, 0x000000008b300000|  0%| F|  |TAMS 0x000000008b200000, 0x000000008b200000| Untracked 
| 179|0x000000008b300000, 0x000000008b300000, 0x000000008b400000|  0%| F|  |TAMS 0x000000008b300000, 0x000000008b300000| Untracked 
| 180|0x000000008b400000, 0x000000008b400000, 0x000000008b500000|  0%| F|  |TAMS 0x000000008b400000, 0x000000008b400000| Untracked 
| 181|0x000000008b500000, 0x000000008b500000, 0x000000008b600000|  0%| F|  |TAMS 0x000000008b500000, 0x000000008b500000| Untracked 
| 182|0x000000008b600000, 0x000000008b600000, 0x000000008b700000|  0%| F|  |TAMS 0x000000008b600000, 0x000000008b600000| Untracked 
| 183|0x000000008b700000, 0x000000008b700000, 0x000000008b800000|  0%| F|  |TAMS 0x000000008b700000, 0x000000008b700000| Untracked 
| 184|0x000000008b800000, 0x000000008b800000, 0x000000008b900000|  0%| F|  |TAMS 0x000000008b800000, 0x000000008b800000| Untracked 
| 185|0x000000008b900000, 0x000000008b900000, 0x000000008ba00000|  0%| F|  |TAMS 0x000000008b900000, 0x000000008b900000| Untracked 
| 186|0x000000008ba00000, 0x000000008ba00000, 0x000000008bb00000|  0%| F|  |TAMS 0x000000008ba00000, 0x000000008ba00000| Untracked 
| 187|0x000000008bb00000, 0x000000008bb00000, 0x000000008bc00000|  0%| F|  |TAMS 0x000000008bb00000, 0x000000008bb00000| Untracked 
| 188|0x000000008bc00000, 0x000000008bc00000, 0x000000008bd00000|  0%| F|  |TAMS 0x000000008bc00000, 0x000000008bc00000| Untracked 
| 189|0x000000008bd00000, 0x000000008bd00000, 0x000000008be00000|  0%| F|  |TAMS 0x000000008bd00000, 0x000000008bd00000| Untracked 
| 190|0x000000008be00000, 0x000000008be00000, 0x000000008bf00000|  0%| F|  |TAMS 0x000000008be00000, 0x000000008be00000| Untracked 
| 191|0x000000008bf00000, 0x000000008bf00000, 0x000000008c000000|  0%| F|  |TAMS 0x000000008bf00000, 0x000000008bf00000| Untracked 
| 192|0x000000008c000000, 0x000000008c000000, 0x000000008c100000|  0%| F|  |TAMS 0x000000008c000000, 0x000000008c000000| Untracked 
| 193|0x000000008c100000, 0x000000008c100000, 0x000000008c200000|  0%| F|  |TAMS 0x000000008c100000, 0x000000008c100000| Untracked 
| 194|0x000000008c200000, 0x000000008c200000, 0x000000008c300000|  0%| F|  |TAMS 0x000000008c200000, 0x000000008c200000| Untracked 
| 195|0x000000008c300000, 0x000000008c300000, 0x000000008c400000|  0%| F|  |TAMS 0x000000008c300000, 0x000000008c300000| Untracked 
| 196|0x000000008c400000, 0x000000008c400000, 0x000000008c500000|  0%| F|  |TAMS 0x000000008c400000, 0x000000008c400000| Untracked 
| 197|0x000000008c500000, 0x000000008c500000, 0x000000008c600000|  0%| F|  |TAMS 0x000000008c500000, 0x000000008c500000| Untracked 
| 198|0x000000008c600000, 0x000000008c600000, 0x000000008c700000|  0%| F|  |TAMS 0x000000008c600000, 0x000000008c600000| Untracked 
| 199|0x000000008c700000, 0x000000008c700000, 0x000000008c800000|  0%| F|  |TAMS 0x000000008c700000, 0x000000008c700000| Untracked 
| 200|0x000000008c800000, 0x000000008c800000, 0x000000008c900000|  0%| F|  |TAMS 0x000000008c800000, 0x000000008c800000| Untracked 
| 201|0x000000008c900000, 0x000000008c900000, 0x000000008ca00000|  0%| F|  |TAMS 0x000000008c900000, 0x000000008c900000| Untracked 
| 202|0x000000008ca00000, 0x000000008ca00000, 0x000000008cb00000|  0%| F|  |TAMS 0x000000008ca00000, 0x000000008ca00000| Untracked 
| 203|0x000000008cb00000, 0x000000008cb00000, 0x000000008cc00000|  0%| F|  |TAMS 0x000000008cb00000, 0x000000008cb00000| Untracked 
| 204|0x000000008cc00000, 0x000000008cc00000, 0x000000008cd00000|  0%| F|  |TAMS 0x000000008cc00000, 0x000000008cc00000| Untracked 
| 205|0x000000008cd00000, 0x000000008cd00000, 0x000000008ce00000|  0%| F|  |TAMS 0x000000008cd00000, 0x000000008cd00000| Untracked 
| 206|0x000000008ce00000, 0x000000008ce00000, 0x000000008cf00000|  0%| F|  |TAMS 0x000000008ce00000, 0x000000008ce00000| Untracked 
| 207|0x000000008cf00000, 0x000000008cf00000, 0x000000008d000000|  0%| F|  |TAMS 0x000000008cf00000, 0x000000008cf00000| Untracked 
| 208|0x000000008d000000, 0x000000008d000000, 0x000000008d100000|  0%| F|  |TAMS 0x000000008d000000, 0x000000008d000000| Untracked 
| 209|0x000000008d100000, 0x000000008d100000, 0x000000008d200000|  0%| F|  |TAMS 0x000000008d100000, 0x000000008d100000| Untracked 
| 210|0x000000008d200000, 0x000000008d200000, 0x000000008d300000|  0%| F|  |TAMS 0x000000008d200000, 0x000000008d200000| Untracked 
| 211|0x000000008d300000, 0x000000008d300000, 0x000000008d400000|  0%| F|  |TAMS 0x000000008d300000, 0x000000008d300000| Untracked 
| 212|0x000000008d400000, 0x000000008d400000, 0x000000008d500000|  0%| F|  |TAMS 0x000000008d400000, 0x000000008d400000| Untracked 
| 213|0x000000008d500000, 0x000000008d500000, 0x000000008d600000|  0%| F|  |TAMS 0x000000008d500000, 0x000000008d500000| Untracked 
| 214|0x000000008d600000, 0x000000008d600000, 0x000000008d700000|  0%| F|  |TAMS 0x000000008d600000, 0x000000008d600000| Untracked 
| 215|0x000000008d700000, 0x000000008d700000, 0x000000008d800000|  0%| F|  |TAMS 0x000000008d700000, 0x000000008d700000| Untracked 
| 216|0x000000008d800000, 0x000000008d800000, 0x000000008d900000|  0%| F|  |TAMS 0x000000008d800000, 0x000000008d800000| Untracked 
| 217|0x000000008d900000, 0x000000008d900000, 0x000000008da00000|  0%| F|  |TAMS 0x000000008d900000, 0x000000008d900000| Untracked 
| 218|0x000000008da00000, 0x000000008da00000, 0x000000008db00000|  0%| F|  |TAMS 0x000000008da00000, 0x000000008da00000| Untracked 
| 219|0x000000008db00000, 0x000000008db00000, 0x000000008dc00000|  0%| F|  |TAMS 0x000000008db00000, 0x000000008db00000| Untracked 
| 220|0x000000008dc00000, 0x000000008dc00000, 0x000000008dd00000|  0%| F|  |TAMS 0x000000008dc00000, 0x000000008dc00000| Untracked 
| 221|0x000000008dd00000, 0x000000008dd00000, 0x000000008de00000|  0%| F|  |TAMS 0x000000008dd00000, 0x000000008dd00000| Untracked 
| 222|0x000000008de00000, 0x000000008de00000, 0x000000008df00000|  0%| F|  |TAMS 0x000000008de00000, 0x000000008de00000| Untracked 
| 223|0x000000008df00000, 0x000000008df00000, 0x000000008e000000|  0%| F|  |TAMS 0x000000008df00000, 0x000000008df00000| Untracked 
| 224|0x000000008e000000, 0x000000008e000000, 0x000000008e100000|  0%| F|  |TAMS 0x000000008e000000, 0x000000008e000000| Untracked 
| 225|0x000000008e100000, 0x000000008e100000, 0x000000008e200000|  0%| F|  |TAMS 0x000000008e100000, 0x000000008e100000| Untracked 
| 226|0x000000008e200000, 0x000000008e200000, 0x000000008e300000|  0%| F|  |TAMS 0x000000008e200000, 0x000000008e200000| Untracked 
| 227|0x000000008e300000, 0x000000008e400000, 0x000000008e400000|100%| E|  |TAMS 0x000000008e300000, 0x000000008e300000| Complete 
| 228|0x000000008e400000, 0x000000008e500000, 0x000000008e500000|100%| E|CS|TAMS 0x000000008e400000, 0x000000008e400000| Complete 
| 229|0x000000008e500000, 0x000000008e600000, 0x000000008e600000|100%| E|CS|TAMS 0x000000008e500000, 0x000000008e500000| Complete 
| 230|0x000000008e600000, 0x000000008e700000, 0x000000008e700000|100%| E|CS|TAMS 0x000000008e600000, 0x000000008e600000| Complete 
| 231|0x000000008e700000, 0x000000008e800000, 0x000000008e800000|100%| E|CS|TAMS 0x000000008e700000, 0x000000008e700000| Complete 
| 232|0x000000008e800000, 0x000000008e900000, 0x000000008e900000|100%| E|CS|TAMS 0x000000008e800000, 0x000000008e800000| Complete 
| 233|0x000000008e900000, 0x000000008ea00000, 0x000000008ea00000|100%| E|CS|TAMS 0x000000008e900000, 0x000000008e900000| Complete 
| 234|0x000000008ea00000, 0x000000008eb00000, 0x000000008eb00000|100%| E|CS|TAMS 0x000000008ea00000, 0x000000008ea00000| Complete 
| 235|0x000000008eb00000, 0x000000008ec00000, 0x000000008ec00000|100%| E|CS|TAMS 0x000000008eb00000, 0x000000008eb00000| Complete 
| 236|0x000000008ec00000, 0x000000008ed00000, 0x000000008ed00000|100%| E|CS|TAMS 0x000000008ec00000, 0x000000008ec00000| Complete 
| 237|0x000000008ed00000, 0x000000008ee00000, 0x000000008ee00000|100%| E|CS|TAMS 0x000000008ed00000, 0x000000008ed00000| Complete 
| 238|0x000000008ee00000, 0x000000008ef00000, 0x000000008ef00000|100%| E|CS|TAMS 0x000000008ee00000, 0x000000008ee00000| Complete 
| 239|0x000000008ef00000, 0x000000008f000000, 0x000000008f000000|100%| E|CS|TAMS 0x000000008ef00000, 0x000000008ef00000| Complete 
| 240|0x000000008f000000, 0x000000008f100000, 0x000000008f100000|100%| E|CS|TAMS 0x000000008f000000, 0x000000008f000000| Complete 
| 241|0x000000008f100000, 0x000000008f200000, 0x000000008f200000|100%| E|CS|TAMS 0x000000008f100000, 0x000000008f100000| Complete 
| 242|0x000000008f200000, 0x000000008f27d2f0, 0x000000008f300000| 48%| S|CS|TAMS 0x000000008f200000, 0x000000008f200000| Complete 
| 243|0x000000008f300000, 0x000000008f400000, 0x000000008f400000|100%| S|CS|TAMS 0x000000008f300000, 0x000000008f300000| Complete 
| 244|0x000000008f400000, 0x000000008f500000, 0x000000008f500000|100%| E|CS|TAMS 0x000000008f400000, 0x000000008f400000| Complete 
| 245|0x000000008f500000, 0x000000008f600000, 0x000000008f600000|100%| E|CS|TAMS 0x000000008f500000, 0x000000008f500000| Complete 
| 246|0x000000008f600000, 0x000000008f700000, 0x000000008f700000|100%| E|CS|TAMS 0x000000008f600000, 0x000000008f600000| Complete 
| 247|0x000000008f700000, 0x000000008f800000, 0x000000008f800000|100%| E|CS|TAMS 0x000000008f700000, 0x000000008f700000| Complete 
| 248|0x000000008f800000, 0x000000008f900000, 0x000000008f900000|100%| E|CS|TAMS 0x000000008f800000, 0x000000008f800000| Complete 
| 255|0x000000008ff00000, 0x0000000090000000, 0x0000000090000000|100%| E|CS|TAMS 0x000000008ff00000, 0x000000008ff00000| Complete 

Card table byte_map: [0x000002a71b4e0000,0x000002a71b8e0000] _byte_map_base: 0x000002a71b0e0000

Marking Bits (Prev, Next): (CMBitMap*) 0x000002a702aa08a0, (CMBitMap*) 0x000002a702aa08e0
 Prev Bits: [0x000002a71bce0000, 0x000002a71dce0000)
 Next Bits: [0x000002a71dce0000, 0x000002a71fce0000)

Polling page: 0x000002a702b20000

Metaspace:

Usage:
  Non-class:     79.86 MB used.
      Class:     12.77 MB used.
       Both:     92.63 MB used.

Virtual space:
  Non-class space:       88.00 MB reserved,      80.62 MB ( 92%) committed,  11 nodes.
      Class space:      412.00 MB reserved,      13.44 MB (  3%) committed,  1 nodes.
             Both:      500.00 MB reserved,      94.06 MB ( 19%) committed. 

Chunk freelists:
   Non-Class:  3.08 MB
       Class:  2.58 MB
        Both:  5.66 MB

MaxMetaspaceSize: 512.00 MB
CompressedClassSpaceSize: 412.00 MB
Initial GC threshold: 21.00 MB
Current GC threshold: 153.69 MB
CDS: on
MetaspaceReclaimPolicy: balanced
 - commit_granule_bytes: 65536.
 - commit_granule_words: 8192.
 - virtual_space_node_default_size: 1048576.
 - enlarge_chunks_in_place: 1.
 - new_chunks_are_fully_committed: 0.
 - uncommit_free_chunks: 1.
 - use_allocation_guard: 0.
 - handle_deallocations: 1.


Internal statistics:

num_allocs_failed_limit: 6.
num_arena_births: 1556.
num_arena_deaths: 0.
num_vsnodes_births: 12.
num_vsnodes_deaths: 0.
num_space_committed: 1505.
num_space_uncommitted: 0.
num_chunks_returned_to_freelist: 6.
num_chunks_taken_from_freelist: 5887.
num_chunk_merges: 6.
num_chunk_splits: 3743.
num_chunks_enlarged: 2298.
num_purges: 0.
num_inconsistent_stats: 0.

CodeHeap 'non-profiled nmethods': size=120000Kb used=8694Kb max_used=8694Kb free=111305Kb
 bounds [0x000002a713570000, 0x000002a713e00000, 0x000002a71aaa0000]
CodeHeap 'profiled nmethods': size=120000Kb used=24123Kb max_used=25406Kb free=95876Kb
 bounds [0x000002a70baa0000, 0x000002a70d380000, 0x000002a712fd0000]
CodeHeap 'non-nmethods': size=5760Kb used=2406Kb max_used=2492Kb free=3353Kb
 bounds [0x000002a712fd0000, 0x000002a713260000, 0x000002a713570000]
 total_blobs=12829 nmethods=11886 adapters=855
 compilation: enabled
              stopped_count=0, restarted_count=0
 full_count=0

Compilation events (20 events):
Event: 665.454 Thread 0x000002a722d2e570 nmethod 14156 0x000002a70cacf910 code [0x000002a70cacfb80, 0x000002a70cad0848]
Event: 665.454 Thread 0x000002a722d2e570 14157       3       com.google.gson.internal.$Gson$Types$ParameterizedTypeImpl::getActualTypeArguments (11 bytes)
Event: 665.455 Thread 0x000002a722d2e570 nmethod 14157 0x000002a70c380590 code [0x000002a70c380740, 0x000002a70c380a28]
Event: 665.455 Thread 0x000002a722d2e570 14158       3       com.google.gson.internal.$Gson$Types::checkNotPrimitive (26 bytes)
Event: 665.455 Thread 0x000002a722d2e570 nmethod 14158 0x000002a70c519c90 code [0x000002a70c519e60, 0x000002a70c51a368]
Event: 665.457 Thread 0x000002a722d2e570 14159       1       org.gradle.api.internal.provider.AbstractProperty$FinalizedValue::maybeFinalizeOnRead (2 bytes)
Event: 665.458 Thread 0x000002a722d2e570 nmethod 14159 0x000002a713b61a10 code [0x000002a713b61ba0, 0x000002a713b61c78]
Event: 665.458 Thread 0x000002a722d2e570 14160       3       com.google.gson.internal.bind.TypeAdapters::newFactory (10 bytes)
Event: 665.458 Thread 0x000002a722d2e570 nmethod 14160 0x000002a70c393a10 code [0x000002a70c393bc0, 0x000002a70c393e78]
Event: 665.571 Thread 0x000002a722d2e570 14162       3       java.security.Provider$ServiceKey::equals (53 bytes)
Event: 665.571 Thread 0x000002a722d2e570 nmethod 14162 0x000002a70c5af810 code [0x000002a70c5af9e0, 0x000002a70c5afeb8]
Event: 665.572 Thread 0x000002a722347c70 14163       4       java.lang.reflect.AccessibleObject::checkCanSetAccessible (368 bytes)
Event: 665.593 Thread 0x000002a722d2e570 14164       3       com.google.gson.stream.JsonWriter::beforeName (47 bytes)
Event: 665.593 Thread 0x000002a722d2e570 nmethod 14164 0x000002a70c518b10 code [0x000002a70c518d20, 0x000002a70c5192d8]
Event: 665.593 Thread 0x000002a722d2e570 14165       3       com.google.gson.internal.bind.ReflectiveTypeAdapterFactory$1::writeField (29 bytes)
Event: 665.593 Thread 0x000002a722d2e570 nmethod 14165 0x000002a70c641f90 code [0x000002a70c642180, 0x000002a70c642578]
Event: 665.594 Thread 0x000002a722d2e570 14166       3       com.google.gson.stream.JsonWriter::name (53 bytes)
Event: 665.594 Thread 0x000002a722d2e570 nmethod 14166 0x000002a70c5ed210 code [0x000002a70c5ed400, 0x000002a70c5ed8a8]
Event: 665.594 Thread 0x000002a722d2e570 14167       3       com.google.gson.internal.bind.ReflectiveTypeAdapterFactory$1::write (55 bytes)
Event: 665.594 Thread 0x000002a722d2e570 nmethod 14167 0x000002a70c4f6b90 code [0x000002a70c4f6da0, 0x000002a70c4f74e8]

GC Heap History (20 events):
Event: 613.809 GC heap before
{Heap before GC invocations=70 (full 0):
 garbage-first heap   total 201728K, used 122455K [0x0000000080000000, 0x0000000100000000)
  region size 1024K, 9 young (9216K), 4 survivors (4096K)
 Metaspace       used 85770K, committed 86976K, reserved 503808K
  class space    used 11803K, committed 12352K, reserved 421888K
}
Event: 613.818 GC heap after
{Heap after GC invocations=71 (full 0):
 garbage-first heap   total 201728K, used 119403K [0x0000000080000000, 0x0000000100000000)
  region size 1024K, 2 young (2048K), 2 survivors (2048K)
 Metaspace       used 85770K, committed 86976K, reserved 503808K
  class space    used 11803K, committed 12352K, reserved 421888K
}
Event: 628.017 GC heap before
{Heap before GC invocations=71 (full 0):
 garbage-first heap   total 201728K, used 159339K [0x0000000080000000, 0x0000000100000000)
  region size 1024K, 41 young (41984K), 2 survivors (2048K)
 Metaspace       used 86207K, committed 87424K, reserved 503808K
  class space    used 11866K, committed 12416K, reserved 421888K
}
Event: 628.026 GC heap after
{Heap after GC invocations=72 (full 0):
 garbage-first heap   total 201728K, used 126209K [0x0000000080000000, 0x0000000100000000)
  region size 1024K, 6 young (6144K), 6 survivors (6144K)
 Metaspace       used 86207K, committed 87424K, reserved 503808K
  class space    used 11866K, committed 12416K, reserved 421888K
}
Event: 637.483 GC heap before
{Heap before GC invocations=73 (full 0):
 garbage-first heap   total 219136K, used 160001K [0x0000000080000000, 0x0000000100000000)
  region size 1024K, 40 young (40960K), 6 survivors (6144K)
 Metaspace       used 86721K, committed 88064K, reserved 503808K
  class space    used 11942K, committed 12544K, reserved 421888K
}
Event: 637.497 GC heap after
{Heap after GC invocations=74 (full 0):
 garbage-first heap   total 219136K, used 132352K [0x0000000080000000, 0x0000000100000000)
  region size 1024K, 5 young (5120K), 5 survivors (5120K)
 Metaspace       used 86721K, committed 88064K, reserved 503808K
  class space    used 11942K, committed 12544K, reserved 421888K
}
Event: 640.471 GC heap before
{Heap before GC invocations=74 (full 0):
 garbage-first heap   total 219136K, used 137472K [0x0000000080000000, 0x0000000100000000)
  region size 1024K, 10 young (10240K), 5 survivors (5120K)
 Metaspace       used 86827K, committed 88256K, reserved 503808K
  class space    used 11960K, committed 12608K, reserved 421888K
}
Event: 640.482 GC heap after
{Heap after GC invocations=75 (full 0):
 garbage-first heap   total 219136K, used 133662K [0x0000000080000000, 0x0000000100000000)
  region size 1024K, 2 young (2048K), 2 survivors (2048K)
 Metaspace       used 86827K, committed 88256K, reserved 503808K
  class space    used 11960K, committed 12608K, reserved 421888K
}
Event: 649.493 GC heap before
{Heap before GC invocations=75 (full 0):
 garbage-first heap   total 219136K, used 174622K [0x0000000080000000, 0x0000000100000000)
  region size 1024K, 42 young (43008K), 2 survivors (2048K)
 Metaspace       used 88628K, committed 90112K, reserved 503808K
  class space    used 12213K, committed 12864K, reserved 421888K
}
Event: 649.502 GC heap after
{Heap after GC invocations=76 (full 0):
 garbage-first heap   total 219136K, used 138320K [0x0000000080000000, 0x0000000100000000)
  region size 1024K, 6 young (6144K), 6 survivors (6144K)
 Metaspace       used 88628K, committed 90112K, reserved 503808K
  class space    used 12213K, committed 12864K, reserved 421888K
}
Event: 655.461 GC heap before
{Heap before GC invocations=77 (full 0):
 garbage-first heap   total 234496K, used 177232K [0x0000000080000000, 0x0000000100000000)
  region size 1024K, 44 young (45056K), 6 survivors (6144K)
 Metaspace       used 90205K, committed 91648K, reserved 503808K
  class space    used 12460K, committed 13120K, reserved 421888K
}
Event: 655.472 GC heap after
{Heap after GC invocations=78 (full 0):
 garbage-first heap   total 234496K, used 142801K [0x0000000080000000, 0x0000000100000000)
  region size 1024K, 5 young (5120K), 5 survivors (5120K)
 Metaspace       used 90205K, committed 91648K, reserved 503808K
  class space    used 12460K, committed 13120K, reserved 421888K
}
Event: 655.693 GC heap before
{Heap before GC invocations=78 (full 0):
 garbage-first heap   total 234496K, used 148945K [0x0000000080000000, 0x0000000100000000)
  region size 1024K, 11 young (11264K), 5 survivors (5120K)
 Metaspace       used 90295K, committed 91776K, reserved 503808K
  class space    used 12472K, committed 13184K, reserved 421888K
}
Event: 655.701 GC heap after
{Heap after GC invocations=79 (full 0):
 garbage-first heap   total 234496K, used 143460K [0x0000000080000000, 0x0000000100000000)
  region size 1024K, 2 young (2048K), 2 survivors (2048K)
 Metaspace       used 90295K, committed 91776K, reserved 503808K
  class space    used 12472K, committed 13184K, reserved 421888K
}
Event: 659.564 GC heap before
{Heap before GC invocations=79 (full 0):
 garbage-first heap   total 234496K, used 190564K [0x0000000080000000, 0x0000000100000000)
  region size 1024K, 48 young (49152K), 2 survivors (2048K)
 Metaspace       used 92765K, committed 94272K, reserved 503808K
  class space    used 12804K, committed 13504K, reserved 421888K
}
Event: 659.571 GC heap after
{Heap after GC invocations=80 (full 0):
 garbage-first heap   total 234496K, used 147753K [0x0000000080000000, 0x0000000100000000)
  region size 1024K, 6 young (6144K), 6 survivors (6144K)
 Metaspace       used 92765K, committed 94272K, reserved 503808K
  class space    used 12804K, committed 13504K, reserved 421888K
}
Event: 663.345 GC heap before
{Heap before GC invocations=81 (full 0):
 garbage-first heap   total 256000K, used 190761K [0x0000000080000000, 0x0000000100000000)
  region size 1024K, 48 young (49152K), 6 survivors (6144K)
 Metaspace       used 93934K, committed 95488K, reserved 512000K
  class space    used 12968K, committed 13696K, reserved 421888K
}
Event: 663.357 GC heap after
{Heap after GC invocations=82 (full 0):
 garbage-first heap   total 256000K, used 153037K [0x0000000080000000, 0x0000000100000000)
  region size 1024K, 6 young (6144K), 6 survivors (6144K)
 Metaspace       used 93934K, committed 95488K, reserved 512000K
  class space    used 12968K, committed 13696K, reserved 421888K
}
Event: 663.700 GC heap before
{Heap before GC invocations=82 (full 0):
 garbage-first heap   total 256000K, used 159181K [0x0000000080000000, 0x0000000100000000)
  region size 1024K, 12 young (12288K), 6 survivors (6144K)
 Metaspace       used 94099K, committed 95616K, reserved 512000K
  class space    used 12991K, committed 13696K, reserved 421888K
}
Event: 663.709 GC heap after
{Heap after GC invocations=83 (full 0):
 garbage-first heap   total 256000K, used 154316K [0x0000000080000000, 0x0000000100000000)
  region size 1024K, 2 young (2048K), 2 survivors (2048K)
 Metaspace       used 94099K, committed 95616K, reserved 512000K
  class space    used 12991K, committed 13696K, reserved 421888K
}

Deoptimization events (20 events):
Event: 663.698 Thread 0x000002a7246c4290 Uncommon trap: trap_request=0xffffff45 fr.pc=0x000002a7136fdd6c relative=0x000000000000052c
Event: 663.698 Thread 0x000002a7246c4290 Uncommon trap: reason=unstable_if action=reinterpret pc=0x000002a7136fdd6c method=java.lang.StringLatin1.regionMatchesCI([BI[BII)Z @ 72 c2
Event: 663.699 Thread 0x000002a7246c4290 DEOPT PACKING pc=0x000002a7136fdd6c sp=0x000000d3682f2860
Event: 663.699 Thread 0x000002a7246c4290 DEOPT UNPACKING pc=0x000002a7130223a3 sp=0x000000d3682f26d0 mode 2
Event: 663.717 Thread 0x000002a7246c4290 Uncommon trap: trap_request=0xffffffbe fr.pc=0x000002a713b7a0dc relative=0x000000000000033c
Event: 663.717 Thread 0x000002a7246c4290 Uncommon trap: reason=profile_predicate action=maybe_recompile pc=0x000002a713b7a0dc method=java.util.regex.Pattern$Slice.match(Ljava/util/regex/Matcher;ILjava/lang/CharSequence;)Z @ 18 c2
Event: 663.717 Thread 0x000002a7246c4290 DEOPT PACKING pc=0x000002a713b7a0dc sp=0x000000d3682f5dd0
Event: 663.717 Thread 0x000002a7246c4290 DEOPT UNPACKING pc=0x000002a7130223a3 sp=0x000000d3682f5d40 mode 2
Event: 663.717 Thread 0x000002a7246c4290 Uncommon trap: trap_request=0xffffffbe fr.pc=0x000002a713b7a0dc relative=0x000000000000033c
Event: 663.717 Thread 0x000002a7246c4290 Uncommon trap: reason=profile_predicate action=maybe_recompile pc=0x000002a713b7a0dc method=java.util.regex.Pattern$Slice.match(Ljava/util/regex/Matcher;ILjava/lang/CharSequence;)Z @ 18 c2
Event: 663.717 Thread 0x000002a7246c4290 DEOPT PACKING pc=0x000002a713b7a0dc sp=0x000000d3682f5dd0
Event: 663.717 Thread 0x000002a7246c4290 DEOPT UNPACKING pc=0x000002a7130223a3 sp=0x000000d3682f5d40 mode 2
Event: 663.717 Thread 0x000002a7246c4290 Uncommon trap: trap_request=0xffffffbe fr.pc=0x000002a713b7a0dc relative=0x000000000000033c
Event: 663.717 Thread 0x000002a7246c4290 Uncommon trap: reason=profile_predicate action=maybe_recompile pc=0x000002a713b7a0dc method=java.util.regex.Pattern$Slice.match(Ljava/util/regex/Matcher;ILjava/lang/CharSequence;)Z @ 18 c2
Event: 663.717 Thread 0x000002a7246c4290 DEOPT PACKING pc=0x000002a713b7a0dc sp=0x000000d3682f5dd0
Event: 663.717 Thread 0x000002a7246c4290 DEOPT UNPACKING pc=0x000002a7130223a3 sp=0x000000d3682f5d40 mode 2
Event: 665.449 Thread 0x000002a7246c4290 Uncommon trap: trap_request=0xffffffbe fr.pc=0x000002a713b7a0dc relative=0x000000000000033c
Event: 665.449 Thread 0x000002a7246c4290 Uncommon trap: reason=profile_predicate action=maybe_recompile pc=0x000002a713b7a0dc method=java.util.regex.Pattern$Slice.match(Ljava/util/regex/Matcher;ILjava/lang/CharSequence;)Z @ 18 c2
Event: 665.449 Thread 0x000002a7246c4290 DEOPT PACKING pc=0x000002a713b7a0dc sp=0x000000d3682f5f10
Event: 665.449 Thread 0x000002a7246c4290 DEOPT UNPACKING pc=0x000002a7130223a3 sp=0x000000d3682f5e80 mode 2

Classes unloaded (0 events):
No events

Classes redefined (0 events):
No events

Internal exceptions (20 events):
Event: 664.892 Thread 0x000002a7246c4290 Exception <a 'java/lang/ClassNotFoundException'{0x000000008ea1c7a0}: com/android/build/gradle/internal/lint/AndroidLintTextOutputTask_DecoratedCustomizer> (0x000000008ea1c7a0) 
thrown [s\open\src\hotspot\share\classfile\systemDictionary.cpp, line 256]
Event: 665.061 Thread 0x000002a7246c4290 Exception <a 'java/lang/ClassNotFoundException'{0x000000008e824420}: com/android/build/gradle/internal/tasks/DependencyReportTask_DecoratedBeanInfo> (0x000000008e824420) 
thrown [s\open\src\hotspot\share\classfile\systemDictionary.cpp, line 256]
Event: 665.062 Thread 0x000002a7246c4290 Exception <a 'java/lang/ClassNotFoundException'{0x000000008e8346c8}: com/android/build/gradle/internal/tasks/DependencyReportTaskBeanInfo> (0x000000008e8346c8) 
thrown [s\open\src\hotspot\share\classfile\systemDictionary.cpp, line 256]
Event: 665.063 Thread 0x000002a7246c4290 Exception <a 'java/lang/ClassNotFoundException'{0x000000008e844940}: com/android/build/gradle/internal/tasks/DependencyReportTaskCustomizer> (0x000000008e844940) 
thrown [s\open\src\hotspot\share\classfile\systemDictionary.cpp, line 256]
Event: 665.067 Thread 0x000002a7246c4290 Exception <a 'java/lang/ClassNotFoundException'{0x000000008e8674b0}: com/android/build/gradle/internal/tasks/DependencyReportTask_DecoratedCustomizer> (0x000000008e8674b0) 
thrown [s\open\src\hotspot\share\classfile\systemDictionary.cpp, line 256]
Event: 665.235 Thread 0x000002a7246c4290 Exception <a 'java/lang/ClassNotFoundException'{0x000000008e78b6a8}: com/android/build/gradle/internal/tasks/SigningReportTask_DecoratedBeanInfo> (0x000000008e78b6a8) 
thrown [s\open\src\hotspot\share\classfile\systemDictionary.cpp, line 256]
Event: 665.236 Thread 0x000002a7246c4290 Exception <a 'java/lang/ClassNotFoundException'{0x000000008e79b938}: com/android/build/gradle/internal/tasks/SigningReportTaskBeanInfo> (0x000000008e79b938) 
thrown [s\open\src\hotspot\share\classfile\systemDictionary.cpp, line 256]
Event: 665.238 Thread 0x000002a7246c4290 Exception <a 'java/lang/ClassNotFoundException'{0x000000008e7abba8}: com/android/build/gradle/internal/tasks/SigningReportTaskCustomizer> (0x000000008e7abba8) 
thrown [s\open\src\hotspot\share\classfile\systemDictionary.cpp, line 256]
Event: 665.239 Thread 0x000002a7246c4290 Exception <a 'java/lang/ClassNotFoundException'{0x000000008e7caf18}: com/android/build/gradle/internal/tasks/SigningReportTask_DecoratedCustomizer> (0x000000008e7caf18) 
thrown [s\open\src\hotspot\share\classfile\systemDictionary.cpp, line 256]
Event: 665.279 Thread 0x000002a7246c4290 Exception <a 'java/lang/ClassNotFoundException'{0x000000008e6ac738}: com/android/build/gradle/tasks/AnalyzeDependenciesTask_DecoratedBeanInfo> (0x000000008e6ac738) 
thrown [s\open\src\hotspot\share\classfile\systemDictionary.cpp, line 256]
Event: 665.279 Thread 0x000002a7246c4290 Exception <a 'java/lang/ClassNotFoundException'{0x000000008e6bc8a0}: com/android/build/gradle/tasks/AnalyzeDependenciesTaskBeanInfo> (0x000000008e6bc8a0) 
thrown [s\open\src\hotspot\share\classfile\systemDictionary.cpp, line 256]
Event: 665.280 Thread 0x000002a7246c4290 Exception <a 'java/lang/ClassNotFoundException'{0x000000008e6cca18}: com/android/build/gradle/tasks/AnalyzeDependenciesTaskCustomizer> (0x000000008e6cca18) 
thrown [s\open\src\hotspot\share\classfile\systemDictionary.cpp, line 256]
Event: 665.282 Thread 0x000002a7246c4290 Exception <a 'java/lang/ClassNotFoundException'{0x000000008e6f5eb0}: com/android/build/gradle/tasks/AnalyzeDependenciesTask_DecoratedCustomizer> (0x000000008e6f5eb0) 
thrown [s\open\src\hotspot\share\classfile\systemDictionary.cpp, line 256]
Event: 665.439 Thread 0x000002a7246c4290 Exception <a 'java/lang/ClassNotFoundException'{0x000000008e44a3d8}: com/android/build/gradle/internal/tasks/CheckJetifierTask_DecoratedBeanInfo> (0x000000008e44a3d8) 
thrown [s\open\src\hotspot\share\classfile\systemDictionary.cpp, line 256]
Event: 665.440 Thread 0x000002a7246c4290 Exception <a 'java/lang/ClassNotFoundException'{0x000000008e45a668}: com/android/build/gradle/internal/tasks/CheckJetifierTaskBeanInfo> (0x000000008e45a668) 
thrown [s\open\src\hotspot\share\classfile\systemDictionary.cpp, line 256]
Event: 665.441 Thread 0x000002a7246c4290 Exception <a 'java/lang/ClassNotFoundException'{0x000000008e46a960}: com/android/build/gradle/internal/tasks/NonIncrementalGlobalTaskBeanInfo> (0x000000008e46a960) 
thrown [s\open\src\hotspot\share\classfile\systemDictionary.cpp, line 256]
Event: 665.441 Thread 0x000002a7246c4290 Exception <a 'java/lang/ClassNotFoundException'{0x000000008e47ac70}: com/android/build/gradle/internal/tasks/NonIncrementalGlobalTaskCustomizer> (0x000000008e47ac70) 
thrown [s\open\src\hotspot\share\classfile\systemDictionary.cpp, line 256]
Event: 665.443 Thread 0x000002a7246c4290 Exception <a 'java/lang/ClassNotFoundException'{0x000000008e49a708}: com/android/build/gradle/internal/tasks/CheckJetifierTaskCustomizer> (0x000000008e49a708) 
thrown [s\open\src\hotspot\share\classfile\systemDictionary.cpp, line 256]
Event: 665.444 Thread 0x000002a7246c4290 Exception <a 'java/lang/ClassNotFoundException'{0x000000008e4bbed8}: com/android/build/gradle/internal/tasks/CheckJetifierTask_DecoratedCustomizer> (0x000000008e4bbed8) 
thrown [s\open\src\hotspot\share\classfile\systemDictionary.cpp, line 256]
Event: 665.456 Thread 0x000002a7246c4290 Exception <a 'sun/nio/fs/WindowsException'{0x000000008e3379d0}> (0x000000008e3379d0) 
thrown [s\open\src\hotspot\share\prims\jni.cpp, line 516]

VM Operations (20 events):
Event: 659.449 Executing VM operation: Cleanup
Event: 659.467 Executing VM operation: Cleanup done
Event: 659.564 Executing VM operation: G1CollectForAllocation
Event: 659.572 Executing VM operation: G1CollectForAllocation done
Event: 660.015 Executing VM operation: G1Concurrent
Event: 660.023 Executing VM operation: G1Concurrent done
Event: 660.226 Executing VM operation: G1Concurrent
Event: 660.226 Executing VM operation: G1Concurrent done
Event: 661.232 Executing VM operation: Cleanup
Event: 661.232 Executing VM operation: Cleanup done
Event: 662.246 Executing VM operation: Cleanup
Event: 662.263 Executing VM operation: Cleanup done
Event: 663.277 Executing VM operation: Cleanup
Event: 663.338 Executing VM operation: Cleanup done
Event: 663.345 Executing VM operation: G1CollectForAllocation
Event: 663.357 Executing VM operation: G1CollectForAllocation done
Event: 663.700 Executing VM operation: G1CollectForAllocation
Event: 663.709 Executing VM operation: G1CollectForAllocation done
Event: 664.723 Executing VM operation: Cleanup
Event: 664.754 Executing VM operation: Cleanup done

Events (20 events):
Event: 658.463 Thread 0x000002a722d3d640 flushing nmethod 0x000002a70cf82110
Event: 658.463 Thread 0x000002a722d3d640 flushing nmethod 0x000002a70cf85690
Event: 658.463 Thread 0x000002a722d3d640 flushing nmethod 0x000002a70cf88990
Event: 658.463 Thread 0x000002a722d3d640 flushing nmethod 0x000002a70cf91890
Event: 658.463 Thread 0x000002a722d3d640 flushing nmethod 0x000002a70cfe7510
Event: 658.464 Thread 0x000002a722d3d640 flushing nmethod 0x000002a70d100c10
Event: 658.465 Thread 0x000002a722d3d640 flushing nmethod 0x000002a70d237e90
Event: 658.465 Thread 0x000002a722d3d640 flushing nmethod 0x000002a70d276610
Event: 658.465 Thread 0x000002a722d3d640 flushing nmethod 0x000002a70d29e890
Event: 658.465 Thread 0x000002a722d3d640 flushing nmethod 0x000002a70d305d10
Event: 665.229 loading class java/security/cert/CertificateEncodingException
Event: 665.229 loading class java/security/cert/CertificateEncodingException done
Event: 665.240 loading class java/security/InvalidKeyException
Event: 665.240 loading class java/security/KeyException
Event: 665.240 loading class java/security/KeyException done
Event: 665.240 loading class java/security/InvalidKeyException done
Event: 665.240 loading class java/security/NoSuchProviderException
Event: 665.240 loading class java/security/NoSuchProviderException done
Event: 665.240 loading class java/security/SignatureException
Event: 665.240 loading class java/security/SignatureException done


Dynamic libraries:
0x00007ff649ef0000 - 0x00007ff649f00000 	C:\Program Files\Java\jdk-17\bin\java.exe
0x00007ffa90ab0000 - 0x00007ffa90ca8000 	C:\Windows\SYSTEM32\ntdll.dll
0x00007ffa8eeb0000 - 0x00007ffa8ef6f000 	C:\Windows\System32\KERNEL32.DLL
0x00007ffa8e320000 - 0x00007ffa8e616000 	C:\Windows\System32\KERNELBASE.dll
0x00007ffa8ea10000 - 0x00007ffa8eb10000 	C:\Windows\System32\ucrtbase.dll
0x00007ffa714f0000 - 0x00007ffa71509000 	C:\Program Files\Java\jdk-17\bin\jli.dll
0x00007ffa905c0000 - 0x00007ffa9066f000 	C:\Windows\System32\ADVAPI32.dll
0x00007ffa90690000 - 0x00007ffa9072e000 	C:\Windows\System32\msvcrt.dll
0x00007ffa909a0000 - 0x00007ffa90a3c000 	C:\Windows\System32\sechost.dll
0x00007ffa8ebd0000 - 0x00007ffa8ecf6000 	C:\Windows\System32\RPCRT4.dll
0x00007ffa8ed00000 - 0x00007ffa8ee9d000 	C:\Windows\System32\USER32.dll
0x00007ffa8e950000 - 0x00007ffa8e972000 	C:\Windows\System32\win32u.dll
0x00007ffa8fd90000 - 0x00007ffa8fdbc000 	C:\Windows\System32\GDI32.dll
0x00007ffa8e670000 - 0x00007ffa8e785000 	C:\Windows\System32\gdi32full.dll
0x00007ffa8e8b0000 - 0x00007ffa8e94d000 	C:\Windows\System32\msvcp_win.dll
0x00007ffa69870000 - 0x00007ffa6988b000 	C:\Program Files\Java\jdk-17\bin\VCRUNTIME140.dll
0x00007ffa6a860000 - 0x00007ffa6aafa000 	C:\Windows\WinSxS\amd64_microsoft.windows.common-controls_6595b64144ccf1df_6.0.19041.1110_none_60b5254171f9507e\COMCTL32.dll
0x00007ffa85600000 - 0x00007ffa8560a000 	C:\Windows\SYSTEM32\VERSION.dll
0x00007ffa90a40000 - 0x00007ffa90a70000 	C:\Windows\System32\IMM32.DLL
0x00007ffa7f3a0000 - 0x00007ffa7f3ac000 	C:\Program Files\Java\jdk-17\bin\vcruntime140_1.dll
0x00007ffa5b930000 - 0x00007ffa5b9be000 	C:\Program Files\Java\jdk-17\bin\msvcp140.dll
0x00007ff9f6400000 - 0x00007ff9f6fdd000 	C:\Program Files\Java\jdk-17\bin\server\jvm.dll
0x00007ffa8eea0000 - 0x00007ffa8eea8000 	C:\Windows\System32\PSAPI.DLL
0x00007ffa7dea0000 - 0x00007ffa7dea9000 	C:\Windows\SYSTEM32\WSOCK32.dll
0x00007ffa8fcc0000 - 0x00007ffa8fd2b000 	C:\Windows\System32\WS2_32.dll
0x00007ffa62d90000 - 0x00007ffa62db7000 	C:\Windows\SYSTEM32\WINMM.dll
0x00007ffa8c9c0000 - 0x00007ffa8c9d2000 	C:\Windows\SYSTEM32\kernel.appcore.dll
0x00007ffa7ddb0000 - 0x00007ffa7ddba000 	C:\Program Files\Java\jdk-17\bin\jimage.dll
0x00007ffa88d90000 - 0x00007ffa88f74000 	C:\Windows\SYSTEM32\DBGHELP.DLL
0x00007ffa7c6a0000 - 0x00007ffa7c6d4000 	C:\Windows\SYSTEM32\dbgcore.DLL
0x00007ffa8e980000 - 0x00007ffa8ea02000 	C:\Windows\System32\bcryptPrimitives.dll
0x00007ffa66310000 - 0x00007ffa66335000 	C:\Program Files\Java\jdk-17\bin\java.dll
0x00007ffa58170000 - 0x00007ffa58247000 	C:\Program Files\Java\jdk-17\bin\jsvml.dll
0x00007ffa8fdc0000 - 0x00007ffa90504000 	C:\Windows\System32\SHELL32.dll
0x00007ffa8c040000 - 0x00007ffa8c7d3000 	C:\Windows\SYSTEM32\windows.storage.dll
0x00007ffa8eff0000 - 0x00007ffa8f344000 	C:\Windows\System32\combase.dll
0x00007ffa8db00000 - 0x00007ffa8db2e000 	C:\Windows\SYSTEM32\Wldp.dll
0x00007ffa8eb10000 - 0x00007ffa8ebbd000 	C:\Windows\System32\SHCORE.dll
0x00007ffa8fae0000 - 0x00007ffa8fb35000 	C:\Windows\System32\shlwapi.dll
0x00007ffa8e0c0000 - 0x00007ffa8e0e5000 	C:\Windows\SYSTEM32\profapi.dll
0x00007ffa67260000 - 0x00007ffa67279000 	C:\Program Files\Java\jdk-17\bin\net.dll
0x00007ffa83710000 - 0x00007ffa8381a000 	C:\Windows\SYSTEM32\WINHTTP.dll
0x00007ffa8d860000 - 0x00007ffa8d8ca000 	C:\Windows\system32\mswsock.dll
0x00007ffa66bf0000 - 0x00007ffa66c06000 	C:\Program Files\Java\jdk-17\bin\nio.dll
0x00007ffa666a0000 - 0x00007ffa666b8000 	C:\Program Files\Java\jdk-17\bin\zip.dll
0x00007ffa86230000 - 0x00007ffa86240000 	C:\Program Files\Java\jdk-17\bin\verify.dll
0x00007ffa7f460000 - 0x00007ffa7f487000 	C:\Users\ss\.gradle\native\e1d6ef7f7dcc3fd88c89a11ec53ec762bb8ba0a96d01ffa2cd45eb1d1d8dd5c5\windows-amd64\native-platform.dll
0x00007ffa51060000 - 0x00007ffa511a4000 	C:\Users\ss\.gradle\native\5664cfc778a61ccfe75a443a1ab52a65af34e5dc3c78e0209fed803814484fcb\windows-amd64\native-platform-file-events.dll
0x00007ffa86770000 - 0x00007ffa8677a000 	C:\Program Files\Java\jdk-17\bin\management.dll
0x00007ffa857e0000 - 0x00007ffa857eb000 	C:\Program Files\Java\jdk-17\bin\management_ext.dll
0x00007ffa8da50000 - 0x00007ffa8da68000 	C:\Windows\SYSTEM32\CRYPTSP.dll
0x00007ffa8d170000 - 0x00007ffa8d1a4000 	C:\Windows\system32\rsaenh.dll
0x00007ffa8e2f0000 - 0x00007ffa8e317000 	C:\Windows\System32\bcrypt.dll
0x00007ffa8e080000 - 0x00007ffa8e0ae000 	C:\Windows\SYSTEM32\USERENV.dll
0x00007ffa8da70000 - 0x00007ffa8da7c000 	C:\Windows\SYSTEM32\CRYPTBASE.dll
0x00007ffa8d550000 - 0x00007ffa8d58b000 	C:\Windows\SYSTEM32\IPHLPAPI.DLL
0x00007ffa8f350000 - 0x00007ffa8f358000 	C:\Windows\System32\NSI.dll
0x00007ffa83af0000 - 0x00007ffa83b07000 	C:\Windows\SYSTEM32\dhcpcsvc6.DLL
0x00007ffa843e0000 - 0x00007ffa843fd000 	C:\Windows\SYSTEM32\dhcpcsvc.DLL
0x00007ffa8d590000 - 0x00007ffa8d65a000 	C:\Windows\SYSTEM32\DNSAPI.dll
0x00007ffa857d0000 - 0x00007ffa857dd000 	C:\Program Files\Java\jdk-17\bin\sunmscapi.dll
0x00007ffa8e190000 - 0x00007ffa8e2ee000 	C:\Windows\System32\CRYPT32.dll
0x00007ffa8db70000 - 0x00007ffa8db98000 	C:\Windows\SYSTEM32\ncrypt.dll
0x00007ffa8db30000 - 0x00007ffa8db6b000 	C:\Windows\SYSTEM32\NTASN1.dll
0x00007ffa5bc40000 - 0x00007ffa5bc47000 	C:\Windows\system32\wshunix.dll

dbghelp: loaded successfully - version: 4.0.5 - missing functions: none
symbol engine: initialized successfully - sym options: 0x614 - pdb path: .;C:\Program Files\Java\jdk-17\bin;C:\Windows\SYSTEM32;C:\Windows\WinSxS\amd64_microsoft.windows.common-controls_6595b64144ccf1df_6.0.19041.1110_none_60b5254171f9507e;C:\Program Files\Java\jdk-17\bin\server;C:\Users\ss\.gradle\native\e1d6ef7f7dcc3fd88c89a11ec53ec762bb8ba0a96d01ffa2cd45eb1d1d8dd5c5\windows-amd64;C:\Users\ss\.gradle\native\5664cfc778a61ccfe75a443a1ab52a65af34e5dc3c78e0209fed803814484fcb\windows-amd64

VM Arguments:
jvm_args: -XX:MaxMetaspaceSize=512m --add-opens=java.base/java.util=ALL-UNNAMED --add-opens=java.base/java.lang=ALL-UNNAMED --add-opens=java.base/java.lang.invoke=ALL-UNNAMED --add-opens=java.base/java.util=ALL-UNNAMED --add-opens=java.prefs/java.util.prefs=ALL-UNNAMED --add-opens=java.prefs/java.util.prefs=ALL-UNNAMED --add-opens=java.base/java.nio.charset=ALL-UNNAMED --add-opens=java.base/java.net=ALL-UNNAMED --add-opens=java.base/java.util.concurrent.atomic=ALL-UNNAMED -Xmx2048m -Dfile.encoding=windows-1252 -Duser.country=IN -Duser.language=en -Duser.variant 
java_command: org.gradle.launcher.daemon.bootstrap.GradleDaemon 7.3.3
java_class_path (initial): C:\Users\ss\.gradle\wrapper\dists\gradle-7.3.3-all\4295vidhdd9hd3gbjyw1xqxpo\gradle-7.3.3\lib\gradle-launcher-7.3.3.jar
Launcher Type: SUN_STANDARD

[Global flags]
     intx CICompilerCount                          = 3                                         {product} {ergonomic}
   size_t CompressedClassSpaceSize                 = 432013312                                 {product} {ergonomic}
     uint ConcGCThreads                            = 1                                         {product} {ergonomic}
     uint G1ConcRefinementThreads                  = 4                                         {product} {ergonomic}
   size_t G1HeapRegionSize                         = 1048576                                   {product} {ergonomic}
    uintx GCDrainStackTargetSize                   = 64                                        {product} {ergonomic}
   size_t InitialHeapSize                          = 268435456                                 {product} {ergonomic}
   size_t MarkStackSize                            = 4194304                                   {product} {ergonomic}
   size_t MaxHeapSize                              = 2147483648                                {product} {command line}
   size_t MaxMetaspaceSize                         = 536870912                                 {product} {command line}
   size_t MaxNewSize                               = 1287651328                                {product} {ergonomic}
   size_t MinHeapDeltaBytes                        = 1048576                                   {product} {ergonomic}
   size_t MinHeapSize                              = 8388608                                   {product} {ergonomic}
    uintx NonNMethodCodeHeapSize                   = 5832780                                {pd product} {ergonomic}
    uintx NonProfiledCodeHeapSize                  = 122912730                              {pd product} {ergonomic}
    uintx ProfiledCodeHeapSize                     = 122912730                              {pd product} {ergonomic}
    uintx ReservedCodeCacheSize                    = 251658240                              {pd product} {ergonomic}
     bool SegmentedCodeCache                       = true                                      {product} {ergonomic}
   size_t SoftMaxHeapSize                          = 2147483648                             {manageable} {ergonomic}
     bool UseCompressedClassPointers               = true                           {product lp64_product} {ergonomic}
     bool UseCompressedOops                        = true                           {product lp64_product} {ergonomic}
     bool UseG1GC                                  = true                                      {product} {ergonomic}
     bool UseLargePagesIndividualAllocation        = false                                  {pd product} {ergonomic}

Logging:
Log output configuration:
 #0: stdout all=warning uptime,level,tags
 #1: stderr all=off uptime,level,tags

Environment Variables:
CLASSPATH=C:\Users\ss\Desktop\teachers-vision\android\\gradle\wrapper\gradle-wrapper.jar
PATH=C:\Users\ss\Desktop\teachers-vision\android\node_modules\.bin;C:\Users\ss\Desktop\teachers-vision\node_modules\.bin;C:\Users\ss\Desktop\node_modules\.bin;C:\Users\ss\node_modules\.bin;C:\Users\node_modules\.bin;C:\node_modules\.bin;C:\Program Files\nodejs;C:\Users\ss\Desktop\teachers-vision\node_modules\.bin;C:\Users\ss\Desktop\teachers-vision\node_modules\.bin;C:\Users\ss\Desktop\node_modules\.bin;C:\Users\ss\node_modules\.bin;C:\Users\node_modules\.bin;C:\node_modules\.bin;C:\Users\ss\AppData\Roaming\nvm\v16.16.0\node_modules\npm\node_modules\@npmcli\run-script\lib\node-gyp-bin;C:\Users\ss\Desktop\teachers-vision\node_modules\.bin;C:\Users\ss\Desktop\node_modules\.bin;C:\Users\ss\node_modules\.bin;C:\Users\node_modules\.bin;C:\node_modules\.bin;C:\Program Files\nodejs;C:\Users\ss\Desktop\teachers-vision\node_modules\.bin;C:\Users\ss\Desktop\teachers-vision\node_modules\.bin;C:\Users\ss\Desktop\node_modules\.bin;C:\Users\ss\node_modules\.bin;C:\Users\node_modules\.bin;C:\node_modules\.bin;C:\Users\ss\AppData\Roaming\nvm\v16.16.0\node_modules\npm\node_modules\@npmcli\run-script\lib\node-gyp-bin;C:\Program Files\Common Files\Oracle\Java\javapath;C:\Program Files (x86)\Common Files\Oracle\Java\javapath;C:\Program Files\Microsoft\jdk-11.0.18.10-hotspot\bin;C:\Program Files\Microsoft MPI\Bin\;C:\Windows\system32;C:\Windows;C:\Windows\System32\Wbem;C:\Windows\System32\WindowsPowerShell\v1.0\;C:\Windows\System32\OpenSSH\;C:\ProgramData\chocolatey\bin;C:\Users\ss\AppData\Local\Android\Sdk\platform-tools;C:\Program Files\Git\cmd;C:\Program Files\Microsoft SQL Server\150\Tools\Binn\;C:\Program Files (x86)\Microsoft SQL Server\160\Tools\Binn\;C:\Program Files\Microsoft SQL Server\160\Tools\Binn\;C:\Program Files\Microsoft SQL Server\Client SDK\ODBC\170\Tools\Binn\;C:\Program Files\Microsoft SQL Server\160\DTS\Binn\;C:\Program Files\dotnet\;C:\Program Files (x86)\dotnet\;C:\Program Files (x86)\Microsoft SQL Server\160\DTS\Binn\;C:\Program Files (x86)\Microsoft SQL Server\150
USERNAME=ss
LANG=en_US.UTF-8
OS=Windows_NT
PROCESSOR_IDENTIFIER=Intel64 Family 6 Model 142 Stepping 9, GenuineIntel



---------------  S Y S T E M  ---------------

OS:
 Windows 10 , 64 bit Build 19041 (10.0.19041.3155)
OS uptime: 1 days 1:59 hours

CPU: total 4 (initial active 4) (2 cores per cpu, 2 threads per core) family 6 model 142 stepping 9 microcode 0xb4, cx8, cmov, fxsr, ht, mmx, 3dnowpref, sse, sse2, sse3, ssse3, sse4.1, sse4.2, popcnt, lzcnt, tsc, tscinvbit, avx, avx2, aes, erms, clmul, bmi1, bmi2, adx, fma, vzeroupper, clflush, clflushopt

Memory: 4k page, system-wide physical 16263M (271M free)
TotalPageFile size 24272M (AvailPageFile size 59M)
current process WorkingSet (physical memory assigned to process): 504M, peak: 511M
current process commit charge ("private bytes"): 542M, peak: 548M

vm_info: Java HotSpot(TM) 64-Bit Server VM (17.0.7+8-LTS-224) for windows-amd64 JRE (17.0.7+8-LTS-224), built on Feb 28 2023 23:03:02 by "mach5one" with MS VC++ 17.1 (VS2022)

END.
