#
# There is insufficient memory for the Java Runtime Environment to continue.
# Native memory allocation (malloc) failed to allocate 427696 bytes for Chunk::new
# Possible reasons:
#   The system is out of physical RAM or swap space
#   The process is running with CompressedOops enabled, and the Java Heap may be blocking the growth of the native heap
# Possible solutions:
#   Reduce memory load on the system
#   Increase physical memory or swap space
#   Check if swap backing store is full
#   Decrease Java heap size (-Xmx/-Xms)
#   Decrease number of Java threads
#   Decrease Java thread stack sizes (-Xss)
#   Set larger code cache with -XX:ReservedCodeCacheSize=
#   JVM is running with Unscaled Compressed Oops mode in which the Java heap is
#     placed in the first 4GB address space. The Java Heap base address is the
#     maximum limit for the native heap growth. Please use -XX:HeapBaseMinAddress
#     to set the Java Heap base and to place the Java Heap above 4GB virtual address.
# This output file may be truncated or incomplete.
#
#  Out of Memory Error (arena.cpp:189), pid=26144, tid=26976
#
# JRE version: Java(TM) SE Runtime Environment (17.0.7+8) (build 17.0.7+8-LTS-224)
# Java VM: Java HotSpot(TM) 64-Bit Server VM (17.0.7+8-LTS-224, mixed mode, sharing, tiered, compressed oops, compressed class ptrs, g1 gc, windows-amd64)
# No core dump will be written. Minidumps are not enabled by default on client versions of Windows
#

---------------  S U M M A R Y ------------

Command Line: -XX:MaxMetaspaceSize=512m --add-opens=java.base/java.util=ALL-UNNAMED --add-opens=java.base/java.lang=ALL-UNNAMED --add-opens=java.base/java.lang.invoke=ALL-UNNAMED --add-opens=java.base/java.util=ALL-UNNAMED --add-opens=java.prefs/java.util.prefs=ALL-UNNAMED --add-opens=java.prefs/java.util.prefs=ALL-UNNAMED --add-opens=java.base/java.nio.charset=ALL-UNNAMED --add-opens=java.base/java.net=ALL-UNNAMED --add-opens=java.base/java.util.concurrent.atomic=ALL-UNNAMED -Xmx2048m -Dfile.encoding=windows-1252 -Duser.country=IN -Duser.language=en -Duser.variant org.gradle.launcher.daemon.bootstrap.GradleDaemon 7.3.3

Host: Intel(R) Core(TM) i5-7200U CPU @ 2.50GHz, 4 cores, 15G,  Windows 10 , 64 bit Build 19041 (10.0.19041.3393)
Time: Mon Sep 18 12:44:46 2023 India Standard Time elapsed time: 570.683249 seconds (0d 0h 9m 30s)

---------------  T H R E A D  ---------------

Current thread (0x000001db50978a10):  JavaThread "C2 CompilerThread0" daemon [_thread_in_native, id=26976, stack(0x00000006ce300000,0x00000006ce400000)]


Current CompileTask:
C2: 570683 9912       4       java.lang.reflect.Method::getTypeParameters (20 bytes)

Stack: [0x00000006ce300000,0x00000006ce400000]
Native frames: (J=compiled Java code, j=interpreted, Vv=VM code, C=native code)
V  [jvm.dll+0x676a4a]
V  [jvm.dll+0x7d74f4]
V  [jvm.dll+0x7d8c9e]
V  [jvm.dll+0x7d9303]
V  [jvm.dll+0x2452c5]
V  [jvm.dll+0xaaa2b]
V  [jvm.dll+0xaafcc]
V  [jvm.dll+0x2aac2f]
V  [jvm.dll+0x57f375]
V  [jvm.dll+0x2205f2]
V  [jvm.dll+0x2196cd]
V  [jvm.dll+0x216df9]
V  [jvm.dll+0x1a35e0]
V  [jvm.dll+0x226a6e]
V  [jvm.dll+0x224e15]
V  [jvm.dll+0x78d05c]
V  [jvm.dll+0x78759a]
V  [jvm.dll+0x675875]
C  [ucrtbase.dll+0x21bb2]
C  [KERNEL32.DLL+0x17344]
C  [ntdll.dll+0x526b1]


---------------  P R O C E S S  ---------------

Threads class SMR info:
_java_thread_list=0x000001db5a1984a0, length=85, elements={
0x000001db32ffab90, 0x000001db5095a7c0, 0x000001db5095b540, 0x000001db509741b0,
0x000001db50975be0, 0x000001db509774b0, 0x000001db50977d70, 0x000001db50978a10,
0x000001db514380c0, 0x000001db509ab5f0, 0x000001db5149d470, 0x000001db5149d940,
0x000001db51e21930, 0x000001db51e23140, 0x000001db51e21e00, 0x000001db51e222d0,
0x000001db51e227a0, 0x000001db51e20ac0, 0x000001db51e22c70, 0x000001db51e205f0,
0x000001db51e23ae0, 0x000001db51e20120, 0x000001db51e20f90, 0x000001db51e21460,
0x000001db52a90460, 0x000001db52a8ff90, 0x000001db52a964a0, 0x000001db52a92610,
0x000001db52a92ae0, 0x000001db52a95b00, 0x000001db52a92140, 0x000001db52a90930,
0x000001db52a8ec50, 0x000001db52a95fd0, 0x000001db52a947c0, 0x000001db52a95630,
0x000001db52a8f5f0, 0x000001db52a8fac0, 0x000001db52a912d0, 0x000001db52a91c70,
0x000001db55a74bb0, 0x000001db55a72a00, 0x000001db55a77bd0, 0x000001db55a780a0,
0x000001db55a77230, 0x000001db55a77700, 0x000001db55a78570, 0x000001db55a75ef0,
0x000001db55a78a40, 0x000001db55a78f10, 0x000001db55a72060, 0x000001db55a798b0,
0x000001db55a793e0, 0x000001db55a75080, 0x000001db55a74210, 0x000001db55a763c0,
0x000001db55a733a0, 0x000001db55a72530, 0x000001db55a72ed0, 0x000001db55a73870,
0x000001db55a73d40, 0x000001db55a75550, 0x000001db55a746e0, 0x000001db55a75a20,
0x000001db55a76890, 0x000001db55a76d60, 0x000001db538bf6e0, 0x000001db538bfbb0,
0x000001db538c2bd0, 0x000001db538c48b0, 0x000001db538c3f10, 0x000001db538bda00,
0x000001db538c1d60, 0x000001db538be3a0, 0x000001db538c0080, 0x000001db538c0550,
0x000001db538bd060, 0x000001db538bd530, 0x000001db538bded0, 0x000001db538bf210,
0x000001db51e23610, 0x000001db53bda3e0, 0x000001db53bd4d40, 0x000001db53bd7d60,
0x000001db53bda8b0
}

Java Threads: ( => current thread )
  0x000001db32ffab90 JavaThread "main" [_thread_blocked, id=26884, stack(0x00000006cd500000,0x00000006cd600000)]
  0x000001db5095a7c0 JavaThread "Reference Handler" daemon [_thread_blocked, id=26940, stack(0x00000006cdd00000,0x00000006cde00000)]
  0x000001db5095b540 JavaThread "Finalizer" daemon [_thread_blocked, id=26944, stack(0x00000006cde00000,0x00000006cdf00000)]
  0x000001db509741b0 JavaThread "Signal Dispatcher" daemon [_thread_blocked, id=26960, stack(0x00000006cdf00000,0x00000006ce000000)]
  0x000001db50975be0 JavaThread "Attach Listener" daemon [_thread_blocked, id=26964, stack(0x00000006ce000000,0x00000006ce100000)]
  0x000001db509774b0 JavaThread "Service Thread" daemon [_thread_blocked, id=26968, stack(0x00000006ce100000,0x00000006ce200000)]
  0x000001db50977d70 JavaThread "Monitor Deflation Thread" daemon [_thread_blocked, id=26972, stack(0x00000006ce200000,0x00000006ce300000)]
=>0x000001db50978a10 JavaThread "C2 CompilerThread0" daemon [_thread_in_native, id=26976, stack(0x00000006ce300000,0x00000006ce400000)]
  0x000001db514380c0 JavaThread "C1 CompilerThread0" daemon [_thread_blocked, id=26980, stack(0x00000006ce400000,0x00000006ce500000)]
  0x000001db509ab5f0 JavaThread "Sweeper thread" daemon [_thread_blocked, id=26996, stack(0x00000006ce500000,0x00000006ce600000)]
  0x000001db5149d470 JavaThread "Common-Cleaner" daemon [_thread_blocked, id=27048, stack(0x00000006ce600000,0x00000006ce700000)]
  0x000001db5149d940 JavaThread "Notification Thread" daemon [_thread_blocked, id=27064, stack(0x00000006ce700000,0x00000006ce800000)]
  0x000001db51e21930 JavaThread "Daemon health stats" [_thread_blocked, id=27552, stack(0x00000006ce900000,0x00000006cea00000)]
  0x000001db51e23140 JavaThread "Incoming local TCP Connector on port 51654" [_thread_in_native, id=19676, stack(0x00000006ced00000,0x00000006cee00000)]
  0x000001db51e21e00 JavaThread "Daemon periodic checks" [_thread_blocked, id=27260, stack(0x00000006cee00000,0x00000006cef00000)]
  0x000001db51e222d0 JavaThread "Daemon" [_thread_blocked, id=25904, stack(0x00000006cef00000,0x00000006cf000000)]
  0x000001db51e227a0 JavaThread "Handler for socket connection from /127.0.0.1:51654 to /127.0.0.1:51655" [_thread_in_native, id=23236, stack(0x00000006cf000000,0x00000006cf100000)]
  0x000001db51e20ac0 JavaThread "Cancel handler" [_thread_blocked, id=22448, stack(0x00000006cf100000,0x00000006cf200000)]
  0x000001db51e22c70 JavaThread "Daemon worker" [_thread_in_vm, id=22424, stack(0x00000006cf200000,0x00000006cf300000)]
  0x000001db51e205f0 JavaThread "Asynchronous log dispatcher for DefaultDaemonConnection: socket connection from /127.0.0.1:51654 to /127.0.0.1:51655" [_thread_blocked, id=26548, stack(0x00000006cf300000,0x00000006cf400000)]
  0x000001db51e23ae0 JavaThread "Stdin handler" [_thread_blocked, id=23176, stack(0x00000006cf400000,0x00000006cf500000)]
  0x000001db51e20120 JavaThread "Daemon client event forwarder" [_thread_blocked, id=21480, stack(0x00000006cf500000,0x00000006cf600000)]
  0x000001db51e20f90 JavaThread "Cache worker for journal cache (C:\Users\ss\.gradle\caches\journal-1)" [_thread_blocked, id=21436, stack(0x00000006cf600000,0x00000006cf700000)]
  0x000001db51e21460 JavaThread "File lock request listener" [_thread_in_native, id=23172, stack(0x00000006cf700000,0x00000006cf800000)]
  0x000001db52a90460 JavaThread "Cache worker for file hash cache (C:\Users\ss\.gradle\caches\7.3.3\fileHashes)" [_thread_blocked, id=6364, stack(0x00000006cf800000,0x00000006cf900000)]
  0x000001db52a8ff90 JavaThread "Cache worker for file hash cache (C:\Users\ss\Desktop\teachers-vision\android\.gradle\7.3.3\fileHashes)" [_thread_blocked, id=20800, stack(0x00000006cfa00000,0x00000006cfb00000)]
  0x000001db52a964a0 JavaThread "File watcher server" daemon [_thread_in_native, id=20748, stack(0x00000006cf900000,0x00000006cfa00000)]
  0x000001db52a92610 JavaThread "File watcher consumer" daemon [_thread_blocked, id=27508, stack(0x00000006cfb00000,0x00000006cfc00000)]
  0x000001db52a92ae0 JavaThread "Cache worker for checksums cache (C:\Users\ss\Desktop\teachers-vision\android\.gradle\7.3.3\checksums)" [_thread_blocked, id=18560, stack(0x00000006cfc00000,0x00000006cfd00000)]
  0x000001db52a95b00 JavaThread "Cache worker for cache directory md-supplier (C:\Users\ss\.gradle\caches\7.3.3\md-supplier)" [_thread_blocked, id=25608, stack(0x00000006cfd00000,0x00000006cfe00000)]
  0x000001db52a92140 JavaThread "Cache worker for cache directory md-rule (C:\Users\ss\.gradle\caches\7.3.3\md-rule)" [_thread_blocked, id=27088, stack(0x00000006cff00000,0x00000006d0000000)]
  0x000001db52a90930 JavaThread "Cache worker for execution history cache (C:\Users\ss\.gradle\caches\7.3.3\executionHistory)" [_thread_blocked, id=18640, stack(0x00000006d0000000,0x00000006d0100000)]
  0x000001db52a8ec50 JavaThread "jar transforms" [_thread_blocked, id=25888, stack(0x00000006d0200000,0x00000006d0300000)]
  0x000001db52a95fd0 JavaThread "jar transforms Thread 2" [_thread_blocked, id=24244, stack(0x00000006d0300000,0x00000006d0400000)]
  0x000001db52a947c0 JavaThread "Cache worker for file content cache (C:\Users\ss\.gradle\caches\7.3.3\fileContent)" [_thread_blocked, id=25164, stack(0x00000006d0100000,0x00000006d0200000)]
  0x000001db52a95630 JavaThread "jar transforms Thread 3" [_thread_blocked, id=25404, stack(0x00000006d0400000,0x00000006d0500000)]
  0x000001db52a8f5f0 JavaThread "jar transforms Thread 4" [_thread_blocked, id=26212, stack(0x00000006d0500000,0x00000006d0600000)]
  0x000001db52a8fac0 JavaThread "Cache worker for kotlin-dsl (C:\Users\ss\.gradle\caches\7.3.3\kotlin-dsl)" [_thread_blocked, id=24660, stack(0x00000006cd400000,0x00000006cd500000)]
  0x000001db52a912d0 JavaThread "Cache worker for dependencies-accessors (C:\Users\ss\Desktop\teachers-vision\android\.gradle\7.3.3\dependencies-accessors)" [_thread_blocked, id=28632, stack(0x00000006cfe00000,0x00000006cff00000)]
  0x000001db52a91c70 JavaThread "Cache worker for Build Output Cleanup Cache (C:\Users\ss\Desktop\teachers-vision\node_modules\react-native-gradle-plugin\.gradle\buildOutputCleanup)" [_thread_blocked, id=28664, stack(0x00000006d0600000,0x00000006d0700000)]
  0x000001db55a74bb0 JavaThread "Unconstrained build operations" [_thread_blocked, id=25844, stack(0x00000006d0800000,0x00000006d0900000)]
  0x000001db55a72a00 JavaThread "Unconstrained build operations Thread 2" [_thread_blocked, id=26536, stack(0x00000006d0900000,0x00000006d0a00000)]
  0x000001db55a77bd0 JavaThread "Unconstrained build operations Thread 3" [_thread_blocked, id=6888, stack(0x00000006d0a00000,0x00000006d0b00000)]
  0x000001db55a780a0 JavaThread "Unconstrained build operations Thread 4" [_thread_blocked, id=4384, stack(0x00000006d0b00000,0x00000006d0c00000)]
  0x000001db55a77230 JavaThread "Unconstrained build operations Thread 5" [_thread_blocked, id=18508, stack(0x00000006d0c00000,0x00000006d0d00000)]
  0x000001db55a77700 JavaThread "Unconstrained build operations Thread 6" [_thread_blocked, id=16448, stack(0x00000006d0d00000,0x00000006d0e00000)]
  0x000001db55a78570 JavaThread "Unconstrained build operations Thread 7" [_thread_blocked, id=22468, stack(0x00000006d0e00000,0x00000006d0f00000)]
  0x000001db55a75ef0 JavaThread "Unconstrained build operations Thread 8" [_thread_blocked, id=22708, stack(0x00000006d0f00000,0x00000006d1000000)]
  0x000001db55a78a40 JavaThread "Unconstrained build operations Thread 9" [_thread_blocked, id=25420, stack(0x00000006d1000000,0x00000006d1100000)]
  0x000001db55a78f10 JavaThread "Unconstrained build operations Thread 10" [_thread_blocked, id=24620, stack(0x00000006d1100000,0x00000006d1200000)]
  0x000001db55a72060 JavaThread "Unconstrained build operations Thread 11" [_thread_blocked, id=15572, stack(0x00000006d1200000,0x00000006d1300000)]
  0x000001db55a798b0 JavaThread "Unconstrained build operations Thread 12" [_thread_blocked, id=11636, stack(0x00000006d1300000,0x00000006d1400000)]
  0x000001db55a793e0 JavaThread "Unconstrained build operations Thread 13" [_thread_blocked, id=19172, stack(0x00000006d1400000,0x00000006d1500000)]
  0x000001db55a75080 JavaThread "Unconstrained build operations Thread 14" [_thread_blocked, id=19044, stack(0x00000006d1500000,0x00000006d1600000)]
  0x000001db55a74210 JavaThread "Unconstrained build operations Thread 15" [_thread_blocked, id=18880, stack(0x00000006d1600000,0x00000006d1700000)]
  0x000001db55a763c0 JavaThread "Unconstrained build operations Thread 16" [_thread_blocked, id=18784, stack(0x00000006d1700000,0x00000006d1800000)]
  0x000001db55a733a0 JavaThread "Unconstrained build operations Thread 17" [_thread_blocked, id=19108, stack(0x00000006d1800000,0x00000006d1900000)]
  0x000001db55a72530 JavaThread "Unconstrained build operations Thread 18" [_thread_blocked, id=1560, stack(0x00000006d1900000,0x00000006d1a00000)]
  0x000001db55a72ed0 JavaThread "Unconstrained build operations Thread 19" [_thread_blocked, id=23012, stack(0x00000006d1a00000,0x00000006d1b00000)]
  0x000001db55a73870 JavaThread "Unconstrained build operations Thread 20" [_thread_blocked, id=28380, stack(0x00000006d1b00000,0x00000006d1c00000)]
  0x000001db55a73d40 JavaThread "Unconstrained build operations Thread 21" [_thread_blocked, id=28276, stack(0x00000006d1c00000,0x00000006d1d00000)]
  0x000001db55a75550 JavaThread "Unconstrained build operations Thread 22" [_thread_blocked, id=25980, stack(0x00000006d1d00000,0x00000006d1e00000)]
  0x000001db55a746e0 JavaThread "Unconstrained build operations Thread 23" [_thread_blocked, id=27916, stack(0x00000006d1e00000,0x00000006d1f00000)]
  0x000001db55a75a20 JavaThread "Unconstrained build operations Thread 24" [_thread_blocked, id=10420, stack(0x00000006d1f00000,0x00000006d2000000)]
  0x000001db55a76890 JavaThread "Unconstrained build operations Thread 25" [_thread_blocked, id=26528, stack(0x00000006d2000000,0x00000006d2100000)]
  0x000001db55a76d60 JavaThread "Unconstrained build operations Thread 26" [_thread_blocked, id=23164, stack(0x00000006d2100000,0x00000006d2200000)]
  0x000001db538bf6e0 JavaThread "Unconstrained build operations Thread 27" [_thread_blocked, id=23476, stack(0x00000006d2200000,0x00000006d2300000)]
  0x000001db538bfbb0 JavaThread "Unconstrained build operations Thread 28" [_thread_blocked, id=26652, stack(0x00000006d2300000,0x00000006d2400000)]
  0x000001db538c2bd0 JavaThread "Unconstrained build operations Thread 29" [_thread_blocked, id=19040, stack(0x00000006d2400000,0x00000006d2500000)]
  0x000001db538c48b0 JavaThread "Unconstrained build operations Thread 30" [_thread_blocked, id=28136, stack(0x00000006d2500000,0x00000006d2600000)]
  0x000001db538c3f10 JavaThread "Unconstrained build operations Thread 31" [_thread_blocked, id=26856, stack(0x00000006d2600000,0x00000006d2700000)]
  0x000001db538bda00 JavaThread "Unconstrained build operations Thread 32" [_thread_blocked, id=13912, stack(0x00000006d2700000,0x00000006d2800000)]
  0x000001db538c1d60 JavaThread "Unconstrained build operations Thread 33" [_thread_blocked, id=22924, stack(0x00000006d2800000,0x00000006d2900000)]
  0x000001db538be3a0 JavaThread "build event listener" [_thread_blocked, id=26636, stack(0x00000006d2900000,0x00000006d2a00000)]
  0x000001db538c0080 JavaThread "Memory manager" [_thread_blocked, id=27380, stack(0x00000006d2a00000,0x00000006d2b00000)]
  0x000001db538c0550 JavaThread "Cache worker for Build Output Cleanup Cache (C:\Users\ss\Desktop\teachers-vision\android\.gradle\buildOutputCleanup)" [_thread_blocked, id=25532, stack(0x00000006d0700000,0x00000006d0800000)]
  0x000001db538bd060 JavaThread "Cache worker for execution history cache (C:\Users\ss\Desktop\teachers-vision\node_modules\react-native-gradle-plugin\.gradle\7.3.3\executionHistory)" [_thread_blocked, id=28468, stack(0x00000006d2b00000,0x00000006d2c00000)]
  0x000001db538bd530 JavaThread "Unconstrained build operations Thread 34" [_thread_blocked, id=25360, stack(0x00000006d3000000,0x00000006d3100000)]
  0x000001db538bded0 JavaThread "Unconstrained build operations Thread 35" [_thread_blocked, id=11344, stack(0x00000006d3100000,0x00000006d3200000)]
  0x000001db538bf210 JavaThread "Unconstrained build operations Thread 36" [_thread_blocked, id=24084, stack(0x00000006d3200000,0x00000006d3300000)]
  0x000001db51e23610 JavaThread "Unconstrained build operations Thread 37" [_thread_blocked, id=27436, stack(0x00000006d3300000,0x00000006d3400000)]
  0x000001db53bda3e0 JavaThread "Unconstrained build operations Thread 38" [_thread_blocked, id=16508, stack(0x00000006d3400000,0x00000006d3500000)]
  0x000001db53bd4d40 JavaThread "Unconstrained build operations Thread 39" [_thread_blocked, id=18744, stack(0x00000006d3500000,0x00000006d3600000)]
  0x000001db53bd7d60 JavaThread "Unconstrained build operations Thread 40" [_thread_blocked, id=25860, stack(0x00000006d3600000,0x00000006d3700000)]
  0x000001db53bda8b0 JavaThread "File lock release action executor Thread 4" [_thread_blocked, id=12328, stack(0x00000006cd600000,0x00000006cd700000)]

Other Threads:
  0x000001db50954920 VMThread "VM Thread" [stack: 0x00000006cdc00000,0x00000006cdd00000] [id=26928]
  0x000001db514a4250 WatcherThread [stack: 0x00000006ce800000,0x00000006ce900000] [id=27068]
  0x000001db33052d80 GCTaskThread "GC Thread#0" [stack: 0x00000006cd700000,0x00000006cd800000] [id=26904]
  0x000001db517f4980 GCTaskThread "GC Thread#1" [stack: 0x00000006cea00000,0x00000006ceb00000] [id=27584]
  0x000001db5164b660 GCTaskThread "GC Thread#2" [stack: 0x00000006ceb00000,0x00000006cec00000] [id=27588]
  0x000001db5164b910 GCTaskThread "GC Thread#3" [stack: 0x00000006cec00000,0x00000006ced00000] [id=27592]
  0x000001db33063bd0 ConcurrentGCThread "G1 Main Marker" [stack: 0x00000006cd800000,0x00000006cd900000] [id=26908]
  0x000001db330644f0 ConcurrentGCThread "G1 Conc#0" [stack: 0x00000006cd900000,0x00000006cda00000] [id=26912]
  0x000001db330ce260 ConcurrentGCThread "G1 Refine#0" [stack: 0x00000006cda00000,0x00000006cdb00000] [id=26916]
  0x000001db330ceb90 ConcurrentGCThread "G1 Service" [stack: 0x00000006cdb00000,0x00000006cdc00000] [id=26920]

Threads with active compile tasks:
C2 CompilerThread0   570725 9912       4       java.lang.reflect.Method::getTypeParameters (20 bytes)

VM state: not at safepoint (normal execution)

VM Mutex/Monitor currently owned by a thread: None

Heap address: 0x0000000080000000, size: 2048 MB, Compressed Oops mode: 32-bit

CDS archive(s) mapped at: [0x0000000800000000-0x0000000800bd0000-0x0000000800bd0000), size 12386304, SharedBaseAddress: 0x0000000800000000, ArchiveRelocationMode: 0.
Compressed class space mapped at: 0x0000000800c00000-0x000000081a800000, reserved size: 432013312
Narrow klass base: 0x0000000800000000, Narrow klass shift: 0, Narrow klass range: 0x100000000

GC Precious Log:
 CPUs: 4 total, 4 available
 Memory: 16263M
 Large Page Support: Disabled
 NUMA Support: Disabled
 Compressed Oops: Enabled (32-bit)
 Heap Region Size: 1M
 Heap Min Capacity: 8M
 Heap Initial Capacity: 256M
 Heap Max Capacity: 2G
 Pre-touch: Disabled
 Parallel Workers: 4
 Concurrent Workers: 1
 Concurrent Refinement Workers: 4
 Periodic GC: Disabled

Heap:
 garbage-first heap   total 245760K, used 102016K [0x0000000080000000, 0x0000000100000000)
  region size 1024K, 37 young (37888K), 14 survivors (14336K)
 Metaspace       used 72351K, committed 73152K, reserved 487424K
  class space    used 9762K, committed 10112K, reserved 421888K

Heap Regions: E=young(eden), S=young(survivor), O=old, HS=humongous(starts), HC=humongous(continues), CS=collection set, F=free, OA=open archive, CA=closed archive, TAMS=top-at-mark-start (previous, next)
|   0|0x0000000080000000, 0x0000000080100000, 0x0000000080100000|100%|HS|  |TAMS 0x0000000080100000, 0x0000000080000000| Complete 
|   1|0x0000000080100000, 0x0000000080200000, 0x0000000080200000|100%|HC|  |TAMS 0x0000000080200000, 0x0000000080100000| Complete 
|   2|0x0000000080200000, 0x0000000080300000, 0x0000000080300000|100%|HC|  |TAMS 0x0000000080300000, 0x0000000080200000| Complete 
|   3|0x0000000080300000, 0x0000000080400000, 0x0000000080400000|100%| O|  |TAMS 0x0000000080400000, 0x0000000080300000| Untracked 
|   4|0x0000000080400000, 0x0000000080500000, 0x0000000080500000|100%| O|  |TAMS 0x0000000080500000, 0x0000000080400000| Untracked 
|   5|0x0000000080500000, 0x0000000080600000, 0x0000000080600000|100%| O|  |TAMS 0x0000000080600000, 0x0000000080500000| Untracked 
|   6|0x0000000080600000, 0x0000000080700000, 0x0000000080700000|100%| O|  |TAMS 0x0000000080700000, 0x0000000080600000| Untracked 
|   7|0x0000000080700000, 0x0000000080800000, 0x0000000080800000|100%| O|  |TAMS 0x0000000080800000, 0x0000000080700000| Untracked 
|   8|0x0000000080800000, 0x0000000080900000, 0x0000000080900000|100%| O|  |TAMS 0x0000000080900000, 0x0000000080800000| Untracked 
|   9|0x0000000080900000, 0x0000000080a00000, 0x0000000080a00000|100%| O|  |TAMS 0x0000000080a00000, 0x0000000080900000| Untracked 
|  10|0x0000000080a00000, 0x0000000080ab1200, 0x0000000080b00000| 69%| O|  |TAMS 0x0000000080ab1200, 0x0000000080a00000| Untracked 
|  11|0x0000000080b00000, 0x0000000080c00000, 0x0000000080c00000|100%| O|  |TAMS 0x0000000080c00000, 0x0000000080b00000| Untracked 
|  12|0x0000000080c00000, 0x0000000080d00000, 0x0000000080d00000|100%| O|  |TAMS 0x0000000080d00000, 0x0000000080c00000| Untracked 
|  13|0x0000000080d00000, 0x0000000080e00000, 0x0000000080e00000|100%| O|  |TAMS 0x0000000080e00000, 0x0000000080d00000| Untracked 
|  14|0x0000000080e00000, 0x0000000080f00000, 0x0000000080f00000|100%| O|  |TAMS 0x0000000080f00000, 0x0000000080e00000| Untracked 
|  15|0x0000000080f00000, 0x0000000081000000, 0x0000000081000000|100%| O|  |TAMS 0x0000000081000000, 0x0000000080f00000| Untracked 
|  16|0x0000000081000000, 0x0000000081100000, 0x0000000081100000|100%| O|  |TAMS 0x0000000081100000, 0x0000000081000000| Untracked 
|  17|0x0000000081100000, 0x0000000081200000, 0x0000000081200000|100%| O|  |TAMS 0x0000000081200000, 0x0000000081100000| Untracked 
|  18|0x0000000081200000, 0x0000000081300000, 0x0000000081300000|100%| O|  |TAMS 0x0000000081300000, 0x0000000081200000| Untracked 
|  19|0x0000000081300000, 0x0000000081400000, 0x0000000081400000|100%| O|  |TAMS 0x0000000081400000, 0x0000000081300000| Untracked 
|  20|0x0000000081400000, 0x0000000081500000, 0x0000000081500000|100%| O|  |TAMS 0x0000000081500000, 0x0000000081400000| Untracked 
|  21|0x0000000081500000, 0x0000000081600000, 0x0000000081600000|100%| O|  |TAMS 0x0000000081600000, 0x0000000081500000| Untracked 
|  22|0x0000000081600000, 0x0000000081700000, 0x0000000081700000|100%| O|  |TAMS 0x0000000081700000, 0x0000000081600000| Untracked 
|  23|0x0000000081700000, 0x0000000081800000, 0x0000000081800000|100%| O|  |TAMS 0x0000000081800000, 0x0000000081700000| Untracked 
|  24|0x0000000081800000, 0x0000000081900000, 0x0000000081900000|100%| O|  |TAMS 0x0000000081900000, 0x0000000081800000| Untracked 
|  25|0x0000000081900000, 0x0000000081a00000, 0x0000000081a00000|100%| O|  |TAMS 0x0000000081a00000, 0x0000000081900000| Untracked 
|  26|0x0000000081a00000, 0x0000000081b00000, 0x0000000081b00000|100%| O|  |TAMS 0x0000000081b00000, 0x0000000081a00000| Untracked 
|  27|0x0000000081b00000, 0x0000000081c00000, 0x0000000081c00000|100%| O|  |TAMS 0x0000000081c00000, 0x0000000081b00000| Untracked 
|  28|0x0000000081c00000, 0x0000000081d00000, 0x0000000081d00000|100%| O|  |TAMS 0x0000000081d00000, 0x0000000081c00000| Untracked 
|  29|0x0000000081d00000, 0x0000000081e00000, 0x0000000081e00000|100%| O|  |TAMS 0x0000000081e00000, 0x0000000081d00000| Untracked 
|  30|0x0000000081e00000, 0x0000000081f00000, 0x0000000081f00000|100%| O|  |TAMS 0x0000000081f00000, 0x0000000081e00000| Untracked 
|  31|0x0000000081f00000, 0x0000000082000000, 0x0000000082000000|100%| O|  |TAMS 0x0000000082000000, 0x0000000081f00000| Untracked 
|  32|0x0000000082000000, 0x0000000082100000, 0x0000000082100000|100%| O|  |TAMS 0x0000000082100000, 0x0000000082000000| Untracked 
|  33|0x0000000082100000, 0x0000000082200000, 0x0000000082200000|100%| O|  |TAMS 0x0000000082200000, 0x0000000082100000| Untracked 
|  34|0x0000000082200000, 0x0000000082300000, 0x0000000082300000|100%| O|  |TAMS 0x0000000082300000, 0x0000000082200000| Untracked 
|  35|0x0000000082300000, 0x0000000082400000, 0x0000000082400000|100%| O|  |TAMS 0x0000000082400000, 0x0000000082300000| Untracked 
|  36|0x0000000082400000, 0x0000000082500000, 0x0000000082500000|100%|HS|  |TAMS 0x0000000082500000, 0x0000000082400000| Complete 
|  37|0x0000000082500000, 0x0000000082600000, 0x0000000082600000|100%| O|  |TAMS 0x0000000082600000, 0x0000000082500000| Untracked 
|  38|0x0000000082600000, 0x0000000082700000, 0x0000000082700000|100%|HS|  |TAMS 0x0000000082700000, 0x0000000082600000| Complete 
|  39|0x0000000082700000, 0x0000000082800000, 0x0000000082800000|100%|HC|  |TAMS 0x0000000082800000, 0x0000000082700000| Complete 
|  40|0x0000000082800000, 0x0000000082900000, 0x0000000082900000|100%|HC|  |TAMS 0x0000000082900000, 0x0000000082800000| Complete 
|  41|0x0000000082900000, 0x0000000082a00000, 0x0000000082a00000|100%| O|  |TAMS 0x0000000082a00000, 0x0000000082900000| Untracked 
|  42|0x0000000082a00000, 0x0000000082b00000, 0x0000000082b00000|100%| O|  |TAMS 0x0000000082b00000, 0x0000000082a00000| Untracked 
|  43|0x0000000082b00000, 0x0000000082c00000, 0x0000000082c00000|100%| O|  |TAMS 0x0000000082b00000, 0x0000000082b00000| Untracked 
|  44|0x0000000082c00000, 0x0000000082d00000, 0x0000000082d00000|100%| O|  |TAMS 0x0000000082d00000, 0x0000000082c00000| Untracked 
|  45|0x0000000082d00000, 0x0000000082e00000, 0x0000000082e00000|100%| O|  |TAMS 0x0000000082e00000, 0x0000000082d00000| Untracked 
|  46|0x0000000082e00000, 0x0000000082f00000, 0x0000000082f00000|100%| O|  |TAMS 0x0000000082f00000, 0x0000000082e00000| Untracked 
|  47|0x0000000082f00000, 0x0000000083000000, 0x0000000083000000|100%| O|  |TAMS 0x0000000083000000, 0x0000000082f00000| Untracked 
|  48|0x0000000083000000, 0x0000000083100000, 0x0000000083100000|100%| O|  |TAMS 0x0000000083100000, 0x0000000083000000| Untracked 
|  49|0x0000000083100000, 0x0000000083200000, 0x0000000083200000|100%| O|  |TAMS 0x0000000083200000, 0x0000000083100000| Untracked 
|  50|0x0000000083200000, 0x0000000083300000, 0x0000000083300000|100%| O|  |TAMS 0x0000000083300000, 0x0000000083200000| Untracked 
|  51|0x0000000083300000, 0x0000000083400000, 0x0000000083400000|100%| O|  |TAMS 0x0000000083400000, 0x0000000083300000| Untracked 
|  52|0x0000000083400000, 0x0000000083500000, 0x0000000083500000|100%|HS|  |TAMS 0x0000000083400000, 0x0000000083400000| Complete 
|  53|0x0000000083500000, 0x0000000083600000, 0x0000000083600000|100%| O|  |TAMS 0x00000000835db600, 0x0000000083500000| Untracked 
|  54|0x0000000083600000, 0x0000000083700000, 0x0000000083700000|100%| O|  |TAMS 0x0000000083600000, 0x0000000083600000| Untracked 
|  55|0x0000000083700000, 0x0000000083800000, 0x0000000083800000|100%| O|  |TAMS 0x0000000083700000, 0x0000000083700000| Untracked 
|  56|0x0000000083800000, 0x0000000083900000, 0x0000000083900000|100%| O|  |TAMS 0x0000000083800000, 0x0000000083800000| Untracked 
|  57|0x0000000083900000, 0x0000000083a00000, 0x0000000083a00000|100%| O|  |TAMS 0x0000000083900000, 0x0000000083900000| Untracked 
|  58|0x0000000083a00000, 0x0000000083b00000, 0x0000000083b00000|100%| O|  |TAMS 0x0000000083a00000, 0x0000000083a00000| Untracked 
|  59|0x0000000083b00000, 0x0000000083b62800, 0x0000000083c00000| 38%| O|  |TAMS 0x0000000083b00000, 0x0000000083b00000| Untracked 
|  60|0x0000000083c00000, 0x0000000083d00000, 0x0000000083d00000|100%|HS|  |TAMS 0x0000000083c00000, 0x0000000083c00000| Complete 
|  61|0x0000000083d00000, 0x0000000083e00000, 0x0000000083e00000|100%|HS|  |TAMS 0x0000000083d00000, 0x0000000083d00000| Complete 
|  62|0x0000000083e00000, 0x0000000083f00000, 0x0000000083f00000|100%|HS|  |TAMS 0x0000000083e00000, 0x0000000083e00000| Complete 
|  63|0x0000000083f00000, 0x0000000084000000, 0x0000000084000000|100%|HC|  |TAMS 0x0000000083f00000, 0x0000000083f00000| Complete 
|  64|0x0000000084000000, 0x0000000084100000, 0x0000000084100000|100%|HS|  |TAMS 0x0000000084000000, 0x0000000084000000| Complete 
|  65|0x0000000084100000, 0x0000000084100000, 0x0000000084200000|  0%| F|  |TAMS 0x0000000084100000, 0x0000000084100000| Untracked 
|  66|0x0000000084200000, 0x0000000084200000, 0x0000000084300000|  0%| F|  |TAMS 0x0000000084200000, 0x0000000084200000| Untracked 
|  67|0x0000000084300000, 0x0000000084300000, 0x0000000084400000|  0%| F|  |TAMS 0x0000000084300000, 0x0000000084300000| Untracked 
|  68|0x0000000084400000, 0x0000000084400000, 0x0000000084500000|  0%| F|  |TAMS 0x0000000084400000, 0x0000000084400000| Untracked 
|  69|0x0000000084500000, 0x0000000084500000, 0x0000000084600000|  0%| F|  |TAMS 0x0000000084500000, 0x0000000084500000| Untracked 
|  70|0x0000000084600000, 0x0000000084600000, 0x0000000084700000|  0%| F|  |TAMS 0x0000000084600000, 0x0000000084600000| Untracked 
|  71|0x0000000084700000, 0x0000000084700000, 0x0000000084800000|  0%| F|  |TAMS 0x0000000084700000, 0x0000000084700000| Untracked 
|  72|0x0000000084800000, 0x0000000084800000, 0x0000000084900000|  0%| F|  |TAMS 0x0000000084800000, 0x0000000084800000| Untracked 
|  73|0x0000000084900000, 0x0000000084900000, 0x0000000084a00000|  0%| F|  |TAMS 0x0000000084900000, 0x0000000084900000| Untracked 
|  74|0x0000000084a00000, 0x0000000084a00000, 0x0000000084b00000|  0%| F|  |TAMS 0x0000000084a00000, 0x0000000084a00000| Untracked 
|  75|0x0000000084b00000, 0x0000000084b00000, 0x0000000084c00000|  0%| F|  |TAMS 0x0000000084b00000, 0x0000000084b00000| Untracked 
|  76|0x0000000084c00000, 0x0000000084c00000, 0x0000000084d00000|  0%| F|  |TAMS 0x0000000084c00000, 0x0000000084c00000| Untracked 
|  77|0x0000000084d00000, 0x0000000084d00000, 0x0000000084e00000|  0%| F|  |TAMS 0x0000000084d00000, 0x0000000084d00000| Untracked 
|  78|0x0000000084e00000, 0x0000000084e00000, 0x0000000084f00000|  0%| F|  |TAMS 0x0000000084e00000, 0x0000000084e00000| Untracked 
|  79|0x0000000084f00000, 0x0000000084f00000, 0x0000000085000000|  0%| F|  |TAMS 0x0000000084f00000, 0x0000000084f00000| Untracked 
|  80|0x0000000085000000, 0x0000000085000000, 0x0000000085100000|  0%| F|  |TAMS 0x0000000085000000, 0x0000000085000000| Untracked 
|  81|0x0000000085100000, 0x0000000085100000, 0x0000000085200000|  0%| F|  |TAMS 0x0000000085100000, 0x0000000085100000| Untracked 
|  82|0x0000000085200000, 0x0000000085200000, 0x0000000085300000|  0%| F|  |TAMS 0x0000000085200000, 0x0000000085200000| Untracked 
|  83|0x0000000085300000, 0x0000000085300000, 0x0000000085400000|  0%| F|  |TAMS 0x0000000085300000, 0x0000000085300000| Untracked 
|  84|0x0000000085400000, 0x0000000085400000, 0x0000000085500000|  0%| F|  |TAMS 0x0000000085400000, 0x0000000085400000| Untracked 
|  85|0x0000000085500000, 0x0000000085500000, 0x0000000085600000|  0%| F|  |TAMS 0x0000000085500000, 0x0000000085500000| Untracked 
|  86|0x0000000085600000, 0x0000000085600000, 0x0000000085700000|  0%| F|  |TAMS 0x0000000085600000, 0x0000000085600000| Untracked 
|  87|0x0000000085700000, 0x0000000085700000, 0x0000000085800000|  0%| F|  |TAMS 0x0000000085700000, 0x0000000085700000| Untracked 
|  88|0x0000000085800000, 0x0000000085800000, 0x0000000085900000|  0%| F|  |TAMS 0x0000000085800000, 0x0000000085800000| Untracked 
|  89|0x0000000085900000, 0x0000000085900000, 0x0000000085a00000|  0%| F|  |TAMS 0x0000000085900000, 0x0000000085900000| Untracked 
|  90|0x0000000085a00000, 0x0000000085a00000, 0x0000000085b00000|  0%| F|  |TAMS 0x0000000085a00000, 0x0000000085a00000| Untracked 
|  91|0x0000000085b00000, 0x0000000085b00000, 0x0000000085c00000|  0%| F|  |TAMS 0x0000000085b00000, 0x0000000085b00000| Untracked 
|  92|0x0000000085c00000, 0x0000000085c00000, 0x0000000085d00000|  0%| F|  |TAMS 0x0000000085c00000, 0x0000000085c00000| Untracked 
|  93|0x0000000085d00000, 0x0000000085d00000, 0x0000000085e00000|  0%| F|  |TAMS 0x0000000085d00000, 0x0000000085d00000| Untracked 
|  94|0x0000000085e00000, 0x0000000085e00000, 0x0000000085f00000|  0%| F|  |TAMS 0x0000000085e00000, 0x0000000085e00000| Untracked 
|  95|0x0000000085f00000, 0x0000000085f00000, 0x0000000086000000|  0%| F|  |TAMS 0x0000000085f00000, 0x0000000085f00000| Untracked 
|  96|0x0000000086000000, 0x0000000086000000, 0x0000000086100000|  0%| F|  |TAMS 0x0000000086000000, 0x0000000086000000| Untracked 
|  97|0x0000000086100000, 0x0000000086100000, 0x0000000086200000|  0%| F|  |TAMS 0x0000000086100000, 0x0000000086100000| Untracked 
|  98|0x0000000086200000, 0x0000000086200000, 0x0000000086300000|  0%| F|  |TAMS 0x0000000086200000, 0x0000000086200000| Untracked 
|  99|0x0000000086300000, 0x0000000086300000, 0x0000000086400000|  0%| F|  |TAMS 0x0000000086300000, 0x0000000086300000| Untracked 
| 100|0x0000000086400000, 0x0000000086400000, 0x0000000086500000|  0%| F|  |TAMS 0x0000000086400000, 0x0000000086400000| Untracked 
| 101|0x0000000086500000, 0x0000000086500000, 0x0000000086600000|  0%| F|  |TAMS 0x0000000086500000, 0x0000000086500000| Untracked 
| 102|0x0000000086600000, 0x0000000086600000, 0x0000000086700000|  0%| F|  |TAMS 0x0000000086600000, 0x0000000086600000| Untracked 
| 103|0x0000000086700000, 0x0000000086700000, 0x0000000086800000|  0%| F|  |TAMS 0x0000000086700000, 0x0000000086700000| Untracked 
| 104|0x0000000086800000, 0x0000000086800000, 0x0000000086900000|  0%| F|  |TAMS 0x0000000086800000, 0x0000000086800000| Untracked 
| 105|0x0000000086900000, 0x0000000086900000, 0x0000000086a00000|  0%| F|  |TAMS 0x0000000086900000, 0x0000000086900000| Untracked 
| 106|0x0000000086a00000, 0x0000000086a00000, 0x0000000086b00000|  0%| F|  |TAMS 0x0000000086a00000, 0x0000000086a00000| Untracked 
| 107|0x0000000086b00000, 0x0000000086b00000, 0x0000000086c00000|  0%| F|  |TAMS 0x0000000086b00000, 0x0000000086b00000| Untracked 
| 108|0x0000000086c00000, 0x0000000086c8c700, 0x0000000086d00000| 54%| S|CS|TAMS 0x0000000086c00000, 0x0000000086c00000| Complete 
| 109|0x0000000086d00000, 0x0000000086e00000, 0x0000000086e00000|100%| S|CS|TAMS 0x0000000086d00000, 0x0000000086d00000| Complete 
| 110|0x0000000086e00000, 0x0000000086f00000, 0x0000000086f00000|100%| S|CS|TAMS 0x0000000086e00000, 0x0000000086e00000| Complete 
| 111|0x0000000086f00000, 0x0000000087000000, 0x0000000087000000|100%| S|CS|TAMS 0x0000000086f00000, 0x0000000086f00000| Complete 
| 112|0x0000000087000000, 0x0000000087100000, 0x0000000087100000|100%| S|CS|TAMS 0x0000000087000000, 0x0000000087000000| Complete 
| 113|0x0000000087100000, 0x0000000087200000, 0x0000000087200000|100%| S|CS|TAMS 0x0000000087100000, 0x0000000087100000| Complete 
| 114|0x0000000087200000, 0x0000000087300000, 0x0000000087300000|100%| S|CS|TAMS 0x0000000087200000, 0x0000000087200000| Complete 
| 115|0x0000000087300000, 0x0000000087400000, 0x0000000087400000|100%| S|CS|TAMS 0x0000000087300000, 0x0000000087300000| Complete 
| 116|0x0000000087400000, 0x0000000087500000, 0x0000000087500000|100%| S|CS|TAMS 0x0000000087400000, 0x0000000087400000| Complete 
| 117|0x0000000087500000, 0x0000000087600000, 0x0000000087600000|100%| S|CS|TAMS 0x0000000087500000, 0x0000000087500000| Complete 
| 118|0x0000000087600000, 0x0000000087700000, 0x0000000087700000|100%| S|CS|TAMS 0x0000000087600000, 0x0000000087600000| Complete 
| 119|0x0000000087700000, 0x0000000087800000, 0x0000000087800000|100%| S|CS|TAMS 0x0000000087700000, 0x0000000087700000| Complete 
| 120|0x0000000087800000, 0x0000000087900000, 0x0000000087900000|100%| S|CS|TAMS 0x0000000087800000, 0x0000000087800000| Complete 
| 121|0x0000000087900000, 0x0000000087a00000, 0x0000000087a00000|100%| S|CS|TAMS 0x0000000087900000, 0x0000000087900000| Complete 
| 122|0x0000000087a00000, 0x0000000087a00000, 0x0000000087b00000|  0%| F|  |TAMS 0x0000000087a00000, 0x0000000087a00000| Untracked 
| 123|0x0000000087b00000, 0x0000000087b00000, 0x0000000087c00000|  0%| F|  |TAMS 0x0000000087b00000, 0x0000000087b00000| Untracked 
| 124|0x0000000087c00000, 0x0000000087c00000, 0x0000000087d00000|  0%| F|  |TAMS 0x0000000087c00000, 0x0000000087c00000| Untracked 
| 125|0x0000000087d00000, 0x0000000087d00000, 0x0000000087e00000|  0%| F|  |TAMS 0x0000000087d00000, 0x0000000087d00000| Untracked 
| 126|0x0000000087e00000, 0x0000000087e00000, 0x0000000087f00000|  0%| F|  |TAMS 0x0000000087e00000, 0x0000000087e00000| Untracked 
| 127|0x0000000087f00000, 0x0000000087f00000, 0x0000000088000000|  0%| F|  |TAMS 0x0000000087f00000, 0x0000000087f00000| Untracked 
| 128|0x0000000088000000, 0x0000000088000000, 0x0000000088100000|  0%| F|  |TAMS 0x0000000088000000, 0x0000000088000000| Untracked 
| 129|0x0000000088100000, 0x0000000088100000, 0x0000000088200000|  0%| F|  |TAMS 0x0000000088100000, 0x0000000088100000| Untracked 
| 130|0x0000000088200000, 0x0000000088200000, 0x0000000088300000|  0%| F|  |TAMS 0x0000000088200000, 0x0000000088200000| Untracked 
| 131|0x0000000088300000, 0x0000000088300000, 0x0000000088400000|  0%| F|  |TAMS 0x0000000088300000, 0x0000000088300000| Untracked 
| 132|0x0000000088400000, 0x0000000088400000, 0x0000000088500000|  0%| F|  |TAMS 0x0000000088400000, 0x0000000088400000| Untracked 
| 133|0x0000000088500000, 0x0000000088500000, 0x0000000088600000|  0%| F|  |TAMS 0x0000000088500000, 0x0000000088500000| Untracked 
| 134|0x0000000088600000, 0x0000000088600000, 0x0000000088700000|  0%| F|  |TAMS 0x0000000088600000, 0x0000000088600000| Untracked 
| 135|0x0000000088700000, 0x0000000088700000, 0x0000000088800000|  0%| F|  |TAMS 0x0000000088700000, 0x0000000088700000| Untracked 
| 136|0x0000000088800000, 0x0000000088800000, 0x0000000088900000|  0%| F|  |TAMS 0x0000000088800000, 0x0000000088800000| Untracked 
| 137|0x0000000088900000, 0x0000000088900000, 0x0000000088a00000|  0%| F|  |TAMS 0x0000000088900000, 0x0000000088900000| Untracked 
| 138|0x0000000088a00000, 0x0000000088a00000, 0x0000000088b00000|  0%| F|  |TAMS 0x0000000088a00000, 0x0000000088a00000| Untracked 
| 139|0x0000000088b00000, 0x0000000088b00000, 0x0000000088c00000|  0%| F|  |TAMS 0x0000000088b00000, 0x0000000088b00000| Untracked 
| 140|0x0000000088c00000, 0x0000000088c00000, 0x0000000088d00000|  0%| F|  |TAMS 0x0000000088c00000, 0x0000000088c00000| Untracked 
| 141|0x0000000088d00000, 0x0000000088d00000, 0x0000000088e00000|  0%| F|  |TAMS 0x0000000088d00000, 0x0000000088d00000| Untracked 
| 142|0x0000000088e00000, 0x0000000088e00000, 0x0000000088f00000|  0%| F|  |TAMS 0x0000000088e00000, 0x0000000088e00000| Untracked 
| 143|0x0000000088f00000, 0x0000000088f00000, 0x0000000089000000|  0%| F|  |TAMS 0x0000000088f00000, 0x0000000088f00000| Untracked 
| 144|0x0000000089000000, 0x0000000089000000, 0x0000000089100000|  0%| F|  |TAMS 0x0000000089000000, 0x0000000089000000| Untracked 
| 145|0x0000000089100000, 0x0000000089100000, 0x0000000089200000|  0%| F|  |TAMS 0x0000000089100000, 0x0000000089100000| Untracked 
| 146|0x0000000089200000, 0x0000000089200000, 0x0000000089300000|  0%| F|  |TAMS 0x0000000089200000, 0x0000000089200000| Untracked 
| 147|0x0000000089300000, 0x0000000089300000, 0x0000000089400000|  0%| F|  |TAMS 0x0000000089300000, 0x0000000089300000| Untracked 
| 148|0x0000000089400000, 0x0000000089400000, 0x0000000089500000|  0%| F|  |TAMS 0x0000000089400000, 0x0000000089400000| Untracked 
| 149|0x0000000089500000, 0x0000000089500000, 0x0000000089600000|  0%| F|  |TAMS 0x0000000089500000, 0x0000000089500000| Untracked 
| 150|0x0000000089600000, 0x0000000089600000, 0x0000000089700000|  0%| F|  |TAMS 0x0000000089600000, 0x0000000089600000| Untracked 
| 151|0x0000000089700000, 0x0000000089700000, 0x0000000089800000|  0%| F|  |TAMS 0x0000000089700000, 0x0000000089700000| Untracked 
| 152|0x0000000089800000, 0x0000000089800000, 0x0000000089900000|  0%| F|  |TAMS 0x0000000089800000, 0x0000000089800000| Untracked 
| 153|0x0000000089900000, 0x0000000089900000, 0x0000000089a00000|  0%| F|  |TAMS 0x0000000089900000, 0x0000000089900000| Untracked 
| 154|0x0000000089a00000, 0x0000000089a00000, 0x0000000089b00000|  0%| F|  |TAMS 0x0000000089a00000, 0x0000000089a00000| Untracked 
| 155|0x0000000089b00000, 0x0000000089b00000, 0x0000000089c00000|  0%| F|  |TAMS 0x0000000089b00000, 0x0000000089b00000| Untracked 
| 156|0x0000000089c00000, 0x0000000089c00000, 0x0000000089d00000|  0%| F|  |TAMS 0x0000000089c00000, 0x0000000089c00000| Untracked 
| 157|0x0000000089d00000, 0x0000000089d00000, 0x0000000089e00000|  0%| F|  |TAMS 0x0000000089d00000, 0x0000000089d00000| Untracked 
| 158|0x0000000089e00000, 0x0000000089e00000, 0x0000000089f00000|  0%| F|  |TAMS 0x0000000089e00000, 0x0000000089e00000| Untracked 
| 159|0x0000000089f00000, 0x0000000089f00000, 0x000000008a000000|  0%| F|  |TAMS 0x0000000089f00000, 0x0000000089f00000| Untracked 
| 160|0x000000008a000000, 0x000000008a000000, 0x000000008a100000|  0%| F|  |TAMS 0x000000008a000000, 0x000000008a000000| Untracked 
| 161|0x000000008a100000, 0x000000008a100000, 0x000000008a200000|  0%| F|  |TAMS 0x000000008a100000, 0x000000008a100000| Untracked 
| 162|0x000000008a200000, 0x000000008a200000, 0x000000008a300000|  0%| F|  |TAMS 0x000000008a200000, 0x000000008a200000| Untracked 
| 163|0x000000008a300000, 0x000000008a300000, 0x000000008a400000|  0%| F|  |TAMS 0x000000008a300000, 0x000000008a300000| Untracked 
| 164|0x000000008a400000, 0x000000008a400000, 0x000000008a500000|  0%| F|  |TAMS 0x000000008a400000, 0x000000008a400000| Untracked 
| 165|0x000000008a500000, 0x000000008a500000, 0x000000008a600000|  0%| F|  |TAMS 0x000000008a500000, 0x000000008a500000| Untracked 
| 166|0x000000008a600000, 0x000000008a600000, 0x000000008a700000|  0%| F|  |TAMS 0x000000008a600000, 0x000000008a600000| Untracked 
| 167|0x000000008a700000, 0x000000008a700000, 0x000000008a800000|  0%| F|  |TAMS 0x000000008a700000, 0x000000008a700000| Untracked 
| 168|0x000000008a800000, 0x000000008a800000, 0x000000008a900000|  0%| F|  |TAMS 0x000000008a800000, 0x000000008a800000| Untracked 
| 169|0x000000008a900000, 0x000000008a900000, 0x000000008aa00000|  0%| F|  |TAMS 0x000000008a900000, 0x000000008a900000| Untracked 
| 170|0x000000008aa00000, 0x000000008aa00000, 0x000000008ab00000|  0%| F|  |TAMS 0x000000008aa00000, 0x000000008aa00000| Untracked 
| 171|0x000000008ab00000, 0x000000008ab00000, 0x000000008ac00000|  0%| F|  |TAMS 0x000000008ab00000, 0x000000008ab00000| Untracked 
| 172|0x000000008ac00000, 0x000000008ac00000, 0x000000008ad00000|  0%| F|  |TAMS 0x000000008ac00000, 0x000000008ac00000| Untracked 
| 173|0x000000008ad00000, 0x000000008ad00000, 0x000000008ae00000|  0%| F|  |TAMS 0x000000008ad00000, 0x000000008ad00000| Untracked 
| 174|0x000000008ae00000, 0x000000008ae00000, 0x000000008af00000|  0%| F|  |TAMS 0x000000008ae00000, 0x000000008ae00000| Untracked 
| 175|0x000000008af00000, 0x000000008af00000, 0x000000008b000000|  0%| F|  |TAMS 0x000000008af00000, 0x000000008af00000| Untracked 
| 176|0x000000008b000000, 0x000000008b000000, 0x000000008b100000|  0%| F|  |TAMS 0x000000008b000000, 0x000000008b000000| Untracked 
| 177|0x000000008b100000, 0x000000008b100000, 0x000000008b200000|  0%| F|  |TAMS 0x000000008b100000, 0x000000008b100000| Untracked 
| 178|0x000000008b200000, 0x000000008b200000, 0x000000008b300000|  0%| F|  |TAMS 0x000000008b200000, 0x000000008b200000| Untracked 
| 179|0x000000008b300000, 0x000000008b300000, 0x000000008b400000|  0%| F|  |TAMS 0x000000008b300000, 0x000000008b300000| Untracked 
| 180|0x000000008b400000, 0x000000008b400000, 0x000000008b500000|  0%| F|  |TAMS 0x000000008b400000, 0x000000008b400000| Untracked 
| 181|0x000000008b500000, 0x000000008b500000, 0x000000008b600000|  0%| F|  |TAMS 0x000000008b500000, 0x000000008b500000| Untracked 
| 182|0x000000008b600000, 0x000000008b600000, 0x000000008b700000|  0%| F|  |TAMS 0x000000008b600000, 0x000000008b600000| Untracked 
| 183|0x000000008b700000, 0x000000008b700000, 0x000000008b800000|  0%| F|  |TAMS 0x000000008b700000, 0x000000008b700000| Untracked 
| 184|0x000000008b800000, 0x000000008b800000, 0x000000008b900000|  0%| F|  |TAMS 0x000000008b800000, 0x000000008b800000| Untracked 
| 185|0x000000008b900000, 0x000000008b900000, 0x000000008ba00000|  0%| F|  |TAMS 0x000000008b900000, 0x000000008b900000| Untracked 
| 186|0x000000008ba00000, 0x000000008ba00000, 0x000000008bb00000|  0%| F|  |TAMS 0x000000008ba00000, 0x000000008ba00000| Untracked 
| 187|0x000000008bb00000, 0x000000008bb00000, 0x000000008bc00000|  0%| F|  |TAMS 0x000000008bb00000, 0x000000008bb00000| Untracked 
| 188|0x000000008bc00000, 0x000000008bc00000, 0x000000008bd00000|  0%| F|  |TAMS 0x000000008bc00000, 0x000000008bc00000| Untracked 
| 189|0x000000008bd00000, 0x000000008bd00000, 0x000000008be00000|  0%| F|  |TAMS 0x000000008bd00000, 0x000000008bd00000| Untracked 
| 190|0x000000008be00000, 0x000000008be00000, 0x000000008bf00000|  0%| F|  |TAMS 0x000000008be00000, 0x000000008be00000| Untracked 
| 191|0x000000008bf00000, 0x000000008bf00000, 0x000000008c000000|  0%| F|  |TAMS 0x000000008bf00000, 0x000000008bf00000| Untracked 
| 192|0x000000008c000000, 0x000000008c000000, 0x000000008c100000|  0%| F|  |TAMS 0x000000008c000000, 0x000000008c000000| Untracked 
| 193|0x000000008c100000, 0x000000008c100000, 0x000000008c200000|  0%| F|  |TAMS 0x000000008c100000, 0x000000008c100000| Untracked 
| 194|0x000000008c200000, 0x000000008c200000, 0x000000008c300000|  0%| F|  |TAMS 0x000000008c200000, 0x000000008c200000| Untracked 
| 195|0x000000008c300000, 0x000000008c300000, 0x000000008c400000|  0%| F|  |TAMS 0x000000008c300000, 0x000000008c300000| Untracked 
| 196|0x000000008c400000, 0x000000008c400000, 0x000000008c500000|  0%| F|  |TAMS 0x000000008c400000, 0x000000008c400000| Untracked 
| 197|0x000000008c500000, 0x000000008c500000, 0x000000008c600000|  0%| F|  |TAMS 0x000000008c500000, 0x000000008c500000| Untracked 
| 198|0x000000008c600000, 0x000000008c600000, 0x000000008c700000|  0%| F|  |TAMS 0x000000008c600000, 0x000000008c600000| Untracked 
| 199|0x000000008c700000, 0x000000008c700000, 0x000000008c800000|  0%| F|  |TAMS 0x000000008c700000, 0x000000008c700000| Untracked 
| 200|0x000000008c800000, 0x000000008c800000, 0x000000008c900000|  0%| F|  |TAMS 0x000000008c800000, 0x000000008c800000| Untracked 
| 201|0x000000008c900000, 0x000000008c900000, 0x000000008ca00000|  0%| F|  |TAMS 0x000000008c900000, 0x000000008c900000| Untracked 
| 202|0x000000008ca00000, 0x000000008ca00000, 0x000000008cb00000|  0%| F|  |TAMS 0x000000008ca00000, 0x000000008ca00000| Untracked 
| 203|0x000000008cb00000, 0x000000008cb00000, 0x000000008cc00000|  0%| F|  |TAMS 0x000000008cb00000, 0x000000008cb00000| Untracked 
| 204|0x000000008cc00000, 0x000000008cc00000, 0x000000008cd00000|  0%| F|  |TAMS 0x000000008cc00000, 0x000000008cc00000| Untracked 
| 205|0x000000008cd00000, 0x000000008cd00000, 0x000000008ce00000|  0%| F|  |TAMS 0x000000008cd00000, 0x000000008cd00000| Untracked 
| 206|0x000000008ce00000, 0x000000008ce00000, 0x000000008cf00000|  0%| F|  |TAMS 0x000000008ce00000, 0x000000008ce00000| Untracked 
| 207|0x000000008cf00000, 0x000000008cf00000, 0x000000008d000000|  0%| F|  |TAMS 0x000000008cf00000, 0x000000008cf00000| Untracked 
| 208|0x000000008d000000, 0x000000008d000000, 0x000000008d100000|  0%| F|  |TAMS 0x000000008d000000, 0x000000008d000000| Untracked 
| 209|0x000000008d100000, 0x000000008d100000, 0x000000008d200000|  0%| F|  |TAMS 0x000000008d100000, 0x000000008d100000| Untracked 
| 210|0x000000008d200000, 0x000000008d200000, 0x000000008d300000|  0%| F|  |TAMS 0x000000008d200000, 0x000000008d200000| Untracked 
| 211|0x000000008d300000, 0x000000008d300000, 0x000000008d400000|  0%| F|  |TAMS 0x000000008d300000, 0x000000008d300000| Untracked 
| 212|0x000000008d400000, 0x000000008d400000, 0x000000008d500000|  0%| F|  |TAMS 0x000000008d400000, 0x000000008d400000| Untracked 
| 213|0x000000008d500000, 0x000000008d500000, 0x000000008d600000|  0%| F|  |TAMS 0x000000008d500000, 0x000000008d500000| Untracked 
| 214|0x000000008d600000, 0x000000008d600000, 0x000000008d700000|  0%| F|  |TAMS 0x000000008d600000, 0x000000008d600000| Untracked 
| 215|0x000000008d700000, 0x000000008d700000, 0x000000008d800000|  0%| F|  |TAMS 0x000000008d700000, 0x000000008d700000| Untracked 
| 216|0x000000008d800000, 0x000000008d800000, 0x000000008d900000|  0%| F|  |TAMS 0x000000008d800000, 0x000000008d800000| Untracked 
| 217|0x000000008d900000, 0x000000008da00000, 0x000000008da00000|100%| E|  |TAMS 0x000000008d900000, 0x000000008d900000| Complete 
| 218|0x000000008da00000, 0x000000008db00000, 0x000000008db00000|100%| E|CS|TAMS 0x000000008da00000, 0x000000008da00000| Complete 
| 219|0x000000008db00000, 0x000000008dc00000, 0x000000008dc00000|100%| E|CS|TAMS 0x000000008db00000, 0x000000008db00000| Complete 
| 220|0x000000008dc00000, 0x000000008dd00000, 0x000000008dd00000|100%| E|CS|TAMS 0x000000008dc00000, 0x000000008dc00000| Complete 
| 221|0x000000008dd00000, 0x000000008de00000, 0x000000008de00000|100%| E|CS|TAMS 0x000000008dd00000, 0x000000008dd00000| Complete 
| 222|0x000000008de00000, 0x000000008df00000, 0x000000008df00000|100%| E|CS|TAMS 0x000000008de00000, 0x000000008de00000| Complete 
| 223|0x000000008df00000, 0x000000008e000000, 0x000000008e000000|100%| E|CS|TAMS 0x000000008df00000, 0x000000008df00000| Complete 
| 224|0x000000008e000000, 0x000000008e100000, 0x000000008e100000|100%| E|CS|TAMS 0x000000008e000000, 0x000000008e000000| Complete 
| 225|0x000000008e100000, 0x000000008e200000, 0x000000008e200000|100%| E|CS|TAMS 0x000000008e100000, 0x000000008e100000| Complete 
| 226|0x000000008e200000, 0x000000008e300000, 0x000000008e300000|100%| E|CS|TAMS 0x000000008e200000, 0x000000008e200000| Complete 
| 227|0x000000008e300000, 0x000000008e400000, 0x000000008e400000|100%| E|CS|TAMS 0x000000008e300000, 0x000000008e300000| Complete 
| 228|0x000000008e400000, 0x000000008e500000, 0x000000008e500000|100%| E|CS|TAMS 0x000000008e400000, 0x000000008e400000| Complete 
| 229|0x000000008e500000, 0x000000008e600000, 0x000000008e600000|100%| E|CS|TAMS 0x000000008e500000, 0x000000008e500000| Complete 
| 230|0x000000008e600000, 0x000000008e700000, 0x000000008e700000|100%| E|CS|TAMS 0x000000008e600000, 0x000000008e600000| Complete 
| 231|0x000000008e700000, 0x000000008e800000, 0x000000008e800000|100%| E|CS|TAMS 0x000000008e700000, 0x000000008e700000| Complete 
| 232|0x000000008e800000, 0x000000008e900000, 0x000000008e900000|100%| E|CS|TAMS 0x000000008e800000, 0x000000008e800000| Complete 
| 233|0x000000008e900000, 0x000000008ea00000, 0x000000008ea00000|100%| E|CS|TAMS 0x000000008e900000, 0x000000008e900000| Complete 
| 234|0x000000008ea00000, 0x000000008eb00000, 0x000000008eb00000|100%| E|CS|TAMS 0x000000008ea00000, 0x000000008ea00000| Complete 
| 235|0x000000008eb00000, 0x000000008ec00000, 0x000000008ec00000|100%| E|CS|TAMS 0x000000008eb00000, 0x000000008eb00000| Complete 
| 236|0x000000008ec00000, 0x000000008ed00000, 0x000000008ed00000|100%| E|CS|TAMS 0x000000008ec00000, 0x000000008ec00000| Complete 
| 237|0x000000008ed00000, 0x000000008ee00000, 0x000000008ee00000|100%| E|CS|TAMS 0x000000008ed00000, 0x000000008ed00000| Complete 
| 238|0x000000008ee00000, 0x000000008ef00000, 0x000000008ef00000|100%| E|CS|TAMS 0x000000008ee00000, 0x000000008ee00000| Complete 
| 255|0x000000008ff00000, 0x0000000090000000, 0x0000000090000000|100%| E|CS|TAMS 0x000000008ff00000, 0x000000008ff00000| Complete 

Card table byte_map: [0x000001db49c80000,0x000001db4a080000] _byte_map_base: 0x000001db49880000

Marking Bits (Prev, Next): (CMBitMap*) 0x000001db330532e0, (CMBitMap*) 0x000001db330532a0
 Prev Bits: [0x000001db4c480000, 0x000001db4e480000)
 Next Bits: [0x000001db4a480000, 0x000001db4c480000)

Polling page: 0x000001db30ec0000

Metaspace:

Usage:
  Non-class:     61.12 MB used.
      Class:      9.53 MB used.
       Both:     70.66 MB used.

Virtual space:
  Non-class space:       64.00 MB reserved,      61.56 MB ( 96%) committed,  8 nodes.
      Class space:      412.00 MB reserved,       9.88 MB (  2%) committed,  1 nodes.
             Both:      476.00 MB reserved,      71.44 MB ( 15%) committed. 

Chunk freelists:
   Non-Class:  1.86 MB
       Class:  2.11 MB
        Both:  3.97 MB

MaxMetaspaceSize: 512.00 MB
CompressedClassSpaceSize: 412.00 MB
Initial GC threshold: 21.00 MB
Current GC threshold: 96.19 MB
CDS: on
MetaspaceReclaimPolicy: balanced
 - commit_granule_bytes: 65536.
 - commit_granule_words: 8192.
 - virtual_space_node_default_size: 1048576.
 - enlarge_chunks_in_place: 1.
 - new_chunks_are_fully_committed: 0.
 - uncommit_free_chunks: 1.
 - use_allocation_guard: 0.
 - handle_deallocations: 1.


Internal statistics:

num_allocs_failed_limit: 6.
num_arena_births: 922.
num_arena_deaths: 0.
num_vsnodes_births: 9.
num_vsnodes_deaths: 0.
num_space_committed: 1143.
num_space_uncommitted: 0.
num_chunks_returned_to_freelist: 6.
num_chunks_taken_from_freelist: 3810.
num_chunk_merges: 6.
num_chunk_splits: 2532.
num_chunks_enlarged: 1692.
num_purges: 0.
num_inconsistent_stats: 0.

CodeHeap 'non-profiled nmethods': size=120000Kb used=5763Kb max_used=5763Kb free=114236Kb
 bounds [0x000001db42350000, 0x000001db42900000, 0x000001db49880000]
CodeHeap 'profiled nmethods': size=120000Kb used=18885Kb max_used=18885Kb free=101114Kb
 bounds [0x000001db3a880000, 0x000001db3bb00000, 0x000001db41db0000]
CodeHeap 'non-nmethods': size=5760Kb used=2380Kb max_used=2473Kb free=3379Kb
 bounds [0x000001db41db0000, 0x000001db42030000, 0x000001db42350000]
 total_blobs=10002 nmethods=9087 adapters=827
 compilation: enabled
              stopped_count=0, restarted_count=0
 full_count=0

Compilation events (20 events):
Event: 570.350 Thread 0x000001db514380c0 9907   !   3       org.gradle.groovy.scripts.internal.DefaultScriptCompilationHandler$ScriptClassLoader::loadClass (68 bytes)
Event: 570.350 Thread 0x000001db514380c0 nmethod 9907 0x000001db3baee090 code [0x000001db3baee2c0, 0x000001db3baeea88]
Event: 570.366 Thread 0x000001db50978a10 nmethod 9894 0x000001db428ec610 code [0x000001db428ec860, 0x000001db428ed8d0]
Event: 570.366 Thread 0x000001db50978a10 9899 %     4       org.codehaus.groovy.runtime.metaclass.MetaMethodIndex::resize @ 32 (103 bytes)
Event: 570.381 Thread 0x000001db50978a10 nmethod 9899% 0x000001db428ee410 code [0x000001db428ee5a0, 0x000001db428eec78]
Event: 570.381 Thread 0x000001db50978a10 9895       4       java.math.BigInteger::makePositive (259 bytes)
Event: 570.393 Thread 0x000001db50978a10 nmethod 9895 0x000001db428eee90 code [0x000001db428ef020, 0x000001db428ef6f8]
Event: 570.393 Thread 0x000001db50978a10 9900       4       org.codehaus.groovy.util.SingleKeyHashMap::get (67 bytes)
Event: 570.399 Thread 0x000001db50978a10 nmethod 9900 0x000001db428efb10 code [0x000001db428efcc0, 0x000001db428f00d8]
Event: 570.608 Thread 0x000001db50978a10 9908       4       java.util.LinkedList::node (65 bytes)
Event: 570.610 Thread 0x000001db50978a10 nmethod 9908 0x000001db428f0310 code [0x000001db428f0480, 0x000001db428f05b8]
Event: 570.622 Thread 0x000001db50978a10 9909       4       org.codehaus.groovy.reflection.CachedClass$3$$Lambda$266/0x0000000800f7c630::test (8 bytes)
Event: 570.623 Thread 0x000001db50978a10 nmethod 9909 0x000001db428f0690 code [0x000001db428f0820, 0x000001db428f0908]
Event: 570.623 Thread 0x000001db50978a10 9910       4       org.codehaus.groovy.reflection.CachedClass$3$$Lambda$267/0x0000000800f7c878::apply (12 bytes)
Event: 570.625 Thread 0x000001db50978a10 nmethod 9910 0x000001db428f0a10 code [0x000001db428f0ba0, 0x000001db428f0cf8]
Event: 570.628 Thread 0x000001db514380c0 9911   !   3       com.sun.beans.finder.InstanceFinder::instantiate (41 bytes)
Event: 570.629 Thread 0x000001db514380c0 nmethod 9911 0x000001db3baeee10 code [0x000001db3baef0c0, 0x000001db3baefe48]
Event: 570.629 Thread 0x000001db50978a10 9912       4       java.lang.reflect.Method::getTypeParameters (20 bytes)
Event: 570.630 Thread 0x000001db514380c0 9913       3       java.util.StringJoiner::add (110 bytes)
Event: 570.631 Thread 0x000001db514380c0 nmethod 9913 0x000001db3baf0490 code [0x000001db3baf06e0, 0x000001db3baf1198]

GC Heap History (20 events):
Event: 200.851 GC heap before
{Heap before GC invocations=27 (full 0):
 garbage-first heap   total 83968K, used 65961K [0x0000000080000000, 0x0000000100000000)
  region size 1024K, 19 young (19456K), 1 survivors (1024K)
 Metaspace       used 53767K, committed 54336K, reserved 471040K
  class space    used 7456K, committed 7680K, reserved 421888K
}
Event: 200.856 GC heap after
{Heap after GC invocations=28 (full 0):
 garbage-first heap   total 83968K, used 50491K [0x0000000080000000, 0x0000000100000000)
  region size 1024K, 3 young (3072K), 3 survivors (3072K)
 Metaspace       used 53767K, committed 54336K, reserved 471040K
  class space    used 7456K, committed 7680K, reserved 421888K
}
Event: 200.876 GC heap before
{Heap before GC invocations=28 (full 0):
 garbage-first heap   total 83968K, used 51515K [0x0000000080000000, 0x0000000100000000)
  region size 1024K, 4 young (4096K), 3 survivors (3072K)
 Metaspace       used 53841K, committed 54464K, reserved 471040K
  class space    used 7466K, committed 7744K, reserved 421888K
}
Event: 200.882 GC heap after
{Heap after GC invocations=29 (full 0):
 garbage-first heap   total 83968K, used 49731K [0x0000000080000000, 0x0000000100000000)
  region size 1024K, 1 young (1024K), 1 survivors (1024K)
 Metaspace       used 53841K, committed 54464K, reserved 471040K
  class space    used 7466K, committed 7744K, reserved 421888K
}
Event: 202.694 GC heap before
{Heap before GC invocations=29 (full 0):
 garbage-first heap   total 83968K, used 67139K [0x0000000080000000, 0x0000000100000000)
  region size 1024K, 18 young (18432K), 1 survivors (1024K)
 Metaspace       used 54858K, committed 55488K, reserved 471040K
  class space    used 7601K, committed 7872K, reserved 421888K
}
Event: 202.700 GC heap after
{Heap after GC invocations=30 (full 0):
 garbage-first heap   total 83968K, used 51932K [0x0000000080000000, 0x0000000100000000)
  region size 1024K, 3 young (3072K), 3 survivors (3072K)
 Metaspace       used 54858K, committed 55488K, reserved 471040K
  class space    used 7601K, committed 7872K, reserved 421888K
}
Event: 205.040 GC heap before
{Heap before GC invocations=31 (full 0):
 garbage-first heap   total 91136K, used 66268K [0x0000000080000000, 0x0000000100000000)
  region size 1024K, 18 young (18432K), 3 survivors (3072K)
 Metaspace       used 56244K, committed 56960K, reserved 479232K
  class space    used 7841K, committed 8192K, reserved 421888K
}
Event: 205.050 GC heap after
{Heap after GC invocations=32 (full 0):
 garbage-first heap   total 91136K, used 54358K [0x0000000080000000, 0x0000000100000000)
  region size 1024K, 3 young (3072K), 3 survivors (3072K)
 Metaspace       used 56244K, committed 56960K, reserved 479232K
  class space    used 7841K, committed 8192K, reserved 421888K
}
Event: 205.091 GC heap before
{Heap before GC invocations=32 (full 0):
 garbage-first heap   total 91136K, used 55382K [0x0000000080000000, 0x0000000100000000)
  region size 1024K, 4 young (4096K), 3 survivors (3072K)
 Metaspace       used 56269K, committed 56960K, reserved 479232K
  class space    used 7842K, committed 8192K, reserved 421888K
}
Event: 205.101 GC heap after
{Heap after GC invocations=33 (full 0):
 garbage-first heap   total 91136K, used 54363K [0x0000000080000000, 0x0000000100000000)
  region size 1024K, 1 young (1024K), 1 survivors (1024K)
 Metaspace       used 56269K, committed 56960K, reserved 479232K
  class space    used 7842K, committed 8192K, reserved 421888K
}
Event: 207.480 GC heap before
{Heap before GC invocations=33 (full 0):
 garbage-first heap   total 91136K, used 73819K [0x0000000080000000, 0x0000000100000000)
  region size 1024K, 20 young (20480K), 1 survivors (1024K)
 Metaspace       used 58282K, committed 58944K, reserved 479232K
  class space    used 8064K, committed 8384K, reserved 421888K
}
Event: 207.484 GC heap after
{Heap after GC invocations=34 (full 0):
 garbage-first heap   total 91136K, used 56732K [0x0000000080000000, 0x0000000100000000)
  region size 1024K, 3 young (3072K), 3 survivors (3072K)
 Metaspace       used 58282K, committed 58944K, reserved 479232K
  class space    used 8064K, committed 8384K, reserved 421888K
}
Event: 210.101 GC heap before
{Heap before GC invocations=35 (full 0):
 garbage-first heap   total 99328K, used 73116K [0x0000000080000000, 0x0000000100000000)
  region size 1024K, 19 young (19456K), 3 survivors (3072K)
 Metaspace       used 59229K, committed 59840K, reserved 479232K
  class space    used 8206K, committed 8512K, reserved 421888K
}
Event: 210.109 GC heap after
{Heap after GC invocations=36 (full 0):
 garbage-first heap   total 99328K, used 60227K [0x0000000080000000, 0x0000000100000000)
  region size 1024K, 3 young (3072K), 3 survivors (3072K)
 Metaspace       used 59229K, committed 59840K, reserved 479232K
  class space    used 8206K, committed 8512K, reserved 421888K
}
Event: 210.122 GC heap before
{Heap before GC invocations=36 (full 0):
 garbage-first heap   total 99328K, used 61251K [0x0000000080000000, 0x0000000100000000)
  region size 1024K, 4 young (4096K), 3 survivors (3072K)
 Metaspace       used 59241K, committed 59904K, reserved 479232K
  class space    used 8206K, committed 8512K, reserved 421888K
}
Event: 210.127 GC heap after
{Heap after GC invocations=37 (full 0):
 garbage-first heap   total 99328K, used 59903K [0x0000000080000000, 0x0000000100000000)
  region size 1024K, 1 young (1024K), 1 survivors (1024K)
 Metaspace       used 59241K, committed 59904K, reserved 479232K
  class space    used 8206K, committed 8512K, reserved 421888K
}
Event: 215.492 GC heap before
{Heap before GC invocations=37 (full 0):
 garbage-first heap   total 99328K, used 80383K [0x0000000080000000, 0x0000000100000000)
  region size 1024K, 19 young (19456K), 1 survivors (1024K)
 Metaspace       used 59367K, committed 60032K, reserved 479232K
  class space    used 8212K, committed 8512K, reserved 421888K
}
Event: 215.496 GC heap after
{Heap after GC invocations=38 (full 0):
 garbage-first heap   total 245760K, used 64628K [0x0000000080000000, 0x0000000100000000)
  region size 1024K, 3 young (3072K), 3 survivors (3072K)
 Metaspace       used 59367K, committed 60032K, reserved 479232K
  class space    used 8212K, committed 8512K, reserved 421888K
}
Event: 549.551 GC heap before
{Heap before GC invocations=38 (full 0):
 garbage-first heap   total 245760K, used 186484K [0x0000000080000000, 0x0000000100000000)
  region size 1024K, 121 young (123904K), 3 survivors (3072K)
 Metaspace       used 70774K, committed 71488K, reserved 487424K
  class space    used 9551K, committed 9856K, reserved 421888K
}
Event: 549.567 GC heap after
{Heap after GC invocations=39 (full 0):
 garbage-first heap   total 245760K, used 78464K [0x0000000080000000, 0x0000000100000000)
  region size 1024K, 14 young (14336K), 14 survivors (14336K)
 Metaspace       used 70774K, committed 71488K, reserved 487424K
  class space    used 9551K, committed 9856K, reserved 421888K
}

Deoptimization events (20 events):
Event: 550.697 Thread 0x000001db51e22c70 Uncommon trap: trap_request=0xffffff45 fr.pc=0x000001db42479b5c relative=0x000000000000059c
Event: 550.697 Thread 0x000001db51e22c70 Uncommon trap: reason=unstable_if action=reinterpret pc=0x000001db42479b5c method=java.lang.AbstractStringBuilder.appendChars(Ljava/lang/String;II)V @ 11 c2
Event: 550.697 Thread 0x000001db51e22c70 DEOPT PACKING pc=0x000001db42479b5c sp=0x00000006cf2f6b00
Event: 550.698 Thread 0x000001db51e22c70 DEOPT UNPACKING pc=0x000001db41e023a3 sp=0x00000006cf2f6a40 mode 2
Event: 550.698 Thread 0x000001db51e22c70 Uncommon trap: trap_request=0xffffff45 fr.pc=0x000001db423d2d88 relative=0x0000000000000168
Event: 550.698 Thread 0x000001db51e22c70 Uncommon trap: reason=unstable_if action=reinterpret pc=0x000001db423d2d88 method=java.lang.AbstractStringBuilder.appendChars(Ljava/lang/String;II)V @ 11 c2
Event: 550.698 Thread 0x000001db51e22c70 DEOPT PACKING pc=0x000001db423d2d88 sp=0x00000006cf2f6a80
Event: 550.698 Thread 0x000001db51e22c70 DEOPT UNPACKING pc=0x000001db41e023a3 sp=0x00000006cf2f6a30 mode 2
Event: 550.698 Thread 0x000001db51e22c70 Uncommon trap: trap_request=0xffffff45 fr.pc=0x000001db4235bdb8 relative=0x0000000000000038
Event: 550.698 Thread 0x000001db51e22c70 Uncommon trap: reason=unstable_if action=reinterpret pc=0x000001db4235bdb8 method=java.lang.StringLatin1.canEncode(I)Z @ 4 c2
Event: 550.698 Thread 0x000001db51e22c70 DEOPT PACKING pc=0x000001db4235bdb8 sp=0x00000006cf2f6a40
Event: 550.698 Thread 0x000001db51e22c70 DEOPT UNPACKING pc=0x000001db41e023a3 sp=0x00000006cf2f69d0 mode 2
Event: 570.341 Thread 0x000001db51e22c70 Uncommon trap: trap_request=0xffffff45 fr.pc=0x000001db427a0ab0 relative=0x0000000000000730
Event: 570.341 Thread 0x000001db51e22c70 Uncommon trap: reason=unstable_if action=reinterpret pc=0x000001db427a0ab0 method=org.apache.commons.io.FilenameUtils.doNormalize(Ljava/lang/String;CZ)Ljava/lang/String; @ 219 c2
Event: 570.341 Thread 0x000001db51e22c70 DEOPT PACKING pc=0x000001db427a0ab0 sp=0x00000006cf2f96f0
Event: 570.341 Thread 0x000001db51e22c70 DEOPT UNPACKING pc=0x000001db41e023a3 sp=0x00000006cf2f9688 mode 2
Event: 570.629 Thread 0x000001db51e22c70 Uncommon trap: trap_request=0xffffff45 fr.pc=0x000001db4239c35c relative=0x000000000000049c
Event: 570.629 Thread 0x000001db51e22c70 Uncommon trap: reason=unstable_if action=reinterpret pc=0x000001db4239c35c method=java.util.StringJoiner.add(Ljava/lang/CharSequence;)Ljava/util/StringJoiner; @ 33 c2
Event: 570.629 Thread 0x000001db51e22c70 DEOPT PACKING pc=0x000001db4239c35c sp=0x00000006cf2f6dc0
Event: 570.629 Thread 0x000001db51e22c70 DEOPT UNPACKING pc=0x000001db41e023a3 sp=0x00000006cf2f6d70 mode 2

Classes unloaded (0 events):
No events

Classes redefined (0 events):
No events

Internal exceptions (20 events):
Event: 546.864 Thread 0x000001db51e22c70 Exception <a 'java/lang/ClassNotFoundException'{0x0000000089b04340}: org/gradle/api/internal/artifacts/configurations/DefaultConfigurationBeanInfo> (0x0000000089b04340) 
thrown [s\open\src\hotspot\share\classfile\systemDictionary.cpp, line 256]
Event: 546.866 Thread 0x000001db51e22c70 Exception <a 'java/lang/ClassNotFoundException'{0x0000000089b171a0}: org/gradle/api/internal/file/AbstractFileCollectionBeanInfo> (0x0000000089b171a0) 
thrown [s\open\src\hotspot\share\classfile\systemDictionary.cpp, line 256]
Event: 546.867 Thread 0x000001db51e22c70 Exception <a 'java/lang/ClassNotFoundException'{0x0000000089b29fd0}: org/gradle/api/internal/file/AbstractFileCollectionCustomizer> (0x0000000089b29fd0) 
thrown [s\open\src\hotspot\share\classfile\systemDictionary.cpp, line 256]
Event: 546.869 Thread 0x000001db51e22c70 Exception <a 'java/lang/ClassNotFoundException'{0x0000000089b533d0}: org/gradle/api/internal/artifacts/configurations/DefaultConfigurationCustomizer> (0x0000000089b533d0) 
thrown [s\open\src\hotspot\share\classfile\systemDictionary.cpp, line 256]
Event: 546.874 Thread 0x000001db51e22c70 Exception <a 'java/lang/ClassNotFoundException'{0x0000000089bc96f8}: org/gradle/api/internal/artifacts/configurations/DefaultConfiguration_DecoratedCustomizer> (0x0000000089bc96f8) 
thrown [s\open\src\hotspot\share\classfile\systemDictionary.cpp, line 256]
Event: 546.883 Thread 0x000001db51e22c70 Exception <a 'java/lang/ClassNotFoundException'{0x0000000089a9c6d8}: org/gradle/api/internal/artifacts/ivyservice/resolutionstrategy/DefaultResolutionStrategy_DecoratedBeanInfo> (0x0000000089a9c6d8) 
thrown [s\open\src\hotspot\share\classfile\systemDictionary.cpp, line 256]
Event: 546.884 Thread 0x000001db51e22c70 Exception <a 'java/lang/ClassNotFoundException'{0x0000000089ab5a18}: org/gradle/api/internal/artifacts/ivyservice/resolutionstrategy/DefaultResolutionStrategyBeanInfo> (0x0000000089ab5a18) 
thrown [s\open\src\hotspot\share\classfile\systemDictionary.cpp, line 256]
Event: 546.885 Thread 0x000001db51e22c70 Exception <a 'java/lang/ClassNotFoundException'{0x0000000089aced50}: org/gradle/api/internal/artifacts/ivyservice/resolutionstrategy/DefaultResolutionStrategyCustomizer> (0x0000000089aced50) 
thrown [s\open\src\hotspot\share\classfile\systemDictionary.cpp, line 256]
Event: 546.889 Thread 0x000001db51e22c70 Exception <a 'java/lang/ClassNotFoundException'{0x0000000089913730}: org/gradle/api/internal/artifacts/ivyservice/resolutionstrategy/DefaultResolutionStrategy_DecoratedCustomizer> (0x0000000089913730) 
thrown [s\open\src\hotspot\share\classfile\systemDictionary.cpp, line 256]
Event: 547.305 Thread 0x000001db51e22c70 Implicit null exception at 0x000001db42502d8c to 0x000001db42502ec6
Event: 547.816 Thread 0x000001db51e22c70 Exception <a 'sun/nio/fs/WindowsException'{0x0000000088e955d0}> (0x0000000088e955d0) 
thrown [s\open\src\hotspot\share\prims\jni.cpp, line 516]
Event: 570.334 Thread 0x000001db51e22c70 Exception <a 'java/lang/ClassNotFoundException'{0x000000008dda99c0}: react_7xqgytysors3idtixkp5gvrrzBeanInfo> (0x000000008dda99c0) 
thrown [s\open\src\hotspot\share\classfile\systemDictionary.cpp, line 256]
Event: 570.335 Thread 0x000001db51e22c70 Exception <a 'java/lang/ClassNotFoundException'{0x000000008ddb1728}: react_7xqgytysors3idtixkp5gvrrzCustomizer> (0x000000008ddb1728) 
thrown [s\open\src\hotspot\share\classfile\systemDictionary.cpp, line 256]
Event: 570.625 Thread 0x000001db51e22c70 Exception <a 'java/lang/ClassNotFoundException'{0x000000008d91c0f8}: com/android/build/gradle/internal/dsl/BaseAppModuleExtension_DecoratedBeanInfo> (0x000000008d91c0f8) 
thrown [s\open\src\hotspot\share\classfile\systemDictionary.cpp, line 256]
Event: 570.625 Thread 0x000001db51e22c70 Exception <a 'java/lang/ClassNotFoundException'{0x000000008d9254a8}: com/android/build/gradle/internal/dsl/BaseAppModuleExtensionBeanInfo> (0x000000008d9254a8) 
thrown [s\open\src\hotspot\share\classfile\systemDictionary.cpp, line 256]
Event: 570.626 Thread 0x000001db51e22c70 Exception <a 'java/lang/ClassNotFoundException'{0x000000008d92e5a0}: com/android/build/gradle/AppExtensionBeanInfo> (0x000000008d92e5a0) 
thrown [s\open\src\hotspot\share\classfile\systemDictionary.cpp, line 256]
Event: 570.626 Thread 0x000001db51e22c70 Exception <a 'java/lang/ClassNotFoundException'{0x000000008d937740}: com/android/build/gradle/AbstractAppExtensionBeanInfo> (0x000000008d937740) 
thrown [s\open\src\hotspot\share\classfile\systemDictionary.cpp, line 256]
Event: 570.627 Thread 0x000001db51e22c70 Exception <a 'java/lang/ClassNotFoundException'{0x000000008d940b40}: com/android/build/gradle/TestedExtensionBeanInfo> (0x000000008d940b40) 
thrown [s\open\src\hotspot\share\classfile\systemDictionary.cpp, line 256]
Event: 570.628 Thread 0x000001db51e22c70 Exception <a 'java/lang/ClassNotFoundException'{0x000000008d94a430}: com/android/build/gradle/BaseExtensionBeanInfo> (0x000000008d94a430) 
thrown [s\open\src\hotspot\share\classfile\systemDictionary.cpp, line 256]
Event: 570.628 Thread 0x000001db51e22c70 Exception <a 'java/lang/ClassNotFoundException'{0x000000008d9537f8}: com/android/build/gradle/BaseExtensionCustomizer> (0x000000008d9537f8) 
thrown [s\open\src\hotspot\share\classfile\systemDictionary.cpp, line 256]

VM Operations (20 events):
Event: 547.391 Executing VM operation: HandshakeAllThreads
Event: 547.392 Executing VM operation: HandshakeAllThreads done
Event: 548.393 Executing VM operation: Cleanup
Event: 548.571 Executing VM operation: Cleanup done
Event: 549.551 Executing VM operation: G1CollectForAllocation
Event: 549.567 Executing VM operation: G1CollectForAllocation done
Event: 550.579 Executing VM operation: Cleanup
Event: 550.686 Executing VM operation: Cleanup done
Event: 551.700 Executing VM operation: Cleanup
Event: 551.700 Executing VM operation: Cleanup done
Event: 555.744 Executing VM operation: Cleanup
Event: 555.744 Executing VM operation: Cleanup done
Event: 558.773 Executing VM operation: Cleanup
Event: 558.773 Executing VM operation: Cleanup done
Event: 566.849 Executing VM operation: Cleanup
Event: 566.849 Executing VM operation: Cleanup done
Event: 568.871 Executing VM operation: Cleanup
Event: 568.871 Executing VM operation: Cleanup done
Event: 569.883 Executing VM operation: Cleanup
Event: 570.036 Executing VM operation: Cleanup done

Events (20 events):
Event: 547.552 loading class sun/security/util/ManifestEntryVerifier$SunProviderHolder
Event: 547.553 loading class sun/security/util/ManifestEntryVerifier$SunProviderHolder done
Event: 547.816 loading class sun/nio/fs/WindowsException
Event: 547.816 loading class sun/nio/fs/WindowsException done
Event: 548.599 Thread 0x000001db53d969f0 Thread added: 0x000001db53d969f0
Event: 548.739 Thread 0x000001db53d969f0 Thread exited: 0x000001db53d969f0
Event: 549.433 loading class java/security/KeyStore
Event: 549.433 loading class java/security/KeyStore done
Event: 549.433 loading class java/security/KeyStore$1
Event: 549.434 loading class java/security/KeyStore$1 done
Event: 549.888 loading class sun/reflect/annotation/AnnotationInvocationHandler$1
Event: 549.889 loading class sun/reflect/annotation/AnnotationInvocationHandler$1 done
Event: 550.114 Thread 0x000001db51947030 Thread added: 0x000001db51947030
Event: 550.319 Thread 0x000001db51947030 Thread exited: 0x000001db51947030
Event: 550.339 loading class jdk/internal/vm/annotation/ForceInline
Event: 550.339 loading class jdk/internal/vm/annotation/ForceInline done
Event: 550.351 Thread 0x000001db51947030 Thread added: 0x000001db51947030
Event: 550.686 Thread 0x000001db51947030 Thread exited: 0x000001db51947030
Event: 550.698 loading class java/util/regex/Pattern$Caret
Event: 550.698 loading class java/util/regex/Pattern$Caret done


Dynamic libraries:
0x00007ff7e7ac0000 - 0x00007ff7e7ad0000 	C:\Program Files\Java\jdk-17\bin\java.exe
0x00007ffc233f0000 - 0x00007ffc235e8000 	C:\Windows\SYSTEM32\ntdll.dll
0x00007ffc22a20000 - 0x00007ffc22add000 	C:\Windows\System32\KERNEL32.DLL
0x00007ffc20f00000 - 0x00007ffc211f6000 	C:\Windows\System32\KERNELBASE.dll
0x00007ffc20c20000 - 0x00007ffc20d20000 	C:\Windows\System32\ucrtbase.dll
0x00007ffc18540000 - 0x00007ffc18559000 	C:\Program Files\Java\jdk-17\bin\jli.dll
0x00007ffc22010000 - 0x00007ffc220be000 	C:\Windows\System32\ADVAPI32.dll
0x00007ffc220c0000 - 0x00007ffc2215e000 	C:\Windows\System32\msvcrt.dll
0x00007ffc22af0000 - 0x00007ffc22b8c000 	C:\Windows\System32\sechost.dll
0x00007ffc215b0000 - 0x00007ffc216d6000 	C:\Windows\System32\RPCRT4.dll
0x00007ffc22320000 - 0x00007ffc224be000 	C:\Windows\System32\USER32.dll
0x00007ffc20ad0000 - 0x00007ffc20af2000 	C:\Windows\System32\win32u.dll
0x00007ffc218e0000 - 0x00007ffc2190c000 	C:\Windows\System32\GDI32.dll
0x00007ffc20b00000 - 0x00007ffc20c1a000 	C:\Windows\System32\gdi32full.dll
0x00007ffc20e60000 - 0x00007ffc20efd000 	C:\Windows\System32\msvcp_win.dll
0x00007ffc18560000 - 0x00007ffc1857b000 	C:\Program Files\Java\jdk-17\bin\VCRUNTIME140.dll
0x00007ffbfcec0000 - 0x00007ffbfd15a000 	C:\Windows\WinSxS\amd64_microsoft.windows.common-controls_6595b64144ccf1df_6.0.19041.1110_none_60b5254171f9507e\COMCTL32.dll
0x00007ffc17e10000 - 0x00007ffc17e1a000 	C:\Windows\SYSTEM32\VERSION.dll
0x00007ffc22580000 - 0x00007ffc225b0000 	C:\Windows\System32\IMM32.DLL
0x00007ffc19450000 - 0x00007ffc1945c000 	C:\Program Files\Java\jdk-17\bin\vcruntime140_1.dll
0x00007ffbf8850000 - 0x00007ffbf88de000 	C:\Program Files\Java\jdk-17\bin\msvcp140.dll
0x00007ffb91410000 - 0x00007ffb91fed000 	C:\Program Files\Java\jdk-17\bin\server\jvm.dll
0x00007ffc22ae0000 - 0x00007ffc22ae8000 	C:\Windows\System32\PSAPI.DLL
0x00007ffbfbe50000 - 0x00007ffbfbe59000 	C:\Windows\SYSTEM32\WSOCK32.dll
0x00007ffc22210000 - 0x00007ffc2227b000 	C:\Windows\System32\WS2_32.dll
0x00007ffc0ff20000 - 0x00007ffc0ff47000 	C:\Windows\SYSTEM32\WINMM.dll
0x00007ffc1f2f0000 - 0x00007ffc1f302000 	C:\Windows\SYSTEM32\kernel.appcore.dll
0x00007ffc18810000 - 0x00007ffc1881a000 	C:\Program Files\Java\jdk-17\bin\jimage.dll
0x00007ffc1b6c0000 - 0x00007ffc1b8a4000 	C:\Windows\SYSTEM32\DBGHELP.DLL
0x00007ffc0efa0000 - 0x00007ffc0efd4000 	C:\Windows\SYSTEM32\dbgcore.DLL
0x00007ffc20d20000 - 0x00007ffc20da2000 	C:\Windows\System32\bcryptPrimitives.dll
0x00007ffc16420000 - 0x00007ffc16445000 	C:\Program Files\Java\jdk-17\bin\java.dll
0x00007ffbf59b0000 - 0x00007ffbf5a87000 	C:\Program Files\Java\jdk-17\bin\jsvml.dll
0x00007ffc22c60000 - 0x00007ffc233a5000 	C:\Windows\System32\SHELL32.dll
0x00007ffc1eb10000 - 0x00007ffc1f2ab000 	C:\Windows\SYSTEM32\windows.storage.dll
0x00007ffc21b00000 - 0x00007ffc21e54000 	C:\Windows\System32\combase.dll
0x00007ffc20440000 - 0x00007ffc2046e000 	C:\Windows\SYSTEM32\Wldp.dll
0x00007ffc22160000 - 0x00007ffc2220d000 	C:\Windows\System32\SHCORE.dll
0x00007ffc21450000 - 0x00007ffc214a5000 	C:\Windows\System32\shlwapi.dll
0x00007ffc20a00000 - 0x00007ffc20a25000 	C:\Windows\SYSTEM32\profapi.dll
0x00007ffc18230000 - 0x00007ffc18249000 	C:\Program Files\Java\jdk-17\bin\net.dll
0x00007ffc16cb0000 - 0x00007ffc16dba000 	C:\Windows\SYSTEM32\WINHTTP.dll
0x00007ffc201a0000 - 0x00007ffc2020a000 	C:\Windows\system32\mswsock.dll
0x00007ffc16af0000 - 0x00007ffc16b06000 	C:\Program Files\Java\jdk-17\bin\nio.dll
0x00007ffc16400000 - 0x00007ffc16418000 	C:\Program Files\Java\jdk-17\bin\zip.dll
0x00007ffc18530000 - 0x00007ffc18540000 	C:\Program Files\Java\jdk-17\bin\verify.dll
0x00007ffc163d0000 - 0x00007ffc163f7000 	C:\Users\ss\.gradle\native\e1d6ef7f7dcc3fd88c89a11ec53ec762bb8ba0a96d01ffa2cd45eb1d1d8dd5c5\windows-amd64\native-platform.dll
0x00007ffbf4650000 - 0x00007ffbf4794000 	C:\Users\ss\.gradle\native\5664cfc778a61ccfe75a443a1ab52a65af34e5dc3c78e0209fed803814484fcb\windows-amd64\native-platform-file-events.dll
0x00007ffc18120000 - 0x00007ffc1812a000 	C:\Program Files\Java\jdk-17\bin\management.dll
0x00007ffc0cc40000 - 0x00007ffc0cc4b000 	C:\Program Files\Java\jdk-17\bin\management_ext.dll
0x00007ffc203a0000 - 0x00007ffc203b8000 	C:\Windows\SYSTEM32\CRYPTSP.dll
0x00007ffc1fab0000 - 0x00007ffc1fae4000 	C:\Windows\system32\rsaenh.dll
0x00007ffc21270000 - 0x00007ffc21297000 	C:\Windows\System32\bcrypt.dll
0x00007ffc209c0000 - 0x00007ffc209ee000 	C:\Windows\SYSTEM32\USERENV.dll
0x00007ffc20390000 - 0x00007ffc2039c000 	C:\Windows\SYSTEM32\CRYPTBASE.dll
0x00007ffc1fe90000 - 0x00007ffc1fecb000 	C:\Windows\SYSTEM32\IPHLPAPI.DLL
0x00007ffc22570000 - 0x00007ffc22578000 	C:\Windows\System32\NSI.dll
0x00007ffc170f0000 - 0x00007ffc17107000 	C:\Windows\SYSTEM32\dhcpcsvc6.DLL
0x00007ffc175e0000 - 0x00007ffc175fd000 	C:\Windows\SYSTEM32\dhcpcsvc.DLL
0x00007ffc1fed0000 - 0x00007ffc1ff9a000 	C:\Windows\SYSTEM32\DNSAPI.dll
0x00007ffc074c0000 - 0x00007ffc074cd000 	C:\Program Files\Java\jdk-17\bin\sunmscapi.dll
0x00007ffc212f0000 - 0x00007ffc2144e000 	C:\Windows\System32\CRYPT32.dll
0x00007ffc204b0000 - 0x00007ffc204d8000 	C:\Windows\SYSTEM32\ncrypt.dll
0x00007ffc20470000 - 0x00007ffc204ab000 	C:\Windows\SYSTEM32\NTASN1.dll
0x00007ffbf8730000 - 0x00007ffbf8737000 	C:\Windows\system32\wshunix.dll

dbghelp: loaded successfully - version: 4.0.5 - missing functions: none
symbol engine: initialized successfully - sym options: 0x614 - pdb path: .;C:\Program Files\Java\jdk-17\bin;C:\Windows\SYSTEM32;C:\Windows\WinSxS\amd64_microsoft.windows.common-controls_6595b64144ccf1df_6.0.19041.1110_none_60b5254171f9507e;C:\Program Files\Java\jdk-17\bin\server;C:\Users\ss\.gradle\native\e1d6ef7f7dcc3fd88c89a11ec53ec762bb8ba0a96d01ffa2cd45eb1d1d8dd5c5\windows-amd64;C:\Users\ss\.gradle\native\5664cfc778a61ccfe75a443a1ab52a65af34e5dc3c78e0209fed803814484fcb\windows-amd64

VM Arguments:
jvm_args: -XX:MaxMetaspaceSize=512m --add-opens=java.base/java.util=ALL-UNNAMED --add-opens=java.base/java.lang=ALL-UNNAMED --add-opens=java.base/java.lang.invoke=ALL-UNNAMED --add-opens=java.base/java.util=ALL-UNNAMED --add-opens=java.prefs/java.util.prefs=ALL-UNNAMED --add-opens=java.prefs/java.util.prefs=ALL-UNNAMED --add-opens=java.base/java.nio.charset=ALL-UNNAMED --add-opens=java.base/java.net=ALL-UNNAMED --add-opens=java.base/java.util.concurrent.atomic=ALL-UNNAMED -Xmx2048m -Dfile.encoding=windows-1252 -Duser.country=IN -Duser.language=en -Duser.variant 
java_command: org.gradle.launcher.daemon.bootstrap.GradleDaemon 7.3.3
java_class_path (initial): C:\Users\ss\.gradle\wrapper\dists\gradle-7.3.3-all\4295vidhdd9hd3gbjyw1xqxpo\gradle-7.3.3\lib\gradle-launcher-7.3.3.jar
Launcher Type: SUN_STANDARD

[Global flags]
     intx CICompilerCount                          = 3                                         {product} {ergonomic}
   size_t CompressedClassSpaceSize                 = 432013312                                 {product} {ergonomic}
     uint ConcGCThreads                            = 1                                         {product} {ergonomic}
     uint G1ConcRefinementThreads                  = 4                                         {product} {ergonomic}
   size_t G1HeapRegionSize                         = 1048576                                   {product} {ergonomic}
    uintx GCDrainStackTargetSize                   = 64                                        {product} {ergonomic}
   size_t InitialHeapSize                          = 268435456                                 {product} {ergonomic}
   size_t MarkStackSize                            = 4194304                                   {product} {ergonomic}
   size_t MaxHeapSize                              = 2147483648                                {product} {command line}
   size_t MaxMetaspaceSize                         = 536870912                                 {product} {command line}
   size_t MaxNewSize                               = 1287651328                                {product} {ergonomic}
   size_t MinHeapDeltaBytes                        = 1048576                                   {product} {ergonomic}
   size_t MinHeapSize                              = 8388608                                   {product} {ergonomic}
    uintx NonNMethodCodeHeapSize                   = 5832780                                {pd product} {ergonomic}
    uintx NonProfiledCodeHeapSize                  = 122912730                              {pd product} {ergonomic}
    uintx ProfiledCodeHeapSize                     = 122912730                              {pd product} {ergonomic}
    uintx ReservedCodeCacheSize                    = 251658240                              {pd product} {ergonomic}
     bool SegmentedCodeCache                       = true                                      {product} {ergonomic}
   size_t SoftMaxHeapSize                          = 2147483648                             {manageable} {ergonomic}
     bool UseCompressedClassPointers               = true                           {product lp64_product} {ergonomic}
     bool UseCompressedOops                        = true                           {product lp64_product} {ergonomic}
     bool UseG1GC                                  = true                                      {product} {ergonomic}
     bool UseLargePagesIndividualAllocation        = false                                  {pd product} {ergonomic}

Logging:
Log output configuration:
 #0: stdout all=warning uptime,level,tags
 #1: stderr all=off uptime,level,tags

Environment Variables:
CLASSPATH=C:\Users\ss\Desktop\teachers-vision\android\\gradle\wrapper\gradle-wrapper.jar
PATH=C:\Users\ss\Desktop\teachers-vision\android\node_modules\.bin;C:\Users\ss\Desktop\teachers-vision\node_modules\.bin;C:\Users\ss\Desktop\node_modules\.bin;C:\Users\ss\node_modules\.bin;C:\Users\node_modules\.bin;C:\node_modules\.bin;C:\Program Files\nodejs;C:\Users\ss\Desktop\teachers-vision\node_modules\.bin;C:\Users\ss\Desktop\teachers-vision\node_modules\.bin;C:\Users\ss\Desktop\node_modules\.bin;C:\Users\ss\node_modules\.bin;C:\Users\node_modules\.bin;C:\node_modules\.bin;C:\Users\ss\AppData\Roaming\nvm\v16.16.0\node_modules\npm\node_modules\@npmcli\run-script\lib\node-gyp-bin;C:\Users\ss\Desktop\teachers-vision\node_modules\.bin;C:\Users\ss\Desktop\node_modules\.bin;C:\Users\ss\node_modules\.bin;C:\Users\node_modules\.bin;C:\node_modules\.bin;C:\Program Files\nodejs;C:\Users\ss\Desktop\teachers-vision\node_modules\.bin;C:\Users\ss\Desktop\teachers-vision\node_modules\.bin;C:\Users\ss\Desktop\node_modules\.bin;C:\Users\ss\node_modules\.bin;C:\Users\node_modules\.bin;C:\node_modules\.bin;C:\Users\ss\AppData\Roaming\nvm\v16.16.0\node_modules\npm\node_modules\@npmcli\run-script\lib\node-gyp-bin;C:\Program Files\Common Files\Oracle\Java\javapath;C:\Program Files (x86)\Common Files\Oracle\Java\javapath;C:\Program Files\Microsoft\jdk-11.0.18.10-hotspot\bin;C:\Program Files\Microsoft MPI\Bin\;C:\Windows\system32;C:\Windows;C:\Windows\System32\Wbem;C:\Windows\System32\WindowsPowerShell\v1.0\;C:\Windows\System32\OpenSSH\;C:\ProgramData\chocolatey\bin;C:\Users\ss\AppData\Local\Android\Sdk\platform-tools;C:\Program Files\Git\cmd;C:\Program Files\Microsoft SQL Server\150\Tools\Binn\;C:\Program Files (x86)\Microsoft SQL Server\160\Tools\Binn\;C:\Program Files\Microsoft SQL Server\160\Tools\Binn\;C:\Program Files\Microsoft SQL Server\Client SDK\ODBC\170\Tools\Binn\;C:\Program Files\Microsoft SQL Server\160\DTS\Binn\;C:\Program Files\dotnet\;C:\Program Files (x86)\dotnet\;C:\Program Files (x86)\Microsoft SQL Server\160\DTS\Binn\;C:\Program Files (x86)\Microsoft SQL Server\150
USERNAME=ss
LANG=en_US.UTF-8
OS=Windows_NT
PROCESSOR_IDENTIFIER=Intel64 Family 6 Model 142 Stepping 9, GenuineIntel



---------------  S Y S T E M  ---------------

OS:
 Windows 10 , 64 bit Build 19041 (10.0.19041.3393)
OS uptime: 2 days 0:24 hours

CPU: total 4 (initial active 4) (2 cores per cpu, 2 threads per core) family 6 model 142 stepping 9 microcode 0xb4, cx8, cmov, fxsr, ht, mmx, 3dnowpref, sse, sse2, sse3, ssse3, sse4.1, sse4.2, popcnt, lzcnt, tsc, tscinvbit, avx, avx2, aes, erms, clmul, bmi1, bmi2, adx, fma, vzeroupper, clflush, clflushopt

Memory: 4k page, system-wide physical 16263M (735M free)
TotalPageFile size 23984M (AvailPageFile size 432M)
current process WorkingSet (physical memory assigned to process): 412M, peak: 438M
current process commit charge ("private bytes"): 477M, peak: 505M

vm_info: Java HotSpot(TM) 64-Bit Server VM (17.0.7+8-LTS-224) for windows-amd64 JRE (17.0.7+8-LTS-224), built on Feb 28 2023 23:03:02 by "mach5one" with MS VC++ 17.1 (VS2022)

END.
