#
# There is insufficient memory for the Java Runtime Environment to continue.
# Native memory allocation (malloc) failed to allocate 301152 bytes for Chunk::new
# Possible reasons:
#   The system is out of physical RAM or swap space
#   The process is running with CompressedOops enabled, and the Java Heap may be blocking the growth of the native heap
# Possible solutions:
#   Reduce memory load on the system
#   Increase physical memory or swap space
#   Check if swap backing store is full
#   Decrease Java heap size (-Xmx/-Xms)
#   Decrease number of Java threads
#   Decrease Java thread stack sizes (-Xss)
#   Set larger code cache with -XX:ReservedCodeCacheSize=
#   JVM is running with Unscaled Compressed Oops mode in which the Java heap is
#     placed in the first 4GB address space. The Java Heap base address is the
#     maximum limit for the native heap growth. Please use -XX:HeapBaseMinAddress
#     to set the Java Heap base and to place the Java Heap above 4GB virtual address.
# This output file may be truncated or incomplete.
#
#  Out of Memory Error (arena.cpp:189), pid=20132, tid=21008
#
# JRE version: Java(TM) SE Runtime Environment (17.0.7+8) (build 17.0.7+8-LTS-224)
# Java VM: Java HotSpot(TM) 64-Bit Server VM (17.0.7+8-LTS-224, mixed mode, sharing, tiered, compressed oops, compressed class ptrs, g1 gc, windows-amd64)
# No core dump will be written. Minidumps are not enabled by default on client versions of Windows
#

---------------  S U M M A R Y ------------

Command Line: -Xmx64m -Xms64m -Dorg.gradle.appname=gradlew org.gradle.wrapper.GradleWrapperMain app:installDebug -PreactNativeDevServerPort=8081

Host: Intel(R) Core(TM) i5-7200U CPU @ 2.50GHz, 4 cores, 15G,  Windows 10 , 64 bit Build 19041 (10.0.19041.3155)
Time: Fri Sep  1 13:25:07 2023 India Standard Time elapsed time: 615.604247 seconds (0d 0h 10m 15s)

---------------  T H R E A D  ---------------

Current thread (0x000001c0e1cf2720):  JavaThread "C2 CompilerThread0" daemon [_thread_in_native, id=21008, stack(0x00000066b6800000,0x00000066b6900000)]


Current CompileTask:
C2: 615604 1704       4       org.gradle.internal.logging.console.AbstractUserInputRenderer::onOutput (70 bytes)

Stack: [0x00000066b6800000,0x00000066b6900000]
Native frames: (J=compiled Java code, j=interpreted, Vv=VM code, C=native code)
V  [jvm.dll+0x676a4a]
V  [jvm.dll+0x7d74f4]
V  [jvm.dll+0x7d8c9e]
V  [jvm.dll+0x7d9303]
V  [jvm.dll+0x2452c5]
V  [jvm.dll+0xaaa2b]
V  [jvm.dll+0xaafcc]
V  [jvm.dll+0x36141e]
V  [jvm.dll+0x32bba1]
V  [jvm.dll+0x32b03a]
V  [jvm.dll+0x217acf]
V  [jvm.dll+0x216f01]
V  [jvm.dll+0x1a35e0]
V  [jvm.dll+0x226a6e]
V  [jvm.dll+0x224e15]
V  [jvm.dll+0x78d05c]
V  [jvm.dll+0x78759a]
V  [jvm.dll+0x675875]
C  [ucrtbase.dll+0x21bb2]
C  [KERNEL32.DLL+0x17614]
C  [ntdll.dll+0x526b1]


---------------  P R O C E S S  ---------------

Threads class SMR info:
_java_thread_list=0x000001c0e28d42c0, length=14, elements={
0x000001c0c8e25430, 0x000001c0c8ef61f0, 0x000001c0c8ef7060, 0x000001c0e1cec650,
0x000001c0e1cee210, 0x000001c0e1cf0bd0, 0x000001c0e1cf1580, 0x000001c0e1cf2720,
0x000001c0e1d5dff0, 0x000001c0e1d61610, 0x000001c0e2827ac0, 0x000001c0e2830650,
0x000001c0e33c86d0, 0x000001c0e2a329c0
}

Java Threads: ( => current thread )
  0x000001c0c8e25430 JavaThread "main" [_thread_blocked, id=17972, stack(0x00000066b5a00000,0x00000066b5b00000)]
  0x000001c0c8ef61f0 JavaThread "Reference Handler" daemon [_thread_blocked, id=15864, stack(0x00000066b6200000,0x00000066b6300000)]
  0x000001c0c8ef7060 JavaThread "Finalizer" daemon [_thread_blocked, id=14592, stack(0x00000066b6300000,0x00000066b6400000)]
  0x000001c0e1cec650 JavaThread "Signal Dispatcher" daemon [_thread_blocked, id=14460, stack(0x00000066b6400000,0x00000066b6500000)]
  0x000001c0e1cee210 JavaThread "Attach Listener" daemon [_thread_blocked, id=22196, stack(0x00000066b6500000,0x00000066b6600000)]
  0x000001c0e1cf0bd0 JavaThread "Service Thread" daemon [_thread_blocked, id=12196, stack(0x00000066b6600000,0x00000066b6700000)]
  0x000001c0e1cf1580 JavaThread "Monitor Deflation Thread" daemon [_thread_blocked, id=21080, stack(0x00000066b6700000,0x00000066b6800000)]
=>0x000001c0e1cf2720 JavaThread "C2 CompilerThread0" daemon [_thread_in_native, id=21008, stack(0x00000066b6800000,0x00000066b6900000)]
  0x000001c0e1d5dff0 JavaThread "C1 CompilerThread0" daemon [_thread_blocked, id=12736, stack(0x00000066b6900000,0x00000066b6a00000)]
  0x000001c0e1d61610 JavaThread "Sweeper thread" daemon [_thread_blocked, id=17880, stack(0x00000066b6a00000,0x00000066b6b00000)]
  0x000001c0e2827ac0 JavaThread "Notification Thread" daemon [_thread_blocked, id=7012, stack(0x00000066b6b00000,0x00000066b6c00000)]
  0x000001c0e2830650 JavaThread "Common-Cleaner" daemon [_thread_blocked, id=18680, stack(0x00000066b6d00000,0x00000066b6e00000)]
  0x000001c0e33c86d0 JavaThread "pool-1-thread-1" [_thread_blocked, id=21440, stack(0x00000066b7100000,0x00000066b7200000)]
  0x000001c0e2a329c0 JavaThread "Logging-Cleaner" [_thread_new, id=19400, stack(0x0000000000000000,0x0000000000000000)]

Other Threads:
  0x000001c0c8ef0580 VMThread "VM Thread" [stack: 0x00000066b6100000,0x00000066b6200000] [id=5836]
  0x000001c0e2829fa0 WatcherThread [stack: 0x00000066b6c00000,0x00000066b6d00000] [id=15100]
  0x000001c0c8e450c0 GCTaskThread "GC Thread#0" [stack: 0x00000066b5c00000,0x00000066b5d00000] [id=20500]
  0x000001c0e2bd2c80 GCTaskThread "GC Thread#1" [stack: 0x00000066b6e00000,0x00000066b6f00000] [id=22220]
  0x000001c0e2c735b0 GCTaskThread "GC Thread#2" [stack: 0x00000066b6f00000,0x00000066b7000000] [id=12332]
  0x000001c0e2bdfb60 GCTaskThread "GC Thread#3" [stack: 0x00000066b7000000,0x00000066b7100000] [id=9528]
  0x000001c0c8e46800 ConcurrentGCThread "G1 Main Marker" [stack: 0x00000066b5d00000,0x00000066b5e00000] [id=16056]
  0x000001c0c8e47210 ConcurrentGCThread "G1 Conc#0" [stack: 0x00000066b5e00000,0x00000066b5f00000] [id=1984]
  0x000001c0c8e92d40 ConcurrentGCThread "G1 Refine#0" [stack: 0x00000066b5f00000,0x00000066b6000000] [id=15612]
  0x000001c0c8e93760 ConcurrentGCThread "G1 Service" [stack: 0x00000066b6000000,0x00000066b6100000] [id=15976]

Threads with active compile tasks:
C2 CompilerThread0   615637 1704       4       org.gradle.internal.logging.console.AbstractUserInputRenderer::onOutput (70 bytes)

VM state: not at safepoint (normal execution)

VM Mutex/Monitor currently owned by a thread: None

Heap address: 0x00000000fc000000, size: 64 MB, Compressed Oops mode: 32-bit

CDS archive(s) mapped at: [0x0000000800000000-0x0000000800bd0000-0x0000000800bd0000), size 12386304, SharedBaseAddress: 0x0000000800000000, ArchiveRelocationMode: 0.
Compressed class space mapped at: 0x0000000800c00000-0x0000000840c00000, reserved size: 1073741824
Narrow klass base: 0x0000000800000000, Narrow klass shift: 0, Narrow klass range: 0x100000000

GC Precious Log:
 CPUs: 4 total, 4 available
 Memory: 16263M
 Large Page Support: Disabled
 NUMA Support: Disabled
 Compressed Oops: Enabled (32-bit)
 Heap Region Size: 1M
 Heap Min Capacity: 64M
 Heap Initial Capacity: 64M
 Heap Max Capacity: 64M
 Pre-touch: Disabled
 Parallel Workers: 4
 Concurrent Workers: 1
 Concurrent Refinement Workers: 4
 Periodic GC: Disabled

Heap:
 garbage-first heap   total 65536K, used 23037K [0x00000000fc000000, 0x0000000100000000)
  region size 1024K, 17 young (17408K), 3 survivors (3072K)
 Metaspace       used 9249K, committed 9408K, reserved 1056768K
  class space    used 1215K, committed 1280K, reserved 1048576K

Heap Regions: E=young(eden), S=young(survivor), O=old, HS=humongous(starts), HC=humongous(continues), CS=collection set, F=free, OA=open archive, CA=closed archive, TAMS=top-at-mark-start (previous, next)
|   0|0x00000000fc000000, 0x00000000fc100000, 0x00000000fc100000|100%|HS|  |TAMS 0x00000000fc000000, 0x00000000fc000000| Complete 
|   1|0x00000000fc100000, 0x00000000fc200000, 0x00000000fc200000|100%|HC|  |TAMS 0x00000000fc100000, 0x00000000fc100000| Complete 
|   2|0x00000000fc200000, 0x00000000fc300000, 0x00000000fc300000|100%|HC|  |TAMS 0x00000000fc200000, 0x00000000fc200000| Complete 
|   3|0x00000000fc300000, 0x00000000fc400000, 0x00000000fc400000|100%| O|  |TAMS 0x00000000fc300000, 0x00000000fc300000| Untracked 
|   4|0x00000000fc400000, 0x00000000fc500000, 0x00000000fc500000|100%| O|  |TAMS 0x00000000fc400000, 0x00000000fc400000| Untracked 
|   5|0x00000000fc500000, 0x00000000fc600000, 0x00000000fc600000|100%| O|  |TAMS 0x00000000fc500000, 0x00000000fc500000| Untracked 
|   6|0x00000000fc600000, 0x00000000fc67f400, 0x00000000fc700000| 49%| O|  |TAMS 0x00000000fc600000, 0x00000000fc600000| Untracked 
|   7|0x00000000fc700000, 0x00000000fc700000, 0x00000000fc800000|  0%| F|  |TAMS 0x00000000fc700000, 0x00000000fc700000| Untracked 
|   8|0x00000000fc800000, 0x00000000fc800000, 0x00000000fc900000|  0%| F|  |TAMS 0x00000000fc800000, 0x00000000fc800000| Untracked 
|   9|0x00000000fc900000, 0x00000000fc900000, 0x00000000fca00000|  0%| F|  |TAMS 0x00000000fc900000, 0x00000000fc900000| Untracked 
|  10|0x00000000fca00000, 0x00000000fca00000, 0x00000000fcb00000|  0%| F|  |TAMS 0x00000000fca00000, 0x00000000fca00000| Untracked 
|  11|0x00000000fcb00000, 0x00000000fcb00000, 0x00000000fcc00000|  0%| F|  |TAMS 0x00000000fcb00000, 0x00000000fcb00000| Untracked 
|  12|0x00000000fcc00000, 0x00000000fcc00000, 0x00000000fcd00000|  0%| F|  |TAMS 0x00000000fcc00000, 0x00000000fcc00000| Untracked 
|  13|0x00000000fcd00000, 0x00000000fcd00000, 0x00000000fce00000|  0%| F|  |TAMS 0x00000000fcd00000, 0x00000000fcd00000| Untracked 
|  14|0x00000000fce00000, 0x00000000fce00000, 0x00000000fcf00000|  0%| F|  |TAMS 0x00000000fce00000, 0x00000000fce00000| Untracked 
|  15|0x00000000fcf00000, 0x00000000fcf00000, 0x00000000fd000000|  0%| F|  |TAMS 0x00000000fcf00000, 0x00000000fcf00000| Untracked 
|  16|0x00000000fd000000, 0x00000000fd000000, 0x00000000fd100000|  0%| F|  |TAMS 0x00000000fd000000, 0x00000000fd000000| Untracked 
|  17|0x00000000fd100000, 0x00000000fd100000, 0x00000000fd200000|  0%| F|  |TAMS 0x00000000fd100000, 0x00000000fd100000| Untracked 
|  18|0x00000000fd200000, 0x00000000fd200000, 0x00000000fd300000|  0%| F|  |TAMS 0x00000000fd200000, 0x00000000fd200000| Untracked 
|  19|0x00000000fd300000, 0x00000000fd300000, 0x00000000fd400000|  0%| F|  |TAMS 0x00000000fd300000, 0x00000000fd300000| Untracked 
|  20|0x00000000fd400000, 0x00000000fd400000, 0x00000000fd500000|  0%| F|  |TAMS 0x00000000fd400000, 0x00000000fd400000| Untracked 
|  21|0x00000000fd500000, 0x00000000fd500000, 0x00000000fd600000|  0%| F|  |TAMS 0x00000000fd500000, 0x00000000fd500000| Untracked 
|  22|0x00000000fd600000, 0x00000000fd600000, 0x00000000fd700000|  0%| F|  |TAMS 0x00000000fd600000, 0x00000000fd600000| Untracked 
|  23|0x00000000fd700000, 0x00000000fd700000, 0x00000000fd800000|  0%| F|  |TAMS 0x00000000fd700000, 0x00000000fd700000| Untracked 
|  24|0x00000000fd800000, 0x00000000fd800000, 0x00000000fd900000|  0%| F|  |TAMS 0x00000000fd800000, 0x00000000fd800000| Untracked 
|  25|0x00000000fd900000, 0x00000000fd900000, 0x00000000fda00000|  0%| F|  |TAMS 0x00000000fd900000, 0x00000000fd900000| Untracked 
|  26|0x00000000fda00000, 0x00000000fda00000, 0x00000000fdb00000|  0%| F|  |TAMS 0x00000000fda00000, 0x00000000fda00000| Untracked 
|  27|0x00000000fdb00000, 0x00000000fdb00000, 0x00000000fdc00000|  0%| F|  |TAMS 0x00000000fdb00000, 0x00000000fdb00000| Untracked 
|  28|0x00000000fdc00000, 0x00000000fdc00000, 0x00000000fdd00000|  0%| F|  |TAMS 0x00000000fdc00000, 0x00000000fdc00000| Untracked 
|  29|0x00000000fdd00000, 0x00000000fdd00000, 0x00000000fde00000|  0%| F|  |TAMS 0x00000000fdd00000, 0x00000000fdd00000| Untracked 
|  30|0x00000000fde00000, 0x00000000fde00000, 0x00000000fdf00000|  0%| F|  |TAMS 0x00000000fde00000, 0x00000000fde00000| Untracked 
|  31|0x00000000fdf00000, 0x00000000fdf00000, 0x00000000fe000000|  0%| F|  |TAMS 0x00000000fdf00000, 0x00000000fdf00000| Untracked 
|  32|0x00000000fe000000, 0x00000000fe000000, 0x00000000fe100000|  0%| F|  |TAMS 0x00000000fe000000, 0x00000000fe000000| Untracked 
|  33|0x00000000fe100000, 0x00000000fe100000, 0x00000000fe200000|  0%| F|  |TAMS 0x00000000fe100000, 0x00000000fe100000| Untracked 
|  34|0x00000000fe200000, 0x00000000fe200000, 0x00000000fe300000|  0%| F|  |TAMS 0x00000000fe200000, 0x00000000fe200000| Untracked 
|  35|0x00000000fe300000, 0x00000000fe300000, 0x00000000fe400000|  0%| F|  |TAMS 0x00000000fe300000, 0x00000000fe300000| Untracked 
|  36|0x00000000fe400000, 0x00000000fe400000, 0x00000000fe500000|  0%| F|  |TAMS 0x00000000fe400000, 0x00000000fe400000| Untracked 
|  37|0x00000000fe500000, 0x00000000fe500000, 0x00000000fe600000|  0%| F|  |TAMS 0x00000000fe500000, 0x00000000fe500000| Untracked 
|  38|0x00000000fe600000, 0x00000000fe600000, 0x00000000fe700000|  0%| F|  |TAMS 0x00000000fe600000, 0x00000000fe600000| Untracked 
|  39|0x00000000fe700000, 0x00000000fe700000, 0x00000000fe800000|  0%| F|  |TAMS 0x00000000fe700000, 0x00000000fe700000| Untracked 
|  40|0x00000000fe800000, 0x00000000fe800000, 0x00000000fe900000|  0%| F|  |TAMS 0x00000000fe800000, 0x00000000fe800000| Untracked 
|  41|0x00000000fe900000, 0x00000000fe900000, 0x00000000fea00000|  0%| F|  |TAMS 0x00000000fe900000, 0x00000000fe900000| Untracked 
|  42|0x00000000fea00000, 0x00000000fea00000, 0x00000000feb00000|  0%| F|  |TAMS 0x00000000fea00000, 0x00000000fea00000| Untracked 
|  43|0x00000000feb00000, 0x00000000feb00000, 0x00000000fec00000|  0%| F|  |TAMS 0x00000000feb00000, 0x00000000feb00000| Untracked 
|  44|0x00000000fec00000, 0x00000000fed00000, 0x00000000fed00000|100%| S|CS|TAMS 0x00000000fec00000, 0x00000000fec00000| Complete 
|  45|0x00000000fed00000, 0x00000000fee00000, 0x00000000fee00000|100%| S|CS|TAMS 0x00000000fed00000, 0x00000000fed00000| Complete 
|  46|0x00000000fee00000, 0x00000000fef00000, 0x00000000fef00000|100%| S|CS|TAMS 0x00000000fee00000, 0x00000000fee00000| Complete 
|  47|0x00000000fef00000, 0x00000000fef00000, 0x00000000ff000000|  0%| F|  |TAMS 0x00000000fef00000, 0x00000000fef00000| Untracked 
|  48|0x00000000ff000000, 0x00000000ff000000, 0x00000000ff100000|  0%| F|  |TAMS 0x00000000ff000000, 0x00000000ff000000| Untracked 
|  49|0x00000000ff100000, 0x00000000ff100000, 0x00000000ff200000|  0%| F|  |TAMS 0x00000000ff100000, 0x00000000ff100000| Untracked 
|  50|0x00000000ff200000, 0x00000000ff29a288, 0x00000000ff300000| 60%| E|  |TAMS 0x00000000ff200000, 0x00000000ff200000| Complete 
|  51|0x00000000ff300000, 0x00000000ff400000, 0x00000000ff400000|100%| E|CS|TAMS 0x00000000ff300000, 0x00000000ff300000| Complete 
|  52|0x00000000ff400000, 0x00000000ff500000, 0x00000000ff500000|100%| E|CS|TAMS 0x00000000ff400000, 0x00000000ff400000| Complete 
|  53|0x00000000ff500000, 0x00000000ff600000, 0x00000000ff600000|100%| E|CS|TAMS 0x00000000ff500000, 0x00000000ff500000| Complete 
|  54|0x00000000ff600000, 0x00000000ff700000, 0x00000000ff700000|100%| E|CS|TAMS 0x00000000ff600000, 0x00000000ff600000| Complete 
|  55|0x00000000ff700000, 0x00000000ff800000, 0x00000000ff800000|100%| E|CS|TAMS 0x00000000ff700000, 0x00000000ff700000| Complete 
|  56|0x00000000ff800000, 0x00000000ff900000, 0x00000000ff900000|100%| E|CS|TAMS 0x00000000ff800000, 0x00000000ff800000| Complete 
|  57|0x00000000ff900000, 0x00000000ffa00000, 0x00000000ffa00000|100%| E|CS|TAMS 0x00000000ff900000, 0x00000000ff900000| Complete 
|  58|0x00000000ffa00000, 0x00000000ffb00000, 0x00000000ffb00000|100%| E|CS|TAMS 0x00000000ffa00000, 0x00000000ffa00000| Complete 
|  59|0x00000000ffb00000, 0x00000000ffc00000, 0x00000000ffc00000|100%| E|CS|TAMS 0x00000000ffb00000, 0x00000000ffb00000| Complete 
|  60|0x00000000ffc00000, 0x00000000ffd00000, 0x00000000ffd00000|100%| E|CS|TAMS 0x00000000ffc00000, 0x00000000ffc00000| Complete 
|  61|0x00000000ffd00000, 0x00000000ffe00000, 0x00000000ffe00000|100%| E|CS|TAMS 0x00000000ffd00000, 0x00000000ffd00000| Complete 
|  62|0x00000000ffe00000, 0x00000000fff00000, 0x00000000fff00000|100%| E|CS|TAMS 0x00000000ffe00000, 0x00000000ffe00000| Complete 
|  63|0x00000000fff00000, 0x0000000100000000, 0x0000000100000000|100%| E|CS|TAMS 0x00000000fff00000, 0x00000000fff00000| Complete 

Card table byte_map: [0x000001c0c6dc0000,0x000001c0c6de0000] _byte_map_base: 0x000001c0c65e0000

Marking Bits (Prev, Next): (CMBitMap*) 0x000001c0c8e456d0, (CMBitMap*) 0x000001c0c8e45710
 Prev Bits: [0x000001c0c8c20000, 0x000001c0c8d20000)
 Next Bits: [0x000001c0df6b0000, 0x000001c0df7b0000)

Polling page: 0x000001c0c6d70000

Metaspace:

Usage:
  Non-class:      7.85 MB used.
      Class:      1.19 MB used.
       Both:      9.03 MB used.

Virtual space:
  Non-class space:        8.00 MB reserved,       7.94 MB (>99%) committed,  1 nodes.
      Class space:        1.00 GB reserved,       1.25 MB ( <1%) committed,  1 nodes.
             Both:        1.01 GB reserved,       9.19 MB ( <1%) committed. 

Chunk freelists:
   Non-Class:  80.00 KB
       Class:  2.56 MB
        Both:  2.64 MB

MaxMetaspaceSize: unlimited
CompressedClassSpaceSize: 1.00 GB
Initial GC threshold: 21.00 MB
Current GC threshold: 21.00 MB
CDS: on
MetaspaceReclaimPolicy: balanced
 - commit_granule_bytes: 65536.
 - commit_granule_words: 8192.
 - virtual_space_node_default_size: 1048576.
 - enlarge_chunks_in_place: 1.
 - new_chunks_are_fully_committed: 0.
 - uncommit_free_chunks: 1.
 - use_allocation_guard: 0.
 - handle_deallocations: 1.


Internal statistics:

num_allocs_failed_limit: 0.
num_arena_births: 92.
num_arena_deaths: 0.
num_vsnodes_births: 2.
num_vsnodes_deaths: 0.
num_space_committed: 147.
num_space_uncommitted: 0.
num_chunks_returned_to_freelist: 0.
num_chunks_taken_from_freelist: 336.
num_chunk_merges: 0.
num_chunk_splits: 223.
num_chunks_enlarged: 178.
num_purges: 0.
num_inconsistent_stats: 0.

CodeHeap 'non-profiled nmethods': size=120000Kb used=677Kb max_used=677Kb free=119322Kb
 bounds [0x000001c0d8180000, 0x000001c0d83f0000, 0x000001c0df6b0000]
CodeHeap 'profiled nmethods': size=120000Kb used=3290Kb max_used=3290Kb free=116709Kb
 bounds [0x000001c0d06b0000, 0x000001c0d09f0000, 0x000001c0d7be0000]
CodeHeap 'non-nmethods': size=5760Kb used=1171Kb max_used=1214Kb free=4588Kb
 bounds [0x000001c0d7be0000, 0x000001c0d7e50000, 0x000001c0d8180000]
 total_blobs=2178 nmethods=1708 adapters=383
 compilation: enabled
              stopped_count=0, restarted_count=0
 full_count=0

Compilation events (20 events):
Event: 615.583 Thread 0x000001c0e1d5dff0 nmethod 1698 0x000001c0d09de290 code [0x000001c0d09de440, 0x000001c0d09de768]
Event: 615.583 Thread 0x000001c0e1d5dff0 1699       3       sun.invoke.util.BytecodeDescriptor::unparse (24 bytes)
Event: 615.583 Thread 0x000001c0e1d5dff0 nmethod 1699 0x000001c0d09de890 code [0x000001c0d09dea40, 0x000001c0d09dec48]
Event: 615.584 Thread 0x000001c0e1d5dff0 1700       1       java.util.concurrent.CopyOnWriteArrayList::setArray (6 bytes)
Event: 615.584 Thread 0x000001c0e1d5dff0 nmethod 1700 0x000001c0d8228b10 code [0x000001c0d8228ca0, 0x000001c0d8228db8]
Event: 615.587 Thread 0x000001c0e1d5dff0 1702       3       jdk.internal.org.objectweb.asm.Type::getDescriptor (93 bytes)
Event: 615.587 Thread 0x000001c0e1cf2720 1703       4       java.lang.Class::cast (27 bytes)
Event: 615.587 Thread 0x000001c0e1d5dff0 nmethod 1702 0x000001c0d09ded10 code [0x000001c0d09def80, 0x000001c0d09df708]
Event: 615.588 Thread 0x000001c0e1d5dff0 1705  s    3       java.io.BufferedOutputStream::flush (12 bytes)
Event: 615.588 Thread 0x000001c0e1d5dff0 nmethod 1705 0x000001c0d09df990 code [0x000001c0d09dfb60, 0x000001c0d09dff78]
Event: 615.588 Thread 0x000001c0e1d5dff0 1706       3       sun.nio.cs.SingleByte::withResult (25 bytes)
Event: 615.588 Thread 0x000001c0e1cf2720 nmethod 1703 0x000001c0d8229110 code [0x000001c0d8229280, 0x000001c0d8229398]
Event: 615.588 Thread 0x000001c0e1cf2720 1704       4       org.gradle.internal.logging.console.AbstractUserInputRenderer::onOutput (70 bytes)
Event: 615.588 Thread 0x000001c0e1d5dff0 nmethod 1706 0x000001c0d09e0090 code [0x000001c0d09e0260, 0x000001c0d09e0698]
Event: 615.588 Thread 0x000001c0e1d5dff0 1707       3       org.gradle.internal.logging.text.StreamingStyledTextOutput::doAppend (11 bytes)
Event: 615.588 Thread 0x000001c0e1d5dff0 nmethod 1707 0x000001c0d09e0810 code [0x000001c0d09e09c0, 0x000001c0d09e0b88]
Event: 615.588 Thread 0x000001c0e1d5dff0 1708   !   3       org.gradle.internal.logging.text.StreamBackedStandardOutputListener::onOutput (34 bytes)
Event: 615.589 Thread 0x000001c0e1d5dff0 nmethod 1708 0x000001c0d09e0c90 code [0x000001c0d09e0e60, 0x000001c0d09e1208]
Event: 615.595 Thread 0x000001c0e1d5dff0 1709       3       java.lang.invoke.MethodHandleNatives::refKindIsMethod (19 bytes)
Event: 615.595 Thread 0x000001c0e1d5dff0 nmethod 1709 0x000001c0d09e1410 code [0x000001c0d09e15c0, 0x000001c0d09e1818]

GC Heap History (4 events):
Event: 5.371 GC heap before
{Heap before GC invocations=0 (full 0):
 garbage-first heap   total 65536K, used 15360K [0x00000000fc000000, 0x0000000100000000)
  region size 1024K, 13 young (13312K), 0 survivors (0K)
 Metaspace       used 2039K, committed 2240K, reserved 1056768K
  class space    used 198K, committed 256K, reserved 1048576K
}
Event: 5.814 GC heap after
{Heap after GC invocations=1 (full 0):
 garbage-first heap   total 65536K, used 3595K [0x00000000fc000000, 0x0000000100000000)
  region size 1024K, 2 young (2048K), 2 survivors (2048K)
 Metaspace       used 2039K, committed 2240K, reserved 1056768K
  class space    used 198K, committed 256K, reserved 1048576K
}
Event: 11.822 GC heap before
{Heap before GC invocations=1 (full 0):
 garbage-first heap   total 65536K, used 22027K [0x00000000fc000000, 0x0000000100000000)
  region size 1024K, 17 young (17408K), 2 survivors (2048K)
 Metaspace       used 5594K, committed 5760K, reserved 1056768K
  class space    used 776K, committed 832K, reserved 1048576K
}
Event: 11.827 GC heap after
{Heap after GC invocations=2 (full 0):
 garbage-first heap   total 65536K, used 9725K [0x00000000fc000000, 0x0000000100000000)
  region size 1024K, 3 young (3072K), 3 survivors (3072K)
 Metaspace       used 5594K, committed 5760K, reserved 1056768K
  class space    used 776K, committed 832K, reserved 1048576K
}

Deoptimization events (20 events):
Event: 591.975 Thread 0x000001c0e33c86d0 Uncommon trap: trap_request=0xffffff45 fr.pc=0x000001c0d8216548 relative=0x0000000000000568
Event: 591.975 Thread 0x000001c0e33c86d0 Uncommon trap: reason=unstable_if action=reinterpret pc=0x000001c0d8216548 method=org.gradle.internal.logging.text.AbstractLineChoppingStyledTextOutput$2.execute(Lorg/gradle/internal/logging/text/AbstractLineChoppingStyledTextOutput$StateContext;)V @ 34 c
Event: 591.975 Thread 0x000001c0e33c86d0 DEOPT PACKING pc=0x000001c0d8216548 sp=0x00000066b71ff1a0
Event: 591.975 Thread 0x000001c0e33c86d0 DEOPT UNPACKING pc=0x000001c0d7c323a3 sp=0x00000066b71ff0a0 mode 2
Event: 591.977 Thread 0x000001c0e33c86d0 Uncommon trap: trap_request=0xffffff45 fr.pc=0x000001c0d8217190 relative=0x00000000000003b0
Event: 591.977 Thread 0x000001c0e33c86d0 Uncommon trap: reason=unstable_if action=reinterpret pc=0x000001c0d8217190 method=org.gradle.internal.logging.text.AbstractLineChoppingStyledTextOutput$2.execute(Lorg/gradle/internal/logging/text/AbstractLineChoppingStyledTextOutput$StateContext;)V @ 34 c
Event: 591.977 Thread 0x000001c0e33c86d0 DEOPT PACKING pc=0x000001c0d8217190 sp=0x00000066b71ff140
Event: 591.977 Thread 0x000001c0e33c86d0 DEOPT UNPACKING pc=0x000001c0d7c323a3 sp=0x00000066b71ff100 mode 2
Event: 615.574 Thread 0x000001c0c8e25430 Uncommon trap: trap_request=0xffffff45 fr.pc=0x000001c0d8227f1c relative=0x000000000000017c
Event: 615.574 Thread 0x000001c0c8e25430 Uncommon trap: reason=unstable_if action=reinterpret pc=0x000001c0d8227f1c method=com.esotericsoftware.kryo.io.Input.require(I)I @ 180 c2
Event: 615.574 Thread 0x000001c0c8e25430 DEOPT PACKING pc=0x000001c0d8227f1c sp=0x00000066b5afd320
Event: 615.574 Thread 0x000001c0c8e25430 DEOPT UNPACKING pc=0x000001c0d7c323a3 sp=0x00000066b5afd2c8 mode 2
Event: 615.584 Thread 0x000001c0c8e25430 Uncommon trap: trap_request=0xffffff45 fr.pc=0x000001c0d81f0ff4 relative=0x00000000000001d4
Event: 615.584 Thread 0x000001c0c8e25430 Uncommon trap: reason=unstable_if action=reinterpret pc=0x000001c0d81f0ff4 method=java.net.URI$Parser.scan(IILjava/lang/String;)I @ 26 c2
Event: 615.584 Thread 0x000001c0c8e25430 DEOPT PACKING pc=0x000001c0d81f0ff4 sp=0x00000066b5afd2e0
Event: 615.584 Thread 0x000001c0c8e25430 DEOPT UNPACKING pc=0x000001c0d7c323a3 sp=0x00000066b5afd270 mode 2
Event: 615.587 Thread 0x000001c0c8e25430 Uncommon trap: trap_request=0xffffff45 fr.pc=0x000001c0d821d934 relative=0x0000000000000bb4
Event: 615.587 Thread 0x000001c0c8e25430 Uncommon trap: reason=unstable_if action=reinterpret pc=0x000001c0d821d934 method=org.gradle.internal.logging.console.ThrottlingOutputEventListener.onOutput(Lorg/gradle/internal/logging/events/OutputEvent;)V @ 51 c2
Event: 615.587 Thread 0x000001c0c8e25430 DEOPT PACKING pc=0x000001c0d821d934 sp=0x00000066b5afd7f0
Event: 615.587 Thread 0x000001c0c8e25430 DEOPT UNPACKING pc=0x000001c0d7c323a3 sp=0x00000066b5afd7b0 mode 2

Classes unloaded (0 events):
No events

Classes redefined (0 events):
No events

Internal exceptions (20 events):
Event: 592.044 Thread 0x000001c0e33c86d0 Exception <a 'java/io/IOException'{0x00000000ff2149b8}> (0x00000000ff2149b8) 
thrown [s\open\src\hotspot\share\prims\jni.cpp, line 516]
Event: 592.044 Thread 0x000001c0e33c86d0 Exception <a 'java/io/IOException'{0x00000000ff214f70}> (0x00000000ff214f70) 
thrown [s\open\src\hotspot\share\prims\jni.cpp, line 516]
Event: 592.044 Thread 0x000001c0e33c86d0 Exception <a 'java/io/IOException'{0x00000000ff215578}> (0x00000000ff215578) 
thrown [s\open\src\hotspot\share\prims\jni.cpp, line 516]
Event: 592.044 Thread 0x000001c0e33c86d0 Exception <a 'java/io/IOException'{0x00000000ff215b30}> (0x00000000ff215b30) 
thrown [s\open\src\hotspot\share\prims\jni.cpp, line 516]
Event: 592.044 Thread 0x000001c0e33c86d0 Exception <a 'java/io/IOException'{0x00000000ff2161c8}> (0x00000000ff2161c8) 
thrown [s\open\src\hotspot\share\prims\jni.cpp, line 516]
Event: 592.044 Thread 0x000001c0e33c86d0 Exception <a 'java/io/IOException'{0x00000000ff216780}> (0x00000000ff216780) 
thrown [s\open\src\hotspot\share\prims\jni.cpp, line 516]
Event: 592.044 Thread 0x000001c0e33c86d0 Exception <a 'java/io/IOException'{0x00000000ff216d88}> (0x00000000ff216d88) 
thrown [s\open\src\hotspot\share\prims\jni.cpp, line 516]
Event: 592.044 Thread 0x000001c0e33c86d0 Exception <a 'java/io/IOException'{0x00000000ff217340}> (0x00000000ff217340) 
thrown [s\open\src\hotspot\share\prims\jni.cpp, line 516]
Event: 592.044 Thread 0x000001c0e33c86d0 Exception <a 'java/io/IOException'{0x00000000ff217948}> (0x00000000ff217948) 
thrown [s\open\src\hotspot\share\prims\jni.cpp, line 516]
Event: 592.044 Thread 0x000001c0e33c86d0 Exception <a 'java/io/IOException'{0x00000000ff217f00}> (0x00000000ff217f00) 
thrown [s\open\src\hotspot\share\prims\jni.cpp, line 516]
Event: 592.044 Thread 0x000001c0e33c86d0 Exception <a 'java/io/IOException'{0x00000000ff218628}> (0x00000000ff218628) 
thrown [s\open\src\hotspot\share\prims\jni.cpp, line 516]
Event: 592.044 Thread 0x000001c0e33c86d0 Exception <a 'java/io/IOException'{0x00000000ff218be0}> (0x00000000ff218be0) 
thrown [s\open\src\hotspot\share\prims\jni.cpp, line 516]
Event: 592.044 Thread 0x000001c0e33c86d0 Exception <a 'java/io/IOException'{0x00000000ff2191e8}> (0x00000000ff2191e8) 
thrown [s\open\src\hotspot\share\prims\jni.cpp, line 516]
Event: 592.044 Thread 0x000001c0e33c86d0 Exception <a 'java/io/IOException'{0x00000000ff2197a0}> (0x00000000ff2197a0) 
thrown [s\open\src\hotspot\share\prims\jni.cpp, line 516]
Event: 592.044 Thread 0x000001c0e33c86d0 Exception <a 'java/io/IOException'{0x00000000ff219eb0}> (0x00000000ff219eb0) 
thrown [s\open\src\hotspot\share\prims\jni.cpp, line 516]
Event: 592.044 Thread 0x000001c0e33c86d0 Exception <a 'java/io/IOException'{0x00000000ff21a6e8}> (0x00000000ff21a6e8) 
thrown [s\open\src\hotspot\share\prims\jni.cpp, line 516]
Event: 592.045 Thread 0x000001c0e33c86d0 Exception <a 'java/io/IOException'{0x00000000ff21aaa8}> (0x00000000ff21aaa8) 
thrown [s\open\src\hotspot\share\prims\jni.cpp, line 516]
Event: 592.045 Thread 0x000001c0e33c86d0 Exception <a 'java/io/IOException'{0x00000000ff21b060}> (0x00000000ff21b060) 
thrown [s\open\src\hotspot\share\prims\jni.cpp, line 516]
Event: 615.574 Thread 0x000001c0c8e25430 Exception <a 'sun/net/ConnectionResetException'{0x00000000ff368888}: Connection reset> (0x00000000ff368888) 
thrown [s\open\src\hotspot\share\prims\jni.cpp, line 535]
Event: 615.582 Thread 0x000001c0c8e25430 Exception <a 'java/lang/NoSuchMethodError'{0x00000000ff398db8}: 'int java.lang.invoke.DirectMethodHandle$Holder.invokeVirtual(java.lang.Object, java.lang.Object)'> (0x00000000ff398db8) 
thrown [s\open\src\hotspot\share\interpreter\linkResolver.cpp, line 759]

VM Operations (20 events):
Event: 583.792 Executing VM operation: Cleanup
Event: 583.792 Executing VM operation: Cleanup done
Event: 592.866 Executing VM operation: Cleanup
Event: 592.866 Executing VM operation: Cleanup done
Event: 594.887 Executing VM operation: Cleanup
Event: 594.887 Executing VM operation: Cleanup done
Event: 599.929 Executing VM operation: Cleanup
Event: 599.929 Executing VM operation: Cleanup done
Event: 604.968 Executing VM operation: Cleanup
Event: 604.968 Executing VM operation: Cleanup done
Event: 605.982 Executing VM operation: Cleanup
Event: 605.982 Executing VM operation: Cleanup done
Event: 607.999 Executing VM operation: Cleanup
Event: 607.999 Executing VM operation: Cleanup done
Event: 615.591 Executing VM operation: HandshakeAllThreads
Event: 615.591 Executing VM operation: HandshakeAllThreads done
Event: 615.591 Executing VM operation: Cleanup
Event: 615.591 Executing VM operation: Cleanup done
Event: 615.591 Executing VM operation: HandshakeAllThreads
Event: 615.591 Executing VM operation: HandshakeAllThreads done

Events (20 events):
Event: 367.764 loading class sun/util/logging/internal/LoggingProviderImpl$JULWrapper
Event: 367.764 loading class sun/util/logging/PlatformLogger$ConfigurableBridge$LoggerConfiguration
Event: 367.764 loading class sun/util/logging/PlatformLogger$ConfigurableBridge$LoggerConfiguration done
Event: 367.764 loading class sun/util/logging/internal/LoggingProviderImpl$JULWrapper done
Event: 367.765 loading class java/io/ObjectInputFilter
Event: 367.766 loading class java/io/ObjectInputFilter done
Event: 367.766 loading class java/io/ObjectInputFilter$Config$BuiltinFilterFactory
Event: 367.766 loading class java/io/ObjectInputFilter$Config$BuiltinFilterFactory done
Event: 367.766 loading class jdk/internal/access/JavaObjectInputFilterAccess
Event: 367.766 loading class jdk/internal/access/JavaObjectInputFilterAccess done
Event: 367.767 loading class java/lang/System$Logger$Level
Event: 367.767 loading class java/lang/System$Logger$Level done
Event: 367.767 loading class java/io/Bits
Event: 367.767 loading class java/io/Bits done
Event: 410.990 loading class jdk/internal/misc/ScopedMemoryAccess$Scope
Event: 411.038 loading class jdk/internal/misc/ScopedMemoryAccess$Scope done
Event: 615.573 loading class sun/net/ConnectionResetException
Event: 615.574 loading class sun/net/ConnectionResetException done
Event: 615.586 loading class java/util/concurrent/ConcurrentLinkedQueue$Itr
Event: 615.586 loading class java/util/concurrent/ConcurrentLinkedQueue$Itr done


Dynamic libraries:
0x00007ff734340000 - 0x00007ff734350000 	C:\Program Files\Java\jdk-17\bin\java.exe
0x00007ffa9d590000 - 0x00007ffa9d788000 	C:\Windows\SYSTEM32\ntdll.dll
0x00007ffa9b7a0000 - 0x00007ffa9b85f000 	C:\Windows\System32\KERNEL32.DLL
0x00007ffa9ad10000 - 0x00007ffa9b006000 	C:\Windows\System32\KERNELBASE.dll
0x00007ffa9b010000 - 0x00007ffa9b110000 	C:\Windows\System32\ucrtbase.dll
0x00007ffa7cd30000 - 0x00007ffa7cd49000 	C:\Program Files\Java\jdk-17\bin\jli.dll
0x00007ffa9bcb0000 - 0x00007ffa9bd5f000 	C:\Windows\System32\ADVAPI32.dll
0x00007ffa9bd90000 - 0x00007ffa9be2e000 	C:\Windows\System32\msvcrt.dll
0x00007ffa9bc10000 - 0x00007ffa9bcac000 	C:\Windows\System32\sechost.dll
0x00007ffa9d3c0000 - 0x00007ffa9d4e6000 	C:\Windows\System32\RPCRT4.dll
0x00007ffa9b600000 - 0x00007ffa9b79d000 	C:\Windows\System32\USER32.dll
0x00007ffa9b3c0000 - 0x00007ffa9b3e2000 	C:\Windows\System32\win32u.dll
0x00007ffa9bd60000 - 0x00007ffa9bd8c000 	C:\Windows\System32\GDI32.dll
0x00007ffa9b160000 - 0x00007ffa9b275000 	C:\Windows\System32\gdi32full.dll
0x00007ffa9b3f0000 - 0x00007ffa9b48d000 	C:\Windows\System32\msvcp_win.dll
0x00007ffa772c0000 - 0x00007ffa772db000 	C:\Program Files\Java\jdk-17\bin\VCRUNTIME140.dll
0x00007ffa77020000 - 0x00007ffa772ba000 	C:\Windows\WinSxS\amd64_microsoft.windows.common-controls_6595b64144ccf1df_6.0.19041.1110_none_60b5254171f9507e\COMCTL32.dll
0x00007ffa921b0000 - 0x00007ffa921ba000 	C:\Windows\SYSTEM32\VERSION.dll
0x00007ffa9c500000 - 0x00007ffa9c530000 	C:\Windows\System32\IMM32.DLL
0x00007ffa8bbd0000 - 0x00007ffa8bbdc000 	C:\Program Files\Java\jdk-17\bin\vcruntime140_1.dll
0x00007ffa57b90000 - 0x00007ffa57c1e000 	C:\Program Files\Java\jdk-17\bin\msvcp140.dll
0x00007ffa28ca0000 - 0x00007ffa2987d000 	C:\Program Files\Java\jdk-17\bin\server\jvm.dll
0x00007ffa9b5f0000 - 0x00007ffa9b5f8000 	C:\Windows\System32\PSAPI.DLL
0x00007ffa8af90000 - 0x00007ffa8af99000 	C:\Windows\SYSTEM32\WSOCK32.dll
0x00007ffa9c890000 - 0x00007ffa9c8fb000 	C:\Windows\System32\WS2_32.dll
0x00007ffa6ffa0000 - 0x00007ffa6ffc7000 	C:\Windows\SYSTEM32\WINMM.dll
0x00007ffa99490000 - 0x00007ffa994a2000 	C:\Windows\SYSTEM32\kernel.appcore.dll
0x00007ffa817a0000 - 0x00007ffa817aa000 	C:\Program Files\Java\jdk-17\bin\jimage.dll
0x00007ffa95870000 - 0x00007ffa95a54000 	C:\Windows\SYSTEM32\DBGHELP.DLL
0x00007ffa89080000 - 0x00007ffa890b4000 	C:\Windows\SYSTEM32\dbgcore.DLL
0x00007ffa9b330000 - 0x00007ffa9b3b2000 	C:\Windows\System32\bcryptPrimitives.dll
0x00007ffa73c90000 - 0x00007ffa73cb5000 	C:\Program Files\Java\jdk-17\bin\java.dll
0x00007ffa2df30000 - 0x00007ffa2e007000 	C:\Program Files\Java\jdk-17\bin\jsvml.dll
0x00007ffa9ca90000 - 0x00007ffa9d1d4000 	C:\Windows\System32\SHELL32.dll
0x00007ffa98cf0000 - 0x00007ffa99483000 	C:\Windows\SYSTEM32\windows.storage.dll
0x00007ffa9c530000 - 0x00007ffa9c884000 	C:\Windows\System32\combase.dll
0x00007ffa9a5e0000 - 0x00007ffa9a60e000 	C:\Windows\SYSTEM32\Wldp.dll
0x00007ffa9c450000 - 0x00007ffa9c4fd000 	C:\Windows\System32\SHCORE.dll
0x00007ffa9d360000 - 0x00007ffa9d3b5000 	C:\Windows\System32\shlwapi.dll
0x00007ffa9aba0000 - 0x00007ffa9abc5000 	C:\Windows\SYSTEM32\profapi.dll
0x00007ffa76800000 - 0x00007ffa76819000 	C:\Program Files\Java\jdk-17\bin\net.dll
0x00007ffa8fc50000 - 0x00007ffa8fd5a000 	C:\Windows\SYSTEM32\WINHTTP.dll
0x00007ffa9a340000 - 0x00007ffa9a3aa000 	C:\Windows\system32\mswsock.dll
0x00007ffa76300000 - 0x00007ffa76316000 	C:\Program Files\Java\jdk-17\bin\nio.dll
0x00007ffa76100000 - 0x00007ffa76118000 	C:\Program Files\Java\jdk-17\bin\zip.dll
0x00007ffa93720000 - 0x00007ffa93730000 	C:\Program Files\Java\jdk-17\bin\verify.dll
0x00007ffa72610000 - 0x00007ffa72637000 	C:\Users\ss\.gradle\native\e1d6ef7f7dcc3fd88c89a11ec53ec762bb8ba0a96d01ffa2cd45eb1d1d8dd5c5\windows-amd64\native-platform.dll
0x00007ffa92ba0000 - 0x00007ffa92baa000 	C:\Program Files\Java\jdk-17\bin\management.dll
0x00007ffa8d980000 - 0x00007ffa8d98b000 	C:\Program Files\Java\jdk-17\bin\management_ext.dll
0x00007ffa9a530000 - 0x00007ffa9a548000 	C:\Windows\SYSTEM32\CRYPTSP.dll
0x00007ffa99c50000 - 0x00007ffa99c84000 	C:\Windows\system32\rsaenh.dll
0x00007ffa9ace0000 - 0x00007ffa9ad07000 	C:\Windows\System32\bcrypt.dll
0x00007ffa9ab60000 - 0x00007ffa9ab8e000 	C:\Windows\SYSTEM32\USERENV.dll
0x00007ffa9a550000 - 0x00007ffa9a55c000 	C:\Windows\SYSTEM32\CRYPTBASE.dll
0x00007ffa9a030000 - 0x00007ffa9a06b000 	C:\Windows\SYSTEM32\IPHLPAPI.DLL
0x00007ffa9be50000 - 0x00007ffa9be58000 	C:\Windows\System32\NSI.dll
0x00007ffa905d0000 - 0x00007ffa905e7000 	C:\Windows\SYSTEM32\dhcpcsvc6.DLL
0x00007ffa906e0000 - 0x00007ffa906fd000 	C:\Windows\SYSTEM32\dhcpcsvc.DLL
0x00007ffa9a070000 - 0x00007ffa9a13a000 	C:\Windows\SYSTEM32\DNSAPI.dll
0x00007ffa774e0000 - 0x00007ffa774ed000 	C:\Program Files\Java\jdk-17\bin\sunmscapi.dll
0x00007ffa9b490000 - 0x00007ffa9b5ee000 	C:\Windows\System32\CRYPT32.dll
0x00007ffa9a650000 - 0x00007ffa9a678000 	C:\Windows\SYSTEM32\ncrypt.dll
0x00007ffa9a610000 - 0x00007ffa9a64b000 	C:\Windows\SYSTEM32\NTASN1.dll
0x00007ffa81790000 - 0x00007ffa81797000 	C:\Windows\system32\wshunix.dll

dbghelp: loaded successfully - version: 4.0.5 - missing functions: none
symbol engine: initialized successfully - sym options: 0x614 - pdb path: .;C:\Program Files\Java\jdk-17\bin;C:\Windows\SYSTEM32;C:\Windows\WinSxS\amd64_microsoft.windows.common-controls_6595b64144ccf1df_6.0.19041.1110_none_60b5254171f9507e;C:\Program Files\Java\jdk-17\bin\server;C:\Users\ss\.gradle\native\e1d6ef7f7dcc3fd88c89a11ec53ec762bb8ba0a96d01ffa2cd45eb1d1d8dd5c5\windows-amd64

VM Arguments:
jvm_args: -Xmx64m -Xms64m -Dorg.gradle.appname=gradlew 
java_command: org.gradle.wrapper.GradleWrapperMain app:installDebug -PreactNativeDevServerPort=8081
java_class_path (initial): C:\\Users\\ss\\Desktop\\teachers-vision\\android\\\\gradle\\wrapper\\gradle-wrapper.jar
Launcher Type: SUN_STANDARD

[Global flags]
     intx CICompilerCount                          = 3                                         {product} {ergonomic}
     uint ConcGCThreads                            = 1                                         {product} {ergonomic}
     uint G1ConcRefinementThreads                  = 4                                         {product} {ergonomic}
   size_t G1HeapRegionSize                         = 1048576                                   {product} {ergonomic}
    uintx GCDrainStackTargetSize                   = 64                                        {product} {ergonomic}
   size_t InitialHeapSize                          = 67108864                                  {product} {command line}
   size_t MarkStackSize                            = 4194304                                   {product} {ergonomic}
   size_t MaxHeapSize                              = 67108864                                  {product} {command line}
   size_t MaxNewSize                               = 39845888                                  {product} {ergonomic}
   size_t MinHeapDeltaBytes                        = 1048576                                   {product} {ergonomic}
   size_t MinHeapSize                              = 67108864                                  {product} {command line}
    uintx NonNMethodCodeHeapSize                   = 5832780                                {pd product} {ergonomic}
    uintx NonProfiledCodeHeapSize                  = 122912730                              {pd product} {ergonomic}
    uintx ProfiledCodeHeapSize                     = 122912730                              {pd product} {ergonomic}
    uintx ReservedCodeCacheSize                    = 251658240                              {pd product} {ergonomic}
     bool SegmentedCodeCache                       = true                                      {product} {ergonomic}
   size_t SoftMaxHeapSize                          = 67108864                               {manageable} {ergonomic}
     bool UseCompressedClassPointers               = true                           {product lp64_product} {ergonomic}
     bool UseCompressedOops                        = true                           {product lp64_product} {ergonomic}
     bool UseG1GC                                  = true                                      {product} {ergonomic}
     bool UseLargePagesIndividualAllocation        = false                                  {pd product} {ergonomic}

Logging:
Log output configuration:
 #0: stdout all=warning uptime,level,tags
 #1: stderr all=off uptime,level,tags

Environment Variables:
CLASSPATH=C:\Users\ss\Desktop\teachers-vision\android\\gradle\wrapper\gradle-wrapper.jar
PATH=C:\Users\ss\Desktop\teachers-vision\android\node_modules\.bin;C:\Users\ss\Desktop\teachers-vision\node_modules\.bin;C:\Users\ss\Desktop\node_modules\.bin;C:\Users\ss\node_modules\.bin;C:\Users\node_modules\.bin;C:\node_modules\.bin;C:\Program Files\nodejs;C:\Users\ss\Desktop\teachers-vision\node_modules\.bin;C:\Users\ss\Desktop\teachers-vision\node_modules\.bin;C:\Users\ss\Desktop\node_modules\.bin;C:\Users\ss\node_modules\.bin;C:\Users\node_modules\.bin;C:\node_modules\.bin;C:\Users\ss\AppData\Roaming\nvm\v16.16.0\node_modules\npm\node_modules\@npmcli\run-script\lib\node-gyp-bin;C:\Users\ss\Desktop\teachers-vision\node_modules\.bin;C:\Users\ss\Desktop\node_modules\.bin;C:\Users\ss\node_modules\.bin;C:\Users\node_modules\.bin;C:\node_modules\.bin;C:\Program Files\nodejs;C:\Users\ss\Desktop\teachers-vision\node_modules\.bin;C:\Users\ss\Desktop\teachers-vision\node_modules\.bin;C:\Users\ss\Desktop\node_modules\.bin;C:\Users\ss\node_modules\.bin;C:\Users\node_modules\.bin;C:\node_modules\.bin;C:\Users\ss\AppData\Roaming\nvm\v16.16.0\node_modules\npm\node_modules\@npmcli\run-script\lib\node-gyp-bin;C:\Program Files\Common Files\Oracle\Java\javapath;C:\Program Files (x86)\Common Files\Oracle\Java\javapath;C:\Program Files\Microsoft\jdk-11.0.18.10-hotspot\bin;C:\Program Files\Microsoft MPI\Bin\;C:\Windows\system32;C:\Windows;C:\Windows\System32\Wbem;C:\Windows\System32\WindowsPowerShell\v1.0\;C:\Windows\System32\OpenSSH\;C:\ProgramData\chocolatey\bin;C:\Users\ss\AppData\Local\Android\Sdk\platform-tools;C:\Program Files\Git\cmd;C:\Program Files\Microsoft SQL Server\150\Tools\Binn\;C:\Program Files (x86)\Microsoft SQL Server\160\Tools\Binn\;C:\Program Files\Microsoft SQL Server\160\Tools\Binn\;C:\Program Files\Microsoft SQL Server\Client SDK\ODBC\170\Tools\Binn\;C:\Program Files\Microsoft SQL Server\160\DTS\Binn\;C:\Program Files\dotnet\;C:\Program Files (x86)\dotnet\;C:\Program Files (x86)\Microsoft SQL Server\160\DTS\Binn\;C:\Program Files (x86)\Microsoft SQL Server\150
USERNAME=ss
LANG=en_US.UTF-8
OS=Windows_NT
PROCESSOR_IDENTIFIER=Intel64 Family 6 Model 142 Stepping 9, GenuineIntel



---------------  S Y S T E M  ---------------

OS:
 Windows 10 , 64 bit Build 19041 (10.0.19041.3155)
OS uptime: 2 days 2:17 hours

CPU: total 4 (initial active 4) (2 cores per cpu, 2 threads per core) family 6 model 142 stepping 9 microcode 0xb4, cx8, cmov, fxsr, ht, mmx, 3dnowpref, sse, sse2, sse3, ssse3, sse4.1, sse4.2, popcnt, lzcnt, tsc, tscinvbit, avx, avx2, aes, erms, clmul, bmi1, bmi2, adx, fma, vzeroupper, clflush, clflushopt

Memory: 4k page, system-wide physical 16263M (423M free)
TotalPageFile size 22922M (AvailPageFile size 1M)
current process WorkingSet (physical memory assigned to process): 82M, peak: 86M
current process commit charge ("private bytes"): 156M, peak: 160M

vm_info: Java HotSpot(TM) 64-Bit Server VM (17.0.7+8-LTS-224) for windows-amd64 JRE (17.0.7+8-LTS-224), built on Feb 28 2023 23:03:02 by "mach5one" with MS VC++ 17.1 (VS2022)

END.
