#
# There is insufficient memory for the Java Runtime Environment to continue.
# Native memory allocation (malloc) failed to allocate 1847856 bytes for Chunk::new
# Possible reasons:
#   The system is out of physical RAM or swap space
#   The process is running with CompressedOops enabled, and the Java Heap may be blocking the growth of the native heap
# Possible solutions:
#   Reduce memory load on the system
#   Increase physical memory or swap space
#   Check if swap backing store is full
#   Decrease Java heap size (-Xmx/-Xms)
#   Decrease number of Java threads
#   Decrease Java thread stack sizes (-Xss)
#   Set larger code cache with -XX:ReservedCodeCacheSize=
#   JVM is running with Unscaled Compressed Oops mode in which the Java heap is
#     placed in the first 4GB address space. The Java Heap base address is the
#     maximum limit for the native heap growth. Please use -XX:HeapBaseMinAddress
#     to set the Java Heap base and to place the Java Heap above 4GB virtual address.
# This output file may be truncated or incomplete.
#
#  Out of Memory Error (arena.cpp:189), pid=8012, tid=17908
#
# JRE version: Java(TM) SE Runtime Environment (17.0.7+8) (build 17.0.7+8-LTS-224)
# Java VM: Java HotSpot(TM) 64-Bit Server VM (17.0.7+8-LTS-224, mixed mode, sharing, tiered, compressed oops, compressed class ptrs, g1 gc, windows-amd64)
# No core dump will be written. Minidumps are not enabled by default on client versions of Windows
#

---------------  S U M M A R Y ------------

Command Line: -XX:MaxMetaspaceSize=512m --add-opens=java.base/java.util=ALL-UNNAMED --add-opens=java.base/java.lang=ALL-UNNAMED --add-opens=java.base/java.lang.invoke=ALL-UNNAMED --add-opens=java.base/java.util=ALL-UNNAMED --add-opens=java.prefs/java.util.prefs=ALL-UNNAMED --add-opens=java.prefs/java.util.prefs=ALL-UNNAMED --add-opens=java.base/java.nio.charset=ALL-UNNAMED --add-opens=java.base/java.net=ALL-UNNAMED --add-opens=java.base/java.util.concurrent.atomic=ALL-UNNAMED -Xmx2048m -Dfile.encoding=windows-1252 -Duser.country=IN -Duser.language=en -Duser.variant org.gradle.launcher.daemon.bootstrap.GradleDaemon 7.3.3

Host: Intel(R) Core(TM) i5-7200U CPU @ 2.50GHz, 4 cores, 15G,  Windows 10 , 64 bit Build 19041 (10.0.19041.3155)
Time: Tue Aug 22 13:07:03 2023 India Standard Time elapsed time: 14.351971 seconds (0d 0h 0m 14s)

---------------  T H R E A D  ---------------

Current thread (0x000002adf1509610):  JavaThread "C2 CompilerThread0" daemon [_thread_in_native, id=17908, stack(0x000000c5a3300000,0x000000c5a3400000)]


Current CompileTask:
C2:  14352 2430   !   4       java.net.URLClassLoader::findClass (47 bytes)

Stack: [0x000000c5a3300000,0x000000c5a3400000]
Native frames: (J=compiled Java code, j=interpreted, Vv=VM code, C=native code)
V  [jvm.dll+0x676a4a]
V  [jvm.dll+0x7d74f4]
V  [jvm.dll+0x7d8c9e]
V  [jvm.dll+0x7d9303]
V  [jvm.dll+0x2452c5]
V  [jvm.dll+0xaaa2b]
V  [jvm.dll+0xaafcc]
V  [jvm.dll+0x3613cf]
V  [jvm.dll+0x32bba1]
V  [jvm.dll+0x32b03a]
V  [jvm.dll+0x217acf]
V  [jvm.dll+0x216f01]
V  [jvm.dll+0x1a35e0]
V  [jvm.dll+0x226a6e]
V  [jvm.dll+0x224e15]
V  [jvm.dll+0x78d05c]
V  [jvm.dll+0x78759a]
V  [jvm.dll+0x675875]
C  [ucrtbase.dll+0x21bb2]
C  [KERNEL32.DLL+0x17614]
C  [ntdll.dll+0x526b1]


---------------  P R O C E S S  ---------------

Threads class SMR info:
_java_thread_list=0x000002adf48d4020, length=31, elements={
0x000002add1c1a1f0, 0x000002adf14e9950, 0x000002adf14eace0, 0x000002adf1502f00,
0x000002adf15067e0, 0x000002adf15080b0, 0x000002adf1508970, 0x000002adf1509610,
0x000002adf150ab70, 0x000002adf2038420, 0x000002adf2098120, 0x000002adf209a600,
0x000002adf3da2110, 0x000002adf378db50, 0x000002adf3deb730, 0x000002adf409f450,
0x000002adf409f920, 0x000002adf3adc800, 0x000002adf36876c0, 0x000002adf4b4ac60,
0x000002adf4b4bad0, 0x000002adf4b4b600, 0x000002adf4b4b130, 0x000002adf4b4bfa0,
0x000002adf4b4c940, 0x000002adf4b4c470, 0x000002adf4b4ce10, 0x000002adf4b4d2e0,
0x000002adf4b4d7b0, 0x000002adf4b4a2c0, 0x000002adf4b49df0
}

Java Threads: ( => current thread )
  0x000002add1c1a1f0 JavaThread "main" [_thread_blocked, id=15968, stack(0x000000c5a2500000,0x000000c5a2600000)]
  0x000002adf14e9950 JavaThread "Reference Handler" daemon [_thread_blocked, id=18220, stack(0x000000c5a2d00000,0x000000c5a2e00000)]
  0x000002adf14eace0 JavaThread "Finalizer" daemon [_thread_blocked, id=4464, stack(0x000000c5a2e00000,0x000000c5a2f00000)]
  0x000002adf1502f00 JavaThread "Signal Dispatcher" daemon [_thread_blocked, id=3356, stack(0x000000c5a2f00000,0x000000c5a3000000)]
  0x000002adf15067e0 JavaThread "Attach Listener" daemon [_thread_blocked, id=7448, stack(0x000000c5a3000000,0x000000c5a3100000)]
  0x000002adf15080b0 JavaThread "Service Thread" daemon [_thread_blocked, id=11692, stack(0x000000c5a3100000,0x000000c5a3200000)]
  0x000002adf1508970 JavaThread "Monitor Deflation Thread" daemon [_thread_blocked, id=4388, stack(0x000000c5a3200000,0x000000c5a3300000)]
=>0x000002adf1509610 JavaThread "C2 CompilerThread0" daemon [_thread_in_native, id=17908, stack(0x000000c5a3300000,0x000000c5a3400000)]
  0x000002adf150ab70 JavaThread "C1 CompilerThread0" daemon [_thread_blocked, id=6960, stack(0x000000c5a3400000,0x000000c5a3500000)]
  0x000002adf2038420 JavaThread "Sweeper thread" daemon [_thread_blocked, id=13652, stack(0x000000c5a3500000,0x000000c5a3600000)]
  0x000002adf2098120 JavaThread "Common-Cleaner" daemon [_thread_blocked, id=10500, stack(0x000000c5a3600000,0x000000c5a3700000)]
  0x000002adf209a600 JavaThread "Notification Thread" daemon [_thread_blocked, id=4076, stack(0x000000c5a3700000,0x000000c5a3800000)]
  0x000002adf3da2110 JavaThread "Daemon health stats" [_thread_blocked, id=18988, stack(0x000000c5a3d00000,0x000000c5a3e00000)]
  0x000002adf378db50 JavaThread "Incoming local TCP Connector on port 64730" [_thread_in_native, id=1076, stack(0x000000c5a3c00000,0x000000c5a3d00000)]
  0x000002adf3deb730 JavaThread "Daemon periodic checks" [_thread_blocked, id=18476, stack(0x000000c5a3e00000,0x000000c5a3f00000)]
  0x000002adf409f450 JavaThread "Daemon" [_thread_blocked, id=4384, stack(0x000000c5a3f00000,0x000000c5a4000000)]
  0x000002adf409f920 JavaThread "Handler for socket connection from /127.0.0.1:64730 to /127.0.0.1:64732" [_thread_in_native, id=19152, stack(0x000000c5a4000000,0x000000c5a4100000)]
  0x000002adf3adc800 JavaThread "Cancel handler" [_thread_blocked, id=10912, stack(0x000000c5a4100000,0x000000c5a4200000)]
  0x000002adf36876c0 JavaThread "Daemon worker" [_thread_in_native, id=9700, stack(0x000000c5a4200000,0x000000c5a4300000)]
  0x000002adf4b4ac60 JavaThread "Asynchronous log dispatcher for DefaultDaemonConnection: socket connection from /127.0.0.1:64730 to /127.0.0.1:64732" [_thread_blocked, id=13452, stack(0x000000c5a4300000,0x000000c5a4400000)]
  0x000002adf4b4bad0 JavaThread "Stdin handler" [_thread_blocked, id=16072, stack(0x000000c5a4400000,0x000000c5a4500000)]
  0x000002adf4b4b600 JavaThread "Daemon client event forwarder" [_thread_blocked, id=14628, stack(0x000000c5a4500000,0x000000c5a4600000)]
  0x000002adf4b4b130 JavaThread "Cache worker for journal cache (C:\Users\ss\.gradle\caches\journal-1)" [_thread_blocked, id=19180, stack(0x000000c5a4600000,0x000000c5a4700000)]
  0x000002adf4b4bfa0 JavaThread "File lock request listener" [_thread_in_native, id=5564, stack(0x000000c5a4700000,0x000000c5a4800000)]
  0x000002adf4b4c940 JavaThread "Cache worker for file hash cache (C:\Users\ss\.gradle\caches\7.3.3\fileHashes)" [_thread_blocked, id=8324, stack(0x000000c5a4800000,0x000000c5a4900000)]
  0x000002adf4b4c470 JavaThread "File lock release action executor" [_thread_blocked, id=14240, stack(0x000000c5a4900000,0x000000c5a4a00000)]
  0x000002adf4b4ce10 JavaThread "Cache worker for file hash cache (C:\Users\ss\Desktop\teachers-vision\android\.gradle\7.3.3\fileHashes)" [_thread_blocked, id=19464, stack(0x000000c5a4a00000,0x000000c5a4b00000)]
  0x000002adf4b4d2e0 JavaThread "File watcher server" daemon [_thread_in_native, id=19580, stack(0x000000c5a4b00000,0x000000c5a4c00000)]
  0x000002adf4b4d7b0 JavaThread "File watcher consumer" daemon [_thread_blocked, id=19600, stack(0x000000c5a4c00000,0x000000c5a4d00000)]
  0x000002adf4b4a2c0 JavaThread "Cache worker for checksums cache (C:\Users\ss\Desktop\teachers-vision\android\.gradle\7.3.3\checksums)" [_thread_blocked, id=19736, stack(0x000000c5a4d00000,0x000000c5a4e00000)]
  0x000002adf4b49df0 JavaThread "Cache worker for cache directory md-supplier (C:\Users\ss\.gradle\caches\7.3.3\md-supplier)" [_thread_blocked, id=19772, stack(0x000000c5a4e00000,0x000000c5a4f00000)]

Other Threads:
  0x000002adf14e1ba0 VMThread "VM Thread" [stack: 0x000000c5a2c00000,0x000000c5a2d00000] [id=9788]
  0x000002adf20a0d10 WatcherThread [stack: 0x000000c5a3800000,0x000000c5a3900000] [id=2160]
  0x000002add1c723e0 GCTaskThread "GC Thread#0" [stack: 0x000000c5a2700000,0x000000c5a2800000] [id=9424]
  0x000002adf269caf0 GCTaskThread "GC Thread#1" [stack: 0x000000c5a3900000,0x000000c5a3a00000] [id=5176]
  0x000002adf22583c0 GCTaskThread "GC Thread#2" [stack: 0x000000c5a3a00000,0x000000c5a3b00000] [id=14184]
  0x000002adf22fe3a0 GCTaskThread "GC Thread#3" [stack: 0x000000c5a3b00000,0x000000c5a3c00000] [id=16568]
  0x000002add1c83240 ConcurrentGCThread "G1 Main Marker" [stack: 0x000000c5a2800000,0x000000c5a2900000] [id=6612]
  0x000002add1c83b60 ConcurrentGCThread "G1 Conc#0" [stack: 0x000000c5a2900000,0x000000c5a2a00000] [id=7692]
  0x000002add1ceece0 ConcurrentGCThread "G1 Refine#0" [stack: 0x000000c5a2a00000,0x000000c5a2b00000] [id=14588]
  0x000002adf13a0b90 ConcurrentGCThread "G1 Service" [stack: 0x000000c5a2b00000,0x000000c5a2c00000] [id=15132]

Threads with active compile tasks:
C2 CompilerThread0    14416 2430   !   4       java.net.URLClassLoader::findClass (47 bytes)

VM state: not at safepoint (normal execution)

VM Mutex/Monitor currently owned by a thread: None

Heap address: 0x0000000080000000, size: 2048 MB, Compressed Oops mode: 32-bit

CDS archive(s) mapped at: [0x0000000800000000-0x0000000800bd0000-0x0000000800bd0000), size 12386304, SharedBaseAddress: 0x0000000800000000, ArchiveRelocationMode: 0.
Compressed class space mapped at: 0x0000000800c00000-0x000000081a800000, reserved size: 432013312
Narrow klass base: 0x0000000800000000, Narrow klass shift: 0, Narrow klass range: 0x100000000

GC Precious Log:
 CPUs: 4 total, 4 available
 Memory: 16263M
 Large Page Support: Disabled
 NUMA Support: Disabled
 Compressed Oops: Enabled (32-bit)
 Heap Region Size: 1M
 Heap Min Capacity: 8M
 Heap Initial Capacity: 256M
 Heap Max Capacity: 2G
 Pre-touch: Disabled
 Parallel Workers: 4
 Concurrent Workers: 1
 Concurrent Refinement Workers: 4
 Periodic GC: Disabled

Heap:
 garbage-first heap   total 262144K, used 99844K [0x0000000080000000, 0x0000000100000000)
  region size 1024K, 89 young (91136K), 3 survivors (3072K)
 Metaspace       used 19269K, committed 19520K, reserved 446464K
  class space    used 2813K, committed 2944K, reserved 421888K

Heap Regions: E=young(eden), S=young(survivor), O=old, HS=humongous(starts), HC=humongous(continues), CS=collection set, F=free, OA=open archive, CA=closed archive, TAMS=top-at-mark-start (previous, next)
|   0|0x0000000080000000, 0x0000000080100000, 0x0000000080100000|100%|HS|  |TAMS 0x0000000080000000, 0x0000000080000000| Complete 
|   1|0x0000000080100000, 0x0000000080200000, 0x0000000080200000|100%|HC|  |TAMS 0x0000000080100000, 0x0000000080100000| Complete 
|   2|0x0000000080200000, 0x0000000080300000, 0x0000000080300000|100%|HC|  |TAMS 0x0000000080200000, 0x0000000080200000| Complete 
|   3|0x0000000080300000, 0x0000000080400000, 0x0000000080400000|100%| O|  |TAMS 0x0000000080300000, 0x0000000080300000| Untracked 
|   4|0x0000000080400000, 0x0000000080500000, 0x0000000080500000|100%| O|  |TAMS 0x0000000080400000, 0x0000000080400000| Untracked 
|   5|0x0000000080500000, 0x0000000080600000, 0x0000000080600000|100%| O|  |TAMS 0x0000000080500000, 0x0000000080500000| Untracked 
|   6|0x0000000080600000, 0x0000000080700000, 0x0000000080700000|100%| O|  |TAMS 0x0000000080600000, 0x0000000080600000| Untracked 
|   7|0x0000000080700000, 0x0000000080800000, 0x0000000080800000|100%| O|  |TAMS 0x0000000080700000, 0x0000000080700000| Untracked 
|   8|0x0000000080800000, 0x0000000080800000, 0x0000000080900000|  0%| F|  |TAMS 0x0000000080800000, 0x0000000080800000| Untracked 
|   9|0x0000000080900000, 0x0000000080a00000, 0x0000000080a00000|100%| O|  |TAMS 0x0000000080900000, 0x0000000080900000| Untracked 
|  10|0x0000000080a00000, 0x0000000080a81200, 0x0000000080b00000| 50%| O|  |TAMS 0x0000000080a00000, 0x0000000080a00000| Untracked 
|  11|0x0000000080b00000, 0x0000000080b00000, 0x0000000080c00000|  0%| F|  |TAMS 0x0000000080b00000, 0x0000000080b00000| Untracked 
|  12|0x0000000080c00000, 0x0000000080c00000, 0x0000000080d00000|  0%| F|  |TAMS 0x0000000080c00000, 0x0000000080c00000| Untracked 
|  13|0x0000000080d00000, 0x0000000080d00000, 0x0000000080e00000|  0%| F|  |TAMS 0x0000000080d00000, 0x0000000080d00000| Untracked 
|  14|0x0000000080e00000, 0x0000000080e00000, 0x0000000080f00000|  0%| F|  |TAMS 0x0000000080e00000, 0x0000000080e00000| Untracked 
|  15|0x0000000080f00000, 0x0000000080f00000, 0x0000000081000000|  0%| F|  |TAMS 0x0000000080f00000, 0x0000000080f00000| Untracked 
|  16|0x0000000081000000, 0x0000000081000000, 0x0000000081100000|  0%| F|  |TAMS 0x0000000081000000, 0x0000000081000000| Untracked 
|  17|0x0000000081100000, 0x0000000081100000, 0x0000000081200000|  0%| F|  |TAMS 0x0000000081100000, 0x0000000081100000| Untracked 
|  18|0x0000000081200000, 0x0000000081200000, 0x0000000081300000|  0%| F|  |TAMS 0x0000000081200000, 0x0000000081200000| Untracked 
|  19|0x0000000081300000, 0x0000000081300000, 0x0000000081400000|  0%| F|  |TAMS 0x0000000081300000, 0x0000000081300000| Untracked 
|  20|0x0000000081400000, 0x0000000081400000, 0x0000000081500000|  0%| F|  |TAMS 0x0000000081400000, 0x0000000081400000| Untracked 
|  21|0x0000000081500000, 0x0000000081500000, 0x0000000081600000|  0%| F|  |TAMS 0x0000000081500000, 0x0000000081500000| Untracked 
|  22|0x0000000081600000, 0x0000000081600000, 0x0000000081700000|  0%| F|  |TAMS 0x0000000081600000, 0x0000000081600000| Untracked 
|  23|0x0000000081700000, 0x0000000081700000, 0x0000000081800000|  0%| F|  |TAMS 0x0000000081700000, 0x0000000081700000| Untracked 
|  24|0x0000000081800000, 0x0000000081800000, 0x0000000081900000|  0%| F|  |TAMS 0x0000000081800000, 0x0000000081800000| Untracked 
|  25|0x0000000081900000, 0x0000000081900000, 0x0000000081a00000|  0%| F|  |TAMS 0x0000000081900000, 0x0000000081900000| Untracked 
|  26|0x0000000081a00000, 0x0000000081a00000, 0x0000000081b00000|  0%| F|  |TAMS 0x0000000081a00000, 0x0000000081a00000| Untracked 
|  27|0x0000000081b00000, 0x0000000081b00000, 0x0000000081c00000|  0%| F|  |TAMS 0x0000000081b00000, 0x0000000081b00000| Untracked 
|  28|0x0000000081c00000, 0x0000000081c00000, 0x0000000081d00000|  0%| F|  |TAMS 0x0000000081c00000, 0x0000000081c00000| Untracked 
|  29|0x0000000081d00000, 0x0000000081d00000, 0x0000000081e00000|  0%| F|  |TAMS 0x0000000081d00000, 0x0000000081d00000| Untracked 
|  30|0x0000000081e00000, 0x0000000081e00000, 0x0000000081f00000|  0%| F|  |TAMS 0x0000000081e00000, 0x0000000081e00000| Untracked 
|  31|0x0000000081f00000, 0x0000000081f00000, 0x0000000082000000|  0%| F|  |TAMS 0x0000000081f00000, 0x0000000081f00000| Untracked 
|  32|0x0000000082000000, 0x0000000082000000, 0x0000000082100000|  0%| F|  |TAMS 0x0000000082000000, 0x0000000082000000| Untracked 
|  33|0x0000000082100000, 0x0000000082100000, 0x0000000082200000|  0%| F|  |TAMS 0x0000000082100000, 0x0000000082100000| Untracked 
|  34|0x0000000082200000, 0x0000000082200000, 0x0000000082300000|  0%| F|  |TAMS 0x0000000082200000, 0x0000000082200000| Untracked 
|  35|0x0000000082300000, 0x0000000082300000, 0x0000000082400000|  0%| F|  |TAMS 0x0000000082300000, 0x0000000082300000| Untracked 
|  36|0x0000000082400000, 0x0000000082400000, 0x0000000082500000|  0%| F|  |TAMS 0x0000000082400000, 0x0000000082400000| Untracked 
|  37|0x0000000082500000, 0x0000000082500000, 0x0000000082600000|  0%| F|  |TAMS 0x0000000082500000, 0x0000000082500000| Untracked 
|  38|0x0000000082600000, 0x0000000082600000, 0x0000000082700000|  0%| F|  |TAMS 0x0000000082600000, 0x0000000082600000| Untracked 
|  39|0x0000000082700000, 0x0000000082700000, 0x0000000082800000|  0%| F|  |TAMS 0x0000000082700000, 0x0000000082700000| Untracked 
|  40|0x0000000082800000, 0x0000000082800000, 0x0000000082900000|  0%| F|  |TAMS 0x0000000082800000, 0x0000000082800000| Untracked 
|  41|0x0000000082900000, 0x0000000082900000, 0x0000000082a00000|  0%| F|  |TAMS 0x0000000082900000, 0x0000000082900000| Untracked 
|  42|0x0000000082a00000, 0x0000000082a00000, 0x0000000082b00000|  0%| F|  |TAMS 0x0000000082a00000, 0x0000000082a00000| Untracked 
|  43|0x0000000082b00000, 0x0000000082b00000, 0x0000000082c00000|  0%| F|  |TAMS 0x0000000082b00000, 0x0000000082b00000| Untracked 
|  44|0x0000000082c00000, 0x0000000082c00000, 0x0000000082d00000|  0%| F|  |TAMS 0x0000000082c00000, 0x0000000082c00000| Untracked 
|  45|0x0000000082d00000, 0x0000000082d00000, 0x0000000082e00000|  0%| F|  |TAMS 0x0000000082d00000, 0x0000000082d00000| Untracked 
|  46|0x0000000082e00000, 0x0000000082e00000, 0x0000000082f00000|  0%| F|  |TAMS 0x0000000082e00000, 0x0000000082e00000| Untracked 
|  47|0x0000000082f00000, 0x0000000082f00000, 0x0000000083000000|  0%| F|  |TAMS 0x0000000082f00000, 0x0000000082f00000| Untracked 
|  48|0x0000000083000000, 0x0000000083000000, 0x0000000083100000|  0%| F|  |TAMS 0x0000000083000000, 0x0000000083000000| Untracked 
|  49|0x0000000083100000, 0x0000000083100000, 0x0000000083200000|  0%| F|  |TAMS 0x0000000083100000, 0x0000000083100000| Untracked 
|  50|0x0000000083200000, 0x0000000083200000, 0x0000000083300000|  0%| F|  |TAMS 0x0000000083200000, 0x0000000083200000| Untracked 
|  51|0x0000000083300000, 0x0000000083300000, 0x0000000083400000|  0%| F|  |TAMS 0x0000000083300000, 0x0000000083300000| Untracked 
|  52|0x0000000083400000, 0x0000000083400000, 0x0000000083500000|  0%| F|  |TAMS 0x0000000083400000, 0x0000000083400000| Untracked 
|  53|0x0000000083500000, 0x0000000083500000, 0x0000000083600000|  0%| F|  |TAMS 0x0000000083500000, 0x0000000083500000| Untracked 
|  54|0x0000000083600000, 0x0000000083600000, 0x0000000083700000|  0%| F|  |TAMS 0x0000000083600000, 0x0000000083600000| Untracked 
|  55|0x0000000083700000, 0x0000000083700000, 0x0000000083800000|  0%| F|  |TAMS 0x0000000083700000, 0x0000000083700000| Untracked 
|  56|0x0000000083800000, 0x0000000083800000, 0x0000000083900000|  0%| F|  |TAMS 0x0000000083800000, 0x0000000083800000| Untracked 
|  57|0x0000000083900000, 0x0000000083900000, 0x0000000083a00000|  0%| F|  |TAMS 0x0000000083900000, 0x0000000083900000| Untracked 
|  58|0x0000000083a00000, 0x0000000083a00000, 0x0000000083b00000|  0%| F|  |TAMS 0x0000000083a00000, 0x0000000083a00000| Untracked 
|  59|0x0000000083b00000, 0x0000000083b00000, 0x0000000083c00000|  0%| F|  |TAMS 0x0000000083b00000, 0x0000000083b00000| Untracked 
|  60|0x0000000083c00000, 0x0000000083c00000, 0x0000000083d00000|  0%| F|  |TAMS 0x0000000083c00000, 0x0000000083c00000| Untracked 
|  61|0x0000000083d00000, 0x0000000083d00000, 0x0000000083e00000|  0%| F|  |TAMS 0x0000000083d00000, 0x0000000083d00000| Untracked 
|  62|0x0000000083e00000, 0x0000000083e00000, 0x0000000083f00000|  0%| F|  |TAMS 0x0000000083e00000, 0x0000000083e00000| Untracked 
|  63|0x0000000083f00000, 0x0000000083f00000, 0x0000000084000000|  0%| F|  |TAMS 0x0000000083f00000, 0x0000000083f00000| Untracked 
|  64|0x0000000084000000, 0x0000000084000000, 0x0000000084100000|  0%| F|  |TAMS 0x0000000084000000, 0x0000000084000000| Untracked 
|  65|0x0000000084100000, 0x0000000084100000, 0x0000000084200000|  0%| F|  |TAMS 0x0000000084100000, 0x0000000084100000| Untracked 
|  66|0x0000000084200000, 0x0000000084200000, 0x0000000084300000|  0%| F|  |TAMS 0x0000000084200000, 0x0000000084200000| Untracked 
|  67|0x0000000084300000, 0x0000000084300000, 0x0000000084400000|  0%| F|  |TAMS 0x0000000084300000, 0x0000000084300000| Untracked 
|  68|0x0000000084400000, 0x0000000084400000, 0x0000000084500000|  0%| F|  |TAMS 0x0000000084400000, 0x0000000084400000| Untracked 
|  69|0x0000000084500000, 0x0000000084500000, 0x0000000084600000|  0%| F|  |TAMS 0x0000000084500000, 0x0000000084500000| Untracked 
|  70|0x0000000084600000, 0x0000000084600000, 0x0000000084700000|  0%| F|  |TAMS 0x0000000084600000, 0x0000000084600000| Untracked 
|  71|0x0000000084700000, 0x0000000084700000, 0x0000000084800000|  0%| F|  |TAMS 0x0000000084700000, 0x0000000084700000| Untracked 
|  72|0x0000000084800000, 0x0000000084800000, 0x0000000084900000|  0%| F|  |TAMS 0x0000000084800000, 0x0000000084800000| Untracked 
|  73|0x0000000084900000, 0x0000000084900000, 0x0000000084a00000|  0%| F|  |TAMS 0x0000000084900000, 0x0000000084900000| Untracked 
|  74|0x0000000084a00000, 0x0000000084a00000, 0x0000000084b00000|  0%| F|  |TAMS 0x0000000084a00000, 0x0000000084a00000| Untracked 
|  75|0x0000000084b00000, 0x0000000084b00000, 0x0000000084c00000|  0%| F|  |TAMS 0x0000000084b00000, 0x0000000084b00000| Untracked 
|  76|0x0000000084c00000, 0x0000000084c00000, 0x0000000084d00000|  0%| F|  |TAMS 0x0000000084c00000, 0x0000000084c00000| Untracked 
|  77|0x0000000084d00000, 0x0000000084d00000, 0x0000000084e00000|  0%| F|  |TAMS 0x0000000084d00000, 0x0000000084d00000| Untracked 
|  78|0x0000000084e00000, 0x0000000084e00000, 0x0000000084f00000|  0%| F|  |TAMS 0x0000000084e00000, 0x0000000084e00000| Untracked 
|  79|0x0000000084f00000, 0x0000000084f00000, 0x0000000085000000|  0%| F|  |TAMS 0x0000000084f00000, 0x0000000084f00000| Untracked 
|  80|0x0000000085000000, 0x0000000085000000, 0x0000000085100000|  0%| F|  |TAMS 0x0000000085000000, 0x0000000085000000| Untracked 
|  81|0x0000000085100000, 0x0000000085100000, 0x0000000085200000|  0%| F|  |TAMS 0x0000000085100000, 0x0000000085100000| Untracked 
|  82|0x0000000085200000, 0x0000000085200000, 0x0000000085300000|  0%| F|  |TAMS 0x0000000085200000, 0x0000000085200000| Untracked 
|  83|0x0000000085300000, 0x0000000085300000, 0x0000000085400000|  0%| F|  |TAMS 0x0000000085300000, 0x0000000085300000| Untracked 
|  84|0x0000000085400000, 0x0000000085400000, 0x0000000085500000|  0%| F|  |TAMS 0x0000000085400000, 0x0000000085400000| Untracked 
|  85|0x0000000085500000, 0x0000000085500000, 0x0000000085600000|  0%| F|  |TAMS 0x0000000085500000, 0x0000000085500000| Untracked 
|  86|0x0000000085600000, 0x0000000085600000, 0x0000000085700000|  0%| F|  |TAMS 0x0000000085600000, 0x0000000085600000| Untracked 
|  87|0x0000000085700000, 0x0000000085700000, 0x0000000085800000|  0%| F|  |TAMS 0x0000000085700000, 0x0000000085700000| Untracked 
|  88|0x0000000085800000, 0x0000000085800000, 0x0000000085900000|  0%| F|  |TAMS 0x0000000085800000, 0x0000000085800000| Untracked 
|  89|0x0000000085900000, 0x0000000085900000, 0x0000000085a00000|  0%| F|  |TAMS 0x0000000085900000, 0x0000000085900000| Untracked 
|  90|0x0000000085a00000, 0x0000000085a00000, 0x0000000085b00000|  0%| F|  |TAMS 0x0000000085a00000, 0x0000000085a00000| Untracked 
|  91|0x0000000085b00000, 0x0000000085b00000, 0x0000000085c00000|  0%| F|  |TAMS 0x0000000085b00000, 0x0000000085b00000| Untracked 
|  92|0x0000000085c00000, 0x0000000085c00000, 0x0000000085d00000|  0%| F|  |TAMS 0x0000000085c00000, 0x0000000085c00000| Untracked 
|  93|0x0000000085d00000, 0x0000000085d00000, 0x0000000085e00000|  0%| F|  |TAMS 0x0000000085d00000, 0x0000000085d00000| Untracked 
|  94|0x0000000085e00000, 0x0000000085e00000, 0x0000000085f00000|  0%| F|  |TAMS 0x0000000085e00000, 0x0000000085e00000| Untracked 
|  95|0x0000000085f00000, 0x0000000085f00000, 0x0000000086000000|  0%| F|  |TAMS 0x0000000085f00000, 0x0000000085f00000| Untracked 
|  96|0x0000000086000000, 0x0000000086000000, 0x0000000086100000|  0%| F|  |TAMS 0x0000000086000000, 0x0000000086000000| Untracked 
|  97|0x0000000086100000, 0x0000000086100000, 0x0000000086200000|  0%| F|  |TAMS 0x0000000086100000, 0x0000000086100000| Untracked 
|  98|0x0000000086200000, 0x0000000086200000, 0x0000000086300000|  0%| F|  |TAMS 0x0000000086200000, 0x0000000086200000| Untracked 
|  99|0x0000000086300000, 0x0000000086300000, 0x0000000086400000|  0%| F|  |TAMS 0x0000000086300000, 0x0000000086300000| Untracked 
| 100|0x0000000086400000, 0x0000000086400000, 0x0000000086500000|  0%| F|  |TAMS 0x0000000086400000, 0x0000000086400000| Untracked 
| 101|0x0000000086500000, 0x0000000086500000, 0x0000000086600000|  0%| F|  |TAMS 0x0000000086500000, 0x0000000086500000| Untracked 
| 102|0x0000000086600000, 0x0000000086600000, 0x0000000086700000|  0%| F|  |TAMS 0x0000000086600000, 0x0000000086600000| Untracked 
| 103|0x0000000086700000, 0x0000000086700000, 0x0000000086800000|  0%| F|  |TAMS 0x0000000086700000, 0x0000000086700000| Untracked 
| 104|0x0000000086800000, 0x0000000086800000, 0x0000000086900000|  0%| F|  |TAMS 0x0000000086800000, 0x0000000086800000| Untracked 
| 105|0x0000000086900000, 0x0000000086900000, 0x0000000086a00000|  0%| F|  |TAMS 0x0000000086900000, 0x0000000086900000| Untracked 
| 106|0x0000000086a00000, 0x0000000086a00000, 0x0000000086b00000|  0%| F|  |TAMS 0x0000000086a00000, 0x0000000086a00000| Untracked 
| 107|0x0000000086b00000, 0x0000000086b00000, 0x0000000086c00000|  0%| F|  |TAMS 0x0000000086b00000, 0x0000000086b00000| Untracked 
| 108|0x0000000086c00000, 0x0000000086c00000, 0x0000000086d00000|  0%| F|  |TAMS 0x0000000086c00000, 0x0000000086c00000| Untracked 
| 109|0x0000000086d00000, 0x0000000086d00000, 0x0000000086e00000|  0%| F|  |TAMS 0x0000000086d00000, 0x0000000086d00000| Untracked 
| 110|0x0000000086e00000, 0x0000000086e00000, 0x0000000086f00000|  0%| F|  |TAMS 0x0000000086e00000, 0x0000000086e00000| Untracked 
| 111|0x0000000086f00000, 0x0000000086f00000, 0x0000000087000000|  0%| F|  |TAMS 0x0000000086f00000, 0x0000000086f00000| Untracked 
| 112|0x0000000087000000, 0x0000000087000000, 0x0000000087100000|  0%| F|  |TAMS 0x0000000087000000, 0x0000000087000000| Untracked 
| 113|0x0000000087100000, 0x0000000087100000, 0x0000000087200000|  0%| F|  |TAMS 0x0000000087100000, 0x0000000087100000| Untracked 
| 114|0x0000000087200000, 0x0000000087200000, 0x0000000087300000|  0%| F|  |TAMS 0x0000000087200000, 0x0000000087200000| Untracked 
| 115|0x0000000087300000, 0x0000000087300000, 0x0000000087400000|  0%| F|  |TAMS 0x0000000087300000, 0x0000000087300000| Untracked 
| 116|0x0000000087400000, 0x0000000087400000, 0x0000000087500000|  0%| F|  |TAMS 0x0000000087400000, 0x0000000087400000| Untracked 
| 117|0x0000000087500000, 0x0000000087500000, 0x0000000087600000|  0%| F|  |TAMS 0x0000000087500000, 0x0000000087500000| Untracked 
| 118|0x0000000087600000, 0x0000000087600000, 0x0000000087700000|  0%| F|  |TAMS 0x0000000087600000, 0x0000000087600000| Untracked 
| 119|0x0000000087700000, 0x0000000087700000, 0x0000000087800000|  0%| F|  |TAMS 0x0000000087700000, 0x0000000087700000| Untracked 
| 120|0x0000000087800000, 0x0000000087800000, 0x0000000087900000|  0%| F|  |TAMS 0x0000000087800000, 0x0000000087800000| Untracked 
| 121|0x0000000087900000, 0x0000000087900000, 0x0000000087a00000|  0%| F|  |TAMS 0x0000000087900000, 0x0000000087900000| Untracked 
| 122|0x0000000087a00000, 0x0000000087a00000, 0x0000000087b00000|  0%| F|  |TAMS 0x0000000087a00000, 0x0000000087a00000| Untracked 
| 123|0x0000000087b00000, 0x0000000087b00000, 0x0000000087c00000|  0%| F|  |TAMS 0x0000000087b00000, 0x0000000087b00000| Untracked 
| 124|0x0000000087c00000, 0x0000000087c00000, 0x0000000087d00000|  0%| F|  |TAMS 0x0000000087c00000, 0x0000000087c00000| Untracked 
| 125|0x0000000087d00000, 0x0000000087d00000, 0x0000000087e00000|  0%| F|  |TAMS 0x0000000087d00000, 0x0000000087d00000| Untracked 
| 126|0x0000000087e00000, 0x0000000087e00000, 0x0000000087f00000|  0%| F|  |TAMS 0x0000000087e00000, 0x0000000087e00000| Untracked 
| 127|0x0000000087f00000, 0x0000000087f00000, 0x0000000088000000|  0%| F|  |TAMS 0x0000000087f00000, 0x0000000087f00000| Untracked 
| 128|0x0000000088000000, 0x0000000088000000, 0x0000000088100000|  0%| F|  |TAMS 0x0000000088000000, 0x0000000088000000| Untracked 
| 129|0x0000000088100000, 0x0000000088100000, 0x0000000088200000|  0%| F|  |TAMS 0x0000000088100000, 0x0000000088100000| Untracked 
| 130|0x0000000088200000, 0x0000000088200000, 0x0000000088300000|  0%| F|  |TAMS 0x0000000088200000, 0x0000000088200000| Untracked 
| 131|0x0000000088300000, 0x0000000088300000, 0x0000000088400000|  0%| F|  |TAMS 0x0000000088300000, 0x0000000088300000| Untracked 
| 132|0x0000000088400000, 0x0000000088400000, 0x0000000088500000|  0%| F|  |TAMS 0x0000000088400000, 0x0000000088400000| Untracked 
| 133|0x0000000088500000, 0x0000000088500000, 0x0000000088600000|  0%| F|  |TAMS 0x0000000088500000, 0x0000000088500000| Untracked 
| 134|0x0000000088600000, 0x0000000088600000, 0x0000000088700000|  0%| F|  |TAMS 0x0000000088600000, 0x0000000088600000| Untracked 
| 135|0x0000000088700000, 0x0000000088700000, 0x0000000088800000|  0%| F|  |TAMS 0x0000000088700000, 0x0000000088700000| Untracked 
| 136|0x0000000088800000, 0x0000000088800000, 0x0000000088900000|  0%| F|  |TAMS 0x0000000088800000, 0x0000000088800000| Untracked 
| 137|0x0000000088900000, 0x0000000088900000, 0x0000000088a00000|  0%| F|  |TAMS 0x0000000088900000, 0x0000000088900000| Untracked 
| 138|0x0000000088a00000, 0x0000000088a00000, 0x0000000088b00000|  0%| F|  |TAMS 0x0000000088a00000, 0x0000000088a00000| Untracked 
| 139|0x0000000088b00000, 0x0000000088b00000, 0x0000000088c00000|  0%| F|  |TAMS 0x0000000088b00000, 0x0000000088b00000| Untracked 
| 140|0x0000000088c00000, 0x0000000088c00000, 0x0000000088d00000|  0%| F|  |TAMS 0x0000000088c00000, 0x0000000088c00000| Untracked 
| 141|0x0000000088d00000, 0x0000000088d00000, 0x0000000088e00000|  0%| F|  |TAMS 0x0000000088d00000, 0x0000000088d00000| Untracked 
| 142|0x0000000088e00000, 0x0000000088e00000, 0x0000000088f00000|  0%| F|  |TAMS 0x0000000088e00000, 0x0000000088e00000| Untracked 
| 143|0x0000000088f00000, 0x0000000088f00000, 0x0000000089000000|  0%| F|  |TAMS 0x0000000088f00000, 0x0000000088f00000| Untracked 
| 144|0x0000000089000000, 0x0000000089000000, 0x0000000089100000|  0%| F|  |TAMS 0x0000000089000000, 0x0000000089000000| Untracked 
| 145|0x0000000089100000, 0x0000000089100000, 0x0000000089200000|  0%| F|  |TAMS 0x0000000089100000, 0x0000000089100000| Untracked 
| 146|0x0000000089200000, 0x0000000089200000, 0x0000000089300000|  0%| F|  |TAMS 0x0000000089200000, 0x0000000089200000| Untracked 
| 147|0x0000000089300000, 0x0000000089300000, 0x0000000089400000|  0%| F|  |TAMS 0x0000000089300000, 0x0000000089300000| Untracked 
| 148|0x0000000089400000, 0x0000000089400000, 0x0000000089500000|  0%| F|  |TAMS 0x0000000089400000, 0x0000000089400000| Untracked 
| 149|0x0000000089500000, 0x0000000089500000, 0x0000000089600000|  0%| F|  |TAMS 0x0000000089500000, 0x0000000089500000| Untracked 
| 150|0x0000000089600000, 0x0000000089600000, 0x0000000089700000|  0%| F|  |TAMS 0x0000000089600000, 0x0000000089600000| Untracked 
| 151|0x0000000089700000, 0x0000000089700000, 0x0000000089800000|  0%| F|  |TAMS 0x0000000089700000, 0x0000000089700000| Untracked 
| 152|0x0000000089800000, 0x0000000089800000, 0x0000000089900000|  0%| F|  |TAMS 0x0000000089800000, 0x0000000089800000| Untracked 
| 153|0x0000000089900000, 0x0000000089900000, 0x0000000089a00000|  0%| F|  |TAMS 0x0000000089900000, 0x0000000089900000| Untracked 
| 154|0x0000000089a00000, 0x0000000089a00000, 0x0000000089b00000|  0%| F|  |TAMS 0x0000000089a00000, 0x0000000089a00000| Untracked 
| 155|0x0000000089b00000, 0x0000000089b00000, 0x0000000089c00000|  0%| F|  |TAMS 0x0000000089b00000, 0x0000000089b00000| Untracked 
| 156|0x0000000089c00000, 0x0000000089c00000, 0x0000000089d00000|  0%| F|  |TAMS 0x0000000089c00000, 0x0000000089c00000| Untracked 
| 157|0x0000000089d00000, 0x0000000089d00000, 0x0000000089e00000|  0%| F|  |TAMS 0x0000000089d00000, 0x0000000089d00000| Untracked 
| 158|0x0000000089e00000, 0x0000000089e00000, 0x0000000089f00000|  0%| F|  |TAMS 0x0000000089e00000, 0x0000000089e00000| Untracked 
| 159|0x0000000089f00000, 0x0000000089f00000, 0x000000008a000000|  0%| F|  |TAMS 0x0000000089f00000, 0x0000000089f00000| Untracked 
| 160|0x000000008a000000, 0x000000008a000000, 0x000000008a100000|  0%| F|  |TAMS 0x000000008a000000, 0x000000008a000000| Untracked 
| 161|0x000000008a100000, 0x000000008a100000, 0x000000008a200000|  0%| F|  |TAMS 0x000000008a100000, 0x000000008a100000| Untracked 
| 162|0x000000008a200000, 0x000000008a200000, 0x000000008a300000|  0%| F|  |TAMS 0x000000008a200000, 0x000000008a200000| Untracked 
| 163|0x000000008a300000, 0x000000008a300000, 0x000000008a400000|  0%| F|  |TAMS 0x000000008a300000, 0x000000008a300000| Untracked 
| 164|0x000000008a400000, 0x000000008a400000, 0x000000008a500000|  0%| F|  |TAMS 0x000000008a400000, 0x000000008a400000| Untracked 
| 165|0x000000008a500000, 0x000000008a500000, 0x000000008a600000|  0%| F|  |TAMS 0x000000008a500000, 0x000000008a500000| Untracked 
| 166|0x000000008a600000, 0x000000008a600000, 0x000000008a700000|  0%| F|  |TAMS 0x000000008a600000, 0x000000008a600000| Untracked 
| 167|0x000000008a700000, 0x000000008a800000, 0x000000008a800000|100%| E|  |TAMS 0x000000008a700000, 0x000000008a700000| Complete 
| 168|0x000000008a800000, 0x000000008a900000, 0x000000008a900000|100%| E|CS|TAMS 0x000000008a800000, 0x000000008a800000| Complete 
| 169|0x000000008a900000, 0x000000008aa00000, 0x000000008aa00000|100%| E|CS|TAMS 0x000000008a900000, 0x000000008a900000| Complete 
| 170|0x000000008aa00000, 0x000000008ab00000, 0x000000008ab00000|100%| E|CS|TAMS 0x000000008aa00000, 0x000000008aa00000| Complete 
| 171|0x000000008ab00000, 0x000000008ac00000, 0x000000008ac00000|100%| E|CS|TAMS 0x000000008ab00000, 0x000000008ab00000| Complete 
| 172|0x000000008ac00000, 0x000000008ad00000, 0x000000008ad00000|100%| E|CS|TAMS 0x000000008ac00000, 0x000000008ac00000| Complete 
| 173|0x000000008ad00000, 0x000000008ae00000, 0x000000008ae00000|100%| E|CS|TAMS 0x000000008ad00000, 0x000000008ad00000| Complete 
| 174|0x000000008ae00000, 0x000000008af00000, 0x000000008af00000|100%| E|CS|TAMS 0x000000008ae00000, 0x000000008ae00000| Complete 
| 175|0x000000008af00000, 0x000000008b000000, 0x000000008b000000|100%| E|CS|TAMS 0x000000008af00000, 0x000000008af00000| Complete 
| 176|0x000000008b000000, 0x000000008b100000, 0x000000008b100000|100%| E|CS|TAMS 0x000000008b000000, 0x000000008b000000| Complete 
| 177|0x000000008b100000, 0x000000008b200000, 0x000000008b200000|100%| E|CS|TAMS 0x000000008b100000, 0x000000008b100000| Complete 
| 178|0x000000008b200000, 0x000000008b300000, 0x000000008b300000|100%| E|CS|TAMS 0x000000008b200000, 0x000000008b200000| Complete 
| 179|0x000000008b300000, 0x000000008b400000, 0x000000008b400000|100%| E|CS|TAMS 0x000000008b300000, 0x000000008b300000| Complete 
| 180|0x000000008b400000, 0x000000008b500000, 0x000000008b500000|100%| E|CS|TAMS 0x000000008b400000, 0x000000008b400000| Complete 
| 181|0x000000008b500000, 0x000000008b600000, 0x000000008b600000|100%| E|CS|TAMS 0x000000008b500000, 0x000000008b500000| Complete 
| 182|0x000000008b600000, 0x000000008b700000, 0x000000008b700000|100%| E|CS|TAMS 0x000000008b600000, 0x000000008b600000| Complete 
| 183|0x000000008b700000, 0x000000008b800000, 0x000000008b800000|100%| E|CS|TAMS 0x000000008b700000, 0x000000008b700000| Complete 
| 184|0x000000008b800000, 0x000000008b900000, 0x000000008b900000|100%| E|CS|TAMS 0x000000008b800000, 0x000000008b800000| Complete 
| 185|0x000000008b900000, 0x000000008ba00000, 0x000000008ba00000|100%| E|CS|TAMS 0x000000008b900000, 0x000000008b900000| Complete 
| 186|0x000000008ba00000, 0x000000008bb00000, 0x000000008bb00000|100%| E|CS|TAMS 0x000000008ba00000, 0x000000008ba00000| Complete 
| 187|0x000000008bb00000, 0x000000008bc00000, 0x000000008bc00000|100%| E|CS|TAMS 0x000000008bb00000, 0x000000008bb00000| Complete 
| 188|0x000000008bc00000, 0x000000008bd00000, 0x000000008bd00000|100%| E|CS|TAMS 0x000000008bc00000, 0x000000008bc00000| Complete 
| 189|0x000000008bd00000, 0x000000008be00000, 0x000000008be00000|100%| E|CS|TAMS 0x000000008bd00000, 0x000000008bd00000| Complete 
| 190|0x000000008be00000, 0x000000008bf00000, 0x000000008bf00000|100%| E|CS|TAMS 0x000000008be00000, 0x000000008be00000| Complete 
| 191|0x000000008bf00000, 0x000000008c000000, 0x000000008c000000|100%| E|CS|TAMS 0x000000008bf00000, 0x000000008bf00000| Complete 
| 192|0x000000008c000000, 0x000000008c100000, 0x000000008c100000|100%| E|CS|TAMS 0x000000008c000000, 0x000000008c000000| Complete 
| 193|0x000000008c100000, 0x000000008c200000, 0x000000008c200000|100%| E|CS|TAMS 0x000000008c100000, 0x000000008c100000| Complete 
| 194|0x000000008c200000, 0x000000008c300000, 0x000000008c300000|100%| E|CS|TAMS 0x000000008c200000, 0x000000008c200000| Complete 
| 195|0x000000008c300000, 0x000000008c400000, 0x000000008c400000|100%| E|CS|TAMS 0x000000008c300000, 0x000000008c300000| Complete 
| 196|0x000000008c400000, 0x000000008c500000, 0x000000008c500000|100%| E|CS|TAMS 0x000000008c400000, 0x000000008c400000| Complete 
| 197|0x000000008c500000, 0x000000008c600000, 0x000000008c600000|100%| E|CS|TAMS 0x000000008c500000, 0x000000008c500000| Complete 
| 198|0x000000008c600000, 0x000000008c700000, 0x000000008c700000|100%| E|CS|TAMS 0x000000008c600000, 0x000000008c600000| Complete 
| 199|0x000000008c700000, 0x000000008c800000, 0x000000008c800000|100%| E|CS|TAMS 0x000000008c700000, 0x000000008c700000| Complete 
| 200|0x000000008c800000, 0x000000008c900000, 0x000000008c900000|100%| E|CS|TAMS 0x000000008c800000, 0x000000008c800000| Complete 
| 201|0x000000008c900000, 0x000000008ca00000, 0x000000008ca00000|100%| E|CS|TAMS 0x000000008c900000, 0x000000008c900000| Complete 
| 202|0x000000008ca00000, 0x000000008cb00000, 0x000000008cb00000|100%| E|CS|TAMS 0x000000008ca00000, 0x000000008ca00000| Complete 
| 203|0x000000008cb00000, 0x000000008cc00000, 0x000000008cc00000|100%| E|CS|TAMS 0x000000008cb00000, 0x000000008cb00000| Complete 
| 204|0x000000008cc00000, 0x000000008cd00000, 0x000000008cd00000|100%| E|CS|TAMS 0x000000008cc00000, 0x000000008cc00000| Complete 
| 205|0x000000008cd00000, 0x000000008ce00000, 0x000000008ce00000|100%| E|CS|TAMS 0x000000008cd00000, 0x000000008cd00000| Complete 
| 206|0x000000008ce00000, 0x000000008cf00000, 0x000000008cf00000|100%| E|CS|TAMS 0x000000008ce00000, 0x000000008ce00000| Complete 
| 207|0x000000008cf00000, 0x000000008d000000, 0x000000008d000000|100%| E|CS|TAMS 0x000000008cf00000, 0x000000008cf00000| Complete 
| 208|0x000000008d000000, 0x000000008d100000, 0x000000008d100000|100%| E|CS|TAMS 0x000000008d000000, 0x000000008d000000| Complete 
| 209|0x000000008d100000, 0x000000008d200000, 0x000000008d200000|100%| E|CS|TAMS 0x000000008d100000, 0x000000008d100000| Complete 
| 210|0x000000008d200000, 0x000000008d300000, 0x000000008d300000|100%| E|CS|TAMS 0x000000008d200000, 0x000000008d200000| Complete 
| 211|0x000000008d300000, 0x000000008d400000, 0x000000008d400000|100%| E|CS|TAMS 0x000000008d300000, 0x000000008d300000| Complete 
| 212|0x000000008d400000, 0x000000008d500000, 0x000000008d500000|100%| E|CS|TAMS 0x000000008d400000, 0x000000008d400000| Complete 
| 213|0x000000008d500000, 0x000000008d600000, 0x000000008d600000|100%| E|CS|TAMS 0x000000008d500000, 0x000000008d500000| Complete 
| 214|0x000000008d600000, 0x000000008d700000, 0x000000008d700000|100%| E|CS|TAMS 0x000000008d600000, 0x000000008d600000| Complete 
| 215|0x000000008d700000, 0x000000008d800000, 0x000000008d800000|100%| E|CS|TAMS 0x000000008d700000, 0x000000008d700000| Complete 
| 216|0x000000008d800000, 0x000000008d900000, 0x000000008d900000|100%| E|CS|TAMS 0x000000008d800000, 0x000000008d800000| Complete 
| 217|0x000000008d900000, 0x000000008da00000, 0x000000008da00000|100%| E|CS|TAMS 0x000000008d900000, 0x000000008d900000| Complete 
| 218|0x000000008da00000, 0x000000008db00000, 0x000000008db00000|100%| E|CS|TAMS 0x000000008da00000, 0x000000008da00000| Complete 
| 219|0x000000008db00000, 0x000000008dc00000, 0x000000008dc00000|100%| E|CS|TAMS 0x000000008db00000, 0x000000008db00000| Complete 
| 220|0x000000008dc00000, 0x000000008dd00000, 0x000000008dd00000|100%| E|CS|TAMS 0x000000008dc00000, 0x000000008dc00000| Complete 
| 221|0x000000008dd00000, 0x000000008de00000, 0x000000008de00000|100%| E|CS|TAMS 0x000000008dd00000, 0x000000008dd00000| Complete 
| 222|0x000000008de00000, 0x000000008df00000, 0x000000008df00000|100%| E|CS|TAMS 0x000000008de00000, 0x000000008de00000| Complete 
| 223|0x000000008df00000, 0x000000008e000000, 0x000000008e000000|100%| E|CS|TAMS 0x000000008df00000, 0x000000008df00000| Complete 
| 224|0x000000008e000000, 0x000000008e100000, 0x000000008e100000|100%| E|CS|TAMS 0x000000008e000000, 0x000000008e000000| Complete 
| 225|0x000000008e100000, 0x000000008e200000, 0x000000008e200000|100%| E|CS|TAMS 0x000000008e100000, 0x000000008e100000| Complete 
| 226|0x000000008e200000, 0x000000008e300000, 0x000000008e300000|100%| E|CS|TAMS 0x000000008e200000, 0x000000008e200000| Complete 
| 227|0x000000008e300000, 0x000000008e400000, 0x000000008e400000|100%| E|CS|TAMS 0x000000008e300000, 0x000000008e300000| Complete 
| 228|0x000000008e400000, 0x000000008e500000, 0x000000008e500000|100%| E|CS|TAMS 0x000000008e400000, 0x000000008e400000| Complete 
| 229|0x000000008e500000, 0x000000008e600000, 0x000000008e600000|100%| E|CS|TAMS 0x000000008e500000, 0x000000008e500000| Complete 
| 230|0x000000008e600000, 0x000000008e700000, 0x000000008e700000|100%| S|CS|TAMS 0x000000008e600000, 0x000000008e600000| Complete 
| 231|0x000000008e700000, 0x000000008e800000, 0x000000008e800000|100%| S|CS|TAMS 0x000000008e700000, 0x000000008e700000| Complete 
| 232|0x000000008e800000, 0x000000008e900000, 0x000000008e900000|100%| S|CS|TAMS 0x000000008e800000, 0x000000008e800000| Complete 
| 233|0x000000008e900000, 0x000000008ea00000, 0x000000008ea00000|100%| E|CS|TAMS 0x000000008e900000, 0x000000008e900000| Complete 
| 234|0x000000008ea00000, 0x000000008eb00000, 0x000000008eb00000|100%| E|CS|TAMS 0x000000008ea00000, 0x000000008ea00000| Complete 
| 235|0x000000008eb00000, 0x000000008ec00000, 0x000000008ec00000|100%| E|CS|TAMS 0x000000008eb00000, 0x000000008eb00000| Complete 
| 236|0x000000008ec00000, 0x000000008ed00000, 0x000000008ed00000|100%| E|CS|TAMS 0x000000008ec00000, 0x000000008ec00000| Complete 
| 237|0x000000008ed00000, 0x000000008ee00000, 0x000000008ee00000|100%| E|CS|TAMS 0x000000008ed00000, 0x000000008ed00000| Complete 
| 238|0x000000008ee00000, 0x000000008ef00000, 0x000000008ef00000|100%| E|CS|TAMS 0x000000008ee00000, 0x000000008ee00000| Complete 
| 239|0x000000008ef00000, 0x000000008f000000, 0x000000008f000000|100%| E|CS|TAMS 0x000000008ef00000, 0x000000008ef00000| Complete 
| 240|0x000000008f000000, 0x000000008f100000, 0x000000008f100000|100%| E|CS|TAMS 0x000000008f000000, 0x000000008f000000| Complete 
| 241|0x000000008f100000, 0x000000008f200000, 0x000000008f200000|100%| E|CS|TAMS 0x000000008f100000, 0x000000008f100000| Complete 
| 242|0x000000008f200000, 0x000000008f300000, 0x000000008f300000|100%| E|CS|TAMS 0x000000008f200000, 0x000000008f200000| Complete 
| 243|0x000000008f300000, 0x000000008f400000, 0x000000008f400000|100%| E|CS|TAMS 0x000000008f300000, 0x000000008f300000| Complete 
| 244|0x000000008f400000, 0x000000008f500000, 0x000000008f500000|100%| E|CS|TAMS 0x000000008f400000, 0x000000008f400000| Complete 
| 245|0x000000008f500000, 0x000000008f600000, 0x000000008f600000|100%| E|CS|TAMS 0x000000008f500000, 0x000000008f500000| Complete 
| 246|0x000000008f600000, 0x000000008f700000, 0x000000008f700000|100%| E|CS|TAMS 0x000000008f600000, 0x000000008f600000| Complete 
| 247|0x000000008f700000, 0x000000008f800000, 0x000000008f800000|100%| E|CS|TAMS 0x000000008f700000, 0x000000008f700000| Complete 
| 248|0x000000008f800000, 0x000000008f900000, 0x000000008f900000|100%| E|CS|TAMS 0x000000008f800000, 0x000000008f800000| Complete 
| 249|0x000000008f900000, 0x000000008fa00000, 0x000000008fa00000|100%| E|CS|TAMS 0x000000008f900000, 0x000000008f900000| Complete 
| 250|0x000000008fa00000, 0x000000008fb00000, 0x000000008fb00000|100%| E|CS|TAMS 0x000000008fa00000, 0x000000008fa00000| Complete 
| 251|0x000000008fb00000, 0x000000008fc00000, 0x000000008fc00000|100%| E|CS|TAMS 0x000000008fb00000, 0x000000008fb00000| Complete 
| 252|0x000000008fc00000, 0x000000008fd00000, 0x000000008fd00000|100%| E|CS|TAMS 0x000000008fc00000, 0x000000008fc00000| Complete 
| 253|0x000000008fd00000, 0x000000008fe00000, 0x000000008fe00000|100%| E|CS|TAMS 0x000000008fd00000, 0x000000008fd00000| Complete 
| 254|0x000000008fe00000, 0x000000008ff00000, 0x000000008ff00000|100%| E|CS|TAMS 0x000000008fe00000, 0x000000008fe00000| Complete 
| 255|0x000000008ff00000, 0x0000000090000000, 0x0000000090000000|100%| E|CS|TAMS 0x000000008ff00000, 0x000000008ff00000| Complete 

Card table byte_map: [0x000002adea6a0000,0x000002adeaaa0000] _byte_map_base: 0x000002adea2a0000

Marking Bits (Prev, Next): (CMBitMap*) 0x000002add1c72900, (CMBitMap*) 0x000002add1c72940
 Prev Bits: [0x000002adeaea0000, 0x000002adecea0000)
 Next Bits: [0x000002adecea0000, 0x000002adeeea0000)

Polling page: 0x000002add1cf0000

Metaspace:

Usage:
  Non-class:     16.07 MB used.
      Class:      2.75 MB used.
       Both:     18.82 MB used.

Virtual space:
  Non-class space:       24.00 MB reserved,      16.19 MB ( 67%) committed,  3 nodes.
      Class space:      412.00 MB reserved,       2.88 MB ( <1%) committed,  1 nodes.
             Both:      436.00 MB reserved,      19.06 MB (  4%) committed. 

Chunk freelists:
   Non-Class:  3.20 MB
       Class:  1.08 MB
        Both:  4.28 MB

MaxMetaspaceSize: 512.00 MB
CompressedClassSpaceSize: 412.00 MB
Initial GC threshold: 21.00 MB
Current GC threshold: 21.00 MB
CDS: on
MetaspaceReclaimPolicy: balanced
 - commit_granule_bytes: 65536.
 - commit_granule_words: 8192.
 - virtual_space_node_default_size: 1048576.
 - enlarge_chunks_in_place: 1.
 - new_chunks_are_fully_committed: 0.
 - uncommit_free_chunks: 1.
 - use_allocation_guard: 0.
 - handle_deallocations: 1.


Internal statistics:

num_allocs_failed_limit: 0.
num_arena_births: 214.
num_arena_deaths: 0.
num_vsnodes_births: 4.
num_vsnodes_deaths: 0.
num_space_committed: 305.
num_space_uncommitted: 0.
num_chunks_returned_to_freelist: 0.
num_chunks_taken_from_freelist: 882.
num_chunk_merges: 0.
num_chunk_splits: 589.
num_chunks_enlarged: 440.
num_purges: 0.
num_inconsistent_stats: 0.

CodeHeap 'non-profiled nmethods': size=120000Kb used=1307Kb max_used=1307Kb free=118692Kb
 bounds [0x000002ade2750000, 0x000002ade29c0000, 0x000002ade9c80000]
CodeHeap 'profiled nmethods': size=120000Kb used=5097Kb max_used=5097Kb free=114902Kb
 bounds [0x000002addac80000, 0x000002addb180000, 0x000002ade21b0000]
CodeHeap 'non-nmethods': size=5760Kb used=1224Kb max_used=1294Kb free=4535Kb
 bounds [0x000002ade21b0000, 0x000002ade2420000, 0x000002ade2750000]
 total_blobs=2958 nmethods=2428 adapters=442
 compilation: enabled
              stopped_count=0, restarted_count=0
 full_count=0

Compilation events (20 events):
Event: 13.862 Thread 0x000002adf150ab70 nmethod 2424 0x000002addb174090 code [0x000002addb174300, 0x000002addb174c48]
Event: 13.862 Thread 0x000002adf150ab70 2425   !   3       java.lang.invoke.MethodHandle::setVarargs (25 bytes)
Event: 13.862 Thread 0x000002adf150ab70 nmethod 2425 0x000002addb174f90 code [0x000002addb1751a0, 0x000002addb175858]
Event: 13.862 Thread 0x000002adf150ab70 2426       3       java.lang.invoke.MemberName::isVarargs (23 bytes)
Event: 13.862 Thread 0x000002adf150ab70 nmethod 2426 0x000002addb175a90 code [0x000002addb175c60, 0x000002addb1760f8]
Event: 13.989 Thread 0x000002adf150ab70 2427       1       org.gradle.internal.event.DefaultListenerManager::access$100 (5 bytes)
Event: 13.989 Thread 0x000002adf150ab70 nmethod 2427 0x000002ade2896690 code [0x000002ade2896820, 0x000002ade28968d8]
Event: 13.991 Thread 0x000002adf150ab70 2429       3       jdk.internal.org.objectweb.asm.SymbolTable::addUninitializedType (103 bytes)
Event: 13.991 Thread 0x000002adf150ab70 nmethod 2429 0x000002addb176290 code [0x000002addb1764a0, 0x000002addb176a58]
Event: 14.105 Thread 0x000002adf1509610 2430   !   4       java.net.URLClassLoader::findClass (47 bytes)
Event: 14.116 Thread 0x000002adf150ab70 2431       3       java.lang.invoke.MethodHandles$Lookup::findBoundCallerLookup (30 bytes)
Event: 14.117 Thread 0x000002adf150ab70 nmethod 2431 0x000002addb176d10 code [0x000002addb176f20, 0x000002addb1776d8]
Event: 14.117 Thread 0x000002adf150ab70 2432       3       java.lang.invoke.MethodHandles$Lookup::getDirectMethodCommon (280 bytes)
Event: 14.118 Thread 0x000002adf150ab70 nmethod 2432 0x000002addb177990 code [0x000002addb177ca0, 0x000002addb178d38]
Event: 14.125 Thread 0x000002adf150ab70 2434       3       com.google.common.cache.LongAdder::<init> (5 bytes)
Event: 14.125 Thread 0x000002adf150ab70 nmethod 2434 0x000002addb179310 code [0x000002addb1794c0, 0x000002addb1796f8]
Event: 14.125 Thread 0x000002adf150ab70 2435       3       com.google.common.cache.LongAddables::create (12 bytes)
Event: 14.125 Thread 0x000002adf150ab70 nmethod 2435 0x000002addb179810 code [0x000002addb1799e0, 0x000002addb179d98]
Event: 14.125 Thread 0x000002adf150ab70 2436       3       com.google.common.cache.LocalCache::expiresAfterAccess (15 bytes)
Event: 14.125 Thread 0x000002adf150ab70 nmethod 2436 0x000002addb179f10 code [0x000002addb17a0a0, 0x000002addb17a218]

GC Heap History (6 events):
Event: 1.413 GC heap before
{Heap before GC invocations=0 (full 0):
 garbage-first heap   total 262144K, used 15360K [0x0000000080000000, 0x0000000100000000)
  region size 1024K, 13 young (13312K), 0 survivors (0K)
 Metaspace       used 952K, committed 1088K, reserved 430080K
  class space    used 73K, committed 128K, reserved 421888K
}
Event: 1.534 GC heap after
{Heap after GC invocations=1 (full 0):
 garbage-first heap   total 262144K, used 3975K [0x0000000080000000, 0x0000000100000000)
  region size 1024K, 2 young (2048K), 2 survivors (2048K)
 Metaspace       used 952K, committed 1088K, reserved 430080K
  class space    used 73K, committed 128K, reserved 421888K
}
Event: 3.138 GC heap before
{Heap before GC invocations=1 (full 0):
 garbage-first heap   total 262144K, used 20359K [0x0000000080000000, 0x0000000100000000)
  region size 1024K, 16 young (16384K), 2 survivors (2048K)
 Metaspace       used 3780K, committed 3968K, reserved 430080K
  class space    used 472K, committed 576K, reserved 421888K
}
Event: 3.142 GC heap after
{Heap after GC invocations=2 (full 0):
 garbage-first heap   total 262144K, used 9372K [0x0000000080000000, 0x0000000100000000)
  region size 1024K, 2 young (2048K), 2 survivors (2048K)
 Metaspace       used 3780K, committed 3968K, reserved 430080K
  class space    used 472K, committed 576K, reserved 421888K
}
Event: 5.018 GC heap before
{Heap before GC invocations=2 (full 0):
 garbage-first heap   total 262144K, used 31900K [0x0000000080000000, 0x0000000100000000)
  region size 1024K, 23 young (23552K), 2 survivors (2048K)
 Metaspace       used 3917K, committed 4096K, reserved 430080K
  class space    used 474K, committed 576K, reserved 421888K
}
Event: 5.021 GC heap after
{Heap after GC invocations=3 (full 0):
 garbage-first heap   total 262144K, used 12804K [0x0000000080000000, 0x0000000100000000)
  region size 1024K, 3 young (3072K), 3 survivors (3072K)
 Metaspace       used 3917K, committed 4096K, reserved 430080K
  class space    used 474K, committed 576K, reserved 421888K
}

Deoptimization events (20 events):
Event: 11.568 Thread 0x000002adf36876c0 Uncommon trap: trap_request=0xffffff45 fr.pc=0x000002ade284e578 relative=0x0000000000000338
Event: 11.568 Thread 0x000002adf36876c0 Uncommon trap: reason=unstable_if action=reinterpret pc=0x000002ade284e578 method=java.util.HashMap.getNode(Ljava/lang/Object;)Ljava/util/HashMap$Node; @ 66 c2
Event: 11.568 Thread 0x000002adf36876c0 DEOPT PACKING pc=0x000002ade284e578 sp=0x000000c5a42fbbe0
Event: 11.568 Thread 0x000002adf36876c0 DEOPT UNPACKING pc=0x000002ade22023a3 sp=0x000000c5a42fbb00 mode 2
Event: 11.568 Thread 0x000002adf36876c0 Uncommon trap: trap_request=0xffffff45 fr.pc=0x000002ade282e5a0 relative=0x0000000000000260
Event: 11.568 Thread 0x000002adf36876c0 Uncommon trap: reason=unstable_if action=reinterpret pc=0x000002ade282e5a0 method=java.util.HashMap.getNode(Ljava/lang/Object;)Ljava/util/HashMap$Node; @ 66 c2
Event: 11.568 Thread 0x000002adf36876c0 DEOPT PACKING pc=0x000002ade282e5a0 sp=0x000000c5a42fbb70
Event: 11.568 Thread 0x000002adf36876c0 DEOPT UNPACKING pc=0x000002ade22023a3 sp=0x000000c5a42fbb00 mode 2
Event: 11.589 Thread 0x000002adf36876c0 Uncommon trap: trap_request=0xffffff45 fr.pc=0x000002ade27f2588 relative=0x00000000000003c8
Event: 11.589 Thread 0x000002adf36876c0 Uncommon trap: reason=unstable_if action=reinterpret pc=0x000002ade27f2588 method=java.util.concurrent.ConcurrentHashMap.get(Ljava/lang/Object;)Ljava/lang/Object; @ 76 c2
Event: 11.589 Thread 0x000002adf36876c0 DEOPT PACKING pc=0x000002ade27f2588 sp=0x000000c5a42fb030
Event: 11.589 Thread 0x000002adf36876c0 DEOPT UNPACKING pc=0x000002ade22023a3 sp=0x000000c5a42fafa8 mode 2
Event: 12.911 Thread 0x000002adf36876c0 Uncommon trap: trap_request=0xffffff76 fr.pc=0x000002ade2887834 relative=0x0000000000000194
Event: 12.911 Thread 0x000002adf36876c0 Uncommon trap: reason=predicate action=maybe_recompile pc=0x000002ade2887834 method=com.google.common.base.CharMatcher.indexIn(Ljava/lang/CharSequence;I)I @ 19 c2
Event: 12.911 Thread 0x000002adf36876c0 DEOPT PACKING pc=0x000002ade2887834 sp=0x000000c5a42fb6b0
Event: 12.911 Thread 0x000002adf36876c0 DEOPT UNPACKING pc=0x000002ade22023a3 sp=0x000000c5a42fb640 mode 2
Event: 13.113 Thread 0x000002adf36876c0 Uncommon trap: trap_request=0xffffffc6 fr.pc=0x000002ade281eb48 relative=0x0000000000000d48
Event: 13.113 Thread 0x000002adf36876c0 Uncommon trap: reason=bimorphic_or_optimized_type_check action=maybe_recompile pc=0x000002ade281eb48 method=java.util.Properties$LineReader.readLine()I @ 479 c2
Event: 13.113 Thread 0x000002adf36876c0 DEOPT PACKING pc=0x000002ade281eb48 sp=0x000000c5a42fb620
Event: 13.113 Thread 0x000002adf36876c0 DEOPT UNPACKING pc=0x000002ade22023a3 sp=0x000000c5a42fb5c0 mode 2

Classes unloaded (0 events):
No events

Classes redefined (0 events):
No events

Internal exceptions (20 events):
Event: 11.733 Thread 0x000002adf36876c0 Exception <a 'java/lang/NoSuchMethodError'{0x000000008c0ff1c0}: 'void java.lang.invoke.DirectMethodHandle$Holder.invokeSpecial(java.lang.Object, java.lang.Object, java.lang.Object, java.lang.Object, java.lang.Object, java.lang.Object)'> (0x000000008c0ff1c0) 
thrown [s\open\src\hotspot\share\interpreter\linkResolver.cpp, line 759]
Event: 11.751 Thread 0x000002adf36876c0 Exception <a 'java/lang/NoSuchMethodError'{0x000000008bf73320}: 'void java.lang.invoke.DirectMethodHandle$Holder.invokeSpecial(java.lang.Object, java.lang.Object, java.lang.Object, java.lang.Object, java.lang.Object, java.lang.Object, java.lang.Object)'> (0x000000008bf73320) 
thrown [s\open\src\hotspot\share\interpreter\linkResolver.cpp, line 759]
Event: 11.752 Thread 0x000002adf36876c0 Exception <a 'java/lang/NoSuchMethodError'{0x000000008bf7bab0}: 'java.lang.Object java.lang.invoke.DirectMethodHandle$Holder.newInvokeSpecial(java.lang.Object, java.lang.Object, java.lang.Object, java.lang.Object, java.lang.Object, java.lang.Object)'> (0x000000008bf7bab0) 
thrown [s\open\src\hotspot\share\interpreter\linkResolver.cpp, line 759]
Event: 11.968 Thread 0x000002adf36876c0 Exception <a 'java/lang/NoSuchMethodError'{0x000000008bcb0360}: 'java.lang.Object java.lang.invoke.Invokers$Holder.invoker(java.lang.Object, java.lang.Object, java.lang.Object, java.lang.Object, java.lang.Object, java.lang.Object)'> (0x000000008bcb0360) 
thrown [s\open\src\hotspot\share\interpreter\linkResolver.cpp, line 759]
Event: 12.104 Thread 0x000002adf36876c0 Exception <a 'java/lang/NoSuchMethodError'{0x000000008b9507f8}: 'int java.lang.invoke.DirectMethodHandle$Holder.invokeStaticInit(java.lang.Object, java.lang.Object, java.lang.Object)'> (0x000000008b9507f8) 
thrown [s\open\src\hotspot\share\interpreter\linkResolver.cpp, line 759]
Event: 12.619 Thread 0x000002adf36876c0 Exception <a 'java/lang/NoSuchMethodError'{0x000000008b559578}: 'void java.lang.invoke.DirectMethodHandle$Holder.invokeStaticInit(java.lang.Object, java.lang.Object)'> (0x000000008b559578) 
thrown [s\open\src\hotspot\share\interpreter\linkResolver.cpp, line 759]
Event: 13.015 Thread 0x000002adf36876c0 Exception <a 'java/lang/NoSuchMethodError'{0x000000008b14c018}: 'void java.lang.invoke.DirectMethodHandle$Holder.invokeStatic(java.lang.Object, java.lang.Object, java.lang.Object, java.lang.Object)'> (0x000000008b14c018) 
thrown [s\open\src\hotspot\share\interpreter\linkResolver.cpp, line 759]
Event: 13.030 Thread 0x000002adf36876c0 Exception <a 'java/lang/NoSuchMethodError'{0x000000008b16c8a8}: 'java.lang.Object java.lang.invoke.DirectMethodHandle$Holder.invokeVirtual(java.lang.Object, java.lang.Object, java.lang.Object)'> (0x000000008b16c8a8) 
thrown [s\open\src\hotspot\share\interpreter\linkResolver.cpp, line 759]
Event: 13.031 Thread 0x000002adf36876c0 Exception <a 'java/lang/NoSuchMethodError'{0x000000008b1772f8}: 'java.lang.Object java.lang.invoke.DirectMethodHandle$Holder.invokeStaticInit(java.lang.Object, java.lang.Object, java.lang.Object)'> (0x000000008b1772f8) 
thrown [s\open\src\hotspot\share\interpreter\linkResolver.cpp, line 759]
Event: 13.034 Thread 0x000002adf36876c0 Exception <a 'java/lang/NoSuchMethodError'{0x000000008b1891e0}: 'int java.lang.invoke.DirectMethodHandle$Holder.invokeVirtual(java.lang.Object, java.lang.Object)'> (0x000000008b1891e0) 
thrown [s\open\src\hotspot\share\interpreter\linkResolver.cpp, line 759]
Event: 13.044 Thread 0x000002adf36876c0 Exception <a 'java/lang/NoSuchMethodError'{0x000000008b1bdf60}: 'int java.lang.invoke.DirectMethodHandle$Holder.invokeVirtual(java.lang.Object, java.lang.Object, java.lang.Object)'> (0x000000008b1bdf60) 
thrown [s\open\src\hotspot\share\interpreter\linkResolver.cpp, line 759]
Event: 13.705 Thread 0x000002adf36876c0 Exception <a 'java/lang/NoSuchMethodError'{0x000000008abe6b40}: 'java.lang.Object java.lang.invoke.DirectMethodHandle$Holder.invokeSpecialIFC(java.lang.Object, java.lang.Object, java.lang.Object, java.lang.Object)'> (0x000000008abe6b40) 
thrown [s\open\src\hotspot\share\interpreter\linkResolver.cpp, line 759]
Event: 13.746 Thread 0x000002adf36876c0 Exception <a 'java/lang/NoSuchMethodError'{0x000000008aa5b540}: 'java.lang.Object java.lang.invoke.DirectMethodHandle$Holder.invokeSpecial(java.lang.Object, java.lang.Object, java.lang.Object, java.lang.Object, java.lang.Object, java.lang.Object, java.lang.Object, java.lang.Object, java.lang.Object, java.lang.Object, java.lang.Object, java.lang.Object, java.lang.Object)'> (0x000000008aa5b540) 
thrown [s\open\src\hotspot\share\interpreter\linkResolver.cpp, line 759]
Event: 13.747 Thread 0x000002adf36876c0 Exception <a 'java/lang/NoSuchMethodError'{0x000000008aa6cd68}: 'java.lang.Object java.lang.invoke.DirectMethodHandle$Holder.newInvokeSpecial(java.lang.Object, java.lang.Object, java.lang.Object, java.lang.Object, java.lang.Object, java.lang.Object, java.lang.Object, java.lang.Object, java.lang.Object, java.lang.Object, java.lang.Object)'> (0x000000008aa6cd68) 
thrown [s\open\src\hotspot\share\interpreter\linkResolver.cpp, line 759]
Event: 13.748 Thread 0x000002adf36876c0 Exception <a 'java/lang/NoSuchMethodError'{0x000000008aa72998}: 'java.lang.Object java.lang.invoke.DirectMethodHandle$Holder.invokeSpecial(java.lang.Object, java.lang.Object, java.lang.Object, java.lang.Object, java.lang.Object, java.lang.Object, java.lang.Object, java.lang.Object, java.lang.Object, java.lang.Object, java.lang.Object, java.lang.Object)'> (0x000000008aa72998) 
thrown [s\open\src\hotspot\share\interpreter\linkResolver.cpp, line 759]
Event: 13.748 Thread 0x000002adf36876c0 Exception <a 'java/lang/NoSuchMethodError'{0x000000008aa77d88}: 'java.lang.Object java.lang.invoke.Invokers$Holder.linkToTargetMethod(java.lang.Object, java.lang.Object, java.lang.Object, java.lang.Object, java.lang.Object, java.lang.Object, java.lang.Object, java.lang.Object, java.lang.Object, java.lang.Object, java.lang.Object)'> (0x000000008aa77d88) 
thrown [s\open\src\hotspot\share\interpreter\linkResolver.cpp, line 759]
Event: 13.801 Thread 0x000002adf36876c0 Exception <a 'java/lang/NoSuchMethodError'{0x000000008a98d868}: 'java.lang.Object java.lang.invoke.DirectMethodHandle$Holder.invokeSpecial(java.lang.Object, java.lang.Object, java.lang.Object, java.lang.Object, java.lang.Object, java.lang.Object, java.lang.Object, java.lang.Object, java.lang.Object, java.lang.Object, java.lang.Object, java.lang.Object, java.lang.Object, java.lang.Object)'> (0x000000008a98d868) 
thrown [s\open\src\hotspot\share\interpreter\linkResolver.cpp, line 759]
Event: 13.803 Thread 0x000002adf36876c0 Exception <a 'java/lang/NoSuchMethodError'{0x000000008a99fc38}: 'java.lang.Object java.lang.invoke.DirectMethodHandle$Holder.newInvokeSpecial(java.lang.Object, java.lang.Object, java.lang.Object, java.lang.Object, java.lang.Object, java.lang.Object, java.lang.Object, java.lang.Object, java.lang.Object, java.lang.Object, java.lang.Object, java.lang.Object)'> (0x000000008a99fc38) 
thrown [s\open\src\hotspot\share\interpreter\linkResolver.cpp, line 759]
Event: 13.803 Thread 0x000002adf36876c0 Exception <a 'java/lang/NoSuchMethodError'{0x000000008a9a5328}: 'java.lang.Object java.lang.invoke.Invokers$Holder.linkToTargetMethod(java.lang.Object, java.lang.Object, java.lang.Object, java.lang.Object, java.lang.Object, java.lang.Object, java.lang.Object, java.lang.Object, java.lang.Object, java.lang.Object, java.lang.Object, java.lang.Object)'> (0x000000008a9a5328) 
thrown [s\open\src\hotspot\share\interpreter\linkResolver.cpp, line 759]
Event: 13.983 Thread 0x000002adf36876c0 Exception <a 'java/lang/NoSuchMethodError'{0x000000008a835910}: 'java.lang.Object java.lang.invoke.DirectMethodHandle$Holder.invokeStaticInit(java.lang.Object, java.lang.Object, java.lang.Object, java.lang.Object)'> (0x000000008a835910) 
thrown [s\open\src\hotspot\share\interpreter\linkResolver.cpp, line 759]

VM Operations (20 events):
Event: 7.618 Executing VM operation: HandshakeAllThreads
Event: 7.657 Executing VM operation: HandshakeAllThreads done
Event: 8.673 Executing VM operation: Cleanup
Event: 8.673 Executing VM operation: Cleanup done
Event: 8.743 Executing VM operation: HandshakeAllThreads
Event: 8.743 Executing VM operation: HandshakeAllThreads done
Event: 8.744 Executing VM operation: HandshakeAllThreads
Event: 8.744 Executing VM operation: HandshakeAllThreads done
Event: 9.677 Executing VM operation: HandshakeAllThreads
Event: 9.718 Executing VM operation: HandshakeAllThreads done
Event: 9.718 Executing VM operation: Cleanup
Event: 9.718 Executing VM operation: Cleanup done
Event: 10.720 Executing VM operation: Cleanup
Event: 10.720 Executing VM operation: Cleanup done
Event: 11.734 Executing VM operation: Cleanup
Event: 11.736 Executing VM operation: Cleanup done
Event: 12.745 Executing VM operation: Cleanup
Event: 12.746 Executing VM operation: Cleanup done
Event: 13.757 Executing VM operation: Cleanup
Event: 13.789 Executing VM operation: Cleanup done

Events (20 events):
Event: 12.961 Thread 0x000002adf4b4d2e0 Thread added: 0x000002adf4b4d2e0
Event: 12.961 loading class java/util/concurrent/locks/AbstractQueuedSynchronizer$SharedNode
Event: 12.962 loading class java/util/concurrent/locks/AbstractQueuedSynchronizer$SharedNode done
Event: 13.013 loading class java/io/InterruptedIOException
Event: 13.013 loading class java/io/InterruptedIOException done
Event: 13.016 Thread 0x000002adf4b4d7b0 Thread added: 0x000002adf4b4d7b0
Event: 13.038 loading class java/util/ArrayDeque$DeqSpliterator
Event: 13.038 loading class java/util/ArrayDeque$DeqSpliterator done
Event: 13.040 loading class java/util/stream/MatchOps$MatchKind
Event: 13.041 loading class java/util/stream/MatchOps$MatchKind done
Event: 13.041 loading class java/util/stream/MatchOps
Event: 13.041 loading class java/util/stream/MatchOps done
Event: 13.041 loading class java/util/stream/MatchOps$MatchOp
Event: 13.041 loading class java/util/stream/MatchOps$MatchOp done
Event: 13.041 loading class java/util/stream/MatchOps$BooleanTerminalSink
Event: 13.041 loading class java/util/stream/MatchOps$BooleanTerminalSink done
Event: 13.041 loading class java/util/stream/MatchOps$1MatchSink
Event: 13.041 loading class java/util/stream/MatchOps$1MatchSink done
Event: 13.681 Thread 0x000002adf4b4a2c0 Thread added: 0x000002adf4b4a2c0
Event: 14.125 Thread 0x000002adf4b49df0 Thread added: 0x000002adf4b49df0


Dynamic libraries:
0x00007ff6af180000 - 0x00007ff6af190000 	C:\Program Files\Java\jdk-17\bin\java.exe
0x00007ffb10ab0000 - 0x00007ffb10ca8000 	C:\Windows\SYSTEM32\ntdll.dll
0x00007ffb0eb10000 - 0x00007ffb0ebcf000 	C:\Windows\System32\KERNEL32.DLL
0x00007ffb0e6c0000 - 0x00007ffb0e9b6000 	C:\Windows\System32\KERNELBASE.dll
0x00007ffb0e5c0000 - 0x00007ffb0e6c0000 	C:\Windows\System32\ucrtbase.dll
0x00007ffaf28d0000 - 0x00007ffaf28e9000 	C:\Program Files\Java\jdk-17\bin\jli.dll
0x00007ffb101f0000 - 0x00007ffb1029f000 	C:\Windows\System32\ADVAPI32.dll
0x00007ffb0fd50000 - 0x00007ffb0fdee000 	C:\Windows\System32\msvcrt.dll
0x00007ffb0f830000 - 0x00007ffb0f8cc000 	C:\Windows\System32\sechost.dll
0x00007ffb0edb0000 - 0x00007ffb0eed6000 	C:\Windows\System32\RPCRT4.dll
0x00007ffb0fa70000 - 0x00007ffb0fc0d000 	C:\Windows\System32\USER32.dll
0x00007ffb0e9c0000 - 0x00007ffb0e9e2000 	C:\Windows\System32\win32u.dll
0x00007ffb0fe70000 - 0x00007ffb0fe9c000 	C:\Windows\System32\GDI32.dll
0x00007ffb0e1c0000 - 0x00007ffb0e2d5000 	C:\Windows\System32\gdi32full.dll
0x00007ffb0e490000 - 0x00007ffb0e52d000 	C:\Windows\System32\msvcp_win.dll
0x00007ffaf1540000 - 0x00007ffaf155b000 	C:\Program Files\Java\jdk-17\bin\VCRUNTIME140.dll
0x00007ffaf1c30000 - 0x00007ffaf1eca000 	C:\Windows\WinSxS\amd64_microsoft.windows.common-controls_6595b64144ccf1df_6.0.19041.1110_none_60b5254171f9507e\COMCTL32.dll
0x00007ffb052f0000 - 0x00007ffb052fa000 	C:\Windows\SYSTEM32\VERSION.dll
0x00007ffb0f9e0000 - 0x00007ffb0fa10000 	C:\Windows\System32\IMM32.DLL
0x00007ffb04c50000 - 0x00007ffb04c5c000 	C:\Program Files\Java\jdk-17\bin\vcruntime140_1.dll
0x00007ffad3930000 - 0x00007ffad39be000 	C:\Program Files\Java\jdk-17\bin\msvcp140.dll
0x00007ffaa52b0000 - 0x00007ffaa5e8d000 	C:\Program Files\Java\jdk-17\bin\server\jvm.dll
0x00007ffb0ebe0000 - 0x00007ffb0ebe8000 	C:\Windows\System32\PSAPI.DLL
0x00007ffb011d0000 - 0x00007ffb011d9000 	C:\Windows\SYSTEM32\WSOCK32.dll
0x00007ffb0f690000 - 0x00007ffb0f6fb000 	C:\Windows\System32\WS2_32.dll
0x00007ffaee130000 - 0x00007ffaee157000 	C:\Windows\SYSTEM32\WINMM.dll
0x00007ffb0c9c0000 - 0x00007ffb0c9d2000 	C:\Windows\SYSTEM32\kernel.appcore.dll
0x00007ffaff890000 - 0x00007ffaff89a000 	C:\Program Files\Java\jdk-17\bin\jimage.dll
0x00007ffb08d90000 - 0x00007ffb08f74000 	C:\Windows\SYSTEM32\DBGHELP.DLL
0x00007ffafc690000 - 0x00007ffafc6c4000 	C:\Windows\SYSTEM32\dbgcore.DLL
0x00007ffb0e530000 - 0x00007ffb0e5b2000 	C:\Windows\System32\bcryptPrimitives.dll
0x00007ffad76f0000 - 0x00007ffad7715000 	C:\Program Files\Java\jdk-17\bin\java.dll
0x00007ffad22e0000 - 0x00007ffad23b7000 	C:\Program Files\Java\jdk-17\bin\jsvml.dll
0x00007ffb0ef40000 - 0x00007ffb0f684000 	C:\Windows\System32\SHELL32.dll
0x00007ffb0c210000 - 0x00007ffb0c9a3000 	C:\Windows\SYSTEM32\windows.storage.dll
0x00007ffb102a0000 - 0x00007ffb105f4000 	C:\Windows\System32\combase.dll
0x00007ffb0db00000 - 0x00007ffb0db2e000 	C:\Windows\SYSTEM32\Wldp.dll
0x00007ffb0f930000 - 0x00007ffb0f9dd000 	C:\Windows\System32\SHCORE.dll
0x00007ffb0fa10000 - 0x00007ffb0fa65000 	C:\Windows\System32\shlwapi.dll
0x00007ffb0e0c0000 - 0x00007ffb0e0e5000 	C:\Windows\SYSTEM32\profapi.dll
0x00007ffaf13b0000 - 0x00007ffaf13c9000 	C:\Program Files\Java\jdk-17\bin\net.dll
0x00007ffb03f80000 - 0x00007ffb0408a000 	C:\Windows\SYSTEM32\WINHTTP.dll
0x00007ffb0d860000 - 0x00007ffb0d8ca000 	C:\Windows\system32\mswsock.dll
0x00007ffaf1350000 - 0x00007ffaf1366000 	C:\Program Files\Java\jdk-17\bin\nio.dll
0x00007ffaf07b0000 - 0x00007ffaf07c8000 	C:\Program Files\Java\jdk-17\bin\zip.dll
0x00007ffb05b30000 - 0x00007ffb05b40000 	C:\Program Files\Java\jdk-17\bin\verify.dll
0x00007ffad45b0000 - 0x00007ffad45d7000 	C:\Users\ss\.gradle\native\e1d6ef7f7dcc3fd88c89a11ec53ec762bb8ba0a96d01ffa2cd45eb1d1d8dd5c5\windows-amd64\native-platform.dll
0x00007ffaa8130000 - 0x00007ffaa8274000 	C:\Users\ss\.gradle\native\5664cfc778a61ccfe75a443a1ab52a65af34e5dc3c78e0209fed803814484fcb\windows-amd64\native-platform-file-events.dll
0x00007ffb06b60000 - 0x00007ffb06b6a000 	C:\Program Files\Java\jdk-17\bin\management.dll
0x00007ffb04460000 - 0x00007ffb0446b000 	C:\Program Files\Java\jdk-17\bin\management_ext.dll
0x00007ffb0da60000 - 0x00007ffb0da78000 	C:\Windows\SYSTEM32\CRYPTSP.dll
0x00007ffb0d170000 - 0x00007ffb0d1a4000 	C:\Windows\system32\rsaenh.dll
0x00007ffb0e190000 - 0x00007ffb0e1b7000 	C:\Windows\System32\bcrypt.dll
0x00007ffb0e030000 - 0x00007ffb0e05e000 	C:\Windows\SYSTEM32\USERENV.dll
0x00007ffb0da50000 - 0x00007ffb0da5c000 	C:\Windows\SYSTEM32\CRYPTBASE.dll
0x00007ffb0d550000 - 0x00007ffb0d58b000 	C:\Windows\SYSTEM32\IPHLPAPI.DLL
0x00007ffb0ebd0000 - 0x00007ffb0ebd8000 	C:\Windows\System32\NSI.dll
0x00007ffb046e0000 - 0x00007ffb046f7000 	C:\Windows\SYSTEM32\dhcpcsvc6.DLL
0x00007ffb04c10000 - 0x00007ffb04c2d000 	C:\Windows\SYSTEM32\dhcpcsvc.DLL
0x00007ffb0d590000 - 0x00007ffb0d65a000 	C:\Windows\SYSTEM32\DNSAPI.dll
0x00007ffaf8330000 - 0x00007ffaf833d000 	C:\Program Files\Java\jdk-17\bin\sunmscapi.dll
0x00007ffb0e2e0000 - 0x00007ffb0e43e000 	C:\Windows\System32\CRYPT32.dll
0x00007ffb0db70000 - 0x00007ffb0db98000 	C:\Windows\SYSTEM32\ncrypt.dll
0x00007ffb0db30000 - 0x00007ffb0db6b000 	C:\Windows\SYSTEM32\NTASN1.dll
0x00007ffb043a0000 - 0x00007ffb043a7000 	C:\Windows\system32\wshunix.dll

dbghelp: loaded successfully - version: 4.0.5 - missing functions: none
symbol engine: initialized successfully - sym options: 0x614 - pdb path: .;C:\Program Files\Java\jdk-17\bin;C:\Windows\SYSTEM32;C:\Windows\WinSxS\amd64_microsoft.windows.common-controls_6595b64144ccf1df_6.0.19041.1110_none_60b5254171f9507e;C:\Program Files\Java\jdk-17\bin\server;C:\Users\ss\.gradle\native\e1d6ef7f7dcc3fd88c89a11ec53ec762bb8ba0a96d01ffa2cd45eb1d1d8dd5c5\windows-amd64;C:\Users\ss\.gradle\native\5664cfc778a61ccfe75a443a1ab52a65af34e5dc3c78e0209fed803814484fcb\windows-amd64

VM Arguments:
jvm_args: -XX:MaxMetaspaceSize=512m --add-opens=java.base/java.util=ALL-UNNAMED --add-opens=java.base/java.lang=ALL-UNNAMED --add-opens=java.base/java.lang.invoke=ALL-UNNAMED --add-opens=java.base/java.util=ALL-UNNAMED --add-opens=java.prefs/java.util.prefs=ALL-UNNAMED --add-opens=java.prefs/java.util.prefs=ALL-UNNAMED --add-opens=java.base/java.nio.charset=ALL-UNNAMED --add-opens=java.base/java.net=ALL-UNNAMED --add-opens=java.base/java.util.concurrent.atomic=ALL-UNNAMED -Xmx2048m -Dfile.encoding=windows-1252 -Duser.country=IN -Duser.language=en -Duser.variant 
java_command: org.gradle.launcher.daemon.bootstrap.GradleDaemon 7.3.3
java_class_path (initial): C:\Users\ss\.gradle\wrapper\dists\gradle-7.3.3-all\4295vidhdd9hd3gbjyw1xqxpo\gradle-7.3.3\lib\gradle-launcher-7.3.3.jar
Launcher Type: SUN_STANDARD

[Global flags]
     intx CICompilerCount                          = 3                                         {product} {ergonomic}
   size_t CompressedClassSpaceSize                 = 432013312                                 {product} {ergonomic}
     uint ConcGCThreads                            = 1                                         {product} {ergonomic}
     uint G1ConcRefinementThreads                  = 4                                         {product} {ergonomic}
   size_t G1HeapRegionSize                         = 1048576                                   {product} {ergonomic}
    uintx GCDrainStackTargetSize                   = 64                                        {product} {ergonomic}
   size_t InitialHeapSize                          = 268435456                                 {product} {ergonomic}
   size_t MarkStackSize                            = 4194304                                   {product} {ergonomic}
   size_t MaxHeapSize                              = 2147483648                                {product} {command line}
   size_t MaxMetaspaceSize                         = 536870912                                 {product} {command line}
   size_t MaxNewSize                               = 1287651328                                {product} {ergonomic}
   size_t MinHeapDeltaBytes                        = 1048576                                   {product} {ergonomic}
   size_t MinHeapSize                              = 8388608                                   {product} {ergonomic}
    uintx NonNMethodCodeHeapSize                   = 5832780                                {pd product} {ergonomic}
    uintx NonProfiledCodeHeapSize                  = 122912730                              {pd product} {ergonomic}
    uintx ProfiledCodeHeapSize                     = 122912730                              {pd product} {ergonomic}
    uintx ReservedCodeCacheSize                    = 251658240                              {pd product} {ergonomic}
     bool SegmentedCodeCache                       = true                                      {product} {ergonomic}
   size_t SoftMaxHeapSize                          = 2147483648                             {manageable} {ergonomic}
     bool UseCompressedClassPointers               = true                           {product lp64_product} {ergonomic}
     bool UseCompressedOops                        = true                           {product lp64_product} {ergonomic}
     bool UseG1GC                                  = true                                      {product} {ergonomic}
     bool UseLargePagesIndividualAllocation        = false                                  {pd product} {ergonomic}

Logging:
Log output configuration:
 #0: stdout all=warning uptime,level,tags
 #1: stderr all=off uptime,level,tags

Environment Variables:
CLASSPATH=C:\Users\ss\Desktop\teachers-vision\android\\gradle\wrapper\gradle-wrapper.jar
PATH=C:\Users\ss\Desktop\teachers-vision\android\node_modules\.bin;C:\Users\ss\Desktop\teachers-vision\node_modules\.bin;C:\Users\ss\Desktop\node_modules\.bin;C:\Users\ss\node_modules\.bin;C:\Users\node_modules\.bin;C:\node_modules\.bin;C:\Program Files\nodejs;C:\Users\ss\Desktop\teachers-vision\node_modules\.bin;C:\Users\ss\Desktop\teachers-vision\node_modules\.bin;C:\Users\ss\Desktop\node_modules\.bin;C:\Users\ss\node_modules\.bin;C:\Users\node_modules\.bin;C:\node_modules\.bin;C:\Users\ss\AppData\Roaming\nvm\v16.16.0\node_modules\npm\node_modules\@npmcli\run-script\lib\node-gyp-bin;C:\Users\ss\Desktop\teachers-vision\node_modules\.bin;C:\Users\ss\Desktop\node_modules\.bin;C:\Users\ss\node_modules\.bin;C:\Users\node_modules\.bin;C:\node_modules\.bin;C:\Program Files\nodejs;C:\Users\ss\Desktop\teachers-vision\node_modules\.bin;C:\Users\ss\Desktop\teachers-vision\node_modules\.bin;C:\Users\ss\Desktop\node_modules\.bin;C:\Users\ss\node_modules\.bin;C:\Users\node_modules\.bin;C:\node_modules\.bin;C:\Users\ss\AppData\Roaming\nvm\v16.16.0\node_modules\npm\node_modules\@npmcli\run-script\lib\node-gyp-bin;C:\Program Files\Common Files\Oracle\Java\javapath;C:\Program Files (x86)\Common Files\Oracle\Java\javapath;C:\Program Files\Microsoft\jdk-11.0.18.10-hotspot\bin;C:\Program Files\Microsoft MPI\Bin\;C:\Windows\system32;C:\Windows;C:\Windows\System32\Wbem;C:\Windows\System32\WindowsPowerShell\v1.0\;C:\Windows\System32\OpenSSH\;C:\ProgramData\chocolatey\bin;C:\Users\ss\AppData\Local\Android\Sdk\platform-tools;C:\Program Files\Git\cmd;C:\Program Files\Microsoft SQL Server\150\Tools\Binn\;C:\Program Files (x86)\Microsoft SQL Server\160\Tools\Binn\;C:\Program Files\Microsoft SQL Server\160\Tools\Binn\;C:\Program Files\Microsoft SQL Server\Client SDK\ODBC\170\Tools\Binn\;C:\Program Files\Microsoft SQL Server\160\DTS\Binn\;C:\Program Files\dotnet\;C:\Program Files (x86)\dotnet\;C:\Program Files (x86)\Microsoft SQL Server\160\DTS\Binn\;C:\Program Files (x86)\Microsoft SQL Server\150
USERNAME=ss
LANG=en_US.UTF-8
OS=Windows_NT
PROCESSOR_IDENTIFIER=Intel64 Family 6 Model 142 Stepping 9, GenuineIntel



---------------  S Y S T E M  ---------------

OS:
 Windows 10 , 64 bit Build 19041 (10.0.19041.3155)
OS uptime: 2 days 15:54 hours

CPU: total 4 (initial active 4) (2 cores per cpu, 2 threads per core) family 6 model 142 stepping 9 microcode 0xb4, cx8, cmov, fxsr, ht, mmx, 3dnowpref, sse, sse2, sse3, ssse3, sse4.1, sse4.2, popcnt, lzcnt, tsc, tscinvbit, avx, avx2, aes, erms, clmul, bmi1, bmi2, adx, fma, vzeroupper, clflush, clflushopt

Memory: 4k page, system-wide physical 16263M (1052M free)
TotalPageFile size 21167M (AvailPageFile size 144M)
current process WorkingSet (physical memory assigned to process): 203M, peak: 203M
current process commit charge ("private bytes"): 406M, peak: 408M

vm_info: Java HotSpot(TM) 64-Bit Server VM (17.0.7+8-LTS-224) for windows-amd64 JRE (17.0.7+8-LTS-224), built on Feb 28 2023 23:03:02 by "mach5one" with MS VC++ 17.1 (VS2022)

END.
