#
# There is insufficient memory for the Java Runtime Environment to continue.
# Native memory allocation (malloc) failed to allocate 1091856 bytes for Chunk::new
# Possible reasons:
#   The system is out of physical RAM or swap space
#   The process is running with CompressedOops enabled, and the Java Heap may be blocking the growth of the native heap
# Possible solutions:
#   Reduce memory load on the system
#   Increase physical memory or swap space
#   Check if swap backing store is full
#   Decrease Java heap size (-Xmx/-Xms)
#   Decrease number of Java threads
#   Decrease Java thread stack sizes (-Xss)
#   Set larger code cache with -XX:ReservedCodeCacheSize=
#   JVM is running with Unscaled Compressed Oops mode in which the Java heap is
#     placed in the first 4GB address space. The Java Heap base address is the
#     maximum limit for the native heap growth. Please use -XX:HeapBaseMinAddress
#     to set the Java Heap base and to place the Java Heap above 4GB virtual address.
# This output file may be truncated or incomplete.
#
#  Out of Memory Error (arena.cpp:189), pid=8712, tid=27396
#
# JRE version: Java(TM) SE Runtime Environment (17.0.7+8) (build 17.0.7+8-LTS-224)
# Java VM: Java HotSpot(TM) 64-Bit Server VM (17.0.7+8-LTS-224, mixed mode, sharing, tiered, compressed oops, compressed class ptrs, g1 gc, windows-amd64)
# No core dump will be written. Minidumps are not enabled by default on client versions of Windows
#

---------------  S U M M A R Y ------------

Command Line: -XX:MaxMetaspaceSize=512m --add-opens=java.base/java.util=ALL-UNNAMED --add-opens=java.base/java.lang=ALL-UNNAMED --add-opens=java.base/java.lang.invoke=ALL-UNNAMED --add-opens=java.base/java.util=ALL-UNNAMED --add-opens=java.prefs/java.util.prefs=ALL-UNNAMED --add-opens=java.prefs/java.util.prefs=ALL-UNNAMED --add-opens=java.base/java.nio.charset=ALL-UNNAMED --add-opens=java.base/java.net=ALL-UNNAMED --add-opens=java.base/java.util.concurrent.atomic=ALL-UNNAMED -Xmx2048m -Dfile.encoding=windows-1252 -Duser.country=IN -Duser.language=en -Duser.variant org.gradle.launcher.daemon.bootstrap.GradleDaemon 7.3.3

Host: Intel(R) Core(TM) i5-7200U CPU @ 2.50GHz, 4 cores, 15G,  Windows 10 , 64 bit Build 19041 (10.0.19041.3155)
Time: Thu Sep 14 15:25:25 2023 India Standard Time elapsed time: 714.883428 seconds (0d 0h 11m 54s)

---------------  T H R E A D  ---------------

Current thread (0x00000185065c7c40):  JavaThread "C2 CompilerThread0" daemon [_thread_in_native, id=27396, stack(0x0000001c0f200000,0x0000001c0f300000)]


Current CompileTask:
C2: 714883 13933 %     4       com.android.build.gradle.internal.cxx.settings.ParseMacroStringKt::tokenizeMacroString @ 27 (457 bytes)

Stack: [0x0000001c0f200000,0x0000001c0f300000]
Native frames: (J=compiled Java code, j=interpreted, Vv=VM code, C=native code)
V  [jvm.dll+0x676a4a]
V  [jvm.dll+0x7d74f4]
V  [jvm.dll+0x7d8c9e]
V  [jvm.dll+0x7d9303]
V  [jvm.dll+0x2452c5]
V  [jvm.dll+0xaaa2b]
V  [jvm.dll+0xaafcc]
V  [jvm.dll+0x3613cf]
V  [jvm.dll+0x32bba1]
V  [jvm.dll+0x32b03a]
V  [jvm.dll+0x217acf]
V  [jvm.dll+0x216f01]
V  [jvm.dll+0x1a35e0]
V  [jvm.dll+0x226a6e]
V  [jvm.dll+0x224e15]
V  [jvm.dll+0x78d05c]
V  [jvm.dll+0x78759a]
V  [jvm.dll+0x675875]
C  [ucrtbase.dll+0x21bb2]
C  [KERNEL32.DLL+0x17614]
C  [ntdll.dll+0x526b1]


---------------  P R O C E S S  ---------------

Threads class SMR info:
_java_thread_list=0x000001850d62d040, length=87, elements={
0x0000018568c28290, 0x00000185065a7200, 0x00000185065a7f80, 0x00000185065c1530,
0x00000185065c4e10, 0x00000185065c66e0, 0x00000185065c6fa0, 0x00000185065c7c40,
0x0000018507036560, 0x000001850703b630, 0x000001850710d9a0, 0x00000185071110b0,
0x0000018508027b10, 0x00000185070150a0, 0x000001850720bbd0, 0x0000018507d7f440,
0x00000185070d30c0, 0x00000185085a38f0, 0x00000185085a2f50, 0x00000185085a5f70,
0x00000185085a4760, 0x00000185085a3420, 0x00000185085a6910, 0x00000185085a3dc0,
0x00000185085a4c30, 0x00000185085a6440, 0x00000185085a5100, 0x000001850aa5b060,
0x000001850aa5fd60, 0x000001850aa5dbb0, 0x000001850aa5ab90, 0x000001850aa5e550,
0x000001850aa5e080, 0x000001850aa5ea20, 0x000001850aa58eb0, 0x000001850aa5a1f0,
0x000001850aa5ba00, 0x000001850aa5d210, 0x000001850aa5d6e0, 0x000001850aa5bed0,
0x000001850aa5c3a0, 0x000001850aa5f3c0, 0x000001850aa5eef0, 0x000001850aa5cd40,
0x00000185085a4290, 0x000001850b6873a0, 0x000001850b68a3c0, 0x000001850b688210,
0x000001850b686a00, 0x000001850b689080, 0x000001850b689a20, 0x000001850b688bb0,
0x000001850b68d3e0, 0x000001850b686060, 0x000001850b687870, 0x000001850b689550,
0x000001850b68c570, 0x000001850b68ca40, 0x000001850b68ad60, 0x000001850b6886e0,
0x000001850b686530, 0x000001850b68b700, 0x000001850b686ed0, 0x000001850b68cf10,
0x000001850b689ef0, 0x000001850b68c0a0, 0x000001850b687d40, 0x000001850b68a890,
0x000001850b68b230, 0x000001850b68bbd0, 0x000001850b68d8b0, 0x000001850b7e48b0,
0x000001850b7e2230, 0x000001850b7dded0, 0x000001850b7dd530, 0x000001850b7e1d60,
0x000001850b7de870, 0x000001850b7dfbb0, 0x000001850b7df6e0, 0x000001850b7e0080,
0x000001850b7e0550, 0x000001850b7e1890, 0x000001850b7e2700, 0x000001850b7df210,
0x000001850aa59380, 0x00000185104f5bf0, 0x00000185104f7400
}

Java Threads: ( => current thread )
  0x0000018568c28290 JavaThread "main" [_thread_blocked, id=3184, stack(0x0000001c0e400000,0x0000001c0e500000)]
  0x00000185065a7200 JavaThread "Reference Handler" daemon [_thread_blocked, id=27068, stack(0x0000001c0ec00000,0x0000001c0ed00000)]
  0x00000185065a7f80 JavaThread "Finalizer" daemon [_thread_blocked, id=19952, stack(0x0000001c0ed00000,0x0000001c0ee00000)]
  0x00000185065c1530 JavaThread "Signal Dispatcher" daemon [_thread_blocked, id=4180, stack(0x0000001c0ee00000,0x0000001c0ef00000)]
  0x00000185065c4e10 JavaThread "Attach Listener" daemon [_thread_blocked, id=11420, stack(0x0000001c0ef00000,0x0000001c0f000000)]
  0x00000185065c66e0 JavaThread "Service Thread" daemon [_thread_blocked, id=29732, stack(0x0000001c0f000000,0x0000001c0f100000)]
  0x00000185065c6fa0 JavaThread "Monitor Deflation Thread" daemon [_thread_blocked, id=11784, stack(0x0000001c0f100000,0x0000001c0f200000)]
=>0x00000185065c7c40 JavaThread "C2 CompilerThread0" daemon [_thread_in_native, id=27396, stack(0x0000001c0f200000,0x0000001c0f300000)]
  0x0000018507036560 JavaThread "C1 CompilerThread0" daemon [_thread_blocked, id=23084, stack(0x0000001c0f300000,0x0000001c0f400000)]
  0x000001850703b630 JavaThread "Sweeper thread" daemon [_thread_blocked, id=23748, stack(0x0000001c0f400000,0x0000001c0f500000)]
  0x000001850710d9a0 JavaThread "Common-Cleaner" daemon [_thread_blocked, id=17832, stack(0x0000001c0f500000,0x0000001c0f600000)]
  0x00000185071110b0 JavaThread "Notification Thread" daemon [_thread_blocked, id=3956, stack(0x0000001c0f600000,0x0000001c0f700000)]
  0x0000018508027b10 JavaThread "Daemon health stats" [_thread_blocked, id=24280, stack(0x0000001c0fb00000,0x0000001c0fc00000)]
  0x00000185070150a0 JavaThread "Incoming local TCP Connector on port 49656" [_thread_in_native, id=20444, stack(0x0000001c0fc00000,0x0000001c0fd00000)]
  0x000001850720bbd0 JavaThread "Daemon periodic checks" [_thread_blocked, id=23468, stack(0x0000001c0fd00000,0x0000001c0fe00000)]
  0x0000018507d7f440 JavaThread "Daemon" [_thread_blocked, id=16664, stack(0x0000001c0fe00000,0x0000001c0ff00000)]
  0x00000185070d30c0 JavaThread "Handler for socket connection from /127.0.0.1:49656 to /127.0.0.1:49657" [_thread_in_native, id=21656, stack(0x0000001c0ff00000,0x0000001c10000000)]
  0x00000185085a38f0 JavaThread "Cancel handler" [_thread_blocked, id=20280, stack(0x0000001c10000000,0x0000001c10100000)]
  0x00000185085a2f50 JavaThread "Daemon worker" [_thread_in_vm, id=25856, stack(0x0000001c10100000,0x0000001c10200000)]
  0x00000185085a5f70 JavaThread "Asynchronous log dispatcher for DefaultDaemonConnection: socket connection from /127.0.0.1:49656 to /127.0.0.1:49657" [_thread_blocked, id=27280, stack(0x0000001c10200000,0x0000001c10300000)]
  0x00000185085a4760 JavaThread "Daemon client event forwarder" [_thread_blocked, id=19464, stack(0x0000001c10400000,0x0000001c10500000)]
  0x00000185085a3420 JavaThread "Cache worker for journal cache (C:\Users\ss\.gradle\caches\journal-1)" [_thread_blocked, id=13628, stack(0x0000001c10500000,0x0000001c10600000)]
  0x00000185085a6910 JavaThread "File lock request listener" [_thread_in_native, id=30504, stack(0x0000001c10600000,0x0000001c10700000)]
  0x00000185085a3dc0 JavaThread "Cache worker for file hash cache (C:\Users\ss\.gradle\caches\7.3.3\fileHashes)" [_thread_blocked, id=19548, stack(0x0000001c10700000,0x0000001c10800000)]
  0x00000185085a4c30 JavaThread "Cache worker for file hash cache (C:\Users\ss\Desktop\teachers-vision\android\.gradle\7.3.3\fileHashes)" [_thread_blocked, id=17896, stack(0x0000001c10900000,0x0000001c10a00000)]
  0x00000185085a6440 JavaThread "File watcher server" daemon [_thread_in_native, id=11960, stack(0x0000001c10a00000,0x0000001c10b00000)]
  0x00000185085a5100 JavaThread "File watcher consumer" daemon [_thread_blocked, id=22736, stack(0x0000001c10b00000,0x0000001c10c00000)]
  0x000001850aa5b060 JavaThread "Cache worker for checksums cache (C:\Users\ss\Desktop\teachers-vision\android\.gradle\7.3.3\checksums)" [_thread_blocked, id=7548, stack(0x0000001c10c00000,0x0000001c10d00000)]
  0x000001850aa5fd60 JavaThread "Cache worker for cache directory md-supplier (C:\Users\ss\.gradle\caches\7.3.3\md-supplier)" [_thread_blocked, id=23040, stack(0x0000001c10d00000,0x0000001c10e00000)]
  0x000001850aa5dbb0 JavaThread "Cache worker for cache directory md-rule (C:\Users\ss\.gradle\caches\7.3.3\md-rule)" [_thread_blocked, id=22416, stack(0x0000001c10e00000,0x0000001c10f00000)]
  0x000001850aa5ab90 JavaThread "Cache worker for execution history cache (C:\Users\ss\.gradle\caches\7.3.3\executionHistory)" [_thread_blocked, id=9480, stack(0x0000001c10f00000,0x0000001c11000000)]
  0x000001850aa5e550 JavaThread "jar transforms" [_thread_blocked, id=30028, stack(0x0000001c11000000,0x0000001c11100000)]
  0x000001850aa5e080 JavaThread "jar transforms Thread 2" [_thread_blocked, id=6928, stack(0x0000001c11100000,0x0000001c11200000)]
  0x000001850aa5ea20 JavaThread "Cache worker for file content cache (C:\Users\ss\.gradle\caches\7.3.3\fileContent)" [_thread_blocked, id=19072, stack(0x0000001c11200000,0x0000001c11300000)]
  0x000001850aa58eb0 JavaThread "jar transforms Thread 3" [_thread_blocked, id=16940, stack(0x0000001c11500000,0x0000001c11600000)]
  0x000001850aa5a1f0 JavaThread "jar transforms Thread 4" [_thread_blocked, id=15488, stack(0x0000001c11600000,0x0000001c11700000)]
  0x000001850aa5ba00 JavaThread "Cache worker for kotlin-dsl (C:\Users\ss\.gradle\caches\7.3.3\kotlin-dsl)" [_thread_blocked, id=21900, stack(0x0000001c10800000,0x0000001c10900000)]
  0x000001850aa5d210 JavaThread "Cache worker for dependencies-accessors (C:\Users\ss\Desktop\teachers-vision\android\.gradle\7.3.3\dependencies-accessors)" [_thread_blocked, id=12984, stack(0x0000001c0e500000,0x0000001c0e600000)]
  0x000001850aa5d6e0 JavaThread "Cache worker for Build Output Cleanup Cache (C:\Users\ss\Desktop\teachers-vision\node_modules\react-native-gradle-plugin\.gradle\buildOutputCleanup)" [_thread_blocked, id=10100, stack(0x0000001c11700000,0x0000001c11800000)]
  0x000001850aa5bed0 JavaThread "Unconstrained build operations" [_thread_blocked, id=17728, stack(0x0000001c11800000,0x0000001c11900000)]
  0x000001850aa5c3a0 JavaThread "Unconstrained build operations Thread 2" [_thread_blocked, id=20472, stack(0x0000001c11900000,0x0000001c11a00000)]
  0x000001850aa5f3c0 JavaThread "Unconstrained build operations Thread 3" [_thread_blocked, id=29684, stack(0x0000001c11a00000,0x0000001c11b00000)]
  0x000001850aa5eef0 JavaThread "Unconstrained build operations Thread 4" [_thread_blocked, id=20184, stack(0x0000001c11b00000,0x0000001c11c00000)]
  0x000001850aa5cd40 JavaThread "Unconstrained build operations Thread 5" [_thread_blocked, id=6772, stack(0x0000001c11c00000,0x0000001c11d00000)]
  0x00000185085a4290 JavaThread "Unconstrained build operations Thread 6" [_thread_blocked, id=7260, stack(0x0000001c11d00000,0x0000001c11e00000)]
  0x000001850b6873a0 JavaThread "Unconstrained build operations Thread 7" [_thread_blocked, id=23504, stack(0x0000001c11e00000,0x0000001c11f00000)]
  0x000001850b68a3c0 JavaThread "Unconstrained build operations Thread 8" [_thread_blocked, id=5356, stack(0x0000001c11f00000,0x0000001c12000000)]
  0x000001850b688210 JavaThread "Unconstrained build operations Thread 9" [_thread_blocked, id=20144, stack(0x0000001c12000000,0x0000001c12100000)]
  0x000001850b686a00 JavaThread "Unconstrained build operations Thread 10" [_thread_blocked, id=28384, stack(0x0000001c12100000,0x0000001c12200000)]
  0x000001850b689080 JavaThread "Unconstrained build operations Thread 11" [_thread_blocked, id=29108, stack(0x0000001c12200000,0x0000001c12300000)]
  0x000001850b689a20 JavaThread "Unconstrained build operations Thread 12" [_thread_blocked, id=27632, stack(0x0000001c12300000,0x0000001c12400000)]
  0x000001850b688bb0 JavaThread "Unconstrained build operations Thread 13" [_thread_blocked, id=18288, stack(0x0000001c12400000,0x0000001c12500000)]
  0x000001850b68d3e0 JavaThread "Unconstrained build operations Thread 14" [_thread_blocked, id=20372, stack(0x0000001c12500000,0x0000001c12600000)]
  0x000001850b686060 JavaThread "Unconstrained build operations Thread 15" [_thread_blocked, id=21588, stack(0x0000001c12600000,0x0000001c12700000)]
  0x000001850b687870 JavaThread "Unconstrained build operations Thread 16" [_thread_blocked, id=15036, stack(0x0000001c12700000,0x0000001c12800000)]
  0x000001850b689550 JavaThread "Unconstrained build operations Thread 17" [_thread_blocked, id=27728, stack(0x0000001c12800000,0x0000001c12900000)]
  0x000001850b68c570 JavaThread "Unconstrained build operations Thread 18" [_thread_blocked, id=30420, stack(0x0000001c12900000,0x0000001c12a00000)]
  0x000001850b68ca40 JavaThread "Unconstrained build operations Thread 19" [_thread_blocked, id=19036, stack(0x0000001c12a00000,0x0000001c12b00000)]
  0x000001850b68ad60 JavaThread "Unconstrained build operations Thread 20" [_thread_blocked, id=24692, stack(0x0000001c12b00000,0x0000001c12c00000)]
  0x000001850b6886e0 JavaThread "Unconstrained build operations Thread 21" [_thread_blocked, id=23848, stack(0x0000001c12c00000,0x0000001c12d00000)]
  0x000001850b686530 JavaThread "Unconstrained build operations Thread 22" [_thread_blocked, id=21064, stack(0x0000001c12d00000,0x0000001c12e00000)]
  0x000001850b68b700 JavaThread "Unconstrained build operations Thread 23" [_thread_blocked, id=29236, stack(0x0000001c12e00000,0x0000001c12f00000)]
  0x000001850b686ed0 JavaThread "Unconstrained build operations Thread 24" [_thread_blocked, id=12340, stack(0x0000001c12f00000,0x0000001c13000000)]
  0x000001850b68cf10 JavaThread "Unconstrained build operations Thread 25" [_thread_blocked, id=7476, stack(0x0000001c13000000,0x0000001c13100000)]
  0x000001850b689ef0 JavaThread "Unconstrained build operations Thread 26" [_thread_blocked, id=864, stack(0x0000001c13100000,0x0000001c13200000)]
  0x000001850b68c0a0 JavaThread "Unconstrained build operations Thread 27" [_thread_blocked, id=6648, stack(0x0000001c13200000,0x0000001c13300000)]
  0x000001850b687d40 JavaThread "Unconstrained build operations Thread 28" [_thread_blocked, id=30712, stack(0x0000001c13300000,0x0000001c13400000)]
  0x000001850b68a890 JavaThread "Unconstrained build operations Thread 29" [_thread_blocked, id=11260, stack(0x0000001c13400000,0x0000001c13500000)]
  0x000001850b68b230 JavaThread "Unconstrained build operations Thread 30" [_thread_blocked, id=26780, stack(0x0000001c13500000,0x0000001c13600000)]
  0x000001850b68bbd0 JavaThread "Unconstrained build operations Thread 31" [_thread_blocked, id=21420, stack(0x0000001c13600000,0x0000001c13700000)]
  0x000001850b68d8b0 JavaThread "Unconstrained build operations Thread 32" [_thread_blocked, id=24920, stack(0x0000001c13700000,0x0000001c13800000)]
  0x000001850b7e48b0 JavaThread "Unconstrained build operations Thread 33" [_thread_blocked, id=26248, stack(0x0000001c13800000,0x0000001c13900000)]
  0x000001850b7e2230 JavaThread "build event listener" [_thread_blocked, id=540, stack(0x0000001c13900000,0x0000001c13a00000)]
  0x000001850b7dded0 JavaThread "Memory manager" [_thread_blocked, id=11668, stack(0x0000001c13a00000,0x0000001c13b00000)]
  0x000001850b7dd530 JavaThread "Cache worker for Build Output Cleanup Cache (C:\Users\ss\Desktop\teachers-vision\android\.gradle\buildOutputCleanup)" [_thread_blocked, id=13416, stack(0x0000001c11400000,0x0000001c11500000)]
  0x000001850b7e1d60 JavaThread "Cache worker for execution history cache (C:\Users\ss\Desktop\teachers-vision\node_modules\react-native-gradle-plugin\.gradle\7.3.3\executionHistory)" [_thread_blocked, id=21448, stack(0x0000001c13f00000,0x0000001c14000000)]
  0x000001850b7de870 JavaThread "Unconstrained build operations Thread 34" [_thread_blocked, id=14604, stack(0x0000001c14000000,0x0000001c14100000)]
  0x000001850b7dfbb0 JavaThread "Unconstrained build operations Thread 35" [_thread_blocked, id=20004, stack(0x0000001c14100000,0x0000001c14200000)]
  0x000001850b7df6e0 JavaThread "Unconstrained build operations Thread 36" [_thread_blocked, id=26052, stack(0x0000001c14200000,0x0000001c14300000)]
  0x000001850b7e0080 JavaThread "Unconstrained build operations Thread 37" [_thread_blocked, id=9284, stack(0x0000001c14300000,0x0000001c14400000)]
  0x000001850b7e0550 JavaThread "Unconstrained build operations Thread 38" [_thread_blocked, id=19068, stack(0x0000001c14400000,0x0000001c14500000)]
  0x000001850b7e1890 JavaThread "Unconstrained build operations Thread 39" [_thread_blocked, id=8124, stack(0x0000001c14500000,0x0000001c14600000)]
  0x000001850b7e2700 JavaThread "Unconstrained build operations Thread 40" [_thread_blocked, id=20960, stack(0x0000001c14600000,0x0000001c14700000)]
  0x000001850b7df210 JavaThread "build event listener" [_thread_blocked, id=4480, stack(0x0000001c10300000,0x0000001c10400000)]
  0x000001850aa59380 JavaThread "File lock release action executor Thread 7" [_thread_blocked, id=7284, stack(0x0000001c11300000,0x0000001c11400000)]
  0x00000185104f5bf0 JavaThread "File lock release action executor Thread 8" [_thread_blocked, id=28304, stack(0x0000001c0e300000,0x0000001c0e400000)]
  0x00000185104f7400 JavaThread "build event listener" [_thread_blocked, id=27052, stack(0x0000001c13b00000,0x0000001c13c00000)]

Other Threads:
  0x00000185065a26a0 VMThread "VM Thread" [stack: 0x0000001c0eb00000,0x0000001c0ec00000] [id=30328]
  0x0000018507113590 WatcherThread [stack: 0x0000001c0f700000,0x0000001c0f800000] [id=10988]
  0x0000018568c80380 GCTaskThread "GC Thread#0" [stack: 0x0000001c0e600000,0x0000001c0e700000] [id=5992]
  0x0000018507a38d00 GCTaskThread "GC Thread#1" [stack: 0x0000001c0f800000,0x0000001c0f900000] [id=19680]
  0x00000185073f2cf0 GCTaskThread "GC Thread#2" [stack: 0x0000001c0f900000,0x0000001c0fa00000] [id=25012]
  0x00000185078966b0 GCTaskThread "GC Thread#3" [stack: 0x0000001c0fa00000,0x0000001c0fb00000] [id=28940]
  0x0000018568c911d0 ConcurrentGCThread "G1 Main Marker" [stack: 0x0000001c0e700000,0x0000001c0e800000] [id=8204]
  0x0000018568c91af0 ConcurrentGCThread "G1 Conc#0" [stack: 0x0000001c0e800000,0x0000001c0e900000] [id=25668]
  0x000001850645e130 ConcurrentGCThread "G1 Refine#0" [stack: 0x0000001c0e900000,0x0000001c0ea00000] [id=19160]
  0x000001850645e960 ConcurrentGCThread "G1 Service" [stack: 0x0000001c0ea00000,0x0000001c0eb00000] [id=672]

Threads with active compile tasks:
C2 CompilerThread0   714954 13933 %     4       com.android.build.gradle.internal.cxx.settings.ParseMacroStringKt::tokenizeMacroString @ 27 (457 bytes)

VM state: not at safepoint (normal execution)

VM Mutex/Monitor currently owned by a thread: None

Heap address: 0x0000000080000000, size: 2048 MB, Compressed Oops mode: 32-bit

CDS archive(s) mapped at: [0x0000000800000000-0x0000000800bd0000-0x0000000800bd0000), size 12386304, SharedBaseAddress: 0x0000000800000000, ArchiveRelocationMode: 0.
Compressed class space mapped at: 0x0000000800c00000-0x000000081a800000, reserved size: 432013312
Narrow klass base: 0x0000000800000000, Narrow klass shift: 0, Narrow klass range: 0x100000000

GC Precious Log:
 CPUs: 4 total, 4 available
 Memory: 16263M
 Large Page Support: Disabled
 NUMA Support: Disabled
 Compressed Oops: Enabled (32-bit)
 Heap Region Size: 1M
 Heap Min Capacity: 8M
 Heap Initial Capacity: 256M
 Heap Max Capacity: 2G
 Pre-touch: Disabled
 Parallel Workers: 4
 Concurrent Workers: 1
 Concurrent Refinement Workers: 4
 Periodic GC: Disabled

Heap:
 garbage-first heap   total 256000K, used 165497K [0x0000000080000000, 0x0000000100000000)
  region size 1024K, 21 young (21504K), 2 survivors (2048K)
 Metaspace       used 92970K, committed 94464K, reserved 503808K
  class space    used 12799K, committed 13504K, reserved 421888K

Heap Regions: E=young(eden), S=young(survivor), O=old, HS=humongous(starts), HC=humongous(continues), CS=collection set, F=free, OA=open archive, CA=closed archive, TAMS=top-at-mark-start (previous, next)
|   0|0x0000000080000000, 0x0000000080100000, 0x0000000080100000|100%|HS|  |TAMS 0x0000000080100000, 0x0000000080000000| Complete 
|   1|0x0000000080100000, 0x0000000080200000, 0x0000000080200000|100%|HC|  |TAMS 0x0000000080200000, 0x0000000080100000| Complete 
|   2|0x0000000080200000, 0x0000000080300000, 0x0000000080300000|100%|HC|  |TAMS 0x0000000080300000, 0x0000000080200000| Complete 
|   3|0x0000000080300000, 0x0000000080400000, 0x0000000080400000|100%| O|  |TAMS 0x0000000080400000, 0x0000000080300000| Untracked 
|   4|0x0000000080400000, 0x0000000080500000, 0x0000000080500000|100%| O|  |TAMS 0x0000000080500000, 0x0000000080400000| Untracked 
|   5|0x0000000080500000, 0x0000000080600000, 0x0000000080600000|100%| O|  |TAMS 0x0000000080600000, 0x0000000080500000| Untracked 
|   6|0x0000000080600000, 0x0000000080700000, 0x0000000080700000|100%| O|  |TAMS 0x0000000080700000, 0x0000000080600000| Untracked 
|   7|0x0000000080700000, 0x0000000080800000, 0x0000000080800000|100%| O|  |TAMS 0x0000000080800000, 0x0000000080700000| Untracked 
|   8|0x0000000080800000, 0x0000000080900000, 0x0000000080900000|100%| O|  |TAMS 0x0000000080900000, 0x0000000080800000| Untracked 
|   9|0x0000000080900000, 0x0000000080a00000, 0x0000000080a00000|100%| O|  |TAMS 0x0000000080a00000, 0x0000000080900000| Untracked 
|  10|0x0000000080a00000, 0x0000000080b00000, 0x0000000080b00000|100%| O|  |TAMS 0x0000000080b00000, 0x0000000080a00000| Untracked 
|  11|0x0000000080b00000, 0x0000000080c00000, 0x0000000080c00000|100%| O|  |TAMS 0x0000000080c00000, 0x0000000080b00000| Untracked 
|  12|0x0000000080c00000, 0x0000000080d00000, 0x0000000080d00000|100%| O|  |TAMS 0x0000000080d00000, 0x0000000080c00000| Untracked 
|  13|0x0000000080d00000, 0x0000000080e00000, 0x0000000080e00000|100%| O|  |TAMS 0x0000000080e00000, 0x0000000080d00000| Untracked 
|  14|0x0000000080e00000, 0x0000000080f00000, 0x0000000080f00000|100%| O|  |TAMS 0x0000000080f00000, 0x0000000080e00000| Untracked 
|  15|0x0000000080f00000, 0x0000000081000000, 0x0000000081000000|100%| O|  |TAMS 0x0000000081000000, 0x0000000080f00000| Untracked 
|  16|0x0000000081000000, 0x0000000081100000, 0x0000000081100000|100%| O|  |TAMS 0x0000000081100000, 0x0000000081000000| Untracked 
|  17|0x0000000081100000, 0x0000000081200000, 0x0000000081200000|100%| O|  |TAMS 0x0000000081200000, 0x0000000081100000| Untracked 
|  18|0x0000000081200000, 0x0000000081300000, 0x0000000081300000|100%| O|  |TAMS 0x0000000081300000, 0x0000000081200000| Untracked 
|  19|0x0000000081300000, 0x0000000081400000, 0x0000000081400000|100%| O|  |TAMS 0x0000000081400000, 0x0000000081300000| Untracked 
|  20|0x0000000081400000, 0x0000000081500000, 0x0000000081500000|100%| O|  |TAMS 0x0000000081500000, 0x0000000081400000| Untracked 
|  21|0x0000000081500000, 0x0000000081600000, 0x0000000081600000|100%| O|  |TAMS 0x0000000081600000, 0x0000000081500000| Untracked 
|  22|0x0000000081600000, 0x0000000081700000, 0x0000000081700000|100%| O|  |TAMS 0x0000000081700000, 0x0000000081600000| Untracked 
|  23|0x0000000081700000, 0x0000000081800000, 0x0000000081800000|100%| O|  |TAMS 0x0000000081800000, 0x0000000081700000| Untracked 
|  24|0x0000000081800000, 0x0000000081900000, 0x0000000081900000|100%| O|  |TAMS 0x0000000081900000, 0x0000000081800000| Untracked 
|  25|0x0000000081900000, 0x0000000081a00000, 0x0000000081a00000|100%| O|  |TAMS 0x0000000081a00000, 0x0000000081900000| Untracked 
|  26|0x0000000081a00000, 0x0000000081b00000, 0x0000000081b00000|100%| O|  |TAMS 0x0000000081b00000, 0x0000000081a00000| Untracked 
|  27|0x0000000081b00000, 0x0000000081c00000, 0x0000000081c00000|100%| O|  |TAMS 0x0000000081c00000, 0x0000000081b00000| Untracked 
|  28|0x0000000081c00000, 0x0000000081d00000, 0x0000000081d00000|100%| O|  |TAMS 0x0000000081d00000, 0x0000000081c00000| Untracked 
|  29|0x0000000081d00000, 0x0000000081e00000, 0x0000000081e00000|100%| O|  |TAMS 0x0000000081e00000, 0x0000000081d00000| Untracked 
|  30|0x0000000081e00000, 0x0000000081f00000, 0x0000000081f00000|100%| O|  |TAMS 0x0000000081f00000, 0x0000000081e00000| Untracked 
|  31|0x0000000081f00000, 0x0000000082000000, 0x0000000082000000|100%| O|  |TAMS 0x0000000082000000, 0x0000000081f00000| Untracked 
|  32|0x0000000082000000, 0x0000000082100000, 0x0000000082100000|100%| O|  |TAMS 0x0000000082100000, 0x0000000082000000| Untracked 
|  33|0x0000000082100000, 0x0000000082200000, 0x0000000082200000|100%| O|  |TAMS 0x0000000082200000, 0x0000000082100000| Untracked 
|  34|0x0000000082200000, 0x0000000082300000, 0x0000000082300000|100%|HS|  |TAMS 0x0000000082300000, 0x0000000082200000| Complete 
|  35|0x0000000082300000, 0x0000000082400000, 0x0000000082400000|100%|HS|  |TAMS 0x0000000082400000, 0x0000000082300000| Complete 
|  36|0x0000000082400000, 0x0000000082500000, 0x0000000082500000|100%|HC|  |TAMS 0x0000000082500000, 0x0000000082400000| Complete 
|  37|0x0000000082500000, 0x0000000082600000, 0x0000000082600000|100%|HC|  |TAMS 0x0000000082600000, 0x0000000082500000| Complete 
|  38|0x0000000082600000, 0x0000000082700000, 0x0000000082700000|100%| O|  |TAMS 0x0000000082700000, 0x0000000082600000| Untracked 
|  39|0x0000000082700000, 0x0000000082800000, 0x0000000082800000|100%| O|  |TAMS 0x0000000082800000, 0x0000000082700000| Untracked 
|  40|0x0000000082800000, 0x0000000082900000, 0x0000000082900000|100%| O|  |TAMS 0x0000000082900000, 0x0000000082800000| Untracked 
|  41|0x0000000082900000, 0x0000000082a00000, 0x0000000082a00000|100%| O|  |TAMS 0x0000000082a00000, 0x0000000082900000| Untracked 
|  42|0x0000000082a00000, 0x0000000082b00000, 0x0000000082b00000|100%| O|  |TAMS 0x0000000082b00000, 0x0000000082a00000| Untracked 
|  43|0x0000000082b00000, 0x0000000082c00000, 0x0000000082c00000|100%| O|  |TAMS 0x0000000082c00000, 0x0000000082b00000| Untracked 
|  44|0x0000000082c00000, 0x0000000082d00000, 0x0000000082d00000|100%| O|  |TAMS 0x0000000082d00000, 0x0000000082c00000| Untracked 
|  45|0x0000000082d00000, 0x0000000082e00000, 0x0000000082e00000|100%| O|  |TAMS 0x0000000082e00000, 0x0000000082d00000| Untracked 
|  46|0x0000000082e00000, 0x0000000082f00000, 0x0000000082f00000|100%| O|  |TAMS 0x0000000082f00000, 0x0000000082e00000| Untracked 
|  47|0x0000000082f00000, 0x0000000083000000, 0x0000000083000000|100%| O|  |TAMS 0x0000000083000000, 0x0000000082f00000| Untracked 
|  48|0x0000000083000000, 0x0000000083100000, 0x0000000083100000|100%| O|  |TAMS 0x0000000083100000, 0x0000000083000000| Untracked 
|  49|0x0000000083100000, 0x0000000083200000, 0x0000000083200000|100%| O|  |TAMS 0x0000000083200000, 0x0000000083100000| Untracked 
|  50|0x0000000083200000, 0x0000000083300000, 0x0000000083300000|100%| O|  |TAMS 0x0000000083300000, 0x0000000083200000| Untracked 
|  51|0x0000000083300000, 0x0000000083400000, 0x0000000083400000|100%| O|  |TAMS 0x0000000083400000, 0x0000000083300000| Untracked 
|  52|0x0000000083400000, 0x0000000083500000, 0x0000000083500000|100%| O|  |TAMS 0x0000000083500000, 0x0000000083400000| Untracked 
|  53|0x0000000083500000, 0x0000000083500000, 0x0000000083600000|  0%| F|  |TAMS 0x0000000083500000, 0x0000000083500000| Untracked 
|  54|0x0000000083600000, 0x0000000083700000, 0x0000000083700000|100%| O|  |TAMS 0x0000000083700000, 0x0000000083600000| Untracked 
|  55|0x0000000083700000, 0x0000000083800000, 0x0000000083800000|100%| O|  |TAMS 0x0000000083800000, 0x0000000083700000| Untracked 
|  56|0x0000000083800000, 0x0000000083900000, 0x0000000083900000|100%|HS|  |TAMS 0x0000000083900000, 0x0000000083800000| Complete 
|  57|0x0000000083900000, 0x0000000083a00000, 0x0000000083a00000|100%|HS|  |TAMS 0x0000000083a00000, 0x0000000083900000| Complete 
|  58|0x0000000083a00000, 0x0000000083b00000, 0x0000000083b00000|100%|HS|  |TAMS 0x0000000083b00000, 0x0000000083a00000| Complete 
|  59|0x0000000083b00000, 0x0000000083c00000, 0x0000000083c00000|100%|HS|  |TAMS 0x0000000083c00000, 0x0000000083b00000| Complete 
|  60|0x0000000083c00000, 0x0000000083d00000, 0x0000000083d00000|100%|HC|  |TAMS 0x0000000083d00000, 0x0000000083c00000| Complete 
|  61|0x0000000083d00000, 0x0000000083e00000, 0x0000000083e00000|100%| O|  |TAMS 0x0000000083e00000, 0x0000000083d00000| Untracked 
|  62|0x0000000083e00000, 0x0000000083f00000, 0x0000000083f00000|100%| O|  |TAMS 0x0000000083f00000, 0x0000000083e00000| Untracked 
|  63|0x0000000083f00000, 0x0000000084000000, 0x0000000084000000|100%| O|  |TAMS 0x0000000084000000, 0x0000000083f00000| Untracked 
|  64|0x0000000084000000, 0x0000000084100000, 0x0000000084100000|100%| O|  |TAMS 0x0000000084100000, 0x0000000084000000| Untracked 
|  65|0x0000000084100000, 0x0000000084200000, 0x0000000084200000|100%| O|  |TAMS 0x0000000084200000, 0x0000000084100000| Untracked 
|  66|0x0000000084200000, 0x0000000084300000, 0x0000000084300000|100%| O|  |TAMS 0x0000000084300000, 0x0000000084200000| Untracked 
|  67|0x0000000084300000, 0x0000000084400000, 0x0000000084400000|100%| O|  |TAMS 0x0000000084400000, 0x0000000084300000| Untracked 
|  68|0x0000000084400000, 0x0000000084500000, 0x0000000084500000|100%| O|  |TAMS 0x0000000084500000, 0x0000000084400000| Untracked 
|  69|0x0000000084500000, 0x0000000084600000, 0x0000000084600000|100%| O|  |TAMS 0x0000000084600000, 0x0000000084500000| Untracked 
|  70|0x0000000084600000, 0x0000000084700000, 0x0000000084700000|100%| O|  |TAMS 0x0000000084700000, 0x0000000084600000| Untracked 
|  71|0x0000000084700000, 0x0000000084800000, 0x0000000084800000|100%| O|  |TAMS 0x0000000084800000, 0x0000000084700000| Untracked 
|  72|0x0000000084800000, 0x0000000084900000, 0x0000000084900000|100%| O|  |TAMS 0x0000000084900000, 0x0000000084800000| Untracked 
|  73|0x0000000084900000, 0x0000000084a00000, 0x0000000084a00000|100%| O|  |TAMS 0x0000000084a00000, 0x0000000084900000| Untracked 
|  74|0x0000000084a00000, 0x0000000084b00000, 0x0000000084b00000|100%| O|  |TAMS 0x0000000084b00000, 0x0000000084a00000| Untracked 
|  75|0x0000000084b00000, 0x0000000084c00000, 0x0000000084c00000|100%| O|  |TAMS 0x0000000084c00000, 0x0000000084b00000| Untracked 
|  76|0x0000000084c00000, 0x0000000084d00000, 0x0000000084d00000|100%| O|  |TAMS 0x0000000084d00000, 0x0000000084c00000| Untracked 
|  77|0x0000000084d00000, 0x0000000084e00000, 0x0000000084e00000|100%| O|  |TAMS 0x0000000084e00000, 0x0000000084d00000| Untracked 
|  78|0x0000000084e00000, 0x0000000084f00000, 0x0000000084f00000|100%| O|  |TAMS 0x0000000084f00000, 0x0000000084e00000| Untracked 
|  79|0x0000000084f00000, 0x0000000085000000, 0x0000000085000000|100%| O|  |TAMS 0x0000000085000000, 0x0000000084f00000| Untracked 
|  80|0x0000000085000000, 0x0000000085100000, 0x0000000085100000|100%| O|  |TAMS 0x0000000085100000, 0x0000000085000000| Untracked 
|  81|0x0000000085100000, 0x0000000085200000, 0x0000000085200000|100%| O|  |TAMS 0x0000000085200000, 0x0000000085100000| Untracked 
|  82|0x0000000085200000, 0x0000000085300000, 0x0000000085300000|100%| O|  |TAMS 0x0000000085300000, 0x0000000085200000| Untracked 
|  83|0x0000000085300000, 0x0000000085400000, 0x0000000085400000|100%| O|  |TAMS 0x0000000085400000, 0x0000000085300000| Untracked 
|  84|0x0000000085400000, 0x0000000085500000, 0x0000000085500000|100%| O|  |TAMS 0x0000000085500000, 0x0000000085400000| Untracked 
|  85|0x0000000085500000, 0x0000000085600000, 0x0000000085600000|100%| O|  |TAMS 0x0000000085600000, 0x0000000085500000| Untracked 
|  86|0x0000000085600000, 0x0000000085700000, 0x0000000085700000|100%| O|  |TAMS 0x0000000085700000, 0x0000000085600000| Untracked 
|  87|0x0000000085700000, 0x0000000085800000, 0x0000000085800000|100%| O|  |TAMS 0x0000000085800000, 0x0000000085700000| Untracked 
|  88|0x0000000085800000, 0x0000000085900000, 0x0000000085900000|100%| O|  |TAMS 0x0000000085900000, 0x0000000085800000| Untracked 
|  89|0x0000000085900000, 0x0000000085a00000, 0x0000000085a00000|100%| O|  |TAMS 0x0000000085a00000, 0x0000000085900000| Untracked 
|  90|0x0000000085a00000, 0x0000000085b00000, 0x0000000085b00000|100%| O|  |TAMS 0x0000000085b00000, 0x0000000085a00000| Untracked 
|  91|0x0000000085b00000, 0x0000000085c00000, 0x0000000085c00000|100%| O|  |TAMS 0x0000000085c00000, 0x0000000085b00000| Untracked 
|  92|0x0000000085c00000, 0x0000000085d00000, 0x0000000085d00000|100%| O|  |TAMS 0x0000000085d00000, 0x0000000085c00000| Untracked 
|  93|0x0000000085d00000, 0x0000000085e00000, 0x0000000085e00000|100%| O|  |TAMS 0x0000000085e00000, 0x0000000085d00000| Untracked 
|  94|0x0000000085e00000, 0x0000000085f00000, 0x0000000085f00000|100%| O|  |TAMS 0x0000000085f00000, 0x0000000085e00000| Untracked 
|  95|0x0000000085f00000, 0x0000000086000000, 0x0000000086000000|100%| O|  |TAMS 0x0000000086000000, 0x0000000085f00000| Untracked 
|  96|0x0000000086000000, 0x0000000086100000, 0x0000000086100000|100%| O|  |TAMS 0x0000000086100000, 0x0000000086000000| Untracked 
|  97|0x0000000086100000, 0x0000000086200000, 0x0000000086200000|100%| O|  |TAMS 0x0000000086200000, 0x0000000086100000| Untracked 
|  98|0x0000000086200000, 0x0000000086300000, 0x0000000086300000|100%| O|  |TAMS 0x0000000086300000, 0x0000000086200000| Untracked 
|  99|0x0000000086300000, 0x0000000086400000, 0x0000000086400000|100%| O|  |TAMS 0x0000000086400000, 0x0000000086300000| Untracked 
| 100|0x0000000086400000, 0x0000000086500000, 0x0000000086500000|100%| O|  |TAMS 0x0000000086500000, 0x0000000086400000| Untracked 
| 101|0x0000000086500000, 0x0000000086600000, 0x0000000086600000|100%| O|  |TAMS 0x0000000086600000, 0x0000000086500000| Untracked 
| 102|0x0000000086600000, 0x0000000086700000, 0x0000000086700000|100%| O|  |TAMS 0x0000000086700000, 0x0000000086600000| Untracked 
| 103|0x0000000086700000, 0x0000000086800000, 0x0000000086800000|100%| O|  |TAMS 0x0000000086800000, 0x0000000086700000| Untracked 
| 104|0x0000000086800000, 0x0000000086900000, 0x0000000086900000|100%| O|  |TAMS 0x0000000086900000, 0x0000000086800000| Untracked 
| 105|0x0000000086900000, 0x0000000086a00000, 0x0000000086a00000|100%| O|  |TAMS 0x0000000086a00000, 0x0000000086900000| Untracked 
| 106|0x0000000086a00000, 0x0000000086b00000, 0x0000000086b00000|100%| O|  |TAMS 0x0000000086b00000, 0x0000000086a00000| Untracked 
| 107|0x0000000086b00000, 0x0000000086c00000, 0x0000000086c00000|100%| O|  |TAMS 0x0000000086c00000, 0x0000000086b00000| Untracked 
| 108|0x0000000086c00000, 0x0000000086d00000, 0x0000000086d00000|100%| O|  |TAMS 0x0000000086d00000, 0x0000000086c00000| Untracked 
| 109|0x0000000086d00000, 0x0000000086e00000, 0x0000000086e00000|100%| O|  |TAMS 0x0000000086e00000, 0x0000000086d00000| Untracked 
| 110|0x0000000086e00000, 0x0000000086f00000, 0x0000000086f00000|100%| O|  |TAMS 0x0000000086f00000, 0x0000000086e00000| Untracked 
| 111|0x0000000086f00000, 0x0000000087000000, 0x0000000087000000|100%| O|  |TAMS 0x0000000087000000, 0x0000000086f00000| Untracked 
| 112|0x0000000087000000, 0x0000000087100000, 0x0000000087100000|100%| O|  |TAMS 0x0000000087100000, 0x0000000087000000| Untracked 
| 113|0x0000000087100000, 0x0000000087200000, 0x0000000087200000|100%| O|  |TAMS 0x0000000087200000, 0x0000000087100000| Untracked 
| 114|0x0000000087200000, 0x0000000087300000, 0x0000000087300000|100%| O|  |TAMS 0x0000000087300000, 0x0000000087200000| Untracked 
| 115|0x0000000087300000, 0x0000000087400000, 0x0000000087400000|100%| O|  |TAMS 0x0000000087400000, 0x0000000087300000| Untracked 
| 116|0x0000000087400000, 0x0000000087500000, 0x0000000087500000|100%| O|  |TAMS 0x0000000087500000, 0x0000000087400000| Untracked 
| 117|0x0000000087500000, 0x0000000087600000, 0x0000000087600000|100%| O|  |TAMS 0x0000000087600000, 0x0000000087500000| Untracked 
| 118|0x0000000087600000, 0x0000000087700000, 0x0000000087700000|100%| O|  |TAMS 0x0000000087700000, 0x0000000087600000| Untracked 
| 119|0x0000000087700000, 0x0000000087800000, 0x0000000087800000|100%| O|  |TAMS 0x0000000087800000, 0x0000000087700000| Untracked 
| 120|0x0000000087800000, 0x0000000087900000, 0x0000000087900000|100%| O|  |TAMS 0x0000000087900000, 0x0000000087800000| Untracked 
| 121|0x0000000087900000, 0x0000000087a00000, 0x0000000087a00000|100%| O|  |TAMS 0x0000000087a00000, 0x0000000087900000| Untracked 
| 122|0x0000000087a00000, 0x0000000087b00000, 0x0000000087b00000|100%| O|  |TAMS 0x0000000087b00000, 0x0000000087a00000| Untracked 
| 123|0x0000000087b00000, 0x0000000087c00000, 0x0000000087c00000|100%| O|  |TAMS 0x0000000087c00000, 0x0000000087b00000| Untracked 
| 124|0x0000000087c00000, 0x0000000087d00000, 0x0000000087d00000|100%| O|  |TAMS 0x0000000087d00000, 0x0000000087c00000| Untracked 
| 125|0x0000000087d00000, 0x0000000087d00000, 0x0000000087e00000|  0%| F|  |TAMS 0x0000000087d00000, 0x0000000087d00000| Untracked 
| 126|0x0000000087e00000, 0x0000000087f00000, 0x0000000087f00000|100%| O|  |TAMS 0x0000000087f00000, 0x0000000087e00000| Untracked 
| 127|0x0000000087f00000, 0x0000000088000000, 0x0000000088000000|100%| O|  |TAMS 0x0000000088000000, 0x0000000087f00000| Untracked 
| 128|0x0000000088000000, 0x0000000088100000, 0x0000000088100000|100%| O|  |TAMS 0x0000000088100000, 0x0000000088000000| Untracked 
| 129|0x0000000088100000, 0x0000000088200000, 0x0000000088200000|100%| O|  |TAMS 0x0000000088200000, 0x0000000088100000| Untracked 
| 130|0x0000000088200000, 0x0000000088300000, 0x0000000088300000|100%| O|  |TAMS 0x0000000088300000, 0x0000000088200000| Untracked 
| 131|0x0000000088300000, 0x0000000088400000, 0x0000000088400000|100%| O|  |TAMS 0x0000000088400000, 0x0000000088300000| Untracked 
| 132|0x0000000088400000, 0x0000000088500000, 0x0000000088500000|100%| O|  |TAMS 0x0000000088488600, 0x0000000088400000| Untracked 
| 133|0x0000000088500000, 0x0000000088600000, 0x0000000088600000|100%| O|  |TAMS 0x0000000088500000, 0x0000000088500000| Untracked 
| 134|0x0000000088600000, 0x0000000088700000, 0x0000000088700000|100%| O|  |TAMS 0x0000000088600000, 0x0000000088600000| Untracked 
| 135|0x0000000088700000, 0x0000000088800000, 0x0000000088800000|100%| O|  |TAMS 0x0000000088700000, 0x0000000088700000| Untracked 
| 136|0x0000000088800000, 0x0000000088900000, 0x0000000088900000|100%| O|  |TAMS 0x0000000088800000, 0x0000000088800000| Untracked 
| 137|0x0000000088900000, 0x0000000088a00000, 0x0000000088a00000|100%| O|  |TAMS 0x0000000088900000, 0x0000000088900000| Untracked 
| 138|0x0000000088a00000, 0x0000000088b00000, 0x0000000088b00000|100%| O|  |TAMS 0x0000000088a00000, 0x0000000088a00000| Untracked 
| 139|0x0000000088b00000, 0x0000000088c00000, 0x0000000088c00000|100%| O|  |TAMS 0x0000000088b00000, 0x0000000088b00000| Untracked 
| 140|0x0000000088c00000, 0x0000000088d00000, 0x0000000088d00000|100%| O|  |TAMS 0x0000000088c00000, 0x0000000088c00000| Untracked 
| 141|0x0000000088d00000, 0x0000000088e00000, 0x0000000088e00000|100%| O|  |TAMS 0x0000000088d00000, 0x0000000088d00000| Untracked 
| 142|0x0000000088e00000, 0x0000000088f00000, 0x0000000088f00000|100%| O|  |TAMS 0x0000000088e00000, 0x0000000088e00000| Untracked 
| 143|0x0000000088f00000, 0x0000000089000000, 0x0000000089000000|100%| O|  |TAMS 0x0000000088f00000, 0x0000000088f00000| Untracked 
| 144|0x0000000089000000, 0x000000008905a800, 0x0000000089100000| 35%| O|  |TAMS 0x0000000089000000, 0x0000000089000000| Untracked 
| 145|0x0000000089100000, 0x0000000089100000, 0x0000000089200000|  0%| F|  |TAMS 0x0000000089100000, 0x0000000089100000| Untracked 
| 146|0x0000000089200000, 0x0000000089200000, 0x0000000089300000|  0%| F|  |TAMS 0x0000000089200000, 0x0000000089200000| Untracked 
| 147|0x0000000089300000, 0x0000000089300000, 0x0000000089400000|  0%| F|  |TAMS 0x0000000089300000, 0x0000000089300000| Untracked 
| 148|0x0000000089400000, 0x0000000089400000, 0x0000000089500000|  0%| F|  |TAMS 0x0000000089400000, 0x0000000089400000| Untracked 
| 149|0x0000000089500000, 0x0000000089500000, 0x0000000089600000|  0%| F|  |TAMS 0x0000000089500000, 0x0000000089500000| Untracked 
| 150|0x0000000089600000, 0x0000000089600000, 0x0000000089700000|  0%| F|  |TAMS 0x0000000089600000, 0x0000000089600000| Untracked 
| 151|0x0000000089700000, 0x0000000089700000, 0x0000000089800000|  0%| F|  |TAMS 0x0000000089700000, 0x0000000089700000| Untracked 
| 152|0x0000000089800000, 0x0000000089800000, 0x0000000089900000|  0%| F|  |TAMS 0x0000000089800000, 0x0000000089800000| Untracked 
| 153|0x0000000089900000, 0x0000000089900000, 0x0000000089a00000|  0%| F|  |TAMS 0x0000000089900000, 0x0000000089900000| Untracked 
| 154|0x0000000089a00000, 0x0000000089a00000, 0x0000000089b00000|  0%| F|  |TAMS 0x0000000089a00000, 0x0000000089a00000| Untracked 
| 155|0x0000000089b00000, 0x0000000089b00000, 0x0000000089c00000|  0%| F|  |TAMS 0x0000000089b00000, 0x0000000089b00000| Untracked 
| 156|0x0000000089c00000, 0x0000000089c00000, 0x0000000089d00000|  0%| F|  |TAMS 0x0000000089c00000, 0x0000000089c00000| Untracked 
| 157|0x0000000089d00000, 0x0000000089d00000, 0x0000000089e00000|  0%| F|  |TAMS 0x0000000089d00000, 0x0000000089d00000| Untracked 
| 158|0x0000000089e00000, 0x0000000089e00000, 0x0000000089f00000|  0%| F|  |TAMS 0x0000000089e00000, 0x0000000089e00000| Untracked 
| 159|0x0000000089f00000, 0x0000000089f00000, 0x000000008a000000|  0%| F|  |TAMS 0x0000000089f00000, 0x0000000089f00000| Untracked 
| 160|0x000000008a000000, 0x000000008a000000, 0x000000008a100000|  0%| F|  |TAMS 0x000000008a000000, 0x000000008a000000| Untracked 
| 161|0x000000008a100000, 0x000000008a100000, 0x000000008a200000|  0%| F|  |TAMS 0x000000008a100000, 0x000000008a100000| Untracked 
| 162|0x000000008a200000, 0x000000008a200000, 0x000000008a300000|  0%| F|  |TAMS 0x000000008a200000, 0x000000008a200000| Untracked 
| 163|0x000000008a300000, 0x000000008a300000, 0x000000008a400000|  0%| F|  |TAMS 0x000000008a300000, 0x000000008a300000| Untracked 
| 164|0x000000008a400000, 0x000000008a400000, 0x000000008a500000|  0%| F|  |TAMS 0x000000008a400000, 0x000000008a400000| Untracked 
| 165|0x000000008a500000, 0x000000008a500000, 0x000000008a600000|  0%| F|  |TAMS 0x000000008a500000, 0x000000008a500000| Untracked 
| 166|0x000000008a600000, 0x000000008a600000, 0x000000008a700000|  0%| F|  |TAMS 0x000000008a600000, 0x000000008a600000| Untracked 
| 167|0x000000008a700000, 0x000000008a700000, 0x000000008a800000|  0%| F|  |TAMS 0x000000008a700000, 0x000000008a700000| Untracked 
| 168|0x000000008a800000, 0x000000008a800000, 0x000000008a900000|  0%| F|  |TAMS 0x000000008a800000, 0x000000008a800000| Untracked 
| 169|0x000000008a900000, 0x000000008a900000, 0x000000008aa00000|  0%| F|  |TAMS 0x000000008a900000, 0x000000008a900000| Untracked 
| 170|0x000000008aa00000, 0x000000008aa00000, 0x000000008ab00000|  0%| F|  |TAMS 0x000000008aa00000, 0x000000008aa00000| Untracked 
| 171|0x000000008ab00000, 0x000000008ab00000, 0x000000008ac00000|  0%| F|  |TAMS 0x000000008ab00000, 0x000000008ab00000| Untracked 
| 172|0x000000008ac00000, 0x000000008ac00000, 0x000000008ad00000|  0%| F|  |TAMS 0x000000008ac00000, 0x000000008ac00000| Untracked 
| 173|0x000000008ad00000, 0x000000008ad00000, 0x000000008ae00000|  0%| F|  |TAMS 0x000000008ad00000, 0x000000008ad00000| Untracked 
| 174|0x000000008ae00000, 0x000000008ae00000, 0x000000008af00000|  0%| F|  |TAMS 0x000000008ae00000, 0x000000008ae00000| Untracked 
| 175|0x000000008af00000, 0x000000008af00000, 0x000000008b000000|  0%| F|  |TAMS 0x000000008af00000, 0x000000008af00000| Untracked 
| 176|0x000000008b000000, 0x000000008b000000, 0x000000008b100000|  0%| F|  |TAMS 0x000000008b000000, 0x000000008b000000| Untracked 
| 177|0x000000008b100000, 0x000000008b100000, 0x000000008b200000|  0%| F|  |TAMS 0x000000008b100000, 0x000000008b100000| Untracked 
| 178|0x000000008b200000, 0x000000008b200000, 0x000000008b300000|  0%| F|  |TAMS 0x000000008b200000, 0x000000008b200000| Untracked 
| 179|0x000000008b300000, 0x000000008b300000, 0x000000008b400000|  0%| F|  |TAMS 0x000000008b300000, 0x000000008b300000| Untracked 
| 180|0x000000008b400000, 0x000000008b400000, 0x000000008b500000|  0%| F|  |TAMS 0x000000008b400000, 0x000000008b400000| Untracked 
| 181|0x000000008b500000, 0x000000008b500000, 0x000000008b600000|  0%| F|  |TAMS 0x000000008b500000, 0x000000008b500000| Untracked 
| 182|0x000000008b600000, 0x000000008b600000, 0x000000008b700000|  0%| F|  |TAMS 0x000000008b600000, 0x000000008b600000| Untracked 
| 183|0x000000008b700000, 0x000000008b700000, 0x000000008b800000|  0%| F|  |TAMS 0x000000008b700000, 0x000000008b700000| Untracked 
| 184|0x000000008b800000, 0x000000008b800000, 0x000000008b900000|  0%| F|  |TAMS 0x000000008b800000, 0x000000008b800000| Untracked 
| 185|0x000000008b900000, 0x000000008b900000, 0x000000008ba00000|  0%| F|  |TAMS 0x000000008b900000, 0x000000008b900000| Untracked 
| 186|0x000000008ba00000, 0x000000008ba00000, 0x000000008bb00000|  0%| F|  |TAMS 0x000000008ba00000, 0x000000008ba00000| Untracked 
| 187|0x000000008bb00000, 0x000000008bb00000, 0x000000008bc00000|  0%| F|  |TAMS 0x000000008bb00000, 0x000000008bb00000| Untracked 
| 188|0x000000008bc00000, 0x000000008bc00000, 0x000000008bd00000|  0%| F|  |TAMS 0x000000008bc00000, 0x000000008bc00000| Untracked 
| 189|0x000000008bd00000, 0x000000008bd00000, 0x000000008be00000|  0%| F|  |TAMS 0x000000008bd00000, 0x000000008bd00000| Untracked 
| 190|0x000000008be00000, 0x000000008be00000, 0x000000008bf00000|  0%| F|  |TAMS 0x000000008be00000, 0x000000008be00000| Untracked 
| 191|0x000000008bf00000, 0x000000008bf00000, 0x000000008c000000|  0%| F|  |TAMS 0x000000008bf00000, 0x000000008bf00000| Untracked 
| 192|0x000000008c000000, 0x000000008c000000, 0x000000008c100000|  0%| F|  |TAMS 0x000000008c000000, 0x000000008c000000| Untracked 
| 193|0x000000008c100000, 0x000000008c100000, 0x000000008c200000|  0%| F|  |TAMS 0x000000008c100000, 0x000000008c100000| Untracked 
| 194|0x000000008c200000, 0x000000008c200000, 0x000000008c300000|  0%| F|  |TAMS 0x000000008c200000, 0x000000008c200000| Untracked 
| 195|0x000000008c300000, 0x000000008c300000, 0x000000008c400000|  0%| F|  |TAMS 0x000000008c300000, 0x000000008c300000| Untracked 
| 196|0x000000008c400000, 0x000000008c400000, 0x000000008c500000|  0%| F|  |TAMS 0x000000008c400000, 0x000000008c400000| Untracked 
| 197|0x000000008c500000, 0x000000008c500000, 0x000000008c600000|  0%| F|  |TAMS 0x000000008c500000, 0x000000008c500000| Untracked 
| 198|0x000000008c600000, 0x000000008c600000, 0x000000008c700000|  0%| F|  |TAMS 0x000000008c600000, 0x000000008c600000| Untracked 
| 199|0x000000008c700000, 0x000000008c700000, 0x000000008c800000|  0%| F|  |TAMS 0x000000008c700000, 0x000000008c700000| Untracked 
| 200|0x000000008c800000, 0x000000008c800000, 0x000000008c900000|  0%| F|  |TAMS 0x000000008c800000, 0x000000008c800000| Untracked 
| 201|0x000000008c900000, 0x000000008c900000, 0x000000008ca00000|  0%| F|  |TAMS 0x000000008c900000, 0x000000008c900000| Untracked 
| 202|0x000000008ca00000, 0x000000008ca00000, 0x000000008cb00000|  0%| F|  |TAMS 0x000000008ca00000, 0x000000008ca00000| Untracked 
| 203|0x000000008cb00000, 0x000000008cb00000, 0x000000008cc00000|  0%| F|  |TAMS 0x000000008cb00000, 0x000000008cb00000| Untracked 
| 204|0x000000008cc00000, 0x000000008cc00000, 0x000000008cd00000|  0%| F|  |TAMS 0x000000008cc00000, 0x000000008cc00000| Untracked 
| 205|0x000000008cd00000, 0x000000008cd00000, 0x000000008ce00000|  0%| F|  |TAMS 0x000000008cd00000, 0x000000008cd00000| Untracked 
| 206|0x000000008ce00000, 0x000000008ce00000, 0x000000008cf00000|  0%| F|  |TAMS 0x000000008ce00000, 0x000000008ce00000| Untracked 
| 207|0x000000008cf00000, 0x000000008cf00000, 0x000000008d000000|  0%| F|  |TAMS 0x000000008cf00000, 0x000000008cf00000| Untracked 
| 208|0x000000008d000000, 0x000000008d000000, 0x000000008d100000|  0%| F|  |TAMS 0x000000008d000000, 0x000000008d000000| Untracked 
| 209|0x000000008d100000, 0x000000008d100000, 0x000000008d200000|  0%| F|  |TAMS 0x000000008d100000, 0x000000008d100000| Untracked 
| 210|0x000000008d200000, 0x000000008d200000, 0x000000008d300000|  0%| F|  |TAMS 0x000000008d200000, 0x000000008d200000| Untracked 
| 211|0x000000008d300000, 0x000000008d300000, 0x000000008d400000|  0%| F|  |TAMS 0x000000008d300000, 0x000000008d300000| Untracked 
| 212|0x000000008d400000, 0x000000008d400000, 0x000000008d500000|  0%| F|  |TAMS 0x000000008d400000, 0x000000008d400000| Untracked 
| 213|0x000000008d500000, 0x000000008d500000, 0x000000008d600000|  0%| F|  |TAMS 0x000000008d500000, 0x000000008d500000| Untracked 
| 214|0x000000008d600000, 0x000000008d600000, 0x000000008d700000|  0%| F|  |TAMS 0x000000008d600000, 0x000000008d600000| Untracked 
| 215|0x000000008d700000, 0x000000008d700000, 0x000000008d800000|  0%| F|  |TAMS 0x000000008d700000, 0x000000008d700000| Untracked 
| 216|0x000000008d800000, 0x000000008d800000, 0x000000008d900000|  0%| F|  |TAMS 0x000000008d800000, 0x000000008d800000| Untracked 
| 217|0x000000008d900000, 0x000000008d900000, 0x000000008da00000|  0%| F|  |TAMS 0x000000008d900000, 0x000000008d900000| Untracked 
| 218|0x000000008da00000, 0x000000008da00000, 0x000000008db00000|  0%| F|  |TAMS 0x000000008da00000, 0x000000008da00000| Untracked 
| 219|0x000000008db00000, 0x000000008db00000, 0x000000008dc00000|  0%| F|  |TAMS 0x000000008db00000, 0x000000008db00000| Untracked 
| 220|0x000000008dc00000, 0x000000008dc00000, 0x000000008dd00000|  0%| F|  |TAMS 0x000000008dc00000, 0x000000008dc00000| Untracked 
| 221|0x000000008dd00000, 0x000000008dd00000, 0x000000008de00000|  0%| F|  |TAMS 0x000000008dd00000, 0x000000008dd00000| Untracked 
| 222|0x000000008de00000, 0x000000008de00000, 0x000000008df00000|  0%| F|  |TAMS 0x000000008de00000, 0x000000008de00000| Untracked 
| 223|0x000000008df00000, 0x000000008df00000, 0x000000008e000000|  0%| F|  |TAMS 0x000000008df00000, 0x000000008df00000| Untracked 
| 224|0x000000008e000000, 0x000000008e000000, 0x000000008e100000|  0%| F|  |TAMS 0x000000008e000000, 0x000000008e000000| Untracked 
| 225|0x000000008e100000, 0x000000008e100000, 0x000000008e200000|  0%| F|  |TAMS 0x000000008e100000, 0x000000008e100000| Untracked 
| 226|0x000000008e200000, 0x000000008e200000, 0x000000008e300000|  0%| F|  |TAMS 0x000000008e200000, 0x000000008e200000| Untracked 
| 227|0x000000008e300000, 0x000000008e300000, 0x000000008e400000|  0%| F|  |TAMS 0x000000008e300000, 0x000000008e300000| Untracked 
| 228|0x000000008e400000, 0x000000008e400000, 0x000000008e500000|  0%| F|  |TAMS 0x000000008e400000, 0x000000008e400000| Untracked 
| 229|0x000000008e500000, 0x000000008e600000, 0x000000008e600000|100%| E|  |TAMS 0x000000008e500000, 0x000000008e500000| Complete 
| 230|0x000000008e600000, 0x000000008e700000, 0x000000008e700000|100%| E|CS|TAMS 0x000000008e600000, 0x000000008e600000| Complete 
| 231|0x000000008e700000, 0x000000008e800000, 0x000000008e800000|100%| E|CS|TAMS 0x000000008e700000, 0x000000008e700000| Complete 
| 232|0x000000008e800000, 0x000000008e900000, 0x000000008e900000|100%| E|CS|TAMS 0x000000008e800000, 0x000000008e800000| Complete 
| 233|0x000000008e900000, 0x000000008ea00000, 0x000000008ea00000|100%| E|CS|TAMS 0x000000008e900000, 0x000000008e900000| Complete 
| 234|0x000000008ea00000, 0x000000008eb00000, 0x000000008eb00000|100%| E|CS|TAMS 0x000000008ea00000, 0x000000008ea00000| Complete 
| 235|0x000000008eb00000, 0x000000008ec00000, 0x000000008ec00000|100%| E|CS|TAMS 0x000000008eb00000, 0x000000008eb00000| Complete 
| 236|0x000000008ec00000, 0x000000008ed00000, 0x000000008ed00000|100%| E|CS|TAMS 0x000000008ec00000, 0x000000008ec00000| Complete 
| 237|0x000000008ed00000, 0x000000008ee00000, 0x000000008ee00000|100%| E|CS|TAMS 0x000000008ed00000, 0x000000008ed00000| Complete 
| 238|0x000000008ee00000, 0x000000008ef00000, 0x000000008ef00000|100%| E|CS|TAMS 0x000000008ee00000, 0x000000008ee00000| Complete 
| 239|0x000000008ef00000, 0x000000008ef43f80, 0x000000008f000000| 26%| S|CS|TAMS 0x000000008ef00000, 0x000000008ef00000| Complete 
| 240|0x000000008f000000, 0x000000008f100000, 0x000000008f100000|100%| S|CS|TAMS 0x000000008f000000, 0x000000008f000000| Complete 
| 241|0x000000008f100000, 0x000000008f200000, 0x000000008f200000|100%| E|CS|TAMS 0x000000008f100000, 0x000000008f100000| Complete 
| 242|0x000000008f200000, 0x000000008f300000, 0x000000008f300000|100%| E|CS|TAMS 0x000000008f200000, 0x000000008f200000| Complete 
| 243|0x000000008f300000, 0x000000008f400000, 0x000000008f400000|100%| E|CS|TAMS 0x000000008f300000, 0x000000008f300000| Complete 
| 244|0x000000008f400000, 0x000000008f500000, 0x000000008f500000|100%| E|CS|TAMS 0x000000008f400000, 0x000000008f400000| Complete 
| 245|0x000000008f500000, 0x000000008f600000, 0x000000008f600000|100%| E|CS|TAMS 0x000000008f500000, 0x000000008f500000| Complete 
| 246|0x000000008f600000, 0x000000008f700000, 0x000000008f700000|100%| E|CS|TAMS 0x000000008f600000, 0x000000008f600000| Complete 
| 247|0x000000008f700000, 0x000000008f800000, 0x000000008f800000|100%| E|CS|TAMS 0x000000008f700000, 0x000000008f700000| Complete 
| 248|0x000000008f800000, 0x000000008f900000, 0x000000008f900000|100%| E|CS|TAMS 0x000000008f800000, 0x000000008f800000| Complete 
| 255|0x000000008ff00000, 0x0000000090000000, 0x0000000090000000|100%| E|CS|TAMS 0x000000008ff00000, 0x000000008ff00000| Complete 

Card table byte_map: [0x000001857f8b0000,0x000001857fcb0000] _byte_map_base: 0x000001857f4b0000

Marking Bits (Prev, Next): (CMBitMap*) 0x0000018568c808e0, (CMBitMap*) 0x0000018568c808a0
 Prev Bits: [0x0000018502400000, 0x0000018504400000)
 Next Bits: [0x0000018500400000, 0x0000018502400000)

Polling page: 0x0000018566be0000

Metaspace:

Usage:
  Non-class:     78.29 MB used.
      Class:     12.50 MB used.
       Both:     90.79 MB used.

Virtual space:
  Non-class space:       80.00 MB reserved,      79.06 MB ( 99%) committed,  10 nodes.
      Class space:      412.00 MB reserved,      13.19 MB (  3%) committed,  1 nodes.
             Both:      492.00 MB reserved,      92.25 MB ( 19%) committed. 

Chunk freelists:
   Non-Class:  720.00 KB
       Class:  2.84 MB
        Both:  3.55 MB

MaxMetaspaceSize: 512.00 MB
CompressedClassSpaceSize: 412.00 MB
Initial GC threshold: 21.00 MB
Current GC threshold: 149.81 MB
CDS: on
MetaspaceReclaimPolicy: balanced
 - commit_granule_bytes: 65536.
 - commit_granule_words: 8192.
 - virtual_space_node_default_size: 1048576.
 - enlarge_chunks_in_place: 1.
 - new_chunks_are_fully_committed: 0.
 - uncommit_free_chunks: 1.
 - use_allocation_guard: 0.
 - handle_deallocations: 1.


Internal statistics:

num_allocs_failed_limit: 6.
num_arena_births: 1548.
num_arena_deaths: 0.
num_vsnodes_births: 11.
num_vsnodes_deaths: 0.
num_space_committed: 1476.
num_space_uncommitted: 0.
num_chunks_returned_to_freelist: 6.
num_chunks_taken_from_freelist: 5722.
num_chunk_merges: 6.
num_chunk_splits: 3688.
num_chunks_enlarged: 2285.
num_purges: 0.
num_inconsistent_stats: 0.

CodeHeap 'non-profiled nmethods': size=120000Kb used=8350Kb max_used=8414Kb free=111650Kb
 bounds [0x0000018577f80000, 0x00000185787d0000, 0x000001857f4b0000]
CodeHeap 'profiled nmethods': size=120000Kb used=23641Kb max_used=24990Kb free=96358Kb
 bounds [0x00000185704b0000, 0x0000018571d20000, 0x00000185779e0000]
CodeHeap 'non-nmethods': size=5760Kb used=2404Kb max_used=2479Kb free=3356Kb
 bounds [0x00000185779e0000, 0x0000018577c80000, 0x0000018577f80000]
 total_blobs=12636 nmethods=11695 adapters=853
 compilation: enabled
              stopped_count=0, restarted_count=0
 full_count=0

Compilation events (20 events):
Event: 714.834 Thread 0x0000018507036560 13938       3       com.android.build.gradle.internal.cxx.settings.SettingsEnvironment::<init> (73 bytes)
Event: 714.834 Thread 0x0000018507036560 nmethod 13938 0x0000018570af5b90 code [0x0000018570af5d60, 0x0000018570af60c8]
Event: 714.834 Thread 0x0000018507036560 13939       3       kotlin.collections.MapsKt___MapsKt::toList (191 bytes)
Event: 714.836 Thread 0x0000018507036560 nmethod 13939 0x00000185705f6b90 code [0x00000185705f7020, 0x00000185705f9888]
Event: 714.837 Thread 0x0000018507036560 13940       3       com.android.build.gradle.internal.cxx.settings.CxxAbiModelSettingsRewriterKt$getPreHashReifier$1::invoke (29 bytes)
Event: 714.837 Thread 0x0000018507036560 nmethod 13940 0x0000018570900490 code [0x00000185709006c0, 0x0000018570900f08]
Event: 714.837 Thread 0x0000018507036560 13941       3       com.android.build.gradle.internal.cxx.configure.BuildSystemCommandLineKt::toCmakeArgument$default (14 bytes)
Event: 714.838 Thread 0x0000018507036560 nmethod 13941 0x0000018570ae7e10 code [0x0000018570ae7fa0, 0x0000018570ae80e8]
Event: 714.838 Thread 0x0000018507036560 13942       3       com.android.build.gradle.internal.cxx.configure.BuildSystemCommandLineKt::toCmakeArgument (274 bytes)
Event: 714.841 Thread 0x0000018507036560 nmethod 13942 0x000001857150b610 code [0x000001857150bde0, 0x000001857150fba8]
Event: 714.841 Thread 0x0000018507036560 13943       3       com.android.build.gradle.internal.cxx.configure.CommandLineArgument::<init> (5 bytes)
Event: 714.841 Thread 0x0000018507036560 nmethod 13943 0x0000018571786f90 code [0x0000018571787140, 0x00000185717872f8]
Event: 714.841 Thread 0x0000018507036560 13944       3       com.android.build.gradle.internal.cxx.configure.CommandLineArgument::<init> (5 bytes)
Event: 714.842 Thread 0x0000018507036560 nmethod 13944 0x0000018570b28e90 code [0x0000018570b29020, 0x0000018570b29178]
Event: 714.842 Thread 0x0000018507036560 13945       3       kotlin.text.StringsKt__StringsKt::substringBefore$default (15 bytes)
Event: 714.842 Thread 0x0000018507036560 nmethod 13945 0x0000018570ba5290 code [0x0000018570ba5420, 0x0000018570ba5568]
Event: 714.842 Thread 0x0000018507036560 13946       1       com.android.build.gradle.internal.cxx.model.CxxAbiModel::getAbi (5 bytes)
Event: 714.842 Thread 0x0000018507036560 nmethod 13946 0x000001857827af90 code [0x000001857827b120, 0x000001857827b1f8]
Event: 714.842 Thread 0x0000018507036560 13949       1       com.android.repository.Revision::getMinor (5 bytes)
Event: 714.842 Thread 0x0000018507036560 nmethod 13949 0x000001857827ac90 code [0x000001857827ae20, 0x000001857827aef8]

GC Heap History (20 events):
Event: 644.587 GC heap before
{Heap before GC invocations=65 (full 0):
 garbage-first heap   total 189440K, used 139248K [0x0000000080000000, 0x0000000100000000)
  region size 1024K, 33 young (33792K), 5 survivors (5120K)
 Metaspace       used 85591K, committed 86784K, reserved 503808K
  class space    used 11753K, committed 12288K, reserved 421888K
}
Event: 644.599 GC heap after
{Heap after GC invocations=66 (full 0):
 garbage-first heap   total 189440K, used 116834K [0x0000000080000000, 0x0000000100000000)
  region size 1024K, 5 young (5120K), 5 survivors (5120K)
 Metaspace       used 85591K, committed 86784K, reserved 503808K
  class space    used 11753K, committed 12288K, reserved 421888K
}
Event: 644.948 GC heap before
{Heap before GC invocations=66 (full 0):
 garbage-first heap   total 189440K, used 120930K [0x0000000080000000, 0x0000000100000000)
  region size 1024K, 9 young (9216K), 5 survivors (5120K)
 Metaspace       used 85676K, committed 86848K, reserved 503808K
  class space    used 11765K, committed 12288K, reserved 421888K
}
Event: 644.957 GC heap after
{Heap after GC invocations=67 (full 0):
 garbage-first heap   total 189440K, used 117814K [0x0000000080000000, 0x0000000100000000)
  region size 1024K, 2 young (2048K), 2 survivors (2048K)
 Metaspace       used 85676K, committed 86848K, reserved 503808K
  class space    used 11765K, committed 12288K, reserved 421888K
}
Event: 658.553 GC heap before
{Heap before GC invocations=67 (full 0):
 garbage-first heap   total 189440K, used 153654K [0x0000000080000000, 0x0000000100000000)
  region size 1024K, 37 young (37888K), 2 survivors (2048K)
 Metaspace       used 86109K, committed 87424K, reserved 503808K
  class space    used 11822K, committed 12416K, reserved 421888K
}
Event: 658.564 GC heap after
{Heap after GC invocations=68 (full 0):
 garbage-first heap   total 189440K, used 123595K [0x0000000080000000, 0x0000000100000000)
  region size 1024K, 5 young (5120K), 5 survivors (5120K)
 Metaspace       used 86109K, committed 87424K, reserved 503808K
  class space    used 11822K, committed 12416K, reserved 421888K
}
Event: 679.370 GC heap before
{Heap before GC invocations=69 (full 0):
 garbage-first heap   total 208896K, used 153291K [0x0000000080000000, 0x0000000100000000)
  region size 1024K, 34 young (34816K), 5 survivors (5120K)
 Metaspace       used 86501K, committed 87808K, reserved 503808K
  class space    used 11877K, committed 12480K, reserved 421888K
}
Event: 679.387 GC heap after
{Heap after GC invocations=70 (full 0):
 garbage-first heap   total 208896K, used 128698K [0x0000000080000000, 0x0000000100000000)
  region size 1024K, 5 young (5120K), 5 survivors (5120K)
 Metaspace       used 86501K, committed 87808K, reserved 503808K
  class space    used 11877K, committed 12480K, reserved 421888K
}
Event: 679.498 GC heap before
{Heap before GC invocations=70 (full 0):
 garbage-first heap   total 208896K, used 133818K [0x0000000080000000, 0x0000000100000000)
  region size 1024K, 10 young (10240K), 5 survivors (5120K)
 Metaspace       used 86557K, committed 87872K, reserved 503808K
  class space    used 11885K, committed 12480K, reserved 421888K
}
Event: 679.506 GC heap after
{Heap after GC invocations=71 (full 0):
 garbage-first heap   total 208896K, used 129465K [0x0000000080000000, 0x0000000100000000)
  region size 1024K, 2 young (2048K), 2 survivors (2048K)
 Metaspace       used 86557K, committed 87872K, reserved 503808K
  class space    used 11885K, committed 12480K, reserved 421888K
}
Event: 703.664 GC heap before
{Heap before GC invocations=71 (full 0):
 garbage-first heap   total 208896K, used 169401K [0x0000000080000000, 0x0000000100000000)
  region size 1024K, 41 young (41984K), 2 survivors (2048K)
 Metaspace       used 87207K, committed 88640K, reserved 503808K
  class space    used 11995K, committed 12672K, reserved 421888K
}
Event: 703.673 GC heap after
{Heap after GC invocations=72 (full 0):
 garbage-first heap   total 208896K, used 135882K [0x0000000080000000, 0x0000000100000000)
  region size 1024K, 6 young (6144K), 6 survivors (6144K)
 Metaspace       used 87207K, committed 88640K, reserved 503808K
  class space    used 11995K, committed 12672K, reserved 421888K
}
Event: 710.340 GC heap before
{Heap before GC invocations=72 (full 0):
 garbage-first heap   total 208896K, used 170698K [0x0000000080000000, 0x0000000100000000)
  region size 1024K, 40 young (40960K), 6 survivors (6144K)
 Metaspace       used 89210K, committed 90688K, reserved 503808K
  class space    used 12258K, committed 12928K, reserved 421888K
}
Event: 710.353 GC heap after
{Heap after GC invocations=73 (full 0):
 garbage-first heap   total 208896K, used 139800K [0x0000000080000000, 0x0000000100000000)
  region size 1024K, 4 young (4096K), 4 survivors (4096K)
 Metaspace       used 89210K, committed 90688K, reserved 503808K
  class space    used 12258K, committed 12928K, reserved 421888K
}
Event: 711.408 GC heap before
{Heap before GC invocations=73 (full 0):
 garbage-first heap   total 208896K, used 172568K [0x0000000080000000, 0x0000000100000000)
  region size 1024K, 36 young (36864K), 4 survivors (4096K)
 Metaspace       used 90347K, committed 91776K, reserved 503808K
  class space    used 12451K, committed 13120K, reserved 421888K
}
Event: 711.420 GC heap after
{Heap after GC invocations=74 (full 0):
 garbage-first heap   total 208896K, used 143874K [0x0000000080000000, 0x0000000100000000)
  region size 1024K, 4 young (4096K), 4 survivors (4096K)
 Metaspace       used 90347K, committed 91776K, reserved 503808K
  class space    used 12451K, committed 13120K, reserved 421888K
}
Event: 713.044 GC heap before
{Heap before GC invocations=75 (full 0):
 garbage-first heap   total 256000K, used 171522K [0x0000000080000000, 0x0000000100000000)
  region size 1024K, 31 young (31744K), 4 survivors (4096K)
 Metaspace       used 92402K, committed 93952K, reserved 503808K
  class space    used 12729K, committed 13440K, reserved 421888K
}
Event: 713.055 GC heap after
{Heap after GC invocations=76 (full 0):
 garbage-first heap   total 256000K, used 146353K [0x0000000080000000, 0x0000000100000000)
  region size 1024K, 3 young (3072K), 3 survivors (3072K)
 Metaspace       used 92402K, committed 93952K, reserved 503808K
  class space    used 12729K, committed 13440K, reserved 421888K
}
Event: 713.749 GC heap before
{Heap before GC invocations=76 (full 0):
 garbage-first heap   total 256000K, used 155569K [0x0000000080000000, 0x0000000100000000)
  region size 1024K, 12 young (12288K), 3 survivors (3072K)
 Metaspace       used 92583K, committed 94080K, reserved 503808K
  class space    used 12756K, committed 13440K, reserved 421888K
}
Event: 713.756 GC heap after
{Heap after GC invocations=77 (full 0):
 garbage-first heap   total 256000K, used 147065K [0x0000000080000000, 0x0000000100000000)
  region size 1024K, 2 young (2048K), 2 survivors (2048K)
 Metaspace       used 92583K, committed 94080K, reserved 503808K
  class space    used 12756K, committed 13440K, reserved 421888K
}

Deoptimization events (20 events):
Event: 712.975 Thread 0x00000185085a2f50 DEOPT PACKING pc=0x0000018578788520 sp=0x0000001c101f66a0
Event: 712.975 Thread 0x00000185085a2f50 DEOPT UNPACKING pc=0x0000018577a323a3 sp=0x0000001c101f6640 mode 2
Event: 712.975 Thread 0x00000185085a2f50 Uncommon trap: trap_request=0xffffffde fr.pc=0x0000018578788520 relative=0x0000000000000080
Event: 712.975 Thread 0x00000185085a2f50 Uncommon trap: reason=class_check action=maybe_recompile pc=0x0000018578788520 method=kotlin.collections.CollectionsKt___CollectionsKt.firstOrNull(Ljava/util/List;)Ljava/lang/Object; @ 7 c2
Event: 712.975 Thread 0x00000185085a2f50 DEOPT PACKING pc=0x0000018578788520 sp=0x0000001c101f66a0
Event: 712.975 Thread 0x00000185085a2f50 DEOPT UNPACKING pc=0x0000018577a323a3 sp=0x0000001c101f6640 mode 2
Event: 713.185 Thread 0x00000185085a2f50 Uncommon trap: trap_request=0xfffffff4 fr.pc=0x00000185787ade14 relative=0x00000000000064f4
Event: 713.185 Thread 0x00000185085a2f50 Uncommon trap: reason=null_check action=make_not_entrant pc=0x00000185787ade14 method=java.beans.PropertyDescriptor.findPropertyType(Ljava/lang/reflect/Method;Ljava/lang/reflect/Method;)Ljava/lang/Class; @ 113 c2
Event: 713.185 Thread 0x00000185085a2f50 DEOPT PACKING pc=0x00000185787ade14 sp=0x0000001c101f45f0
Event: 713.185 Thread 0x00000185085a2f50 DEOPT UNPACKING pc=0x0000018577a323a3 sp=0x0000001c101f45f0 mode 2
Event: 713.748 Thread 0x00000185085a2f50 Uncommon trap: trap_request=0xffffffd6 fr.pc=0x000001857877940c relative=0x000000000000046c
Event: 713.748 Thread 0x00000185085a2f50 Uncommon trap: reason=array_check action=maybe_recompile pc=0x000001857877940c method=java.util.HashMap.keysToArray([Ljava/lang/Object;)[Ljava/lang/Object; @ 62 c2
Event: 713.748 Thread 0x00000185085a2f50 DEOPT PACKING pc=0x000001857877940c sp=0x0000001c101f5f70
Event: 713.748 Thread 0x00000185085a2f50 DEOPT UNPACKING pc=0x0000018577a323a3 sp=0x0000001c101f5f18 mode 2
Event: 713.748 Thread 0x00000185085a2f50 Uncommon trap: trap_request=0xffffffd6 fr.pc=0x000001857877940c relative=0x000000000000046c
Event: 713.748 Thread 0x00000185085a2f50 Uncommon trap: reason=array_check action=maybe_recompile pc=0x000001857877940c method=java.util.HashMap.keysToArray([Ljava/lang/Object;)[Ljava/lang/Object; @ 62 c2
Event: 713.748 Thread 0x00000185085a2f50 DEOPT PACKING pc=0x000001857877940c sp=0x0000001c101f5f70
Event: 713.748 Thread 0x00000185085a2f50 DEOPT UNPACKING pc=0x0000018577a323a3 sp=0x0000001c101f5f18 mode 2
Event: 713.971 Thread 0x00000185085a2f50 DEOPT PACKING pc=0x00000185708928f1 sp=0x0000001c101f4b80
Event: 713.971 Thread 0x00000185085a2f50 DEOPT UNPACKING pc=0x0000018577a32b43 sp=0x0000001c101f3fe0 mode 0

Classes unloaded (0 events):
No events

Classes redefined (0 events):
No events

Internal exceptions (20 events):
Event: 713.963 Thread 0x00000185085a2f50 Exception <a 'java/lang/ClassNotFoundException'{0x000000008f33d428}: com/android/build/gradle/internal/tasks/MergeJavaResourceTaskCustomizer> (0x000000008f33d428) 
thrown [s\open\src\hotspot\share\classfile\systemDictionary.cpp, line 256]
Event: 713.964 Thread 0x00000185085a2f50 Exception <a 'java/lang/ClassNotFoundException'{0x000000008f373a68}: com/android/build/gradle/internal/tasks/MergeJavaResourceTask_DecoratedCustomizer> (0x000000008f373a68) 
thrown [s\open\src\hotspot\share\classfile\systemDictionary.cpp, line 256]
Event: 713.980 Thread 0x00000185085a2f50 Exception <a 'java/lang/ClassNotFoundException'{0x000000008f28ba30}: com/android/build/gradle/internal/tasks/LibraryAarJarsTask_DecoratedBeanInfo> (0x000000008f28ba30) 
thrown [s\open\src\hotspot\share\classfile\systemDictionary.cpp, line 256]
Event: 713.981 Thread 0x00000185085a2f50 Exception <a 'java/lang/ClassNotFoundException'{0x000000008f29bcc0}: com/android/build/gradle/internal/tasks/LibraryAarJarsTaskBeanInfo> (0x000000008f29bcc0) 
thrown [s\open\src\hotspot\share\classfile\systemDictionary.cpp, line 256]
Event: 713.981 Thread 0x00000185085a2f50 Exception <a 'java/lang/ClassNotFoundException'{0x000000008f2abf30}: com/android/build/gradle/internal/tasks/LibraryAarJarsTaskCustomizer> (0x000000008f2abf30) 
thrown [s\open\src\hotspot\share\classfile\systemDictionary.cpp, line 256]
Event: 713.983 Thread 0x00000185085a2f50 Exception <a 'java/lang/ClassNotFoundException'{0x000000008f2d8e78}: com/android/build/gradle/internal/tasks/LibraryAarJarsTask_DecoratedCustomizer> (0x000000008f2d8e78) 
thrown [s\open\src\hotspot\share\classfile\systemDictionary.cpp, line 256]
Event: 714.035 Thread 0x00000185085a2f50 Exception <a 'java/lang/ClassNotFoundException'{0x000000008f1f9c48}: com/android/build/gradle/internal/tasks/AarMetadataTask_DecoratedBeanInfo> (0x000000008f1f9c48) 
thrown [s\open\src\hotspot\share\classfile\systemDictionary.cpp, line 256]
Event: 714.036 Thread 0x00000185085a2f50 Exception <a 'java/lang/ClassNotFoundException'{0x000000008ee0a398}: com/android/build/gradle/internal/tasks/AarMetadataTaskBeanInfo> (0x000000008ee0a398) 
thrown [s\open\src\hotspot\share\classfile\systemDictionary.cpp, line 256]
Event: 714.037 Thread 0x00000185085a2f50 Exception <a 'java/lang/ClassNotFoundException'{0x000000008ee1a5e8}: com/android/build/gradle/internal/tasks/AarMetadataTaskCustomizer> (0x000000008ee1a5e8) 
thrown [s\open\src\hotspot\share\classfile\systemDictionary.cpp, line 256]
Event: 714.065 Thread 0x00000185085a2f50 Exception <a 'java/lang/ClassNotFoundException'{0x000000008ee3fea8}: com/android/build/gradle/internal/tasks/AarMetadataTask_DecoratedCustomizer> (0x000000008ee3fea8) 
thrown [s\open\src\hotspot\share\classfile\systemDictionary.cpp, line 256]
Event: 714.083 Thread 0x00000185085a2f50 Exception <a 'java/lang/ClassNotFoundException'{0x000000008ec28738}: com/android/build/gradle/tasks/BundleAar_DecoratedBeanInfo> (0x000000008ec28738) 
thrown [s\open\src\hotspot\share\classfile\systemDictionary.cpp, line 256]
Event: 714.084 Thread 0x00000185085a2f50 Exception <a 'java/lang/ClassNotFoundException'{0x000000008ec38770}: com/android/build/gradle/tasks/BundleAarBeanInfo> (0x000000008ec38770) 
thrown [s\open\src\hotspot\share\classfile\systemDictionary.cpp, line 256]
Event: 714.085 Thread 0x00000185085a2f50 Exception <a 'java/lang/ClassNotFoundException'{0x000000008ec487b8}: com/android/build/gradle/tasks/BundleAarCustomizer> (0x000000008ec487b8) 
thrown [s\open\src\hotspot\share\classfile\systemDictionary.cpp, line 256]
Event: 714.087 Thread 0x00000185085a2f50 Exception <a 'java/lang/ClassNotFoundException'{0x000000008ec756f8}: com/android/build/gradle/tasks/BundleAar_DecoratedCustomizer> (0x000000008ec756f8) 
thrown [s\open\src\hotspot\share\classfile\systemDictionary.cpp, line 256]
Event: 714.184 Thread 0x00000185085a2f50 Exception <a 'java/lang/ClassNotFoundException'{0x000000008eab6440}: com/android/build/gradle/tasks/VerifyLibraryResourcesTask_DecoratedBeanInfo> (0x000000008eab6440) 
thrown [s\open\src\hotspot\share\classfile\systemDictionary.cpp, line 256]
Event: 714.185 Thread 0x00000185085a2f50 Exception <a 'java/lang/ClassNotFoundException'{0x000000008eac6640}: com/android/build/gradle/tasks/VerifyLibraryResourcesTaskBeanInfo> (0x000000008eac6640) 
thrown [s\open\src\hotspot\share\classfile\systemDictionary.cpp, line 256]
Event: 714.186 Thread 0x00000185085a2f50 Exception <a 'java/lang/ClassNotFoundException'{0x000000008ead6820}: com/android/build/gradle/tasks/VerifyLibraryResourcesTaskCustomizer> (0x000000008ead6820) 
thrown [s\open\src\hotspot\share\classfile\systemDictionary.cpp, line 256]
Event: 714.188 Thread 0x00000185085a2f50 Exception <a 'java/lang/ClassNotFoundException'{0x000000008e901428}: com/android/build/gradle/tasks/VerifyLibraryResourcesTask_DecoratedCustomizer> (0x000000008e901428) 
thrown [s\open\src\hotspot\share\classfile\systemDictionary.cpp, line 256]
Event: 714.336 Thread 0x00000185085a2f50 Exception <a 'sun/nio/fs/WindowsException'{0x000000008e9c8750}> (0x000000008e9c8750) 
thrown [s\open\src\hotspot\share\prims\jni.cpp, line 516]
Event: 714.358 Thread 0x00000185085a2f50 Exception <a 'sun/nio/fs/WindowsException'{0x000000008e8290c0}> (0x000000008e8290c0) 
thrown [s\open\src\hotspot\share\prims\jni.cpp, line 516]

VM Operations (20 events):
Event: 711.647 Executing VM operation: HandshakeAllThreads
Event: 711.647 Executing VM operation: HandshakeAllThreads done
Event: 711.826 Executing VM operation: HandshakeAllThreads
Event: 711.826 Executing VM operation: HandshakeAllThreads done
Event: 711.842 Executing VM operation: G1Concurrent
Event: 711.851 Executing VM operation: G1Concurrent done
Event: 712.036 Executing VM operation: G1Concurrent
Event: 712.036 Executing VM operation: G1Concurrent done
Event: 712.186 Executing VM operation: HandshakeAllThreads
Event: 712.186 Executing VM operation: HandshakeAllThreads done
Event: 712.565 Executing VM operation: HandshakeAllThreads
Event: 712.565 Executing VM operation: HandshakeAllThreads done
Event: 712.576 Executing VM operation: HandshakeAllThreads
Event: 712.576 Executing VM operation: HandshakeAllThreads done
Event: 713.044 Executing VM operation: G1CollectForAllocation
Event: 713.056 Executing VM operation: G1CollectForAllocation done
Event: 713.749 Executing VM operation: G1CollectForAllocation
Event: 713.757 Executing VM operation: G1CollectForAllocation done
Event: 714.768 Executing VM operation: Cleanup
Event: 714.768 Executing VM operation: Cleanup done

Events (20 events):
Event: 711.852 Thread 0x000001850703b630 flushing nmethod 0x0000018571912290
Event: 711.853 Thread 0x000001850703b630 flushing nmethod 0x0000018571941f10
Event: 711.853 Thread 0x000001850703b630 flushing nmethod 0x0000018571997e10
Event: 711.853 Thread 0x000001850703b630 flushing nmethod 0x0000018571998390
Event: 711.853 Thread 0x000001850703b630 flushing nmethod 0x0000018571999a90
Event: 711.853 Thread 0x000001850703b630 flushing nmethod 0x00000185719a2610
Event: 711.853 Thread 0x000001850703b630 flushing nmethod 0x00000185719f2910
Event: 711.853 Thread 0x000001850703b630 flushing nmethod 0x00000185719f3690
Event: 711.854 Thread 0x000001850703b630 flushing nmethod 0x0000018571b1de90
Event: 711.854 Thread 0x000001850703b630 flushing nmethod 0x0000018571b5fd10
Event: 711.854 Thread 0x000001850703b630 flushing nmethod 0x0000018571b9ab10
Event: 711.855 Thread 0x000001850703b630 flushing nmethod 0x0000018571c9fb90
Event: 711.922 loading class java/net/Proxy
Event: 711.923 loading class java/net/Proxy done
Event: 711.923 loading class java/net/Proxy$Type
Event: 711.923 loading class java/net/Proxy$Type done
Event: 712.172 loading class jdk/internal/reflect/UnsafeByteFieldAccessorImpl
Event: 712.173 loading class jdk/internal/reflect/UnsafeByteFieldAccessorImpl done
Event: 712.176 loading class jdk/internal/reflect/UnsafeQualifiedIntegerFieldAccessorImpl
Event: 712.177 loading class jdk/internal/reflect/UnsafeQualifiedIntegerFieldAccessorImpl done


Dynamic libraries:
0x00007ff649ef0000 - 0x00007ff649f00000 	C:\Program Files\Java\jdk-17\bin\java.exe
0x00007ffa90ab0000 - 0x00007ffa90ca8000 	C:\Windows\SYSTEM32\ntdll.dll
0x00007ffa8eeb0000 - 0x00007ffa8ef6f000 	C:\Windows\System32\KERNEL32.DLL
0x00007ffa8e320000 - 0x00007ffa8e616000 	C:\Windows\System32\KERNELBASE.dll
0x00007ffa8ea10000 - 0x00007ffa8eb10000 	C:\Windows\System32\ucrtbase.dll
0x00007ffa714f0000 - 0x00007ffa71509000 	C:\Program Files\Java\jdk-17\bin\jli.dll
0x00007ffa905c0000 - 0x00007ffa9066f000 	C:\Windows\System32\ADVAPI32.dll
0x00007ffa90690000 - 0x00007ffa9072e000 	C:\Windows\System32\msvcrt.dll
0x00007ffa909a0000 - 0x00007ffa90a3c000 	C:\Windows\System32\sechost.dll
0x00007ffa8ebd0000 - 0x00007ffa8ecf6000 	C:\Windows\System32\RPCRT4.dll
0x00007ffa8ed00000 - 0x00007ffa8ee9d000 	C:\Windows\System32\USER32.dll
0x00007ffa8e950000 - 0x00007ffa8e972000 	C:\Windows\System32\win32u.dll
0x00007ffa8fd90000 - 0x00007ffa8fdbc000 	C:\Windows\System32\GDI32.dll
0x00007ffa8e670000 - 0x00007ffa8e785000 	C:\Windows\System32\gdi32full.dll
0x00007ffa8e8b0000 - 0x00007ffa8e94d000 	C:\Windows\System32\msvcp_win.dll
0x00007ffa69870000 - 0x00007ffa6988b000 	C:\Program Files\Java\jdk-17\bin\VCRUNTIME140.dll
0x00007ffa6a860000 - 0x00007ffa6aafa000 	C:\Windows\WinSxS\amd64_microsoft.windows.common-controls_6595b64144ccf1df_6.0.19041.1110_none_60b5254171f9507e\COMCTL32.dll
0x00007ffa85600000 - 0x00007ffa8560a000 	C:\Windows\SYSTEM32\VERSION.dll
0x00007ffa90a40000 - 0x00007ffa90a70000 	C:\Windows\System32\IMM32.DLL
0x00007ffa7f3a0000 - 0x00007ffa7f3ac000 	C:\Program Files\Java\jdk-17\bin\vcruntime140_1.dll
0x00007ffa5b930000 - 0x00007ffa5b9be000 	C:\Program Files\Java\jdk-17\bin\msvcp140.dll
0x00007ff9f6400000 - 0x00007ff9f6fdd000 	C:\Program Files\Java\jdk-17\bin\server\jvm.dll
0x00007ffa8eea0000 - 0x00007ffa8eea8000 	C:\Windows\System32\PSAPI.DLL
0x00007ffa7dea0000 - 0x00007ffa7dea9000 	C:\Windows\SYSTEM32\WSOCK32.dll
0x00007ffa8fcc0000 - 0x00007ffa8fd2b000 	C:\Windows\System32\WS2_32.dll
0x00007ffa62d90000 - 0x00007ffa62db7000 	C:\Windows\SYSTEM32\WINMM.dll
0x00007ffa8c9c0000 - 0x00007ffa8c9d2000 	C:\Windows\SYSTEM32\kernel.appcore.dll
0x00007ffa7ddb0000 - 0x00007ffa7ddba000 	C:\Program Files\Java\jdk-17\bin\jimage.dll
0x00007ffa88d90000 - 0x00007ffa88f74000 	C:\Windows\SYSTEM32\DBGHELP.DLL
0x00007ffa7c6a0000 - 0x00007ffa7c6d4000 	C:\Windows\SYSTEM32\dbgcore.DLL
0x00007ffa8e980000 - 0x00007ffa8ea02000 	C:\Windows\System32\bcryptPrimitives.dll
0x00007ffa66310000 - 0x00007ffa66335000 	C:\Program Files\Java\jdk-17\bin\java.dll
0x00007ffa58170000 - 0x00007ffa58247000 	C:\Program Files\Java\jdk-17\bin\jsvml.dll
0x00007ffa8fdc0000 - 0x00007ffa90504000 	C:\Windows\System32\SHELL32.dll
0x00007ffa8c040000 - 0x00007ffa8c7d3000 	C:\Windows\SYSTEM32\windows.storage.dll
0x00007ffa8eff0000 - 0x00007ffa8f344000 	C:\Windows\System32\combase.dll
0x00007ffa8db00000 - 0x00007ffa8db2e000 	C:\Windows\SYSTEM32\Wldp.dll
0x00007ffa8eb10000 - 0x00007ffa8ebbd000 	C:\Windows\System32\SHCORE.dll
0x00007ffa8fae0000 - 0x00007ffa8fb35000 	C:\Windows\System32\shlwapi.dll
0x00007ffa8e0c0000 - 0x00007ffa8e0e5000 	C:\Windows\SYSTEM32\profapi.dll
0x00007ffa67260000 - 0x00007ffa67279000 	C:\Program Files\Java\jdk-17\bin\net.dll
0x00007ffa83710000 - 0x00007ffa8381a000 	C:\Windows\SYSTEM32\WINHTTP.dll
0x00007ffa8d860000 - 0x00007ffa8d8ca000 	C:\Windows\system32\mswsock.dll
0x00007ffa66bf0000 - 0x00007ffa66c06000 	C:\Program Files\Java\jdk-17\bin\nio.dll
0x00007ffa666a0000 - 0x00007ffa666b8000 	C:\Program Files\Java\jdk-17\bin\zip.dll
0x00007ffa86230000 - 0x00007ffa86240000 	C:\Program Files\Java\jdk-17\bin\verify.dll
0x00007ffa7f460000 - 0x00007ffa7f487000 	C:\Users\ss\.gradle\native\e1d6ef7f7dcc3fd88c89a11ec53ec762bb8ba0a96d01ffa2cd45eb1d1d8dd5c5\windows-amd64\native-platform.dll
0x00007ffa51060000 - 0x00007ffa511a4000 	C:\Users\ss\.gradle\native\5664cfc778a61ccfe75a443a1ab52a65af34e5dc3c78e0209fed803814484fcb\windows-amd64\native-platform-file-events.dll
0x00007ffa86770000 - 0x00007ffa8677a000 	C:\Program Files\Java\jdk-17\bin\management.dll
0x00007ffa857e0000 - 0x00007ffa857eb000 	C:\Program Files\Java\jdk-17\bin\management_ext.dll
0x00007ffa8da50000 - 0x00007ffa8da68000 	C:\Windows\SYSTEM32\CRYPTSP.dll
0x00007ffa8d170000 - 0x00007ffa8d1a4000 	C:\Windows\system32\rsaenh.dll
0x00007ffa8e2f0000 - 0x00007ffa8e317000 	C:\Windows\System32\bcrypt.dll
0x00007ffa8e080000 - 0x00007ffa8e0ae000 	C:\Windows\SYSTEM32\USERENV.dll
0x00007ffa8da70000 - 0x00007ffa8da7c000 	C:\Windows\SYSTEM32\CRYPTBASE.dll
0x00007ffa8d550000 - 0x00007ffa8d58b000 	C:\Windows\SYSTEM32\IPHLPAPI.DLL
0x00007ffa8f350000 - 0x00007ffa8f358000 	C:\Windows\System32\NSI.dll
0x00007ffa83af0000 - 0x00007ffa83b07000 	C:\Windows\SYSTEM32\dhcpcsvc6.DLL
0x00007ffa843e0000 - 0x00007ffa843fd000 	C:\Windows\SYSTEM32\dhcpcsvc.DLL
0x00007ffa8d590000 - 0x00007ffa8d65a000 	C:\Windows\SYSTEM32\DNSAPI.dll
0x00007ffa857d0000 - 0x00007ffa857dd000 	C:\Program Files\Java\jdk-17\bin\sunmscapi.dll
0x00007ffa8e190000 - 0x00007ffa8e2ee000 	C:\Windows\System32\CRYPT32.dll
0x00007ffa8db70000 - 0x00007ffa8db98000 	C:\Windows\SYSTEM32\ncrypt.dll
0x00007ffa8db30000 - 0x00007ffa8db6b000 	C:\Windows\SYSTEM32\NTASN1.dll
0x00007ffa5bc40000 - 0x00007ffa5bc47000 	C:\Windows\system32\wshunix.dll

dbghelp: loaded successfully - version: 4.0.5 - missing functions: none
symbol engine: initialized successfully - sym options: 0x614 - pdb path: .;C:\Program Files\Java\jdk-17\bin;C:\Windows\SYSTEM32;C:\Windows\WinSxS\amd64_microsoft.windows.common-controls_6595b64144ccf1df_6.0.19041.1110_none_60b5254171f9507e;C:\Program Files\Java\jdk-17\bin\server;C:\Users\ss\.gradle\native\e1d6ef7f7dcc3fd88c89a11ec53ec762bb8ba0a96d01ffa2cd45eb1d1d8dd5c5\windows-amd64;C:\Users\ss\.gradle\native\5664cfc778a61ccfe75a443a1ab52a65af34e5dc3c78e0209fed803814484fcb\windows-amd64

VM Arguments:
jvm_args: -XX:MaxMetaspaceSize=512m --add-opens=java.base/java.util=ALL-UNNAMED --add-opens=java.base/java.lang=ALL-UNNAMED --add-opens=java.base/java.lang.invoke=ALL-UNNAMED --add-opens=java.base/java.util=ALL-UNNAMED --add-opens=java.prefs/java.util.prefs=ALL-UNNAMED --add-opens=java.prefs/java.util.prefs=ALL-UNNAMED --add-opens=java.base/java.nio.charset=ALL-UNNAMED --add-opens=java.base/java.net=ALL-UNNAMED --add-opens=java.base/java.util.concurrent.atomic=ALL-UNNAMED -Xmx2048m -Dfile.encoding=windows-1252 -Duser.country=IN -Duser.language=en -Duser.variant 
java_command: org.gradle.launcher.daemon.bootstrap.GradleDaemon 7.3.3
java_class_path (initial): C:\Users\ss\.gradle\wrapper\dists\gradle-7.3.3-all\4295vidhdd9hd3gbjyw1xqxpo\gradle-7.3.3\lib\gradle-launcher-7.3.3.jar
Launcher Type: SUN_STANDARD

[Global flags]
     intx CICompilerCount                          = 3                                         {product} {ergonomic}
   size_t CompressedClassSpaceSize                 = 432013312                                 {product} {ergonomic}
     uint ConcGCThreads                            = 1                                         {product} {ergonomic}
     uint G1ConcRefinementThreads                  = 4                                         {product} {ergonomic}
   size_t G1HeapRegionSize                         = 1048576                                   {product} {ergonomic}
    uintx GCDrainStackTargetSize                   = 64                                        {product} {ergonomic}
   size_t InitialHeapSize                          = 268435456                                 {product} {ergonomic}
   size_t MarkStackSize                            = 4194304                                   {product} {ergonomic}
   size_t MaxHeapSize                              = 2147483648                                {product} {command line}
   size_t MaxMetaspaceSize                         = 536870912                                 {product} {command line}
   size_t MaxNewSize                               = 1287651328                                {product} {ergonomic}
   size_t MinHeapDeltaBytes                        = 1048576                                   {product} {ergonomic}
   size_t MinHeapSize                              = 8388608                                   {product} {ergonomic}
    uintx NonNMethodCodeHeapSize                   = 5832780                                {pd product} {ergonomic}
    uintx NonProfiledCodeHeapSize                  = 122912730                              {pd product} {ergonomic}
    uintx ProfiledCodeHeapSize                     = 122912730                              {pd product} {ergonomic}
    uintx ReservedCodeCacheSize                    = 251658240                              {pd product} {ergonomic}
     bool SegmentedCodeCache                       = true                                      {product} {ergonomic}
   size_t SoftMaxHeapSize                          = 2147483648                             {manageable} {ergonomic}
     bool UseCompressedClassPointers               = true                           {product lp64_product} {ergonomic}
     bool UseCompressedOops                        = true                           {product lp64_product} {ergonomic}
     bool UseG1GC                                  = true                                      {product} {ergonomic}
     bool UseLargePagesIndividualAllocation        = false                                  {pd product} {ergonomic}

Logging:
Log output configuration:
 #0: stdout all=warning uptime,level,tags
 #1: stderr all=off uptime,level,tags

Environment Variables:
CLASSPATH=C:\Users\ss\Desktop\teachers-vision\android\\gradle\wrapper\gradle-wrapper.jar
PATH=C:\Users\ss\Desktop\teachers-vision\android\node_modules\.bin;C:\Users\ss\Desktop\teachers-vision\node_modules\.bin;C:\Users\ss\Desktop\node_modules\.bin;C:\Users\ss\node_modules\.bin;C:\Users\node_modules\.bin;C:\node_modules\.bin;C:\Program Files\nodejs;C:\Users\ss\Desktop\teachers-vision\node_modules\.bin;C:\Users\ss\Desktop\teachers-vision\node_modules\.bin;C:\Users\ss\Desktop\node_modules\.bin;C:\Users\ss\node_modules\.bin;C:\Users\node_modules\.bin;C:\node_modules\.bin;C:\Users\ss\AppData\Roaming\nvm\v16.16.0\node_modules\npm\node_modules\@npmcli\run-script\lib\node-gyp-bin;C:\Users\ss\Desktop\teachers-vision\node_modules\.bin;C:\Users\ss\Desktop\node_modules\.bin;C:\Users\ss\node_modules\.bin;C:\Users\node_modules\.bin;C:\node_modules\.bin;C:\Program Files\nodejs;C:\Users\ss\Desktop\teachers-vision\node_modules\.bin;C:\Users\ss\Desktop\teachers-vision\node_modules\.bin;C:\Users\ss\Desktop\node_modules\.bin;C:\Users\ss\node_modules\.bin;C:\Users\node_modules\.bin;C:\node_modules\.bin;C:\Users\ss\AppData\Roaming\nvm\v16.16.0\node_modules\npm\node_modules\@npmcli\run-script\lib\node-gyp-bin;C:\Program Files\Common Files\Oracle\Java\javapath;C:\Program Files (x86)\Common Files\Oracle\Java\javapath;C:\Program Files\Microsoft\jdk-11.0.18.10-hotspot\bin;C:\Program Files\Microsoft MPI\Bin\;C:\Windows\system32;C:\Windows;C:\Windows\System32\Wbem;C:\Windows\System32\WindowsPowerShell\v1.0\;C:\Windows\System32\OpenSSH\;C:\ProgramData\chocolatey\bin;C:\Users\ss\AppData\Local\Android\Sdk\platform-tools;C:\Program Files\Git\cmd;C:\Program Files\Microsoft SQL Server\150\Tools\Binn\;C:\Program Files (x86)\Microsoft SQL Server\160\Tools\Binn\;C:\Program Files\Microsoft SQL Server\160\Tools\Binn\;C:\Program Files\Microsoft SQL Server\Client SDK\ODBC\170\Tools\Binn\;C:\Program Files\Microsoft SQL Server\160\DTS\Binn\;C:\Program Files\dotnet\;C:\Program Files (x86)\dotnet\;C:\Program Files (x86)\Microsoft SQL Server\160\DTS\Binn\;C:\Program Files (x86)\Microsoft SQL Server\150
USERNAME=ss
LANG=en_US.UTF-8
OS=Windows_NT
PROCESSOR_IDENTIFIER=Intel64 Family 6 Model 142 Stepping 9, GenuineIntel



---------------  S Y S T E M  ---------------

OS:
 Windows 10 , 64 bit Build 19041 (10.0.19041.3155)
OS uptime: 1 days 5:07 hours

CPU: total 4 (initial active 4) (2 cores per cpu, 2 threads per core) family 6 model 142 stepping 9 microcode 0xb4, cx8, cmov, fxsr, ht, mmx, 3dnowpref, sse, sse2, sse3, ssse3, sse4.1, sse4.2, popcnt, lzcnt, tsc, tscinvbit, avx, avx2, aes, erms, clmul, bmi1, bmi2, adx, fma, vzeroupper, clflush, clflushopt

Memory: 4k page, system-wide physical 16263M (280M free)
TotalPageFile size 24565M (AvailPageFile size 5M)
current process WorkingSet (physical memory assigned to process): 465M, peak: 466M
current process commit charge ("private bytes"): 545M, peak: 549M

vm_info: Java HotSpot(TM) 64-Bit Server VM (17.0.7+8-LTS-224) for windows-amd64 JRE (17.0.7+8-LTS-224), built on Feb 28 2023 23:03:02 by "mach5one" with MS VC++ 17.1 (VS2022)

END.
