#
# There is insufficient memory for the Java Runtime Environment to continue.
# Native memory allocation (malloc) failed to allocate 32744 bytes for ChunkPool::allocate
# Possible reasons:
#   The system is out of physical RAM or swap space
#   The process is running with CompressedOops enabled, and the Java Heap may be blocking the growth of the native heap
# Possible solutions:
#   Reduce memory load on the system
#   Increase physical memory or swap space
#   Check if swap backing store is full
#   Decrease Java heap size (-Xmx/-Xms)
#   Decrease number of Java threads
#   Decrease Java thread stack sizes (-Xss)
#   Set larger code cache with -XX:ReservedCodeCacheSize=
#   JVM is running with Unscaled Compressed Oops mode in which the Java heap is
#     placed in the first 4GB address space. The Java Heap base address is the
#     maximum limit for the native heap growth. Please use -XX:HeapBaseMinAddress
#     to set the Java Heap base and to place the Java Heap above 4GB virtual address.
# This output file may be truncated or incomplete.
#
#  Out of Memory Error (arena.cpp:78), pid=6412, tid=22412
#
# JRE version: Java(TM) SE Runtime Environment (17.0.7+8) (build 17.0.7+8-LTS-224)
# Java VM: Java HotSpot(TM) 64-Bit Server VM (17.0.7+8-LTS-224, mixed mode, sharing, tiered, compressed oops, compressed class ptrs, g1 gc, windows-amd64)
# No core dump will be written. Minidumps are not enabled by default on client versions of Windows
#

---------------  S U M M A R Y ------------

Command Line: -XX:MaxMetaspaceSize=512m --add-opens=java.base/java.util=ALL-UNNAMED --add-opens=java.base/java.lang=ALL-UNNAMED --add-opens=java.base/java.lang.invoke=ALL-UNNAMED --add-opens=java.base/java.util=ALL-UNNAMED --add-opens=java.prefs/java.util.prefs=ALL-UNNAMED --add-opens=java.prefs/java.util.prefs=ALL-UNNAMED --add-opens=java.base/java.nio.charset=ALL-UNNAMED --add-opens=java.base/java.net=ALL-UNNAMED --add-opens=java.base/java.util.concurrent.atomic=ALL-UNNAMED -Xmx2048m -Dfile.encoding=windows-1252 -Duser.country=IN -Duser.language=en -Duser.variant org.gradle.launcher.daemon.bootstrap.GradleDaemon 7.3.3

Host: Intel(R) Core(TM) i5-7200U CPU @ 2.50GHz, 4 cores, 15G,  Windows 10 , 64 bit Build 19041 (10.0.19041.3155)
Time: Fri Sep  1 18:37:49 2023 India Standard Time elapsed time: 170.460848 seconds (0d 0h 2m 50s)

---------------  T H R E A D  ---------------

Current thread (0x00000194dff06da0):  JavaThread "C2 CompilerThread0" daemon [_thread_in_native, id=22412, stack(0x0000002682c00000,0x0000002682d00000)]


Current CompileTask:
C2: 170460 4728       4       org.gradle.launcher.daemon.registry.DaemonStopEvent$Serializer::read (73 bytes)

Stack: [0x0000002682c00000,0x0000002682d00000]
Native frames: (J=compiled Java code, j=interpreted, Vv=VM code, C=native code)
V  [jvm.dll+0x676a4a]
V  [jvm.dll+0x7d74f4]
V  [jvm.dll+0x7d8c9e]
V  [jvm.dll+0x7d9303]
V  [jvm.dll+0x2452c5]
V  [jvm.dll+0xaac80]
V  [jvm.dll+0xaafcc]
V  [jvm.dll+0x57f332]
V  [jvm.dll+0x2205f2]
V  [jvm.dll+0x2191f0]
V  [jvm.dll+0x216df9]
V  [jvm.dll+0x1a35e0]
V  [jvm.dll+0x226a6e]
V  [jvm.dll+0x224e15]
V  [jvm.dll+0x78d05c]
V  [jvm.dll+0x78759a]
V  [jvm.dll+0x675875]
C  [ucrtbase.dll+0x21bb2]
C  [KERNEL32.DLL+0x17614]
C  [ntdll.dll+0x526b1]


---------------  P R O C E S S  ---------------

Threads class SMR info:
_java_thread_list=0x00000194e36943b0, length=40, elements={
0x00000194c06292e0, 0x00000194dfee9b40, 0x00000194dfeea600, 0x00000194dff01750,
0x00000194dff04020, 0x00000194dff058f0, 0x00000194dff061b0, 0x00000194dff06da0,
0x00000194dff09760, 0x00000194dff3e590, 0x00000194e09a0480, 0x00000194e09a8940,
0x00000194e0ecf030, 0x00000194e0decad0, 0x00000194e15b9b00, 0x00000194e1c1afc0,
0x00000194e1c1b490, 0x00000194e14131a0, 0x00000194e1413670, 0x00000194e1be4960,
0x00000194e1be22e0, 0x00000194e1be4e30, 0x00000194e1be4490, 0x00000194e1be5300,
0x00000194e1be27b0, 0x00000194e1be3620, 0x00000194e1be2c80, 0x00000194e1be3150,
0x00000194e1be3af0, 0x00000194e397b010, 0x00000194e3979800, 0x00000194e397b9b0,
0x00000194e3975e40, 0x00000194e3974160, 0x00000194e3979330, 0x00000194e3976310,
0x00000194e3977b20, 0x00000194e39784c0, 0x00000194e39754a0, 0x00000194e39767e0
}

Java Threads: ( => current thread )
  0x00000194c06292e0 JavaThread "main" [_thread_blocked, id=26400, stack(0x0000002681e00000,0x0000002681f00000)]
  0x00000194dfee9b40 JavaThread "Reference Handler" daemon [_thread_blocked, id=24280, stack(0x0000002682600000,0x0000002682700000)]
  0x00000194dfeea600 JavaThread "Finalizer" daemon [_thread_blocked, id=7748, stack(0x0000002682700000,0x0000002682800000)]
  0x00000194dff01750 JavaThread "Signal Dispatcher" daemon [_thread_blocked, id=27916, stack(0x0000002682800000,0x0000002682900000)]
  0x00000194dff04020 JavaThread "Attach Listener" daemon [_thread_blocked, id=19152, stack(0x0000002682900000,0x0000002682a00000)]
  0x00000194dff058f0 JavaThread "Service Thread" daemon [_thread_blocked, id=16576, stack(0x0000002682a00000,0x0000002682b00000)]
  0x00000194dff061b0 JavaThread "Monitor Deflation Thread" daemon [_thread_blocked, id=19800, stack(0x0000002682b00000,0x0000002682c00000)]
=>0x00000194dff06da0 JavaThread "C2 CompilerThread0" daemon [_thread_in_native, id=22412, stack(0x0000002682c00000,0x0000002682d00000)]
  0x00000194dff09760 JavaThread "C1 CompilerThread0" daemon [_thread_blocked, id=24668, stack(0x0000002682d00000,0x0000002682e00000)]
  0x00000194dff3e590 JavaThread "Sweeper thread" daemon [_thread_blocked, id=15676, stack(0x0000002682e00000,0x0000002682f00000)]
  0x00000194e09a0480 JavaThread "Common-Cleaner" daemon [_thread_blocked, id=21256, stack(0x0000002682f00000,0x0000002683000000)]
  0x00000194e09a8940 JavaThread "Notification Thread" daemon [_thread_blocked, id=16328, stack(0x0000002683000000,0x0000002683100000)]
  0x00000194e0ecf030 JavaThread "Daemon health stats" [_thread_blocked, id=3696, stack(0x0000002683200000,0x0000002683300000)]
  0x00000194e0decad0 JavaThread "Incoming local TCP Connector on port 53976" [_thread_in_native, id=17488, stack(0x0000002683600000,0x0000002683700000)]
  0x00000194e15b9b00 JavaThread "Daemon periodic checks" [_thread_blocked, id=27864, stack(0x0000002683700000,0x0000002683800000)]
  0x00000194e1c1afc0 JavaThread "Daemon" [_thread_blocked, id=23868, stack(0x0000002683800000,0x0000002683900000)]
  0x00000194e1c1b490 JavaThread "Handler for socket connection from /127.0.0.1:53976 to /127.0.0.1:53977" [_thread_in_native, id=2812, stack(0x0000002683900000,0x0000002683a00000)]
  0x00000194e14131a0 JavaThread "Cancel handler" [_thread_blocked, id=26048, stack(0x0000002683a00000,0x0000002683b00000)]
  0x00000194e1413670 JavaThread "Daemon worker" [_thread_blocked, id=22144, stack(0x0000002683b00000,0x0000002683c00000)]
  0x00000194e1be4960 JavaThread "Asynchronous log dispatcher for DefaultDaemonConnection: socket connection from /127.0.0.1:53976 to /127.0.0.1:53977" [_thread_blocked, id=1764, stack(0x0000002683c00000,0x0000002683d00000)]
  0x00000194e1be22e0 JavaThread "Stdin handler" [_thread_blocked, id=13268, stack(0x0000002683d00000,0x0000002683e00000)]
  0x00000194e1be4e30 JavaThread "Daemon client event forwarder" [_thread_blocked, id=15304, stack(0x0000002683e00000,0x0000002683f00000)]
  0x00000194e1be4490 JavaThread "Cache worker for journal cache (C:\Users\ss\.gradle\caches\journal-1)" [_thread_blocked, id=10564, stack(0x0000002683f00000,0x0000002684000000)]
  0x00000194e1be5300 JavaThread "File lock request listener" [_thread_in_native, id=28628, stack(0x0000002684000000,0x0000002684100000)]
  0x00000194e1be27b0 JavaThread "Cache worker for file hash cache (C:\Users\ss\.gradle\caches\7.3.3\fileHashes)" [_thread_blocked, id=14396, stack(0x0000002684200000,0x0000002684300000)]
  0x00000194e1be3620 JavaThread "Cache worker for file hash cache (C:\Users\ss\Desktop\teachers-vision\android\.gradle\7.3.3\fileHashes)" [_thread_blocked, id=20860, stack(0x0000002684300000,0x0000002684400000)]
  0x00000194e1be2c80 JavaThread "File watcher server" daemon [_thread_in_native, id=12636, stack(0x0000002684400000,0x0000002684500000)]
  0x00000194e1be3150 JavaThread "File watcher consumer" daemon [_thread_blocked, id=19496, stack(0x0000002684500000,0x0000002684600000)]
  0x00000194e1be3af0 JavaThread "Cache worker for checksums cache (C:\Users\ss\Desktop\teachers-vision\android\.gradle\7.3.3\checksums)" [_thread_blocked, id=27668, stack(0x0000002684600000,0x0000002684700000)]
  0x00000194e397b010 JavaThread "Cache worker for cache directory md-supplier (C:\Users\ss\.gradle\caches\7.3.3\md-supplier)" [_thread_blocked, id=17164, stack(0x0000002684700000,0x0000002684800000)]
  0x00000194e3979800 JavaThread "Cache worker for cache directory md-rule (C:\Users\ss\.gradle\caches\7.3.3\md-rule)" [_thread_blocked, id=21328, stack(0x0000002684800000,0x0000002684900000)]
  0x00000194e397b9b0 JavaThread "Cache worker for execution history cache (C:\Users\ss\.gradle\caches\7.3.3\executionHistory)" [_thread_blocked, id=20100, stack(0x0000002684900000,0x0000002684a00000)]
  0x00000194e3975e40 JavaThread "jar transforms" [_thread_blocked, id=12376, stack(0x0000002684a00000,0x0000002684b00000)]
  0x00000194e3974160 JavaThread "jar transforms Thread 2" [_thread_blocked, id=2736, stack(0x0000002684d00000,0x0000002684e00000)]
  0x00000194e3979330 JavaThread "Cache worker for file content cache (C:\Users\ss\.gradle\caches\7.3.3\fileContent)" [_thread_blocked, id=6148, stack(0x0000002684e00000,0x0000002684f00000)]
  0x00000194e3976310 JavaThread "jar transforms Thread 3" [_thread_blocked, id=19104, stack(0x0000002684f00000,0x0000002685000000)]
  0x00000194e3977b20 JavaThread "jar transforms Thread 4" [_thread_blocked, id=27012, stack(0x0000002685000000,0x0000002685100000)]
  0x00000194e39784c0 JavaThread "Cache worker for kotlin-dsl (C:\Users\ss\.gradle\caches\7.3.3\kotlin-dsl)" [_thread_blocked, id=6772, stack(0x0000002681d00000,0x0000002681e00000)]
  0x00000194e39754a0 JavaThread "File lock release action executor Thread 2" [_thread_blocked, id=26244, stack(0x0000002681f00000,0x0000002682000000)]
  0x00000194e39767e0 JavaThread "File lock release action executor Thread 3" [_thread_blocked, id=10120, stack(0x0000002684100000,0x0000002684200000)]

Other Threads:
  0x00000194dfedfee0 VMThread "VM Thread" [stack: 0x0000002682500000,0x0000002682600000] [id=18704]
  0x00000194e09cade0 WatcherThread [stack: 0x0000002683100000,0x0000002683200000] [id=12280]
  0x00000194c0680df0 GCTaskThread "GC Thread#0" [stack: 0x0000002682000000,0x0000002682100000] [id=11204]
  0x00000194e12f0960 GCTaskThread "GC Thread#1" [stack: 0x0000002683300000,0x0000002683400000] [id=16276]
  0x00000194e12f0c10 GCTaskThread "GC Thread#2" [stack: 0x0000002683400000,0x0000002683500000] [id=22216]
  0x00000194e0bad630 GCTaskThread "GC Thread#3" [stack: 0x0000002683500000,0x0000002683600000] [id=27444]
  0x00000194c0691ae0 ConcurrentGCThread "G1 Main Marker" [stack: 0x0000002682100000,0x0000002682200000] [id=8140]
  0x00000194c06922a0 ConcurrentGCThread "G1 Conc#0" [stack: 0x0000002682200000,0x0000002682300000] [id=23112]
  0x00000194c06fd6b0 ConcurrentGCThread "G1 Refine#0" [stack: 0x0000002682300000,0x0000002682400000] [id=21908]
  0x00000194c06fde80 ConcurrentGCThread "G1 Service" [stack: 0x0000002682400000,0x0000002682500000] [id=1956]

Threads with active compile tasks:
C2 CompilerThread0   170500 4728       4       org.gradle.launcher.daemon.registry.DaemonStopEvent$Serializer::read (73 bytes)

VM state: not at safepoint (normal execution)

VM Mutex/Monitor currently owned by a thread: None

Heap address: 0x0000000080000000, size: 2048 MB, Compressed Oops mode: 32-bit

CDS archive(s) mapped at: [0x0000000800000000-0x0000000800bd0000-0x0000000800bd0000), size 12386304, SharedBaseAddress: 0x0000000800000000, ArchiveRelocationMode: 0.
Compressed class space mapped at: 0x0000000800c00000-0x000000081a800000, reserved size: 432013312
Narrow klass base: 0x0000000800000000, Narrow klass shift: 0, Narrow klass range: 0x100000000

GC Precious Log:
 CPUs: 4 total, 4 available
 Memory: 16263M
 Large Page Support: Disabled
 NUMA Support: Disabled
 Compressed Oops: Enabled (32-bit)
 Heap Region Size: 1M
 Heap Min Capacity: 8M
 Heap Initial Capacity: 256M
 Heap Max Capacity: 2G
 Pre-touch: Disabled
 Parallel Workers: 4
 Concurrent Workers: 1
 Concurrent Refinement Workers: 4
 Periodic GC: Disabled

Heap:
 garbage-first heap   total 75776K, used 48814K [0x0000000080000000, 0x0000000100000000)
  region size 1024K, 22 young (22528K), 4 survivors (4096K)
 Metaspace       used 34598K, committed 35136K, reserved 454656K
  class space    used 4649K, committed 4864K, reserved 421888K

Heap Regions: E=young(eden), S=young(survivor), O=old, HS=humongous(starts), HC=humongous(continues), CS=collection set, F=free, OA=open archive, CA=closed archive, TAMS=top-at-mark-start (previous, next)
|   0|0x0000000080000000, 0x0000000080100000, 0x0000000080100000|100%|HS|  |TAMS 0x0000000080100000, 0x0000000080000000| Complete 
|   1|0x0000000080100000, 0x0000000080200000, 0x0000000080200000|100%|HC|  |TAMS 0x0000000080200000, 0x0000000080100000| Complete 
|   2|0x0000000080200000, 0x0000000080300000, 0x0000000080300000|100%|HC|  |TAMS 0x0000000080300000, 0x0000000080200000| Complete 
|   3|0x0000000080300000, 0x0000000080400000, 0x0000000080400000|100%| O|  |TAMS 0x0000000080400000, 0x0000000080300000| Untracked 
|   4|0x0000000080400000, 0x0000000080500000, 0x0000000080500000|100%| O|  |TAMS 0x0000000080500000, 0x0000000080400000| Untracked 
|   5|0x0000000080500000, 0x0000000080600000, 0x0000000080600000|100%| O|  |TAMS 0x0000000080600000, 0x0000000080500000| Untracked 
|   6|0x0000000080600000, 0x0000000080700000, 0x0000000080700000|100%| O|  |TAMS 0x0000000080700000, 0x0000000080600000| Untracked 
|   7|0x0000000080700000, 0x0000000080800000, 0x0000000080800000|100%| O|  |TAMS 0x0000000080800000, 0x0000000080700000| Untracked 
|   8|0x0000000080800000, 0x0000000080900000, 0x0000000080900000|100%| O|  |TAMS 0x0000000080800000, 0x0000000080800000| Untracked 
|   9|0x0000000080900000, 0x0000000080a00000, 0x0000000080a00000|100%| O|  |TAMS 0x0000000080a00000, 0x0000000080900000| Untracked 
|  10|0x0000000080a00000, 0x0000000080abca00, 0x0000000080b00000| 73%| O|  |TAMS 0x0000000080abca00, 0x0000000080a00000| Untracked 
|  11|0x0000000080b00000, 0x0000000080c00000, 0x0000000080c00000|100%| O|  |TAMS 0x0000000080b00000, 0x0000000080b00000| Untracked 
|  12|0x0000000080c00000, 0x0000000080d00000, 0x0000000080d00000|100%| O|  |TAMS 0x0000000080c00000, 0x0000000080c00000| Untracked 
|  13|0x0000000080d00000, 0x0000000080e00000, 0x0000000080e00000|100%| O|  |TAMS 0x0000000080d00000, 0x0000000080d00000| Untracked 
|  14|0x0000000080e00000, 0x0000000080f00000, 0x0000000080f00000|100%| O|  |TAMS 0x0000000080e00000, 0x0000000080e00000| Untracked 
|  15|0x0000000080f00000, 0x0000000081000000, 0x0000000081000000|100%| O|  |TAMS 0x0000000080f00000, 0x0000000080f00000| Untracked 
|  16|0x0000000081000000, 0x0000000081100000, 0x0000000081100000|100%| O|  |TAMS 0x0000000081000000, 0x0000000081000000| Untracked 
|  17|0x0000000081100000, 0x0000000081200000, 0x0000000081200000|100%| O|  |TAMS 0x0000000081100000, 0x0000000081100000| Untracked 
|  18|0x0000000081200000, 0x0000000081300000, 0x0000000081300000|100%| O|  |TAMS 0x0000000081200000, 0x0000000081200000| Untracked 
|  19|0x0000000081300000, 0x0000000081400000, 0x0000000081400000|100%| O|  |TAMS 0x0000000081300000, 0x0000000081300000| Untracked 
|  20|0x0000000081400000, 0x0000000081500000, 0x0000000081500000|100%| O|  |TAMS 0x0000000081400000, 0x0000000081400000| Untracked 
|  21|0x0000000081500000, 0x0000000081600000, 0x0000000081600000|100%| O|  |TAMS 0x0000000081500000, 0x0000000081500000| Untracked 
|  22|0x0000000081600000, 0x0000000081700000, 0x0000000081700000|100%| O|  |TAMS 0x0000000081600000, 0x0000000081600000| Untracked 
|  23|0x0000000081700000, 0x000000008175dc00, 0x0000000081800000| 36%| O|  |TAMS 0x0000000081700000, 0x0000000081700000| Untracked 
|  24|0x0000000081800000, 0x0000000081900000, 0x0000000081900000|100%| O|  |TAMS 0x0000000081800000, 0x0000000081800000| Untracked 
|  25|0x0000000081900000, 0x0000000081a00000, 0x0000000081a00000|100%|HS|  |TAMS 0x0000000081900000, 0x0000000081900000| Complete 
|  26|0x0000000081a00000, 0x0000000081a00000, 0x0000000081b00000|  0%| F|  |TAMS 0x0000000081a00000, 0x0000000081a00000| Untracked 
|  27|0x0000000081b00000, 0x0000000081b00000, 0x0000000081c00000|  0%| F|  |TAMS 0x0000000081b00000, 0x0000000081b00000| Untracked 
|  28|0x0000000081c00000, 0x0000000081c00000, 0x0000000081d00000|  0%| F|  |TAMS 0x0000000081c00000, 0x0000000081c00000| Untracked 
|  29|0x0000000081d00000, 0x0000000081d00000, 0x0000000081e00000|  0%| F|  |TAMS 0x0000000081d00000, 0x0000000081d00000| Untracked 
|  30|0x0000000081e00000, 0x0000000081f00000, 0x0000000081f00000|100%| O|  |TAMS 0x0000000081e00000, 0x0000000081e00000| Untracked 
|  31|0x0000000081f00000, 0x0000000082000000, 0x0000000082000000|100%| O|  |TAMS 0x0000000081f00000, 0x0000000081f00000| Untracked 
|  32|0x0000000082000000, 0x0000000082100000, 0x0000000082100000|100%| O|  |TAMS 0x0000000082000000, 0x0000000082000000| Untracked 
|  33|0x0000000082100000, 0x0000000082100000, 0x0000000082200000|  0%| F|  |TAMS 0x0000000082100000, 0x0000000082100000| Untracked 
|  34|0x0000000082200000, 0x0000000082200000, 0x0000000082300000|  0%| F|  |TAMS 0x0000000082200000, 0x0000000082200000| Untracked 
|  35|0x0000000082300000, 0x0000000082300000, 0x0000000082400000|  0%| F|  |TAMS 0x0000000082300000, 0x0000000082300000| Untracked 
|  36|0x0000000082400000, 0x0000000082400000, 0x0000000082500000|  0%| F|  |TAMS 0x0000000082400000, 0x0000000082400000| Untracked 
|  37|0x0000000082500000, 0x0000000082500000, 0x0000000082600000|  0%| F|  |TAMS 0x0000000082500000, 0x0000000082500000| Untracked 
|  38|0x0000000082600000, 0x0000000082600000, 0x0000000082700000|  0%| F|  |TAMS 0x0000000082600000, 0x0000000082600000| Untracked 
|  39|0x0000000082700000, 0x0000000082700000, 0x0000000082800000|  0%| F|  |TAMS 0x0000000082700000, 0x0000000082700000| Untracked 
|  40|0x0000000082800000, 0x0000000082800000, 0x0000000082900000|  0%| F|  |TAMS 0x0000000082800000, 0x0000000082800000| Untracked 
|  41|0x0000000082900000, 0x00000000829912f0, 0x0000000082a00000| 56%| S|CS|TAMS 0x0000000082900000, 0x0000000082900000| Complete 
|  42|0x0000000082a00000, 0x0000000082a00000, 0x0000000082b00000|  0%| F|  |TAMS 0x0000000082a00000, 0x0000000082a00000| Untracked 
|  43|0x0000000082b00000, 0x0000000082c00000, 0x0000000082c00000|100%| S|CS|TAMS 0x0000000082b00000, 0x0000000082b00000| Complete 
|  44|0x0000000082c00000, 0x0000000082d00000, 0x0000000082d00000|100%| S|CS|TAMS 0x0000000082c00000, 0x0000000082c00000| Complete 
|  45|0x0000000082d00000, 0x0000000082e00000, 0x0000000082e00000|100%| S|CS|TAMS 0x0000000082d00000, 0x0000000082d00000| Complete 
|  46|0x0000000082e00000, 0x0000000082e00000, 0x0000000082f00000|  0%| F|  |TAMS 0x0000000082e00000, 0x0000000082e00000| Untracked 
|  47|0x0000000082f00000, 0x0000000082f00000, 0x0000000083000000|  0%| F|  |TAMS 0x0000000082f00000, 0x0000000082f00000| Untracked 
|  48|0x0000000083000000, 0x0000000083000000, 0x0000000083100000|  0%| F|  |TAMS 0x0000000083000000, 0x0000000083000000| Untracked 
|  49|0x0000000083100000, 0x0000000083100000, 0x0000000083200000|  0%| F|  |TAMS 0x0000000083100000, 0x0000000083100000| Untracked 
|  50|0x0000000083200000, 0x0000000083200000, 0x0000000083300000|  0%| F|  |TAMS 0x0000000083200000, 0x0000000083200000| Untracked 
|  51|0x0000000083300000, 0x0000000083300000, 0x0000000083400000|  0%| F|  |TAMS 0x0000000083300000, 0x0000000083300000| Untracked 
|  52|0x0000000083400000, 0x0000000083400000, 0x0000000083500000|  0%| F|  |TAMS 0x0000000083400000, 0x0000000083400000| Untracked 
|  53|0x0000000083500000, 0x0000000083500000, 0x0000000083600000|  0%| F|  |TAMS 0x0000000083500000, 0x0000000083500000| Untracked 
|  54|0x0000000083600000, 0x0000000083600000, 0x0000000083700000|  0%| F|  |TAMS 0x0000000083600000, 0x0000000083600000| Untracked 
|  55|0x0000000083700000, 0x0000000083700000, 0x0000000083800000|  0%| F|  |TAMS 0x0000000083700000, 0x0000000083700000| Untracked 
|  56|0x0000000083800000, 0x00000000838a0ec8, 0x0000000083900000| 62%| E|  |TAMS 0x0000000083800000, 0x0000000083800000| Complete 
|  57|0x0000000083900000, 0x0000000083a00000, 0x0000000083a00000|100%| E|CS|TAMS 0x0000000083900000, 0x0000000083900000| Complete 
|  58|0x0000000083a00000, 0x0000000083b00000, 0x0000000083b00000|100%| E|CS|TAMS 0x0000000083a00000, 0x0000000083a00000| Complete 
|  59|0x0000000083b00000, 0x0000000083c00000, 0x0000000083c00000|100%| E|CS|TAMS 0x0000000083b00000, 0x0000000083b00000| Complete 
|  60|0x0000000083c00000, 0x0000000083d00000, 0x0000000083d00000|100%| E|CS|TAMS 0x0000000083c00000, 0x0000000083c00000| Complete 
|  61|0x0000000083d00000, 0x0000000083e00000, 0x0000000083e00000|100%| E|  |TAMS 0x0000000083d00000, 0x0000000083d00000| Complete 
| 142|0x0000000088e00000, 0x0000000088f00000, 0x0000000088f00000|100%| E|CS|TAMS 0x0000000088e00000, 0x0000000088e00000| Complete 
| 143|0x0000000088f00000, 0x0000000089000000, 0x0000000089000000|100%| E|CS|TAMS 0x0000000088f00000, 0x0000000088f00000| Complete 
| 144|0x0000000089000000, 0x0000000089100000, 0x0000000089100000|100%| E|CS|TAMS 0x0000000089000000, 0x0000000089000000| Complete 
| 145|0x0000000089100000, 0x0000000089200000, 0x0000000089200000|100%| E|CS|TAMS 0x0000000089100000, 0x0000000089100000| Complete 
| 146|0x0000000089200000, 0x0000000089300000, 0x0000000089300000|100%| E|CS|TAMS 0x0000000089200000, 0x0000000089200000| Complete 
| 147|0x0000000089300000, 0x0000000089400000, 0x0000000089400000|100%| E|CS|TAMS 0x0000000089300000, 0x0000000089300000| Complete 
| 148|0x0000000089400000, 0x0000000089500000, 0x0000000089500000|100%| E|CS|TAMS 0x0000000089400000, 0x0000000089400000| Complete 
| 149|0x0000000089500000, 0x0000000089600000, 0x0000000089600000|100%| E|CS|TAMS 0x0000000089500000, 0x0000000089500000| Complete 
| 150|0x0000000089600000, 0x0000000089700000, 0x0000000089700000|100%| E|CS|TAMS 0x0000000089600000, 0x0000000089600000| Complete 
| 151|0x0000000089700000, 0x0000000089800000, 0x0000000089800000|100%| E|CS|TAMS 0x0000000089700000, 0x0000000089700000| Complete 
| 152|0x0000000089800000, 0x0000000089900000, 0x0000000089900000|100%| E|CS|TAMS 0x0000000089800000, 0x0000000089800000| Complete 
| 255|0x000000008ff00000, 0x0000000090000000, 0x0000000090000000|100%| E|CS|TAMS 0x000000008ff00000, 0x000000008ff00000| Complete 

Card table byte_map: [0x00000194d9100000,0x00000194d9500000] _byte_map_base: 0x00000194d8d00000

Marking Bits (Prev, Next): (CMBitMap*) 0x00000194c06811f0, (CMBitMap*) 0x00000194c06811b0
 Prev Bits: [0x00000194db900000, 0x00000194dd900000)
 Next Bits: [0x00000194d9900000, 0x00000194db900000)

Polling page: 0x00000194c04f0000

Metaspace:

Usage:
  Non-class:     29.25 MB used.
      Class:      4.54 MB used.
       Both:     33.79 MB used.

Virtual space:
  Non-class space:       32.00 MB reserved,      29.56 MB ( 92%) committed,  4 nodes.
      Class space:      412.00 MB reserved,       4.75 MB (  1%) committed,  1 nodes.
             Both:      444.00 MB reserved,      34.31 MB (  8%) committed. 

Chunk freelists:
   Non-Class:  1.78 MB
       Class:  3.28 MB
        Both:  5.07 MB

MaxMetaspaceSize: 512.00 MB
CompressedClassSpaceSize: 412.00 MB
Initial GC threshold: 21.00 MB
Current GC threshold: 35.25 MB
CDS: on
MetaspaceReclaimPolicy: balanced
 - commit_granule_bytes: 65536.
 - commit_granule_words: 8192.
 - virtual_space_node_default_size: 1048576.
 - enlarge_chunks_in_place: 1.
 - new_chunks_are_fully_committed: 0.
 - uncommit_free_chunks: 1.
 - use_allocation_guard: 0.
 - handle_deallocations: 1.


Internal statistics:

num_allocs_failed_limit: 3.
num_arena_births: 488.
num_arena_deaths: 0.
num_vsnodes_births: 5.
num_vsnodes_deaths: 0.
num_space_committed: 549.
num_space_uncommitted: 0.
num_chunks_returned_to_freelist: 3.
num_chunks_taken_from_freelist: 1731.
num_chunk_merges: 3.
num_chunk_splits: 1165.
num_chunks_enlarged: 808.
num_purges: 0.
num_inconsistent_stats: 0.

CodeHeap 'non-profiled nmethods': size=120000Kb used=2825Kb max_used=2825Kb free=117174Kb
 bounds [0x00000194d11b0000, 0x00000194d1480000, 0x00000194d86e0000]
CodeHeap 'profiled nmethods': size=120000Kb used=9853Kb max_used=9853Kb free=110146Kb
 bounds [0x00000194c96e0000, 0x00000194ca080000, 0x00000194d0c10000]
CodeHeap 'non-nmethods': size=5760Kb used=2284Kb max_used=2350Kb free=3475Kb
 bounds [0x00000194d0c10000, 0x00000194d0e80000, 0x00000194d11b0000]
 total_blobs=5505 nmethods=4711 adapters=706
 compilation: enabled
              stopped_count=0, restarted_count=0
 full_count=0

Compilation events (20 events):
Event: 162.739 Thread 0x00000194dff09760 nmethod 4717 0x00000194d1470c10 code [0x00000194d1470da0, 0x00000194d1470e78]
Event: 162.740 Thread 0x00000194dff06da0 4719       4       jdk.internal.org.objectweb.asm.ByteVector::putInt (74 bytes)
Event: 162.741 Thread 0x00000194dff06da0 nmethod 4719 0x00000194d1471210 code [0x00000194d1471380, 0x00000194d14714d8]
Event: 162.833 Thread 0x00000194dff09760 4720       3       java.lang.invoke.BoundMethodHandle::rebind (14 bytes)
Event: 162.834 Thread 0x00000194dff09760 nmethod 4720 0x00000194ca07c190 code [0x00000194ca07c380, 0x00000194ca07c8e8]
Event: 162.837 Thread 0x00000194dff09760 4721       3       com.google.common.collect.ImmutableList::asImmutableList (60 bytes)
Event: 162.838 Thread 0x00000194dff09760 nmethod 4721 0x00000194ca07cb10 code [0x00000194ca07cd60, 0x00000194ca07d798]
Event: 162.842 Thread 0x00000194dff06da0 4722       4       com.google.common.collect.Iterators::emptyListIterator (4 bytes)
Event: 162.842 Thread 0x00000194dff06da0 nmethod 4722 0x00000194d1471610 code [0x00000194d1471780, 0x00000194d14717d8]
Event: 162.981 Thread 0x00000194dff06da0 4723       4       java.security.CodeSource::<init> (52 bytes)
Event: 162.984 Thread 0x00000194dff06da0 nmethod 4723 0x00000194d1471910 code [0x00000194d1471aa0, 0x00000194d1471e68]
Event: 162.990 Thread 0x00000194dff09760 4724       3       java.lang.ThreadLocal$ThreadLocalMap::expungeStaleEntry (146 bytes)
Event: 162.991 Thread 0x00000194dff09760 nmethod 4724 0x00000194ca07db10 code [0x00000194ca07dd40, 0x00000194ca07eb58]
Event: 162.999 Thread 0x00000194dff09760 4725       3       java.io.DataOutputStream::<init> (19 bytes)
Event: 163.000 Thread 0x00000194dff09760 nmethod 4725 0x00000194ca07ee90 code [0x00000194ca07f060, 0x00000194ca07f538]
Event: 167.650 Thread 0x00000194dff06da0 4726       4       java.util.stream.Sink$ChainedReference::cancellationRequested (10 bytes)
Event: 167.650 Thread 0x00000194dff06da0 nmethod 4726 0x00000194d1471f90 code [0x00000194d1472100, 0x00000194d1472198]
Event: 168.487 Thread 0x00000194dff06da0 4727       4       java.util.concurrent.locks.ReentrantLock$Sync::isHeldExclusively (16 bytes)
Event: 168.488 Thread 0x00000194dff06da0 nmethod 4727 0x00000194d1472290 code [0x00000194d1472400, 0x00000194d1472498]
Event: 170.452 Thread 0x00000194dff06da0 4728       4       org.gradle.launcher.daemon.registry.DaemonStopEvent$Serializer::read (73 bytes)

GC Heap History (16 events):
Event: 3.713 GC heap before
{Heap before GC invocations=0 (full 0):
 garbage-first heap   total 262144K, used 15360K [0x0000000080000000, 0x0000000100000000)
  region size 1024K, 13 young (13312K), 0 survivors (0K)
 Metaspace       used 953K, committed 1088K, reserved 430080K
  class space    used 73K, committed 128K, reserved 421888K
}
Event: 4.310 GC heap after
{Heap after GC invocations=1 (full 0):
 garbage-first heap   total 262144K, used 3975K [0x0000000080000000, 0x0000000100000000)
  region size 1024K, 2 young (2048K), 2 survivors (2048K)
 Metaspace       used 953K, committed 1088K, reserved 430080K
  class space    used 73K, committed 128K, reserved 421888K
}
Event: 6.285 GC heap before
{Heap before GC invocations=1 (full 0):
 garbage-first heap   total 262144K, used 20359K [0x0000000080000000, 0x0000000100000000)
  region size 1024K, 16 young (16384K), 2 survivors (2048K)
 Metaspace       used 3806K, committed 4032K, reserved 430080K
  class space    used 472K, committed 576K, reserved 421888K
}
Event: 6.289 GC heap after
{Heap after GC invocations=2 (full 0):
 garbage-first heap   total 262144K, used 9372K [0x0000000080000000, 0x0000000100000000)
  region size 1024K, 2 young (2048K), 2 survivors (2048K)
 Metaspace       used 3806K, committed 4032K, reserved 430080K
  class space    used 472K, committed 576K, reserved 421888K
}
Event: 11.628 GC heap before
{Heap before GC invocations=2 (full 0):
 garbage-first heap   total 262144K, used 31900K [0x0000000080000000, 0x0000000100000000)
  region size 1024K, 23 young (23552K), 2 survivors (2048K)
 Metaspace       used 3928K, committed 4160K, reserved 430080K
  class space    used 474K, committed 576K, reserved 421888K
}
Event: 11.632 GC heap after
{Heap after GC invocations=3 (full 0):
 garbage-first heap   total 262144K, used 13042K [0x0000000080000000, 0x0000000100000000)
  region size 1024K, 3 young (3072K), 3 survivors (3072K)
 Metaspace       used 3928K, committed 4160K, reserved 430080K
  class space    used 474K, committed 576K, reserved 421888K
}
Event: 30.961 GC heap before
{Heap before GC invocations=3 (full 0):
 garbage-first heap   total 262144K, used 114418K [0x0000000080000000, 0x0000000100000000)
  region size 1024K, 103 young (105472K), 3 survivors (3072K)
 Metaspace       used 21264K, committed 21504K, reserved 446464K
  class space    used 3124K, committed 3264K, reserved 421888K
}
Event: 30.977 GC heap after
{Heap after GC invocations=4 (full 0):
 garbage-first heap   total 262144K, used 20909K [0x0000000080000000, 0x0000000100000000)
  region size 1024K, 11 young (11264K), 11 survivors (11264K)
 Metaspace       used 21264K, committed 21504K, reserved 446464K
  class space    used 3124K, committed 3264K, reserved 421888K
}
Event: 36.501 GC heap before
{Heap before GC invocations=5 (full 0):
 garbage-first heap   total 75776K, used 53677K [0x0000000080000000, 0x0000000100000000)
  region size 1024K, 44 young (45056K), 11 survivors (11264K)
 Metaspace       used 27820K, committed 28096K, reserved 446464K
  class space    used 3871K, committed 3968K, reserved 421888K
}
Event: 36.516 GC heap after
{Heap after GC invocations=6 (full 0):
 garbage-first heap   total 75776K, used 25894K [0x0000000080000000, 0x0000000100000000)
  region size 1024K, 5 young (5120K), 5 survivors (5120K)
 Metaspace       used 27820K, committed 28096K, reserved 446464K
  class space    used 3871K, committed 3968K, reserved 421888K
}
Event: 50.453 GC heap before
{Heap before GC invocations=6 (full 0):
 garbage-first heap   total 75776K, used 56614K [0x0000000080000000, 0x0000000100000000)
  region size 1024K, 33 young (33792K), 5 survivors (5120K)
 Metaspace       used 30459K, committed 30784K, reserved 454656K
  class space    used 4141K, committed 4288K, reserved 421888K
}
Event: 50.460 GC heap after
{Heap after GC invocations=7 (full 0):
 garbage-first heap   total 75776K, used 27745K [0x0000000080000000, 0x0000000100000000)
  region size 1024K, 3 young (3072K), 3 survivors (3072K)
 Metaspace       used 30459K, committed 30784K, reserved 454656K
  class space    used 4141K, committed 4288K, reserved 421888K
}
Event: 65.679 GC heap before
{Heap before GC invocations=7 (full 0):
 garbage-first heap   total 75776K, used 55393K [0x0000000080000000, 0x0000000100000000)
  region size 1024K, 30 young (30720K), 3 survivors (3072K)
 Metaspace       used 31516K, committed 31936K, reserved 454656K
  class space    used 4295K, committed 4480K, reserved 421888K
}
Event: 65.687 GC heap after
{Heap after GC invocations=8 (full 0):
 garbage-first heap   total 75776K, used 29769K [0x0000000080000000, 0x0000000100000000)
  region size 1024K, 2 young (2048K), 2 survivors (2048K)
 Metaspace       used 31516K, committed 31936K, reserved 454656K
  class space    used 4295K, committed 4480K, reserved 421888K
}
Event: 161.463 GC heap before
{Heap before GC invocations=8 (full 0):
 garbage-first heap   total 75776K, used 57417K [0x0000000080000000, 0x0000000100000000)
  region size 1024K, 29 young (29696K), 2 survivors (2048K)
 Metaspace       used 33005K, committed 33536K, reserved 454656K
  class space    used 4505K, committed 4736K, reserved 421888K
}
Event: 161.469 GC heap after
{Heap after GC invocations=9 (full 0):
 garbage-first heap   total 75776K, used 31406K [0x0000000080000000, 0x0000000100000000)
  region size 1024K, 4 young (4096K), 4 survivors (4096K)
 Metaspace       used 33005K, committed 33536K, reserved 454656K
  class space    used 4505K, committed 4736K, reserved 421888K
}

Deoptimization events (20 events):
Event: 152.221 Thread 0x00000194e1413670 Uncommon trap: trap_request=0xffffff45 fr.pc=0x00000194d11fb764 relative=0x0000000000000524
Event: 152.221 Thread 0x00000194e1413670 Uncommon trap: reason=unstable_if action=reinterpret pc=0x00000194d11fb764 method=java.lang.AbstractStringBuilder.putStringAt(ILjava/lang/String;II)V @ 8 c2
Event: 152.221 Thread 0x00000194e1413670 DEOPT PACKING pc=0x00000194d11fb764 sp=0x0000002683bf8450
Event: 152.221 Thread 0x00000194e1413670 DEOPT UNPACKING pc=0x00000194d0c623a3 sp=0x0000002683bf8340 mode 2
Event: 152.222 Thread 0x00000194e1413670 Uncommon trap: trap_request=0xffffff45 fr.pc=0x00000194d11fbfd4 relative=0x0000000000000134
Event: 152.222 Thread 0x00000194e1413670 Uncommon trap: reason=unstable_if action=reinterpret pc=0x00000194d11fbfd4 method=java.lang.AbstractStringBuilder.putStringAt(ILjava/lang/String;II)V @ 8 c2
Event: 152.222 Thread 0x00000194e1413670 DEOPT PACKING pc=0x00000194d11fbfd4 sp=0x0000002683bf8400
Event: 152.222 Thread 0x00000194e1413670 DEOPT UNPACKING pc=0x00000194d0c623a3 sp=0x0000002683bf8348 mode 2
Event: 152.482 Thread 0x00000194e1413670 Uncommon trap: trap_request=0xffffff45 fr.pc=0x00000194d14399ec relative=0x00000000000004cc
Event: 152.482 Thread 0x00000194e1413670 Uncommon trap: reason=unstable_if action=reinterpret pc=0x00000194d14399ec method=java.lang.StringUTF16.compress([CII)[B @ 13 c2
Event: 152.482 Thread 0x00000194e1413670 DEOPT PACKING pc=0x00000194d14399ec sp=0x0000002683bf7d60
Event: 152.482 Thread 0x00000194e1413670 DEOPT UNPACKING pc=0x00000194d0c623a3 sp=0x0000002683bf7c48 mode 2
Event: 161.236 Thread 0x00000194e1413670 Uncommon trap: trap_request=0xffffffcc fr.pc=0x00000194d144fa04 relative=0x0000000000000364
Event: 161.236 Thread 0x00000194e1413670 Uncommon trap: reason=intrinsic_or_type_checked_inlining action=make_not_entrant pc=0x00000194d144fa04 method=java.util.Arrays.copyOf([Ljava/lang/Object;ILjava/lang/Class;)[Ljava/lang/Object; @ 35 c2
Event: 161.236 Thread 0x00000194e1413670 DEOPT PACKING pc=0x00000194d144fa04 sp=0x0000002683bf8d70
Event: 161.236 Thread 0x00000194e1413670 DEOPT UNPACKING pc=0x00000194d0c623a3 sp=0x0000002683bf8d18 mode 2
Event: 161.237 Thread 0x00000194e1413670 Uncommon trap: trap_request=0xffffff45 fr.pc=0x00000194d144b7b8 relative=0x00000000000004d8
Event: 161.237 Thread 0x00000194e1413670 Uncommon trap: reason=unstable_if action=reinterpret pc=0x00000194d144b7b8 method=jdk.internal.org.objectweb.asm.MethodWriter.visitVarInsn(II)V @ 230 c2
Event: 161.237 Thread 0x00000194e1413670 DEOPT PACKING pc=0x00000194d144b7b8 sp=0x0000002683bf8eb0
Event: 161.237 Thread 0x00000194e1413670 DEOPT UNPACKING pc=0x00000194d0c623a3 sp=0x0000002683bf8e70 mode 2

Classes unloaded (0 events):
No events

Classes redefined (0 events):
No events

Internal exceptions (20 events):
Event: 152.525 Thread 0x00000194e1413670 Exception <a 'java/lang/ClassNotFoundException'{0x00000000839be808}: org/gradle/internal/logging/slf4j/BuildOperationAwareLoggerCustomizer> (0x00000000839be808) 
thrown [s\open\src\hotspot\share\classfile\systemDictionary.cpp, line 256]
Event: 152.528 Thread 0x00000194e1413670 Exception <a 'java/lang/ClassNotFoundException'{0x00000000839ffcb0}: org/gradle/internal/logging/slf4j/OutputEventListenerBackedLoggerCustomizer> (0x00000000839ffcb0) 
thrown [s\open\src\hotspot\share\classfile\systemDictionary.cpp, line 256]
Event: 161.118 Thread 0x00000194e1413670 Exception <a 'java/lang/NoSuchMethodError'{0x00000000834144f8}: 'java.lang.Object java.lang.invoke.DirectMethodHandle$Holder.invokeSpecial(java.lang.Object, java.lang.Object, java.lang.Object, java.lang.Object, java.lang.Object, java.lang.Object, java.lang.Object, java.lang.Object, java.lang.Object, java.lang.Object)'> (0x00000000834144f8) 
thrown [s\open\src\hotspot\share\interpreter\linkResolver.cpp, line 759]
Event: 161.120 Thread 0x00000194e1413670 Exception <a 'java/lang/NoSuchMethodError'{0x000000008341d378}: 'java.lang.Object java.lang.invoke.Invokers$Holder.invoker(java.lang.Object, java.lang.Object, java.lang.Object, java.lang.Object, java.lang.Object, java.lang.Object, java.lang.Object, java.lang.Object, java.lang.Object)'> (0x000000008341d378) 
thrown [s\open\src\hotspot\share\interpreter\linkResolver.cpp, line 759]
Event: 161.141 Thread 0x00000194e1413670 Exception <a 'java/lang/NoSuchMethodError'{0x000000008349aa98}: 'java.lang.Object java.lang.invoke.Invokers$Holder.invoker(java.lang.Object, java.lang.Object, java.lang.Object, java.lang.Object)'> (0x000000008349aa98) 
thrown [s\open\src\hotspot\share\interpreter\linkResolver.cpp, line 759]
Event: 161.224 Thread 0x00000194e1413670 Exception <a 'java/lang/NoSuchMethodError'{0x0000000083328668}: 'java.lang.Object java.lang.invoke.DelegatingMethodHandle$Holder.reinvoke_L(java.lang.Object, java.lang.Object, java.lang.Object, java.lang.Object, java.lang.Object, java.lang.Object, java.lang.Object, java.lang.Object, java.lang.Object, java.lang.Object, java.lang.Object, java.lang.Object, java.lang.Object, java.lang.Object, java.lang.Object, java.lang.Object, java.lang.Object, java.lang.Object, java.lang.Object, java.lang.Object, java.lang.O
Event: 161.225 Thread 0x00000194e1413670 Exception <a 'java/lang/NoSuchMethodError'{0x00000000833337a8}: 'java.lang.Object java.lang.invoke.Invokers$Holder.invoker(java.lang.Object, java.lang.Object, java.lang.Object, java.lang.Object, java.lang.Object, java.lang.Object, java.lang.Object, java.lang.Object, java.lang.Object, java.lang.Object, java.lang.Object, java.lang.Object, java.lang.Object, java.lang.Object, java.lang.Object, java.lang.Object, java.lang.Object, java.lang.Object, java.lang.Object, java.lang.Object, java.lang.Object)'> (0x00000
Event: 161.226 Thread 0x00000194e1413670 Exception <a 'java/lang/NoSuchMethodError'{0x000000008333a408}: 'java.lang.Object java.lang.invoke.DelegatingMethodHandle$Holder.delegate(java.lang.Object, java.lang.Object, java.lang.Object, java.lang.Object, java.lang.Object, java.lang.Object, java.lang.Object, java.lang.Object, java.lang.Object, java.lang.Object, java.lang.Object, java.lang.Object, java.lang.Object, java.lang.Object, java.lang.Object, java.lang.Object, java.lang.Object, java.lang.Object, java.lang.Object, java.lang.Object, java.lang.Obj
Event: 161.237 Thread 0x00000194e1413670 Exception <a 'java/lang/NoSuchMethodError'{0x00000000833ae650}: 'java.lang.Object java.lang.invoke.DirectMethodHandle$Holder.invokeStatic(java.lang.Object, java.lang.Object, java.lang.Object, java.lang.Object, java.lang.Object, java.lang.Object, java.lang.Object, java.lang.Object, java.lang.Object, java.lang.Object, java.lang.Object, java.lang.Object, java.lang.Object, java.lang.Object, java.lang.Object, java.lang.Object, java.lang.Object)'> (0x00000000833ae650) 
thrown [s\open\src\hotspot\share\interprete
Event: 161.240 Thread 0x00000194e1413670 Exception <a 'java/lang/NoSuchMethodError'{0x00000000833d60f8}: 'java.lang.Object java.lang.invoke.DirectMethodHandle$Holder.invokeStatic(java.lang.Object, java.lang.Object, java.lang.Object, java.lang.Object, java.lang.Object, java.lang.Object, java.lang.Object, java.lang.Object, java.lang.Object, java.lang.Object, java.lang.Object, java.lang.Object, java.lang.Object, java.lang.Object, java.lang.Object, java.lang.Object, java.lang.Object, java.lang.Object)'> (0x00000000833d60f8) 
thrown [s\open\src\hotspo
Event: 161.243 Thread 0x00000194e1413670 Exception <a 'java/lang/NoSuchMethodError'{0x00000000833fe988}: 'java.lang.Object java.lang.invoke.DirectMethodHandle$Holder.invokeStatic(java.lang.Object, java.lang.Object, java.lang.Object, java.lang.Object, java.lang.Object, java.lang.Object, java.lang.Object, java.lang.Object, java.lang.Object, java.lang.Object, java.lang.Object, java.lang.Object, java.lang.Object, java.lang.Object, java.lang.Object, java.lang.Object, java.lang.Object, java.lang.Object, java.lang.Object)'> (0x00000000833fe988) 
thrown 
Event: 161.246 Thread 0x00000194e1413670 Exception <a 'java/lang/NoSuchMethodError'{0x0000000083228688}: 'java.lang.Object java.lang.invoke.DirectMethodHandle$Holder.invokeStatic(java.lang.Object, java.lang.Object, java.lang.Object, java.lang.Object, java.lang.Object, java.lang.Object, java.lang.Object, java.lang.Object, java.lang.Object, java.lang.Object, java.lang.Object, java.lang.Object, java.lang.Object, java.lang.Object, java.lang.Object, java.lang.Object, java.lang.Object, java.lang.Object, java.lang.Object, java.lang.Object)'> (0x00000000
Event: 161.249 Thread 0x00000194e1413670 Exception <a 'java/lang/NoSuchMethodError'{0x0000000083252880}: 'java.lang.Object java.lang.invoke.DirectMethodHandle$Holder.invokeStatic(java.lang.Object, java.lang.Object, java.lang.Object, java.lang.Object, java.lang.Object, java.lang.Object, java.lang.Object, java.lang.Object, java.lang.Object, java.lang.Object, java.lang.Object, java.lang.Object, java.lang.Object, java.lang.Object, java.lang.Object, java.lang.Object, java.lang.Object, java.lang.Object, java.lang.Object, java.lang.Object, java.lang.Obj
Event: 161.251 Thread 0x00000194e1413670 Exception <a 'java/lang/NoSuchMethodError'{0x000000008327e088}: 'java.lang.Object java.lang.invoke.DirectMethodHandle$Holder.invokeStatic(java.lang.Object, java.lang.Object, java.lang.Object, java.lang.Object, java.lang.Object, java.lang.Object, java.lang.Object, java.lang.Object, java.lang.Object, java.lang.Object, java.lang.Object, java.lang.Object, java.lang.Object, java.lang.Object, java.lang.Object, java.lang.Object, java.lang.Object, java.lang.Object, java.lang.Object, java.lang.Object, java.lang.Obj
Event: 161.325 Thread 0x00000194e1413670 Exception <a 'java/lang/NoSuchMethodError'{0x00000000832aae28}: 'java.lang.Object java.lang.invoke.DirectMethodHandle$Holder.invokeStatic(java.lang.Object, java.lang.Object, java.lang.Object, java.lang.Object, java.lang.Object, java.lang.Object, java.lang.Object, java.lang.Object, java.lang.Object, java.lang.Object, java.lang.Object, java.lang.Object, java.lang.Object, java.lang.Object, java.lang.Object, java.lang.Object, java.lang.Object, java.lang.Object, java.lang.Object, java.lang.Object, java.lang.Obj
Event: 161.329 Thread 0x00000194e1413670 Exception <a 'java/lang/NoSuchMethodError'{0x00000000832d94b8}: 'java.lang.Object java.lang.invoke.DirectMethodHandle$Holder.invokeStatic(java.lang.Object, java.lang.Object, java.lang.Object, java.lang.Object, java.lang.Object, java.lang.Object, java.lang.Object, java.lang.Object, java.lang.Object, java.lang.Object, java.lang.Object, java.lang.Object, java.lang.Object, java.lang.Object, java.lang.Object, java.lang.Object, java.lang.Object, java.lang.Object, java.lang.Object, java.lang.Object, java.lang.Obj
Event: 161.946 Thread 0x00000194e1413670 Exception <a 'java/lang/IncompatibleClassChangeError'{0x00000000891b1e20}: Found class java.lang.Object, but interface was expected> (0x00000000891b1e20) 
thrown [s\open\src\hotspot\share\interpreter\linkResolver.cpp, line 826]
Event: 162.721 Thread 0x00000194e1413670 Exception <a 'java/lang/IncompatibleClassChangeError'{0x0000000083c63b60}: Found class java.lang.Object, but interface was expected> (0x0000000083c63b60) 
thrown [s\open\src\hotspot\share\interpreter\linkResolver.cpp, line 826]
Event: 162.739 Thread 0x00000194e1413670 Exception <a 'java/lang/NoSuchMethodError'{0x0000000083cfa058}: 'void java.lang.invoke.DirectMethodHandle$Holder.invokeStatic(java.lang.Object, java.lang.Object, java.lang.Object, java.lang.Object, java.lang.Object, java.lang.Object)'> (0x0000000083cfa058) 
thrown [s\open\src\hotspot\share\interpreter\linkResolver.cpp, line 759]
Event: 162.831 Thread 0x00000194e1413670 Exception <a 'java/lang/NoSuchMethodError'{0x0000000083bf38b8}: 'int java.lang.invoke.DirectMethodHandle$Holder.invokeStaticInit(java.lang.Object, java.lang.Object, java.lang.Object, java.lang.Object, java.lang.Object)'> (0x0000000083bf38b8) 
thrown [s\open\src\hotspot\share\interpreter\linkResolver.cpp, line 759]

VM Operations (20 events):
Event: 151.350 Executing VM operation: Cleanup
Event: 151.350 Executing VM operation: Cleanup done
Event: 153.360 Executing VM operation: Cleanup
Event: 153.360 Executing VM operation: Cleanup done
Event: 161.413 Executing VM operation: Cleanup
Event: 161.446 Executing VM operation: Cleanup done
Event: 161.462 Executing VM operation: G1CollectForAllocation
Event: 161.469 Executing VM operation: G1CollectForAllocation done
Event: 161.960 Executing VM operation: HandshakeAllThreads
Event: 162.023 Executing VM operation: HandshakeAllThreads done
Event: 162.529 Executing VM operation: HandshakeAllThreads
Event: 162.529 Executing VM operation: HandshakeAllThreads done
Event: 162.529 Executing VM operation: Cleanup
Event: 162.529 Executing VM operation: Cleanup done
Event: 162.735 Executing VM operation: HandshakeAllThreads
Event: 162.735 Executing VM operation: HandshakeAllThreads done
Event: 163.745 Executing VM operation: Cleanup
Event: 163.745 Executing VM operation: Cleanup done
Event: 168.793 Executing VM operation: Cleanup
Event: 168.793 Executing VM operation: Cleanup done

Events (20 events):
Event: 161.250 loading class java/lang/invoke/BoundMethodHandle$Species_LLLLLLLLLLLLLLLLLLL
Event: 161.250 loading class java/lang/invoke/BoundMethodHandle$Species_LLLLLLLLLLLLLLLLLLL done
Event: 161.252 loading class java/lang/invoke/BoundMethodHandle$Species_LLLLLLLLLLLLLLLLLLLL
Event: 161.252 loading class java/lang/invoke/BoundMethodHandle$Species_LLLLLLLLLLLLLLLLLLLL done
Event: 161.328 loading class java/lang/invoke/BoundMethodHandle$Species_LLLLLLLLLLLLLLLLLLLLL
Event: 161.328 loading class java/lang/invoke/BoundMethodHandle$Species_LLLLLLLLLLLLLLLLLLLLL done
Event: 161.455 Thread 0x00000194e227a790 Thread added: 0x00000194e227a790
Event: 161.915 Thread 0x00000194e227a790 Thread exited: 0x00000194e227a790
Event: 162.541 Thread 0x00000194e39754a0 Thread added: 0x00000194e39754a0
Event: 162.560 Thread 0x00000194e39767e0 Thread added: 0x00000194e39767e0
Event: 162.697 loading class java/util/stream/ReferencePipeline$4
Event: 162.697 loading class java/util/stream/ReferencePipeline$4 done
Event: 162.698 loading class java/util/function/IntBinaryOperator
Event: 162.698 loading class java/util/function/IntBinaryOperator done
Event: 162.698 loading class java/util/stream/ReduceOps$6
Event: 162.698 loading class java/util/stream/ReduceOps$6 done
Event: 162.698 loading class java/util/stream/ReduceOps$5ReducingSink
Event: 162.698 loading class java/util/stream/ReduceOps$5ReducingSink done
Event: 162.698 loading class java/util/stream/ReferencePipeline$4$1
Event: 162.698 loading class java/util/stream/ReferencePipeline$4$1 done


Dynamic libraries:
0x00007ff734340000 - 0x00007ff734350000 	C:\Program Files\Java\jdk-17\bin\java.exe
0x00007ffa9d590000 - 0x00007ffa9d788000 	C:\Windows\SYSTEM32\ntdll.dll
0x00007ffa9b7a0000 - 0x00007ffa9b85f000 	C:\Windows\System32\KERNEL32.DLL
0x00007ffa9ad10000 - 0x00007ffa9b006000 	C:\Windows\System32\KERNELBASE.dll
0x00007ffa9b010000 - 0x00007ffa9b110000 	C:\Windows\System32\ucrtbase.dll
0x00007ffa7cd30000 - 0x00007ffa7cd49000 	C:\Program Files\Java\jdk-17\bin\jli.dll
0x00007ffa9bcb0000 - 0x00007ffa9bd5f000 	C:\Windows\System32\ADVAPI32.dll
0x00007ffa9bd90000 - 0x00007ffa9be2e000 	C:\Windows\System32\msvcrt.dll
0x00007ffa9bc10000 - 0x00007ffa9bcac000 	C:\Windows\System32\sechost.dll
0x00007ffa9d3c0000 - 0x00007ffa9d4e6000 	C:\Windows\System32\RPCRT4.dll
0x00007ffa9b600000 - 0x00007ffa9b79d000 	C:\Windows\System32\USER32.dll
0x00007ffa9b3c0000 - 0x00007ffa9b3e2000 	C:\Windows\System32\win32u.dll
0x00007ffa9bd60000 - 0x00007ffa9bd8c000 	C:\Windows\System32\GDI32.dll
0x00007ffa9b160000 - 0x00007ffa9b275000 	C:\Windows\System32\gdi32full.dll
0x00007ffa9b3f0000 - 0x00007ffa9b48d000 	C:\Windows\System32\msvcp_win.dll
0x00007ffa772c0000 - 0x00007ffa772db000 	C:\Program Files\Java\jdk-17\bin\VCRUNTIME140.dll
0x00007ffa77020000 - 0x00007ffa772ba000 	C:\Windows\WinSxS\amd64_microsoft.windows.common-controls_6595b64144ccf1df_6.0.19041.1110_none_60b5254171f9507e\COMCTL32.dll
0x00007ffa921b0000 - 0x00007ffa921ba000 	C:\Windows\SYSTEM32\VERSION.dll
0x00007ffa9c500000 - 0x00007ffa9c530000 	C:\Windows\System32\IMM32.DLL
0x00007ffa8bbd0000 - 0x00007ffa8bbdc000 	C:\Program Files\Java\jdk-17\bin\vcruntime140_1.dll
0x00007ffa57b90000 - 0x00007ffa57c1e000 	C:\Program Files\Java\jdk-17\bin\msvcp140.dll
0x00007ffa28ca0000 - 0x00007ffa2987d000 	C:\Program Files\Java\jdk-17\bin\server\jvm.dll
0x00007ffa9b5f0000 - 0x00007ffa9b5f8000 	C:\Windows\System32\PSAPI.DLL
0x00007ffa8af90000 - 0x00007ffa8af99000 	C:\Windows\SYSTEM32\WSOCK32.dll
0x00007ffa9c890000 - 0x00007ffa9c8fb000 	C:\Windows\System32\WS2_32.dll
0x00007ffa6ffa0000 - 0x00007ffa6ffc7000 	C:\Windows\SYSTEM32\WINMM.dll
0x00007ffa99490000 - 0x00007ffa994a2000 	C:\Windows\SYSTEM32\kernel.appcore.dll
0x00007ffa817a0000 - 0x00007ffa817aa000 	C:\Program Files\Java\jdk-17\bin\jimage.dll
0x00007ffa95870000 - 0x00007ffa95a54000 	C:\Windows\SYSTEM32\DBGHELP.DLL
0x00007ffa89080000 - 0x00007ffa890b4000 	C:\Windows\SYSTEM32\dbgcore.DLL
0x00007ffa9b330000 - 0x00007ffa9b3b2000 	C:\Windows\System32\bcryptPrimitives.dll
0x00007ffa73c90000 - 0x00007ffa73cb5000 	C:\Program Files\Java\jdk-17\bin\java.dll
0x00007ffa2df30000 - 0x00007ffa2e007000 	C:\Program Files\Java\jdk-17\bin\jsvml.dll
0x00007ffa9ca90000 - 0x00007ffa9d1d4000 	C:\Windows\System32\SHELL32.dll
0x00007ffa98cf0000 - 0x00007ffa99483000 	C:\Windows\SYSTEM32\windows.storage.dll
0x00007ffa9c530000 - 0x00007ffa9c884000 	C:\Windows\System32\combase.dll
0x00007ffa9a5e0000 - 0x00007ffa9a60e000 	C:\Windows\SYSTEM32\Wldp.dll
0x00007ffa9c450000 - 0x00007ffa9c4fd000 	C:\Windows\System32\SHCORE.dll
0x00007ffa9d360000 - 0x00007ffa9d3b5000 	C:\Windows\System32\shlwapi.dll
0x00007ffa9aba0000 - 0x00007ffa9abc5000 	C:\Windows\SYSTEM32\profapi.dll
0x00007ffa76800000 - 0x00007ffa76819000 	C:\Program Files\Java\jdk-17\bin\net.dll
0x00007ffa8fc50000 - 0x00007ffa8fd5a000 	C:\Windows\SYSTEM32\WINHTTP.dll
0x00007ffa9a340000 - 0x00007ffa9a3aa000 	C:\Windows\system32\mswsock.dll
0x00007ffa76300000 - 0x00007ffa76316000 	C:\Program Files\Java\jdk-17\bin\nio.dll
0x00007ffa76100000 - 0x00007ffa76118000 	C:\Program Files\Java\jdk-17\bin\zip.dll
0x00007ffa93720000 - 0x00007ffa93730000 	C:\Program Files\Java\jdk-17\bin\verify.dll
0x00007ffa72610000 - 0x00007ffa72637000 	C:\Users\ss\.gradle\native\e1d6ef7f7dcc3fd88c89a11ec53ec762bb8ba0a96d01ffa2cd45eb1d1d8dd5c5\windows-amd64\native-platform.dll
0x00007ffa68900000 - 0x00007ffa68a44000 	C:\Users\ss\.gradle\native\5664cfc778a61ccfe75a443a1ab52a65af34e5dc3c78e0209fed803814484fcb\windows-amd64\native-platform-file-events.dll
0x00007ffa92ba0000 - 0x00007ffa92baa000 	C:\Program Files\Java\jdk-17\bin\management.dll
0x00007ffa8d980000 - 0x00007ffa8d98b000 	C:\Program Files\Java\jdk-17\bin\management_ext.dll
0x00007ffa9a530000 - 0x00007ffa9a548000 	C:\Windows\SYSTEM32\CRYPTSP.dll
0x00007ffa99c50000 - 0x00007ffa99c84000 	C:\Windows\system32\rsaenh.dll
0x00007ffa9ace0000 - 0x00007ffa9ad07000 	C:\Windows\System32\bcrypt.dll
0x00007ffa9ab60000 - 0x00007ffa9ab8e000 	C:\Windows\SYSTEM32\USERENV.dll
0x00007ffa9a550000 - 0x00007ffa9a55c000 	C:\Windows\SYSTEM32\CRYPTBASE.dll
0x00007ffa9a030000 - 0x00007ffa9a06b000 	C:\Windows\SYSTEM32\IPHLPAPI.DLL
0x00007ffa9be50000 - 0x00007ffa9be58000 	C:\Windows\System32\NSI.dll
0x00007ffa905d0000 - 0x00007ffa905e7000 	C:\Windows\SYSTEM32\dhcpcsvc6.DLL
0x00007ffa906e0000 - 0x00007ffa906fd000 	C:\Windows\SYSTEM32\dhcpcsvc.DLL
0x00007ffa9a070000 - 0x00007ffa9a13a000 	C:\Windows\SYSTEM32\DNSAPI.dll
0x00007ffa774e0000 - 0x00007ffa774ed000 	C:\Program Files\Java\jdk-17\bin\sunmscapi.dll
0x00007ffa9b490000 - 0x00007ffa9b5ee000 	C:\Windows\System32\CRYPT32.dll
0x00007ffa9a650000 - 0x00007ffa9a678000 	C:\Windows\SYSTEM32\ncrypt.dll
0x00007ffa9a610000 - 0x00007ffa9a64b000 	C:\Windows\SYSTEM32\NTASN1.dll
0x00007ffa81790000 - 0x00007ffa81797000 	C:\Windows\system32\wshunix.dll

dbghelp: loaded successfully - version: 4.0.5 - missing functions: none
symbol engine: initialized successfully - sym options: 0x614 - pdb path: .;C:\Program Files\Java\jdk-17\bin;C:\Windows\SYSTEM32;C:\Windows\WinSxS\amd64_microsoft.windows.common-controls_6595b64144ccf1df_6.0.19041.1110_none_60b5254171f9507e;C:\Program Files\Java\jdk-17\bin\server;C:\Users\ss\.gradle\native\e1d6ef7f7dcc3fd88c89a11ec53ec762bb8ba0a96d01ffa2cd45eb1d1d8dd5c5\windows-amd64;C:\Users\ss\.gradle\native\5664cfc778a61ccfe75a443a1ab52a65af34e5dc3c78e0209fed803814484fcb\windows-amd64

VM Arguments:
jvm_args: -XX:MaxMetaspaceSize=512m --add-opens=java.base/java.util=ALL-UNNAMED --add-opens=java.base/java.lang=ALL-UNNAMED --add-opens=java.base/java.lang.invoke=ALL-UNNAMED --add-opens=java.base/java.util=ALL-UNNAMED --add-opens=java.prefs/java.util.prefs=ALL-UNNAMED --add-opens=java.prefs/java.util.prefs=ALL-UNNAMED --add-opens=java.base/java.nio.charset=ALL-UNNAMED --add-opens=java.base/java.net=ALL-UNNAMED --add-opens=java.base/java.util.concurrent.atomic=ALL-UNNAMED -Xmx2048m -Dfile.encoding=windows-1252 -Duser.country=IN -Duser.language=en -Duser.variant 
java_command: org.gradle.launcher.daemon.bootstrap.GradleDaemon 7.3.3
java_class_path (initial): C:\Users\ss\.gradle\wrapper\dists\gradle-7.3.3-all\4295vidhdd9hd3gbjyw1xqxpo\gradle-7.3.3\lib\gradle-launcher-7.3.3.jar
Launcher Type: SUN_STANDARD

[Global flags]
     intx CICompilerCount                          = 3                                         {product} {ergonomic}
   size_t CompressedClassSpaceSize                 = 432013312                                 {product} {ergonomic}
     uint ConcGCThreads                            = 1                                         {product} {ergonomic}
     uint G1ConcRefinementThreads                  = 4                                         {product} {ergonomic}
   size_t G1HeapRegionSize                         = 1048576                                   {product} {ergonomic}
    uintx GCDrainStackTargetSize                   = 64                                        {product} {ergonomic}
   size_t InitialHeapSize                          = 268435456                                 {product} {ergonomic}
   size_t MarkStackSize                            = 4194304                                   {product} {ergonomic}
   size_t MaxHeapSize                              = 2147483648                                {product} {command line}
   size_t MaxMetaspaceSize                         = 536870912                                 {product} {command line}
   size_t MaxNewSize                               = 1287651328                                {product} {ergonomic}
   size_t MinHeapDeltaBytes                        = 1048576                                   {product} {ergonomic}
   size_t MinHeapSize                              = 8388608                                   {product} {ergonomic}
    uintx NonNMethodCodeHeapSize                   = 5832780                                {pd product} {ergonomic}
    uintx NonProfiledCodeHeapSize                  = 122912730                              {pd product} {ergonomic}
    uintx ProfiledCodeHeapSize                     = 122912730                              {pd product} {ergonomic}
    uintx ReservedCodeCacheSize                    = 251658240                              {pd product} {ergonomic}
     bool SegmentedCodeCache                       = true                                      {product} {ergonomic}
   size_t SoftMaxHeapSize                          = 2147483648                             {manageable} {ergonomic}
     bool UseCompressedClassPointers               = true                           {product lp64_product} {ergonomic}
     bool UseCompressedOops                        = true                           {product lp64_product} {ergonomic}
     bool UseG1GC                                  = true                                      {product} {ergonomic}
     bool UseLargePagesIndividualAllocation        = false                                  {pd product} {ergonomic}

Logging:
Log output configuration:
 #0: stdout all=warning uptime,level,tags
 #1: stderr all=off uptime,level,tags

Environment Variables:
CLASSPATH=C:\Users\ss\Desktop\teachers-vision\android\\gradle\wrapper\gradle-wrapper.jar
PATH=C:\Users\ss\Desktop\teachers-vision\android\node_modules\.bin;C:\Users\ss\Desktop\teachers-vision\node_modules\.bin;C:\Users\ss\Desktop\node_modules\.bin;C:\Users\ss\node_modules\.bin;C:\Users\node_modules\.bin;C:\node_modules\.bin;C:\Program Files\nodejs;C:\Users\ss\Desktop\teachers-vision\node_modules\.bin;C:\Users\ss\Desktop\teachers-vision\node_modules\.bin;C:\Users\ss\Desktop\node_modules\.bin;C:\Users\ss\node_modules\.bin;C:\Users\node_modules\.bin;C:\node_modules\.bin;C:\Users\ss\AppData\Roaming\nvm\v16.16.0\node_modules\npm\node_modules\@npmcli\run-script\lib\node-gyp-bin;C:\Users\ss\Desktop\teachers-vision\node_modules\.bin;C:\Users\ss\Desktop\node_modules\.bin;C:\Users\ss\node_modules\.bin;C:\Users\node_modules\.bin;C:\node_modules\.bin;C:\Program Files\nodejs;C:\Users\ss\Desktop\teachers-vision\node_modules\.bin;C:\Users\ss\Desktop\teachers-vision\node_modules\.bin;C:\Users\ss\Desktop\node_modules\.bin;C:\Users\ss\node_modules\.bin;C:\Users\node_modules\.bin;C:\node_modules\.bin;C:\Users\ss\AppData\Roaming\nvm\v16.16.0\node_modules\npm\node_modules\@npmcli\run-script\lib\node-gyp-bin;C:\Program Files\Common Files\Oracle\Java\javapath;C:\Program Files (x86)\Common Files\Oracle\Java\javapath;C:\Program Files\Microsoft\jdk-11.0.18.10-hotspot\bin;C:\Program Files\Microsoft MPI\Bin\;C:\Windows\system32;C:\Windows;C:\Windows\System32\Wbem;C:\Windows\System32\WindowsPowerShell\v1.0\;C:\Windows\System32\OpenSSH\;C:\ProgramData\chocolatey\bin;C:\Users\ss\AppData\Local\Android\Sdk\platform-tools;C:\Program Files\Git\cmd;C:\Program Files\Microsoft SQL Server\150\Tools\Binn\;C:\Program Files (x86)\Microsoft SQL Server\160\Tools\Binn\;C:\Program Files\Microsoft SQL Server\160\Tools\Binn\;C:\Program Files\Microsoft SQL Server\Client SDK\ODBC\170\Tools\Binn\;C:\Program Files\Microsoft SQL Server\160\DTS\Binn\;C:\Program Files\dotnet\;C:\Program Files (x86)\dotnet\;C:\Program Files (x86)\Microsoft SQL Server\160\DTS\Binn\;C:\Program Files (x86)\Microsoft SQL Server\150
USERNAME=ss
LANG=en_US.UTF-8
OS=Windows_NT
PROCESSOR_IDENTIFIER=Intel64 Family 6 Model 142 Stepping 9, GenuineIntel



---------------  S Y S T E M  ---------------

OS:
 Windows 10 , 64 bit Build 19041 (10.0.19041.3155)
OS uptime: 2 days 7:30 hours

CPU: total 4 (initial active 4) (2 cores per cpu, 2 threads per core) family 6 model 142 stepping 9 microcode 0xb4, cx8, cmov, fxsr, ht, mmx, 3dnowpref, sse, sse2, sse3, ssse3, sse4.1, sse4.2, popcnt, lzcnt, tsc, tscinvbit, avx, avx2, aes, erms, clmul, bmi1, bmi2, adx, fma, vzeroupper, clflush, clflushopt

Memory: 4k page, system-wide physical 16263M (594M free)
TotalPageFile size 23021M (AvailPageFile size 2M)
current process WorkingSet (physical memory assigned to process): 186M, peak: 220M
current process commit charge ("private bytes"): 223M, peak: 404M

vm_info: Java HotSpot(TM) 64-Bit Server VM (17.0.7+8-LTS-224) for windows-amd64 JRE (17.0.7+8-LTS-224), built on Feb 28 2023 23:03:02 by "mach5one" with MS VC++ 17.1 (VS2022)

END.
