#
# There is insufficient memory for the Java Runtime Environment to continue.
# Native memory allocation (malloc) failed to allocate 1929776 bytes for Chunk::new
# Possible reasons:
#   The system is out of physical RAM or swap space
#   The process is running with CompressedOops enabled, and the Java Heap may be blocking the growth of the native heap
# Possible solutions:
#   Reduce memory load on the system
#   Increase physical memory or swap space
#   Check if swap backing store is full
#   Decrease Java heap size (-Xmx/-Xms)
#   Decrease number of Java threads
#   Decrease Java thread stack sizes (-Xss)
#   Set larger code cache with -XX:ReservedCodeCacheSize=
#   JVM is running with Unscaled Compressed Oops mode in which the Java heap is
#     placed in the first 4GB address space. The Java Heap base address is the
#     maximum limit for the native heap growth. Please use -XX:HeapBaseMinAddress
#     to set the Java Heap base and to place the Java Heap above 4GB virtual address.
# This output file may be truncated or incomplete.
#
#  Out of Memory Error (arena.cpp:189), pid=3176, tid=14184
#
# JRE version: Java(TM) SE Runtime Environment (17.0.7+8) (build 17.0.7+8-LTS-224)
# Java VM: Java HotSpot(TM) 64-Bit Server VM (17.0.7+8-LTS-224, mixed mode, sharing, tiered, compressed oops, compressed class ptrs, g1 gc, windows-amd64)
# No core dump will be written. Minidumps are not enabled by default on client versions of Windows
#

---------------  S U M M A R Y ------------

Command Line: -XX:MaxMetaspaceSize=512m --add-opens=java.base/java.util=ALL-UNNAMED --add-opens=java.base/java.lang=ALL-UNNAMED --add-opens=java.base/java.lang.invoke=ALL-UNNAMED --add-opens=java.base/java.util=ALL-UNNAMED --add-opens=java.prefs/java.util.prefs=ALL-UNNAMED --add-opens=java.prefs/java.util.prefs=ALL-UNNAMED --add-opens=java.base/java.nio.charset=ALL-UNNAMED --add-opens=java.base/java.net=ALL-UNNAMED --add-opens=java.base/java.util.concurrent.atomic=ALL-UNNAMED -Xmx2048m -Dfile.encoding=windows-1252 -Duser.country=IN -Duser.language=en -Duser.variant org.gradle.launcher.daemon.bootstrap.GradleDaemon 7.3.3

Host: Intel(R) Core(TM) i5-7200U CPU @ 2.50GHz, 4 cores, 15G,  Windows 10 , 64 bit Build 19041 (10.0.19041.3393)
Time: Mon Sep 18 12:40:49 2023 India Standard Time elapsed time: 1012.628330 seconds (0d 0h 16m 52s)

---------------  T H R E A D  ---------------

Current thread (0x000001953e9f9a50):  JavaThread "C2 CompilerThread0" daemon [_thread_in_native, id=14184, stack(0x0000007082b00000,0x0000007082c00000)]


Current CompileTask:
C2:1012628 14935 %     4       java.beans.Introspector::getTargetMethodInfo @ 62 (250 bytes)

Stack: [0x0000007082b00000,0x0000007082c00000]
Native frames: (J=compiled Java code, j=interpreted, Vv=VM code, C=native code)
V  [jvm.dll+0x676a4a]
V  [jvm.dll+0x7d74f4]
V  [jvm.dll+0x7d8c9e]
V  [jvm.dll+0x7d9303]
V  [jvm.dll+0x2452c5]
V  [jvm.dll+0xaaa2b]
V  [jvm.dll+0xaafcc]
V  [jvm.dll+0x3613cf]
V  [jvm.dll+0x32bba1]
V  [jvm.dll+0x32b03a]
V  [jvm.dll+0x217acf]
V  [jvm.dll+0x216f01]
V  [jvm.dll+0x1a35e0]
V  [jvm.dll+0x226a6e]
V  [jvm.dll+0x224e15]
V  [jvm.dll+0x78d05c]
V  [jvm.dll+0x78759a]
V  [jvm.dll+0x675875]
C  [ucrtbase.dll+0x21bb2]
C  [KERNEL32.DLL+0x17344]
C  [ntdll.dll+0x526b1]


---------------  P R O C E S S  ---------------

Threads class SMR info:
_java_thread_list=0x00000195459aea00, length=87, elements={
0x000001951f0fab90, 0x000001953e9da7c0, 0x000001953e9db540, 0x000001953e9f42a0,
0x000001953e9f4cc0, 0x000001953e9f6590, 0x000001953e9f6e50, 0x000001953e9f9a50,
0x000001953e9fcc20, 0x000001953ea2eae0, 0x000001953f507160, 0x000001953f50ba60,
0x000001954027cf20, 0x000001953fe4cac0, 0x000001953f94c230, 0x00000195407f85f0,
0x000001953f4363c0, 0x000001953f4378c0, 0x0000019540806e00, 0x000001953fdec270,
0x0000019540d43f90, 0x0000019540d46ae0, 0x0000019540d46fb0, 0x0000019540d452d0,
0x0000019540d457a0, 0x0000019540d435f0, 0x0000019540d44460, 0x0000019540d43ac0,
0x0000019540d44930, 0x0000019540d46140, 0x0000019540d45c70, 0x0000019541982080,
0x000001954197fed0, 0x0000019541982ef0, 0x000001954197e1f0, 0x000001954197d380,
0x0000019541983890, 0x0000019541980d40, 0x00000195419833c0, 0x0000019541984700,
0x000001954197f060, 0x000001954197f530, 0x000001954197fa00, 0x0000019540d46610,
0x000001954055dcd0, 0x000001954055e1a0, 0x000001954055a7e0, 0x0000019540559970,
0x0000019540558b00, 0x0000019540558fd0, 0x000001954055acb0, 0x000001954055a310,
0x000001954055c990, 0x00000195405594a0, 0x0000019540559e40, 0x000001954055b180,
0x000001954055ce60, 0x000001954055b650, 0x000001954055eb40, 0x000001954055bff0,
0x000001954055d330, 0x000001954055f010, 0x000001954055c4c0, 0x000001954055d800,
0x000001954055bb20, 0x0000019540558630, 0x000001954055e670, 0x000001954055f4e0,
0x000001954055f9b0, 0x000001954055fe80, 0x000001954197a4d0, 0x0000019541977e50,
0x0000019541979190, 0x0000019541976640, 0x0000019541975300, 0x0000019541978cc0,
0x00000195419757d0, 0x000001954197c1b0, 0x000001954197c680, 0x000001954197cb50,
0x0000019541975ca0, 0x0000019541976170, 0x00000195419774b0, 0x0000019541977980,
0x00000195414cda00, 0x00000195414d0550, 0x00000195414d0a20
}

Java Threads: ( => current thread )
  0x000001951f0fab90 JavaThread "main" [_thread_blocked, id=3208, stack(0x0000007081d00000,0x0000007081e00000)]
  0x000001953e9da7c0 JavaThread "Reference Handler" daemon [_thread_blocked, id=2724, stack(0x0000007082500000,0x0000007082600000)]
  0x000001953e9db540 JavaThread "Finalizer" daemon [_thread_blocked, id=2264, stack(0x0000007082600000,0x0000007082700000)]
  0x000001953e9f42a0 JavaThread "Signal Dispatcher" daemon [_thread_blocked, id=17308, stack(0x0000007082700000,0x0000007082800000)]
  0x000001953e9f4cc0 JavaThread "Attach Listener" daemon [_thread_blocked, id=15852, stack(0x0000007082800000,0x0000007082900000)]
  0x000001953e9f6590 JavaThread "Service Thread" daemon [_thread_blocked, id=8120, stack(0x0000007082900000,0x0000007082a00000)]
  0x000001953e9f6e50 JavaThread "Monitor Deflation Thread" daemon [_thread_blocked, id=5684, stack(0x0000007082a00000,0x0000007082b00000)]
=>0x000001953e9f9a50 JavaThread "C2 CompilerThread0" daemon [_thread_in_native, id=14184, stack(0x0000007082b00000,0x0000007082c00000)]
  0x000001953e9fcc20 JavaThread "C1 CompilerThread0" daemon [_thread_blocked, id=4884, stack(0x0000007082c00000,0x0000007082d00000)]
  0x000001953ea2eae0 JavaThread "Sweeper thread" daemon [_thread_blocked, id=14664, stack(0x0000007082d00000,0x0000007082e00000)]
  0x000001953f507160 JavaThread "Common-Cleaner" daemon [_thread_blocked, id=16628, stack(0x0000007082e00000,0x0000007082f00000)]
  0x000001953f50ba60 JavaThread "Notification Thread" daemon [_thread_blocked, id=4976, stack(0x0000007082f00000,0x0000007083000000)]
  0x000001954027cf20 JavaThread "Daemon health stats" [_thread_blocked, id=10760, stack(0x0000007083400000,0x0000007083500000)]
  0x000001953fe4cac0 JavaThread "Incoming local TCP Connector on port 51473" [_thread_in_native, id=12468, stack(0x0000007083500000,0x0000007083600000)]
  0x000001953f94c230 JavaThread "Daemon periodic checks" [_thread_blocked, id=1260, stack(0x0000007083600000,0x0000007083700000)]
  0x00000195407f85f0 JavaThread "Daemon" [_thread_blocked, id=10684, stack(0x0000007083700000,0x0000007083800000)]
  0x000001953f4363c0 JavaThread "Handler for socket connection from /127.0.0.1:51473 to /127.0.0.1:51474" [_thread_in_native, id=8792, stack(0x0000007083800000,0x0000007083900000)]
  0x000001953f4378c0 JavaThread "Cancel handler" [_thread_blocked, id=12056, stack(0x0000007083900000,0x0000007083a00000)]
  0x0000019540806e00 JavaThread "Daemon worker" [_thread_in_native, id=12844, stack(0x0000007083a00000,0x0000007083b00000)]
  0x000001953fdec270 JavaThread "Asynchronous log dispatcher for DefaultDaemonConnection: socket connection from /127.0.0.1:51473 to /127.0.0.1:51474" [_thread_blocked, id=15164, stack(0x0000007083b00000,0x0000007083c00000)]
  0x0000019540d43f90 JavaThread "Stdin handler" [_thread_blocked, id=3556, stack(0x0000007083c00000,0x0000007083d00000)]
  0x0000019540d46ae0 JavaThread "Daemon client event forwarder" [_thread_blocked, id=8860, stack(0x0000007083d00000,0x0000007083e00000)]
  0x0000019540d46fb0 JavaThread "Cache worker for journal cache (C:\Users\ss\.gradle\caches\journal-1)" [_thread_blocked, id=12264, stack(0x0000007083e00000,0x0000007083f00000)]
  0x0000019540d452d0 JavaThread "File lock request listener" [_thread_in_native, id=2100, stack(0x0000007083f00000,0x0000007084000000)]
  0x0000019540d457a0 JavaThread "Cache worker for file hash cache (C:\Users\ss\.gradle\caches\7.3.3\fileHashes)" [_thread_blocked, id=16544, stack(0x0000007084000000,0x0000007084100000)]
  0x0000019540d435f0 JavaThread "Cache worker for file hash cache (C:\Users\ss\Desktop\teachers-vision\android\.gradle\7.3.3\fileHashes)" [_thread_blocked, id=8552, stack(0x0000007084100000,0x0000007084200000)]
  0x0000019540d44460 JavaThread "File watcher server" daemon [_thread_in_native, id=14040, stack(0x0000007084300000,0x0000007084400000)]
  0x0000019540d43ac0 JavaThread "File watcher consumer" daemon [_thread_blocked, id=17856, stack(0x0000007084400000,0x0000007084500000)]
  0x0000019540d44930 JavaThread "Cache worker for checksums cache (C:\Users\ss\Desktop\teachers-vision\android\.gradle\7.3.3\checksums)" [_thread_blocked, id=17708, stack(0x0000007084500000,0x0000007084600000)]
  0x0000019540d46140 JavaThread "Cache worker for cache directory md-supplier (C:\Users\ss\.gradle\caches\7.3.3\md-supplier)" [_thread_blocked, id=2544, stack(0x0000007084600000,0x0000007084700000)]
  0x0000019540d45c70 JavaThread "Cache worker for cache directory md-rule (C:\Users\ss\.gradle\caches\7.3.3\md-rule)" [_thread_blocked, id=17752, stack(0x0000007084700000,0x0000007084800000)]
  0x0000019541982080 JavaThread "Cache worker for execution history cache (C:\Users\ss\.gradle\caches\7.3.3\executionHistory)" [_thread_blocked, id=18272, stack(0x0000007084800000,0x0000007084900000)]
  0x000001954197fed0 JavaThread "jar transforms" [_thread_blocked, id=9620, stack(0x0000007084a00000,0x0000007084b00000)]
  0x0000019541982ef0 JavaThread "jar transforms Thread 2" [_thread_blocked, id=11148, stack(0x0000007084900000,0x0000007084a00000)]
  0x000001954197e1f0 JavaThread "Cache worker for file content cache (C:\Users\ss\.gradle\caches\7.3.3\fileContent)" [_thread_blocked, id=10732, stack(0x0000007084b00000,0x0000007084c00000)]
  0x000001954197d380 JavaThread "jar transforms Thread 3" [_thread_blocked, id=5912, stack(0x0000007084c00000,0x0000007084d00000)]
  0x0000019541983890 JavaThread "jar transforms Thread 4" [_thread_blocked, id=17652, stack(0x0000007084d00000,0x0000007084e00000)]
  0x0000019541980d40 JavaThread "Cache worker for kotlin-dsl (C:\Users\ss\.gradle\caches\7.3.3\kotlin-dsl)" [_thread_blocked, id=20404, stack(0x0000007081c00000,0x0000007081d00000)]
  0x00000195419833c0 JavaThread "Cache worker for dependencies-accessors (C:\Users\ss\Desktop\teachers-vision\android\.gradle\7.3.3\dependencies-accessors)" [_thread_blocked, id=12556, stack(0x0000007081e00000,0x0000007081f00000)]
  0x0000019541984700 JavaThread "Cache worker for Build Output Cleanup Cache (C:\Users\ss\Desktop\teachers-vision\node_modules\react-native-gradle-plugin\.gradle\buildOutputCleanup)" [_thread_blocked, id=10616, stack(0x0000007084f00000,0x0000007085000000)]
  0x000001954197f060 JavaThread "Unconstrained build operations" [_thread_blocked, id=19948, stack(0x0000007085000000,0x0000007085100000)]
  0x000001954197f530 JavaThread "Unconstrained build operations Thread 2" [_thread_blocked, id=12540, stack(0x0000007085100000,0x0000007085200000)]
  0x000001954197fa00 JavaThread "Unconstrained build operations Thread 3" [_thread_blocked, id=20376, stack(0x0000007085200000,0x0000007085300000)]
  0x0000019540d46610 JavaThread "Unconstrained build operations Thread 4" [_thread_blocked, id=19580, stack(0x0000007085300000,0x0000007085400000)]
  0x000001954055dcd0 JavaThread "Unconstrained build operations Thread 5" [_thread_blocked, id=18256, stack(0x0000007085400000,0x0000007085500000)]
  0x000001954055e1a0 JavaThread "Unconstrained build operations Thread 6" [_thread_blocked, id=2460, stack(0x0000007085500000,0x0000007085600000)]
  0x000001954055a7e0 JavaThread "Unconstrained build operations Thread 7" [_thread_blocked, id=9632, stack(0x0000007085600000,0x0000007085700000)]
  0x0000019540559970 JavaThread "Unconstrained build operations Thread 8" [_thread_blocked, id=19704, stack(0x0000007085700000,0x0000007085800000)]
  0x0000019540558b00 JavaThread "Unconstrained build operations Thread 9" [_thread_blocked, id=14048, stack(0x0000007085800000,0x0000007085900000)]
  0x0000019540558fd0 JavaThread "Unconstrained build operations Thread 10" [_thread_blocked, id=7736, stack(0x0000007085900000,0x0000007085a00000)]
  0x000001954055acb0 JavaThread "Unconstrained build operations Thread 11" [_thread_blocked, id=11792, stack(0x0000007085a00000,0x0000007085b00000)]
  0x000001954055a310 JavaThread "Unconstrained build operations Thread 12" [_thread_blocked, id=14816, stack(0x0000007085b00000,0x0000007085c00000)]
  0x000001954055c990 JavaThread "Unconstrained build operations Thread 13" [_thread_blocked, id=4748, stack(0x0000007085c00000,0x0000007085d00000)]
  0x00000195405594a0 JavaThread "Unconstrained build operations Thread 14" [_thread_blocked, id=17080, stack(0x0000007085d00000,0x0000007085e00000)]
  0x0000019540559e40 JavaThread "Unconstrained build operations Thread 15" [_thread_blocked, id=11212, stack(0x0000007085e00000,0x0000007085f00000)]
  0x000001954055b180 JavaThread "Unconstrained build operations Thread 16" [_thread_blocked, id=18840, stack(0x0000007085f00000,0x0000007086000000)]
  0x000001954055ce60 JavaThread "Unconstrained build operations Thread 17" [_thread_blocked, id=20428, stack(0x0000007086000000,0x0000007086100000)]
  0x000001954055b650 JavaThread "Unconstrained build operations Thread 18" [_thread_blocked, id=19520, stack(0x0000007086100000,0x0000007086200000)]
  0x000001954055eb40 JavaThread "Unconstrained build operations Thread 19" [_thread_blocked, id=18468, stack(0x0000007086200000,0x0000007086300000)]
  0x000001954055bff0 JavaThread "Unconstrained build operations Thread 20" [_thread_blocked, id=16652, stack(0x0000007086300000,0x0000007086400000)]
  0x000001954055d330 JavaThread "Unconstrained build operations Thread 21" [_thread_blocked, id=20448, stack(0x0000007086400000,0x0000007086500000)]
  0x000001954055f010 JavaThread "Unconstrained build operations Thread 22" [_thread_blocked, id=19804, stack(0x0000007086500000,0x0000007086600000)]
  0x000001954055c4c0 JavaThread "Unconstrained build operations Thread 23" [_thread_blocked, id=18748, stack(0x0000007086600000,0x0000007086700000)]
  0x000001954055d800 JavaThread "Unconstrained build operations Thread 24" [_thread_blocked, id=20452, stack(0x0000007086700000,0x0000007086800000)]
  0x000001954055bb20 JavaThread "Unconstrained build operations Thread 25" [_thread_blocked, id=8288, stack(0x0000007086800000,0x0000007086900000)]
  0x0000019540558630 JavaThread "Unconstrained build operations Thread 26" [_thread_blocked, id=16852, stack(0x0000007086900000,0x0000007086a00000)]
  0x000001954055e670 JavaThread "Unconstrained build operations Thread 27" [_thread_blocked, id=3832, stack(0x0000007086a00000,0x0000007086b00000)]
  0x000001954055f4e0 JavaThread "Unconstrained build operations Thread 28" [_thread_blocked, id=18668, stack(0x0000007086b00000,0x0000007086c00000)]
  0x000001954055f9b0 JavaThread "Unconstrained build operations Thread 29" [_thread_blocked, id=20056, stack(0x0000007086c00000,0x0000007086d00000)]
  0x000001954055fe80 JavaThread "Unconstrained build operations Thread 30" [_thread_blocked, id=20396, stack(0x0000007086d00000,0x0000007086e00000)]
  0x000001954197a4d0 JavaThread "Unconstrained build operations Thread 31" [_thread_blocked, id=20008, stack(0x0000007086e00000,0x0000007086f00000)]
  0x0000019541977e50 JavaThread "Unconstrained build operations Thread 32" [_thread_blocked, id=8916, stack(0x0000007086f00000,0x0000007087000000)]
  0x0000019541979190 JavaThread "Unconstrained build operations Thread 33" [_thread_blocked, id=7160, stack(0x0000007087000000,0x0000007087100000)]
  0x0000019541976640 JavaThread "build event listener" [_thread_blocked, id=2200, stack(0x0000007087100000,0x0000007087200000)]
  0x0000019541975300 JavaThread "Memory manager" [_thread_blocked, id=20168, stack(0x0000007087200000,0x0000007087300000)]
  0x0000019541978cc0 JavaThread "Cache worker for Build Output Cleanup Cache (C:\Users\ss\Desktop\teachers-vision\android\.gradle\buildOutputCleanup)" [_thread_blocked, id=7476, stack(0x0000007087300000,0x0000007087400000)]
  0x00000195419757d0 JavaThread "Cache worker for execution history cache (C:\Users\ss\Desktop\teachers-vision\node_modules\react-native-gradle-plugin\.gradle\7.3.3\executionHistory)" [_thread_blocked, id=19372, stack(0x0000007087800000,0x0000007087900000)]
  0x000001954197c1b0 JavaThread "Unconstrained build operations Thread 34" [_thread_blocked, id=1984, stack(0x0000007087900000,0x0000007087a00000)]
  0x000001954197c680 JavaThread "Unconstrained build operations Thread 35" [_thread_blocked, id=15692, stack(0x0000007087a00000,0x0000007087b00000)]
  0x000001954197cb50 JavaThread "Unconstrained build operations Thread 36" [_thread_blocked, id=12240, stack(0x0000007087b00000,0x0000007087c00000)]
  0x0000019541975ca0 JavaThread "Unconstrained build operations Thread 37" [_thread_blocked, id=14584, stack(0x0000007087c00000,0x0000007087d00000)]
  0x0000019541976170 JavaThread "Unconstrained build operations Thread 38" [_thread_blocked, id=20336, stack(0x0000007087d00000,0x0000007087e00000)]
  0x00000195419774b0 JavaThread "Unconstrained build operations Thread 39" [_thread_blocked, id=19952, stack(0x0000007087e00000,0x0000007087f00000)]
  0x0000019541977980 JavaThread "Unconstrained build operations Thread 40" [_thread_blocked, id=1460, stack(0x0000007087f00000,0x0000007088000000)]
  0x00000195414cda00 JavaThread "build event listener" [_thread_blocked, id=28280, stack(0x0000007084e00000,0x0000007084f00000)]
  0x00000195414d0550 JavaThread "File lock release action executor Thread 8" [_thread_blocked, id=27392, stack(0x0000007087500000,0x0000007087600000)]
  0x00000195414d0a20 JavaThread "build event listener" [_thread_blocked, id=24844, stack(0x0000007084200000,0x0000007084300000)]

Other Threads:
  0x000001953e9d5860 VMThread "VM Thread" [stack: 0x0000007082400000,0x0000007082500000] [id=10136]
  0x000001953f50ff40 WatcherThread [stack: 0x0000007083000000,0x0000007083100000] [id=13416]
  0x000001951f152d80 GCTaskThread "GC Thread#0" [stack: 0x0000007081f00000,0x0000007082000000] [id=712]
  0x000001953fa84120 GCTaskThread "GC Thread#1" [stack: 0x0000007083100000,0x0000007083200000] [id=13120]
  0x000001953f7fed20 GCTaskThread "GC Thread#2" [stack: 0x0000007083200000,0x0000007083300000] [id=14936]
  0x000001953f555b90 GCTaskThread "GC Thread#3" [stack: 0x0000007083300000,0x0000007083400000] [id=2440]
  0x000001951f163bd0 ConcurrentGCThread "G1 Main Marker" [stack: 0x0000007082000000,0x0000007082100000] [id=8008]
  0x000001951f1644f0 ConcurrentGCThread "G1 Conc#0" [stack: 0x0000007082100000,0x0000007082200000] [id=12720]
  0x000001951f1ce260 ConcurrentGCThread "G1 Refine#0" [stack: 0x0000007082200000,0x0000007082300000] [id=15436]
  0x000001951f1ceb90 ConcurrentGCThread "G1 Service" [stack: 0x0000007082300000,0x0000007082400000] [id=18288]

Threads with active compile tasks:
C2 CompilerThread0  1012680 14935 %     4       java.beans.Introspector::getTargetMethodInfo @ 62 (250 bytes)

VM state: not at safepoint (normal execution)

VM Mutex/Monitor currently owned by a thread: None

Heap address: 0x0000000080000000, size: 2048 MB, Compressed Oops mode: 32-bit

CDS archive(s) mapped at: [0x0000000800000000-0x0000000800bd0000-0x0000000800bd0000), size 12386304, SharedBaseAddress: 0x0000000800000000, ArchiveRelocationMode: 0.
Compressed class space mapped at: 0x0000000800c00000-0x000000081a800000, reserved size: 432013312
Narrow klass base: 0x0000000800000000, Narrow klass shift: 0, Narrow klass range: 0x100000000

GC Precious Log:
 CPUs: 4 total, 4 available
 Memory: 16263M
 Large Page Support: Disabled
 NUMA Support: Disabled
 Compressed Oops: Enabled (32-bit)
 Heap Region Size: 1M
 Heap Min Capacity: 8M
 Heap Initial Capacity: 256M
 Heap Max Capacity: 2G
 Pre-touch: Disabled
 Parallel Workers: 4
 Concurrent Workers: 1
 Concurrent Refinement Workers: 4
 Periodic GC: Disabled

Heap:
 garbage-first heap   total 291840K, used 196312K [0x0000000080000000, 0x0000000100000000)
  region size 1024K, 18 young (18432K), 2 survivors (2048K)
 Metaspace       used 97963K, committed 99648K, reserved 512000K
  class space    used 13530K, committed 14272K, reserved 421888K

Heap Regions: E=young(eden), S=young(survivor), O=old, HS=humongous(starts), HC=humongous(continues), CS=collection set, F=free, OA=open archive, CA=closed archive, TAMS=top-at-mark-start (previous, next)
|   0|0x0000000080000000, 0x0000000080100000, 0x0000000080100000|100%|HS|  |TAMS 0x0000000080100000, 0x0000000080000000| Complete 
|   1|0x0000000080100000, 0x0000000080200000, 0x0000000080200000|100%|HC|  |TAMS 0x0000000080200000, 0x0000000080100000| Complete 
|   2|0x0000000080200000, 0x0000000080300000, 0x0000000080300000|100%|HC|  |TAMS 0x0000000080300000, 0x0000000080200000| Complete 
|   3|0x0000000080300000, 0x0000000080400000, 0x0000000080400000|100%| O|  |TAMS 0x0000000080400000, 0x0000000080300000| Untracked 
|   4|0x0000000080400000, 0x0000000080500000, 0x0000000080500000|100%| O|  |TAMS 0x0000000080500000, 0x0000000080400000| Untracked 
|   5|0x0000000080500000, 0x0000000080600000, 0x0000000080600000|100%| O|  |TAMS 0x0000000080600000, 0x0000000080500000| Untracked 
|   6|0x0000000080600000, 0x0000000080700000, 0x0000000080700000|100%| O|  |TAMS 0x0000000080700000, 0x0000000080600000| Untracked 
|   7|0x0000000080700000, 0x0000000080800000, 0x0000000080800000|100%| O|  |TAMS 0x0000000080800000, 0x0000000080700000| Untracked 
|   8|0x0000000080800000, 0x0000000080900000, 0x0000000080900000|100%| O|  |TAMS 0x0000000080900000, 0x0000000080800000| Untracked 
|   9|0x0000000080900000, 0x0000000080a00000, 0x0000000080a00000|100%| O|  |TAMS 0x0000000080a00000, 0x0000000080900000| Untracked 
|  10|0x0000000080a00000, 0x0000000080b00000, 0x0000000080b00000|100%| O|  |TAMS 0x0000000080b00000, 0x0000000080a00000| Untracked 
|  11|0x0000000080b00000, 0x0000000080c00000, 0x0000000080c00000|100%| O|  |TAMS 0x0000000080c00000, 0x0000000080b00000| Untracked 
|  12|0x0000000080c00000, 0x0000000080d00000, 0x0000000080d00000|100%| O|  |TAMS 0x0000000080d00000, 0x0000000080c00000| Untracked 
|  13|0x0000000080d00000, 0x0000000080e00000, 0x0000000080e00000|100%| O|  |TAMS 0x0000000080e00000, 0x0000000080d00000| Untracked 
|  14|0x0000000080e00000, 0x0000000080f00000, 0x0000000080f00000|100%| O|  |TAMS 0x0000000080f00000, 0x0000000080e00000| Untracked 
|  15|0x0000000080f00000, 0x0000000081000000, 0x0000000081000000|100%| O|  |TAMS 0x0000000081000000, 0x0000000080f00000| Untracked 
|  16|0x0000000081000000, 0x0000000081100000, 0x0000000081100000|100%| O|  |TAMS 0x0000000081100000, 0x0000000081000000| Untracked 
|  17|0x0000000081100000, 0x0000000081200000, 0x0000000081200000|100%| O|  |TAMS 0x0000000081200000, 0x0000000081100000| Untracked 
|  18|0x0000000081200000, 0x0000000081300000, 0x0000000081300000|100%| O|  |TAMS 0x0000000081300000, 0x0000000081200000| Untracked 
|  19|0x0000000081300000, 0x0000000081400000, 0x0000000081400000|100%| O|  |TAMS 0x0000000081400000, 0x0000000081300000| Untracked 
|  20|0x0000000081400000, 0x0000000081500000, 0x0000000081500000|100%| O|  |TAMS 0x0000000081500000, 0x0000000081400000| Untracked 
|  21|0x0000000081500000, 0x0000000081600000, 0x0000000081600000|100%| O|  |TAMS 0x0000000081600000, 0x0000000081500000| Untracked 
|  22|0x0000000081600000, 0x0000000081700000, 0x0000000081700000|100%| O|  |TAMS 0x0000000081700000, 0x0000000081600000| Untracked 
|  23|0x0000000081700000, 0x0000000081800000, 0x0000000081800000|100%| O|  |TAMS 0x0000000081800000, 0x0000000081700000| Untracked 
|  24|0x0000000081800000, 0x0000000081900000, 0x0000000081900000|100%| O|  |TAMS 0x0000000081900000, 0x0000000081800000| Untracked 
|  25|0x0000000081900000, 0x0000000081a00000, 0x0000000081a00000|100%| O|  |TAMS 0x0000000081a00000, 0x0000000081900000| Untracked 
|  26|0x0000000081a00000, 0x0000000081b00000, 0x0000000081b00000|100%| O|  |TAMS 0x0000000081b00000, 0x0000000081a00000| Untracked 
|  27|0x0000000081b00000, 0x0000000081c00000, 0x0000000081c00000|100%| O|  |TAMS 0x0000000081c00000, 0x0000000081b00000| Untracked 
|  28|0x0000000081c00000, 0x0000000081d00000, 0x0000000081d00000|100%| O|  |TAMS 0x0000000081d00000, 0x0000000081c00000| Untracked 
|  29|0x0000000081d00000, 0x0000000081e00000, 0x0000000081e00000|100%| O|  |TAMS 0x0000000081e00000, 0x0000000081d00000| Untracked 
|  30|0x0000000081e00000, 0x0000000081f00000, 0x0000000081f00000|100%| O|  |TAMS 0x0000000081f00000, 0x0000000081e00000| Untracked 
|  31|0x0000000081f00000, 0x0000000082000000, 0x0000000082000000|100%| O|  |TAMS 0x0000000082000000, 0x0000000081f00000| Untracked 
|  32|0x0000000082000000, 0x0000000082100000, 0x0000000082100000|100%| O|  |TAMS 0x0000000082100000, 0x0000000082000000| Untracked 
|  33|0x0000000082100000, 0x0000000082200000, 0x0000000082200000|100%| O|  |TAMS 0x0000000082200000, 0x0000000082100000| Untracked 
|  34|0x0000000082200000, 0x0000000082300000, 0x0000000082300000|100%|HS|  |TAMS 0x0000000082300000, 0x0000000082200000| Complete 
|  35|0x0000000082300000, 0x0000000082400000, 0x0000000082400000|100%|HS|  |TAMS 0x0000000082400000, 0x0000000082300000| Complete 
|  36|0x0000000082400000, 0x0000000082500000, 0x0000000082500000|100%|HC|  |TAMS 0x0000000082500000, 0x0000000082400000| Complete 
|  37|0x0000000082500000, 0x0000000082600000, 0x0000000082600000|100%|HC|  |TAMS 0x0000000082600000, 0x0000000082500000| Complete 
|  38|0x0000000082600000, 0x0000000082700000, 0x0000000082700000|100%| O|  |TAMS 0x0000000082700000, 0x0000000082600000| Untracked 
|  39|0x0000000082700000, 0x0000000082800000, 0x0000000082800000|100%| O|  |TAMS 0x0000000082800000, 0x0000000082700000| Untracked 
|  40|0x0000000082800000, 0x0000000082900000, 0x0000000082900000|100%| O|  |TAMS 0x0000000082900000, 0x0000000082800000| Untracked 
|  41|0x0000000082900000, 0x0000000082a00000, 0x0000000082a00000|100%| O|  |TAMS 0x0000000082a00000, 0x0000000082900000| Untracked 
|  42|0x0000000082a00000, 0x0000000082b00000, 0x0000000082b00000|100%| O|  |TAMS 0x0000000082b00000, 0x0000000082a00000| Untracked 
|  43|0x0000000082b00000, 0x0000000082c00000, 0x0000000082c00000|100%| O|  |TAMS 0x0000000082c00000, 0x0000000082b00000| Untracked 
|  44|0x0000000082c00000, 0x0000000082d00000, 0x0000000082d00000|100%| O|  |TAMS 0x0000000082d00000, 0x0000000082c00000| Untracked 
|  45|0x0000000082d00000, 0x0000000082e00000, 0x0000000082e00000|100%| O|  |TAMS 0x0000000082e00000, 0x0000000082d00000| Untracked 
|  46|0x0000000082e00000, 0x0000000082f00000, 0x0000000082f00000|100%| O|  |TAMS 0x0000000082f00000, 0x0000000082e00000| Untracked 
|  47|0x0000000082f00000, 0x0000000083000000, 0x0000000083000000|100%| O|  |TAMS 0x0000000083000000, 0x0000000082f00000| Untracked 
|  48|0x0000000083000000, 0x0000000083100000, 0x0000000083100000|100%| O|  |TAMS 0x0000000083100000, 0x0000000083000000| Untracked 
|  49|0x0000000083100000, 0x0000000083200000, 0x0000000083200000|100%| O|  |TAMS 0x0000000083200000, 0x0000000083100000| Untracked 
|  50|0x0000000083200000, 0x0000000083300000, 0x0000000083300000|100%| O|  |TAMS 0x0000000083300000, 0x0000000083200000| Untracked 
|  51|0x0000000083300000, 0x0000000083400000, 0x0000000083400000|100%| O|  |TAMS 0x0000000083400000, 0x0000000083300000| Untracked 
|  52|0x0000000083400000, 0x0000000083500000, 0x0000000083500000|100%| O|  |TAMS 0x0000000083500000, 0x0000000083400000| Untracked 
|  53|0x0000000083500000, 0x0000000083600000, 0x0000000083600000|100%| O|  |TAMS 0x0000000083600000, 0x0000000083500000| Untracked 
|  54|0x0000000083600000, 0x0000000083700000, 0x0000000083700000|100%| O|  |TAMS 0x0000000083700000, 0x0000000083600000| Untracked 
|  55|0x0000000083700000, 0x0000000083800000, 0x0000000083800000|100%| O|  |TAMS 0x0000000083800000, 0x0000000083700000| Untracked 
|  56|0x0000000083800000, 0x0000000083900000, 0x0000000083900000|100%| O|  |TAMS 0x0000000083900000, 0x0000000083800000| Untracked 
|  57|0x0000000083900000, 0x0000000083a00000, 0x0000000083a00000|100%|HS|  |TAMS 0x0000000083a00000, 0x0000000083900000| Complete 
|  58|0x0000000083a00000, 0x0000000083b00000, 0x0000000083b00000|100%|HS|  |TAMS 0x0000000083b00000, 0x0000000083a00000| Complete 
|  59|0x0000000083b00000, 0x0000000083c00000, 0x0000000083c00000|100%|HS|  |TAMS 0x0000000083c00000, 0x0000000083b00000| Complete 
|  60|0x0000000083c00000, 0x0000000083d00000, 0x0000000083d00000|100%| O|  |TAMS 0x0000000083d00000, 0x0000000083c00000| Untracked 
|  61|0x0000000083d00000, 0x0000000083e00000, 0x0000000083e00000|100%|HS|  |TAMS 0x0000000083e00000, 0x0000000083d00000| Complete 
|  62|0x0000000083e00000, 0x0000000083f00000, 0x0000000083f00000|100%|HC|  |TAMS 0x0000000083f00000, 0x0000000083e00000| Complete 
|  63|0x0000000083f00000, 0x0000000084000000, 0x0000000084000000|100%| O|  |TAMS 0x0000000084000000, 0x0000000083f00000| Untracked 
|  64|0x0000000084000000, 0x0000000084100000, 0x0000000084100000|100%| O|  |TAMS 0x0000000084100000, 0x0000000084000000| Untracked 
|  65|0x0000000084100000, 0x0000000084200000, 0x0000000084200000|100%| O|  |TAMS 0x0000000084200000, 0x0000000084100000| Untracked 
|  66|0x0000000084200000, 0x0000000084300000, 0x0000000084300000|100%| O|  |TAMS 0x0000000084300000, 0x0000000084200000| Untracked 
|  67|0x0000000084300000, 0x0000000084400000, 0x0000000084400000|100%| O|  |TAMS 0x0000000084400000, 0x0000000084300000| Untracked 
|  68|0x0000000084400000, 0x0000000084500000, 0x0000000084500000|100%| O|  |TAMS 0x0000000084500000, 0x0000000084400000| Untracked 
|  69|0x0000000084500000, 0x0000000084600000, 0x0000000084600000|100%| O|  |TAMS 0x0000000084600000, 0x0000000084500000| Untracked 
|  70|0x0000000084600000, 0x0000000084700000, 0x0000000084700000|100%| O|  |TAMS 0x0000000084700000, 0x0000000084600000| Untracked 
|  71|0x0000000084700000, 0x0000000084800000, 0x0000000084800000|100%| O|  |TAMS 0x0000000084800000, 0x0000000084700000| Untracked 
|  72|0x0000000084800000, 0x0000000084900000, 0x0000000084900000|100%| O|  |TAMS 0x0000000084900000, 0x0000000084800000| Untracked 
|  73|0x0000000084900000, 0x0000000084a00000, 0x0000000084a00000|100%| O|  |TAMS 0x0000000084a00000, 0x0000000084900000| Untracked 
|  74|0x0000000084a00000, 0x0000000084b00000, 0x0000000084b00000|100%| O|  |TAMS 0x0000000084b00000, 0x0000000084a00000| Untracked 
|  75|0x0000000084b00000, 0x0000000084c00000, 0x0000000084c00000|100%| O|  |TAMS 0x0000000084c00000, 0x0000000084b00000| Untracked 
|  76|0x0000000084c00000, 0x0000000084d00000, 0x0000000084d00000|100%| O|  |TAMS 0x0000000084d00000, 0x0000000084c00000| Untracked 
|  77|0x0000000084d00000, 0x0000000084e00000, 0x0000000084e00000|100%| O|  |TAMS 0x0000000084e00000, 0x0000000084d00000| Untracked 
|  78|0x0000000084e00000, 0x0000000084f00000, 0x0000000084f00000|100%| O|  |TAMS 0x0000000084f00000, 0x0000000084e00000| Untracked 
|  79|0x0000000084f00000, 0x0000000085000000, 0x0000000085000000|100%| O|  |TAMS 0x0000000085000000, 0x0000000084f00000| Untracked 
|  80|0x0000000085000000, 0x0000000085100000, 0x0000000085100000|100%| O|  |TAMS 0x0000000085100000, 0x0000000085000000| Untracked 
|  81|0x0000000085100000, 0x0000000085200000, 0x0000000085200000|100%| O|  |TAMS 0x0000000085200000, 0x0000000085100000| Untracked 
|  82|0x0000000085200000, 0x0000000085300000, 0x0000000085300000|100%| O|  |TAMS 0x0000000085300000, 0x0000000085200000| Untracked 
|  83|0x0000000085300000, 0x0000000085400000, 0x0000000085400000|100%| O|  |TAMS 0x0000000085400000, 0x0000000085300000| Untracked 
|  84|0x0000000085400000, 0x0000000085500000, 0x0000000085500000|100%| O|  |TAMS 0x0000000085500000, 0x0000000085400000| Untracked 
|  85|0x0000000085500000, 0x0000000085600000, 0x0000000085600000|100%| O|  |TAMS 0x0000000085600000, 0x0000000085500000| Untracked 
|  86|0x0000000085600000, 0x0000000085700000, 0x0000000085700000|100%| O|  |TAMS 0x0000000085700000, 0x0000000085600000| Untracked 
|  87|0x0000000085700000, 0x0000000085800000, 0x0000000085800000|100%| O|  |TAMS 0x0000000085800000, 0x0000000085700000| Untracked 
|  88|0x0000000085800000, 0x0000000085900000, 0x0000000085900000|100%| O|  |TAMS 0x0000000085900000, 0x0000000085800000| Untracked 
|  89|0x0000000085900000, 0x0000000085a00000, 0x0000000085a00000|100%| O|  |TAMS 0x0000000085a00000, 0x0000000085900000| Untracked 
|  90|0x0000000085a00000, 0x0000000085b00000, 0x0000000085b00000|100%| O|  |TAMS 0x0000000085b00000, 0x0000000085a00000| Untracked 
|  91|0x0000000085b00000, 0x0000000085c00000, 0x0000000085c00000|100%| O|  |TAMS 0x0000000085c00000, 0x0000000085b00000| Untracked 
|  92|0x0000000085c00000, 0x0000000085d00000, 0x0000000085d00000|100%| O|  |TAMS 0x0000000085d00000, 0x0000000085c00000| Untracked 
|  93|0x0000000085d00000, 0x0000000085e00000, 0x0000000085e00000|100%| O|  |TAMS 0x0000000085e00000, 0x0000000085d00000| Untracked 
|  94|0x0000000085e00000, 0x0000000085f00000, 0x0000000085f00000|100%| O|  |TAMS 0x0000000085f00000, 0x0000000085e00000| Untracked 
|  95|0x0000000085f00000, 0x0000000086000000, 0x0000000086000000|100%| O|  |TAMS 0x0000000086000000, 0x0000000085f00000| Untracked 
|  96|0x0000000086000000, 0x0000000086100000, 0x0000000086100000|100%| O|  |TAMS 0x0000000086100000, 0x0000000086000000| Untracked 
|  97|0x0000000086100000, 0x0000000086200000, 0x0000000086200000|100%| O|  |TAMS 0x0000000086200000, 0x0000000086100000| Untracked 
|  98|0x0000000086200000, 0x0000000086300000, 0x0000000086300000|100%| O|  |TAMS 0x0000000086300000, 0x0000000086200000| Untracked 
|  99|0x0000000086300000, 0x0000000086400000, 0x0000000086400000|100%| O|  |TAMS 0x0000000086400000, 0x0000000086300000| Untracked 
| 100|0x0000000086400000, 0x0000000086500000, 0x0000000086500000|100%| O|  |TAMS 0x0000000086500000, 0x0000000086400000| Untracked 
| 101|0x0000000086500000, 0x0000000086600000, 0x0000000086600000|100%| O|  |TAMS 0x0000000086600000, 0x0000000086500000| Untracked 
| 102|0x0000000086600000, 0x0000000086700000, 0x0000000086700000|100%| O|  |TAMS 0x0000000086700000, 0x0000000086600000| Untracked 
| 103|0x0000000086700000, 0x0000000086800000, 0x0000000086800000|100%| O|  |TAMS 0x0000000086800000, 0x0000000086700000| Untracked 
| 104|0x0000000086800000, 0x0000000086900000, 0x0000000086900000|100%| O|  |TAMS 0x0000000086900000, 0x0000000086800000| Untracked 
| 105|0x0000000086900000, 0x0000000086a00000, 0x0000000086a00000|100%| O|  |TAMS 0x0000000086a00000, 0x0000000086900000| Untracked 
| 106|0x0000000086a00000, 0x0000000086b00000, 0x0000000086b00000|100%| O|  |TAMS 0x0000000086b00000, 0x0000000086a00000| Untracked 
| 107|0x0000000086b00000, 0x0000000086c00000, 0x0000000086c00000|100%| O|  |TAMS 0x0000000086c00000, 0x0000000086b00000| Untracked 
| 108|0x0000000086c00000, 0x0000000086d00000, 0x0000000086d00000|100%| O|  |TAMS 0x0000000086d00000, 0x0000000086c00000| Untracked 
| 109|0x0000000086d00000, 0x0000000086e00000, 0x0000000086e00000|100%| O|  |TAMS 0x0000000086e00000, 0x0000000086d00000| Untracked 
| 110|0x0000000086e00000, 0x0000000086f00000, 0x0000000086f00000|100%| O|  |TAMS 0x0000000086f00000, 0x0000000086e00000| Untracked 
| 111|0x0000000086f00000, 0x0000000087000000, 0x0000000087000000|100%| O|  |TAMS 0x0000000086f00000, 0x0000000086f00000| Untracked 
| 112|0x0000000087000000, 0x0000000087100000, 0x0000000087100000|100%| O|  |TAMS 0x0000000087100000, 0x0000000087000000| Untracked 
| 113|0x0000000087100000, 0x0000000087200000, 0x0000000087200000|100%| O|  |TAMS 0x0000000087200000, 0x0000000087100000| Untracked 
| 114|0x0000000087200000, 0x0000000087300000, 0x0000000087300000|100%| O|  |TAMS 0x0000000087300000, 0x0000000087200000| Untracked 
| 115|0x0000000087300000, 0x0000000087400000, 0x0000000087400000|100%| O|  |TAMS 0x0000000087400000, 0x0000000087300000| Untracked 
| 116|0x0000000087400000, 0x0000000087500000, 0x0000000087500000|100%| O|  |TAMS 0x0000000087500000, 0x0000000087400000| Untracked 
| 117|0x0000000087500000, 0x0000000087600000, 0x0000000087600000|100%| O|  |TAMS 0x0000000087600000, 0x0000000087500000| Untracked 
| 118|0x0000000087600000, 0x0000000087700000, 0x0000000087700000|100%| O|  |TAMS 0x0000000087700000, 0x0000000087600000| Untracked 
| 119|0x0000000087700000, 0x0000000087800000, 0x0000000087800000|100%| O|  |TAMS 0x0000000087800000, 0x0000000087700000| Untracked 
| 120|0x0000000087800000, 0x0000000087900000, 0x0000000087900000|100%| O|  |TAMS 0x0000000087900000, 0x0000000087800000| Untracked 
| 121|0x0000000087900000, 0x0000000087a00000, 0x0000000087a00000|100%| O|  |TAMS 0x0000000087a00000, 0x0000000087900000| Untracked 
| 122|0x0000000087a00000, 0x0000000087b00000, 0x0000000087b00000|100%| O|  |TAMS 0x0000000087b00000, 0x0000000087a00000| Untracked 
| 123|0x0000000087b00000, 0x0000000087c00000, 0x0000000087c00000|100%| O|  |TAMS 0x0000000087c00000, 0x0000000087b00000| Untracked 
| 124|0x0000000087c00000, 0x0000000087d00000, 0x0000000087d00000|100%| O|  |TAMS 0x0000000087d00000, 0x0000000087c00000| Untracked 
| 125|0x0000000087d00000, 0x0000000087e00000, 0x0000000087e00000|100%| O|  |TAMS 0x0000000087e00000, 0x0000000087d00000| Untracked 
| 126|0x0000000087e00000, 0x0000000087f00000, 0x0000000087f00000|100%| O|  |TAMS 0x0000000087f00000, 0x0000000087e00000| Untracked 
| 127|0x0000000087f00000, 0x0000000088000000, 0x0000000088000000|100%| O|  |TAMS 0x0000000088000000, 0x0000000087f00000| Untracked 
| 128|0x0000000088000000, 0x0000000088100000, 0x0000000088100000|100%| O|  |TAMS 0x0000000088100000, 0x0000000088000000| Untracked 
| 129|0x0000000088100000, 0x0000000088200000, 0x0000000088200000|100%| O|  |TAMS 0x0000000088200000, 0x0000000088100000| Untracked 
| 130|0x0000000088200000, 0x0000000088300000, 0x0000000088300000|100%| O|  |TAMS 0x0000000088300000, 0x0000000088200000| Untracked 
| 131|0x0000000088300000, 0x0000000088400000, 0x0000000088400000|100%| O|  |TAMS 0x0000000088400000, 0x0000000088300000| Untracked 
| 132|0x0000000088400000, 0x0000000088500000, 0x0000000088500000|100%| O|  |TAMS 0x0000000088500000, 0x0000000088400000| Untracked 
| 133|0x0000000088500000, 0x0000000088600000, 0x0000000088600000|100%| O|  |TAMS 0x0000000088600000, 0x0000000088500000| Untracked 
| 134|0x0000000088600000, 0x0000000088700000, 0x0000000088700000|100%| O|  |TAMS 0x0000000088700000, 0x0000000088600000| Untracked 
| 135|0x0000000088700000, 0x0000000088800000, 0x0000000088800000|100%| O|  |TAMS 0x0000000088800000, 0x0000000088700000| Untracked 
| 136|0x0000000088800000, 0x0000000088800000, 0x0000000088900000|  0%| F|  |TAMS 0x0000000088800000, 0x0000000088800000| Untracked 
| 137|0x0000000088900000, 0x0000000088a00000, 0x0000000088a00000|100%| O|  |TAMS 0x0000000088a00000, 0x0000000088900000| Untracked 
| 138|0x0000000088a00000, 0x0000000088b00000, 0x0000000088b00000|100%| O|  |TAMS 0x0000000088b00000, 0x0000000088a00000| Untracked 
| 139|0x0000000088b00000, 0x0000000088c00000, 0x0000000088c00000|100%| O|  |TAMS 0x0000000088c00000, 0x0000000088b00000| Untracked 
| 140|0x0000000088c00000, 0x0000000088d00000, 0x0000000088d00000|100%| O|  |TAMS 0x0000000088d00000, 0x0000000088c00000| Untracked 
| 141|0x0000000088d00000, 0x0000000088e00000, 0x0000000088e00000|100%| O|  |TAMS 0x0000000088e00000, 0x0000000088d00000| Untracked 
| 142|0x0000000088e00000, 0x0000000088f00000, 0x0000000088f00000|100%| O|  |TAMS 0x0000000088f00000, 0x0000000088e00000| Untracked 
| 143|0x0000000088f00000, 0x0000000089000000, 0x0000000089000000|100%| O|  |TAMS 0x0000000089000000, 0x0000000088f00000| Untracked 
| 144|0x0000000089000000, 0x0000000089100000, 0x0000000089100000|100%| O|  |TAMS 0x0000000089000000, 0x0000000089000000| Untracked 
| 145|0x0000000089100000, 0x0000000089200000, 0x0000000089200000|100%| O|  |TAMS 0x0000000089200000, 0x0000000089100000| Untracked 
| 146|0x0000000089200000, 0x0000000089300000, 0x0000000089300000|100%| O|  |TAMS 0x0000000089300000, 0x0000000089200000| Untracked 
| 147|0x0000000089300000, 0x0000000089400000, 0x0000000089400000|100%| O|  |TAMS 0x0000000089400000, 0x0000000089300000| Untracked 
| 148|0x0000000089400000, 0x0000000089500000, 0x0000000089500000|100%| O|  |TAMS 0x0000000089500000, 0x0000000089400000| Untracked 
| 149|0x0000000089500000, 0x0000000089600000, 0x0000000089600000|100%| O|  |TAMS 0x0000000089600000, 0x0000000089500000| Untracked 
| 150|0x0000000089600000, 0x0000000089700000, 0x0000000089700000|100%| O|  |TAMS 0x0000000089700000, 0x0000000089600000| Untracked 
| 151|0x0000000089700000, 0x0000000089800000, 0x0000000089800000|100%| O|  |TAMS 0x0000000089800000, 0x0000000089700000| Untracked 
| 152|0x0000000089800000, 0x0000000089900000, 0x0000000089900000|100%| O|  |TAMS 0x0000000089900000, 0x0000000089800000| Untracked 
| 153|0x0000000089900000, 0x0000000089a00000, 0x0000000089a00000|100%| O|  |TAMS 0x0000000089a00000, 0x0000000089900000| Untracked 
| 154|0x0000000089a00000, 0x0000000089b00000, 0x0000000089b00000|100%| O|  |TAMS 0x0000000089b00000, 0x0000000089a00000| Untracked 
| 155|0x0000000089b00000, 0x0000000089c00000, 0x0000000089c00000|100%| O|  |TAMS 0x0000000089c00000, 0x0000000089b00000| Untracked 
| 156|0x0000000089c00000, 0x0000000089d00000, 0x0000000089d00000|100%| O|  |TAMS 0x0000000089d00000, 0x0000000089c00000| Untracked 
| 157|0x0000000089d00000, 0x0000000089d00000, 0x0000000089e00000|  0%| F|  |TAMS 0x0000000089d00000, 0x0000000089d00000| Untracked 
| 158|0x0000000089e00000, 0x0000000089f00000, 0x0000000089f00000|100%| O|  |TAMS 0x0000000089e00000, 0x0000000089e00000| Untracked 
| 159|0x0000000089f00000, 0x000000008a000000, 0x000000008a000000|100%| O|  |TAMS 0x0000000089f00000, 0x0000000089f00000| Untracked 
| 160|0x000000008a000000, 0x000000008a100000, 0x000000008a100000|100%| O|  |TAMS 0x000000008a000000, 0x000000008a000000| Untracked 
| 161|0x000000008a100000, 0x000000008a200000, 0x000000008a200000|100%| O|  |TAMS 0x000000008a100000, 0x000000008a100000| Untracked 
| 162|0x000000008a200000, 0x000000008a300000, 0x000000008a300000|100%| O|  |TAMS 0x000000008a200000, 0x000000008a200000| Untracked 
| 163|0x000000008a300000, 0x000000008a400000, 0x000000008a400000|100%| O|  |TAMS 0x000000008a300000, 0x000000008a300000| Untracked 
| 164|0x000000008a400000, 0x000000008a500000, 0x000000008a500000|100%| O|  |TAMS 0x000000008a400000, 0x000000008a400000| Untracked 
| 165|0x000000008a500000, 0x000000008a600000, 0x000000008a600000|100%| O|  |TAMS 0x000000008a500000, 0x000000008a500000| Untracked 
| 166|0x000000008a600000, 0x000000008a700000, 0x000000008a700000|100%| O|  |TAMS 0x000000008a600000, 0x000000008a600000| Untracked 
| 167|0x000000008a700000, 0x000000008a800000, 0x000000008a800000|100%| O|  |TAMS 0x000000008a700000, 0x000000008a700000| Untracked 
| 168|0x000000008a800000, 0x000000008a900000, 0x000000008a900000|100%| O|  |TAMS 0x000000008a800000, 0x000000008a800000| Untracked 
| 169|0x000000008a900000, 0x000000008aa00000, 0x000000008aa00000|100%| O|  |TAMS 0x000000008a900000, 0x000000008a900000| Untracked 
| 170|0x000000008aa00000, 0x000000008ab00000, 0x000000008ab00000|100%| O|  |TAMS 0x000000008aa00000, 0x000000008aa00000| Untracked 
| 171|0x000000008ab00000, 0x000000008ac00000, 0x000000008ac00000|100%| O|  |TAMS 0x000000008ab00000, 0x000000008ab00000| Untracked 
| 172|0x000000008ac00000, 0x000000008ad00000, 0x000000008ad00000|100%| O|  |TAMS 0x000000008ac00000, 0x000000008ac00000| Untracked 
| 173|0x000000008ad00000, 0x000000008ae00000, 0x000000008ae00000|100%| O|  |TAMS 0x000000008ad00000, 0x000000008ad00000| Untracked 
| 174|0x000000008ae00000, 0x000000008af00000, 0x000000008af00000|100%| O|  |TAMS 0x000000008ae00000, 0x000000008ae00000| Untracked 
| 175|0x000000008af00000, 0x000000008b000000, 0x000000008b000000|100%| O|  |TAMS 0x000000008af00000, 0x000000008af00000| Untracked 
| 176|0x000000008b000000, 0x000000008b0b6000, 0x000000008b100000| 71%| O|  |TAMS 0x000000008b000000, 0x000000008b000000| Untracked 
| 177|0x000000008b100000, 0x000000008b100000, 0x000000008b200000|  0%| F|  |TAMS 0x000000008b100000, 0x000000008b100000| Untracked 
| 178|0x000000008b200000, 0x000000008b200000, 0x000000008b300000|  0%| F|  |TAMS 0x000000008b200000, 0x000000008b200000| Untracked 
| 179|0x000000008b300000, 0x000000008b300000, 0x000000008b400000|  0%| F|  |TAMS 0x000000008b300000, 0x000000008b300000| Untracked 
| 180|0x000000008b400000, 0x000000008b400000, 0x000000008b500000|  0%| F|  |TAMS 0x000000008b400000, 0x000000008b400000| Untracked 
| 181|0x000000008b500000, 0x000000008b500000, 0x000000008b600000|  0%| F|  |TAMS 0x000000008b500000, 0x000000008b500000| Untracked 
| 182|0x000000008b600000, 0x000000008b600000, 0x000000008b700000|  0%| F|  |TAMS 0x000000008b600000, 0x000000008b600000| Untracked 
| 183|0x000000008b700000, 0x000000008b700000, 0x000000008b800000|  0%| F|  |TAMS 0x000000008b700000, 0x000000008b700000| Untracked 
| 184|0x000000008b800000, 0x000000008b800000, 0x000000008b900000|  0%| F|  |TAMS 0x000000008b800000, 0x000000008b800000| Untracked 
| 185|0x000000008b900000, 0x000000008b900000, 0x000000008ba00000|  0%| F|  |TAMS 0x000000008b900000, 0x000000008b900000| Untracked 
| 186|0x000000008ba00000, 0x000000008ba00000, 0x000000008bb00000|  0%| F|  |TAMS 0x000000008ba00000, 0x000000008ba00000| Untracked 
| 187|0x000000008bb00000, 0x000000008bb00000, 0x000000008bc00000|  0%| F|  |TAMS 0x000000008bb00000, 0x000000008bb00000| Untracked 
| 188|0x000000008bc00000, 0x000000008bc00000, 0x000000008bd00000|  0%| F|  |TAMS 0x000000008bc00000, 0x000000008bc00000| Untracked 
| 189|0x000000008bd00000, 0x000000008bd00000, 0x000000008be00000|  0%| F|  |TAMS 0x000000008bd00000, 0x000000008bd00000| Untracked 
| 190|0x000000008be00000, 0x000000008be00000, 0x000000008bf00000|  0%| F|  |TAMS 0x000000008be00000, 0x000000008be00000| Untracked 
| 191|0x000000008bf00000, 0x000000008bf00000, 0x000000008c000000|  0%| F|  |TAMS 0x000000008bf00000, 0x000000008bf00000| Untracked 
| 192|0x000000008c000000, 0x000000008c000000, 0x000000008c100000|  0%| F|  |TAMS 0x000000008c000000, 0x000000008c000000| Untracked 
| 193|0x000000008c100000, 0x000000008c100000, 0x000000008c200000|  0%| F|  |TAMS 0x000000008c100000, 0x000000008c100000| Untracked 
| 194|0x000000008c200000, 0x000000008c200000, 0x000000008c300000|  0%| F|  |TAMS 0x000000008c200000, 0x000000008c200000| Untracked 
| 195|0x000000008c300000, 0x000000008c300000, 0x000000008c400000|  0%| F|  |TAMS 0x000000008c300000, 0x000000008c300000| Untracked 
| 196|0x000000008c400000, 0x000000008c400000, 0x000000008c500000|  0%| F|  |TAMS 0x000000008c400000, 0x000000008c400000| Untracked 
| 197|0x000000008c500000, 0x000000008c500000, 0x000000008c600000|  0%| F|  |TAMS 0x000000008c500000, 0x000000008c500000| Untracked 
| 198|0x000000008c600000, 0x000000008c600000, 0x000000008c700000|  0%| F|  |TAMS 0x000000008c600000, 0x000000008c600000| Untracked 
| 199|0x000000008c700000, 0x000000008c700000, 0x000000008c800000|  0%| F|  |TAMS 0x000000008c700000, 0x000000008c700000| Untracked 
| 200|0x000000008c800000, 0x000000008c800000, 0x000000008c900000|  0%| F|  |TAMS 0x000000008c800000, 0x000000008c800000| Untracked 
| 201|0x000000008c900000, 0x000000008c900000, 0x000000008ca00000|  0%| F|  |TAMS 0x000000008c900000, 0x000000008c900000| Untracked 
| 202|0x000000008ca00000, 0x000000008ca00000, 0x000000008cb00000|  0%| F|  |TAMS 0x000000008ca00000, 0x000000008ca00000| Untracked 
| 203|0x000000008cb00000, 0x000000008cb00000, 0x000000008cc00000|  0%| F|  |TAMS 0x000000008cb00000, 0x000000008cb00000| Untracked 
| 204|0x000000008cc00000, 0x000000008cc00000, 0x000000008cd00000|  0%| F|  |TAMS 0x000000008cc00000, 0x000000008cc00000| Untracked 
| 205|0x000000008cd00000, 0x000000008cd00000, 0x000000008ce00000|  0%| F|  |TAMS 0x000000008cd00000, 0x000000008cd00000| Untracked 
| 206|0x000000008ce00000, 0x000000008ce00000, 0x000000008cf00000|  0%| F|  |TAMS 0x000000008ce00000, 0x000000008ce00000| Untracked 
| 207|0x000000008cf00000, 0x000000008cf00000, 0x000000008d000000|  0%| F|  |TAMS 0x000000008cf00000, 0x000000008cf00000| Untracked 
| 208|0x000000008d000000, 0x000000008d000000, 0x000000008d100000|  0%| F|  |TAMS 0x000000008d000000, 0x000000008d000000| Untracked 
| 209|0x000000008d100000, 0x000000008d100000, 0x000000008d200000|  0%| F|  |TAMS 0x000000008d100000, 0x000000008d100000| Untracked 
| 210|0x000000008d200000, 0x000000008d200000, 0x000000008d300000|  0%| F|  |TAMS 0x000000008d200000, 0x000000008d200000| Untracked 
| 211|0x000000008d300000, 0x000000008d300000, 0x000000008d400000|  0%| F|  |TAMS 0x000000008d300000, 0x000000008d300000| Untracked 
| 212|0x000000008d400000, 0x000000008d400000, 0x000000008d500000|  0%| F|  |TAMS 0x000000008d400000, 0x000000008d400000| Untracked 
| 213|0x000000008d500000, 0x000000008d500000, 0x000000008d600000|  0%| F|  |TAMS 0x000000008d500000, 0x000000008d500000| Untracked 
| 214|0x000000008d600000, 0x000000008d600000, 0x000000008d700000|  0%| F|  |TAMS 0x000000008d600000, 0x000000008d600000| Untracked 
| 215|0x000000008d700000, 0x000000008d700000, 0x000000008d800000|  0%| F|  |TAMS 0x000000008d700000, 0x000000008d700000| Untracked 
| 216|0x000000008d800000, 0x000000008d800000, 0x000000008d900000|  0%| F|  |TAMS 0x000000008d800000, 0x000000008d800000| Untracked 
| 217|0x000000008d900000, 0x000000008d900000, 0x000000008da00000|  0%| F|  |TAMS 0x000000008d900000, 0x000000008d900000| Untracked 
| 218|0x000000008da00000, 0x000000008da00000, 0x000000008db00000|  0%| F|  |TAMS 0x000000008da00000, 0x000000008da00000| Untracked 
| 219|0x000000008db00000, 0x000000008db00000, 0x000000008dc00000|  0%| F|  |TAMS 0x000000008db00000, 0x000000008db00000| Untracked 
| 220|0x000000008dc00000, 0x000000008dc00000, 0x000000008dd00000|  0%| F|  |TAMS 0x000000008dc00000, 0x000000008dc00000| Untracked 
| 221|0x000000008dd00000, 0x000000008dd00000, 0x000000008de00000|  0%| F|  |TAMS 0x000000008dd00000, 0x000000008dd00000| Untracked 
| 222|0x000000008de00000, 0x000000008de00000, 0x000000008df00000|  0%| F|  |TAMS 0x000000008de00000, 0x000000008de00000| Untracked 
| 223|0x000000008df00000, 0x000000008df00000, 0x000000008e000000|  0%| F|  |TAMS 0x000000008df00000, 0x000000008df00000| Untracked 
| 224|0x000000008e000000, 0x000000008e000000, 0x000000008e100000|  0%| F|  |TAMS 0x000000008e000000, 0x000000008e000000| Untracked 
| 225|0x000000008e100000, 0x000000008e100000, 0x000000008e200000|  0%| F|  |TAMS 0x000000008e100000, 0x000000008e100000| Untracked 
| 226|0x000000008e200000, 0x000000008e200000, 0x000000008e300000|  0%| F|  |TAMS 0x000000008e200000, 0x000000008e200000| Untracked 
| 227|0x000000008e300000, 0x000000008e300000, 0x000000008e400000|  0%| F|  |TAMS 0x000000008e300000, 0x000000008e300000| Untracked 
| 228|0x000000008e400000, 0x000000008e400000, 0x000000008e500000|  0%| F|  |TAMS 0x000000008e400000, 0x000000008e400000| Untracked 
| 229|0x000000008e500000, 0x000000008e500000, 0x000000008e600000|  0%| F|  |TAMS 0x000000008e500000, 0x000000008e500000| Untracked 
| 230|0x000000008e600000, 0x000000008e600000, 0x000000008e700000|  0%| F|  |TAMS 0x000000008e600000, 0x000000008e600000| Untracked 
| 231|0x000000008e700000, 0x000000008e700000, 0x000000008e800000|  0%| F|  |TAMS 0x000000008e700000, 0x000000008e700000| Untracked 
| 232|0x000000008e800000, 0x000000008e800000, 0x000000008e900000|  0%| F|  |TAMS 0x000000008e800000, 0x000000008e800000| Untracked 
| 233|0x000000008e900000, 0x000000008e900000, 0x000000008ea00000|  0%| F|  |TAMS 0x000000008e900000, 0x000000008e900000| Untracked 
| 234|0x000000008ea00000, 0x000000008ea00000, 0x000000008eb00000|  0%| F|  |TAMS 0x000000008ea00000, 0x000000008ea00000| Untracked 
| 235|0x000000008eb00000, 0x000000008eb00000, 0x000000008ec00000|  0%| F|  |TAMS 0x000000008eb00000, 0x000000008eb00000| Untracked 
| 236|0x000000008ec00000, 0x000000008ec00000, 0x000000008ed00000|  0%| F|  |TAMS 0x000000008ec00000, 0x000000008ec00000| Untracked 
| 237|0x000000008ed00000, 0x000000008ed00000, 0x000000008ee00000|  0%| F|  |TAMS 0x000000008ed00000, 0x000000008ed00000| Untracked 
| 238|0x000000008ee00000, 0x000000008ee00000, 0x000000008ef00000|  0%| F|  |TAMS 0x000000008ee00000, 0x000000008ee00000| Untracked 
| 239|0x000000008ef00000, 0x000000008ef00000, 0x000000008f000000|  0%| F|  |TAMS 0x000000008ef00000, 0x000000008ef00000| Untracked 
| 240|0x000000008f000000, 0x000000008f000000, 0x000000008f100000|  0%| F|  |TAMS 0x000000008f000000, 0x000000008f000000| Untracked 
| 241|0x000000008f100000, 0x000000008f100000, 0x000000008f200000|  0%| F|  |TAMS 0x000000008f100000, 0x000000008f100000| Untracked 
| 242|0x000000008f200000, 0x000000008f200000, 0x000000008f300000|  0%| F|  |TAMS 0x000000008f200000, 0x000000008f200000| Untracked 
| 243|0x000000008f300000, 0x000000008f300000, 0x000000008f400000|  0%| F|  |TAMS 0x000000008f300000, 0x000000008f300000| Untracked 
| 244|0x000000008f400000, 0x000000008f400000, 0x000000008f500000|  0%| F|  |TAMS 0x000000008f400000, 0x000000008f400000| Untracked 
| 245|0x000000008f500000, 0x000000008f500000, 0x000000008f600000|  0%| F|  |TAMS 0x000000008f500000, 0x000000008f500000| Untracked 
| 246|0x000000008f600000, 0x000000008f600000, 0x000000008f700000|  0%| F|  |TAMS 0x000000008f600000, 0x000000008f600000| Untracked 
| 247|0x000000008f700000, 0x000000008f700000, 0x000000008f800000|  0%| F|  |TAMS 0x000000008f700000, 0x000000008f700000| Untracked 
| 248|0x000000008f800000, 0x000000008f800000, 0x000000008f900000|  0%| F|  |TAMS 0x000000008f800000, 0x000000008f800000| Untracked 
| 249|0x000000008f900000, 0x000000008f900000, 0x000000008fa00000|  0%| F|  |TAMS 0x000000008f900000, 0x000000008f900000| Untracked 
| 250|0x000000008fa00000, 0x000000008fa00000, 0x000000008fb00000|  0%| F|  |TAMS 0x000000008fa00000, 0x000000008fa00000| Untracked 
| 251|0x000000008fb00000, 0x000000008fb00000, 0x000000008fc00000|  0%| F|  |TAMS 0x000000008fb00000, 0x000000008fb00000| Untracked 
| 252|0x000000008fc00000, 0x000000008fc00000, 0x000000008fd00000|  0%| F|  |TAMS 0x000000008fc00000, 0x000000008fc00000| Untracked 
| 253|0x000000008fd00000, 0x000000008fd00000, 0x000000008fe00000|  0%| F|  |TAMS 0x000000008fd00000, 0x000000008fd00000| Untracked 
| 254|0x000000008fe00000, 0x000000008fe00000, 0x000000008ff00000|  0%| F|  |TAMS 0x000000008fe00000, 0x000000008fe00000| Untracked 
| 255|0x000000008ff00000, 0x000000008ff00000, 0x0000000090000000|  0%| F|  |TAMS 0x000000008ff00000, 0x000000008ff00000| Untracked 
| 256|0x0000000090000000, 0x0000000090000000, 0x0000000090100000|  0%| F|  |TAMS 0x0000000090000000, 0x0000000090000000| Untracked 
| 257|0x0000000090100000, 0x0000000090100000, 0x0000000090200000|  0%| F|  |TAMS 0x0000000090100000, 0x0000000090100000| Untracked 
| 258|0x0000000090200000, 0x0000000090200000, 0x0000000090300000|  0%| F|  |TAMS 0x0000000090200000, 0x0000000090200000| Untracked 
| 259|0x0000000090300000, 0x0000000090300000, 0x0000000090400000|  0%| F|  |TAMS 0x0000000090300000, 0x0000000090300000| Untracked 
| 260|0x0000000090400000, 0x0000000090400000, 0x0000000090500000|  0%| F|  |TAMS 0x0000000090400000, 0x0000000090400000| Untracked 
| 261|0x0000000090500000, 0x0000000090500000, 0x0000000090600000|  0%| F|  |TAMS 0x0000000090500000, 0x0000000090500000| Untracked 
| 262|0x0000000090600000, 0x0000000090600000, 0x0000000090700000|  0%| F|  |TAMS 0x0000000090600000, 0x0000000090600000| Untracked 
| 263|0x0000000090700000, 0x0000000090700000, 0x0000000090800000|  0%| F|  |TAMS 0x0000000090700000, 0x0000000090700000| Untracked 
| 264|0x0000000090800000, 0x0000000090800000, 0x0000000090900000|  0%| F|  |TAMS 0x0000000090800000, 0x0000000090800000| Untracked 
| 265|0x0000000090900000, 0x0000000090900000, 0x0000000090a00000|  0%| F|  |TAMS 0x0000000090900000, 0x0000000090900000| Untracked 
| 266|0x0000000090a00000, 0x0000000090a00000, 0x0000000090b00000|  0%| F|  |TAMS 0x0000000090a00000, 0x0000000090a00000| Untracked 
| 267|0x0000000090b00000, 0x0000000090c00000, 0x0000000090c00000|100%| E|  |TAMS 0x0000000090b00000, 0x0000000090b00000| Complete 
| 268|0x0000000090c00000, 0x0000000090d00000, 0x0000000090d00000|100%| E|CS|TAMS 0x0000000090c00000, 0x0000000090c00000| Complete 
| 269|0x0000000090d00000, 0x0000000090e00000, 0x0000000090e00000|100%| E|CS|TAMS 0x0000000090d00000, 0x0000000090d00000| Complete 
| 270|0x0000000090e00000, 0x0000000090f00000, 0x0000000090f00000|100%| E|CS|TAMS 0x0000000090e00000, 0x0000000090e00000| Complete 
| 271|0x0000000090f00000, 0x0000000091000000, 0x0000000091000000|100%| E|CS|TAMS 0x0000000090f00000, 0x0000000090f00000| Complete 
| 272|0x0000000091000000, 0x0000000091100000, 0x0000000091100000|100%| E|CS|TAMS 0x0000000091000000, 0x0000000091000000| Complete 
| 273|0x0000000091100000, 0x0000000091200000, 0x0000000091200000|100%| E|CS|TAMS 0x0000000091100000, 0x0000000091100000| Complete 
| 274|0x0000000091200000, 0x0000000091300000, 0x0000000091300000|100%| E|CS|TAMS 0x0000000091200000, 0x0000000091200000| Complete 
| 275|0x0000000091300000, 0x0000000091400000, 0x0000000091400000|100%| E|CS|TAMS 0x0000000091300000, 0x0000000091300000| Complete 
| 276|0x0000000091400000, 0x0000000091500000, 0x0000000091500000|100%| S|CS|TAMS 0x0000000091400000, 0x0000000091400000| Complete 
| 277|0x0000000091500000, 0x0000000091600000, 0x0000000091600000|100%| S|CS|TAMS 0x0000000091500000, 0x0000000091500000| Complete 
| 278|0x0000000091600000, 0x0000000091700000, 0x0000000091700000|100%| E|CS|TAMS 0x0000000091600000, 0x0000000091600000| Complete 
| 279|0x0000000091700000, 0x0000000091800000, 0x0000000091800000|100%| E|CS|TAMS 0x0000000091700000, 0x0000000091700000| Complete 
| 280|0x0000000091800000, 0x0000000091900000, 0x0000000091900000|100%| E|CS|TAMS 0x0000000091800000, 0x0000000091800000| Complete 
| 281|0x0000000091900000, 0x0000000091a00000, 0x0000000091a00000|100%| E|CS|TAMS 0x0000000091900000, 0x0000000091900000| Complete 
| 282|0x0000000091a00000, 0x0000000091b00000, 0x0000000091b00000|100%| E|CS|TAMS 0x0000000091a00000, 0x0000000091a00000| Complete 
| 283|0x0000000091b00000, 0x0000000091c00000, 0x0000000091c00000|100%| E|CS|TAMS 0x0000000091b00000, 0x0000000091b00000| Complete 
| 284|0x0000000091c00000, 0x0000000091d00000, 0x0000000091d00000|100%| E|CS|TAMS 0x0000000091c00000, 0x0000000091c00000| Complete 

Card table byte_map: [0x0000019537ba0000,0x0000019537fa0000] _byte_map_base: 0x00000195377a0000

Marking Bits (Prev, Next): (CMBitMap*) 0x000001951f1532a0, (CMBitMap*) 0x000001951f1532e0
 Prev Bits: [0x00000195383a0000, 0x000001953a3a0000)
 Next Bits: [0x000001953a3a0000, 0x000001953c3a0000)

Polling page: 0x000001951eed0000

Metaspace:

Usage:
  Non-class:     82.45 MB used.
      Class:     13.21 MB used.
       Both:     95.67 MB used.

Virtual space:
  Non-class space:       88.00 MB reserved,      83.38 MB ( 95%) committed,  11 nodes.
      Class space:      412.00 MB reserved,      13.94 MB (  3%) committed,  1 nodes.
             Both:      500.00 MB reserved,      97.31 MB ( 19%) committed. 

Chunk freelists:
   Non-Class:  512.00 KB
       Class:  2.08 MB
        Both:  2.58 MB

MaxMetaspaceSize: 512.00 MB
CompressedClassSpaceSize: 412.00 MB
Initial GC threshold: 21.00 MB
Current GC threshold: 160.12 MB
CDS: on
MetaspaceReclaimPolicy: balanced
 - commit_granule_bytes: 65536.
 - commit_granule_words: 8192.
 - virtual_space_node_default_size: 1048576.
 - enlarge_chunks_in_place: 1.
 - new_chunks_are_fully_committed: 0.
 - uncommit_free_chunks: 1.
 - use_allocation_guard: 0.
 - handle_deallocations: 1.


Internal statistics:

num_allocs_failed_limit: 6.
num_arena_births: 1694.
num_arena_deaths: 0.
num_vsnodes_births: 12.
num_vsnodes_deaths: 0.
num_space_committed: 1557.
num_space_uncommitted: 0.
num_chunks_returned_to_freelist: 6.
num_chunks_taken_from_freelist: 6236.
num_chunk_merges: 6.
num_chunk_splits: 3973.
num_chunks_enlarged: 2472.
num_purges: 0.
num_inconsistent_stats: 0.

CodeHeap 'non-profiled nmethods': size=120000Kb used=9874Kb max_used=9874Kb free=110125Kb
 bounds [0x000001952fc40000, 0x00000195305f0000, 0x0000019537170000]
CodeHeap 'profiled nmethods': size=120000Kb used=25740Kb max_used=25740Kb free=94259Kb
 bounds [0x0000019528170000, 0x0000019529aa0000, 0x000001952f6a0000]
CodeHeap 'non-nmethods': size=5760Kb used=2406Kb max_used=2506Kb free=3353Kb
 bounds [0x000001952f6a0000, 0x000001952f940000, 0x000001952fc40000]
 total_blobs=13661 nmethods=12718 adapters=855
 compilation: enabled
              stopped_count=0, restarted_count=0
 full_count=0

Compilation events (20 events):
Event: 1012.480 Thread 0x000001953e9fcc20 15007       3       org.jetbrains.kotlin.gradle.plugin.mpp.SyncKotlinAndAndroidSourceSetsKt$syncKotlinAndAndroidSourceDirs$1::invoke (9 bytes)
Event: 1012.481 Thread 0x000001953e9fcc20 nmethod 15007 0x0000019529a88510 code [0x0000019529a886c0, 0x0000019529a88908]
Event: 1012.482 Thread 0x000001953e9fcc20 15008       3       org.jetbrains.kotlin.gradle.plugin.KotlinPluginKt$sam$org_gradle_api_Action$0::<init> (10 bytes)
Event: 1012.482 Thread 0x000001953e9fcc20 nmethod 15008 0x0000019529a88a10 code [0x0000019529a88ba0, 0x0000019529a88d58]
Event: 1012.483 Thread 0x000001953e9fcc20 15009       3       org.gradle.api.tasks.util.internal.PatternSpecFactory::createIncludeSpec (67 bytes)
Event: 1012.484 Thread 0x000001953e9fcc20 nmethod 15009 0x0000019529a88e10 code [0x0000019529a89160, 0x0000019529a8a968]
Event: 1012.484 Thread 0x000001953e9fcc20 15010       3       org.gradle.api.tasks.util.internal.PatternSpecFactory::createExcludeSpec (98 bytes)
Event: 1012.486 Thread 0x000001953e9fcc20 nmethod 15010 0x0000019529a8b010 code [0x0000019529a8b3e0, 0x0000019529a8d408]
Event: 1012.486 Thread 0x000001953e9fcc20 15011       3       org.gradle.api.tasks.util.internal.PatternSpecFactory$CaseSensitivity::forCaseSensitive (14 bytes)
Event: 1012.486 Thread 0x000001953e9fcc20 nmethod 15011 0x0000019529a8dc90 code [0x0000019529a8de20, 0x0000019529a8df98]
Event: 1012.486 Thread 0x000001953e9fcc20 15012       3       org.jetbrains.kotlin.gradle.plugin.AbstractAndroidProjectHandler::addKotlinDependenciesToAndroidSourceSets$addDependenciesToAndroidSourceSet (163 bytes)
Event: 1012.488 Thread 0x000001953e9fcc20 nmethod 15012 0x0000019529a8e010 code [0x0000019529a8e440, 0x0000019529a906c8]
Event: 1012.488 Thread 0x000001953e9fcc20 15013       3       com.google.common.collect.RegularImmutableList::spliterator (11 bytes)
Event: 1012.488 Thread 0x000001953e9fcc20 nmethod 15013 0x0000019529a91090 code [0x0000019529a91260, 0x0000019529a915d8]
Event: 1012.498 Thread 0x000001953e9fcc20 15014   !   3       org.gradle.api.internal.project.DefaultProjectStateRegistry$ProjectStateImpl::getMutableModel (47 bytes)
Event: 1012.499 Thread 0x000001953e9fcc20 nmethod 15014 0x0000019529a91790 code [0x0000019529a91a20, 0x0000019529a926b8]
Event: 1012.611 Thread 0x000001953e9fcc20 15015   !   3       org.gradle.launcher.daemon.server.exec.LogToClient$AsynchronousLogDispatcher::dispatchAsync (33 bytes)
Event: 1012.611 Thread 0x000001953e9fcc20 nmethod 15015 0x0000019529a92d10 code [0x0000019529a92f00, 0x0000019529a933e8]
Event: 1012.614 Thread 0x000001953e9fcc20 15016       3       org.gradle.launcher.daemon.protocol.DaemonMessageSerializer$OutputMessageSerializer::write (10 bytes)
Event: 1012.614 Thread 0x000001953e9fcc20 nmethod 15016 0x0000019529a93690 code [0x0000019529a93840, 0x0000019529a93ba8]

GC Heap History (20 events):
Event: 959.835 GC heap before
{Heap before GC invocations=82 (full 0):
 garbage-first heap   total 232448K, used 144263K [0x0000000080000000, 0x0000000100000000)
  region size 1024K, 11 young (11264K), 5 survivors (5120K)
 Metaspace       used 87593K, committed 88960K, reserved 503808K
  class space    used 12060K, committed 12672K, reserved 421888K
}
Event: 959.845 GC heap after
{Heap after GC invocations=83 (full 0):
 garbage-first heap   total 232448K, used 139312K [0x0000000080000000, 0x0000000100000000)
  region size 1024K, 2 young (2048K), 2 survivors (2048K)
 Metaspace       used 87593K, committed 88960K, reserved 503808K
  class space    used 12060K, committed 12672K, reserved 421888K
}
Event: 967.914 GC heap before
{Heap before GC invocations=83 (full 0):
 garbage-first heap   total 232448K, used 184368K [0x0000000080000000, 0x0000000100000000)
  region size 1024K, 46 young (47104K), 2 survivors (2048K)
 Metaspace       used 90001K, committed 91392K, reserved 503808K
  class space    used 12411K, committed 13056K, reserved 421888K
}
Event: 967.922 GC heap after
{Heap after GC invocations=84 (full 0):
 garbage-first heap   total 232448K, used 143630K [0x0000000080000000, 0x0000000100000000)
  region size 1024K, 6 young (6144K), 6 survivors (6144K)
 Metaspace       used 90001K, committed 91392K, reserved 503808K
  class space    used 12411K, committed 13056K, reserved 421888K
}
Event: 972.687 GC heap before
{Heap before GC invocations=85 (full 0):
 garbage-first heap   total 254976K, used 187662K [0x0000000080000000, 0x0000000100000000)
  region size 1024K, 49 young (50176K), 6 survivors (6144K)
 Metaspace       used 92395K, committed 93888K, reserved 503808K
  class space    used 12734K, committed 13376K, reserved 421888K
}
Event: 972.699 GC heap after
{Heap after GC invocations=86 (full 0):
 garbage-first heap   total 254976K, used 148422K [0x0000000080000000, 0x0000000100000000)
  region size 1024K, 5 young (5120K), 5 survivors (5120K)
 Metaspace       used 92395K, committed 93888K, reserved 503808K
  class space    used 12734K, committed 13376K, reserved 421888K
}
Event: 973.135 GC heap before
{Heap before GC invocations=86 (full 0):
 garbage-first heap   total 254976K, used 155590K [0x0000000080000000, 0x0000000100000000)
  region size 1024K, 12 young (12288K), 5 survivors (5120K)
 Metaspace       used 92541K, committed 94016K, reserved 503808K
  class space    used 12756K, committed 13440K, reserved 421888K
}
Event: 973.143 GC heap after
{Heap after GC invocations=87 (full 0):
 garbage-first heap   total 254976K, used 147674K [0x0000000080000000, 0x0000000100000000)
  region size 1024K, 2 young (2048K), 2 survivors (2048K)
 Metaspace       used 92541K, committed 94016K, reserved 503808K
  class space    used 12756K, committed 13440K, reserved 421888K
}
Event: 978.261 GC heap before
{Heap before GC invocations=87 (full 0):
 garbage-first heap   total 254976K, used 205018K [0x0000000080000000, 0x0000000100000000)
  region size 1024K, 58 young (59392K), 2 survivors (2048K)
 Metaspace       used 94007K, committed 95488K, reserved 512000K
  class space    used 12963K, committed 13632K, reserved 421888K
}
Event: 978.270 GC heap after
{Heap after GC invocations=88 (full 0):
 garbage-first heap   total 254976K, used 154558K [0x0000000080000000, 0x0000000100000000)
  region size 1024K, 8 young (8192K), 8 survivors (8192K)
 Metaspace       used 94007K, committed 95488K, reserved 512000K
  class space    used 12963K, committed 13632K, reserved 421888K
}
Event: 987.382 GC heap before
{Heap before GC invocations=89 (full 0):
 garbage-first heap   total 271360K, used 206782K [0x0000000080000000, 0x0000000100000000)
  region size 1024K, 59 young (60416K), 8 survivors (8192K)
 Metaspace       used 96010K, committed 97536K, reserved 512000K
  class space    used 13221K, committed 13888K, reserved 421888K
}
Event: 987.397 GC heap after
{Heap after GC invocations=90 (full 0):
 garbage-first heap   total 271360K, used 160480K [0x0000000080000000, 0x0000000100000000)
  region size 1024K, 6 young (6144K), 6 survivors (6144K)
 Metaspace       used 96010K, committed 97536K, reserved 512000K
  class space    used 13221K, committed 13888K, reserved 421888K
}
Event: 989.125 GC heap before
{Heap before GC invocations=90 (full 0):
 garbage-first heap   total 271360K, used 167648K [0x0000000080000000, 0x0000000100000000)
  region size 1024K, 13 young (13312K), 6 survivors (6144K)
 Metaspace       used 96122K, committed 97600K, reserved 512000K
  class space    used 13244K, committed 13888K, reserved 421888K
}
Event: 989.137 GC heap after
{Heap after GC invocations=91 (full 0):
 garbage-first heap   total 271360K, used 160940K [0x0000000080000000, 0x0000000100000000)
  region size 1024K, 2 young (2048K), 2 survivors (2048K)
 Metaspace       used 96122K, committed 97600K, reserved 512000K
  class space    used 13244K, committed 13888K, reserved 421888K
}
Event: 994.565 GC heap before
{Heap before GC invocations=91 (full 0):
 garbage-first heap   total 271360K, used 220332K [0x0000000080000000, 0x0000000100000000)
  region size 1024K, 60 young (61440K), 2 survivors (2048K)
 Metaspace       used 96727K, committed 98368K, reserved 512000K
  class space    used 13345K, committed 14080K, reserved 421888K
}
Event: 994.579 GC heap after
{Heap after GC invocations=92 (full 0):
 garbage-first heap   total 271360K, used 171969K [0x0000000080000000, 0x0000000100000000)
  region size 1024K, 8 young (8192K), 8 survivors (8192K)
 Metaspace       used 96727K, committed 98368K, reserved 512000K
  class space    used 13345K, committed 14080K, reserved 421888K
}
Event: 1007.505 GC heap before
{Heap before GC invocations=93 (full 0):
 garbage-first heap   total 291840K, used 221121K [0x0000000080000000, 0x0000000100000000)
  region size 1024K, 56 young (57344K), 8 survivors (8192K)
 Metaspace       used 97524K, committed 99200K, reserved 512000K
  class space    used 13460K, committed 14208K, reserved 421888K
}
Event: 1007.525 GC heap after
{Heap after GC invocations=94 (full 0):
 garbage-first heap   total 291840K, used 179608K [0x0000000080000000, 0x0000000100000000)
  region size 1024K, 7 young (7168K), 7 survivors (7168K)
 Metaspace       used 97524K, committed 99200K, reserved 512000K
  class space    used 13460K, committed 14208K, reserved 421888K
}
Event: 1008.811 GC heap before
{Heap before GC invocations=94 (full 0):
 garbage-first heap   total 291840K, used 185752K [0x0000000080000000, 0x0000000100000000)
  region size 1024K, 14 young (14336K), 7 survivors (7168K)
 Metaspace       used 97551K, committed 99264K, reserved 512000K
  class space    used 13461K, committed 14208K, reserved 421888K
}
Event: 1008.824 GC heap after
{Heap after GC invocations=95 (full 0):
 garbage-first heap   total 291840K, used 180952K [0x0000000080000000, 0x0000000100000000)
  region size 1024K, 2 young (2048K), 2 survivors (2048K)
 Metaspace       used 97551K, committed 99264K, reserved 512000K
  class space    used 13461K, committed 14208K, reserved 421888K
}

Deoptimization events (20 events):
Event: 1012.288 Thread 0x0000019540806e00 Uncommon trap: trap_request=0xffffffde fr.pc=0x000001953027d598 relative=0x0000000000000e58
Event: 1012.288 Thread 0x0000019540806e00 Uncommon trap: reason=class_check action=maybe_recompile pc=0x000001953027d598 method=groovy.lang.MetaClassImpl.getMethodWithoutCaching(Ljava/lang/Class;Ljava/lang/String;[Ljava/lang/Class;Z)Lgroovy/lang/MetaMethod; @ 26 c2
Event: 1012.288 Thread 0x0000019540806e00 DEOPT PACKING pc=0x000001953027d598 sp=0x0000007083af76e0
Event: 1012.288 Thread 0x0000019540806e00 DEOPT UNPACKING pc=0x000001952f6f23a3 sp=0x0000007083af76e0 mode 2
Event: 1012.301 Thread 0x0000019540806e00 Uncommon trap: trap_request=0xffffff45 fr.pc=0x00000195303f5ddc relative=0x00000000000000bc
Event: 1012.303 Thread 0x0000019540806e00 Uncommon trap: reason=unstable_if action=reinterpret pc=0x00000195303f5ddc method=org.gradle.api.internal.DefaultDomainObjectCollection.doAdd(Ljava/lang/Object;Lorg/gradle/api/Action;)Z @ 10 c2
Event: 1012.303 Thread 0x0000019540806e00 DEOPT PACKING pc=0x00000195303f5ddc sp=0x0000007083af6950
Event: 1012.303 Thread 0x0000019540806e00 DEOPT UNPACKING pc=0x000001952f6f23a3 sp=0x0000007083af68e8 mode 2
Event: 1012.385 Thread 0x0000019540806e00 Uncommon trap: trap_request=0xffffffbe fr.pc=0x00000195305e2880 relative=0x0000000000000360
Event: 1012.385 Thread 0x0000019540806e00 Uncommon trap: reason=profile_predicate action=maybe_recompile pc=0x00000195305e2880 method=java.util.regex.Pattern$Slice.match(Ljava/util/regex/Matcher;ILjava/lang/CharSequence;)Z @ 18 c2
Event: 1012.385 Thread 0x0000019540806e00 DEOPT PACKING pc=0x00000195305e2880 sp=0x0000007083af9820
Event: 1012.385 Thread 0x0000019540806e00 DEOPT UNPACKING pc=0x000001952f6f23a3 sp=0x0000007083af9790 mode 2
Event: 1012.385 Thread 0x0000019540806e00 Uncommon trap: trap_request=0xffffffbe fr.pc=0x00000195305e2880 relative=0x0000000000000360
Event: 1012.385 Thread 0x0000019540806e00 Uncommon trap: reason=profile_predicate action=maybe_recompile pc=0x00000195305e2880 method=java.util.regex.Pattern$Slice.match(Ljava/util/regex/Matcher;ILjava/lang/CharSequence;)Z @ 18 c2
Event: 1012.385 Thread 0x0000019540806e00 DEOPT PACKING pc=0x00000195305e2880 sp=0x0000007083af9820
Event: 1012.385 Thread 0x0000019540806e00 DEOPT UNPACKING pc=0x000001952f6f23a3 sp=0x0000007083af9790 mode 2
Event: 1012.385 Thread 0x0000019540806e00 Uncommon trap: trap_request=0xffffffbe fr.pc=0x00000195305e2880 relative=0x0000000000000360
Event: 1012.385 Thread 0x0000019540806e00 Uncommon trap: reason=profile_predicate action=maybe_recompile pc=0x00000195305e2880 method=java.util.regex.Pattern$Slice.match(Ljava/util/regex/Matcher;ILjava/lang/CharSequence;)Z @ 18 c2
Event: 1012.385 Thread 0x0000019540806e00 DEOPT PACKING pc=0x00000195305e2880 sp=0x0000007083af9820
Event: 1012.385 Thread 0x0000019540806e00 DEOPT UNPACKING pc=0x000001952f6f23a3 sp=0x0000007083af9790 mode 2

Classes unloaded (0 events):
No events

Classes redefined (0 events):
No events

Internal exceptions (20 events):
Event: 1012.265 Thread 0x0000019540806e00 Exception <a 'java/lang/NullPointerException'{0x000000009114a9e8}> (0x000000009114a9e8) 
thrown [s\open\src\hotspot\share\runtime\sharedRuntime.cpp, line 628]
Event: 1012.265 Thread 0x0000019540806e00 Implicit null exception at 0x000001952882cf10 to 0x000001952882d566
Event: 1012.266 Thread 0x0000019540806e00 Exception <a 'java/lang/NullPointerException'{0x000000009114c200}> (0x000000009114c200) 
thrown [s\open\src\hotspot\share\runtime\sharedRuntime.cpp, line 628]
Event: 1012.266 Thread 0x0000019540806e00 Implicit null exception at 0x000001952882cf10 to 0x000001952882d566
Event: 1012.266 Thread 0x0000019540806e00 Exception <a 'java/lang/NullPointerException'{0x000000009114da18}> (0x000000009114da18) 
thrown [s\open\src\hotspot\share\runtime\sharedRuntime.cpp, line 628]
Event: 1012.266 Thread 0x0000019540806e00 Implicit null exception at 0x000001952882cf10 to 0x000001952882d566
Event: 1012.267 Thread 0x0000019540806e00 Exception <a 'java/lang/NullPointerException'{0x000000009114f230}> (0x000000009114f230) 
thrown [s\open\src\hotspot\share\runtime\sharedRuntime.cpp, line 628]
Event: 1012.267 Thread 0x0000019540806e00 Implicit null exception at 0x000001952882cf10 to 0x000001952882d566
Event: 1012.267 Thread 0x0000019540806e00 Exception <a 'java/lang/NullPointerException'{0x0000000091150a48}> (0x0000000091150a48) 
thrown [s\open\src\hotspot\share\runtime\sharedRuntime.cpp, line 628]
Event: 1012.273 Thread 0x0000019540806e00 Exception <a 'java/lang/ClassNotFoundException'{0x0000000091196050}: org/gradle/internal/io/LinePerThreadBufferingOutputStreamBeanInfo> (0x0000000091196050) 
thrown [s\open\src\hotspot\share\classfile\systemDictionary.cpp, line 256]
Event: 1012.273 Thread 0x0000019540806e00 Exception <a 'java/lang/ClassNotFoundException'{0x000000009119f870}: java/io/PrintStreamBeanInfo> (0x000000009119f870) 
thrown [s\open\src\hotspot\share\classfile\systemDictionary.cpp, line 256]
Event: 1012.274 Thread 0x0000019540806e00 Exception <a 'java/lang/ClassNotFoundException'{0x00000000911a9380}: java/io/FilterOutputStreamBeanInfo> (0x00000000911a9380) 
thrown [s\open\src\hotspot\share\classfile\systemDictionary.cpp, line 256]
Event: 1012.275 Thread 0x0000019540806e00 Exception <a 'java/lang/ClassNotFoundException'{0x00000000911b2e38}: java/io/OutputStreamBeanInfo> (0x00000000911b2e38) 
thrown [s\open\src\hotspot\share\classfile\systemDictionary.cpp, line 256]
Event: 1012.276 Thread 0x0000019540806e00 Exception <a 'java/lang/ClassNotFoundException'{0x00000000911bc8c0}: java/io/OutputStreamCustomizer> (0x00000000911bc8c0) 
thrown [s\open\src\hotspot\share\classfile\systemDictionary.cpp, line 256]
Event: 1012.276 Thread 0x0000019540806e00 Exception <a 'java/lang/ClassNotFoundException'{0x00000000911c9eb8}: java/io/FilterOutputStreamCustomizer> (0x00000000911c9eb8) 
thrown [s\open\src\hotspot\share\classfile\systemDictionary.cpp, line 256]
Event: 1012.277 Thread 0x0000019540806e00 Exception <a 'java/lang/ClassNotFoundException'{0x00000000911d8b10}: java/io/PrintStreamCustomizer> (0x00000000911d8b10) 
thrown [s\open\src\hotspot\share\classfile\systemDictionary.cpp, line 256]
Event: 1012.280 Thread 0x0000019540806e00 Exception <a 'java/lang/ClassNotFoundException'{0x0000000091000d98}: org/gradle/internal/io/LinePerThreadBufferingOutputStreamCustomizer> (0x0000000091000d98) 
thrown [s\open\src\hotspot\share\classfile\systemDictionary.cpp, line 256]
Event: 1012.286 Thread 0x0000019540806e00 Exception <a 'java/lang/ClassNotFoundException'{0x0000000091048390}: ColorsBeanInfo> (0x0000000091048390) 
thrown [s\open\src\hotspot\share\classfile\systemDictionary.cpp, line 256]
Event: 1012.286 Thread 0x0000019540806e00 Exception <a 'java/lang/ClassNotFoundException'{0x00000000910535f0}: ColorsCustomizer> (0x00000000910535f0) 
thrown [s\open\src\hotspot\share\classfile\systemDictionary.cpp, line 256]
Event: 1012.477 Thread 0x0000019540806e00 Exception <a 'java/lang/NoClassDefFoundError'{0x0000000090c1f740}: org/jetbrains/kotlin/gradle/plugin/KotlinBasePluginWrapper> (0x0000000090c1f740) 
thrown [s\open\src\hotspot\share\oops\constantPool.cpp, line 835]

VM Operations (20 events):
Event: 1002.461 Executing VM operation: Cleanup
Event: 1002.461 Executing VM operation: Cleanup done
Event: 1003.472 Executing VM operation: Cleanup
Event: 1003.472 Executing VM operation: Cleanup done
Event: 1004.486 Executing VM operation: Cleanup
Event: 1004.486 Executing VM operation: Cleanup done
Event: 1005.489 Executing VM operation: Cleanup
Event: 1005.489 Executing VM operation: Cleanup done
Event: 1006.490 Executing VM operation: Cleanup
Event: 1006.490 Executing VM operation: Cleanup done
Event: 1007.504 Executing VM operation: Cleanup
Event: 1007.504 Executing VM operation: Cleanup done
Event: 1007.505 Executing VM operation: G1CollectForAllocation
Event: 1007.525 Executing VM operation: G1CollectForAllocation done
Event: 1008.533 Executing VM operation: Cleanup
Event: 1008.533 Executing VM operation: Cleanup done
Event: 1008.811 Executing VM operation: G1CollectForAllocation
Event: 1008.824 Executing VM operation: G1CollectForAllocation done
Event: 1009.825 Executing VM operation: Cleanup
Event: 1009.825 Executing VM operation: Cleanup done

Events (20 events):
Event: 1012.274 loading class java/io/FilterOutputStreamBeanInfo
Event: 1012.274 loading class java/io/FilterOutputStreamBeanInfo done
Event: 1012.274 loading class java/io/FilterOutputStreamBeanInfo
Event: 1012.274 loading class java/io/FilterOutputStreamBeanInfo done
Event: 1012.274 loading class java/io/OutputStreamBeanInfo
Event: 1012.274 loading class java/io/OutputStreamBeanInfo done
Event: 1012.275 loading class java/io/OutputStreamBeanInfo
Event: 1012.275 loading class java/io/OutputStreamBeanInfo done
Event: 1012.275 loading class java/io/OutputStreamCustomizer
Event: 1012.275 loading class java/io/OutputStreamCustomizer done
Event: 1012.276 loading class java/io/OutputStreamCustomizer
Event: 1012.276 loading class java/io/OutputStreamCustomizer done
Event: 1012.276 loading class java/io/FilterOutputStreamCustomizer
Event: 1012.276 loading class java/io/FilterOutputStreamCustomizer done
Event: 1012.276 loading class java/io/FilterOutputStreamCustomizer
Event: 1012.276 loading class java/io/FilterOutputStreamCustomizer done
Event: 1012.277 loading class java/io/PrintStreamCustomizer
Event: 1012.277 loading class java/io/PrintStreamCustomizer done
Event: 1012.277 loading class java/io/PrintStreamCustomizer
Event: 1012.277 loading class java/io/PrintStreamCustomizer done


Dynamic libraries:
0x00007ff7e7ac0000 - 0x00007ff7e7ad0000 	C:\Program Files\Java\jdk-17\bin\java.exe
0x00007ffc233f0000 - 0x00007ffc235e8000 	C:\Windows\SYSTEM32\ntdll.dll
0x00007ffc22a20000 - 0x00007ffc22add000 	C:\Windows\System32\KERNEL32.DLL
0x00007ffc20f00000 - 0x00007ffc211f6000 	C:\Windows\System32\KERNELBASE.dll
0x00007ffc20c20000 - 0x00007ffc20d20000 	C:\Windows\System32\ucrtbase.dll
0x00007ffc18540000 - 0x00007ffc18559000 	C:\Program Files\Java\jdk-17\bin\jli.dll
0x00007ffc22010000 - 0x00007ffc220be000 	C:\Windows\System32\ADVAPI32.dll
0x00007ffc220c0000 - 0x00007ffc2215e000 	C:\Windows\System32\msvcrt.dll
0x00007ffc22af0000 - 0x00007ffc22b8c000 	C:\Windows\System32\sechost.dll
0x00007ffc215b0000 - 0x00007ffc216d6000 	C:\Windows\System32\RPCRT4.dll
0x00007ffc22320000 - 0x00007ffc224be000 	C:\Windows\System32\USER32.dll
0x00007ffc20ad0000 - 0x00007ffc20af2000 	C:\Windows\System32\win32u.dll
0x00007ffc218e0000 - 0x00007ffc2190c000 	C:\Windows\System32\GDI32.dll
0x00007ffc20b00000 - 0x00007ffc20c1a000 	C:\Windows\System32\gdi32full.dll
0x00007ffc20e60000 - 0x00007ffc20efd000 	C:\Windows\System32\msvcp_win.dll
0x00007ffc18560000 - 0x00007ffc1857b000 	C:\Program Files\Java\jdk-17\bin\VCRUNTIME140.dll
0x00007ffbfcec0000 - 0x00007ffbfd15a000 	C:\Windows\WinSxS\amd64_microsoft.windows.common-controls_6595b64144ccf1df_6.0.19041.1110_none_60b5254171f9507e\COMCTL32.dll
0x00007ffc17e10000 - 0x00007ffc17e1a000 	C:\Windows\SYSTEM32\VERSION.dll
0x00007ffc22580000 - 0x00007ffc225b0000 	C:\Windows\System32\IMM32.DLL
0x00007ffc19450000 - 0x00007ffc1945c000 	C:\Program Files\Java\jdk-17\bin\vcruntime140_1.dll
0x00007ffbf8850000 - 0x00007ffbf88de000 	C:\Program Files\Java\jdk-17\bin\msvcp140.dll
0x00007ffb91410000 - 0x00007ffb91fed000 	C:\Program Files\Java\jdk-17\bin\server\jvm.dll
0x00007ffc22ae0000 - 0x00007ffc22ae8000 	C:\Windows\System32\PSAPI.DLL
0x00007ffbfbe50000 - 0x00007ffbfbe59000 	C:\Windows\SYSTEM32\WSOCK32.dll
0x00007ffc22210000 - 0x00007ffc2227b000 	C:\Windows\System32\WS2_32.dll
0x00007ffc0ff20000 - 0x00007ffc0ff47000 	C:\Windows\SYSTEM32\WINMM.dll
0x00007ffc1f2f0000 - 0x00007ffc1f302000 	C:\Windows\SYSTEM32\kernel.appcore.dll
0x00007ffc18810000 - 0x00007ffc1881a000 	C:\Program Files\Java\jdk-17\bin\jimage.dll
0x00007ffc1b6c0000 - 0x00007ffc1b8a4000 	C:\Windows\SYSTEM32\DBGHELP.DLL
0x00007ffc0efa0000 - 0x00007ffc0efd4000 	C:\Windows\SYSTEM32\dbgcore.DLL
0x00007ffc20d20000 - 0x00007ffc20da2000 	C:\Windows\System32\bcryptPrimitives.dll
0x00007ffc16420000 - 0x00007ffc16445000 	C:\Program Files\Java\jdk-17\bin\java.dll
0x00007ffbf59b0000 - 0x00007ffbf5a87000 	C:\Program Files\Java\jdk-17\bin\jsvml.dll
0x00007ffc22c60000 - 0x00007ffc233a5000 	C:\Windows\System32\SHELL32.dll
0x00007ffc1eb10000 - 0x00007ffc1f2ab000 	C:\Windows\SYSTEM32\windows.storage.dll
0x00007ffc21b00000 - 0x00007ffc21e54000 	C:\Windows\System32\combase.dll
0x00007ffc20440000 - 0x00007ffc2046e000 	C:\Windows\SYSTEM32\Wldp.dll
0x00007ffc22160000 - 0x00007ffc2220d000 	C:\Windows\System32\SHCORE.dll
0x00007ffc21450000 - 0x00007ffc214a5000 	C:\Windows\System32\shlwapi.dll
0x00007ffc20a00000 - 0x00007ffc20a25000 	C:\Windows\SYSTEM32\profapi.dll
0x00007ffc18230000 - 0x00007ffc18249000 	C:\Program Files\Java\jdk-17\bin\net.dll
0x00007ffc16cb0000 - 0x00007ffc16dba000 	C:\Windows\SYSTEM32\WINHTTP.dll
0x00007ffc201a0000 - 0x00007ffc2020a000 	C:\Windows\system32\mswsock.dll
0x00007ffc16af0000 - 0x00007ffc16b06000 	C:\Program Files\Java\jdk-17\bin\nio.dll
0x00007ffc16400000 - 0x00007ffc16418000 	C:\Program Files\Java\jdk-17\bin\zip.dll
0x00007ffc18530000 - 0x00007ffc18540000 	C:\Program Files\Java\jdk-17\bin\verify.dll
0x00007ffc163d0000 - 0x00007ffc163f7000 	C:\Users\ss\.gradle\native\e1d6ef7f7dcc3fd88c89a11ec53ec762bb8ba0a96d01ffa2cd45eb1d1d8dd5c5\windows-amd64\native-platform.dll
0x00007ffbf4650000 - 0x00007ffbf4794000 	C:\Users\ss\.gradle\native\5664cfc778a61ccfe75a443a1ab52a65af34e5dc3c78e0209fed803814484fcb\windows-amd64\native-platform-file-events.dll
0x00007ffc18120000 - 0x00007ffc1812a000 	C:\Program Files\Java\jdk-17\bin\management.dll
0x00007ffc0cc40000 - 0x00007ffc0cc4b000 	C:\Program Files\Java\jdk-17\bin\management_ext.dll
0x00007ffc203a0000 - 0x00007ffc203b8000 	C:\Windows\SYSTEM32\CRYPTSP.dll
0x00007ffc1fab0000 - 0x00007ffc1fae4000 	C:\Windows\system32\rsaenh.dll
0x00007ffc21270000 - 0x00007ffc21297000 	C:\Windows\System32\bcrypt.dll
0x00007ffc209c0000 - 0x00007ffc209ee000 	C:\Windows\SYSTEM32\USERENV.dll
0x00007ffc20390000 - 0x00007ffc2039c000 	C:\Windows\SYSTEM32\CRYPTBASE.dll
0x00007ffc1fe90000 - 0x00007ffc1fecb000 	C:\Windows\SYSTEM32\IPHLPAPI.DLL
0x00007ffc22570000 - 0x00007ffc22578000 	C:\Windows\System32\NSI.dll
0x00007ffc170f0000 - 0x00007ffc17107000 	C:\Windows\SYSTEM32\dhcpcsvc6.DLL
0x00007ffc175e0000 - 0x00007ffc175fd000 	C:\Windows\SYSTEM32\dhcpcsvc.DLL
0x00007ffc1fed0000 - 0x00007ffc1ff9a000 	C:\Windows\SYSTEM32\DNSAPI.dll
0x00007ffc074c0000 - 0x00007ffc074cd000 	C:\Program Files\Java\jdk-17\bin\sunmscapi.dll
0x00007ffc212f0000 - 0x00007ffc2144e000 	C:\Windows\System32\CRYPT32.dll
0x00007ffc204b0000 - 0x00007ffc204d8000 	C:\Windows\SYSTEM32\ncrypt.dll
0x00007ffc20470000 - 0x00007ffc204ab000 	C:\Windows\SYSTEM32\NTASN1.dll
0x00007ffbf8730000 - 0x00007ffbf8737000 	C:\Windows\system32\wshunix.dll

dbghelp: loaded successfully - version: 4.0.5 - missing functions: none
symbol engine: initialized successfully - sym options: 0x614 - pdb path: .;C:\Program Files\Java\jdk-17\bin;C:\Windows\SYSTEM32;C:\Windows\WinSxS\amd64_microsoft.windows.common-controls_6595b64144ccf1df_6.0.19041.1110_none_60b5254171f9507e;C:\Program Files\Java\jdk-17\bin\server;C:\Users\ss\.gradle\native\e1d6ef7f7dcc3fd88c89a11ec53ec762bb8ba0a96d01ffa2cd45eb1d1d8dd5c5\windows-amd64;C:\Users\ss\.gradle\native\5664cfc778a61ccfe75a443a1ab52a65af34e5dc3c78e0209fed803814484fcb\windows-amd64

VM Arguments:
jvm_args: -XX:MaxMetaspaceSize=512m --add-opens=java.base/java.util=ALL-UNNAMED --add-opens=java.base/java.lang=ALL-UNNAMED --add-opens=java.base/java.lang.invoke=ALL-UNNAMED --add-opens=java.base/java.util=ALL-UNNAMED --add-opens=java.prefs/java.util.prefs=ALL-UNNAMED --add-opens=java.prefs/java.util.prefs=ALL-UNNAMED --add-opens=java.base/java.nio.charset=ALL-UNNAMED --add-opens=java.base/java.net=ALL-UNNAMED --add-opens=java.base/java.util.concurrent.atomic=ALL-UNNAMED -Xmx2048m -Dfile.encoding=windows-1252 -Duser.country=IN -Duser.language=en -Duser.variant 
java_command: org.gradle.launcher.daemon.bootstrap.GradleDaemon 7.3.3
java_class_path (initial): C:\Users\ss\.gradle\wrapper\dists\gradle-7.3.3-all\4295vidhdd9hd3gbjyw1xqxpo\gradle-7.3.3\lib\gradle-launcher-7.3.3.jar
Launcher Type: SUN_STANDARD

[Global flags]
     intx CICompilerCount                          = 3                                         {product} {ergonomic}
   size_t CompressedClassSpaceSize                 = 432013312                                 {product} {ergonomic}
     uint ConcGCThreads                            = 1                                         {product} {ergonomic}
     uint G1ConcRefinementThreads                  = 4                                         {product} {ergonomic}
   size_t G1HeapRegionSize                         = 1048576                                   {product} {ergonomic}
    uintx GCDrainStackTargetSize                   = 64                                        {product} {ergonomic}
   size_t InitialHeapSize                          = 268435456                                 {product} {ergonomic}
   size_t MarkStackSize                            = 4194304                                   {product} {ergonomic}
   size_t MaxHeapSize                              = 2147483648                                {product} {command line}
   size_t MaxMetaspaceSize                         = 536870912                                 {product} {command line}
   size_t MaxNewSize                               = 1287651328                                {product} {ergonomic}
   size_t MinHeapDeltaBytes                        = 1048576                                   {product} {ergonomic}
   size_t MinHeapSize                              = 8388608                                   {product} {ergonomic}
    uintx NonNMethodCodeHeapSize                   = 5832780                                {pd product} {ergonomic}
    uintx NonProfiledCodeHeapSize                  = 122912730                              {pd product} {ergonomic}
    uintx ProfiledCodeHeapSize                     = 122912730                              {pd product} {ergonomic}
    uintx ReservedCodeCacheSize                    = 251658240                              {pd product} {ergonomic}
     bool SegmentedCodeCache                       = true                                      {product} {ergonomic}
   size_t SoftMaxHeapSize                          = 2147483648                             {manageable} {ergonomic}
     bool UseCompressedClassPointers               = true                           {product lp64_product} {ergonomic}
     bool UseCompressedOops                        = true                           {product lp64_product} {ergonomic}
     bool UseG1GC                                  = true                                      {product} {ergonomic}
     bool UseLargePagesIndividualAllocation        = false                                  {pd product} {ergonomic}

Logging:
Log output configuration:
 #0: stdout all=warning uptime,level,tags
 #1: stderr all=off uptime,level,tags

Environment Variables:
CLASSPATH=C:\Users\ss\Desktop\teachers-vision\android\\gradle\wrapper\gradle-wrapper.jar
PATH=C:\Users\ss\Desktop\teachers-vision\android\node_modules\.bin;C:\Users\ss\Desktop\teachers-vision\node_modules\.bin;C:\Users\ss\Desktop\node_modules\.bin;C:\Users\ss\node_modules\.bin;C:\Users\node_modules\.bin;C:\node_modules\.bin;C:\Program Files\nodejs;C:\Users\ss\Desktop\teachers-vision\node_modules\.bin;C:\Users\ss\Desktop\teachers-vision\node_modules\.bin;C:\Users\ss\Desktop\node_modules\.bin;C:\Users\ss\node_modules\.bin;C:\Users\node_modules\.bin;C:\node_modules\.bin;C:\Users\ss\AppData\Roaming\nvm\v16.16.0\node_modules\npm\node_modules\@npmcli\run-script\lib\node-gyp-bin;C:\Users\ss\Desktop\teachers-vision\node_modules\.bin;C:\Users\ss\Desktop\node_modules\.bin;C:\Users\ss\node_modules\.bin;C:\Users\node_modules\.bin;C:\node_modules\.bin;C:\Program Files\nodejs;C:\Users\ss\Desktop\teachers-vision\node_modules\.bin;C:\Users\ss\Desktop\teachers-vision\node_modules\.bin;C:\Users\ss\Desktop\node_modules\.bin;C:\Users\ss\node_modules\.bin;C:\Users\node_modules\.bin;C:\node_modules\.bin;C:\Users\ss\AppData\Roaming\nvm\v16.16.0\node_modules\npm\node_modules\@npmcli\run-script\lib\node-gyp-bin;C:\Program Files\Common Files\Oracle\Java\javapath;C:\Program Files (x86)\Common Files\Oracle\Java\javapath;C:\Program Files\Microsoft\jdk-11.0.18.10-hotspot\bin;C:\Program Files\Microsoft MPI\Bin\;C:\Windows\system32;C:\Windows;C:\Windows\System32\Wbem;C:\Windows\System32\WindowsPowerShell\v1.0\;C:\Windows\System32\OpenSSH\;C:\ProgramData\chocolatey\bin;C:\Users\ss\AppData\Local\Android\Sdk\platform-tools;C:\Program Files\Git\cmd;C:\Program Files\Microsoft SQL Server\150\Tools\Binn\;C:\Program Files (x86)\Microsoft SQL Server\160\Tools\Binn\;C:\Program Files\Microsoft SQL Server\160\Tools\Binn\;C:\Program Files\Microsoft SQL Server\Client SDK\ODBC\170\Tools\Binn\;C:\Program Files\Microsoft SQL Server\160\DTS\Binn\;C:\Program Files\dotnet\;C:\Program Files (x86)\dotnet\;C:\Program Files (x86)\Microsoft SQL Server\160\DTS\Binn\;C:\Program Files (x86)\Microsoft SQL Server\150
USERNAME=ss
LANG=en_US.UTF-8
OS=Windows_NT
PROCESSOR_IDENTIFIER=Intel64 Family 6 Model 142 Stepping 9, GenuineIntel



---------------  S Y S T E M  ---------------

OS:
 Windows 10 , 64 bit Build 19041 (10.0.19041.3393)
OS uptime: 2 days 0:20 hours

CPU: total 4 (initial active 4) (2 cores per cpu, 2 threads per core) family 6 model 142 stepping 9 microcode 0xb4, cx8, cmov, fxsr, ht, mmx, 3dnowpref, sse, sse2, sse3, ssse3, sse4.1, sse4.2, popcnt, lzcnt, tsc, tscinvbit, avx, avx2, aes, erms, clmul, bmi1, bmi2, adx, fma, vzeroupper, clflush, clflushopt

Memory: 4k page, system-wide physical 16263M (211M free)
TotalPageFile size 23984M (AvailPageFile size 12M)
current process WorkingSet (physical memory assigned to process): 546M, peak: 548M
current process commit charge ("private bytes"): 590M, peak: 591M

vm_info: Java HotSpot(TM) 64-Bit Server VM (17.0.7+8-LTS-224) for windows-amd64 JRE (17.0.7+8-LTS-224), built on Feb 28 2023 23:03:02 by "mach5one" with MS VC++ 17.1 (VS2022)

END.
