#
# There is insufficient memory for the Java Runtime Environment to continue.
# Native memory allocation (malloc) failed to allocate 739040 bytes for Chunk::new
# Possible reasons:
#   The system is out of physical RAM or swap space
#   The process is running with CompressedOops enabled, and the Java Heap may be blocking the growth of the native heap
# Possible solutions:
#   Reduce memory load on the system
#   Increase physical memory or swap space
#   Check if swap backing store is full
#   Decrease Java heap size (-Xmx/-Xms)
#   Decrease number of Java threads
#   Decrease Java thread stack sizes (-Xss)
#   Set larger code cache with -XX:ReservedCodeCacheSize=
#   JVM is running with Unscaled Compressed Oops mode in which the Java heap is
#     placed in the first 4GB address space. The Java Heap base address is the
#     maximum limit for the native heap growth. Please use -XX:HeapBaseMinAddress
#     to set the Java Heap base and to place the Java Heap above 4GB virtual address.
# This output file may be truncated or incomplete.
#
#  Out of Memory Error (arena.cpp:189), pid=25472, tid=19936
#
# JRE version: Java(TM) SE Runtime Environment (17.0.7+8) (build 17.0.7+8-LTS-224)
# Java VM: Java HotSpot(TM) 64-Bit Server VM (17.0.7+8-LTS-224, mixed mode, sharing, tiered, compressed oops, compressed class ptrs, g1 gc, windows-amd64)
# No core dump will be written. Minidumps are not enabled by default on client versions of Windows
#

---------------  S U M M A R Y ------------

Command Line: -XX:MaxMetaspaceSize=512m --add-opens=java.base/java.util=ALL-UNNAMED --add-opens=java.base/java.lang=ALL-UNNAMED --add-opens=java.base/java.lang.invoke=ALL-UNNAMED --add-opens=java.base/java.util=ALL-UNNAMED --add-opens=java.prefs/java.util.prefs=ALL-UNNAMED --add-opens=java.prefs/java.util.prefs=ALL-UNNAMED --add-opens=java.base/java.nio.charset=ALL-UNNAMED --add-opens=java.base/java.net=ALL-UNNAMED --add-opens=java.base/java.util.concurrent.atomic=ALL-UNNAMED -Xmx2048m -Dfile.encoding=windows-1252 -Duser.country=IN -Duser.language=en -Duser.variant org.gradle.launcher.daemon.bootstrap.GradleDaemon 7.3.3

Host: Intel(R) Core(TM) i5-7200U CPU @ 2.50GHz, 4 cores, 15G,  Windows 10 , 64 bit Build 19041 (10.0.19041.3155)
Time: Fri Sep  1 18:37:49 2023 India Standard Time elapsed time: 165.995943 seconds (0d 0h 2m 45s)

---------------  T H R E A D  ---------------

Current thread (0x000001fc2a396d90):  JavaThread "C2 CompilerThread0" daemon [_thread_in_native, id=19936, stack(0x0000004a86100000,0x0000004a86200000)]


Current CompileTask:
C2: 165996 5355       4       java.lang.invoke.MethodType::makeImpl (109 bytes)

Stack: [0x0000004a86100000,0x0000004a86200000]
Native frames: (J=compiled Java code, j=interpreted, Vv=VM code, C=native code)
V  [jvm.dll+0x676a4a]
V  [jvm.dll+0x7d74f4]
V  [jvm.dll+0x7d8c9e]
V  [jvm.dll+0x7d9303]
V  [jvm.dll+0x2452c5]
V  [jvm.dll+0xaaa2b]
V  [jvm.dll+0xaafcc]
V  [jvm.dll+0x36141e]
V  [jvm.dll+0x1bb55a]
V  [jvm.dll+0x217c27]
V  [jvm.dll+0x216f01]
V  [jvm.dll+0x1a35e0]
V  [jvm.dll+0x226a6e]
V  [jvm.dll+0x224e15]
V  [jvm.dll+0x78d05c]
V  [jvm.dll+0x78759a]
V  [jvm.dll+0x675875]
C  [ucrtbase.dll+0x21bb2]
C  [KERNEL32.DLL+0x17614]
C  [ntdll.dll+0x526b1]


---------------  P R O C E S S  ---------------

Threads class SMR info:
_java_thread_list=0x000001fc2ecbfc60, length=74, elements={
0x000001fc0ca192e0, 0x000001fc2a37c050, 0x000001fc2a37c910, 0x000001fc2a393750,
0x000001fc2a394010, 0x000001fc2a3958e0, 0x000001fc2a3961a0, 0x000001fc2a396d90,
0x000001fc2a397ee0, 0x000001fc2ad32810, 0x000001fc2ad96a40, 0x000001fc2ad98f20,
0x000001fc2bc30500, 0x000001fc2c391650, 0x000001fc2bc58f10, 0x000001fc2bb6dd50,
0x000001fc2bb607c0, 0x000001fc2c477060, 0x000001fc2c4761f0, 0x000001fc2c477530,
0x000001fc2c475380, 0x000001fc2c475850, 0x000001fc2c4766c0, 0x000001fc2c477a00,
0x000001fc2c477ed0, 0x000001fc2c474eb0, 0x000001fc2c476b90, 0x000001fc2c474510,
0x000001fc2c4749e0, 0x000001fc2d6c88a0, 0x000001fc2d6c7f00, 0x000001fc2d6c83d0,
0x000001fc2d6caa50, 0x000001fc2d6caf20, 0x000001fc2d6cb3f0, 0x000001fc2d6c9240,
0x000001fc2d6c7090, 0x000001fc2d6c8d70, 0x000001fc2d6c9710, 0x000001fc2d6c7a30,
0x000001fc2d6cc730, 0x000001fc2d6ca0b0, 0x000001fc2d6c4ee0, 0x000001fc2d6c5d50,
0x000001fc2d6cc260, 0x000001fc2d6c53b0, 0x000001fc2d6c5880, 0x000001fc2d6cb8c0,
0x000001fc2d6c6220, 0x000001fc2d6c7560, 0x000001fc2d6c9be0, 0x000001fc2c475d20,
0x000001fc2c994970, 0x000001fc2c998cd0, 0x000001fc2c999670, 0x000001fc2c9944a0,
0x000001fc2c993fd0, 0x000001fc2c996650, 0x000001fc2c995cb0, 0x000001fc2c993630,
0x000001fc2c991e20, 0x000001fc2c9922f0, 0x000001fc2c9991a0, 0x000001fc2c996180,
0x000001fc2c996b20, 0x000001fc2c997990, 0x000001fc2c9974c0, 0x000001fc2c992c90,
0x000001fc2c9927c0, 0x000001fc2c9957e0, 0x000001fc2c993160, 0x000001fc2c993b00,
0x000001fc2c997e60, 0x000001fc2c994e40
}
_to_delete_list=0x000001fc2ecbf3f0, length=65, elements={
0x000001fc0ca192e0, 0x000001fc2a37c050, 0x000001fc2a37c910, 0x000001fc2a393750,
0x000001fc2a394010, 0x000001fc2a3958e0, 0x000001fc2a3961a0, 0x000001fc2a396d90,
0x000001fc2a397ee0, 0x000001fc2ad32810, 0x000001fc2ad96a40, 0x000001fc2ad98f20,
0x000001fc2bc30500, 0x000001fc2c391650, 0x000001fc2bc58f10, 0x000001fc2bb6dd50,
0x000001fc2bb607c0, 0x000001fc2c477060, 0x000001fc2c4761f0, 0x000001fc2c477530,
0x000001fc2c475380, 0x000001fc2c475850, 0x000001fc2c4766c0, 0x000001fc2c477a00,
0x000001fc2c477ed0, 0x000001fc2c474eb0, 0x000001fc2c476b90, 0x000001fc2c474510,
0x000001fc2c4749e0, 0x000001fc2d6c88a0, 0x000001fc2d6c7f00, 0x000001fc2d6c83d0,
0x000001fc2d6caa50, 0x000001fc2d6caf20, 0x000001fc2d6cb3f0, 0x000001fc2d6c9240,
0x000001fc2d6c7090, 0x000001fc2d6c8d70, 0x000001fc2d6c9710, 0x000001fc2d6c7a30,
0x000001fc2d6cc730, 0x000001fc2d6ca0b0, 0x000001fc2d6c4ee0, 0x000001fc2d6c5d50,
0x000001fc2d6cc260, 0x000001fc2d6c53b0, 0x000001fc2d6c5880, 0x000001fc2d6cb8c0,
0x000001fc2d6c6220, 0x000001fc2d6c7560, 0x000001fc2d6c9be0, 0x000001fc2c475d20,
0x000001fc2c994970, 0x000001fc2c998cd0, 0x000001fc2c999670, 0x000001fc2c9944a0,
0x000001fc2c993fd0, 0x000001fc2c996650, 0x000001fc2c995cb0, 0x000001fc2c993630,
0x000001fc2c991e20, 0x000001fc2c9922f0, 0x000001fc2c9991a0, 0x000001fc2c996180,
0x000001fc2c996b20
}

Java Threads: ( => current thread )
  0x000001fc0ca192e0 JavaThread "main" [_thread_blocked, id=19008, stack(0x0000004a85300000,0x0000004a85400000)]
  0x000001fc2a37c050 JavaThread "Reference Handler" daemon [_thread_blocked, id=25028, stack(0x0000004a85b00000,0x0000004a85c00000)]
  0x000001fc2a37c910 JavaThread "Finalizer" daemon [_thread_blocked, id=12960, stack(0x0000004a85c00000,0x0000004a85d00000)]
  0x000001fc2a393750 JavaThread "Signal Dispatcher" daemon [_thread_blocked, id=26276, stack(0x0000004a85d00000,0x0000004a85e00000)]
  0x000001fc2a394010 JavaThread "Attach Listener" daemon [_thread_blocked, id=6268, stack(0x0000004a85e00000,0x0000004a85f00000)]
  0x000001fc2a3958e0 JavaThread "Service Thread" daemon [_thread_blocked, id=4320, stack(0x0000004a85f00000,0x0000004a86000000)]
  0x000001fc2a3961a0 JavaThread "Monitor Deflation Thread" daemon [_thread_blocked, id=26504, stack(0x0000004a86000000,0x0000004a86100000)]
=>0x000001fc2a396d90 JavaThread "C2 CompilerThread0" daemon [_thread_in_native, id=19936, stack(0x0000004a86100000,0x0000004a86200000)]
  0x000001fc2a397ee0 JavaThread "C1 CompilerThread0" daemon [_thread_blocked, id=7352, stack(0x0000004a86200000,0x0000004a86300000)]
  0x000001fc2ad32810 JavaThread "Sweeper thread" daemon [_thread_blocked, id=3724, stack(0x0000004a86300000,0x0000004a86400000)]
  0x000001fc2ad96a40 JavaThread "Common-Cleaner" daemon [_thread_blocked, id=26904, stack(0x0000004a86400000,0x0000004a86500000)]
  0x000001fc2ad98f20 JavaThread "Notification Thread" daemon [_thread_blocked, id=9108, stack(0x0000004a86500000,0x0000004a86600000)]
  0x000001fc2bc30500 JavaThread "Daemon health stats" [_thread_blocked, id=27804, stack(0x0000004a86b00000,0x0000004a86c00000)]
  0x000001fc2c391650 JavaThread "Incoming local TCP Connector on port 53989" [_thread_in_native, id=12964, stack(0x0000004a86a00000,0x0000004a86b00000)]
  0x000001fc2bc58f10 JavaThread "Daemon periodic checks" [_thread_blocked, id=26988, stack(0x0000004a86c00000,0x0000004a86d00000)]
  0x000001fc2bb6dd50 JavaThread "Daemon" [_thread_blocked, id=27548, stack(0x0000004a86d00000,0x0000004a86e00000)]
  0x000001fc2bb607c0 JavaThread "Handler for socket connection from /127.0.0.1:53989 to /127.0.0.1:53990" [_thread_in_native, id=19308, stack(0x0000004a86e00000,0x0000004a86f00000)]
  0x000001fc2c477060 JavaThread "Cancel handler" [_thread_blocked, id=21392, stack(0x0000004a86f00000,0x0000004a87000000)]
  0x000001fc2c4761f0 JavaThread "Daemon worker" [_thread_blocked, id=15448, stack(0x0000004a87000000,0x0000004a87100000)]
  0x000001fc2c477530 JavaThread "Asynchronous log dispatcher for DefaultDaemonConnection: socket connection from /127.0.0.1:53989 to /127.0.0.1:53990" [_thread_blocked, id=17296, stack(0x0000004a87100000,0x0000004a87200000)]
  0x000001fc2c475380 JavaThread "Stdin handler" [_thread_blocked, id=13896, stack(0x0000004a87200000,0x0000004a87300000)]
  0x000001fc2c475850 JavaThread "Daemon client event forwarder" [_thread_blocked, id=15096, stack(0x0000004a87300000,0x0000004a87400000)]
  0x000001fc2c4766c0 JavaThread "Cache worker for journal cache (C:\Users\ss\.gradle\caches\journal-1)" [_thread_blocked, id=26348, stack(0x0000004a87400000,0x0000004a87500000)]
  0x000001fc2c477a00 JavaThread "File lock request listener" [_thread_in_native, id=3600, stack(0x0000004a87500000,0x0000004a87600000)]
  0x000001fc2c477ed0 JavaThread "Cache worker for file hash cache (C:\Users\ss\.gradle\caches\7.3.3\fileHashes)" [_thread_blocked, id=17148, stack(0x0000004a87700000,0x0000004a87800000)]
  0x000001fc2c474eb0 JavaThread "Cache worker for file hash cache (C:\Users\ss\Desktop\teachers-vision\android\.gradle\7.3.3\fileHashes)" [_thread_blocked, id=22632, stack(0x0000004a87800000,0x0000004a87900000)]
  0x000001fc2c476b90 JavaThread "File watcher server" daemon [_thread_in_native, id=19964, stack(0x0000004a87900000,0x0000004a87a00000)]
  0x000001fc2c474510 JavaThread "File watcher consumer" daemon [_thread_blocked, id=13196, stack(0x0000004a87a00000,0x0000004a87b00000)]
  0x000001fc2c4749e0 JavaThread "Cache worker for checksums cache (C:\Users\ss\Desktop\teachers-vision\android\.gradle\7.3.3\checksums)" [_thread_blocked, id=27940, stack(0x0000004a87b00000,0x0000004a87c00000)]
  0x000001fc2d6c88a0 JavaThread "Cache worker for cache directory md-supplier (C:\Users\ss\.gradle\caches\7.3.3\md-supplier)" [_thread_blocked, id=12904, stack(0x0000004a87c00000,0x0000004a87d00000)]
  0x000001fc2d6c7f00 JavaThread "Cache worker for cache directory md-rule (C:\Users\ss\.gradle\caches\7.3.3\md-rule)" [_thread_blocked, id=24908, stack(0x0000004a87d00000,0x0000004a87e00000)]
  0x000001fc2d6c83d0 JavaThread "Cache worker for execution history cache (C:\Users\ss\.gradle\caches\7.3.3\executionHistory)" [_thread_blocked, id=17288, stack(0x0000004a87e00000,0x0000004a87f00000)]
  0x000001fc2d6caa50 JavaThread "jar transforms" [_thread_blocked, id=25148, stack(0x0000004a88100000,0x0000004a88200000)]
  0x000001fc2d6caf20 JavaThread "jar transforms Thread 2" [_thread_blocked, id=18856, stack(0x0000004a88200000,0x0000004a88300000)]
  0x000001fc2d6cb3f0 JavaThread "Cache worker for file content cache (C:\Users\ss\.gradle\caches\7.3.3\fileContent)" [_thread_blocked, id=25256, stack(0x0000004a88300000,0x0000004a88400000)]
  0x000001fc2d6c9240 JavaThread "jar transforms Thread 3" [_thread_blocked, id=18908, stack(0x0000004a88400000,0x0000004a88500000)]
  0x000001fc2d6c7090 JavaThread "jar transforms Thread 4" [_thread_blocked, id=19436, stack(0x0000004a88500000,0x0000004a88600000)]
  0x000001fc2d6c8d70 JavaThread "Cache worker for kotlin-dsl (C:\Users\ss\.gradle\caches\7.3.3\kotlin-dsl)" [_thread_blocked, id=8544, stack(0x0000004a85200000,0x0000004a85300000)]
  0x000001fc2d6c9710 JavaThread "File lock release action executor Thread 2" [_thread_blocked, id=27536, stack(0x0000004a85400000,0x0000004a85500000)]
  0x000001fc2d6c7a30 JavaThread "Cache worker for dependencies-accessors (C:\Users\ss\Desktop\teachers-vision\android\.gradle\7.3.3\dependencies-accessors)" [_thread_blocked, id=14480, stack(0x0000004a87600000,0x0000004a87700000)]
  0x000001fc2d6cc730 JavaThread "Cache worker for Build Output Cleanup Cache (C:\Users\ss\Desktop\teachers-vision\node_modules\react-native-gradle-plugin\.gradle\buildOutputCleanup)" [_thread_blocked, id=19764, stack(0x0000004a87f00000,0x0000004a88000000)]
  0x000001fc2d6ca0b0 JavaThread "Unconstrained build operations" [_thread_blocked, id=16456, stack(0x0000004a88600000,0x0000004a88700000)]
  0x000001fc2d6c4ee0 JavaThread "Unconstrained build operations Thread 2" [_thread_blocked, id=8776, stack(0x0000004a88700000,0x0000004a88800000)]
  0x000001fc2d6c5d50 JavaThread "Unconstrained build operations Thread 3" [_thread_blocked, id=15656, stack(0x0000004a88800000,0x0000004a88900000)]
  0x000001fc2d6cc260 JavaThread "Unconstrained build operations Thread 4" [_thread_blocked, id=12696, stack(0x0000004a88900000,0x0000004a88a00000)]
  0x000001fc2d6c53b0 JavaThread "Unconstrained build operations Thread 5" [_thread_blocked, id=2644, stack(0x0000004a88a00000,0x0000004a88b00000)]
  0x000001fc2d6c5880 JavaThread "Unconstrained build operations Thread 6" [_thread_blocked, id=22500, stack(0x0000004a88b00000,0x0000004a88c00000)]
  0x000001fc2d6cb8c0 JavaThread "Unconstrained build operations Thread 7" [_thread_blocked, id=27788, stack(0x0000004a88c00000,0x0000004a88d00000)]
  0x000001fc2d6c6220 JavaThread "Unconstrained build operations Thread 8" [_thread_blocked, id=22028, stack(0x0000004a88d00000,0x0000004a88e00000)]
  0x000001fc2d6c7560 JavaThread "Unconstrained build operations Thread 9" [_thread_blocked, id=23564, stack(0x0000004a88e00000,0x0000004a88f00000)]
  0x000001fc2d6c9be0 JavaThread "Unconstrained build operations Thread 10" [_thread_blocked, id=8740, stack(0x0000004a88f00000,0x0000004a89000000)]
  0x000001fc2c475d20 JavaThread "Unconstrained build operations Thread 11" [_thread_blocked, id=21260, stack(0x0000004a89000000,0x0000004a89100000)]
  0x000001fc2c994970 JavaThread "Unconstrained build operations Thread 12" [_thread_blocked, id=27232, stack(0x0000004a89100000,0x0000004a89200000)]
  0x000001fc2c998cd0 JavaThread "Unconstrained build operations Thread 13" [_thread_blocked, id=25284, stack(0x0000004a89200000,0x0000004a89300000)]
  0x000001fc2c999670 JavaThread "Unconstrained build operations Thread 14" [_thread_blocked, id=12008, stack(0x0000004a89300000,0x0000004a89400000)]
  0x000001fc2c9944a0 JavaThread "Unconstrained build operations Thread 15" [_thread_blocked, id=25396, stack(0x0000004a89400000,0x0000004a89500000)]
  0x000001fc2c993fd0 JavaThread "Unconstrained build operations Thread 16" [_thread_blocked, id=21736, stack(0x0000004a89500000,0x0000004a89600000)]
  0x000001fc2c996650 JavaThread "Unconstrained build operations Thread 17" [_thread_blocked, id=28500, stack(0x0000004a89600000,0x0000004a89700000)]
  0x000001fc2c995cb0 JavaThread "Unconstrained build operations Thread 18" [_thread_blocked, id=24764, stack(0x0000004a89700000,0x0000004a89800000)]
  0x000001fc2c993630 JavaThread "Unconstrained build operations Thread 19" [_thread_blocked, id=25644, stack(0x0000004a89800000,0x0000004a89900000)]
  0x000001fc2c991e20 JavaThread "Unconstrained build operations Thread 20" [_thread_blocked, id=13244, stack(0x0000004a89900000,0x0000004a89a00000)]
  0x000001fc2c9922f0 JavaThread "Unconstrained build operations Thread 21" [_thread_blocked, id=4796, stack(0x0000004a89a00000,0x0000004a89b00000)]
  0x000001fc2c9991a0 JavaThread "Unconstrained build operations Thread 22" [_thread_blocked, id=24428, stack(0x0000004a89b00000,0x0000004a89c00000)]
  0x000001fc2c996180 JavaThread "Unconstrained build operations Thread 23" [_thread_blocked, id=20532, stack(0x0000004a89c00000,0x0000004a89d00000)]
  0x000001fc2c996b20 JavaThread "Unconstrained build operations Thread 24" [_thread_blocked, id=18144, stack(0x0000004a89d00000,0x0000004a89e00000)]
  0x000001fc2c997990 JavaThread "Unconstrained build operations Thread 25" [_thread_blocked, id=24736, stack(0x0000004a89e00000,0x0000004a89f00000)]
  0x000001fc2c9974c0 JavaThread "Unconstrained build operations Thread 26" [_thread_blocked, id=7952, stack(0x0000004a89f00000,0x0000004a8a000000)]
  0x000001fc2c992c90 JavaThread "Unconstrained build operations Thread 27" [_thread_blocked, id=28292, stack(0x0000004a8a000000,0x0000004a8a100000)]
  0x000001fc2c9927c0 JavaThread "Unconstrained build operations Thread 28" [_thread_blocked, id=26908, stack(0x0000004a8a100000,0x0000004a8a200000)]
  0x000001fc2c9957e0 JavaThread "Unconstrained build operations Thread 29" [_thread_blocked, id=6220, stack(0x0000004a8a200000,0x0000004a8a300000)]
  0x000001fc2c993160 JavaThread "Unconstrained build operations Thread 30" [_thread_blocked, id=12448, stack(0x0000004a8a300000,0x0000004a8a400000)]
  0x000001fc2c993b00 JavaThread "Unconstrained build operations Thread 31" [_thread_blocked, id=3300, stack(0x0000004a8a400000,0x0000004a8a500000)]
  0x000001fc2c997e60 JavaThread "Unconstrained build operations Thread 32" [_thread_blocked, id=22612, stack(0x0000004a8a500000,0x0000004a8a600000)]
  0x000001fc2c994e40 JavaThread "Unconstrained build operations Thread 33" [_thread_blocked, id=27104, stack(0x0000004a8a600000,0x0000004a8a700000)]

Other Threads:
  0x000001fc2a373330 VMThread "VM Thread" [stack: 0x0000004a85a00000,0x0000004a85b00000] [id=16628]
  0x000001fc2ad9b400 WatcherThread [stack: 0x0000004a86600000,0x0000004a86700000] [id=19836]
  0x000001fc0ca70df0 GCTaskThread "GC Thread#0" [stack: 0x0000004a85500000,0x0000004a85600000] [id=26968]
  0x000001fc2b458ec0 GCTaskThread "GC Thread#1" [stack: 0x0000004a86700000,0x0000004a86800000] [id=20528]
  0x000001fc2b0fe410 GCTaskThread "GC Thread#2" [stack: 0x0000004a86800000,0x0000004a86900000] [id=28356]
  0x000001fc2b0fe6c0 GCTaskThread "GC Thread#3" [stack: 0x0000004a86900000,0x0000004a86a00000] [id=11692]
  0x000001fc0ca81ae0 ConcurrentGCThread "G1 Main Marker" [stack: 0x0000004a85600000,0x0000004a85700000] [id=6300]
  0x000001fc0ca832b0 ConcurrentGCThread "G1 Conc#0" [stack: 0x0000004a85700000,0x0000004a85800000] [id=16740]
  0x000001fc0caed6b0 ConcurrentGCThread "G1 Refine#0" [stack: 0x0000004a85800000,0x0000004a85900000] [id=7472]
  0x000001fc0caede80 ConcurrentGCThread "G1 Service" [stack: 0x0000004a85900000,0x0000004a85a00000] [id=26636]

Threads with active compile tasks:
C2 CompilerThread0   166039 5355       4       java.lang.invoke.MethodType::makeImpl (109 bytes)

VM state: not at safepoint (normal execution)

VM Mutex/Monitor currently owned by a thread: None

Heap address: 0x0000000080000000, size: 2048 MB, Compressed Oops mode: 32-bit

CDS archive(s) mapped at: [0x0000000800000000-0x0000000800bd0000-0x0000000800bd0000), size 12386304, SharedBaseAddress: 0x0000000800000000, ArchiveRelocationMode: 0.
Compressed class space mapped at: 0x0000000800c00000-0x000000081a800000, reserved size: 432013312
Narrow klass base: 0x0000000800000000, Narrow klass shift: 0, Narrow klass range: 0x100000000

GC Precious Log:
 CPUs: 4 total, 4 available
 Memory: 16263M
 Large Page Support: Disabled
 NUMA Support: Disabled
 Compressed Oops: Enabled (32-bit)
 Heap Region Size: 1M
 Heap Min Capacity: 8M
 Heap Initial Capacity: 256M
 Heap Max Capacity: 2G
 Pre-touch: Disabled
 Parallel Workers: 4
 Concurrent Workers: 1
 Concurrent Refinement Workers: 4
 Periodic GC: Disabled

Heap:
 garbage-first heap   total 75776K, used 58490K [0x0000000080000000, 0x0000000100000000)
  region size 1024K, 28 young (28672K), 4 survivors (4096K)
 Metaspace       used 40814K, committed 41344K, reserved 462848K
  class space    used 5640K, committed 5888K, reserved 421888K

Heap Regions: E=young(eden), S=young(survivor), O=old, HS=humongous(starts), HC=humongous(continues), CS=collection set, F=free, OA=open archive, CA=closed archive, TAMS=top-at-mark-start (previous, next)
|   0|0x0000000080000000, 0x0000000080100000, 0x0000000080100000|100%|HS|  |TAMS 0x0000000080100000, 0x0000000080000000| Complete 
|   1|0x0000000080100000, 0x0000000080200000, 0x0000000080200000|100%|HC|  |TAMS 0x0000000080200000, 0x0000000080100000| Complete 
|   2|0x0000000080200000, 0x0000000080300000, 0x0000000080300000|100%|HC|  |TAMS 0x0000000080300000, 0x0000000080200000| Complete 
|   3|0x0000000080300000, 0x0000000080400000, 0x0000000080400000|100%| O|  |TAMS 0x0000000080400000, 0x0000000080300000| Untracked 
|   4|0x0000000080400000, 0x0000000080500000, 0x0000000080500000|100%| O|  |TAMS 0x0000000080500000, 0x0000000080400000| Untracked 
|   5|0x0000000080500000, 0x0000000080600000, 0x0000000080600000|100%| O|  |TAMS 0x0000000080600000, 0x0000000080500000| Untracked 
|   6|0x0000000080600000, 0x0000000080700000, 0x0000000080700000|100%| O|  |TAMS 0x0000000080700000, 0x0000000080600000| Untracked 
|   7|0x0000000080700000, 0x0000000080800000, 0x0000000080800000|100%| O|  |TAMS 0x0000000080800000, 0x0000000080700000| Untracked 
|   8|0x0000000080800000, 0x0000000080900000, 0x0000000080900000|100%| O|  |TAMS 0x0000000080900000, 0x0000000080800000| Untracked 
|   9|0x0000000080900000, 0x0000000080a00000, 0x0000000080a00000|100%| O|  |TAMS 0x0000000080a00000, 0x0000000080900000| Untracked 
|  10|0x0000000080a00000, 0x0000000080b00000, 0x0000000080b00000|100%| O|  |TAMS 0x0000000080b00000, 0x0000000080a00000| Untracked 
|  11|0x0000000080b00000, 0x0000000080c00000, 0x0000000080c00000|100%| O|  |TAMS 0x0000000080c00000, 0x0000000080b00000| Untracked 
|  12|0x0000000080c00000, 0x0000000080d00000, 0x0000000080d00000|100%| O|  |TAMS 0x0000000080d00000, 0x0000000080c00000| Untracked 
|  13|0x0000000080d00000, 0x0000000080e00000, 0x0000000080e00000|100%| O|  |TAMS 0x0000000080e00000, 0x0000000080d00000| Untracked 
|  14|0x0000000080e00000, 0x0000000080f00000, 0x0000000080f00000|100%| O|  |TAMS 0x0000000080f00000, 0x0000000080e00000| Untracked 
|  15|0x0000000080f00000, 0x0000000081000000, 0x0000000081000000|100%| O|  |TAMS 0x0000000081000000, 0x0000000080f00000| Untracked 
|  16|0x0000000081000000, 0x0000000081100000, 0x0000000081100000|100%| O|  |TAMS 0x0000000081100000, 0x0000000081000000| Untracked 
|  17|0x0000000081100000, 0x0000000081200000, 0x0000000081200000|100%| O|  |TAMS 0x0000000081200000, 0x0000000081100000| Untracked 
|  18|0x0000000081200000, 0x0000000081300000, 0x0000000081300000|100%| O|  |TAMS 0x0000000081300000, 0x0000000081200000| Untracked 
|  19|0x0000000081300000, 0x0000000081400000, 0x0000000081400000|100%| O|  |TAMS 0x0000000081400000, 0x0000000081300000| Untracked 
|  20|0x0000000081400000, 0x0000000081500000, 0x0000000081500000|100%| O|  |TAMS 0x0000000081500000, 0x0000000081400000| Untracked 
|  21|0x0000000081500000, 0x0000000081600000, 0x0000000081600000|100%| O|  |TAMS 0x0000000081600000, 0x0000000081500000| Untracked 
|  22|0x0000000081600000, 0x0000000081700000, 0x0000000081700000|100%| O|  |TAMS 0x0000000081700000, 0x0000000081600000| Untracked 
|  23|0x0000000081700000, 0x0000000081800000, 0x0000000081800000|100%| O|  |TAMS 0x0000000081800000, 0x0000000081700000| Untracked 
|  24|0x0000000081800000, 0x0000000081900000, 0x0000000081900000|100%| O|  |TAMS 0x0000000081900000, 0x0000000081800000| Untracked 
|  25|0x0000000081900000, 0x0000000081a00000, 0x0000000081a00000|100%| O|  |TAMS 0x0000000081a00000, 0x0000000081900000| Untracked 
|  26|0x0000000081a00000, 0x0000000081b00000, 0x0000000081b00000|100%| O|  |TAMS 0x0000000081a29c00, 0x0000000081a00000| Untracked 
|  27|0x0000000081b00000, 0x0000000081c00000, 0x0000000081c00000|100%| O|  |TAMS 0x0000000081b00000, 0x0000000081b00000| Untracked 
|  28|0x0000000081c00000, 0x0000000081d00000, 0x0000000081d00000|100%| O|  |TAMS 0x0000000081c00000, 0x0000000081c00000| Untracked 
|  29|0x0000000081d00000, 0x0000000081da8000, 0x0000000081e00000| 65%| O|  |TAMS 0x0000000081d00000, 0x0000000081d00000| Untracked 
|  30|0x0000000081e00000, 0x0000000081f00000, 0x0000000081f00000|100%| O|  |TAMS 0x0000000081f00000, 0x0000000081e00000| Untracked 
|  31|0x0000000081f00000, 0x0000000081f00000, 0x0000000082000000|  0%| F|  |TAMS 0x0000000081f00000, 0x0000000081f00000| Untracked 
|  32|0x0000000082000000, 0x0000000082000000, 0x0000000082100000|  0%| F|  |TAMS 0x0000000082000000, 0x0000000082000000| Untracked 
|  33|0x0000000082100000, 0x0000000082100000, 0x0000000082200000|  0%| F|  |TAMS 0x0000000082100000, 0x0000000082100000| Untracked 
|  34|0x0000000082200000, 0x0000000082200000, 0x0000000082300000|  0%| F|  |TAMS 0x0000000082200000, 0x0000000082200000| Untracked 
|  35|0x0000000082300000, 0x0000000082300000, 0x0000000082400000|  0%| F|  |TAMS 0x0000000082300000, 0x0000000082300000| Untracked 
|  36|0x0000000082400000, 0x0000000082400000, 0x0000000082500000|  0%| F|  |TAMS 0x0000000082400000, 0x0000000082400000| Untracked 
|  37|0x0000000082500000, 0x0000000082500000, 0x0000000082600000|  0%| F|  |TAMS 0x0000000082500000, 0x0000000082500000| Untracked 
|  38|0x0000000082600000, 0x0000000082600000, 0x0000000082700000|  0%| F|  |TAMS 0x0000000082600000, 0x0000000082600000| Untracked 
|  39|0x0000000082700000, 0x0000000082700000, 0x0000000082800000|  0%| F|  |TAMS 0x0000000082700000, 0x0000000082700000| Untracked 
|  40|0x0000000082800000, 0x0000000082876b08, 0x0000000082900000| 46%| S|CS|TAMS 0x0000000082800000, 0x0000000082800000| Complete 
|  41|0x0000000082900000, 0x0000000082a00000, 0x0000000082a00000|100%| S|CS|TAMS 0x0000000082900000, 0x0000000082900000| Complete 
|  42|0x0000000082a00000, 0x0000000082b00000, 0x0000000082b00000|100%| S|CS|TAMS 0x0000000082a00000, 0x0000000082a00000| Complete 
|  43|0x0000000082b00000, 0x0000000082c00000, 0x0000000082c00000|100%| S|CS|TAMS 0x0000000082b00000, 0x0000000082b00000| Complete 
|  44|0x0000000082c00000, 0x0000000082c00000, 0x0000000082d00000|  0%| F|  |TAMS 0x0000000082c00000, 0x0000000082c00000| Untracked 
|  45|0x0000000082d00000, 0x0000000082d00000, 0x0000000082e00000|  0%| F|  |TAMS 0x0000000082d00000, 0x0000000082d00000| Untracked 
|  46|0x0000000082e00000, 0x0000000082e00000, 0x0000000082f00000|  0%| F|  |TAMS 0x0000000082e00000, 0x0000000082e00000| Untracked 
|  47|0x0000000082f00000, 0x0000000082f00000, 0x0000000083000000|  0%| F|  |TAMS 0x0000000082f00000, 0x0000000082f00000| Untracked 
|  48|0x0000000083000000, 0x0000000083000000, 0x0000000083100000|  0%| F|  |TAMS 0x0000000083000000, 0x0000000083000000| Untracked 
|  49|0x0000000083100000, 0x0000000083100000, 0x0000000083200000|  0%| F|  |TAMS 0x0000000083100000, 0x0000000083100000| Untracked 
|  50|0x0000000083200000, 0x000000008325a248, 0x0000000083300000| 35%| E|  |TAMS 0x0000000083200000, 0x0000000083200000| Complete 
|  51|0x0000000083300000, 0x0000000083400000, 0x0000000083400000|100%| E|CS|TAMS 0x0000000083300000, 0x0000000083300000| Complete 
|  52|0x0000000083400000, 0x0000000083500000, 0x0000000083500000|100%| E|CS|TAMS 0x0000000083400000, 0x0000000083400000| Complete 
|  53|0x0000000083500000, 0x0000000083600000, 0x0000000083600000|100%| E|CS|TAMS 0x0000000083500000, 0x0000000083500000| Complete 
|  54|0x0000000083600000, 0x0000000083700000, 0x0000000083700000|100%| E|CS|TAMS 0x0000000083600000, 0x0000000083600000| Complete 
|  55|0x0000000083700000, 0x0000000083800000, 0x0000000083800000|100%| E|CS|TAMS 0x0000000083700000, 0x0000000083700000| Complete 
|  56|0x0000000083800000, 0x0000000083900000, 0x0000000083900000|100%| E|CS|TAMS 0x0000000083800000, 0x0000000083800000| Complete 
|  57|0x0000000083900000, 0x0000000083a00000, 0x0000000083a00000|100%| E|CS|TAMS 0x0000000083900000, 0x0000000083900000| Complete 
|  58|0x0000000083a00000, 0x0000000083b00000, 0x0000000083b00000|100%| E|CS|TAMS 0x0000000083a00000, 0x0000000083a00000| Complete 
|  59|0x0000000083b00000, 0x0000000083c00000, 0x0000000083c00000|100%| E|CS|TAMS 0x0000000083b00000, 0x0000000083b00000| Complete 
|  60|0x0000000083c00000, 0x0000000083d00000, 0x0000000083d00000|100%| E|CS|TAMS 0x0000000083c00000, 0x0000000083c00000| Complete 
|  61|0x0000000083d00000, 0x0000000083e00000, 0x0000000083e00000|100%| E|CS|TAMS 0x0000000083d00000, 0x0000000083d00000| Complete 
| 142|0x0000000088e00000, 0x0000000088f00000, 0x0000000088f00000|100%| E|CS|TAMS 0x0000000088e00000, 0x0000000088e00000| Complete 
| 143|0x0000000088f00000, 0x0000000089000000, 0x0000000089000000|100%| E|CS|TAMS 0x0000000088f00000, 0x0000000088f00000| Complete 
| 144|0x0000000089000000, 0x0000000089100000, 0x0000000089100000|100%| E|CS|TAMS 0x0000000089000000, 0x0000000089000000| Complete 
| 145|0x0000000089100000, 0x0000000089200000, 0x0000000089200000|100%| E|CS|TAMS 0x0000000089100000, 0x0000000089100000| Complete 
| 146|0x0000000089200000, 0x0000000089300000, 0x0000000089300000|100%| E|CS|TAMS 0x0000000089200000, 0x0000000089200000| Complete 
| 147|0x0000000089300000, 0x0000000089400000, 0x0000000089400000|100%| E|CS|TAMS 0x0000000089300000, 0x0000000089300000| Complete 
| 148|0x0000000089400000, 0x0000000089500000, 0x0000000089500000|100%| E|CS|TAMS 0x0000000089400000, 0x0000000089400000| Complete 
| 149|0x0000000089500000, 0x0000000089600000, 0x0000000089600000|100%| E|CS|TAMS 0x0000000089500000, 0x0000000089500000| Complete 
| 150|0x0000000089600000, 0x0000000089700000, 0x0000000089700000|100%| E|CS|TAMS 0x0000000089600000, 0x0000000089600000| Complete 
| 151|0x0000000089700000, 0x0000000089800000, 0x0000000089800000|100%| E|CS|TAMS 0x0000000089700000, 0x0000000089700000| Complete 
| 152|0x0000000089800000, 0x0000000089900000, 0x0000000089900000|100%| E|CS|TAMS 0x0000000089800000, 0x0000000089800000| Complete 
| 255|0x000000008ff00000, 0x0000000090000000, 0x0000000090000000|100%| E|CS|TAMS 0x000000008ff00000, 0x000000008ff00000| Complete 

Card table byte_map: [0x000001fc236a0000,0x000001fc23aa0000] _byte_map_base: 0x000001fc232a0000

Marking Bits (Prev, Next): (CMBitMap*) 0x000001fc0ca711b0, (CMBitMap*) 0x000001fc0ca711f0
 Prev Bits: [0x000001fc23ea0000, 0x000001fc25ea0000)
 Next Bits: [0x000001fc25ea0000, 0x000001fc27ea0000)

Polling page: 0x000001fc0c1f0000

Metaspace:

Usage:
  Non-class:     34.35 MB used.
      Class:      5.51 MB used.
       Both:     39.86 MB used.

Virtual space:
  Non-class space:       40.00 MB reserved,      34.62 MB ( 87%) committed,  5 nodes.
      Class space:      412.00 MB reserved,       5.75 MB (  1%) committed,  1 nodes.
             Both:      452.00 MB reserved,      40.38 MB (  9%) committed. 

Chunk freelists:
   Non-Class:  784.00 KB
       Class:  2.28 MB
        Both:  3.05 MB

MaxMetaspaceSize: 512.00 MB
CompressedClassSpaceSize: 412.00 MB
Initial GC threshold: 21.00 MB
Current GC threshold: 59.00 MB
CDS: on
MetaspaceReclaimPolicy: balanced
 - commit_granule_bytes: 65536.
 - commit_granule_words: 8192.
 - virtual_space_node_default_size: 1048576.
 - enlarge_chunks_in_place: 1.
 - new_chunks_are_fully_committed: 0.
 - uncommit_free_chunks: 1.
 - use_allocation_guard: 0.
 - handle_deallocations: 1.


Internal statistics:

num_allocs_failed_limit: 6.
num_arena_births: 586.
num_arena_deaths: 0.
num_vsnodes_births: 6.
num_vsnodes_deaths: 0.
num_space_committed: 646.
num_space_uncommitted: 0.
num_chunks_returned_to_freelist: 6.
num_chunks_taken_from_freelist: 2150.
num_chunk_merges: 6.
num_chunk_splits: 1430.
num_chunks_enlarged: 969.
num_purges: 0.
num_inconsistent_stats: 0.

CodeHeap 'non-profiled nmethods': size=120000Kb used=2888Kb max_used=3246Kb free=117111Kb
 bounds [0x000001fc1bd70000, 0x000001fc1c0a0000, 0x000001fc232a0000]
CodeHeap 'profiled nmethods': size=120000Kb used=9909Kb max_used=11057Kb free=110090Kb
 bounds [0x000001fc142a0000, 0x000001fc14d70000, 0x000001fc1b7d0000]
CodeHeap 'non-nmethods': size=5760Kb used=2308Kb max_used=2388Kb free=3451Kb
 bounds [0x000001fc1b7d0000, 0x000001fc1ba40000, 0x000001fc1bd70000]
 total_blobs=5753 nmethods=4931 adapters=734
 compilation: enabled
              stopped_count=0, restarted_count=0
 full_count=0

Compilation events (20 events):
Event: 165.809 Thread 0x000001fc2a397ee0 5362       3       java.lang.invoke.MethodTypeForm::findForm (24 bytes)
Event: 165.809 Thread 0x000001fc2a397ee0 nmethod 5362 0x000001fc14d6a110 code [0x000001fc14d6a2c0, 0x000001fc14d6a518]
Event: 165.815 Thread 0x000001fc2a397ee0 5363       3       java.util.concurrent.ThreadPoolExecutor$Worker::unlock (7 bytes)
Event: 165.815 Thread 0x000001fc2a397ee0 nmethod 5363 0x000001fc14d6a610 code [0x000001fc14d6a7c0, 0x000001fc14d6aa28]
Event: 165.815 Thread 0x000001fc2a397ee0 5364       3       java.util.concurrent.ThreadPoolExecutor$Worker::tryRelease (12 bytes)
Event: 165.816 Thread 0x000001fc2a397ee0 nmethod 5364 0x000001fc14d6ab10 code [0x000001fc14d6aca0, 0x000001fc14d6ae18]
Event: 165.816 Thread 0x000001fc2a397ee0 5365       3       java.util.concurrent.ThreadPoolExecutor$Worker::lock (6 bytes)
Event: 165.816 Thread 0x000001fc2a397ee0 nmethod 5365 0x000001fc14d6ae90 code [0x000001fc14d6b020, 0x000001fc14d6b168]
Event: 165.816 Thread 0x000001fc2a397ee0 5366       3       java.util.concurrent.ThreadPoolExecutor$Worker::tryAcquire (20 bytes)
Event: 165.816 Thread 0x000001fc2a397ee0 nmethod 5366 0x000001fc14d6b210 code [0x000001fc14d6b3c0, 0x000001fc14d6b608]
Event: 165.816 Thread 0x000001fc2a397ee0 5367       3       java.util.concurrent.ThreadPoolExecutor::beforeExecute (1 bytes)
Event: 165.816 Thread 0x000001fc2a397ee0 nmethod 5367 0x000001fc14d6b690 code [0x000001fc14d6b820, 0x000001fc14d6b938]
Event: 165.816 Thread 0x000001fc2a397ee0 5368       3       java.util.Collections::singleton (9 bytes)
Event: 165.817 Thread 0x000001fc2a397ee0 nmethod 5368 0x000001fc14d6ba10 code [0x000001fc14d6bbc0, 0x000001fc14d6bed8]
Event: 165.817 Thread 0x000001fc2a397ee0 5369       3       java.util.Collections$SingletonSet::<init> (10 bytes)
Event: 165.817 Thread 0x000001fc2a397ee0 nmethod 5369 0x000001fc14d6c010 code [0x000001fc14d6c1c0, 0x000001fc14d6c438]
Event: 165.817 Thread 0x000001fc2a397ee0 5370       1       java.util.Collections$SingletonSet::size (2 bytes)
Event: 165.817 Thread 0x000001fc2a397ee0 nmethod 5370 0x000001fc1c09b590 code [0x000001fc1c09b720, 0x000001fc1c09b7f8]
Event: 165.817 Thread 0x000001fc2a397ee0 5371       1       org.gradle.internal.operations.DefaultBuildOperationQueue::access$100 (5 bytes)
Event: 165.817 Thread 0x000001fc2a397ee0 nmethod 5371 0x000001fc1c09b890 code [0x000001fc1c09ba20, 0x000001fc1c09bad8]

GC Heap History (20 events):
Event: 13.555 GC heap before
{Heap before GC invocations=1 (full 0):
 garbage-first heap   total 262144K, used 20359K [0x0000000080000000, 0x0000000100000000)
  region size 1024K, 16 young (16384K), 2 survivors (2048K)
 Metaspace       used 3793K, committed 4032K, reserved 430080K
  class space    used 472K, committed 576K, reserved 421888K
}
Event: 13.559 GC heap after
{Heap after GC invocations=2 (full 0):
 garbage-first heap   total 262144K, used 9168K [0x0000000080000000, 0x0000000100000000)
  region size 1024K, 2 young (2048K), 2 survivors (2048K)
 Metaspace       used 3793K, committed 4032K, reserved 430080K
  class space    used 472K, committed 576K, reserved 421888K
}
Event: 15.868 GC heap before
{Heap before GC invocations=2 (full 0):
 garbage-first heap   total 262144K, used 30672K [0x0000000080000000, 0x0000000100000000)
  region size 1024K, 23 young (23552K), 2 survivors (2048K)
 Metaspace       used 3918K, committed 4096K, reserved 430080K
  class space    used 474K, committed 576K, reserved 421888K
}
Event: 15.871 GC heap after
{Heap after GC invocations=3 (full 0):
 garbage-first heap   total 262144K, used 12737K [0x0000000080000000, 0x0000000100000000)
  region size 1024K, 3 young (3072K), 3 survivors (3072K)
 Metaspace       used 3918K, committed 4096K, reserved 430080K
  class space    used 474K, committed 576K, reserved 421888K
}
Event: 39.699 GC heap before
{Heap before GC invocations=3 (full 0):
 garbage-first heap   total 262144K, used 114113K [0x0000000080000000, 0x0000000100000000)
  region size 1024K, 103 young (105472K), 3 survivors (3072K)
 Metaspace       used 21204K, committed 21504K, reserved 446464K
  class space    used 3119K, committed 3264K, reserved 421888K
}
Event: 39.720 GC heap after
{Heap after GC invocations=4 (full 0):
 garbage-first heap   total 262144K, used 20493K [0x0000000080000000, 0x0000000100000000)
  region size 1024K, 11 young (11264K), 11 survivors (11264K)
 Metaspace       used 21204K, committed 21504K, reserved 446464K
  class space    used 3119K, committed 3264K, reserved 421888K
}
Event: 41.198 GC heap before
{Heap before GC invocations=5 (full 0):
 garbage-first heap   total 75776K, used 54285K [0x0000000080000000, 0x0000000100000000)
  region size 1024K, 44 young (45056K), 11 survivors (11264K)
 Metaspace       used 27829K, committed 28160K, reserved 446464K
  class space    used 3874K, committed 4032K, reserved 421888K
}
Event: 41.212 GC heap after
{Heap after GC invocations=6 (full 0):
 garbage-first heap   total 75776K, used 25537K [0x0000000080000000, 0x0000000100000000)
  region size 1024K, 5 young (5120K), 5 survivors (5120K)
 Metaspace       used 27829K, committed 28160K, reserved 446464K
  class space    used 3874K, committed 4032K, reserved 421888K
}
Event: 41.220 GC heap before
{Heap before GC invocations=6 (full 0):
 garbage-first heap   total 75776K, used 26561K [0x0000000080000000, 0x0000000100000000)
  region size 1024K, 6 young (6144K), 5 survivors (5120K)
 Metaspace       used 27830K, committed 28160K, reserved 446464K
  class space    used 3874K, committed 4032K, reserved 421888K
}
Event: 41.226 GC heap after
{Heap after GC invocations=7 (full 0):
 garbage-first heap   total 75776K, used 25275K [0x0000000080000000, 0x0000000100000000)
  region size 1024K, 1 young (1024K), 1 survivors (1024K)
 Metaspace       used 27830K, committed 28160K, reserved 446464K
  class space    used 3874K, committed 4032K, reserved 421888K
}
Event: 55.016 GC heap before
{Heap before GC invocations=7 (full 0):
 garbage-first heap   total 75776K, used 55995K [0x0000000080000000, 0x0000000100000000)
  region size 1024K, 29 young (29696K), 1 survivors (1024K)
 Metaspace       used 30531K, committed 30912K, reserved 454656K
  class space    used 4156K, committed 4352K, reserved 421888K
}
Event: 55.021 GC heap after
{Heap after GC invocations=8 (full 0):
 garbage-first heap   total 75776K, used 27836K [0x0000000080000000, 0x0000000100000000)
  region size 1024K, 3 young (3072K), 3 survivors (3072K)
 Metaspace       used 30531K, committed 30912K, reserved 454656K
  class space    used 4156K, committed 4352K, reserved 421888K
}
Event: 69.519 GC heap before
{Heap before GC invocations=8 (full 0):
 garbage-first heap   total 75776K, used 55484K [0x0000000080000000, 0x0000000100000000)
  region size 1024K, 30 young (30720K), 3 survivors (3072K)
 Metaspace       used 31514K, committed 31872K, reserved 454656K
  class space    used 4300K, committed 4480K, reserved 421888K
}
Event: 69.526 GC heap after
{Heap after GC invocations=9 (full 0):
 garbage-first heap   total 75776K, used 29690K [0x0000000080000000, 0x0000000100000000)
  region size 1024K, 2 young (2048K), 2 survivors (2048K)
 Metaspace       used 31514K, committed 31872K, reserved 454656K
  class space    used 4300K, committed 4480K, reserved 421888K
}
Event: 146.330 GC heap before
{Heap before GC invocations=9 (full 0):
 garbage-first heap   total 75776K, used 57338K [0x0000000080000000, 0x0000000100000000)
  region size 1024K, 29 young (29696K), 2 survivors (2048K)
 Metaspace       used 32968K, committed 33472K, reserved 454656K
  class space    used 4512K, committed 4736K, reserved 421888K
}
Event: 146.337 GC heap after
{Heap after GC invocations=10 (full 0):
 garbage-first heap   total 75776K, used 31428K [0x0000000080000000, 0x0000000100000000)
  region size 1024K, 4 young (4096K), 4 survivors (4096K)
 Metaspace       used 32968K, committed 33472K, reserved 454656K
  class space    used 4512K, committed 4736K, reserved 421888K
}
Event: 151.392 GC heap before
{Heap before GC invocations=10 (full 0):
 garbage-first heap   total 75776K, used 52932K [0x0000000080000000, 0x0000000100000000)
  region size 1024K, 26 young (26624K), 4 survivors (4096K)
 Metaspace       used 35532K, committed 35968K, reserved 454656K
  class space    used 4825K, committed 5056K, reserved 421888K
}
Event: 151.398 GC heap after
{Heap after GC invocations=11 (full 0):
 garbage-first heap   total 75776K, used 32520K [0x0000000080000000, 0x0000000100000000)
  region size 1024K, 3 young (3072K), 3 survivors (3072K)
 Metaspace       used 35532K, committed 35968K, reserved 454656K
  class space    used 4825K, committed 5056K, reserved 421888K
}
Event: 162.124 GC heap before
{Heap before GC invocations=12 (full 0):
 garbage-first heap   total 75776K, used 59144K [0x0000000080000000, 0x0000000100000000)
  region size 1024K, 30 young (30720K), 3 survivors (3072K)
 Metaspace       used 38395K, committed 38912K, reserved 462848K
  class space    used 5285K, committed 5504K, reserved 421888K
}
Event: 162.134 GC heap after
{Heap after GC invocations=13 (full 0):
 garbage-first heap   total 75776K, used 34938K [0x0000000080000000, 0x0000000100000000)
  region size 1024K, 4 young (4096K), 4 survivors (4096K)
 Metaspace       used 38395K, committed 38912K, reserved 462848K
  class space    used 5285K, committed 5504K, reserved 421888K
}

Deoptimization events (20 events):
Event: 164.738 Thread 0x000001fc2c4761f0 DEOPT PACKING pc=0x000001fc1bdc6da8 sp=0x0000004a870f7740
Event: 164.738 Thread 0x000001fc2c4761f0 DEOPT UNPACKING pc=0x000001fc1b8223a3 sp=0x0000004a870f76f0 mode 2
Event: 165.589 Thread 0x000001fc2c4761f0 DEOPT PACKING pc=0x000001fc1461315c sp=0x0000004a870f6b00
Event: 165.589 Thread 0x000001fc2c4761f0 DEOPT UNPACKING pc=0x000001fc1b822b43 sp=0x0000004a870f6080 mode 0
Event: 165.802 Thread 0x000001fc2d6c5d50 Uncommon trap: trap_request=0xffffff45 fr.pc=0x000001fc1bed5da0 relative=0x00000000000010e0
Event: 165.802 Thread 0x000001fc2d6c5d50 Uncommon trap: reason=unstable_if action=reinterpret pc=0x000001fc1bed5da0 method=java.util.concurrent.ConcurrentHashMap.putVal(Ljava/lang/Object;Ljava/lang/Object;Z)Ljava/lang/Object; @ 97 c2
Event: 165.802 Thread 0x000001fc2d6c5d50 DEOPT PACKING pc=0x000001fc1bed5da0 sp=0x0000004a888fe2a0
Event: 165.802 Thread 0x000001fc2d6c5d50 DEOPT UNPACKING pc=0x000001fc1b8223a3 sp=0x0000004a888fe238 mode 2
Event: 165.802 Thread 0x000001fc2d6c5d50 Uncommon trap: trap_request=0xffffff45 fr.pc=0x000001fc1bffb7c8 relative=0x00000000000001a8
Event: 165.802 Thread 0x000001fc2d6c5d50 Uncommon trap: reason=unstable_if action=reinterpret pc=0x000001fc1bffb7c8 method=java.lang.invoke.MethodType.equals(Ljava/lang/Object;)Z @ 11 c2
Event: 165.802 Thread 0x000001fc2d6c5d50 DEOPT PACKING pc=0x000001fc1bffb7c8 sp=0x0000004a888fe180
Event: 165.802 Thread 0x000001fc2d6c5d50 DEOPT UNPACKING pc=0x000001fc1b8223a3 sp=0x0000004a888fe148 mode 2
Event: 165.802 Thread 0x000001fc2d6c5d50 Uncommon trap: trap_request=0xffffff54 fr.pc=0x000001fc1bf6209c relative=0x00000000000007fc
Event: 165.802 Thread 0x000001fc2d6c5d50 Uncommon trap: reason=speculate_null_assert action=make_not_entrant pc=0x000001fc1bf6209c method=java.lang.invoke.MethodType$ConcurrentWeakInternSet.add(Ljava/lang/Object;)Ljava/lang/Object; @ 47 c2
Event: 165.802 Thread 0x000001fc2d6c5d50 DEOPT PACKING pc=0x000001fc1bf6209c sp=0x0000004a888fe360
Event: 165.803 Thread 0x000001fc2d6c5d50 DEOPT UNPACKING pc=0x000001fc1b8223a3 sp=0x0000004a888fe2f8 mode 2
Event: 165.805 Thread 0x000001fc2d6ca0b0 Uncommon trap: trap_request=0xffffff45 fr.pc=0x000001fc1bedce14 relative=0x00000000000001d4
Event: 165.805 Thread 0x000001fc2d6ca0b0 Uncommon trap: reason=unstable_if action=reinterpret pc=0x000001fc1bedce14 method=java.util.concurrent.ConcurrentHashMap.addCount(JI)V @ 34 c2
Event: 165.805 Thread 0x000001fc2d6ca0b0 DEOPT PACKING pc=0x000001fc1bedce14 sp=0x0000004a886fe810
Event: 165.805 Thread 0x000001fc2d6ca0b0 DEOPT UNPACKING pc=0x000001fc1b8223a3 sp=0x0000004a886fe770 mode 2

Classes unloaded (0 events):
No events

Classes redefined (0 events):
No events

Internal exceptions (20 events):
Event: 145.984 Thread 0x000001fc2c4761f0 Exception <a 'java/lang/NoSuchMethodError'{0x000000008369f548}: 'java.lang.Object java.lang.invoke.DirectMethodHandle$Holder.invokeStatic(java.lang.Object, java.lang.Object, java.lang.Object, java.lang.Object, java.lang.Object, java.lang.Object, java.lang.Object, java.lang.Object, java.lang.Object, java.lang.Object, java.lang.Object, java.lang.Object, java.lang.Object, java.lang.Object, java.lang.Object, java.lang.Object, java.lang.Object, java.lang.Object, java.lang.Object, java.lang.Object, java.lang.Obj
Event: 145.992 Thread 0x000001fc2c4761f0 Exception <a 'java/lang/NoSuchMethodError'{0x00000000836ca888}: 'java.lang.Object java.lang.invoke.DirectMethodHandle$Holder.invokeStatic(java.lang.Object, java.lang.Object, java.lang.Object, java.lang.Object, java.lang.Object, java.lang.Object, java.lang.Object, java.lang.Object, java.lang.Object, java.lang.Object, java.lang.Object, java.lang.Object, java.lang.Object, java.lang.Object, java.lang.Object, java.lang.Object, java.lang.Object, java.lang.Object, java.lang.Object, java.lang.Object, java.lang.Obj
Event: 145.994 Thread 0x000001fc2c4761f0 Exception <a 'java/lang/NoSuchMethodError'{0x00000000836f7868}: 'java.lang.Object java.lang.invoke.DirectMethodHandle$Holder.invokeStatic(java.lang.Object, java.lang.Object, java.lang.Object, java.lang.Object, java.lang.Object, java.lang.Object, java.lang.Object, java.lang.Object, java.lang.Object, java.lang.Object, java.lang.Object, java.lang.Object, java.lang.Object, java.lang.Object, java.lang.Object, java.lang.Object, java.lang.Object, java.lang.Object, java.lang.Object, java.lang.Object, java.lang.Obj
Event: 146.088 Thread 0x000001fc2c4761f0 Exception <a 'java/lang/NoSuchMethodError'{0x0000000083526390}: 'java.lang.Object java.lang.invoke.DirectMethodHandle$Holder.invokeStatic(java.lang.Object, java.lang.Object, java.lang.Object, java.lang.Object, java.lang.Object, java.lang.Object, java.lang.Object, java.lang.Object, java.lang.Object, java.lang.Object, java.lang.Object, java.lang.Object, java.lang.Object, java.lang.Object, java.lang.Object, java.lang.Object, java.lang.Object, java.lang.Object, java.lang.Object, java.lang.Object, java.lang.Obj
Event: 146.839 Thread 0x000001fc2c4761f0 Exception <a 'java/lang/IncompatibleClassChangeError'{0x00000000895fa8d8}: Found class java.lang.Object, but interface was expected> (0x00000000895fa8d8) 
thrown [s\open\src\hotspot\share\interpreter\linkResolver.cpp, line 826]
Event: 148.472 Thread 0x000001fc2c4761f0 Exception <a 'java/lang/IncompatibleClassChangeError'{0x00000000890b1708}: Found class java.lang.Object, but interface was expected> (0x00000000890b1708) 
thrown [s\open\src\hotspot\share\interpreter\linkResolver.cpp, line 826]
Event: 148.508 Thread 0x000001fc2c4761f0 Exception <a 'java/lang/NoSuchMethodError'{0x0000000088f5b3e8}: 'void java.lang.invoke.DirectMethodHandle$Holder.invokeStatic(java.lang.Object, java.lang.Object, java.lang.Object, java.lang.Object, java.lang.Object, java.lang.Object)'> (0x0000000088f5b3e8) 
thrown [s\open\src\hotspot\share\interpreter\linkResolver.cpp, line 759]
Event: 148.810 Thread 0x000001fc2c4761f0 Exception <a 'java/lang/NoSuchMethodError'{0x0000000088e53cb0}: 'int java.lang.invoke.DirectMethodHandle$Holder.invokeStaticInit(java.lang.Object, java.lang.Object, java.lang.Object, java.lang.Object, java.lang.Object)'> (0x0000000088e53cb0) 
thrown [s\open\src\hotspot\share\interpreter\linkResolver.cpp, line 759]
Event: 151.200 Thread 0x000001fc2c4761f0 Exception <a 'java/lang/NoSuchMethodError'{0x00000000834243c8}: 'void java.lang.invoke.DirectMethodHandle$Holder.invokeInterface(java.lang.Object, java.lang.Object)'> (0x00000000834243c8) 
thrown [s\open\src\hotspot\share\interpreter\linkResolver.cpp, line 759]
Event: 151.422 Thread 0x000001fc2c4761f0 Exception <a 'java/lang/NoSuchMethodError'{0x000000008ffe6978}: 'java.lang.Object java.lang.invoke.DirectMethodHandle$Holder.newInvokeSpecial(java.lang.Object, int, java.lang.Object)'> (0x000000008ffe6978) 
thrown [s\open\src\hotspot\share\interpreter\linkResolver.cpp, line 759]
Event: 160.968 Thread 0x000001fc2c4761f0 Exception <a 'java/lang/NoSuchMethodError'{0x0000000082e3ced8}: 'java.lang.Object java.lang.invoke.DelegatingMethodHandle$Holder.reinvoke_L(java.lang.Object, java.lang.Object, java.lang.Object, java.lang.Object, java.lang.Object, java.lang.Object, java.lang.Object, java.lang.Object, java.lang.Object, java.lang.Object, java.lang.Object, java.lang.Object, java.lang.Object, java.lang.Object, java.lang.Object, java.lang.Object, java.lang.Object, java.lang.Object, java.lang.Object, java.lang.Object)'> (0x000000
Event: 160.973 Thread 0x000001fc2c4761f0 Exception <a 'java/lang/NoSuchMethodError'{0x0000000082e481a0}: 'java.lang.Object java.lang.invoke.DirectMethodHandle$Holder.invokeSpecial(java.lang.Object, java.lang.Object, java.lang.Object, java.lang.Object, java.lang.Object, java.lang.Object, java.lang.Object, java.lang.Object, java.lang.Object, java.lang.Object, java.lang.Object, java.lang.Object, java.lang.Object, java.lang.Object, java.lang.Object, java.lang.Object, java.lang.Object, java.lang.Object, java.lang.Object, java.lang.Object)'> (0x0000000
Event: 160.973 Thread 0x000001fc2c4761f0 Exception <a 'java/lang/NoSuchMethodError'{0x0000000082e4dbd0}: 'java.lang.Object java.lang.invoke.Invokers$Holder.invoker(java.lang.Object, java.lang.Object, java.lang.Object, java.lang.Object, java.lang.Object, java.lang.Object, java.lang.Object, java.lang.Object, java.lang.Object, java.lang.Object, java.lang.Object, java.lang.Object, java.lang.Object, java.lang.Object, java.lang.Object, java.lang.Object, java.lang.Object, java.lang.Object, java.lang.Object, java.lang.Object)'> (0x0000000082e4dbd0) 
thro
Event: 160.974 Thread 0x000001fc2c4761f0 Exception <a 'java/lang/NoSuchMethodError'{0x0000000082e54078}: 'java.lang.Object java.lang.invoke.DelegatingMethodHandle$Holder.delegate(java.lang.Object, java.lang.Object, java.lang.Object, java.lang.Object, java.lang.Object, java.lang.Object, java.lang.Object, java.lang.Object, java.lang.Object, java.lang.Object, java.lang.Object, java.lang.Object, java.lang.Object, java.lang.Object, java.lang.Object, java.lang.Object, java.lang.Object, java.lang.Object, java.lang.Object, java.lang.Object)'> (0x00000000
Event: 165.095 Thread 0x000001fc2c4761f0 Exception <a 'java/lang/NoSuchMethodError'{0x000000008919d930}: 'int java.lang.invoke.DirectMethodHandle$Holder.invokeInterface(java.lang.Object, java.lang.Object)'> (0x000000008919d930) 
thrown [s\open\src\hotspot\share\interpreter\linkResolver.cpp, line 759]
Event: 165.096 Thread 0x000001fc2c4761f0 Exception <a 'java/lang/IncompatibleClassChangeError'{0x00000000891a1eb0}: Found class java.lang.Object, but interface was expected> (0x00000000891a1eb0) 
thrown [s\open\src\hotspot\share\interpreter\linkResolver.cpp, line 826]
Event: 165.100 Thread 0x000001fc2c4761f0 Exception <a 'java/lang/NoSuchMethodError'{0x00000000891a9b88}: 'int java.lang.invoke.DirectMethodHandle$Holder.invokeSpecialIFC(java.lang.Object, java.lang.Object, java.lang.Object, java.lang.Object, java.lang.Object)'> (0x00000000891a9b88) 
thrown [s\open\src\hotspot\share\interpreter\linkResolver.cpp, line 759]
Event: 165.463 Thread 0x000001fc2c4761f0 Exception <a 'java/lang/NoSuchMethodError'{0x0000000083c3e150}: 'int java.lang.invoke.DirectMethodHandle$Holder.invokeStatic(java.lang.Object)'> (0x0000000083c3e150) 
thrown [s\open\src\hotspot\share\interpreter\linkResolver.cpp, line 759]
Event: 165.464 Thread 0x000001fc2c4761f0 Exception <a 'java/lang/NoSuchMethodError'{0x0000000083c427e8}: 'int java.lang.invoke.DirectMethodHandle$Holder.invokeStaticInit(java.lang.Object)'> (0x0000000083c427e8) 
thrown [s\open\src\hotspot\share\interpreter\linkResolver.cpp, line 759]
Event: 165.556 Thread 0x000001fc2c4761f0 Exception <a 'java/lang/NoSuchMethodError'{0x0000000083bd5598}: 'void java.lang.invoke.DirectMethodHandle$Holder.invokeStatic(java.lang.Object, java.lang.Object, java.lang.Object, int, java.lang.Object)'> (0x0000000083bd5598) 
thrown [s\open\src\hotspot\share\interpreter\linkResolver.cpp, line 759]

VM Operations (20 events):
Event: 159.987 Executing VM operation: HandshakeAllThreads
Event: 159.987 Executing VM operation: HandshakeAllThreads done
Event: 160.991 Executing VM operation: Cleanup
Event: 161.043 Executing VM operation: Cleanup done
Event: 162.047 Executing VM operation: Cleanup
Event: 162.124 Executing VM operation: Cleanup done
Event: 162.124 Executing VM operation: G1CollectForAllocation
Event: 162.134 Executing VM operation: G1CollectForAllocation done
Event: 163.149 Executing VM operation: Cleanup
Event: 163.149 Executing VM operation: Cleanup done
Event: 164.154 Executing VM operation: Cleanup
Event: 164.154 Executing VM operation: Cleanup done
Event: 165.163 Executing VM operation: Cleanup
Event: 165.242 Executing VM operation: Cleanup done
Event: 165.333 Executing VM operation: HandshakeAllThreads
Event: 165.367 Executing VM operation: HandshakeAllThreads done
Event: 165.776 Executing VM operation: HandshakeAllThreads
Event: 165.776 Executing VM operation: HandshakeAllThreads done
Event: 165.802 Executing VM operation: HandshakeAllThreads
Event: 165.818 Executing VM operation: HandshakeAllThreads done

Events (20 events):
Event: 165.824 Thread 0x000001fc2ad32810 flushing nmethod 0x000001fc146bc410
Event: 165.824 Thread 0x000001fc2ad32810 flushing nmethod 0x000001fc146db390
Event: 165.824 Thread 0x000001fc2ad32810 flushing nmethod 0x000001fc146e5190
Event: 165.824 Thread 0x000001fc2ad32810 flushing nmethod 0x000001fc146ea490
Event: 165.824 Thread 0x000001fc2ad32810 flushing nmethod 0x000001fc146f4390
Event: 165.824 Thread 0x000001fc2ad32810 flushing nmethod 0x000001fc14700f10
Event: 165.824 Thread 0x000001fc2ad32810 flushing nmethod 0x000001fc14706410
Event: 165.824 Thread 0x000001fc2ad32810 flushing nmethod 0x000001fc1470fc90
Event: 165.824 Thread 0x000001fc2ad32810 flushing nmethod 0x000001fc14713490
Event: 165.824 Thread 0x000001fc2ad32810 flushing nmethod 0x000001fc14727390
Event: 165.824 Thread 0x000001fc2ad32810 flushing nmethod 0x000001fc14728b10
Event: 165.824 Thread 0x000001fc2ad32810 flushing nmethod 0x000001fc1472a690
Event: 165.824 Thread 0x000001fc2ad32810 flushing nmethod 0x000001fc14741990
Event: 165.824 Thread 0x000001fc2ad32810 flushing nmethod 0x000001fc147aca10
Event: 165.825 Thread 0x000001fc2ad32810 flushing nmethod 0x000001fc14859a10
Event: 165.825 Thread 0x000001fc2ad32810 flushing nmethod 0x000001fc1485a510
Event: 165.825 Thread 0x000001fc2ad32810 flushing nmethod 0x000001fc1485aa10
Event: 165.825 Thread 0x000001fc2ad32810 flushing nmethod 0x000001fc1485af10
Event: 165.825 Thread 0x000001fc2ad32810 flushing nmethod 0x000001fc1485ed10
Event: 165.825 Thread 0x000001fc2ad32810 flushing nmethod 0x000001fc1485f090


Dynamic libraries:
0x00007ff734340000 - 0x00007ff734350000 	C:\Program Files\Java\jdk-17\bin\java.exe
0x00007ffa9d590000 - 0x00007ffa9d788000 	C:\Windows\SYSTEM32\ntdll.dll
0x00007ffa9b7a0000 - 0x00007ffa9b85f000 	C:\Windows\System32\KERNEL32.DLL
0x00007ffa9ad10000 - 0x00007ffa9b006000 	C:\Windows\System32\KERNELBASE.dll
0x00007ffa9b010000 - 0x00007ffa9b110000 	C:\Windows\System32\ucrtbase.dll
0x00007ffa7cd30000 - 0x00007ffa7cd49000 	C:\Program Files\Java\jdk-17\bin\jli.dll
0x00007ffa9bcb0000 - 0x00007ffa9bd5f000 	C:\Windows\System32\ADVAPI32.dll
0x00007ffa9bd90000 - 0x00007ffa9be2e000 	C:\Windows\System32\msvcrt.dll
0x00007ffa9bc10000 - 0x00007ffa9bcac000 	C:\Windows\System32\sechost.dll
0x00007ffa9d3c0000 - 0x00007ffa9d4e6000 	C:\Windows\System32\RPCRT4.dll
0x00007ffa9b600000 - 0x00007ffa9b79d000 	C:\Windows\System32\USER32.dll
0x00007ffa9b3c0000 - 0x00007ffa9b3e2000 	C:\Windows\System32\win32u.dll
0x00007ffa9bd60000 - 0x00007ffa9bd8c000 	C:\Windows\System32\GDI32.dll
0x00007ffa9b160000 - 0x00007ffa9b275000 	C:\Windows\System32\gdi32full.dll
0x00007ffa9b3f0000 - 0x00007ffa9b48d000 	C:\Windows\System32\msvcp_win.dll
0x00007ffa772c0000 - 0x00007ffa772db000 	C:\Program Files\Java\jdk-17\bin\VCRUNTIME140.dll
0x00007ffa77020000 - 0x00007ffa772ba000 	C:\Windows\WinSxS\amd64_microsoft.windows.common-controls_6595b64144ccf1df_6.0.19041.1110_none_60b5254171f9507e\COMCTL32.dll
0x00007ffa921b0000 - 0x00007ffa921ba000 	C:\Windows\SYSTEM32\VERSION.dll
0x00007ffa9c500000 - 0x00007ffa9c530000 	C:\Windows\System32\IMM32.DLL
0x00007ffa8bbd0000 - 0x00007ffa8bbdc000 	C:\Program Files\Java\jdk-17\bin\vcruntime140_1.dll
0x00007ffa57b90000 - 0x00007ffa57c1e000 	C:\Program Files\Java\jdk-17\bin\msvcp140.dll
0x00007ffa28ca0000 - 0x00007ffa2987d000 	C:\Program Files\Java\jdk-17\bin\server\jvm.dll
0x00007ffa9b5f0000 - 0x00007ffa9b5f8000 	C:\Windows\System32\PSAPI.DLL
0x00007ffa8af90000 - 0x00007ffa8af99000 	C:\Windows\SYSTEM32\WSOCK32.dll
0x00007ffa9c890000 - 0x00007ffa9c8fb000 	C:\Windows\System32\WS2_32.dll
0x00007ffa6ffa0000 - 0x00007ffa6ffc7000 	C:\Windows\SYSTEM32\WINMM.dll
0x00007ffa99490000 - 0x00007ffa994a2000 	C:\Windows\SYSTEM32\kernel.appcore.dll
0x00007ffa817a0000 - 0x00007ffa817aa000 	C:\Program Files\Java\jdk-17\bin\jimage.dll
0x00007ffa95870000 - 0x00007ffa95a54000 	C:\Windows\SYSTEM32\DBGHELP.DLL
0x00007ffa89080000 - 0x00007ffa890b4000 	C:\Windows\SYSTEM32\dbgcore.DLL
0x00007ffa9b330000 - 0x00007ffa9b3b2000 	C:\Windows\System32\bcryptPrimitives.dll
0x00007ffa73c90000 - 0x00007ffa73cb5000 	C:\Program Files\Java\jdk-17\bin\java.dll
0x00007ffa2df30000 - 0x00007ffa2e007000 	C:\Program Files\Java\jdk-17\bin\jsvml.dll
0x00007ffa9ca90000 - 0x00007ffa9d1d4000 	C:\Windows\System32\SHELL32.dll
0x00007ffa98cf0000 - 0x00007ffa99483000 	C:\Windows\SYSTEM32\windows.storage.dll
0x00007ffa9c530000 - 0x00007ffa9c884000 	C:\Windows\System32\combase.dll
0x00007ffa9a5e0000 - 0x00007ffa9a60e000 	C:\Windows\SYSTEM32\Wldp.dll
0x00007ffa9c450000 - 0x00007ffa9c4fd000 	C:\Windows\System32\SHCORE.dll
0x00007ffa9d360000 - 0x00007ffa9d3b5000 	C:\Windows\System32\shlwapi.dll
0x00007ffa9aba0000 - 0x00007ffa9abc5000 	C:\Windows\SYSTEM32\profapi.dll
0x00007ffa76800000 - 0x00007ffa76819000 	C:\Program Files\Java\jdk-17\bin\net.dll
0x00007ffa8fc50000 - 0x00007ffa8fd5a000 	C:\Windows\SYSTEM32\WINHTTP.dll
0x00007ffa9a340000 - 0x00007ffa9a3aa000 	C:\Windows\system32\mswsock.dll
0x00007ffa76300000 - 0x00007ffa76316000 	C:\Program Files\Java\jdk-17\bin\nio.dll
0x00007ffa76100000 - 0x00007ffa76118000 	C:\Program Files\Java\jdk-17\bin\zip.dll
0x00007ffa93720000 - 0x00007ffa93730000 	C:\Program Files\Java\jdk-17\bin\verify.dll
0x00007ffa72610000 - 0x00007ffa72637000 	C:\Users\ss\.gradle\native\e1d6ef7f7dcc3fd88c89a11ec53ec762bb8ba0a96d01ffa2cd45eb1d1d8dd5c5\windows-amd64\native-platform.dll
0x00007ffa68900000 - 0x00007ffa68a44000 	C:\Users\ss\.gradle\native\5664cfc778a61ccfe75a443a1ab52a65af34e5dc3c78e0209fed803814484fcb\windows-amd64\native-platform-file-events.dll
0x00007ffa92ba0000 - 0x00007ffa92baa000 	C:\Program Files\Java\jdk-17\bin\management.dll
0x00007ffa8d980000 - 0x00007ffa8d98b000 	C:\Program Files\Java\jdk-17\bin\management_ext.dll
0x00007ffa9a530000 - 0x00007ffa9a548000 	C:\Windows\SYSTEM32\CRYPTSP.dll
0x00007ffa99c50000 - 0x00007ffa99c84000 	C:\Windows\system32\rsaenh.dll
0x00007ffa9ace0000 - 0x00007ffa9ad07000 	C:\Windows\System32\bcrypt.dll
0x00007ffa9ab60000 - 0x00007ffa9ab8e000 	C:\Windows\SYSTEM32\USERENV.dll
0x00007ffa9a550000 - 0x00007ffa9a55c000 	C:\Windows\SYSTEM32\CRYPTBASE.dll
0x00007ffa9a030000 - 0x00007ffa9a06b000 	C:\Windows\SYSTEM32\IPHLPAPI.DLL
0x00007ffa9be50000 - 0x00007ffa9be58000 	C:\Windows\System32\NSI.dll
0x00007ffa905d0000 - 0x00007ffa905e7000 	C:\Windows\SYSTEM32\dhcpcsvc6.DLL
0x00007ffa906e0000 - 0x00007ffa906fd000 	C:\Windows\SYSTEM32\dhcpcsvc.DLL
0x00007ffa9a070000 - 0x00007ffa9a13a000 	C:\Windows\SYSTEM32\DNSAPI.dll
0x00007ffa774e0000 - 0x00007ffa774ed000 	C:\Program Files\Java\jdk-17\bin\sunmscapi.dll
0x00007ffa9b490000 - 0x00007ffa9b5ee000 	C:\Windows\System32\CRYPT32.dll
0x00007ffa9a650000 - 0x00007ffa9a678000 	C:\Windows\SYSTEM32\ncrypt.dll
0x00007ffa9a610000 - 0x00007ffa9a64b000 	C:\Windows\SYSTEM32\NTASN1.dll
0x00007ffa81790000 - 0x00007ffa81797000 	C:\Windows\system32\wshunix.dll

dbghelp: loaded successfully - version: 4.0.5 - missing functions: none
symbol engine: initialized successfully - sym options: 0x614 - pdb path: .;C:\Program Files\Java\jdk-17\bin;C:\Windows\SYSTEM32;C:\Windows\WinSxS\amd64_microsoft.windows.common-controls_6595b64144ccf1df_6.0.19041.1110_none_60b5254171f9507e;C:\Program Files\Java\jdk-17\bin\server;C:\Users\ss\.gradle\native\e1d6ef7f7dcc3fd88c89a11ec53ec762bb8ba0a96d01ffa2cd45eb1d1d8dd5c5\windows-amd64;C:\Users\ss\.gradle\native\5664cfc778a61ccfe75a443a1ab52a65af34e5dc3c78e0209fed803814484fcb\windows-amd64

VM Arguments:
jvm_args: -XX:MaxMetaspaceSize=512m --add-opens=java.base/java.util=ALL-UNNAMED --add-opens=java.base/java.lang=ALL-UNNAMED --add-opens=java.base/java.lang.invoke=ALL-UNNAMED --add-opens=java.base/java.util=ALL-UNNAMED --add-opens=java.prefs/java.util.prefs=ALL-UNNAMED --add-opens=java.prefs/java.util.prefs=ALL-UNNAMED --add-opens=java.base/java.nio.charset=ALL-UNNAMED --add-opens=java.base/java.net=ALL-UNNAMED --add-opens=java.base/java.util.concurrent.atomic=ALL-UNNAMED -Xmx2048m -Dfile.encoding=windows-1252 -Duser.country=IN -Duser.language=en -Duser.variant 
java_command: org.gradle.launcher.daemon.bootstrap.GradleDaemon 7.3.3
java_class_path (initial): C:\Users\ss\.gradle\wrapper\dists\gradle-7.3.3-all\4295vidhdd9hd3gbjyw1xqxpo\gradle-7.3.3\lib\gradle-launcher-7.3.3.jar
Launcher Type: SUN_STANDARD

[Global flags]
     intx CICompilerCount                          = 3                                         {product} {ergonomic}
   size_t CompressedClassSpaceSize                 = 432013312                                 {product} {ergonomic}
     uint ConcGCThreads                            = 1                                         {product} {ergonomic}
     uint G1ConcRefinementThreads                  = 4                                         {product} {ergonomic}
   size_t G1HeapRegionSize                         = 1048576                                   {product} {ergonomic}
    uintx GCDrainStackTargetSize                   = 64                                        {product} {ergonomic}
   size_t InitialHeapSize                          = 268435456                                 {product} {ergonomic}
   size_t MarkStackSize                            = 4194304                                   {product} {ergonomic}
   size_t MaxHeapSize                              = 2147483648                                {product} {command line}
   size_t MaxMetaspaceSize                         = 536870912                                 {product} {command line}
   size_t MaxNewSize                               = 1287651328                                {product} {ergonomic}
   size_t MinHeapDeltaBytes                        = 1048576                                   {product} {ergonomic}
   size_t MinHeapSize                              = 8388608                                   {product} {ergonomic}
    uintx NonNMethodCodeHeapSize                   = 5832780                                {pd product} {ergonomic}
    uintx NonProfiledCodeHeapSize                  = 122912730                              {pd product} {ergonomic}
    uintx ProfiledCodeHeapSize                     = 122912730                              {pd product} {ergonomic}
    uintx ReservedCodeCacheSize                    = 251658240                              {pd product} {ergonomic}
     bool SegmentedCodeCache                       = true                                      {product} {ergonomic}
   size_t SoftMaxHeapSize                          = 2147483648                             {manageable} {ergonomic}
     bool UseCompressedClassPointers               = true                           {product lp64_product} {ergonomic}
     bool UseCompressedOops                        = true                           {product lp64_product} {ergonomic}
     bool UseG1GC                                  = true                                      {product} {ergonomic}
     bool UseLargePagesIndividualAllocation        = false                                  {pd product} {ergonomic}

Logging:
Log output configuration:
 #0: stdout all=warning uptime,level,tags
 #1: stderr all=off uptime,level,tags

Environment Variables:
CLASSPATH=C:\Users\ss\Desktop\teachers-vision\android\\gradle\wrapper\gradle-wrapper.jar
PATH=C:\Users\ss\Desktop\teachers-vision\android\node_modules\.bin;C:\Users\ss\Desktop\teachers-vision\node_modules\.bin;C:\Users\ss\Desktop\node_modules\.bin;C:\Users\ss\node_modules\.bin;C:\Users\node_modules\.bin;C:\node_modules\.bin;C:\Program Files\nodejs;C:\Users\ss\Desktop\teachers-vision\node_modules\.bin;C:\Users\ss\Desktop\teachers-vision\node_modules\.bin;C:\Users\ss\Desktop\node_modules\.bin;C:\Users\ss\node_modules\.bin;C:\Users\node_modules\.bin;C:\node_modules\.bin;C:\Users\ss\AppData\Roaming\nvm\v16.16.0\node_modules\npm\node_modules\@npmcli\run-script\lib\node-gyp-bin;C:\Users\ss\Desktop\teachers-vision\node_modules\.bin;C:\Users\ss\Desktop\node_modules\.bin;C:\Users\ss\node_modules\.bin;C:\Users\node_modules\.bin;C:\node_modules\.bin;C:\Program Files\nodejs;C:\Users\ss\Desktop\teachers-vision\node_modules\.bin;C:\Users\ss\Desktop\teachers-vision\node_modules\.bin;C:\Users\ss\Desktop\node_modules\.bin;C:\Users\ss\node_modules\.bin;C:\Users\node_modules\.bin;C:\node_modules\.bin;C:\Users\ss\AppData\Roaming\nvm\v16.16.0\node_modules\npm\node_modules\@npmcli\run-script\lib\node-gyp-bin;C:\Program Files\Common Files\Oracle\Java\javapath;C:\Program Files (x86)\Common Files\Oracle\Java\javapath;C:\Program Files\Microsoft\jdk-11.0.18.10-hotspot\bin;C:\Program Files\Microsoft MPI\Bin\;C:\Windows\system32;C:\Windows;C:\Windows\System32\Wbem;C:\Windows\System32\WindowsPowerShell\v1.0\;C:\Windows\System32\OpenSSH\;C:\ProgramData\chocolatey\bin;C:\Users\ss\AppData\Local\Android\Sdk\platform-tools;C:\Program Files\Git\cmd;C:\Program Files\Microsoft SQL Server\150\Tools\Binn\;C:\Program Files (x86)\Microsoft SQL Server\160\Tools\Binn\;C:\Program Files\Microsoft SQL Server\160\Tools\Binn\;C:\Program Files\Microsoft SQL Server\Client SDK\ODBC\170\Tools\Binn\;C:\Program Files\Microsoft SQL Server\160\DTS\Binn\;C:\Program Files\dotnet\;C:\Program Files (x86)\dotnet\;C:\Program Files (x86)\Microsoft SQL Server\160\DTS\Binn\;C:\Program Files (x86)\Microsoft SQL Server\150
USERNAME=ss
LANG=en_US.UTF-8
OS=Windows_NT
PROCESSOR_IDENTIFIER=Intel64 Family 6 Model 142 Stepping 9, GenuineIntel



---------------  S Y S T E M  ---------------

OS:
 Windows 10 , 64 bit Build 19041 (10.0.19041.3155)
OS uptime: 2 days 7:30 hours

CPU: total 4 (initial active 4) (2 cores per cpu, 2 threads per core) family 6 model 142 stepping 9 microcode 0xb4, cx8, cmov, fxsr, ht, mmx, 3dnowpref, sse, sse2, sse3, ssse3, sse4.1, sse4.2, popcnt, lzcnt, tsc, tscinvbit, avx, avx2, aes, erms, clmul, bmi1, bmi2, adx, fma, vzeroupper, clflush, clflushopt

Memory: 4k page, system-wide physical 16263M (594M free)
TotalPageFile size 23021M (AvailPageFile size 2M)
current process WorkingSet (physical memory assigned to process): 215M, peak: 238M
current process commit charge ("private bytes"): 251M, peak: 400M

vm_info: Java HotSpot(TM) 64-Bit Server VM (17.0.7+8-LTS-224) for windows-amd64 JRE (17.0.7+8-LTS-224), built on Feb 28 2023 23:03:02 by "mach5one" with MS VC++ 17.1 (VS2022)

END.
