#
# There is insufficient memory for the Java Runtime Environment to continue.
# Native memory allocation (mmap) failed to map 84934656 bytes for G1 virtual space
# Possible reasons:
#   The system is out of physical RAM or swap space
#   The process is running with CompressedOops enabled, and the Java Heap may be blocking the growth of the native heap
# Possible solutions:
#   Reduce memory load on the system
#   Increase physical memory or swap space
#   Check if swap backing store is full
#   Decrease Java heap size (-Xmx/-Xms)
#   Decrease number of Java threads
#   Decrease Java thread stack sizes (-Xss)
#   Set larger code cache with -XX:ReservedCodeCacheSize=
#   JVM is running with Unscaled Compressed Oops mode in which the Java heap is
#     placed in the first 4GB address space. The Java Heap base address is the
#     maximum limit for the native heap growth. Please use -XX:HeapBaseMinAddress
#     to set the Java Heap base and to place the Java Heap above 4GB virtual address.
# This output file may be truncated or incomplete.
#
#  Out of Memory Error (os_windows.cpp:3550), pid=19688, tid=21164
#
# JRE version: Java(TM) SE Runtime Environment (17.0.7+8) (build 17.0.7+8-LTS-224)
# Java VM: Java HotSpot(TM) 64-Bit Server VM (17.0.7+8-LTS-224, mixed mode, sharing, tiered, compressed oops, compressed class ptrs, g1 gc, windows-amd64)
# No core dump will be written. Minidumps are not enabled by default on client versions of Windows
#

---------------  S U M M A R Y ------------

Command Line: -XX:MaxMetaspaceSize=512m --add-opens=java.base/java.util=ALL-UNNAMED --add-opens=java.base/java.lang=ALL-UNNAMED --add-opens=java.base/java.lang.invoke=ALL-UNNAMED --add-opens=java.base/java.util=ALL-UNNAMED --add-opens=java.prefs/java.util.prefs=ALL-UNNAMED --add-opens=java.prefs/java.util.prefs=ALL-UNNAMED --add-opens=java.base/java.nio.charset=ALL-UNNAMED --add-opens=java.base/java.net=ALL-UNNAMED --add-opens=java.base/java.util.concurrent.atomic=ALL-UNNAMED -Xmx2048m -Dfile.encoding=windows-1252 -Duser.country=IN -Duser.language=en -Duser.variant org.gradle.launcher.daemon.bootstrap.GradleDaemon 7.3.3

Host: Intel(R) Core(TM) i5-7200U CPU @ 2.50GHz, 4 cores, 15G,  Windows 10 , 64 bit Build 19041 (10.0.19041.3155)
Time: Mon Aug  7 18:58:22 2023 India Standard Time elapsed time: 613.661579 seconds (0d 0h 10m 13s)

---------------  T H R E A D  ---------------

Current thread (0x000002a6ee9a39b0):  VMThread "VM Thread" [stack: 0x000000fa97e00000,0x000000fa97f00000] [id=21164]

Stack: [0x000000fa97e00000,0x000000fa97f00000]
Native frames: (J=compiled Java code, j=interpreted, Vv=VM code, C=native code)
V  [jvm.dll+0x676a4a]
V  [jvm.dll+0x7d74f4]
V  [jvm.dll+0x7d8c9e]
V  [jvm.dll+0x7d9303]
V  [jvm.dll+0x2452c5]
V  [jvm.dll+0x6738f9]
V  [jvm.dll+0x668232]
V  [jvm.dll+0x302826]
V  [jvm.dll+0x309da6]
V  [jvm.dll+0x35952e]
V  [jvm.dll+0x35975f]
V  [jvm.dll+0x2d9a38]
V  [jvm.dll+0x2dcad6]
V  [jvm.dll+0x2e72d8]
V  [jvm.dll+0x31ad30]
V  [jvm.dll+0x7ddb0b]
V  [jvm.dll+0x7de844]
V  [jvm.dll+0x7ded5d]
V  [jvm.dll+0x7df134]
V  [jvm.dll+0x7df200]
V  [jvm.dll+0x78759a]
V  [jvm.dll+0x675875]
C  [ucrtbase.dll+0x21bb2]
C  [KERNEL32.DLL+0x17614]
C  [ntdll.dll+0x526b1]

VM_Operation (0x000000fa97aff750): G1Concurrent, mode: safepoint, requested by thread 0x000002a6d10b3240


---------------  P R O C E S S  ---------------

Threads class SMR info:
_java_thread_list=0x000002a6f829e7a0, length=87, elements={
0x000002a6d104a1f0, 0x000002a6ee9ab640, 0x000002a6ee9ac1c0, 0x000002a6ee9c40e0,
0x000002a6ee9c59b0, 0x000002a6ee9c7280, 0x000002a6ee9c7b40, 0x000002a6ee9c87e0,
0x000002a6ee9cb1a0, 0x000002a6ef43b710, 0x000002a6ef4a03a0, 0x000002a6ef4aa870,
0x000002a6f013ecb0, 0x000002a6f08f0520, 0x000002a6ef436d00, 0x000002a6f0b5e830,
0x000002a6f0b5f4a0, 0x000002a6f073f880, 0x000002a6f0740bc0, 0x000002a6f07406f0,
0x000002a6f073fd50, 0x000002a6f073eee0, 0x000002a6f0740220, 0x000002a6f073dba0,
0x000002a6f073e070, 0x000002a6f073ea10, 0x000002a6f073f3b0, 0x000002a6f01dcdd0,
0x000002a6f01d7260, 0x000002a6f01d8f40, 0x000002a6f01db5c0, 0x000002a6f01dd2a0,
0x000002a6f01da750, 0x000002a6f01da280, 0x000002a6f01d9db0, 0x000002a6f01dba90,
0x000002a6f01dbf60, 0x000002a6f01d9410, 0x000002a6f01d8a70, 0x000002a6f01de5e0,
0x000002a6f01dc900, 0x000002a6f01d98e0, 0x000002a6f01dd770, 0x000002a6f01ddc40,
0x000002a6f01d7730, 0x000002a6f01d7c00, 0x000002a6f01d80d0, 0x000002a6f01d85a0,
0x000002a6f241d6f0, 0x000002a6f241ea30, 0x000002a6f24210b0, 0x000002a6f241ef00,
0x000002a6f241e090, 0x000002a6f24228c0, 0x000002a6f241bee0, 0x000002a6f24223f0,
0x000002a6f2423730, 0x000002a6f241d220, 0x000002a6f2422d90, 0x000002a6f241dbc0,
0x000002a6f2421580, 0x000002a6f241f3d0, 0x000002a6f241e560, 0x000002a6f2423260,
0x000002a6f241c3b0, 0x000002a6f2420be0, 0x000002a6f241cd50, 0x000002a6f241c880,
0x000002a6f241f8a0, 0x000002a6f2421a50, 0x000002a6f2421f20, 0x000002a6f241fd70,
0x000002a6f2420710, 0x000002a6f4526ad0, 0x000002a6f4527470, 0x000002a6f4523f80,
0x000002a6f45282e0, 0x000002a6f4527940, 0x000002a6f4528c80, 0x000002a6f4525c60,
0x000002a6f4524450, 0x000002a6f4523110, 0x000002a6f4525790, 0x000002a6f4523ab0,
0x000002a6f0741090, 0x000002a6f32b7ed0, 0x000002a6f32b8870
}

Java Threads: ( => current thread )
  0x000002a6d104a1f0 JavaThread "main" [_thread_blocked, id=5428, stack(0x000000fa97700000,0x000000fa97800000)]
  0x000002a6ee9ab640 JavaThread "Reference Handler" daemon [_thread_blocked, id=19672, stack(0x000000fa97f00000,0x000000fa98000000)]
  0x000002a6ee9ac1c0 JavaThread "Finalizer" daemon [_thread_blocked, id=14268, stack(0x000000fa98000000,0x000000fa98100000)]
  0x000002a6ee9c40e0 JavaThread "Signal Dispatcher" daemon [_thread_blocked, id=20972, stack(0x000000fa98100000,0x000000fa98200000)]
  0x000002a6ee9c59b0 JavaThread "Attach Listener" daemon [_thread_blocked, id=20444, stack(0x000000fa98200000,0x000000fa98300000)]
  0x000002a6ee9c7280 JavaThread "Service Thread" daemon [_thread_blocked, id=7560, stack(0x000000fa98300000,0x000000fa98400000)]
  0x000002a6ee9c7b40 JavaThread "Monitor Deflation Thread" daemon [_thread_blocked, id=21080, stack(0x000000fa98400000,0x000000fa98500000)]
  0x000002a6ee9c87e0 JavaThread "C2 CompilerThread0" daemon [_thread_blocked, id=21036, stack(0x000000fa98500000,0x000000fa98600000)]
  0x000002a6ee9cb1a0 JavaThread "C1 CompilerThread0" daemon [_thread_blocked, id=20060, stack(0x000000fa98600000,0x000000fa98700000)]
  0x000002a6ef43b710 JavaThread "Sweeper thread" daemon [_thread_blocked, id=17688, stack(0x000000fa98700000,0x000000fa98800000)]
  0x000002a6ef4a03a0 JavaThread "Common-Cleaner" daemon [_thread_blocked, id=12320, stack(0x000000fa98800000,0x000000fa98900000)]
  0x000002a6ef4aa870 JavaThread "Notification Thread" daemon [_thread_blocked, id=1296, stack(0x000000fa98900000,0x000000fa98a00000)]
  0x000002a6f013ecb0 JavaThread "Daemon health stats" [_thread_blocked, id=6308, stack(0x000000fa98e00000,0x000000fa98f00000)]
  0x000002a6f08f0520 JavaThread "Incoming local TCP Connector on port 54623" [_thread_in_native, id=21492, stack(0x000000fa98f00000,0x000000fa99000000)]
  0x000002a6ef436d00 JavaThread "Daemon periodic checks" [_thread_blocked, id=21776, stack(0x000000fa99000000,0x000000fa99100000)]
  0x000002a6f0b5e830 JavaThread "Daemon" [_thread_blocked, id=21808, stack(0x000000fa99100000,0x000000fa99200000)]
  0x000002a6f0b5f4a0 JavaThread "Handler for socket connection from /127.0.0.1:54623 to /127.0.0.1:54626" [_thread_in_native, id=21820, stack(0x000000fa99200000,0x000000fa99300000)]
  0x000002a6f073f880 JavaThread "Cancel handler" [_thread_blocked, id=21828, stack(0x000000fa99300000,0x000000fa99400000)]
  0x000002a6f0740bc0 JavaThread "Daemon worker" [_thread_blocked, id=21844, stack(0x000000fa99400000,0x000000fa99500000)]
  0x000002a6f07406f0 JavaThread "Asynchronous log dispatcher for DefaultDaemonConnection: socket connection from /127.0.0.1:54623 to /127.0.0.1:54626" [_thread_blocked, id=21860, stack(0x000000fa99500000,0x000000fa99600000)]
  0x000002a6f073fd50 JavaThread "Daemon client event forwarder" [_thread_blocked, id=21872, stack(0x000000fa99700000,0x000000fa99800000)]
  0x000002a6f073eee0 JavaThread "Cache worker for journal cache (C:\Users\ss\.gradle\caches\journal-1)" [_thread_blocked, id=22072, stack(0x000000fa99800000,0x000000fa99900000)]
  0x000002a6f0740220 JavaThread "File lock request listener" [_thread_in_native, id=22076, stack(0x000000fa99900000,0x000000fa99a00000)]
  0x000002a6f073dba0 JavaThread "Cache worker for file hash cache (C:\Users\ss\.gradle\caches\7.3.3\fileHashes)" [_thread_blocked, id=22136, stack(0x000000fa99b00000,0x000000fa99c00000)]
  0x000002a6f073e070 JavaThread "Cache worker for file hash cache (C:\Users\ss\Desktop\teachers-vision\android\.gradle\7.3.3\fileHashes)" [_thread_blocked, id=22360, stack(0x000000fa99c00000,0x000000fa99d00000)]
  0x000002a6f073ea10 JavaThread "File watcher server" daemon [_thread_in_native, id=22476, stack(0x000000fa99d00000,0x000000fa99e00000)]
  0x000002a6f073f3b0 JavaThread "File watcher consumer" daemon [_thread_blocked, id=22484, stack(0x000000fa99e00000,0x000000fa99f00000)]
  0x000002a6f01dcdd0 JavaThread "Cache worker for checksums cache (C:\Users\ss\Desktop\teachers-vision\android\.gradle\7.3.3\checksums)" [_thread_blocked, id=8888, stack(0x000000fa99f00000,0x000000fa9a000000)]
  0x000002a6f01d7260 JavaThread "Cache worker for cache directory md-supplier (C:\Users\ss\.gradle\caches\7.3.3\md-supplier)" [_thread_blocked, id=20388, stack(0x000000fa9a000000,0x000000fa9a100000)]
  0x000002a6f01d8f40 JavaThread "Cache worker for cache directory md-rule (C:\Users\ss\.gradle\caches\7.3.3\md-rule)" [_thread_blocked, id=15828, stack(0x000000fa9a100000,0x000000fa9a200000)]
  0x000002a6f01db5c0 JavaThread "Cache worker for execution history cache (C:\Users\ss\.gradle\caches\7.3.3\executionHistory)" [_thread_blocked, id=21836, stack(0x000000fa9a200000,0x000000fa9a300000)]
  0x000002a6f01dd2a0 JavaThread "jar transforms" [_thread_blocked, id=22416, stack(0x000000fa9a500000,0x000000fa9a600000)]
  0x000002a6f01da750 JavaThread "jar transforms Thread 2" [_thread_blocked, id=20048, stack(0x000000fa9a600000,0x000000fa9a700000)]
  0x000002a6f01da280 JavaThread "Cache worker for file content cache (C:\Users\ss\.gradle\caches\7.3.3\fileContent)" [_thread_blocked, id=21448, stack(0x000000fa9a700000,0x000000fa9a800000)]
  0x000002a6f01d9db0 JavaThread "jar transforms Thread 3" [_thread_blocked, id=23012, stack(0x000000fa9a800000,0x000000fa9a900000)]
  0x000002a6f01dba90 JavaThread "jar transforms Thread 4" [_thread_blocked, id=23104, stack(0x000000fa9a900000,0x000000fa9aa00000)]
  0x000002a6f01dbf60 JavaThread "Cache worker for kotlin-dsl (C:\Users\ss\.gradle\caches\7.3.3\kotlin-dsl)" [_thread_blocked, id=6604, stack(0x000000fa97800000,0x000000fa97900000)]
  0x000002a6f01d9410 JavaThread "Cache worker for dependencies-accessors (C:\Users\ss\Desktop\teachers-vision\android\.gradle\7.3.3\dependencies-accessors)" [_thread_blocked, id=21416, stack(0x000000fa97600000,0x000000fa97700000)]
  0x000002a6f01d8a70 JavaThread "Cache worker for Build Output Cleanup Cache (C:\Users\ss\Desktop\teachers-vision\node_modules\react-native-gradle-plugin\.gradle\buildOutputCleanup)" [_thread_blocked, id=9892, stack(0x000000fa9a300000,0x000000fa9a400000)]
  0x000002a6f01de5e0 JavaThread "Unconstrained build operations" [_thread_blocked, id=7432, stack(0x000000fa9aa00000,0x000000fa9ab00000)]
  0x000002a6f01dc900 JavaThread "Unconstrained build operations Thread 2" [_thread_blocked, id=13228, stack(0x000000fa9ab00000,0x000000fa9ac00000)]
  0x000002a6f01d98e0 JavaThread "Unconstrained build operations Thread 3" [_thread_blocked, id=23504, stack(0x000000fa9ac00000,0x000000fa9ad00000)]
  0x000002a6f01dd770 JavaThread "Unconstrained build operations Thread 4" [_thread_blocked, id=16788, stack(0x000000fa9ad00000,0x000000fa9ae00000)]
  0x000002a6f01ddc40 JavaThread "Unconstrained build operations Thread 5" [_thread_blocked, id=22260, stack(0x000000fa9ae00000,0x000000fa9af00000)]
  0x000002a6f01d7730 JavaThread "Unconstrained build operations Thread 6" [_thread_blocked, id=5848, stack(0x000000fa9af00000,0x000000fa9b000000)]
  0x000002a6f01d7c00 JavaThread "Unconstrained build operations Thread 7" [_thread_blocked, id=22604, stack(0x000000fa9b000000,0x000000fa9b100000)]
  0x000002a6f01d80d0 JavaThread "Unconstrained build operations Thread 8" [_thread_blocked, id=21520, stack(0x000000fa9b100000,0x000000fa9b200000)]
  0x000002a6f01d85a0 JavaThread "Unconstrained build operations Thread 9" [_thread_blocked, id=23264, stack(0x000000fa9b200000,0x000000fa9b300000)]
  0x000002a6f241d6f0 JavaThread "Unconstrained build operations Thread 10" [_thread_blocked, id=22236, stack(0x000000fa9b300000,0x000000fa9b400000)]
  0x000002a6f241ea30 JavaThread "Unconstrained build operations Thread 11" [_thread_blocked, id=22040, stack(0x000000fa9b400000,0x000000fa9b500000)]
  0x000002a6f24210b0 JavaThread "Unconstrained build operations Thread 12" [_thread_blocked, id=22380, stack(0x000000fa9b500000,0x000000fa9b600000)]
  0x000002a6f241ef00 JavaThread "Unconstrained build operations Thread 13" [_thread_blocked, id=23204, stack(0x000000fa9b600000,0x000000fa9b700000)]
  0x000002a6f241e090 JavaThread "Unconstrained build operations Thread 14" [_thread_blocked, id=6064, stack(0x000000fa9b700000,0x000000fa9b800000)]
  0x000002a6f24228c0 JavaThread "Unconstrained build operations Thread 15" [_thread_blocked, id=20508, stack(0x000000fa9b800000,0x000000fa9b900000)]
  0x000002a6f241bee0 JavaThread "Unconstrained build operations Thread 16" [_thread_blocked, id=20672, stack(0x000000fa9b900000,0x000000fa9ba00000)]
  0x000002a6f24223f0 JavaThread "Unconstrained build operations Thread 17" [_thread_blocked, id=23272, stack(0x000000fa9ba00000,0x000000fa9bb00000)]
  0x000002a6f2423730 JavaThread "Unconstrained build operations Thread 18" [_thread_blocked, id=19760, stack(0x000000fa9bb00000,0x000000fa9bc00000)]
  0x000002a6f241d220 JavaThread "Unconstrained build operations Thread 19" [_thread_blocked, id=23160, stack(0x000000fa9bc00000,0x000000fa9bd00000)]
  0x000002a6f2422d90 JavaThread "Unconstrained build operations Thread 20" [_thread_blocked, id=23464, stack(0x000000fa9bd00000,0x000000fa9be00000)]
  0x000002a6f241dbc0 JavaThread "Unconstrained build operations Thread 21" [_thread_blocked, id=7236, stack(0x000000fa9be00000,0x000000fa9bf00000)]
  0x000002a6f2421580 JavaThread "Unconstrained build operations Thread 22" [_thread_blocked, id=21172, stack(0x000000fa9bf00000,0x000000fa9c000000)]
  0x000002a6f241f3d0 JavaThread "Unconstrained build operations Thread 23" [_thread_blocked, id=18532, stack(0x000000fa9c000000,0x000000fa9c100000)]
  0x000002a6f241e560 JavaThread "Unconstrained build operations Thread 24" [_thread_blocked, id=22460, stack(0x000000fa9c100000,0x000000fa9c200000)]
  0x000002a6f2423260 JavaThread "Unconstrained build operations Thread 25" [_thread_blocked, id=22368, stack(0x000000fa9c200000,0x000000fa9c300000)]
  0x000002a6f241c3b0 JavaThread "Unconstrained build operations Thread 26" [_thread_blocked, id=22288, stack(0x000000fa9c300000,0x000000fa9c400000)]
  0x000002a6f2420be0 JavaThread "Unconstrained build operations Thread 27" [_thread_blocked, id=20400, stack(0x000000fa9c400000,0x000000fa9c500000)]
  0x000002a6f241cd50 JavaThread "Unconstrained build operations Thread 28" [_thread_blocked, id=21196, stack(0x000000fa9c500000,0x000000fa9c600000)]
  0x000002a6f241c880 JavaThread "Unconstrained build operations Thread 29" [_thread_blocked, id=20636, stack(0x000000fa9c600000,0x000000fa9c700000)]
  0x000002a6f241f8a0 JavaThread "Unconstrained build operations Thread 30" [_thread_blocked, id=23268, stack(0x000000fa9c700000,0x000000fa9c800000)]
  0x000002a6f2421a50 JavaThread "Unconstrained build operations Thread 31" [_thread_blocked, id=23548, stack(0x000000fa9c800000,0x000000fa9c900000)]
  0x000002a6f2421f20 JavaThread "Unconstrained build operations Thread 32" [_thread_blocked, id=16416, stack(0x000000fa9c900000,0x000000fa9ca00000)]
  0x000002a6f241fd70 JavaThread "Unconstrained build operations Thread 33" [_thread_blocked, id=20200, stack(0x000000fa9ca00000,0x000000fa9cb00000)]
  0x000002a6f2420710 JavaThread "build event listener" [_thread_blocked, id=23124, stack(0x000000fa9cc00000,0x000000fa9cd00000)]
  0x000002a6f4526ad0 JavaThread "Memory manager" [_thread_blocked, id=19628, stack(0x000000fa9cd00000,0x000000fa9ce00000)]
  0x000002a6f4527470 JavaThread "Cache worker for Build Output Cleanup Cache (C:\Users\ss\Desktop\teachers-vision\android\.gradle\buildOutputCleanup)" [_thread_blocked, id=20368, stack(0x000000fa9ce00000,0x000000fa9cf00000)]
  0x000002a6f4523f80 JavaThread "Cache worker for execution history cache (C:\Users\ss\Desktop\teachers-vision\node_modules\react-native-gradle-plugin\.gradle\7.3.3\executionHistory)" [_thread_blocked, id=18916, stack(0x000000fa9d300000,0x000000fa9d400000)]
  0x000002a6f45282e0 JavaThread "Unconstrained build operations Thread 34" [_thread_blocked, id=23652, stack(0x000000fa9d400000,0x000000fa9d500000)]
  0x000002a6f4527940 JavaThread "Unconstrained build operations Thread 35" [_thread_blocked, id=23656, stack(0x000000fa9d500000,0x000000fa9d600000)]
  0x000002a6f4528c80 JavaThread "Unconstrained build operations Thread 36" [_thread_blocked, id=23660, stack(0x000000fa9d600000,0x000000fa9d700000)]
  0x000002a6f4525c60 JavaThread "Unconstrained build operations Thread 37" [_thread_blocked, id=23664, stack(0x000000fa9d700000,0x000000fa9d800000)]
  0x000002a6f4524450 JavaThread "Unconstrained build operations Thread 38" [_thread_blocked, id=23688, stack(0x000000fa9d800000,0x000000fa9d900000)]
  0x000002a6f4523110 JavaThread "Unconstrained build operations Thread 39" [_thread_blocked, id=23692, stack(0x000000fa9d900000,0x000000fa9da00000)]
  0x000002a6f4525790 JavaThread "Unconstrained build operations Thread 40" [_thread_blocked, id=23696, stack(0x000000fa9da00000,0x000000fa9db00000)]
  0x000002a6f4523ab0 JavaThread "File lock release action executor Thread 3" [_thread_blocked, id=20564, stack(0x000000fa9a400000,0x000000fa9a500000)]
  0x000002a6f0741090 JavaThread "build event listener" [_thread_blocked, id=12188, stack(0x000000fa99600000,0x000000fa99700000)]
  0x000002a6f32b7ed0 JavaThread "build event listener" [_thread_blocked, id=8668, stack(0x000000fa99a00000,0x000000fa99b00000)]
  0x000002a6f32b8870 JavaThread "File lock release action executor Thread 4" [_thread_blocked, id=24296, stack(0x000000fa9cb00000,0x000000fa9cc00000)]

Other Threads:
=>0x000002a6ee9a39b0 VMThread "VM Thread" [stack: 0x000000fa97e00000,0x000000fa97f00000] [id=21164]
  0x000002a6ef4d9910 WatcherThread [stack: 0x000000fa98a00000,0x000000fa98b00000] [id=19888]
  0x000002a6d10a23e0 GCTaskThread "GC Thread#0" [stack: 0x000000fa97900000,0x000000fa97a00000] [id=20112]
  0x000002a6efb22030 GCTaskThread "GC Thread#1" [stack: 0x000000fa98b00000,0x000000fa98c00000] [id=8620]
  0x000002a6efb222e0 GCTaskThread "GC Thread#2" [stack: 0x000000fa98c00000,0x000000fa98d00000] [id=19576]
  0x000002a6efb92030 GCTaskThread "GC Thread#3" [stack: 0x000000fa98d00000,0x000000fa98e00000] [id=21500]
  0x000002a6d10b3240 ConcurrentGCThread "G1 Main Marker" [stack: 0x000000fa97a00000,0x000000fa97b00000] [id=9520]
  0x000002a6d10b3b60 ConcurrentGCThread "G1 Conc#0" [stack: 0x000000fa97b00000,0x000000fa97c00000] [id=20648]
  0x000002a6d111ece0 ConcurrentGCThread "G1 Refine#0" [stack: 0x000000fa97c00000,0x000000fa97d00000] [id=5304]
  0x000002a6ee862aa0 ConcurrentGCThread "G1 Service" [stack: 0x000000fa97d00000,0x000000fa97e00000] [id=20124]

Threads with active compile tasks:
C2 CompilerThread0   613727 15632       4       kotlin.collections.SetsKt___SetsKt::plus (102 bytes)

VM state: at safepoint (normal execution)

VM Mutex/Monitor currently owned by a thread:  ([mutex/lock_event])
[0x000002a6d1045880] Threads_lock - owner thread: 0x000002a6ee9a39b0
[0x000002a6d1045a30] Heap_lock - owner thread: 0x000002a6d10b3240

Heap address: 0x0000000080000000, size: 2048 MB, Compressed Oops mode: 32-bit

CDS archive(s) mapped at: [0x0000000800000000-0x0000000800bd0000-0x0000000800bd0000), size 12386304, SharedBaseAddress: 0x0000000800000000, ArchiveRelocationMode: 0.
Compressed class space mapped at: 0x0000000800c00000-0x000000081a800000, reserved size: 432013312
Narrow klass base: 0x0000000800000000, Narrow klass shift: 0, Narrow klass range: 0x100000000

GC Precious Log:
 CPUs: 4 total, 4 available
 Memory: 16263M
 Large Page Support: Disabled
 NUMA Support: Disabled
 Compressed Oops: Enabled (32-bit)
 Heap Region Size: 1M
 Heap Min Capacity: 8M
 Heap Initial Capacity: 256M
 Heap Max Capacity: 2G
 Pre-touch: Disabled
 Parallel Workers: 4
 Concurrent Workers: 1
 Concurrent Refinement Workers: 4
 Periodic GC: Disabled

Heap:
 garbage-first heap   total 290816K, used 222701K [0x0000000080000000, 0x0000000100000000)
  region size 1024K, 10 young (10240K), 6 survivors (6144K)
 Metaspace       used 100568K, committed 102464K, reserved 512000K
  class space    used 13883K, committed 14720K, reserved 421888K

Heap Regions: E=young(eden), S=young(survivor), O=old, HS=humongous(starts), HC=humongous(continues), CS=collection set, F=free, OA=open archive, CA=closed archive, TAMS=top-at-mark-start (previous, next)
|   0|0x0000000080000000, 0x0000000080100000, 0x0000000080100000|100%|HS|  |TAMS 0x0000000080100000, 0x0000000080000000| Complete 
|   1|0x0000000080100000, 0x0000000080200000, 0x0000000080200000|100%|HC|  |TAMS 0x0000000080200000, 0x0000000080100000| Complete 
|   2|0x0000000080200000, 0x0000000080300000, 0x0000000080300000|100%|HC|  |TAMS 0x0000000080300000, 0x0000000080200000| Complete 
|   3|0x0000000080300000, 0x0000000080400000, 0x0000000080400000|100%| O|  |TAMS 0x0000000080400000, 0x0000000080300000| Untracked 
|   4|0x0000000080400000, 0x0000000080500000, 0x0000000080500000|100%| O|  |TAMS 0x0000000080500000, 0x0000000080400000| Untracked 
|   5|0x0000000080500000, 0x0000000080600000, 0x0000000080600000|100%| O|  |TAMS 0x0000000080600000, 0x0000000080500000| Untracked 
|   6|0x0000000080600000, 0x0000000080700000, 0x0000000080700000|100%| O|  |TAMS 0x0000000080700000, 0x0000000080600000| Untracked 
|   7|0x0000000080700000, 0x0000000080800000, 0x0000000080800000|100%| O|  |TAMS 0x0000000080800000, 0x0000000080700000| Untracked 
|   8|0x0000000080800000, 0x0000000080900000, 0x0000000080900000|100%| O|  |TAMS 0x0000000080900000, 0x0000000080800000| Untracked 
|   9|0x0000000080900000, 0x0000000080a00000, 0x0000000080a00000|100%| O|  |TAMS 0x0000000080a00000, 0x0000000080900000| Untracked 
|  10|0x0000000080a00000, 0x0000000080b00000, 0x0000000080b00000|100%| O|  |TAMS 0x0000000080b00000, 0x0000000080a00000| Untracked 
|  11|0x0000000080b00000, 0x0000000080c00000, 0x0000000080c00000|100%| O|  |TAMS 0x0000000080c00000, 0x0000000080b00000| Updating 
|  12|0x0000000080c00000, 0x0000000080d00000, 0x0000000080d00000|100%| O|  |TAMS 0x0000000080d00000, 0x0000000080c00000| Untracked 
|  13|0x0000000080d00000, 0x0000000080e00000, 0x0000000080e00000|100%| O|  |TAMS 0x0000000080e00000, 0x0000000080d00000| Untracked 
|  14|0x0000000080e00000, 0x0000000080f00000, 0x0000000080f00000|100%| O|  |TAMS 0x0000000080f00000, 0x0000000080e00000| Untracked 
|  15|0x0000000080f00000, 0x0000000081000000, 0x0000000081000000|100%| O|  |TAMS 0x0000000081000000, 0x0000000080f00000| Untracked 
|  16|0x0000000081000000, 0x0000000081100000, 0x0000000081100000|100%| O|  |TAMS 0x0000000081100000, 0x0000000081000000| Untracked 
|  17|0x0000000081100000, 0x0000000081200000, 0x0000000081200000|100%| O|  |TAMS 0x0000000081200000, 0x0000000081100000| Untracked 
|  18|0x0000000081200000, 0x0000000081300000, 0x0000000081300000|100%| O|  |TAMS 0x0000000081300000, 0x0000000081200000| Untracked 
|  19|0x0000000081300000, 0x0000000081400000, 0x0000000081400000|100%| O|  |TAMS 0x0000000081400000, 0x0000000081300000| Untracked 
|  20|0x0000000081400000, 0x0000000081500000, 0x0000000081500000|100%| O|  |TAMS 0x0000000081500000, 0x0000000081400000| Untracked 
|  21|0x0000000081500000, 0x0000000081600000, 0x0000000081600000|100%| O|  |TAMS 0x0000000081600000, 0x0000000081500000| Untracked 
|  22|0x0000000081600000, 0x0000000081700000, 0x0000000081700000|100%| O|  |TAMS 0x0000000081700000, 0x0000000081600000| Untracked 
|  23|0x0000000081700000, 0x0000000081800000, 0x0000000081800000|100%| O|  |TAMS 0x0000000081800000, 0x0000000081700000| Updating 
|  24|0x0000000081800000, 0x0000000081900000, 0x0000000081900000|100%| O|  |TAMS 0x0000000081900000, 0x0000000081800000| Untracked 
|  25|0x0000000081900000, 0x0000000081a00000, 0x0000000081a00000|100%| O|  |TAMS 0x0000000081a00000, 0x0000000081900000| Untracked 
|  26|0x0000000081a00000, 0x0000000081b00000, 0x0000000081b00000|100%| O|  |TAMS 0x0000000081b00000, 0x0000000081a00000| Untracked 
|  27|0x0000000081b00000, 0x0000000081c00000, 0x0000000081c00000|100%| O|  |TAMS 0x0000000081c00000, 0x0000000081b00000| Untracked 
|  28|0x0000000081c00000, 0x0000000081d00000, 0x0000000081d00000|100%| O|  |TAMS 0x0000000081d00000, 0x0000000081c00000| Updating 
|  29|0x0000000081d00000, 0x0000000081e00000, 0x0000000081e00000|100%| O|  |TAMS 0x0000000081e00000, 0x0000000081d00000| Updating 
|  30|0x0000000081e00000, 0x0000000081f00000, 0x0000000081f00000|100%| O|  |TAMS 0x0000000081f00000, 0x0000000081e00000| Untracked 
|  31|0x0000000081f00000, 0x0000000082000000, 0x0000000082000000|100%| O|  |TAMS 0x0000000082000000, 0x0000000081f00000| Untracked 
|  32|0x0000000082000000, 0x0000000082100000, 0x0000000082100000|100%| O|  |TAMS 0x0000000082100000, 0x0000000082000000| Untracked 
|  33|0x0000000082100000, 0x0000000082200000, 0x0000000082200000|100%| O|  |TAMS 0x0000000082200000, 0x0000000082100000| Updating 
|  34|0x0000000082200000, 0x0000000082300000, 0x0000000082300000|100%|HS|  |TAMS 0x0000000082300000, 0x0000000082200000| Complete 
|  35|0x0000000082300000, 0x0000000082400000, 0x0000000082400000|100%| O|  |TAMS 0x0000000082400000, 0x0000000082300000| Untracked 
|  36|0x0000000082400000, 0x0000000082500000, 0x0000000082500000|100%|HS|  |TAMS 0x0000000082500000, 0x0000000082400000| Complete 
|  37|0x0000000082500000, 0x0000000082600000, 0x0000000082600000|100%|HS|  |TAMS 0x0000000082600000, 0x0000000082500000| Complete 
|  38|0x0000000082600000, 0x0000000082700000, 0x0000000082700000|100%|HC|  |TAMS 0x0000000082700000, 0x0000000082600000| Complete 
|  39|0x0000000082700000, 0x0000000082800000, 0x0000000082800000|100%|HC|  |TAMS 0x0000000082800000, 0x0000000082700000| Complete 
|  40|0x0000000082800000, 0x0000000082900000, 0x0000000082900000|100%| O|  |TAMS 0x0000000082900000, 0x0000000082800000| Untracked 
|  41|0x0000000082900000, 0x0000000082a00000, 0x0000000082a00000|100%| O|  |TAMS 0x0000000082a00000, 0x0000000082900000| Untracked 
|  42|0x0000000082a00000, 0x0000000082b00000, 0x0000000082b00000|100%| O|  |TAMS 0x0000000082b00000, 0x0000000082a00000| Untracked 
|  43|0x0000000082b00000, 0x0000000082c00000, 0x0000000082c00000|100%| O|  |TAMS 0x0000000082c00000, 0x0000000082b00000| Untracked 
|  44|0x0000000082c00000, 0x0000000082d00000, 0x0000000082d00000|100%| O|  |TAMS 0x0000000082d00000, 0x0000000082c00000| Untracked 
|  45|0x0000000082d00000, 0x0000000082e00000, 0x0000000082e00000|100%| O|  |TAMS 0x0000000082e00000, 0x0000000082d00000| Untracked 
|  46|0x0000000082e00000, 0x0000000082f00000, 0x0000000082f00000|100%| O|  |TAMS 0x0000000082f00000, 0x0000000082e00000| Untracked 
|  47|0x0000000082f00000, 0x0000000083000000, 0x0000000083000000|100%| O|  |TAMS 0x0000000083000000, 0x0000000082f00000| Untracked 
|  48|0x0000000083000000, 0x0000000083100000, 0x0000000083100000|100%| O|  |TAMS 0x0000000083100000, 0x0000000083000000| Untracked 
|  49|0x0000000083100000, 0x0000000083200000, 0x0000000083200000|100%| O|  |TAMS 0x0000000083200000, 0x0000000083100000| Untracked 
|  50|0x0000000083200000, 0x0000000083300000, 0x0000000083300000|100%| O|  |TAMS 0x0000000083300000, 0x0000000083200000| Untracked 
|  51|0x0000000083300000, 0x0000000083400000, 0x0000000083400000|100%| O|  |TAMS 0x0000000083400000, 0x0000000083300000| Updating 
|  52|0x0000000083400000, 0x0000000083500000, 0x0000000083500000|100%| O|  |TAMS 0x0000000083500000, 0x0000000083400000| Untracked 
|  53|0x0000000083500000, 0x0000000083600000, 0x0000000083600000|100%| O|  |TAMS 0x0000000083600000, 0x0000000083500000| Untracked 
|  54|0x0000000083600000, 0x0000000083700000, 0x0000000083700000|100%| O|  |TAMS 0x0000000083700000, 0x0000000083600000| Updating 
|  55|0x0000000083700000, 0x0000000083800000, 0x0000000083800000|100%| O|  |TAMS 0x0000000083800000, 0x0000000083700000| Untracked 
|  56|0x0000000083800000, 0x0000000083900000, 0x0000000083900000|100%| O|  |TAMS 0x0000000083900000, 0x0000000083800000| Updating 
|  57|0x0000000083900000, 0x0000000083a00000, 0x0000000083a00000|100%|HS|  |TAMS 0x0000000083a00000, 0x0000000083900000| Complete 
|  58|0x0000000083a00000, 0x0000000083b00000, 0x0000000083b00000|100%|HS|  |TAMS 0x0000000083b00000, 0x0000000083a00000| Complete 
|  59|0x0000000083b00000, 0x0000000083c00000, 0x0000000083c00000|100%|HS|  |TAMS 0x0000000083c00000, 0x0000000083b00000| Complete 
|  60|0x0000000083c00000, 0x0000000083d00000, 0x0000000083d00000|100%|HC|  |TAMS 0x0000000083d00000, 0x0000000083c00000| Complete 
|  61|0x0000000083d00000, 0x0000000083e00000, 0x0000000083e00000|100%| O|  |TAMS 0x0000000083e00000, 0x0000000083d00000| Untracked 
|  62|0x0000000083e00000, 0x0000000083f00000, 0x0000000083f00000|100%| O|  |TAMS 0x0000000083f00000, 0x0000000083e00000| Untracked 
|  63|0x0000000083f00000, 0x0000000084000000, 0x0000000084000000|100%| O|  |TAMS 0x0000000084000000, 0x0000000083f00000| Untracked 
|  64|0x0000000084000000, 0x0000000084100000, 0x0000000084100000|100%| O|  |TAMS 0x0000000084100000, 0x0000000084000000| Untracked 
|  65|0x0000000084100000, 0x0000000084200000, 0x0000000084200000|100%| O|  |TAMS 0x0000000084200000, 0x0000000084100000| Untracked 
|  66|0x0000000084200000, 0x0000000084300000, 0x0000000084300000|100%| O|  |TAMS 0x0000000084300000, 0x0000000084200000| Untracked 
|  67|0x0000000084300000, 0x0000000084400000, 0x0000000084400000|100%| O|  |TAMS 0x0000000084400000, 0x0000000084300000| Untracked 
|  68|0x0000000084400000, 0x0000000084500000, 0x0000000084500000|100%| O|  |TAMS 0x0000000084500000, 0x0000000084400000| Untracked 
|  69|0x0000000084500000, 0x0000000084600000, 0x0000000084600000|100%| O|  |TAMS 0x0000000084600000, 0x0000000084500000| Untracked 
|  70|0x0000000084600000, 0x0000000084700000, 0x0000000084700000|100%| O|  |TAMS 0x0000000084700000, 0x0000000084600000| Untracked 
|  71|0x0000000084700000, 0x0000000084800000, 0x0000000084800000|100%| O|  |TAMS 0x0000000084800000, 0x0000000084700000| Untracked 
|  72|0x0000000084800000, 0x0000000084900000, 0x0000000084900000|100%| O|  |TAMS 0x0000000084900000, 0x0000000084800000| Untracked 
|  73|0x0000000084900000, 0x0000000084a00000, 0x0000000084a00000|100%| O|  |TAMS 0x0000000084a00000, 0x0000000084900000| Untracked 
|  74|0x0000000084a00000, 0x0000000084b00000, 0x0000000084b00000|100%| O|  |TAMS 0x0000000084b00000, 0x0000000084a00000| Untracked 
|  75|0x0000000084b00000, 0x0000000084c00000, 0x0000000084c00000|100%| O|  |TAMS 0x0000000084c00000, 0x0000000084b00000| Untracked 
|  76|0x0000000084c00000, 0x0000000084d00000, 0x0000000084d00000|100%| O|  |TAMS 0x0000000084d00000, 0x0000000084c00000| Untracked 
|  77|0x0000000084d00000, 0x0000000084e00000, 0x0000000084e00000|100%| O|  |TAMS 0x0000000084e00000, 0x0000000084d00000| Untracked 
|  78|0x0000000084e00000, 0x0000000084f00000, 0x0000000084f00000|100%| O|  |TAMS 0x0000000084f00000, 0x0000000084e00000| Untracked 
|  79|0x0000000084f00000, 0x0000000085000000, 0x0000000085000000|100%| O|  |TAMS 0x0000000085000000, 0x0000000084f00000| Updating 
|  80|0x0000000085000000, 0x0000000085100000, 0x0000000085100000|100%| O|  |TAMS 0x0000000085100000, 0x0000000085000000| Updating 
|  81|0x0000000085100000, 0x0000000085200000, 0x0000000085200000|100%| O|  |TAMS 0x0000000085200000, 0x0000000085100000| Untracked 
|  82|0x0000000085200000, 0x0000000085300000, 0x0000000085300000|100%| O|  |TAMS 0x0000000085300000, 0x0000000085200000| Untracked 
|  83|0x0000000085300000, 0x0000000085400000, 0x0000000085400000|100%| O|  |TAMS 0x0000000085400000, 0x0000000085300000| Untracked 
|  84|0x0000000085400000, 0x0000000085500000, 0x0000000085500000|100%| O|  |TAMS 0x0000000085500000, 0x0000000085400000| Untracked 
|  85|0x0000000085500000, 0x0000000085600000, 0x0000000085600000|100%| O|  |TAMS 0x0000000085600000, 0x0000000085500000| Untracked 
|  86|0x0000000085600000, 0x0000000085700000, 0x0000000085700000|100%| O|  |TAMS 0x0000000085700000, 0x0000000085600000| Untracked 
|  87|0x0000000085700000, 0x0000000085800000, 0x0000000085800000|100%| O|  |TAMS 0x0000000085800000, 0x0000000085700000| Untracked 
|  88|0x0000000085800000, 0x0000000085900000, 0x0000000085900000|100%| O|  |TAMS 0x0000000085900000, 0x0000000085800000| Untracked 
|  89|0x0000000085900000, 0x0000000085a00000, 0x0000000085a00000|100%| O|  |TAMS 0x0000000085a00000, 0x0000000085900000| Untracked 
|  90|0x0000000085a00000, 0x0000000085b00000, 0x0000000085b00000|100%| O|  |TAMS 0x0000000085b00000, 0x0000000085a00000| Untracked 
|  91|0x0000000085b00000, 0x0000000085c00000, 0x0000000085c00000|100%| O|  |TAMS 0x0000000085c00000, 0x0000000085b00000| Updating 
|  92|0x0000000085c00000, 0x0000000085d00000, 0x0000000085d00000|100%| O|  |TAMS 0x0000000085d00000, 0x0000000085c00000| Untracked 
|  93|0x0000000085d00000, 0x0000000085e00000, 0x0000000085e00000|100%| O|  |TAMS 0x0000000085e00000, 0x0000000085d00000| Updating 
|  94|0x0000000085e00000, 0x0000000085f00000, 0x0000000085f00000|100%| O|  |TAMS 0x0000000085f00000, 0x0000000085e00000| Untracked 
|  95|0x0000000085f00000, 0x0000000086000000, 0x0000000086000000|100%| O|  |TAMS 0x0000000086000000, 0x0000000085f00000| Untracked 
|  96|0x0000000086000000, 0x0000000086100000, 0x0000000086100000|100%| O|  |TAMS 0x0000000086100000, 0x0000000086000000| Untracked 
|  97|0x0000000086100000, 0x0000000086200000, 0x0000000086200000|100%| O|  |TAMS 0x0000000086200000, 0x0000000086100000| Untracked 
|  98|0x0000000086200000, 0x0000000086300000, 0x0000000086300000|100%| O|  |TAMS 0x0000000086300000, 0x0000000086200000| Untracked 
|  99|0x0000000086300000, 0x0000000086400000, 0x0000000086400000|100%| O|  |TAMS 0x0000000086400000, 0x0000000086300000| Untracked 
| 100|0x0000000086400000, 0x0000000086500000, 0x0000000086500000|100%| O|  |TAMS 0x0000000086500000, 0x0000000086400000| Untracked 
| 101|0x0000000086500000, 0x0000000086600000, 0x0000000086600000|100%| O|  |TAMS 0x0000000086600000, 0x0000000086500000| Untracked 
| 102|0x0000000086600000, 0x0000000086700000, 0x0000000086700000|100%| O|  |TAMS 0x0000000086700000, 0x0000000086600000| Untracked 
| 103|0x0000000086700000, 0x0000000086800000, 0x0000000086800000|100%| O|  |TAMS 0x0000000086800000, 0x0000000086700000| Untracked 
| 104|0x0000000086800000, 0x0000000086900000, 0x0000000086900000|100%| O|  |TAMS 0x0000000086900000, 0x0000000086800000| Untracked 
| 105|0x0000000086900000, 0x0000000086a00000, 0x0000000086a00000|100%| O|  |TAMS 0x0000000086a00000, 0x0000000086900000| Updating 
| 106|0x0000000086a00000, 0x0000000086b00000, 0x0000000086b00000|100%| O|  |TAMS 0x0000000086b00000, 0x0000000086a00000| Updating 
| 107|0x0000000086b00000, 0x0000000086c00000, 0x0000000086c00000|100%| O|  |TAMS 0x0000000086c00000, 0x0000000086b00000| Untracked 
| 108|0x0000000086c00000, 0x0000000086d00000, 0x0000000086d00000|100%| O|  |TAMS 0x0000000086d00000, 0x0000000086c00000| Untracked 
| 109|0x0000000086d00000, 0x0000000086e00000, 0x0000000086e00000|100%| O|  |TAMS 0x0000000086e00000, 0x0000000086d00000| Untracked 
| 110|0x0000000086e00000, 0x0000000086f00000, 0x0000000086f00000|100%| O|  |TAMS 0x0000000086f00000, 0x0000000086e00000| Updating 
| 111|0x0000000086f00000, 0x0000000087000000, 0x0000000087000000|100%| O|  |TAMS 0x0000000087000000, 0x0000000086f00000| Updating 
| 112|0x0000000087000000, 0x0000000087100000, 0x0000000087100000|100%| O|  |TAMS 0x0000000087100000, 0x0000000087000000| Untracked 
| 113|0x0000000087100000, 0x0000000087200000, 0x0000000087200000|100%| O|  |TAMS 0x0000000087200000, 0x0000000087100000| Untracked 
| 114|0x0000000087200000, 0x0000000087300000, 0x0000000087300000|100%| O|  |TAMS 0x0000000087300000, 0x0000000087200000| Untracked 
| 115|0x0000000087300000, 0x0000000087400000, 0x0000000087400000|100%| O|  |TAMS 0x0000000087400000, 0x0000000087300000| Untracked 
| 116|0x0000000087400000, 0x0000000087500000, 0x0000000087500000|100%| O|  |TAMS 0x0000000087500000, 0x0000000087400000| Untracked 
| 117|0x0000000087500000, 0x0000000087600000, 0x0000000087600000|100%| O|  |TAMS 0x0000000087600000, 0x0000000087500000| Untracked 
| 118|0x0000000087600000, 0x0000000087700000, 0x0000000087700000|100%| O|  |TAMS 0x0000000087700000, 0x0000000087600000| Updating 
| 119|0x0000000087700000, 0x0000000087800000, 0x0000000087800000|100%| O|  |TAMS 0x0000000087800000, 0x0000000087700000| Untracked 
| 120|0x0000000087800000, 0x0000000087900000, 0x0000000087900000|100%| O|  |TAMS 0x0000000087900000, 0x0000000087800000| Updating 
| 121|0x0000000087900000, 0x0000000087a00000, 0x0000000087a00000|100%| O|  |TAMS 0x0000000087a00000, 0x0000000087900000| Untracked 
| 122|0x0000000087a00000, 0x0000000087b00000, 0x0000000087b00000|100%| O|  |TAMS 0x0000000087b00000, 0x0000000087a00000| Untracked 
| 123|0x0000000087b00000, 0x0000000087c00000, 0x0000000087c00000|100%| O|  |TAMS 0x0000000087c00000, 0x0000000087b00000| Untracked 
| 124|0x0000000087c00000, 0x0000000087d00000, 0x0000000087d00000|100%| O|  |TAMS 0x0000000087d00000, 0x0000000087c00000| Untracked 
| 125|0x0000000087d00000, 0x0000000087e00000, 0x0000000087e00000|100%| O|  |TAMS 0x0000000087e00000, 0x0000000087d00000| Updating 
| 126|0x0000000087e00000, 0x0000000087f00000, 0x0000000087f00000|100%| O|  |TAMS 0x0000000087f00000, 0x0000000087e00000| Untracked 
| 127|0x0000000087f00000, 0x0000000088000000, 0x0000000088000000|100%| O|  |TAMS 0x0000000088000000, 0x0000000087f00000| Untracked 
| 128|0x0000000088000000, 0x0000000088100000, 0x0000000088100000|100%| O|  |TAMS 0x0000000088100000, 0x0000000088000000| Untracked 
| 129|0x0000000088100000, 0x0000000088200000, 0x0000000088200000|100%| O|  |TAMS 0x0000000088200000, 0x0000000088100000| Untracked 
| 130|0x0000000088200000, 0x0000000088300000, 0x0000000088300000|100%| O|  |TAMS 0x0000000088300000, 0x0000000088200000| Untracked 
| 131|0x0000000088300000, 0x0000000088400000, 0x0000000088400000|100%| O|  |TAMS 0x0000000088400000, 0x0000000088300000| Untracked 
| 132|0x0000000088400000, 0x0000000088500000, 0x0000000088500000|100%| O|  |TAMS 0x0000000088500000, 0x0000000088400000| Updating 
| 133|0x0000000088500000, 0x0000000088600000, 0x0000000088600000|100%| O|  |TAMS 0x0000000088600000, 0x0000000088500000| Untracked 
| 134|0x0000000088600000, 0x0000000088700000, 0x0000000088700000|100%| O|  |TAMS 0x0000000088700000, 0x0000000088600000| Untracked 
| 135|0x0000000088700000, 0x0000000088800000, 0x0000000088800000|100%| O|  |TAMS 0x0000000088800000, 0x0000000088700000| Untracked 
| 136|0x0000000088800000, 0x0000000088900000, 0x0000000088900000|100%| O|  |TAMS 0x0000000088900000, 0x0000000088800000| Updating 
| 137|0x0000000088900000, 0x0000000088a00000, 0x0000000088a00000|100%| O|  |TAMS 0x0000000088a00000, 0x0000000088900000| Untracked 
| 138|0x0000000088a00000, 0x0000000088b00000, 0x0000000088b00000|100%| O|  |TAMS 0x0000000088b00000, 0x0000000088a00000| Untracked 
| 139|0x0000000088b00000, 0x0000000088c00000, 0x0000000088c00000|100%| O|  |TAMS 0x0000000088c00000, 0x0000000088b00000| Untracked 
| 140|0x0000000088c00000, 0x0000000088d00000, 0x0000000088d00000|100%| O|  |TAMS 0x0000000088d00000, 0x0000000088c00000| Updating 
| 141|0x0000000088d00000, 0x0000000088e00000, 0x0000000088e00000|100%| O|  |TAMS 0x0000000088e00000, 0x0000000088d00000| Updating 
| 142|0x0000000088e00000, 0x0000000088f00000, 0x0000000088f00000|100%| O|  |TAMS 0x0000000088f00000, 0x0000000088e00000| Untracked 
| 143|0x0000000088f00000, 0x0000000089000000, 0x0000000089000000|100%| O|  |TAMS 0x0000000089000000, 0x0000000088f00000| Untracked 
| 144|0x0000000089000000, 0x0000000089100000, 0x0000000089100000|100%| O|  |TAMS 0x0000000089100000, 0x0000000089000000| Untracked 
| 145|0x0000000089100000, 0x0000000089200000, 0x0000000089200000|100%| O|  |TAMS 0x0000000089200000, 0x0000000089100000| Untracked 
| 146|0x0000000089200000, 0x0000000089300000, 0x0000000089300000|100%| O|  |TAMS 0x0000000089300000, 0x0000000089200000| Untracked 
| 147|0x0000000089300000, 0x0000000089400000, 0x0000000089400000|100%| O|  |TAMS 0x0000000089400000, 0x0000000089300000| Untracked 
| 148|0x0000000089400000, 0x0000000089500000, 0x0000000089500000|100%| O|  |TAMS 0x0000000089500000, 0x0000000089400000| Untracked 
| 149|0x0000000089500000, 0x0000000089600000, 0x0000000089600000|100%| O|  |TAMS 0x0000000089600000, 0x0000000089500000| Untracked 
| 150|0x0000000089600000, 0x0000000089700000, 0x0000000089700000|100%| O|  |TAMS 0x0000000089700000, 0x0000000089600000| Updating 
| 151|0x0000000089700000, 0x0000000089800000, 0x0000000089800000|100%| O|  |TAMS 0x0000000089800000, 0x0000000089700000| Untracked 
| 152|0x0000000089800000, 0x0000000089900000, 0x0000000089900000|100%| O|  |TAMS 0x0000000089900000, 0x0000000089800000| Untracked 
| 153|0x0000000089900000, 0x0000000089a00000, 0x0000000089a00000|100%| O|  |TAMS 0x0000000089a00000, 0x0000000089900000| Untracked 
| 154|0x0000000089a00000, 0x0000000089b00000, 0x0000000089b00000|100%| O|  |TAMS 0x0000000089b00000, 0x0000000089a00000| Untracked 
| 155|0x0000000089b00000, 0x0000000089c00000, 0x0000000089c00000|100%| O|  |TAMS 0x0000000089c00000, 0x0000000089b00000| Updating 
| 156|0x0000000089c00000, 0x0000000089d00000, 0x0000000089d00000|100%| O|  |TAMS 0x0000000089d00000, 0x0000000089c00000| Untracked 
| 157|0x0000000089d00000, 0x0000000089e00000, 0x0000000089e00000|100%| O|  |TAMS 0x0000000089e00000, 0x0000000089d00000| Untracked 
| 158|0x0000000089e00000, 0x0000000089f00000, 0x0000000089f00000|100%| O|  |TAMS 0x0000000089f00000, 0x0000000089e00000| Untracked 
| 159|0x0000000089f00000, 0x000000008a000000, 0x000000008a000000|100%| O|  |TAMS 0x000000008a000000, 0x0000000089f00000| Untracked 
| 160|0x000000008a000000, 0x000000008a100000, 0x000000008a100000|100%| O|  |TAMS 0x000000008a100000, 0x000000008a000000| Updating 
| 161|0x000000008a100000, 0x000000008a200000, 0x000000008a200000|100%| O|  |TAMS 0x000000008a200000, 0x000000008a100000| Untracked 
| 162|0x000000008a200000, 0x000000008a300000, 0x000000008a300000|100%| O|  |TAMS 0x000000008a300000, 0x000000008a200000| Untracked 
| 163|0x000000008a300000, 0x000000008a400000, 0x000000008a400000|100%| O|  |TAMS 0x000000008a400000, 0x000000008a300000| Untracked 
| 164|0x000000008a400000, 0x000000008a500000, 0x000000008a500000|100%| O|  |TAMS 0x000000008a500000, 0x000000008a400000| Untracked 
| 165|0x000000008a500000, 0x000000008a600000, 0x000000008a600000|100%| O|  |TAMS 0x000000008a600000, 0x000000008a500000| Untracked 
| 166|0x000000008a600000, 0x000000008a700000, 0x000000008a700000|100%| O|  |TAMS 0x000000008a700000, 0x000000008a600000| Untracked 
| 167|0x000000008a700000, 0x000000008a800000, 0x000000008a800000|100%| O|  |TAMS 0x000000008a800000, 0x000000008a700000| Updating 
| 168|0x000000008a800000, 0x000000008a900000, 0x000000008a900000|100%| O|  |TAMS 0x000000008a900000, 0x000000008a800000| Updating 
| 169|0x000000008a900000, 0x000000008aa00000, 0x000000008aa00000|100%| O|  |TAMS 0x000000008aa00000, 0x000000008a900000| Untracked 
| 170|0x000000008aa00000, 0x000000008ab00000, 0x000000008ab00000|100%| O|  |TAMS 0x000000008ab00000, 0x000000008aa00000| Untracked 
| 171|0x000000008ab00000, 0x000000008ac00000, 0x000000008ac00000|100%| O|  |TAMS 0x000000008ac00000, 0x000000008ab00000| Untracked 
| 172|0x000000008ac00000, 0x000000008ad00000, 0x000000008ad00000|100%| O|  |TAMS 0x000000008ad00000, 0x000000008ac00000| Untracked 
| 173|0x000000008ad00000, 0x000000008ae00000, 0x000000008ae00000|100%| O|  |TAMS 0x000000008ae00000, 0x000000008ad00000| Untracked 
| 174|0x000000008ae00000, 0x000000008af00000, 0x000000008af00000|100%| O|  |TAMS 0x000000008af00000, 0x000000008ae00000| Untracked 
| 175|0x000000008af00000, 0x000000008b000000, 0x000000008b000000|100%| O|  |TAMS 0x000000008b000000, 0x000000008af00000| Untracked 
| 176|0x000000008b000000, 0x000000008b100000, 0x000000008b100000|100%| O|  |TAMS 0x000000008b100000, 0x000000008b000000| Untracked 
| 177|0x000000008b100000, 0x000000008b200000, 0x000000008b200000|100%| O|  |TAMS 0x000000008b200000, 0x000000008b100000| Untracked 
| 178|0x000000008b200000, 0x000000008b300000, 0x000000008b300000|100%| O|  |TAMS 0x000000008b300000, 0x000000008b200000| Updating 
| 179|0x000000008b300000, 0x000000008b300000, 0x000000008b400000|  0%| F|  |TAMS 0x000000008b300000, 0x000000008b300000| Untracked 
| 180|0x000000008b400000, 0x000000008b500000, 0x000000008b500000|100%|HS|  |TAMS 0x000000008b500000, 0x000000008b400000| Complete 
| 181|0x000000008b500000, 0x000000008b600000, 0x000000008b600000|100%|HC|  |TAMS 0x000000008b600000, 0x000000008b500000| Complete 
| 182|0x000000008b600000, 0x000000008b700000, 0x000000008b700000|100%|HS|  |TAMS 0x000000008b700000, 0x000000008b600000| Complete 
| 183|0x000000008b700000, 0x000000008b800000, 0x000000008b800000|100%|HC|  |TAMS 0x000000008b800000, 0x000000008b700000| Complete 
| 184|0x000000008b800000, 0x000000008b900000, 0x000000008b900000|100%| O|  |TAMS 0x000000008b900000, 0x000000008b800000| Untracked 
| 185|0x000000008b900000, 0x000000008ba00000, 0x000000008ba00000|100%| O|  |TAMS 0x000000008ba00000, 0x000000008b900000| Untracked 
| 186|0x000000008ba00000, 0x000000008bb00000, 0x000000008bb00000|100%| O|  |TAMS 0x000000008bb00000, 0x000000008ba00000| Untracked 
| 187|0x000000008bb00000, 0x000000008bc00000, 0x000000008bc00000|100%| O|  |TAMS 0x000000008bc00000, 0x000000008bb00000| Untracked 
| 188|0x000000008bc00000, 0x000000008bd00000, 0x000000008bd00000|100%| O|  |TAMS 0x000000008bd00000, 0x000000008bc00000| Untracked 
| 189|0x000000008bd00000, 0x000000008be00000, 0x000000008be00000|100%| O|  |TAMS 0x000000008be00000, 0x000000008bd00000| Untracked 
| 190|0x000000008be00000, 0x000000008bf00000, 0x000000008bf00000|100%| O|  |TAMS 0x000000008bf00000, 0x000000008be00000| Untracked 
| 191|0x000000008bf00000, 0x000000008c000000, 0x000000008c000000|100%| O|  |TAMS 0x000000008c000000, 0x000000008bf00000| Untracked 
| 192|0x000000008c000000, 0x000000008c100000, 0x000000008c100000|100%| O|  |TAMS 0x000000008c100000, 0x000000008c000000| Untracked 
| 193|0x000000008c100000, 0x000000008c200000, 0x000000008c200000|100%| O|  |TAMS 0x000000008c200000, 0x000000008c100000| Updating 
| 194|0x000000008c200000, 0x000000008c300000, 0x000000008c300000|100%| O|  |TAMS 0x000000008c278a00, 0x000000008c200000| Updating 
| 195|0x000000008c300000, 0x000000008c400000, 0x000000008c400000|100%|HS|  |TAMS 0x000000008c400000, 0x000000008c300000| Complete 
| 196|0x000000008c400000, 0x000000008c500000, 0x000000008c500000|100%|HS|  |TAMS 0x000000008c500000, 0x000000008c400000| Complete 
| 197|0x000000008c500000, 0x000000008c600000, 0x000000008c600000|100%|HS|  |TAMS 0x000000008c600000, 0x000000008c500000| Complete 
| 198|0x000000008c600000, 0x000000008c700000, 0x000000008c700000|100%|HC|  |TAMS 0x000000008c700000, 0x000000008c600000| Complete 
| 199|0x000000008c700000, 0x000000008c800000, 0x000000008c800000|100%|HC|  |TAMS 0x000000008c800000, 0x000000008c700000| Complete 
| 200|0x000000008c800000, 0x000000008c900000, 0x000000008c900000|100%| O|  |TAMS 0x000000008c800000, 0x000000008c800000| Untracked 
| 201|0x000000008c900000, 0x000000008ca00000, 0x000000008ca00000|100%| O|  |TAMS 0x000000008c900000, 0x000000008c900000| Untracked 
| 202|0x000000008ca00000, 0x000000008cb00000, 0x000000008cb00000|100%| O|  |TAMS 0x000000008ca00000, 0x000000008ca00000| Untracked 
| 203|0x000000008cb00000, 0x000000008cc00000, 0x000000008cc00000|100%| O|  |TAMS 0x000000008cb00000, 0x000000008cb00000| Untracked 
| 204|0x000000008cc00000, 0x000000008cd00000, 0x000000008cd00000|100%| O|  |TAMS 0x000000008cc00000, 0x000000008cc00000| Untracked 
| 205|0x000000008cd00000, 0x000000008ce00000, 0x000000008ce00000|100%| O|  |TAMS 0x000000008cd00000, 0x000000008cd00000| Untracked 
| 206|0x000000008ce00000, 0x000000008cf00000, 0x000000008cf00000|100%| O|  |TAMS 0x000000008ce00000, 0x000000008ce00000| Untracked 
| 207|0x000000008cf00000, 0x000000008d000000, 0x000000008d000000|100%| O|  |TAMS 0x000000008cf00000, 0x000000008cf00000| Untracked 
| 208|0x000000008d000000, 0x000000008d100000, 0x000000008d100000|100%| O|  |TAMS 0x000000008d000000, 0x000000008d000000| Untracked 
| 209|0x000000008d100000, 0x000000008d17b400, 0x000000008d200000| 48%| O|  |TAMS 0x000000008d100000, 0x000000008d100000| Updating 
| 210|0x000000008d200000, 0x000000008d200000, 0x000000008d300000|  0%| F|  |TAMS 0x000000008d200000, 0x000000008d200000| Untracked 
| 211|0x000000008d300000, 0x000000008d300000, 0x000000008d400000|  0%| F|  |TAMS 0x000000008d300000, 0x000000008d300000| Untracked 
| 212|0x000000008d400000, 0x000000008d400000, 0x000000008d500000|  0%| F|  |TAMS 0x000000008d400000, 0x000000008d400000| Untracked 
| 213|0x000000008d500000, 0x000000008d500000, 0x000000008d600000|  0%| F|  |TAMS 0x000000008d500000, 0x000000008d500000| Untracked 
| 214|0x000000008d600000, 0x000000008d600000, 0x000000008d700000|  0%| F|  |TAMS 0x000000008d600000, 0x000000008d600000| Untracked 
| 215|0x000000008d700000, 0x000000008d700000, 0x000000008d800000|  0%| F|  |TAMS 0x000000008d700000, 0x000000008d700000| Untracked 
| 216|0x000000008d800000, 0x000000008d800000, 0x000000008d900000|  0%| F|  |TAMS 0x000000008d800000, 0x000000008d800000| Untracked 
| 217|0x000000008d900000, 0x000000008d900000, 0x000000008da00000|  0%| F|  |TAMS 0x000000008d900000, 0x000000008d900000| Untracked 
| 218|0x000000008da00000, 0x000000008da00000, 0x000000008db00000|  0%| F|  |TAMS 0x000000008da00000, 0x000000008da00000| Untracked 
| 219|0x000000008db00000, 0x000000008db00000, 0x000000008dc00000|  0%| F|  |TAMS 0x000000008db00000, 0x000000008db00000| Untracked 
| 220|0x000000008dc00000, 0x000000008dc00000, 0x000000008dd00000|  0%| F|  |TAMS 0x000000008dc00000, 0x000000008dc00000| Untracked 
| 221|0x000000008dd00000, 0x000000008dd00000, 0x000000008de00000|  0%| F|  |TAMS 0x000000008dd00000, 0x000000008dd00000| Untracked 
| 222|0x000000008de00000, 0x000000008de00000, 0x000000008df00000|  0%| F|  |TAMS 0x000000008de00000, 0x000000008de00000| Untracked 
| 223|0x000000008df00000, 0x000000008df00000, 0x000000008e000000|  0%| F|  |TAMS 0x000000008df00000, 0x000000008df00000| Untracked 
| 224|0x000000008e000000, 0x000000008e000000, 0x000000008e100000|  0%| F|  |TAMS 0x000000008e000000, 0x000000008e000000| Untracked 
| 225|0x000000008e100000, 0x000000008e100000, 0x000000008e200000|  0%| F|  |TAMS 0x000000008e100000, 0x000000008e100000| Untracked 
| 226|0x000000008e200000, 0x000000008e200000, 0x000000008e300000|  0%| F|  |TAMS 0x000000008e200000, 0x000000008e200000| Untracked 
| 227|0x000000008e300000, 0x000000008e300000, 0x000000008e400000|  0%| F|  |TAMS 0x000000008e300000, 0x000000008e300000| Untracked 
| 228|0x000000008e400000, 0x000000008e400000, 0x000000008e500000|  0%| F|  |TAMS 0x000000008e400000, 0x000000008e400000| Untracked 
| 229|0x000000008e500000, 0x000000008e500000, 0x000000008e600000|  0%| F|  |TAMS 0x000000008e500000, 0x000000008e500000| Untracked 
| 230|0x000000008e600000, 0x000000008e600000, 0x000000008e700000|  0%| F|  |TAMS 0x000000008e600000, 0x000000008e600000| Untracked 
| 231|0x000000008e700000, 0x000000008e700000, 0x000000008e800000|  0%| F|  |TAMS 0x000000008e700000, 0x000000008e700000| Untracked 
| 232|0x000000008e800000, 0x000000008e800000, 0x000000008e900000|  0%| F|  |TAMS 0x000000008e800000, 0x000000008e800000| Untracked 
| 233|0x000000008e900000, 0x000000008e900000, 0x000000008ea00000|  0%| F|  |TAMS 0x000000008e900000, 0x000000008e900000| Untracked 
| 234|0x000000008ea00000, 0x000000008ea00000, 0x000000008eb00000|  0%| F|  |TAMS 0x000000008ea00000, 0x000000008ea00000| Untracked 
| 235|0x000000008eb00000, 0x000000008eb00000, 0x000000008ec00000|  0%| F|  |TAMS 0x000000008eb00000, 0x000000008eb00000| Untracked 
| 236|0x000000008ec00000, 0x000000008ec00000, 0x000000008ed00000|  0%| F|  |TAMS 0x000000008ec00000, 0x000000008ec00000| Untracked 
| 237|0x000000008ed00000, 0x000000008ed00000, 0x000000008ee00000|  0%| F|  |TAMS 0x000000008ed00000, 0x000000008ed00000| Untracked 
| 238|0x000000008ee00000, 0x000000008ee00000, 0x000000008ef00000|  0%| F|  |TAMS 0x000000008ee00000, 0x000000008ee00000| Untracked 
| 239|0x000000008ef00000, 0x000000008ef00000, 0x000000008f000000|  0%| F|  |TAMS 0x000000008ef00000, 0x000000008ef00000| Untracked 
| 240|0x000000008f000000, 0x000000008f000000, 0x000000008f100000|  0%| F|  |TAMS 0x000000008f000000, 0x000000008f000000| Untracked 
| 241|0x000000008f100000, 0x000000008f100000, 0x000000008f200000|  0%| F|  |TAMS 0x000000008f100000, 0x000000008f100000| Untracked 
| 242|0x000000008f200000, 0x000000008f200000, 0x000000008f300000|  0%| F|  |TAMS 0x000000008f200000, 0x000000008f200000| Untracked 
| 243|0x000000008f300000, 0x000000008f400000, 0x000000008f400000|100%| S|CS|TAMS 0x000000008f300000, 0x000000008f300000| Complete 
| 244|0x000000008f400000, 0x000000008f500000, 0x000000008f500000|100%| S|CS|TAMS 0x000000008f400000, 0x000000008f400000| Complete 
| 245|0x000000008f500000, 0x000000008f600000, 0x000000008f600000|100%| S|CS|TAMS 0x000000008f500000, 0x000000008f500000| Complete 
| 246|0x000000008f600000, 0x000000008f700000, 0x000000008f700000|100%| S|CS|TAMS 0x000000008f600000, 0x000000008f600000| Complete 
| 247|0x000000008f700000, 0x000000008f800000, 0x000000008f800000|100%| S|CS|TAMS 0x000000008f700000, 0x000000008f700000| Complete 
| 248|0x000000008f800000, 0x000000008f900000, 0x000000008f900000|100%| S|CS|TAMS 0x000000008f800000, 0x000000008f800000| Complete 
| 249|0x000000008f900000, 0x000000008f900000, 0x000000008fa00000|  0%| F|  |TAMS 0x000000008f900000, 0x000000008f900000| Untracked 
| 250|0x000000008fa00000, 0x000000008fa00000, 0x000000008fb00000|  0%| F|  |TAMS 0x000000008fa00000, 0x000000008fa00000| Untracked 
| 251|0x000000008fb00000, 0x000000008fb00000, 0x000000008fc00000|  0%| F|  |TAMS 0x000000008fb00000, 0x000000008fb00000| Untracked 
| 252|0x000000008fc00000, 0x000000008fc00000, 0x000000008fd00000|  0%| F|  |TAMS 0x000000008fc00000, 0x000000008fc00000| Untracked 
| 253|0x000000008fd00000, 0x000000008fd00000, 0x000000008fe00000|  0%| F|  |TAMS 0x000000008fd00000, 0x000000008fd00000| Untracked 
| 254|0x000000008fe00000, 0x000000008fe00000, 0x000000008ff00000|  0%| F|  |TAMS 0x000000008fe00000, 0x000000008fe00000| Untracked 
| 255|0x000000008ff00000, 0x000000008ff00000, 0x0000000090000000|  0%| F|  |TAMS 0x000000008ff00000, 0x000000008ff00000| Untracked 
| 256|0x0000000090000000, 0x0000000090000000, 0x0000000090100000|  0%| F|  |TAMS 0x0000000090000000, 0x0000000090000000| Untracked 
| 257|0x0000000090100000, 0x0000000090100000, 0x0000000090200000|  0%| F|  |TAMS 0x0000000090100000, 0x0000000090100000| Untracked 
| 258|0x0000000090200000, 0x0000000090200000, 0x0000000090300000|  0%| F|  |TAMS 0x0000000090200000, 0x0000000090200000| Untracked 
| 259|0x0000000090300000, 0x0000000090300000, 0x0000000090400000|  0%| F|  |TAMS 0x0000000090300000, 0x0000000090300000| Untracked 
| 260|0x0000000090400000, 0x0000000090400000, 0x0000000090500000|  0%| F|  |TAMS 0x0000000090400000, 0x0000000090400000| Untracked 
| 261|0x0000000090500000, 0x0000000090500000, 0x0000000090600000|  0%| F|  |TAMS 0x0000000090500000, 0x0000000090500000| Untracked 
| 262|0x0000000090600000, 0x0000000090600000, 0x0000000090700000|  0%| F|  |TAMS 0x0000000090600000, 0x0000000090600000| Untracked 
| 263|0x0000000090700000, 0x0000000090700000, 0x0000000090800000|  0%| F|  |TAMS 0x0000000090700000, 0x0000000090700000| Untracked 
| 264|0x0000000090800000, 0x0000000090800000, 0x0000000090900000|  0%| F|  |TAMS 0x0000000090800000, 0x0000000090800000| Untracked 
| 265|0x0000000090900000, 0x0000000090900000, 0x0000000090a00000|  0%| F|  |TAMS 0x0000000090900000, 0x0000000090900000| Untracked 
| 266|0x0000000090a00000, 0x0000000090a00000, 0x0000000090b00000|  0%| F|  |TAMS 0x0000000090a00000, 0x0000000090a00000| Untracked 
| 267|0x0000000090b00000, 0x0000000090b00000, 0x0000000090c00000|  0%| F|  |TAMS 0x0000000090b00000, 0x0000000090b00000| Untracked 
| 268|0x0000000090c00000, 0x0000000090c00000, 0x0000000090d00000|  0%| F|  |TAMS 0x0000000090c00000, 0x0000000090c00000| Untracked 
| 269|0x0000000090d00000, 0x0000000090d00000, 0x0000000090e00000|  0%| F|  |TAMS 0x0000000090d00000, 0x0000000090d00000| Untracked 
| 270|0x0000000090e00000, 0x0000000090e00000, 0x0000000090f00000|  0%| F|  |TAMS 0x0000000090e00000, 0x0000000090e00000| Untracked 
| 271|0x0000000090f00000, 0x0000000090f00000, 0x0000000091000000|  0%| F|  |TAMS 0x0000000090f00000, 0x0000000090f00000| Untracked 
| 272|0x0000000091000000, 0x0000000091000000, 0x0000000091100000|  0%| F|  |TAMS 0x0000000091000000, 0x0000000091000000| Untracked 
| 273|0x0000000091100000, 0x0000000091100000, 0x0000000091200000|  0%| F|  |TAMS 0x0000000091100000, 0x0000000091100000| Untracked 
| 274|0x0000000091200000, 0x0000000091200000, 0x0000000091300000|  0%| F|  |TAMS 0x0000000091200000, 0x0000000091200000| Untracked 
| 275|0x0000000091300000, 0x0000000091300000, 0x0000000091400000|  0%| F|  |TAMS 0x0000000091300000, 0x0000000091300000| Untracked 
| 276|0x0000000091400000, 0x0000000091400000, 0x0000000091500000|  0%| F|  |TAMS 0x0000000091400000, 0x0000000091400000| Untracked 
| 277|0x0000000091500000, 0x0000000091500000, 0x0000000091600000|  0%| F|  |TAMS 0x0000000091500000, 0x0000000091500000| Untracked 
| 278|0x0000000091600000, 0x0000000091600000, 0x0000000091700000|  0%| F|  |TAMS 0x0000000091600000, 0x0000000091600000| Untracked 
| 279|0x0000000091700000, 0x0000000091700000, 0x0000000091800000|  0%| F|  |TAMS 0x0000000091700000, 0x0000000091700000| Untracked 
| 280|0x0000000091800000, 0x0000000091900000, 0x0000000091900000|100%| E|  |TAMS 0x0000000091800000, 0x0000000091800000| Complete 
| 281|0x0000000091900000, 0x0000000091a00000, 0x0000000091a00000|100%| E|CS|TAMS 0x0000000091900000, 0x0000000091900000| Complete 
| 282|0x0000000091a00000, 0x0000000091b00000, 0x0000000091b00000|100%| E|CS|TAMS 0x0000000091a00000, 0x0000000091a00000| Complete 
| 283|0x0000000091b00000, 0x0000000091c00000, 0x0000000091c00000|100%| E|CS|TAMS 0x0000000091b00000, 0x0000000091b00000| Complete 

Card table byte_map: [0x000002a6e7cd0000,0x000002a6e80d0000] _byte_map_base: 0x000002a6e78d0000

Marking Bits (Prev, Next): (CMBitMap*) 0x000002a6d10a2900, (CMBitMap*) 0x000002a6d10a2940
 Prev Bits: [0x000002a6e84d0000, 0x000002a6ea4d0000)
 Next Bits: [0x000002a6ea4d0000, 0x000002a6ec4d0000)

Polling page: 0x000002a6cef00000

Metaspace:

Usage:
  Non-class:     84.65 MB used.
      Class:     13.56 MB used.
       Both:     98.21 MB used.

Virtual space:
  Non-class space:       88.00 MB reserved,      85.69 MB ( 97%) committed,  11 nodes.
      Class space:      412.00 MB reserved,      14.38 MB (  3%) committed,  1 nodes.
             Both:      500.00 MB reserved,     100.06 MB ( 20%) committed. 

Chunk freelists:
   Non-Class:  2.28 MB
       Class:  1.67 MB
        Both:  3.95 MB

MaxMetaspaceSize: 512.00 MB
CompressedClassSpaceSize: 412.00 MB
Initial GC threshold: 21.00 MB
Current GC threshold: 159.31 MB
CDS: on
MetaspaceReclaimPolicy: balanced
 - commit_granule_bytes: 65536.
 - commit_granule_words: 8192.
 - virtual_space_node_default_size: 1048576.
 - enlarge_chunks_in_place: 1.
 - new_chunks_are_fully_committed: 0.
 - uncommit_free_chunks: 1.
 - use_allocation_guard: 0.
 - handle_deallocations: 1.


Internal statistics:

num_allocs_failed_limit: 6.
num_arena_births: 1854.
num_arena_deaths: 0.
num_vsnodes_births: 12.
num_vsnodes_deaths: 0.
num_space_committed: 1601.
num_space_uncommitted: 0.
num_chunks_returned_to_freelist: 6.
num_chunks_taken_from_freelist: 6551.
num_chunk_merges: 6.
num_chunk_splits: 4168.
num_chunks_enlarged: 2581.
num_purges: 0.
num_inconsistent_stats: 0.

CodeHeap 'non-profiled nmethods': size=120000Kb used=10559Kb max_used=10559Kb free=109440Kb
 bounds [0x000002a6e03a0000, 0x000002a6e0df0000, 0x000002a6e78d0000]
CodeHeap 'profiled nmethods': size=120000Kb used=27225Kb max_used=27225Kb free=92774Kb
 bounds [0x000002a6d88d0000, 0x000002a6da370000, 0x000002a6dfe00000]
CodeHeap 'non-nmethods': size=5760Kb used=2408Kb max_used=2508Kb free=3352Kb
 bounds [0x000002a6dfe00000, 0x000002a6e00b0000, 0x000002a6e03a0000]
 total_blobs=14272 nmethods=13328 adapters=855
 compilation: enabled
              stopped_count=0, restarted_count=0
 full_count=0

Compilation events (20 events):
Event: 613.487 Thread 0x000002a6ee9cb1a0 nmethod 15629 0x000002a6e0dee910 code [0x000002a6e0deeaa0, 0x000002a6e0deeb78]
Event: 613.489 Thread 0x000002a6ee9cb1a0 15630       1       org.jetbrains.kotlin.gradle.plugin.mpp.KotlinAndroidTarget::getDisambiguationClassifier (5 bytes)
Event: 613.489 Thread 0x000002a6ee9cb1a0 nmethod 15630 0x000002a6e0deec10 code [0x000002a6e0deeda0, 0x000002a6e0deee78]
Event: 613.492 Thread 0x000002a6ee9c87e0 15631       4       java.util.regex.Pattern$LastNode::match (45 bytes)
Event: 613.493 Thread 0x000002a6ee9c87e0 nmethod 15631 0x000002a6e0deef10 code [0x000002a6e0def080, 0x000002a6e0def178]
Event: 613.498 Thread 0x000002a6ee9c87e0 15632       4       kotlin.collections.SetsKt___SetsKt::plus (102 bytes)
Event: 613.499 Thread 0x000002a6ee9cb1a0 15633       1       org.jetbrains.kotlin.gradle.plugin.sources.DefaultKotlinSourceSet::getDependsOn (5 bytes)
Event: 613.499 Thread 0x000002a6ee9cb1a0 nmethod 15633 0x000002a6e0def290 code [0x000002a6e0def420, 0x000002a6e0def4f8]
Event: 613.499 Thread 0x000002a6ee9cb1a0 15634       1       org.jetbrains.kotlin.gradle.plugin.mpp.AbstractKotlinCompilation::getKotlinSourceSets (5 bytes)
Event: 613.499 Thread 0x000002a6ee9cb1a0 nmethod 15634 0x000002a6e0def590 code [0x000002a6e0def720, 0x000002a6e0def7f8]
Event: 613.500 Thread 0x000002a6ee9cb1a0 15636       3       org.jetbrains.kotlin.gradle.plugin.sources.DefaultKotlinSourceSetKt::resolveAllDependsOnSourceSets (221 bytes)
Event: 613.501 Thread 0x000002a6ee9cb1a0 nmethod 15636 0x000002a6da363090 code [0x000002a6da363480, 0x000002a6da365328]
Event: 613.503 Thread 0x000002a6ee9cb1a0 15637       1       com.android.build.gradle.internal.variant.BaseVariantData::getExtraGeneratedSourceFileTrees$gradle_core (5 bytes)
Event: 613.503 Thread 0x000002a6ee9cb1a0 nmethod 15637 0x000002a6e0def890 code [0x000002a6e0defa20, 0x000002a6e0defaf8]
Event: 613.503 Thread 0x000002a6ee9cb1a0 15638       1       com.android.build.gradle.internal.variant.BaseVariantData::getExternalAptJavaOutputFileTrees$gradle_core (5 bytes)
Event: 613.503 Thread 0x000002a6ee9cb1a0 nmethod 15638 0x000002a6e0defb90 code [0x000002a6e0defd20, 0x000002a6e0defdf8]
Event: 613.503 Thread 0x000002a6ee9cb1a0 15639       3       org.gradle.api.tasks.util.internal.PatternSpecFactory::createSpec (41 bytes)
Event: 613.504 Thread 0x000002a6ee9cb1a0 nmethod 15639 0x000002a6da365b90 code [0x000002a6da365da0, 0x000002a6da366398]
Event: 613.504 Thread 0x000002a6ee9cb1a0 15640       3       org.gradle.api.internal.file.pattern.PatternMatcherFactory::getPatternsMatcher (67 bytes)
Event: 613.505 Thread 0x000002a6ee9cb1a0 nmethod 15640 0x000002a6da366590 code [0x000002a6da3667a0, 0x000002a6da366e08]

GC Heap History (20 events):
Event: 510.815 GC heap before
{Heap before GC invocations=73 (full 0):
 garbage-first heap   total 240640K, used 193943K [0x0000000080000000, 0x0000000100000000)
  region size 1024K, 50 young (51200K), 1 survivors (1024K)
 Metaspace       used 92340K, committed 93824K, reserved 503808K
  class space    used 12736K, committed 13376K, reserved 421888K
}
Event: 510.824 GC heap after
{Heap after GC invocations=74 (full 0):
 garbage-first heap   total 240640K, used 148642K [0x0000000080000000, 0x0000000100000000)
  region size 1024K, 6 young (6144K), 6 survivors (6144K)
 Metaspace       used 92340K, committed 93824K, reserved 503808K
  class space    used 12736K, committed 13376K, reserved 421888K
}
Event: 513.178 GC heap before
{Heap before GC invocations=74 (full 0):
 garbage-first heap   total 240640K, used 196770K [0x0000000080000000, 0x0000000100000000)
  region size 1024K, 53 young (54272K), 6 survivors (6144K)
 Metaspace       used 93290K, committed 94720K, reserved 503808K
  class space    used 12860K, committed 13504K, reserved 421888K
}
Event: 513.195 GC heap after
{Heap after GC invocations=75 (full 0):
 garbage-first heap   total 240640K, used 155218K [0x0000000080000000, 0x0000000100000000)
  region size 1024K, 7 young (7168K), 7 survivors (7168K)
 Metaspace       used 93290K, committed 94720K, reserved 503808K
  class space    used 12860K, committed 13504K, reserved 421888K
}
Event: 516.413 GC heap before
{Heap before GC invocations=75 (full 0):
 garbage-first heap   total 240640K, used 199250K [0x0000000080000000, 0x0000000100000000)
  region size 1024K, 50 young (51200K), 7 survivors (7168K)
 Metaspace       used 94798K, committed 96192K, reserved 512000K
  class space    used 13055K, committed 13696K, reserved 421888K
}
Event: 516.427 GC heap after
{Heap after GC invocations=76 (full 0):
 garbage-first heap   total 240640K, used 159744K [0x0000000080000000, 0x0000000100000000)
  region size 1024K, 5 young (5120K), 5 survivors (5120K)
 Metaspace       used 94798K, committed 96192K, reserved 512000K
  class space    used 13055K, committed 13696K, reserved 421888K
}
Event: 527.352 GC heap before
{Heap before GC invocations=76 (full 0):
 garbage-first heap   total 240640K, used 200704K [0x0000000080000000, 0x0000000100000000)
  region size 1024K, 45 young (46080K), 5 survivors (5120K)
 Metaspace       used 96164K, committed 97664K, reserved 512000K
  class space    used 13254K, committed 13952K, reserved 421888K
}
Event: 527.364 GC heap after
{Heap after GC invocations=77 (full 0):
 garbage-first heap   total 240640K, used 164591K [0x0000000080000000, 0x0000000100000000)
  region size 1024K, 5 young (5120K), 5 survivors (5120K)
 Metaspace       used 96164K, committed 97664K, reserved 512000K
  class space    used 13254K, committed 13952K, reserved 421888K
}
Event: 538.089 GC heap before
{Heap before GC invocations=78 (full 0):
 garbage-first heap   total 290816K, used 197359K [0x0000000080000000, 0x0000000100000000)
  region size 1024K, 38 young (38912K), 5 survivors (5120K)
 Metaspace       used 96543K, committed 98048K, reserved 512000K
  class space    used 13317K, committed 14016K, reserved 421888K
}
Event: 538.104 GC heap after
{Heap after GC invocations=79 (full 0):
 garbage-first heap   total 290816K, used 169957K [0x0000000080000000, 0x0000000100000000)
  region size 1024K, 5 young (5120K), 5 survivors (5120K)
 Metaspace       used 96543K, committed 98048K, reserved 512000K
  class space    used 13317K, committed 14016K, reserved 421888K
}
Event: 539.816 GC heap before
{Heap before GC invocations=79 (full 0):
 garbage-first heap   total 290816K, used 179173K [0x0000000080000000, 0x0000000100000000)
  region size 1024K, 14 young (14336K), 5 survivors (5120K)
 Metaspace       used 96626K, committed 98112K, reserved 512000K
  class space    used 13331K, committed 14016K, reserved 421888K
}
Event: 539.837 GC heap after
{Heap after GC invocations=80 (full 0):
 garbage-first heap   total 290816K, used 170954K [0x0000000080000000, 0x0000000100000000)
  region size 1024K, 2 young (2048K), 2 survivors (2048K)
 Metaspace       used 96626K, committed 98112K, reserved 512000K
  class space    used 13331K, committed 14016K, reserved 421888K
}
Event: 563.846 GC heap before
{Heap before GC invocations=80 (full 0):
 garbage-first heap   total 290816K, used 236490K [0x0000000080000000, 0x0000000100000000)
  region size 1024K, 67 young (68608K), 2 survivors (2048K)
 Metaspace       used 97540K, committed 99200K, reserved 512000K
  class space    used 13468K, committed 14208K, reserved 421888K
}
Event: 563.863 GC heap after
{Heap after GC invocations=81 (full 0):
 garbage-first heap   total 290816K, used 181539K [0x0000000080000000, 0x0000000100000000)
  region size 1024K, 9 young (9216K), 9 survivors (9216K)
 Metaspace       used 97540K, committed 99200K, reserved 512000K
  class space    used 13468K, committed 14208K, reserved 421888K
}
Event: 594.897 GC heap before
{Heap before GC invocations=81 (full 0):
 garbage-first heap   total 290816K, used 237859K [0x0000000080000000, 0x0000000100000000)
  region size 1024K, 64 young (65536K), 9 survivors (9216K)
 Metaspace       used 98327K, committed 100032K, reserved 512000K
  class space    used 13573K, committed 14336K, reserved 421888K
}
Event: 594.928 GC heap after
{Heap after GC invocations=82 (full 0):
 garbage-first heap   total 290816K, used 192512K [0x0000000080000000, 0x0000000100000000)
  region size 1024K, 8 young (8192K), 8 survivors (8192K)
 Metaspace       used 98327K, committed 100032K, reserved 512000K
  class space    used 13573K, committed 14336K, reserved 421888K
}
Event: 609.390 GC heap before
{Heap before GC invocations=82 (full 0):
 garbage-first heap   total 290816K, used 242688K [0x0000000080000000, 0x0000000100000000)
  region size 1024K, 54 young (55296K), 8 survivors (8192K)
 Metaspace       used 98619K, committed 100416K, reserved 512000K
  class space    used 13611K, committed 14400K, reserved 421888K
}
Event: 609.410 GC heap after
{Heap after GC invocations=83 (full 0):
 garbage-first heap   total 290816K, used 206306K [0x0000000080000000, 0x0000000100000000)
  region size 1024K, 7 young (7168K), 7 survivors (7168K)
 Metaspace       used 98619K, committed 100416K, reserved 512000K
  class space    used 13611K, committed 14400K, reserved 421888K
}
Event: 612.859 GC heap before
{Heap before GC invocations=83 (full 0):
 garbage-first heap   total 290816K, used 246242K [0x0000000080000000, 0x0000000100000000)
  region size 1024K, 42 young (43008K), 7 survivors (7168K)
 Metaspace       used 100248K, committed 102144K, reserved 512000K
  class space    used 13841K, committed 14656K, reserved 421888K
}
Event: 612.874 GC heap after
{Heap after GC invocations=84 (full 0):
 garbage-first heap   total 290816K, used 220653K [0x0000000080000000, 0x0000000100000000)
  region size 1024K, 6 young (6144K), 6 survivors (6144K)
 Metaspace       used 100248K, committed 102144K, reserved 512000K
  class space    used 13841K, committed 14656K, reserved 421888K
}

Deoptimization events (20 events):
Event: 608.867 Thread 0x000002a6f01dc900 DEOPT PACKING pc=0x000002a6e06f51cc sp=0x000000fa9abfe9f0
Event: 608.867 Thread 0x000002a6f01dc900 DEOPT UNPACKING pc=0x000002a6dfe523a3 sp=0x000000fa9abfe8b0 mode 2
Event: 611.005 Thread 0x000002a6f0740bc0 Uncommon trap: trap_request=0xffffff45 fr.pc=0x000002a6e0bce2a8 relative=0x0000000000003fa8
Event: 611.005 Thread 0x000002a6f0740bc0 Uncommon trap: reason=unstable_if action=reinterpret pc=0x000002a6e0bce2a8 method=java.util.zip.ZipFile$Source.isSignatureRelated(II)Z @ 136 c2
Event: 611.005 Thread 0x000002a6f0740bc0 DEOPT PACKING pc=0x000002a6e0bce2a8 sp=0x000000fa994f94c0
Event: 611.005 Thread 0x000002a6f0740bc0 DEOPT UNPACKING pc=0x000002a6dfe523a3 sp=0x000000fa994f9418 mode 2
Event: 611.141 Thread 0x000002a6f0740bc0 DEOPT PACKING pc=0x000002a6da32fae9 sp=0x000000fa994f9430
Event: 611.141 Thread 0x000002a6f0740bc0 DEOPT UNPACKING pc=0x000002a6dfe52b43 sp=0x000000fa994f89b0 mode 0
Event: 611.329 Thread 0x000002a6f0740bc0 Uncommon trap: trap_request=0xffffff45 fr.pc=0x000002a6e0adfd5c relative=0x00000000000027bc
Event: 611.329 Thread 0x000002a6f0740bc0 Uncommon trap: reason=unstable_if action=reinterpret pc=0x000002a6e0adfd5c method=kotlin.collections.CollectionsKt___CollectionsKt.joinToString$default(Ljava/lang/Iterable;Ljava/lang/CharSequence;Ljava/lang/CharSequence;Ljava/lang/CharSequence;ILjava/lang
Event: 611.329 Thread 0x000002a6f0740bc0 DEOPT PACKING pc=0x000002a6e0adfd5c sp=0x000000fa994f9a30
Event: 611.329 Thread 0x000002a6f0740bc0 DEOPT UNPACKING pc=0x000002a6dfe523a3 sp=0x000000fa994f9a70 mode 2
Event: 613.249 Thread 0x000002a6f0740bc0 Uncommon trap: trap_request=0xffffffc6 fr.pc=0x000002a6e0cc0480 relative=0x0000000000001d40
Event: 613.249 Thread 0x000002a6f0740bc0 Uncommon trap: reason=bimorphic_or_optimized_type_check action=maybe_recompile pc=0x000002a6e0cc0480 method=org.gradle.internal.event.BroadcastDispatch.add(Ljava/lang/String;Lorg/gradle/api/Action;)Lorg/gradle/internal/event/BroadcastDispatch; @ 22 c2
Event: 613.249 Thread 0x000002a6f0740bc0 DEOPT PACKING pc=0x000002a6e0cc0480 sp=0x000000fa994f9750
Event: 613.249 Thread 0x000002a6f0740bc0 DEOPT UNPACKING pc=0x000002a6dfe523a3 sp=0x000000fa994f9748 mode 2
Event: 613.249 Thread 0x000002a6f0740bc0 Uncommon trap: trap_request=0xffffffde fr.pc=0x000002a6e0cc0498 relative=0x0000000000001d58
Event: 613.249 Thread 0x000002a6f0740bc0 Uncommon trap: reason=class_check action=maybe_recompile pc=0x000002a6e0cc0498 method=org.gradle.internal.event.BroadcastDispatch$SingletonDispatch.add(Ljava/lang/Object;Lorg/gradle/internal/dispatch/Dispatch;)Lorg/gradle/internal/event/BroadcastDispatch;
Event: 613.249 Thread 0x000002a6f0740bc0 DEOPT PACKING pc=0x000002a6e0cc0498 sp=0x000000fa994f9750
Event: 613.249 Thread 0x000002a6f0740bc0 DEOPT UNPACKING pc=0x000002a6dfe523a3 sp=0x000000fa994f96d8 mode 2

Classes unloaded (0 events):
No events

Classes redefined (0 events):
No events

Internal exceptions (20 events):
Event: 612.140 Thread 0x000002a6f0740bc0 Exception <a 'java/lang/ClassNotFoundException'{0x000000008ffe3910}: org/jetbrains/kotlin/gradle/targets/js/npm/DefaultNpmDependencyExtensionCustomizer> (0x000000008ffe3910) 
thrown [s\open\src\hotspot\share\classfile\systemDictionary.cpp, line 256]
Event: 612.315 Thread 0x000002a6f0740bc0 Exception <a 'java/lang/ClassNotFoundException'{0x000000008fe4b038}: org/jetbrains/kotlin/gradle/targets/js/npm/NpmDependencyExtensionKt$defaultNpmDependencyDelegate$1BeanInfo> (0x000000008fe4b038) 
thrown [s\open\src\hotspot\share\classfile\systemDictionary.cpp, line 256]
Event: 612.316 Thread 0x000002a6f0740bc0 Exception <a 'java/lang/ClassNotFoundException'{0x000000008fe554a0}: org/jetbrains/kotlin/gradle/targets/js/npm/NpmDependencyExtensionDelegateBeanInfo> (0x000000008fe554a0) 
thrown [s\open\src\hotspot\share\classfile\systemDictionary.cpp, line 256]
Event: 612.317 Thread 0x000002a6f0740bc0 Exception <a 'java/lang/ClassNotFoundException'{0x000000008fe5f8e0}: org/jetbrains/kotlin/gradle/targets/js/npm/NpmDependencyExtensionDelegateCustomizer> (0x000000008fe5f8e0) 
thrown [s\open\src\hotspot\share\classfile\systemDictionary.cpp, line 256]
Event: 612.318 Thread 0x000002a6f0740bc0 Exception <a 'java/lang/ClassNotFoundException'{0x000000008fe80a10}: org/jetbrains/kotlin/gradle/targets/js/npm/NpmDependencyExtensionKt$defaultNpmDependencyDelegate$1Customizer> (0x000000008fe80a10) 
thrown [s\open\src\hotspot\share\classfile\systemDictionary.cpp, line 256]
Event: 612.321 Thread 0x000002a6f0740bc0 Exception <a 'java/lang/ClassNotFoundException'{0x000000008feb2978}: org/jetbrains/kotlin/gradle/targets/js/npm/DefaultDevNpmDependencyExtensionBeanInfo> (0x000000008feb2978) 
thrown [s\open\src\hotspot\share\classfile\systemDictionary.cpp, line 256]
Event: 612.323 Thread 0x000002a6f0740bc0 Exception <a 'java/lang/ClassNotFoundException'{0x000000008febcdb8}: org/jetbrains/kotlin/gradle/targets/js/npm/DefaultDevNpmDependencyExtensionCustomizer> (0x000000008febcdb8) 
thrown [s\open\src\hotspot\share\classfile\systemDictionary.cpp, line 256]
Event: 612.326 Thread 0x000002a6f0740bc0 Exception <a 'java/lang/ClassNotFoundException'{0x000000008fef3460}: org/jetbrains/kotlin/gradle/targets/js/npm/DefaultPeerNpmDependencyExtensionBeanInfo> (0x000000008fef3460) 
thrown [s\open\src\hotspot\share\classfile\systemDictionary.cpp, line 256]
Event: 612.327 Thread 0x000002a6f0740bc0 Exception <a 'java/lang/ClassNotFoundException'{0x000000008fefd8a8}: org/jetbrains/kotlin/gradle/targets/js/npm/DefaultPeerNpmDependencyExtensionCustomizer> (0x000000008fefd8a8) 
thrown [s\open\src\hotspot\share\classfile\systemDictionary.cpp, line 256]
Event: 612.331 Thread 0x000002a6f0740bc0 Exception <a 'java/lang/ClassNotFoundException'{0x000000008fd3a910}: org/jetbrains/kotlin/gradle/targets/js/npm/DefaultPeerNpmDependencyExtension$delegate$1BeanInfo> (0x000000008fd3a910) 
thrown [s\open\src\hotspot\share\classfile\systemDictionary.cpp, line 256]
Event: 612.331 Thread 0x000002a6f0740bc0 Exception <a 'java/lang/ClassNotFoundException'{0x000000008fd44f60}: org/jetbrains/kotlin/gradle/targets/js/npm/DefaultPeerNpmDependencyExtension$delegate$1Customizer> (0x000000008fd44f60) 
thrown [s\open\src\hotspot\share\classfile\systemDictionary.cpp, line 256]
Event: 612.342 Thread 0x000002a6f0740bc0 Exception <a 'java/lang/ClassNotFoundException'{0x000000008fdadc00}: build_3t3q8ontt6nz5mg40hejdemz3$_run_closure1BeanInfo> (0x000000008fdadc00) 
thrown [s\open\src\hotspot\share\classfile\systemDictionary.cpp, line 256]
Event: 612.342 Thread 0x000002a6f0740bc0 Exception <a 'java/lang/ClassNotFoundException'{0x000000008fdb5220}: build_3t3q8ontt6nz5mg40hejdemz3$_run_closure1Customizer> (0x000000008fdb5220) 
thrown [s\open\src\hotspot\share\classfile\systemDictionary.cpp, line 256]
Event: 612.599 Thread 0x000002a6f0740bc0 Exception <a 'java/lang/ClassNotFoundException'{0x000000008fdfaca0}: com/android/build/gradle/internal/dsl/NdkOptions_DecoratedBeanInfo> (0x000000008fdfaca0) 
thrown [s\open\src\hotspot\share\classfile\systemDictionary.cpp, line 256]
Event: 612.600 Thread 0x000002a6f0740bc0 Exception <a 'java/lang/ClassNotFoundException'{0x000000008fc09bb8}: com/android/build/gradle/internal/dsl/NdkOptionsBeanInfo> (0x000000008fc09bb8) 
thrown [s\open\src\hotspot\share\classfile\systemDictionary.cpp, line 256]
Event: 612.601 Thread 0x000002a6f0740bc0 Exception <a 'java/lang/ClassNotFoundException'{0x000000008fc178d0}: com/android/build/gradle/internal/dsl/NdkOptionsCustomizer> (0x000000008fc178d0) 
thrown [s\open\src\hotspot\share\classfile\systemDictionary.cpp, line 256]
Event: 612.602 Thread 0x000002a6f0740bc0 Exception <a 'java/lang/ClassNotFoundException'{0x000000008fc38eb0}: com/android/build/gradle/internal/dsl/NdkOptions_DecoratedCustomizer> (0x000000008fc38eb0) 
thrown [s\open\src\hotspot\share\classfile\systemDictionary.cpp, line 256]
Event: 612.817 Thread 0x000002a6f0740bc0 Exception <a 'java/lang/ClassNotFoundException'{0x000000008fb7cc50}: org/jetbrains/kotlin/gradle/plugin/sources/DefaultKotlinSourceSetBeanInfo> (0x000000008fb7cc50) 
thrown [s\open\src\hotspot\share\classfile\systemDictionary.cpp, line 256]
Event: 612.817 Thread 0x000002a6f0740bc0 Exception <a 'java/lang/ClassNotFoundException'{0x000000008fb896f0}: org/jetbrains/kotlin/gradle/plugin/sources/DefaultKotlinSourceSetCustomizer> (0x000000008fb896f0) 
thrown [s\open\src\hotspot\share\classfile\systemDictionary.cpp, line 256]
Event: 613.496 Thread 0x000002a6f0740bc0 Exception <a 'java/lang/NoClassDefFoundError'{0x0000000091833570}: org/jetbrains/kotlin/gradle/plugin/KotlinBasePluginWrapper> (0x0000000091833570) 
thrown [s\open\src\hotspot\share\oops\constantPool.cpp, line 835]

VM Operations (20 events):
Event: 602.038 Executing VM operation: Cleanup done
Event: 603.046 Executing VM operation: Cleanup
Event: 603.046 Executing VM operation: Cleanup done
Event: 604.054 Executing VM operation: Cleanup
Event: 604.054 Executing VM operation: Cleanup done
Event: 607.083 Executing VM operation: Cleanup
Event: 607.083 Executing VM operation: Cleanup done
Event: 609.095 Executing VM operation: Cleanup
Event: 609.095 Executing VM operation: Cleanup done
Event: 609.390 Executing VM operation: G1CollectForAllocation
Event: 609.410 Executing VM operation: G1CollectForAllocation done
Event: 610.025 Executing VM operation: HandshakeAllThreads
Event: 610.025 Executing VM operation: HandshakeAllThreads done
Event: 611.028 Executing VM operation: Cleanup
Event: 611.121 Executing VM operation: Cleanup done
Event: 612.127 Executing VM operation: Cleanup
Event: 612.127 Executing VM operation: Cleanup done
Event: 612.858 Executing VM operation: G1CollectForAllocation
Event: 612.875 Executing VM operation: G1CollectForAllocation done
Event: 613.611 Executing VM operation: G1Concurrent

Events (20 events):
Event: 573.956 loading class java/io/PrintStreamCustomizer
Event: 573.956 loading class java/io/PrintStreamCustomizer done
Event: 573.956 loading class java/io/PrintStreamCustomizer
Event: 573.956 loading class java/io/PrintStreamCustomizer done
Event: 574.460 Thread 0x000002a6f3e51940 Thread added: 0x000002a6f3e51940
Event: 575.247 Thread 0x000002a6f3e51940 Thread exited: 0x000002a6f3e51940
Event: 601.797 Thread 0x000002a6f3e51430 Thread added: 0x000002a6f3e51430
Event: 602.420 Thread 0x000002a6f3e51430 Thread exited: 0x000002a6f3e51430
Event: 606.509 Thread 0x000002a6f3e56a40 Thread added: 0x000002a6f3e56a40
Event: 606.788 Thread 0x000002a6f3e56a40 Thread exited: 0x000002a6f3e56a40
Event: 608.822 Thread 0x000002a6f32b8870 Thread added: 0x000002a6f32b8870
Event: 610.030 Thread 0x000002a6ef43b710 flushing nmethod 0x000002a6e0bd0f90
Event: 610.034 Thread 0x000002a6ef43b710 flushing nmethod 0x000002a6d8cae610
Event: 610.035 Thread 0x000002a6ef43b710 flushing nmethod 0x000002a6d8e0d190
Event: 610.037 Thread 0x000002a6ef43b710 flushing nmethod 0x000002a6d9119790
Event: 610.040 Thread 0x000002a6ef43b710 flushing nmethod 0x000002a6d9405610
Event: 610.040 Thread 0x000002a6ef43b710 flushing nmethod 0x000002a6d9437b10
Event: 610.049 Thread 0x000002a6ef43b710 flushing nmethod 0x000002a6da0e2790
Event: 610.050 Thread 0x000002a6ef43b710 flushing nmethod 0x000002a6da17cf90
Event: 610.050 Thread 0x000002a6ef43b710 flushing nmethod 0x000002a6da187110


Dynamic libraries:
0x00007ff741ea0000 - 0x00007ff741eb0000 	C:\Program Files\Java\jdk-17\bin\java.exe
0x00007ff98b110000 - 0x00007ff98b308000 	C:\Windows\SYSTEM32\ntdll.dll
0x00007ff98afb0000 - 0x00007ff98b06f000 	C:\Windows\System32\KERNEL32.DLL
0x00007ff988920000 - 0x00007ff988c16000 	C:\Windows\System32\KERNELBASE.dll
0x00007ff988cf0000 - 0x00007ff988df0000 	C:\Windows\System32\ucrtbase.dll
0x00007ff96a450000 - 0x00007ff96a469000 	C:\Program Files\Java\jdk-17\bin\jli.dll
0x00007ff98aa90000 - 0x00007ff98ab3f000 	C:\Windows\System32\ADVAPI32.dll
0x00007ff989c10000 - 0x00007ff989cae000 	C:\Windows\System32\msvcrt.dll
0x00007ff989670000 - 0x00007ff98970c000 	C:\Windows\System32\sechost.dll
0x00007ff9892c0000 - 0x00007ff9893e6000 	C:\Windows\System32\RPCRT4.dll
0x00007ff98ad00000 - 0x00007ff98ae9d000 	C:\Windows\System32\USER32.dll
0x00007ff9887f0000 - 0x00007ff988812000 	C:\Windows\System32\win32u.dll
0x00007ff989770000 - 0x00007ff98979c000 	C:\Windows\System32\GDI32.dll
0x00007ff988ef0000 - 0x00007ff989005000 	C:\Windows\System32\gdi32full.dll
0x00007ff988c20000 - 0x00007ff988cbd000 	C:\Windows\System32\msvcp_win.dll
0x00007ff96a3e0000 - 0x00007ff96a3fb000 	C:\Program Files\Java\jdk-17\bin\VCRUNTIME140.dll
0x00007ff96a030000 - 0x00007ff96a2ca000 	C:\Windows\WinSxS\amd64_microsoft.windows.common-controls_6595b64144ccf1df_6.0.19041.1110_none_60b5254171f9507e\COMCTL32.dll
0x00007ff97fd30000 - 0x00007ff97fd3a000 	C:\Windows\SYSTEM32\VERSION.dll
0x00007ff989800000 - 0x00007ff989830000 	C:\Windows\System32\IMM32.DLL
0x00007ff96d690000 - 0x00007ff96d69c000 	C:\Program Files\Java\jdk-17\bin\vcruntime140_1.dll
0x00007ff94add0000 - 0x00007ff94ae5e000 	C:\Program Files\Java\jdk-17\bin\msvcp140.dll
0x00007ff8ecad0000 - 0x00007ff8ed6ad000 	C:\Program Files\Java\jdk-17\bin\server\jvm.dll
0x00007ff98acf0000 - 0x00007ff98acf8000 	C:\Windows\System32\PSAPI.DLL
0x00007ff976eb0000 - 0x00007ff976eb9000 	C:\Windows\SYSTEM32\WSOCK32.dll
0x00007ff989840000 - 0x00007ff9898ab000 	C:\Windows\System32\WS2_32.dll
0x00007ff96b200000 - 0x00007ff96b227000 	C:\Windows\SYSTEM32\WINMM.dll
0x00007ff987030000 - 0x00007ff987042000 	C:\Windows\SYSTEM32\kernel.appcore.dll
0x00007ff96d370000 - 0x00007ff96d37a000 	C:\Program Files\Java\jdk-17\bin\jimage.dll
0x00007ff983400000 - 0x00007ff9835e4000 	C:\Windows\SYSTEM32\DBGHELP.DLL
0x00007ff976e70000 - 0x00007ff976ea4000 	C:\Windows\SYSTEM32\dbgcore.DLL
0x00007ff988df0000 - 0x00007ff988e72000 	C:\Windows\System32\bcryptPrimitives.dll
0x00007ff95fb70000 - 0x00007ff95fb95000 	C:\Program Files\Java\jdk-17\bin\java.dll
0x00007ff9377a0000 - 0x00007ff937877000 	C:\Program Files\Java\jdk-17\bin\jsvml.dll
0x00007ff989e60000 - 0x00007ff98a5a4000 	C:\Windows\System32\SHELL32.dll
0x00007ff986880000 - 0x00007ff987014000 	C:\Windows\SYSTEM32\windows.storage.dll
0x00007ff9898b0000 - 0x00007ff989c04000 	C:\Windows\System32\combase.dll
0x00007ff988160000 - 0x00007ff98818e000 	C:\Windows\SYSTEM32\Wldp.dll
0x00007ff9893f0000 - 0x00007ff98949d000 	C:\Windows\System32\SHCORE.dll
0x00007ff9897a0000 - 0x00007ff9897f5000 	C:\Windows\System32\shlwapi.dll
0x00007ff988720000 - 0x00007ff988745000 	C:\Windows\SYSTEM32\profapi.dll
0x00007ff963fa0000 - 0x00007ff963fb9000 	C:\Program Files\Java\jdk-17\bin\net.dll
0x00007ff97dd10000 - 0x00007ff97de1a000 	C:\Windows\SYSTEM32\WINHTTP.dll
0x00007ff987ec0000 - 0x00007ff987f2a000 	C:\Windows\system32\mswsock.dll
0x00007ff95eb90000 - 0x00007ff95eba6000 	C:\Program Files\Java\jdk-17\bin\nio.dll
0x00007ff95da40000 - 0x00007ff95da58000 	C:\Program Files\Java\jdk-17\bin\zip.dll
0x00007ff97a410000 - 0x00007ff97a420000 	C:\Program Files\Java\jdk-17\bin\verify.dll
0x00007ff96ace0000 - 0x00007ff96ad07000 	C:\Users\ss\.gradle\native\e1d6ef7f7dcc3fd88c89a11ec53ec762bb8ba0a96d01ffa2cd45eb1d1d8dd5c5\windows-amd64\native-platform.dll
0x00007ff93db10000 - 0x00007ff93dc54000 	C:\Users\ss\.gradle\native\5664cfc778a61ccfe75a443a1ab52a65af34e5dc3c78e0209fed803814484fcb\windows-amd64\native-platform-file-events.dll
0x00007ff96b330000 - 0x00007ff96b33a000 	C:\Program Files\Java\jdk-17\bin\management.dll
0x00007ff96ab90000 - 0x00007ff96ab9b000 	C:\Program Files\Java\jdk-17\bin\management_ext.dll
0x00007ff9880b0000 - 0x00007ff9880c8000 	C:\Windows\SYSTEM32\CRYPTSP.dll
0x00007ff9877e0000 - 0x00007ff987814000 	C:\Windows\system32\rsaenh.dll
0x00007ff988cc0000 - 0x00007ff988ce7000 	C:\Windows\System32\bcrypt.dll
0x00007ff9886e0000 - 0x00007ff98870e000 	C:\Windows\SYSTEM32\USERENV.dll
0x00007ff9880d0000 - 0x00007ff9880dc000 	C:\Windows\SYSTEM32\CRYPTBASE.dll
0x00007ff987bb0000 - 0x00007ff987bec000 	C:\Windows\SYSTEM32\IPHLPAPI.DLL
0x00007ff989830000 - 0x00007ff989838000 	C:\Windows\System32\NSI.dll
0x00007ff97e1a0000 - 0x00007ff97e1b7000 	C:\Windows\SYSTEM32\dhcpcsvc6.DLL
0x00007ff97efb0000 - 0x00007ff97efcd000 	C:\Windows\SYSTEM32\dhcpcsvc.DLL
0x00007ff987bf0000 - 0x00007ff987cba000 	C:\Windows\SYSTEM32\DNSAPI.dll
0x00007ff96a9d0000 - 0x00007ff96a9dd000 	C:\Program Files\Java\jdk-17\bin\sunmscapi.dll
0x00007ff989010000 - 0x00007ff98916e000 	C:\Windows\System32\CRYPT32.dll
0x00007ff9881d0000 - 0x00007ff9881f8000 	C:\Windows\SYSTEM32\ncrypt.dll
0x00007ff988190000 - 0x00007ff9881cb000 	C:\Windows\SYSTEM32\NTASN1.dll
0x00007ff96a710000 - 0x00007ff96a717000 	C:\Windows\system32\wshunix.dll

dbghelp: loaded successfully - version: 4.0.5 - missing functions: none
symbol engine: initialized successfully - sym options: 0x614 - pdb path: .;C:\Program Files\Java\jdk-17\bin;C:\Windows\SYSTEM32;C:\Windows\WinSxS\amd64_microsoft.windows.common-controls_6595b64144ccf1df_6.0.19041.1110_none_60b5254171f9507e;C:\Program Files\Java\jdk-17\bin\server;C:\Users\ss\.gradle\native\e1d6ef7f7dcc3fd88c89a11ec53ec762bb8ba0a96d01ffa2cd45eb1d1d8dd5c5\windows-amd64;C:\Users\ss\.gradle\native\5664cfc778a61ccfe75a443a1ab52a65af34e5dc3c78e0209fed803814484fcb\windows-amd64

VM Arguments:
jvm_args: -XX:MaxMetaspaceSize=512m --add-opens=java.base/java.util=ALL-UNNAMED --add-opens=java.base/java.lang=ALL-UNNAMED --add-opens=java.base/java.lang.invoke=ALL-UNNAMED --add-opens=java.base/java.util=ALL-UNNAMED --add-opens=java.prefs/java.util.prefs=ALL-UNNAMED --add-opens=java.prefs/java.util.prefs=ALL-UNNAMED --add-opens=java.base/java.nio.charset=ALL-UNNAMED --add-opens=java.base/java.net=ALL-UNNAMED --add-opens=java.base/java.util.concurrent.atomic=ALL-UNNAMED -Xmx2048m -Dfile.encoding=windows-1252 -Duser.country=IN -Duser.language=en -Duser.variant 
java_command: org.gradle.launcher.daemon.bootstrap.GradleDaemon 7.3.3
java_class_path (initial): C:\Users\ss\.gradle\wrapper\dists\gradle-7.3.3-all\4295vidhdd9hd3gbjyw1xqxpo\gradle-7.3.3\lib\gradle-launcher-7.3.3.jar
Launcher Type: SUN_STANDARD

[Global flags]
     intx CICompilerCount                          = 3                                         {product} {ergonomic}
   size_t CompressedClassSpaceSize                 = 432013312                                 {product} {ergonomic}
     uint ConcGCThreads                            = 1                                         {product} {ergonomic}
     uint G1ConcRefinementThreads                  = 4                                         {product} {ergonomic}
   size_t G1HeapRegionSize                         = 1048576                                   {product} {ergonomic}
    uintx GCDrainStackTargetSize                   = 64                                        {product} {ergonomic}
   size_t InitialHeapSize                          = 268435456                                 {product} {ergonomic}
   size_t MarkStackSize                            = 4194304                                   {product} {ergonomic}
   size_t MaxHeapSize                              = 2147483648                                {product} {command line}
   size_t MaxMetaspaceSize                         = 536870912                                 {product} {command line}
   size_t MaxNewSize                               = 1287651328                                {product} {ergonomic}
   size_t MinHeapDeltaBytes                        = 1048576                                   {product} {ergonomic}
   size_t MinHeapSize                              = 8388608                                   {product} {ergonomic}
    uintx NonNMethodCodeHeapSize                   = 5832780                                {pd product} {ergonomic}
    uintx NonProfiledCodeHeapSize                  = 122912730                              {pd product} {ergonomic}
    uintx ProfiledCodeHeapSize                     = 122912730                              {pd product} {ergonomic}
    uintx ReservedCodeCacheSize                    = 251658240                              {pd product} {ergonomic}
     bool SegmentedCodeCache                       = true                                      {product} {ergonomic}
   size_t SoftMaxHeapSize                          = 2147483648                             {manageable} {ergonomic}
     bool UseCompressedClassPointers               = true                           {product lp64_product} {ergonomic}
     bool UseCompressedOops                        = true                           {product lp64_product} {ergonomic}
     bool UseG1GC                                  = true                                      {product} {ergonomic}
     bool UseLargePagesIndividualAllocation        = false                                  {pd product} {ergonomic}

Logging:
Log output configuration:
 #0: stdout all=warning uptime,level,tags
 #1: stderr all=off uptime,level,tags

Environment Variables:
CLASSPATH=C:\Users\ss\Desktop\teachers-vision\android\\gradle\wrapper\gradle-wrapper.jar
PATH=C:\Users\ss\Desktop\teachers-vision\android\node_modules\.bin;C:\Users\ss\Desktop\teachers-vision\node_modules\.bin;C:\Users\ss\Desktop\node_modules\.bin;C:\Users\ss\node_modules\.bin;C:\Users\node_modules\.bin;C:\node_modules\.bin;C:\Program Files\nodejs;C:\Users\ss\Desktop\teachers-vision\node_modules\.bin;C:\Users\ss\Desktop\teachers-vision\node_modules\.bin;C:\Users\ss\Desktop\node_modules\.bin;C:\Users\ss\node_modules\.bin;C:\Users\node_modules\.bin;C:\node_modules\.bin;C:\Users\ss\AppData\Roaming\nvm\v16.16.0\node_modules\npm\node_modules\@npmcli\run-script\lib\node-gyp-bin;C:\Users\ss\Desktop\teachers-vision\node_modules\.bin;C:\Users\ss\Desktop\node_modules\.bin;C:\Users\ss\node_modules\.bin;C:\Users\node_modules\.bin;C:\node_modules\.bin;C:\Program Files\nodejs;C:\Users\ss\Desktop\teachers-vision\node_modules\.bin;C:\Users\ss\Desktop\teachers-vision\node_modules\.bin;C:\Users\ss\Desktop\node_modules\.bin;C:\Users\ss\node_modules\.bin;C:\Users\node_modules\.bin;C:\node_modules\.bin;C:\Users\ss\AppData\Roaming\nvm\v16.16.0\node_modules\npm\node_modules\@npmcli\run-script\lib\node-gyp-bin;C:\Program Files\Common Files\Oracle\Java\javapath;C:\Program Files (x86)\Common Files\Oracle\Java\javapath;C:\Program Files\Microsoft\jdk-11.0.18.10-hotspot\bin;C:\Program Files\Microsoft MPI\Bin\;C:\Windows\system32;C:\Windows;C:\Windows\System32\Wbem;C:\Windows\System32\WindowsPowerShell\v1.0\;C:\Windows\System32\OpenSSH\;C:\ProgramData\chocolatey\bin;C:\Users\ss\AppData\Local\Android\Sdk\platform-tools;C:\Program Files\Git\cmd;C:\Program Files\Microsoft SQL Server\150\Tools\Binn\;C:\Program Files (x86)\Microsoft SQL Server\160\Tools\Binn\;C:\Program Files\Microsoft SQL Server\160\Tools\Binn\;C:\Program Files\Microsoft SQL Server\Client SDK\ODBC\170\Tools\Binn\;C:\Program Files\Microsoft SQL Server\160\DTS\Binn\;C:\Program Files\dotnet\;C:\Program Files (x86)\dotnet\;C:\Program Files (x86)\Microsoft SQL Server\160\DTS\Binn\;C:\Program Files (x86)\Microsoft SQL Server\150
USERNAME=ss
LANG=en_US.UTF-8
OS=Windows_NT
PROCESSOR_IDENTIFIER=Intel64 Family 6 Model 142 Stepping 9, GenuineIntel



---------------  S Y S T E M  ---------------

OS:
 Windows 10 , 64 bit Build 19041 (10.0.19041.3155)
OS uptime: 3 days 3:45 hours

CPU: total 4 (initial active 4) (2 cores per cpu, 2 threads per core) family 6 model 142 stepping 9 microcode 0xb4, cx8, cmov, fxsr, ht, mmx, 3dnowpref, sse, sse2, sse3, ssse3, sse4.1, sse4.2, popcnt, lzcnt, tsc, tscinvbit, avx, avx2, aes, erms, clmul, bmi1, bmi2, adx, fma, vzeroupper, clflush, clflushopt

Memory: 4k page, system-wide physical 16263M (553M free)
TotalPageFile size 27084M (AvailPageFile size 63M)
current process WorkingSet (physical memory assigned to process): 539M, peak: 551M
current process commit charge ("private bytes"): 599M, peak: 680M

vm_info: Java HotSpot(TM) 64-Bit Server VM (17.0.7+8-LTS-224) for windows-amd64 JRE (17.0.7+8-LTS-224), built on Feb 28 2023 23:03:02 by "mach5one" with MS VC++ 17.1 (VS2022)

END.
