#
# There is insufficient memory for the Java Runtime Environment to continue.
# Native memory allocation (malloc) failed to allocate 32744 bytes for ChunkPool::allocate
# Possible reasons:
#   The system is out of physical RAM or swap space
#   The process is running with CompressedOops enabled, and the Java Heap may be blocking the growth of the native heap
# Possible solutions:
#   Reduce memory load on the system
#   Increase physical memory or swap space
#   Check if swap backing store is full
#   Decrease Java heap size (-Xmx/-Xms)
#   Decrease number of Java threads
#   Decrease Java thread stack sizes (-Xss)
#   Set larger code cache with -XX:ReservedCodeCacheSize=
#   JVM is running with Unscaled Compressed Oops mode in which the Java heap is
#     placed in the first 4GB address space. The Java Heap base address is the
#     maximum limit for the native heap growth. Please use -XX:HeapBaseMinAddress
#     to set the Java Heap base and to place the Java Heap above 4GB virtual address.
# This output file may be truncated or incomplete.
#
#  Out of Memory Error (arena.cpp:78), pid=21908, tid=12904
#
# JRE version: Java(TM) SE Runtime Environment (17.0.7+8) (build 17.0.7+8-LTS-224)
# Java VM: Java HotSpot(TM) 64-Bit Server VM (17.0.7+8-LTS-224, mixed mode, sharing, tiered, compressed oops, compressed class ptrs, g1 gc, windows-amd64)
# No core dump will be written. Minidumps are not enabled by default on client versions of Windows
#

---------------  S U M M A R Y ------------

Command Line: -Xmx64m -Xms64m -Dorg.gradle.appname=gradlew org.gradle.wrapper.GradleWrapperMain app:installDebug -PreactNativeDevServerPort=8081

Host: Intel(R) Core(TM) i5-7200U CPU @ 2.50GHz, 4 cores, 15G,  Windows 10 , 64 bit Build 19041 (10.0.19041.3155)
Time: Fri Sep  1 14:00:13 2023 India Standard Time elapsed time: 1297.317002 seconds (0d 0h 21m 37s)

---------------  T H R E A D  ---------------

Current thread (0x000001f4742e3e50):  JavaThread "C2 CompilerThread0" daemon [_thread_in_native, id=12904, stack(0x0000009a82300000,0x0000009a82400000)]


Current CompileTask:
C2:1297317 1873       4       org.gradle.internal.logging.sink.GroupingProgressLogEventGenerator::onUpdateNow (54 bytes)

Stack: [0x0000009a82300000,0x0000009a82400000]
Native frames: (J=compiled Java code, j=interpreted, Vv=VM code, C=native code)
V  [jvm.dll+0x676a4a]
V  [jvm.dll+0x7d74f4]
V  [jvm.dll+0x7d8c9e]
V  [jvm.dll+0x7d9303]
V  [jvm.dll+0x2452c5]
V  [jvm.dll+0xaac80]
V  [jvm.dll+0xaafcc]
V  [jvm.dll+0x653b05]
V  [jvm.dll+0x653a24]
V  [jvm.dll+0x35e65f]
V  [jvm.dll+0x2cffbc]
V  [jvm.dll+0x63d481]
V  [jvm.dll+0x11100c]
V  [jvm.dll+0x33bc3a]
V  [jvm.dll+0x692796]
V  [jvm.dll+0x691a92]
V  [jvm.dll+0x68cf3b]
V  [jvm.dll+0x687016]
V  [jvm.dll+0x686660]
V  [jvm.dll+0x68456a]
V  [jvm.dll+0x1a67fc]
V  [jvm.dll+0x1a738b]
V  [jvm.dll+0x2a9e5c]
V  [jvm.dll+0x68f043]
V  [jvm.dll+0x687016]
V  [jvm.dll+0x686660]
V  [jvm.dll+0x68456a]
V  [jvm.dll+0x1a67fc]
V  [jvm.dll+0x1a738b]
V  [jvm.dll+0x1a738b]
V  [jvm.dll+0x1a72c9]
V  [jvm.dll+0x2a9e5c]
V  [jvm.dll+0x68f043]
V  [jvm.dll+0x687016]
V  [jvm.dll+0x686660]
V  [jvm.dll+0x68456a]
V  [jvm.dll+0x1a67fc]
V  [jvm.dll+0x216ab8]
V  [jvm.dll+0x1a35e0]
V  [jvm.dll+0x226a6e]
V  [jvm.dll+0x224e15]
V  [jvm.dll+0x78d05c]
V  [jvm.dll+0x78759a]
V  [jvm.dll+0x675875]
C  [ucrtbase.dll+0x21bb2]
C  [KERNEL32.DLL+0x17614]
C  [ntdll.dll+0x526b1]


---------------  P R O C E S S  ---------------

Threads class SMR info:
_java_thread_list=0x000001f4759fcf40, length=13, elements={
0x000001f46a414e00, 0x000001f46a4e79e0, 0x000001f46a4e8850, 0x000001f4742ddd80,
0x000001f4742df940, 0x000001f4742e2300, 0x000001f4742e2cb0, 0x000001f4742e3e50,
0x000001f47434a3a0, 0x000001f47434e160, 0x000001f4743aa010, 0x000001f4743aeb90,
0x000001f474ff1f40
}

Java Threads: ( => current thread )
  0x000001f46a414e00 JavaThread "main" [_thread_in_native, id=19608, stack(0x0000009a81600000,0x0000009a81700000)]
  0x000001f46a4e79e0 JavaThread "Reference Handler" daemon [_thread_blocked, id=16792, stack(0x0000009a81d00000,0x0000009a81e00000)]
  0x000001f46a4e8850 JavaThread "Finalizer" daemon [_thread_blocked, id=3288, stack(0x0000009a81e00000,0x0000009a81f00000)]
  0x000001f4742ddd80 JavaThread "Signal Dispatcher" daemon [_thread_blocked, id=11580, stack(0x0000009a81f00000,0x0000009a82000000)]
  0x000001f4742df940 JavaThread "Attach Listener" daemon [_thread_blocked, id=16616, stack(0x0000009a82000000,0x0000009a82100000)]
  0x000001f4742e2300 JavaThread "Service Thread" daemon [_thread_blocked, id=8284, stack(0x0000009a82100000,0x0000009a82200000)]
  0x000001f4742e2cb0 JavaThread "Monitor Deflation Thread" daemon [_thread_blocked, id=18116, stack(0x0000009a82200000,0x0000009a82300000)]
=>0x000001f4742e3e50 JavaThread "C2 CompilerThread0" daemon [_thread_in_native, id=12904, stack(0x0000009a82300000,0x0000009a82400000)]
  0x000001f47434a3a0 JavaThread "C1 CompilerThread0" daemon [_thread_blocked, id=7176, stack(0x0000009a82400000,0x0000009a82500000)]
  0x000001f47434e160 JavaThread "Sweeper thread" daemon [_thread_blocked, id=20620, stack(0x0000009a82500000,0x0000009a82600000)]
  0x000001f4743aa010 JavaThread "Notification Thread" daemon [_thread_blocked, id=3340, stack(0x0000009a82600000,0x0000009a82700000)]
  0x000001f4743aeb90 JavaThread "Common-Cleaner" daemon [_thread_blocked, id=18192, stack(0x0000009a82800000,0x0000009a82900000)]
  0x000001f474ff1f40 JavaThread "pool-1-thread-1" [_thread_blocked, id=18056, stack(0x0000009a82c00000,0x0000009a82d00000)]

Other Threads:
  0x000001f46a4dfd60 VMThread "VM Thread" [stack: 0x0000009a81c00000,0x0000009a81d00000] [id=1376]
  0x000001f4743ac4f0 WatcherThread [stack: 0x0000009a82700000,0x0000009a82800000] [id=6676]
  0x000001f46a435bc0 GCTaskThread "GC Thread#0" [stack: 0x0000009a81700000,0x0000009a81800000] [id=10008]
  0x000001f474ff65e0 GCTaskThread "GC Thread#1" [stack: 0x0000009a82900000,0x0000009a82a00000] [id=11388]
  0x000001f47526fb20 GCTaskThread "GC Thread#2" [stack: 0x0000009a82a00000,0x0000009a82b00000] [id=8332]
  0x000001f4750fd450 GCTaskThread "GC Thread#3" [stack: 0x0000009a82b00000,0x0000009a82c00000] [id=16312]
  0x000001f46a437300 ConcurrentGCThread "G1 Main Marker" [stack: 0x0000009a81800000,0x0000009a81900000] [id=15952]
  0x000001f46a437d10 ConcurrentGCThread "G1 Conc#0" [stack: 0x0000009a81900000,0x0000009a81a00000] [id=3676]
  0x000001f46a483860 ConcurrentGCThread "G1 Refine#0" [stack: 0x0000009a81a00000,0x0000009a81b00000] [id=16568]
  0x000001f46a484280 ConcurrentGCThread "G1 Service" [stack: 0x0000009a81b00000,0x0000009a81c00000] [id=22180]

Threads with active compile tasks:
C2 CompilerThread0  1297383 1873       4       org.gradle.internal.logging.sink.GroupingProgressLogEventGenerator::onUpdateNow (54 bytes)

VM state: not at safepoint (normal execution)

VM Mutex/Monitor currently owned by a thread: None

Heap address: 0x00000000fc000000, size: 64 MB, Compressed Oops mode: 32-bit

CDS archive(s) mapped at: [0x0000000800000000-0x0000000800bd0000-0x0000000800bd0000), size 12386304, SharedBaseAddress: 0x0000000800000000, ArchiveRelocationMode: 0.
Compressed class space mapped at: 0x0000000800c00000-0x0000000840c00000, reserved size: 1073741824
Narrow klass base: 0x0000000800000000, Narrow klass shift: 0, Narrow klass range: 0x100000000

GC Precious Log:
 CPUs: 4 total, 4 available
 Memory: 16263M
 Large Page Support: Disabled
 NUMA Support: Disabled
 Compressed Oops: Enabled (32-bit)
 Heap Region Size: 1M
 Heap Min Capacity: 64M
 Heap Initial Capacity: 64M
 Heap Max Capacity: 64M
 Pre-touch: Disabled
 Parallel Workers: 4
 Concurrent Workers: 1
 Concurrent Refinement Workers: 4
 Periodic GC: Disabled

Heap:
 garbage-first heap   total 65536K, used 14069K [0x00000000fc000000, 0x0000000100000000)
  region size 1024K, 5 young (5120K), 2 survivors (2048K)
 Metaspace       used 9409K, committed 9600K, reserved 1064960K
  class space    used 1206K, committed 1280K, reserved 1048576K

Heap Regions: E=young(eden), S=young(survivor), O=old, HS=humongous(starts), HC=humongous(continues), CS=collection set, F=free, OA=open archive, CA=closed archive, TAMS=top-at-mark-start (previous, next)
|   0|0x00000000fc000000, 0x00000000fc100000, 0x00000000fc100000|100%|HS|  |TAMS 0x00000000fc000000, 0x00000000fc000000| Complete 
|   1|0x00000000fc100000, 0x00000000fc200000, 0x00000000fc200000|100%|HC|  |TAMS 0x00000000fc100000, 0x00000000fc100000| Complete 
|   2|0x00000000fc200000, 0x00000000fc300000, 0x00000000fc300000|100%|HC|  |TAMS 0x00000000fc200000, 0x00000000fc200000| Complete 
|   3|0x00000000fc300000, 0x00000000fc400000, 0x00000000fc400000|100%| O|  |TAMS 0x00000000fc300000, 0x00000000fc300000| Untracked 
|   4|0x00000000fc400000, 0x00000000fc500000, 0x00000000fc500000|100%| O|  |TAMS 0x00000000fc400000, 0x00000000fc400000| Untracked 
|   5|0x00000000fc500000, 0x00000000fc600000, 0x00000000fc600000|100%| O|  |TAMS 0x00000000fc500000, 0x00000000fc500000| Untracked 
|   6|0x00000000fc600000, 0x00000000fc700000, 0x00000000fc700000|100%| O|  |TAMS 0x00000000fc600000, 0x00000000fc600000| Untracked 
|   7|0x00000000fc700000, 0x00000000fc800000, 0x00000000fc800000|100%| O|  |TAMS 0x00000000fc700000, 0x00000000fc700000| Untracked 
|   8|0x00000000fc800000, 0x00000000fc900000, 0x00000000fc900000|100%| O|  |TAMS 0x00000000fc800000, 0x00000000fc800000| Untracked 
|   9|0x00000000fc900000, 0x00000000fc9bd600, 0x00000000fca00000| 73%| O|  |TAMS 0x00000000fc900000, 0x00000000fc900000| Untracked 
|  10|0x00000000fca00000, 0x00000000fca00000, 0x00000000fcb00000|  0%| F|  |TAMS 0x00000000fca00000, 0x00000000fca00000| Untracked 
|  11|0x00000000fcb00000, 0x00000000fcb00000, 0x00000000fcc00000|  0%| F|  |TAMS 0x00000000fcb00000, 0x00000000fcb00000| Untracked 
|  12|0x00000000fcc00000, 0x00000000fcc00000, 0x00000000fcd00000|  0%| F|  |TAMS 0x00000000fcc00000, 0x00000000fcc00000| Untracked 
|  13|0x00000000fcd00000, 0x00000000fcd00000, 0x00000000fce00000|  0%| F|  |TAMS 0x00000000fcd00000, 0x00000000fcd00000| Untracked 
|  14|0x00000000fce00000, 0x00000000fce00000, 0x00000000fcf00000|  0%| F|  |TAMS 0x00000000fce00000, 0x00000000fce00000| Untracked 
|  15|0x00000000fcf00000, 0x00000000fcf00000, 0x00000000fd000000|  0%| F|  |TAMS 0x00000000fcf00000, 0x00000000fcf00000| Untracked 
|  16|0x00000000fd000000, 0x00000000fd000000, 0x00000000fd100000|  0%| F|  |TAMS 0x00000000fd000000, 0x00000000fd000000| Untracked 
|  17|0x00000000fd100000, 0x00000000fd100000, 0x00000000fd200000|  0%| F|  |TAMS 0x00000000fd100000, 0x00000000fd100000| Untracked 
|  18|0x00000000fd200000, 0x00000000fd200000, 0x00000000fd300000|  0%| F|  |TAMS 0x00000000fd200000, 0x00000000fd200000| Untracked 
|  19|0x00000000fd300000, 0x00000000fd300000, 0x00000000fd400000|  0%| F|  |TAMS 0x00000000fd300000, 0x00000000fd300000| Untracked 
|  20|0x00000000fd400000, 0x00000000fd400000, 0x00000000fd500000|  0%| F|  |TAMS 0x00000000fd400000, 0x00000000fd400000| Untracked 
|  21|0x00000000fd500000, 0x00000000fd500000, 0x00000000fd600000|  0%| F|  |TAMS 0x00000000fd500000, 0x00000000fd500000| Untracked 
|  22|0x00000000fd600000, 0x00000000fd600000, 0x00000000fd700000|  0%| F|  |TAMS 0x00000000fd600000, 0x00000000fd600000| Untracked 
|  23|0x00000000fd700000, 0x00000000fd700000, 0x00000000fd800000|  0%| F|  |TAMS 0x00000000fd700000, 0x00000000fd700000| Untracked 
|  24|0x00000000fd800000, 0x00000000fd800000, 0x00000000fd900000|  0%| F|  |TAMS 0x00000000fd800000, 0x00000000fd800000| Untracked 
|  25|0x00000000fd900000, 0x00000000fd900000, 0x00000000fda00000|  0%| F|  |TAMS 0x00000000fd900000, 0x00000000fd900000| Untracked 
|  26|0x00000000fda00000, 0x00000000fda00000, 0x00000000fdb00000|  0%| F|  |TAMS 0x00000000fda00000, 0x00000000fda00000| Untracked 
|  27|0x00000000fdb00000, 0x00000000fdb00000, 0x00000000fdc00000|  0%| F|  |TAMS 0x00000000fdb00000, 0x00000000fdb00000| Untracked 
|  28|0x00000000fdc00000, 0x00000000fdc00000, 0x00000000fdd00000|  0%| F|  |TAMS 0x00000000fdc00000, 0x00000000fdc00000| Untracked 
|  29|0x00000000fdd00000, 0x00000000fdd00000, 0x00000000fde00000|  0%| F|  |TAMS 0x00000000fdd00000, 0x00000000fdd00000| Untracked 
|  30|0x00000000fde00000, 0x00000000fde00000, 0x00000000fdf00000|  0%| F|  |TAMS 0x00000000fde00000, 0x00000000fde00000| Untracked 
|  31|0x00000000fdf00000, 0x00000000fdf00000, 0x00000000fe000000|  0%| F|  |TAMS 0x00000000fdf00000, 0x00000000fdf00000| Untracked 
|  32|0x00000000fe000000, 0x00000000fe000000, 0x00000000fe100000|  0%| F|  |TAMS 0x00000000fe000000, 0x00000000fe000000| Untracked 
|  33|0x00000000fe100000, 0x00000000fe100000, 0x00000000fe200000|  0%| F|  |TAMS 0x00000000fe100000, 0x00000000fe100000| Untracked 
|  34|0x00000000fe200000, 0x00000000fe200000, 0x00000000fe300000|  0%| F|  |TAMS 0x00000000fe200000, 0x00000000fe200000| Untracked 
|  35|0x00000000fe300000, 0x00000000fe300000, 0x00000000fe400000|  0%| F|  |TAMS 0x00000000fe300000, 0x00000000fe300000| Untracked 
|  36|0x00000000fe400000, 0x00000000fe400000, 0x00000000fe500000|  0%| F|  |TAMS 0x00000000fe400000, 0x00000000fe400000| Untracked 
|  37|0x00000000fe500000, 0x00000000fe500000, 0x00000000fe600000|  0%| F|  |TAMS 0x00000000fe500000, 0x00000000fe500000| Untracked 
|  38|0x00000000fe600000, 0x00000000fe600000, 0x00000000fe700000|  0%| F|  |TAMS 0x00000000fe600000, 0x00000000fe600000| Untracked 
|  39|0x00000000fe700000, 0x00000000fe800000, 0x00000000fe800000|100%| S|CS|TAMS 0x00000000fe700000, 0x00000000fe700000| Complete 
|  40|0x00000000fe800000, 0x00000000fe900000, 0x00000000fe900000|100%| S|CS|TAMS 0x00000000fe800000, 0x00000000fe800000| Complete 
|  41|0x00000000fe900000, 0x00000000fe900000, 0x00000000fea00000|  0%| F|  |TAMS 0x00000000fe900000, 0x00000000fe900000| Untracked 
|  42|0x00000000fea00000, 0x00000000fea00000, 0x00000000feb00000|  0%| F|  |TAMS 0x00000000fea00000, 0x00000000fea00000| Untracked 
|  43|0x00000000feb00000, 0x00000000feb00000, 0x00000000fec00000|  0%| F|  |TAMS 0x00000000feb00000, 0x00000000feb00000| Untracked 
|  44|0x00000000fec00000, 0x00000000fec00000, 0x00000000fed00000|  0%| F|  |TAMS 0x00000000fec00000, 0x00000000fec00000| Untracked 
|  45|0x00000000fed00000, 0x00000000fed00000, 0x00000000fee00000|  0%| F|  |TAMS 0x00000000fed00000, 0x00000000fed00000| Untracked 
|  46|0x00000000fee00000, 0x00000000fee00000, 0x00000000fef00000|  0%| F|  |TAMS 0x00000000fee00000, 0x00000000fee00000| Untracked 
|  47|0x00000000fef00000, 0x00000000fef00000, 0x00000000ff000000|  0%| F|  |TAMS 0x00000000fef00000, 0x00000000fef00000| Untracked 
|  48|0x00000000ff000000, 0x00000000ff000000, 0x00000000ff100000|  0%| F|  |TAMS 0x00000000ff000000, 0x00000000ff000000| Untracked 
|  49|0x00000000ff100000, 0x00000000ff100000, 0x00000000ff200000|  0%| F|  |TAMS 0x00000000ff100000, 0x00000000ff100000| Untracked 
|  50|0x00000000ff200000, 0x00000000ff200000, 0x00000000ff300000|  0%| F|  |TAMS 0x00000000ff200000, 0x00000000ff200000| Untracked 
|  51|0x00000000ff300000, 0x00000000ff300000, 0x00000000ff400000|  0%| F|  |TAMS 0x00000000ff300000, 0x00000000ff300000| Untracked 
|  52|0x00000000ff400000, 0x00000000ff400000, 0x00000000ff500000|  0%| F|  |TAMS 0x00000000ff400000, 0x00000000ff400000| Untracked 
|  53|0x00000000ff500000, 0x00000000ff500000, 0x00000000ff600000|  0%| F|  |TAMS 0x00000000ff500000, 0x00000000ff500000| Untracked 
|  54|0x00000000ff600000, 0x00000000ff600000, 0x00000000ff700000|  0%| F|  |TAMS 0x00000000ff600000, 0x00000000ff600000| Untracked 
|  55|0x00000000ff700000, 0x00000000ff700000, 0x00000000ff800000|  0%| F|  |TAMS 0x00000000ff700000, 0x00000000ff700000| Untracked 
|  56|0x00000000ff800000, 0x00000000ff800000, 0x00000000ff900000|  0%| F|  |TAMS 0x00000000ff800000, 0x00000000ff800000| Untracked 
|  57|0x00000000ff900000, 0x00000000ff900000, 0x00000000ffa00000|  0%| F|  |TAMS 0x00000000ff900000, 0x00000000ff900000| Untracked 
|  58|0x00000000ffa00000, 0x00000000ffa00000, 0x00000000ffb00000|  0%| F|  |TAMS 0x00000000ffa00000, 0x00000000ffa00000| Untracked 
|  59|0x00000000ffb00000, 0x00000000ffb00000, 0x00000000ffc00000|  0%| F|  |TAMS 0x00000000ffb00000, 0x00000000ffb00000| Untracked 
|  60|0x00000000ffc00000, 0x00000000ffc00000, 0x00000000ffd00000|  0%| F|  |TAMS 0x00000000ffc00000, 0x00000000ffc00000| Untracked 
|  61|0x00000000ffd00000, 0x00000000ffd75350, 0x00000000ffe00000| 45%| E|  |TAMS 0x00000000ffd00000, 0x00000000ffd00000| Complete 
|  62|0x00000000ffe00000, 0x00000000fff00000, 0x00000000fff00000|100%| E|CS|TAMS 0x00000000ffe00000, 0x00000000ffe00000| Complete 
|  63|0x00000000fff00000, 0x0000000100000000, 0x0000000100000000|100%| E|CS|TAMS 0x00000000fff00000, 0x00000000fff00000| Complete 

Card table byte_map: [0x000001f46a250000,0x000001f46a270000] _byte_map_base: 0x000001f469a70000

Marking Bits (Prev, Next): (CMBitMap*) 0x000001f46a4361d0, (CMBitMap*) 0x000001f46a436210
 Prev Bits: [0x000001f46a290000, 0x000001f46a390000)
 Next Bits: [0x000001f471ca0000, 0x000001f471da0000)

Polling page: 0x000001f4685c0000

Metaspace:

Usage:
  Non-class:      8.01 MB used.
      Class:      1.18 MB used.
       Both:      9.19 MB used.

Virtual space:
  Non-class space:       16.00 MB reserved,       8.12 MB ( 51%) committed,  2 nodes.
      Class space:        1.00 GB reserved,       1.25 MB ( <1%) committed,  1 nodes.
             Both:        1.02 GB reserved,       9.38 MB ( <1%) committed. 

Chunk freelists:
   Non-Class:  2.97 MB
       Class:  2.58 MB
        Both:  5.55 MB

MaxMetaspaceSize: unlimited
CompressedClassSpaceSize: 1.00 GB
Initial GC threshold: 21.00 MB
Current GC threshold: 21.00 MB
CDS: on
MetaspaceReclaimPolicy: balanced
 - commit_granule_bytes: 65536.
 - commit_granule_words: 8192.
 - virtual_space_node_default_size: 1048576.
 - enlarge_chunks_in_place: 1.
 - new_chunks_are_fully_committed: 0.
 - uncommit_free_chunks: 1.
 - use_allocation_guard: 0.
 - handle_deallocations: 1.


Internal statistics:

num_allocs_failed_limit: 0.
num_arena_births: 90.
num_arena_deaths: 0.
num_vsnodes_births: 3.
num_vsnodes_deaths: 0.
num_space_committed: 150.
num_space_uncommitted: 0.
num_chunks_returned_to_freelist: 0.
num_chunks_taken_from_freelist: 331.
num_chunk_merges: 0.
num_chunk_splits: 215.
num_chunks_enlarged: 174.
num_purges: 0.
num_inconsistent_stats: 0.

CodeHeap 'non-profiled nmethods': size=120000Kb used=840Kb max_used=840Kb free=119159Kb
 bounds [0x000001f407ad0000, 0x000001f407d40000, 0x000001f40f000000]
CodeHeap 'profiled nmethods': size=120000Kb used=3596Kb max_used=3596Kb free=116403Kb
 bounds [0x000001f400000000, 0x000001f400390000, 0x000001f407530000]
CodeHeap 'non-nmethods': size=5760Kb used=1175Kb max_used=1229Kb free=4584Kb
 bounds [0x000001f407530000, 0x000001f4077a0000, 0x000001f407ad0000]
 total_blobs=2346 nmethods=1871 adapters=388
 compilation: enabled
              stopped_count=0, restarted_count=0
 full_count=0

Compilation events (20 events):
Event: 1071.704 Thread 0x000001f4742e3e50 nmethod 1862 0x000001f407b9de90 code [0x000001f407b9e040, 0x000001f407b9e838]
Event: 1071.932 Thread 0x000001f4742e3e50 1863  s    4       java.lang.Throwable::fillInStackTrace (29 bytes)
Event: 1071.934 Thread 0x000001f4742e3e50 nmethod 1863 0x000001f407b9ec10 code [0x000001f407b9eda0, 0x000001f407b9f148]
Event: 1072.019 Thread 0x000001f4742e3e50 1864       4       org.gradle.internal.logging.text.AbstractStyledTextOutput::doStyleChange (1 bytes)
Event: 1072.019 Thread 0x000001f4742e3e50 nmethod 1864 0x000001f407b9f210 code [0x000001f407b9f380, 0x000001f407b9f3f8]
Event: 1072.023 Thread 0x000001f4742e3e50 1865       4       java.nio.ByteBuffer::position (8 bytes)
Event: 1072.024 Thread 0x000001f4742e3e50 nmethod 1865 0x000001f407b9f510 code [0x000001f407b9f680, 0x000001f407b9f758]
Event: 1088.302 Thread 0x000001f4742e3e50 1866       4       java.util.LinkedHashMap::values (25 bytes)
Event: 1088.304 Thread 0x000001f4742e3e50 nmethod 1866 0x000001f407b9f890 code [0x000001f407b9fa20, 0x000001f407b9fbf8]
Event: 1088.599 Thread 0x000001f4742e3e50 1867       4       java.util.LinkedHashMap$LinkedValues::iterator (12 bytes)
Event: 1088.601 Thread 0x000001f4742e3e50 nmethod 1867 0x000001f407b9fc90 code [0x000001f407b9fe20, 0x000001f407b9fff8]
Event: 1089.829 Thread 0x000001f4742e3e50 1868       4       java.util.ArrayList$Itr::next (66 bytes)
Event: 1089.831 Thread 0x000001f4742e3e50 nmethod 1868 0x000001f407ba0110 code [0x000001f407ba02a0, 0x000001f407ba03f8]
Event: 1166.303 Thread 0x000001f4742e3e50 1870       4       java.nio.CharBuffer::arrayOffset (35 bytes)
Event: 1166.303 Thread 0x000001f4742e3e50 nmethod 1870 0x000001f407ba0990 code [0x000001f407ba0b00, 0x000001f407ba0bb8]
Event: 1251.905 Thread 0x000001f4742e3e50 1871       4       java.util.HashMap::afterNodeRemoval (1 bytes)
Event: 1251.905 Thread 0x000001f4742e3e50 nmethod 1871 0x000001f407ba0c90 code [0x000001f407ba0e00, 0x000001f407ba0e78]
Event: 1273.749 Thread 0x000001f4742e3e50 1872       4       org.gradle.internal.serialize.DefaultSerializerRegistry$TaggedTypeSerializer::read (69 bytes)
Event: 1273.760 Thread 0x000001f4742e3e50 nmethod 1872 0x000001f407ba0f90 code [0x000001f407ba1180, 0x000001f407ba1a40]
Event: 1297.307 Thread 0x000001f4742e3e50 1873       4       org.gradle.internal.logging.sink.GroupingProgressLogEventGenerator::onUpdateNow (54 bytes)

GC Heap History (6 events):
Event: 5.671 GC heap before
{Heap before GC invocations=0 (full 0):
 garbage-first heap   total 65536K, used 15360K [0x00000000fc000000, 0x0000000100000000)
  region size 1024K, 13 young (13312K), 0 survivors (0K)
 Metaspace       used 2034K, committed 2176K, reserved 1056768K
  class space    used 198K, committed 256K, reserved 1048576K
}
Event: 5.865 GC heap after
{Heap after GC invocations=1 (full 0):
 garbage-first heap   total 65536K, used 3448K [0x00000000fc000000, 0x0000000100000000)
  region size 1024K, 2 young (2048K), 2 survivors (2048K)
 Metaspace       used 2034K, committed 2176K, reserved 1056768K
  class space    used 198K, committed 256K, reserved 1048576K
}
Event: 8.944 GC heap before
{Heap before GC invocations=1 (full 0):
 garbage-first heap   total 65536K, used 20856K [0x00000000fc000000, 0x0000000100000000)
  region size 1024K, 17 young (17408K), 2 survivors (2048K)
 Metaspace       used 5579K, committed 5760K, reserved 1056768K
  class space    used 774K, committed 832K, reserved 1048576K
}
Event: 8.947 GC heap after
{Heap after GC invocations=2 (full 0):
 garbage-first heap   total 65536K, used 10240K [0x00000000fc000000, 0x0000000100000000)
  region size 1024K, 3 young (3072K), 3 survivors (3072K)
 Metaspace       used 5579K, committed 5760K, reserved 1056768K
  class space    used 774K, committed 832K, reserved 1048576K
}
Event: 1120.099 GC heap before
{Heap before GC invocations=2 (full 0):
 garbage-first heap   total 65536K, used 30720K [0x00000000fc000000, 0x0000000100000000)
  region size 1024K, 23 young (23552K), 3 survivors (3072K)
 Metaspace       used 9409K, committed 9600K, reserved 1064960K
  class space    used 1206K, committed 1280K, reserved 1048576K
}
Event: 1120.114 GC heap after
{Heap after GC invocations=3 (full 0):
 garbage-first heap   total 65536K, used 12021K [0x00000000fc000000, 0x0000000100000000)
  region size 1024K, 2 young (2048K), 2 survivors (2048K)
 Metaspace       used 9409K, committed 9600K, reserved 1064960K
  class space    used 1206K, committed 1280K, reserved 1048576K
}

Deoptimization events (20 events):
Event: 613.658 Thread 0x000001f474ff1f40 Uncommon trap: trap_request=0xffffff45 fr.pc=0x000001f407b6edec relative=0x000000000000048c
Event: 613.658 Thread 0x000001f474ff1f40 Uncommon trap: reason=unstable_if action=reinterpret pc=0x000001f407b6edec method=org.gradle.internal.logging.sink.GroupingProgressLogEventGenerator$OperationGroup.maybeFlushOutput(J)V @ 26 c2
Event: 613.658 Thread 0x000001f474ff1f40 DEOPT PACKING pc=0x000001f407b6edec sp=0x0000009a82cfef00
Event: 613.658 Thread 0x000001f474ff1f40 DEOPT UNPACKING pc=0x000001f4075823a3 sp=0x0000009a82cfee50 mode 2
Event: 789.002 Thread 0x000001f474ff1f40 Uncommon trap: trap_request=0xffffffde fr.pc=0x000001f407b80d9c relative=0x00000000000024bc
Event: 789.002 Thread 0x000001f474ff1f40 Uncommon trap: reason=class_check action=maybe_recompile pc=0x000001f407b80d9c method=org.gradle.internal.logging.sink.GroupingProgressLogEventGenerator.onOutput(Lorg/gradle/internal/logging/events/OutputEvent;)V @ 27 c2
Event: 789.002 Thread 0x000001f474ff1f40 DEOPT PACKING pc=0x000001f407b80d9c sp=0x0000009a82cff1b0
Event: 789.002 Thread 0x000001f474ff1f40 DEOPT UNPACKING pc=0x000001f4075823a3 sp=0x0000009a82cfee70 mode 2
Event: 853.352 Thread 0x000001f474ff1f40 Uncommon trap: trap_request=0xffffffde fr.pc=0x000001f407b80d9c relative=0x00000000000024bc
Event: 853.352 Thread 0x000001f474ff1f40 Uncommon trap: reason=class_check action=maybe_recompile pc=0x000001f407b80d9c method=org.gradle.internal.logging.sink.GroupingProgressLogEventGenerator.onOutput(Lorg/gradle/internal/logging/events/OutputEvent;)V @ 27 c2
Event: 853.352 Thread 0x000001f474ff1f40 DEOPT PACKING pc=0x000001f407b80d9c sp=0x0000009a82cff1b0
Event: 853.352 Thread 0x000001f474ff1f40 DEOPT UNPACKING pc=0x000001f4075823a3 sp=0x0000009a82cfee70 mode 2
Event: 943.651 Thread 0x000001f474ff1f40 Uncommon trap: trap_request=0xffffff45 fr.pc=0x000001f407b87250 relative=0x0000000000000550
Event: 943.651 Thread 0x000001f474ff1f40 Uncommon trap: reason=unstable_if action=reinterpret pc=0x000001f407b87250 method=org.gradle.internal.logging.text.AbstractLineChoppingStyledTextOutput$2.execute(Lorg/gradle/internal/logging/text/AbstractLineChoppingStyledTextOutput$StateContext;)V @ 34 c
Event: 943.651 Thread 0x000001f474ff1f40 DEOPT PACKING pc=0x000001f407b87250 sp=0x0000009a82cfee50
Event: 943.651 Thread 0x000001f474ff1f40 DEOPT UNPACKING pc=0x000001f4075823a3 sp=0x0000009a82cfecd8 mode 2
Event: 1037.909 Thread 0x000001f474ff1f40 Uncommon trap: trap_request=0xffffff45 fr.pc=0x000001f407b80ae0 relative=0x0000000000002200
Event: 1037.909 Thread 0x000001f474ff1f40 Uncommon trap: reason=unstable_if action=reinterpret pc=0x000001f407b80ae0 method=org.gradle.internal.logging.sink.GroupingProgressLogEventGenerator$OperationGroup.shouldForward()Z @ 19 c2
Event: 1037.909 Thread 0x000001f474ff1f40 DEOPT PACKING pc=0x000001f407b80ae0 sp=0x0000009a82cff1b0
Event: 1037.909 Thread 0x000001f474ff1f40 DEOPT UNPACKING pc=0x000001f4075823a3 sp=0x0000009a82cfecb8 mode 2

Classes unloaded (0 events):
No events

Classes redefined (0 events):
No events

Internal exceptions (20 events):
Event: 1287.429 Thread 0x000001f474ff1f40 Exception <a 'java/io/IOException'{0x00000000ffd59ff8}> (0x00000000ffd59ff8) 
thrown [s\open\src\hotspot\share\prims\jni.cpp, line 516]
Event: 1287.429 Thread 0x000001f474ff1f40 Exception <a 'java/io/IOException'{0x00000000ffd5a5b0}> (0x00000000ffd5a5b0) 
thrown [s\open\src\hotspot\share\prims\jni.cpp, line 516]
Event: 1287.429 Thread 0x000001f474ff1f40 Exception <a 'java/io/IOException'{0x00000000ffd5af80}> (0x00000000ffd5af80) 
thrown [s\open\src\hotspot\share\prims\jni.cpp, line 516]
Event: 1287.429 Thread 0x000001f474ff1f40 Exception <a 'java/io/IOException'{0x00000000ffd5b538}> (0x00000000ffd5b538) 
thrown [s\open\src\hotspot\share\prims\jni.cpp, line 516]
Event: 1287.429 Thread 0x000001f474ff1f40 Exception <a 'java/io/IOException'{0x00000000ffd5b908}> (0x00000000ffd5b908) 
thrown [s\open\src\hotspot\share\prims\jni.cpp, line 516]
Event: 1287.432 Thread 0x000001f474ff1f40 Exception <a 'java/io/IOException'{0x00000000ffd5bec0}> (0x00000000ffd5bec0) 
thrown [s\open\src\hotspot\share\prims\jni.cpp, line 516]
Event: 1287.432 Thread 0x000001f474ff1f40 Exception <a 'java/io/IOException'{0x00000000ffd5c280}> (0x00000000ffd5c280) 
thrown [s\open\src\hotspot\share\prims\jni.cpp, line 516]
Event: 1287.432 Thread 0x000001f474ff1f40 Exception <a 'java/io/IOException'{0x00000000ffd5c838}> (0x00000000ffd5c838) 
thrown [s\open\src\hotspot\share\prims\jni.cpp, line 516]
Event: 1287.432 Thread 0x000001f474ff1f40 Exception <a 'java/io/IOException'{0x00000000ffd5d310}> (0x00000000ffd5d310) 
thrown [s\open\src\hotspot\share\prims\jni.cpp, line 516]
Event: 1287.432 Thread 0x000001f474ff1f40 Exception <a 'java/io/IOException'{0x00000000ffd5d8c8}> (0x00000000ffd5d8c8) 
thrown [s\open\src\hotspot\share\prims\jni.cpp, line 516]
Event: 1287.432 Thread 0x000001f474ff1f40 Exception <a 'java/io/IOException'{0x00000000ffd5dc98}> (0x00000000ffd5dc98) 
thrown [s\open\src\hotspot\share\prims\jni.cpp, line 516]
Event: 1287.432 Thread 0x000001f474ff1f40 Exception <a 'java/io/IOException'{0x00000000ffd5e250}> (0x00000000ffd5e250) 
thrown [s\open\src\hotspot\share\prims\jni.cpp, line 516]
Event: 1287.432 Thread 0x000001f474ff1f40 Exception <a 'java/io/IOException'{0x00000000ffd5e610}> (0x00000000ffd5e610) 
thrown [s\open\src\hotspot\share\prims\jni.cpp, line 516]
Event: 1287.432 Thread 0x000001f474ff1f40 Exception <a 'java/io/IOException'{0x00000000ffd5ebc8}> (0x00000000ffd5ebc8) 
thrown [s\open\src\hotspot\share\prims\jni.cpp, line 516]
Event: 1287.432 Thread 0x000001f474ff1f40 Exception <a 'java/io/IOException'{0x00000000ffd5f5b8}> (0x00000000ffd5f5b8) 
thrown [s\open\src\hotspot\share\prims\jni.cpp, line 516]
Event: 1287.432 Thread 0x000001f474ff1f40 Exception <a 'java/io/IOException'{0x00000000ffd5fb70}> (0x00000000ffd5fb70) 
thrown [s\open\src\hotspot\share\prims\jni.cpp, line 516]
Event: 1287.433 Thread 0x000001f474ff1f40 Exception <a 'java/io/IOException'{0x00000000ffd5ff40}> (0x00000000ffd5ff40) 
thrown [s\open\src\hotspot\share\prims\jni.cpp, line 516]
Event: 1287.433 Thread 0x000001f474ff1f40 Exception <a 'java/io/IOException'{0x00000000ffd604f8}> (0x00000000ffd604f8) 
thrown [s\open\src\hotspot\share\prims\jni.cpp, line 516]
Event: 1287.433 Thread 0x000001f474ff1f40 Exception <a 'java/io/IOException'{0x00000000ffd608b8}> (0x00000000ffd608b8) 
thrown [s\open\src\hotspot\share\prims\jni.cpp, line 516]
Event: 1287.433 Thread 0x000001f474ff1f40 Exception <a 'java/io/IOException'{0x00000000ffd60e70}> (0x00000000ffd60e70) 
thrown [s\open\src\hotspot\share\prims\jni.cpp, line 516]

VM Operations (20 events):
Event: 1026.283 Executing VM operation: Cleanup
Event: 1026.283 Executing VM operation: Cleanup done
Event: 1036.328 Executing VM operation: Cleanup
Event: 1036.328 Executing VM operation: Cleanup done
Event: 1045.415 Executing VM operation: Cleanup
Event: 1045.415 Executing VM operation: Cleanup done
Event: 1048.443 Executing VM operation: Cleanup
Event: 1048.443 Executing VM operation: Cleanup done
Event: 1071.661 Executing VM operation: Cleanup
Event: 1071.661 Executing VM operation: Cleanup done
Event: 1072.670 Executing VM operation: Cleanup
Event: 1072.670 Executing VM operation: Cleanup done
Event: 1088.816 Executing VM operation: Cleanup
Event: 1088.816 Executing VM operation: Cleanup done
Event: 1090.827 Executing VM operation: Cleanup
Event: 1090.827 Executing VM operation: Cleanup done
Event: 1120.099 Executing VM operation: G1CollectForAllocation
Event: 1120.115 Executing VM operation: G1CollectForAllocation done
Event: 1274.274 Executing VM operation: Cleanup
Event: 1274.274 Executing VM operation: Cleanup done

Events (20 events):
Event: 611.463 loading class jdk/internal/logger/LazyLoggers$LazyLoggerFactories
Event: 611.463 loading class jdk/internal/logger/LazyLoggers$LazyLoggerFactories done
Event: 611.463 loading class jdk/internal/logger/LoggerFinderLoader
Event: 611.463 loading class jdk/internal/logger/LoggerFinderLoader done
Event: 611.464 loading class sun/util/logging/internal/LoggingProviderImpl$JULWrapper
Event: 611.465 loading class sun/util/logging/PlatformLogger$ConfigurableBridge$LoggerConfiguration
Event: 611.465 loading class sun/util/logging/PlatformLogger$ConfigurableBridge$LoggerConfiguration done
Event: 611.465 loading class sun/util/logging/internal/LoggingProviderImpl$JULWrapper done
Event: 611.465 loading class java/io/ObjectInputFilter
Event: 611.465 loading class java/io/ObjectInputFilter done
Event: 611.466 loading class java/io/ObjectInputFilter$Config$BuiltinFilterFactory
Event: 611.466 loading class java/io/ObjectInputFilter$Config$BuiltinFilterFactory done
Event: 611.466 loading class jdk/internal/access/JavaObjectInputFilterAccess
Event: 611.466 loading class jdk/internal/access/JavaObjectInputFilterAccess done
Event: 611.467 loading class java/lang/System$Logger$Level
Event: 611.467 loading class java/lang/System$Logger$Level done
Event: 611.467 loading class java/io/Bits
Event: 611.467 loading class java/io/Bits done
Event: 617.676 loading class jdk/internal/misc/ScopedMemoryAccess$Scope
Event: 617.676 loading class jdk/internal/misc/ScopedMemoryAccess$Scope done


Dynamic libraries:
0x00007ff734340000 - 0x00007ff734350000 	C:\Program Files\Java\jdk-17\bin\java.exe
0x00007ffa9d590000 - 0x00007ffa9d788000 	C:\Windows\SYSTEM32\ntdll.dll
0x00007ffa9b7a0000 - 0x00007ffa9b85f000 	C:\Windows\System32\KERNEL32.DLL
0x00007ffa9ad10000 - 0x00007ffa9b006000 	C:\Windows\System32\KERNELBASE.dll
0x00007ffa9b010000 - 0x00007ffa9b110000 	C:\Windows\System32\ucrtbase.dll
0x00007ffa7cd30000 - 0x00007ffa7cd49000 	C:\Program Files\Java\jdk-17\bin\jli.dll
0x00007ffa9bcb0000 - 0x00007ffa9bd5f000 	C:\Windows\System32\ADVAPI32.dll
0x00007ffa9bd90000 - 0x00007ffa9be2e000 	C:\Windows\System32\msvcrt.dll
0x00007ffa9bc10000 - 0x00007ffa9bcac000 	C:\Windows\System32\sechost.dll
0x00007ffa9d3c0000 - 0x00007ffa9d4e6000 	C:\Windows\System32\RPCRT4.dll
0x00007ffa9b600000 - 0x00007ffa9b79d000 	C:\Windows\System32\USER32.dll
0x00007ffa9b3c0000 - 0x00007ffa9b3e2000 	C:\Windows\System32\win32u.dll
0x00007ffa9bd60000 - 0x00007ffa9bd8c000 	C:\Windows\System32\GDI32.dll
0x00007ffa9b160000 - 0x00007ffa9b275000 	C:\Windows\System32\gdi32full.dll
0x00007ffa9b3f0000 - 0x00007ffa9b48d000 	C:\Windows\System32\msvcp_win.dll
0x00007ffa772c0000 - 0x00007ffa772db000 	C:\Program Files\Java\jdk-17\bin\VCRUNTIME140.dll
0x00007ffa77020000 - 0x00007ffa772ba000 	C:\Windows\WinSxS\amd64_microsoft.windows.common-controls_6595b64144ccf1df_6.0.19041.1110_none_60b5254171f9507e\COMCTL32.dll
0x00007ffa921b0000 - 0x00007ffa921ba000 	C:\Windows\SYSTEM32\VERSION.dll
0x00007ffa9c500000 - 0x00007ffa9c530000 	C:\Windows\System32\IMM32.DLL
0x00007ffa8bbd0000 - 0x00007ffa8bbdc000 	C:\Program Files\Java\jdk-17\bin\vcruntime140_1.dll
0x00007ffa57b90000 - 0x00007ffa57c1e000 	C:\Program Files\Java\jdk-17\bin\msvcp140.dll
0x00007ffa28ca0000 - 0x00007ffa2987d000 	C:\Program Files\Java\jdk-17\bin\server\jvm.dll
0x00007ffa9b5f0000 - 0x00007ffa9b5f8000 	C:\Windows\System32\PSAPI.DLL
0x00007ffa8af90000 - 0x00007ffa8af99000 	C:\Windows\SYSTEM32\WSOCK32.dll
0x00007ffa9c890000 - 0x00007ffa9c8fb000 	C:\Windows\System32\WS2_32.dll
0x00007ffa6ffa0000 - 0x00007ffa6ffc7000 	C:\Windows\SYSTEM32\WINMM.dll
0x00007ffa99490000 - 0x00007ffa994a2000 	C:\Windows\SYSTEM32\kernel.appcore.dll
0x00007ffa817a0000 - 0x00007ffa817aa000 	C:\Program Files\Java\jdk-17\bin\jimage.dll
0x00007ffa95870000 - 0x00007ffa95a54000 	C:\Windows\SYSTEM32\DBGHELP.DLL
0x00007ffa89080000 - 0x00007ffa890b4000 	C:\Windows\SYSTEM32\dbgcore.DLL
0x00007ffa9b330000 - 0x00007ffa9b3b2000 	C:\Windows\System32\bcryptPrimitives.dll
0x00007ffa73c90000 - 0x00007ffa73cb5000 	C:\Program Files\Java\jdk-17\bin\java.dll
0x00007ffa2df30000 - 0x00007ffa2e007000 	C:\Program Files\Java\jdk-17\bin\jsvml.dll
0x00007ffa9ca90000 - 0x00007ffa9d1d4000 	C:\Windows\System32\SHELL32.dll
0x00007ffa98cf0000 - 0x00007ffa99483000 	C:\Windows\SYSTEM32\windows.storage.dll
0x00007ffa9c530000 - 0x00007ffa9c884000 	C:\Windows\System32\combase.dll
0x00007ffa9a5e0000 - 0x00007ffa9a60e000 	C:\Windows\SYSTEM32\Wldp.dll
0x00007ffa9c450000 - 0x00007ffa9c4fd000 	C:\Windows\System32\SHCORE.dll
0x00007ffa9d360000 - 0x00007ffa9d3b5000 	C:\Windows\System32\shlwapi.dll
0x00007ffa9aba0000 - 0x00007ffa9abc5000 	C:\Windows\SYSTEM32\profapi.dll
0x00007ffa76800000 - 0x00007ffa76819000 	C:\Program Files\Java\jdk-17\bin\net.dll
0x00007ffa8fc50000 - 0x00007ffa8fd5a000 	C:\Windows\SYSTEM32\WINHTTP.dll
0x00007ffa9a340000 - 0x00007ffa9a3aa000 	C:\Windows\system32\mswsock.dll
0x00007ffa76300000 - 0x00007ffa76316000 	C:\Program Files\Java\jdk-17\bin\nio.dll
0x00007ffa76100000 - 0x00007ffa76118000 	C:\Program Files\Java\jdk-17\bin\zip.dll
0x00007ffa93720000 - 0x00007ffa93730000 	C:\Program Files\Java\jdk-17\bin\verify.dll
0x00007ffa72610000 - 0x00007ffa72637000 	C:\Users\ss\.gradle\native\e1d6ef7f7dcc3fd88c89a11ec53ec762bb8ba0a96d01ffa2cd45eb1d1d8dd5c5\windows-amd64\native-platform.dll
0x00007ffa92ba0000 - 0x00007ffa92baa000 	C:\Program Files\Java\jdk-17\bin\management.dll
0x00007ffa8d980000 - 0x00007ffa8d98b000 	C:\Program Files\Java\jdk-17\bin\management_ext.dll
0x00007ffa9a530000 - 0x00007ffa9a548000 	C:\Windows\SYSTEM32\CRYPTSP.dll
0x00007ffa99c50000 - 0x00007ffa99c84000 	C:\Windows\system32\rsaenh.dll
0x00007ffa9ace0000 - 0x00007ffa9ad07000 	C:\Windows\System32\bcrypt.dll
0x00007ffa9ab60000 - 0x00007ffa9ab8e000 	C:\Windows\SYSTEM32\USERENV.dll
0x00007ffa9a550000 - 0x00007ffa9a55c000 	C:\Windows\SYSTEM32\CRYPTBASE.dll
0x00007ffa9a030000 - 0x00007ffa9a06b000 	C:\Windows\SYSTEM32\IPHLPAPI.DLL
0x00007ffa9be50000 - 0x00007ffa9be58000 	C:\Windows\System32\NSI.dll
0x00007ffa905d0000 - 0x00007ffa905e7000 	C:\Windows\SYSTEM32\dhcpcsvc6.DLL
0x00007ffa906e0000 - 0x00007ffa906fd000 	C:\Windows\SYSTEM32\dhcpcsvc.DLL
0x00007ffa9a070000 - 0x00007ffa9a13a000 	C:\Windows\SYSTEM32\DNSAPI.dll
0x00007ffa774e0000 - 0x00007ffa774ed000 	C:\Program Files\Java\jdk-17\bin\sunmscapi.dll
0x00007ffa9b490000 - 0x00007ffa9b5ee000 	C:\Windows\System32\CRYPT32.dll
0x00007ffa9a650000 - 0x00007ffa9a678000 	C:\Windows\SYSTEM32\ncrypt.dll
0x00007ffa9a610000 - 0x00007ffa9a64b000 	C:\Windows\SYSTEM32\NTASN1.dll
0x00007ffa81790000 - 0x00007ffa81797000 	C:\Windows\system32\wshunix.dll

dbghelp: loaded successfully - version: 4.0.5 - missing functions: none
symbol engine: initialized successfully - sym options: 0x614 - pdb path: .;C:\Program Files\Java\jdk-17\bin;C:\Windows\SYSTEM32;C:\Windows\WinSxS\amd64_microsoft.windows.common-controls_6595b64144ccf1df_6.0.19041.1110_none_60b5254171f9507e;C:\Program Files\Java\jdk-17\bin\server;C:\Users\ss\.gradle\native\e1d6ef7f7dcc3fd88c89a11ec53ec762bb8ba0a96d01ffa2cd45eb1d1d8dd5c5\windows-amd64

VM Arguments:
jvm_args: -Xmx64m -Xms64m -Dorg.gradle.appname=gradlew 
java_command: org.gradle.wrapper.GradleWrapperMain app:installDebug -PreactNativeDevServerPort=8081
java_class_path (initial): C:\\Users\\ss\\Desktop\\teachers-vision\\android\\\\gradle\\wrapper\\gradle-wrapper.jar
Launcher Type: SUN_STANDARD

[Global flags]
     intx CICompilerCount                          = 3                                         {product} {ergonomic}
     uint ConcGCThreads                            = 1                                         {product} {ergonomic}
     uint G1ConcRefinementThreads                  = 4                                         {product} {ergonomic}
   size_t G1HeapRegionSize                         = 1048576                                   {product} {ergonomic}
    uintx GCDrainStackTargetSize                   = 64                                        {product} {ergonomic}
   size_t InitialHeapSize                          = 67108864                                  {product} {command line}
   size_t MarkStackSize                            = 4194304                                   {product} {ergonomic}
   size_t MaxHeapSize                              = 67108864                                  {product} {command line}
   size_t MaxNewSize                               = 39845888                                  {product} {ergonomic}
   size_t MinHeapDeltaBytes                        = 1048576                                   {product} {ergonomic}
   size_t MinHeapSize                              = 67108864                                  {product} {command line}
    uintx NonNMethodCodeHeapSize                   = 5832780                                {pd product} {ergonomic}
    uintx NonProfiledCodeHeapSize                  = 122912730                              {pd product} {ergonomic}
    uintx ProfiledCodeHeapSize                     = 122912730                              {pd product} {ergonomic}
    uintx ReservedCodeCacheSize                    = 251658240                              {pd product} {ergonomic}
     bool SegmentedCodeCache                       = true                                      {product} {ergonomic}
   size_t SoftMaxHeapSize                          = 67108864                               {manageable} {ergonomic}
     bool UseCompressedClassPointers               = true                           {product lp64_product} {ergonomic}
     bool UseCompressedOops                        = true                           {product lp64_product} {ergonomic}
     bool UseG1GC                                  = true                                      {product} {ergonomic}
     bool UseLargePagesIndividualAllocation        = false                                  {pd product} {ergonomic}

Logging:
Log output configuration:
 #0: stdout all=warning uptime,level,tags
 #1: stderr all=off uptime,level,tags

Environment Variables:
CLASSPATH=C:\Users\ss\Desktop\teachers-vision\android\\gradle\wrapper\gradle-wrapper.jar
PATH=C:\Users\ss\Desktop\teachers-vision\android\node_modules\.bin;C:\Users\ss\Desktop\teachers-vision\node_modules\.bin;C:\Users\ss\Desktop\node_modules\.bin;C:\Users\ss\node_modules\.bin;C:\Users\node_modules\.bin;C:\node_modules\.bin;C:\Program Files\nodejs;C:\Users\ss\Desktop\teachers-vision\node_modules\.bin;C:\Users\ss\Desktop\teachers-vision\node_modules\.bin;C:\Users\ss\Desktop\node_modules\.bin;C:\Users\ss\node_modules\.bin;C:\Users\node_modules\.bin;C:\node_modules\.bin;C:\Users\ss\AppData\Roaming\nvm\v16.16.0\node_modules\npm\node_modules\@npmcli\run-script\lib\node-gyp-bin;C:\Users\ss\Desktop\teachers-vision\node_modules\.bin;C:\Users\ss\Desktop\node_modules\.bin;C:\Users\ss\node_modules\.bin;C:\Users\node_modules\.bin;C:\node_modules\.bin;C:\Program Files\nodejs;C:\Users\ss\Desktop\teachers-vision\node_modules\.bin;C:\Users\ss\Desktop\teachers-vision\node_modules\.bin;C:\Users\ss\Desktop\node_modules\.bin;C:\Users\ss\node_modules\.bin;C:\Users\node_modules\.bin;C:\node_modules\.bin;C:\Users\ss\AppData\Roaming\nvm\v16.16.0\node_modules\npm\node_modules\@npmcli\run-script\lib\node-gyp-bin;C:\Program Files\Common Files\Oracle\Java\javapath;C:\Program Files (x86)\Common Files\Oracle\Java\javapath;C:\Program Files\Microsoft\jdk-11.0.18.10-hotspot\bin;C:\Program Files\Microsoft MPI\Bin\;C:\Windows\system32;C:\Windows;C:\Windows\System32\Wbem;C:\Windows\System32\WindowsPowerShell\v1.0\;C:\Windows\System32\OpenSSH\;C:\ProgramData\chocolatey\bin;C:\Users\ss\AppData\Local\Android\Sdk\platform-tools;C:\Program Files\Git\cmd;C:\Program Files\Microsoft SQL Server\150\Tools\Binn\;C:\Program Files (x86)\Microsoft SQL Server\160\Tools\Binn\;C:\Program Files\Microsoft SQL Server\160\Tools\Binn\;C:\Program Files\Microsoft SQL Server\Client SDK\ODBC\170\Tools\Binn\;C:\Program Files\Microsoft SQL Server\160\DTS\Binn\;C:\Program Files\dotnet\;C:\Program Files (x86)\dotnet\;C:\Program Files (x86)\Microsoft SQL Server\160\DTS\Binn\;C:\Program Files (x86)\Microsoft SQL Server\150
USERNAME=ss
LANG=en_US.UTF-8
OS=Windows_NT
PROCESSOR_IDENTIFIER=Intel64 Family 6 Model 142 Stepping 9, GenuineIntel



---------------  S Y S T E M  ---------------

OS:
 Windows 10 , 64 bit Build 19041 (10.0.19041.3155)
OS uptime: 2 days 2:52 hours

CPU: total 4 (initial active 4) (2 cores per cpu, 2 threads per core) family 6 model 142 stepping 9 microcode 0xb4, cx8, cmov, fxsr, ht, mmx, 3dnowpref, sse, sse2, sse3, ssse3, sse4.1, sse4.2, popcnt, lzcnt, tsc, tscinvbit, avx, avx2, aes, erms, clmul, bmi1, bmi2, adx, fma, vzeroupper, clflush, clflushopt

Memory: 4k page, system-wide physical 16263M (761M free)
TotalPageFile size 22772M (AvailPageFile size 2M)
current process WorkingSet (physical memory assigned to process): 61M, peak: 87M
current process commit charge ("private bytes"): 155M, peak: 167M

vm_info: Java HotSpot(TM) 64-Bit Server VM (17.0.7+8-LTS-224) for windows-amd64 JRE (17.0.7+8-LTS-224), built on Feb 28 2023 23:03:02 by "mach5one" with MS VC++ 17.1 (VS2022)

END.
