#
# There is insufficient memory for the Java Runtime Environment to continue.
# Native memory allocation (malloc) failed to allocate 32744 bytes for ChunkPool::allocate
# Possible reasons:
#   The system is out of physical RAM or swap space
#   The process is running with CompressedOops enabled, and the Java Heap may be blocking the growth of the native heap
# Possible solutions:
#   Reduce memory load on the system
#   Increase physical memory or swap space
#   Check if swap backing store is full
#   Decrease Java heap size (-Xmx/-Xms)
#   Decrease number of Java threads
#   Decrease Java thread stack sizes (-Xss)
#   Set larger code cache with -XX:ReservedCodeCacheSize=
#   JVM is running with Unscaled Compressed Oops mode in which the Java heap is
#     placed in the first 4GB address space. The Java Heap base address is the
#     maximum limit for the native heap growth. Please use -XX:HeapBaseMinAddress
#     to set the Java Heap base and to place the Java Heap above 4GB virtual address.
# This output file may be truncated or incomplete.
#
#  Out of Memory Error (arena.cpp:78), pid=6812, tid=23052
#
# JRE version: Java(TM) SE Runtime Environment (17.0.7+8) (build 17.0.7+8-LTS-224)
# Java VM: Java HotSpot(TM) 64-Bit Server VM (17.0.7+8-LTS-224, mixed mode, sharing, tiered, compressed oops, compressed class ptrs, g1 gc, windows-amd64)
# No core dump will be written. Minidumps are not enabled by default on client versions of Windows
#

---------------  S U M M A R Y ------------

Command Line: -Xmx64m -Xms64m -Dorg.gradle.appname=gradlew org.gradle.wrapper.GradleWrapperMain app:installDebug -PreactNativeDevServerPort=8081

Host: Intel(R) Core(TM) i5-7200U CPU @ 2.50GHz, 4 cores, 15G,  Windows 10 , 64 bit Build 19041 (10.0.19041.3155)
Time: Mon Sep  4 17:20:58 2023 India Standard Time elapsed time: 178.640274 seconds (0d 0h 2m 58s)

---------------  T H R E A D  ---------------

Current thread (0x000001a9bd69a5b0):  JavaThread "C1 CompilerThread0" daemon [_thread_in_native, id=23052, stack(0x0000002c2c900000,0x0000002c2ca00000)]


Current CompileTask:
C1: 178640 1729       3       java.lang.invoke.MethodHandles$Lookup::in (283 bytes)

Stack: [0x0000002c2c900000,0x0000002c2ca00000]
Native frames: (J=compiled Java code, j=interpreted, Vv=VM code, C=native code)
V  [jvm.dll+0x676a4a]
V  [jvm.dll+0x7d74f4]
V  [jvm.dll+0x7d8c9e]
V  [jvm.dll+0x7d9303]
V  [jvm.dll+0x2452c5]
V  [jvm.dll+0xaac80]
V  [jvm.dll+0xaafcc]
V  [jvm.dll+0xb66ed]
V  [jvm.dll+0x15f142]
V  [jvm.dll+0x15d47e]
V  [jvm.dll+0x14b6c0]
V  [jvm.dll+0x134817]
V  [jvm.dll+0x1341af]
V  [jvm.dll+0x1343e8]
V  [jvm.dll+0x133881]
V  [jvm.dll+0x13552d]
V  [jvm.dll+0x226a6e]
V  [jvm.dll+0x224e15]
V  [jvm.dll+0x78d05c]
V  [jvm.dll+0x78759a]
V  [jvm.dll+0x675875]
C  [ucrtbase.dll+0x21bb2]
C  [KERNEL32.DLL+0x17614]
C  [ntdll.dll+0x526b1]


---------------  P R O C E S S  ---------------

Threads class SMR info:
_java_thread_list=0x000001a9be198c30, length=14, elements={
0x000001a9a2815380, 0x000001a9a28e8150, 0x000001a9a28e9d10, 0x000001a9bd62af80,
0x000001a9bd62bb30, 0x000001a9bd62e4f0, 0x000001a9bd62eea0, 0x000001a9bd632050,
0x000001a9bd69a5b0, 0x000001a9bd69bbc0, 0x000001a9be125470, 0x000001a9be127be0,
0x000001a9bd7044f0, 0x000001a9be3c8930
}

Java Threads: ( => current thread )
  0x000001a9a2815380 JavaThread "main" [_thread_blocked, id=22620, stack(0x0000002c2ba00000,0x0000002c2bb00000)]
  0x000001a9a28e8150 JavaThread "Reference Handler" daemon [_thread_blocked, id=24472, stack(0x0000002c2c200000,0x0000002c2c300000)]
  0x000001a9a28e9d10 JavaThread "Finalizer" daemon [_thread_blocked, id=4196, stack(0x0000002c2c300000,0x0000002c2c400000)]
  0x000001a9bd62af80 JavaThread "Signal Dispatcher" daemon [_thread_blocked, id=20440, stack(0x0000002c2c400000,0x0000002c2c500000)]
  0x000001a9bd62bb30 JavaThread "Attach Listener" daemon [_thread_blocked, id=16124, stack(0x0000002c2c500000,0x0000002c2c600000)]
  0x000001a9bd62e4f0 JavaThread "Service Thread" daemon [_thread_blocked, id=20240, stack(0x0000002c2c600000,0x0000002c2c700000)]
  0x000001a9bd62eea0 JavaThread "Monitor Deflation Thread" daemon [_thread_blocked, id=21768, stack(0x0000002c2c700000,0x0000002c2c800000)]
  0x000001a9bd632050 JavaThread "C2 CompilerThread0" daemon [_thread_in_native, id=12324, stack(0x0000002c2c800000,0x0000002c2c900000)]
=>0x000001a9bd69a5b0 JavaThread "C1 CompilerThread0" daemon [_thread_in_native, id=23052, stack(0x0000002c2c900000,0x0000002c2ca00000)]
  0x000001a9bd69bbc0 JavaThread "Sweeper thread" daemon [_thread_blocked, id=28368, stack(0x0000002c2ca00000,0x0000002c2cb00000)]
  0x000001a9be125470 JavaThread "Notification Thread" daemon [_thread_blocked, id=23268, stack(0x0000002c2cb00000,0x0000002c2cc00000)]
  0x000001a9be127be0 JavaThread "Common-Cleaner" daemon [_thread_blocked, id=28060, stack(0x0000002c2cd00000,0x0000002c2ce00000)]
  0x000001a9bd7044f0 JavaThread "DisconnectableInputStream source reader" daemon [_thread_in_native, id=21136, stack(0x0000002c2d400000,0x0000002c2d500000)]
  0x000001a9be3c8930 JavaThread "Logging-Cleaner" [_thread_new, id=19848, stack(0x0000000000000000,0x0000000000000000)]

Other Threads:
  0x000001a9a28e04e0 VMThread "VM Thread" [stack: 0x0000002c2c100000,0x0000002c2c200000] [id=14524]
  0x000001a9be125940 WatcherThread [stack: 0x0000002c2cc00000,0x0000002c2cd00000] [id=19196]
  0x000001a9a2835010 GCTaskThread "GC Thread#0" [stack: 0x0000002c2bc00000,0x0000002c2bd00000] [id=12592]
  0x000001a9be43bba0 GCTaskThread "GC Thread#1" [stack: 0x0000002c2ce00000,0x0000002c2cf00000] [id=25580]
  0x000001a9be5764d0 GCTaskThread "GC Thread#2" [stack: 0x0000002c2cf00000,0x0000002c2d000000] [id=17904]
  0x000001a9be43be50 GCTaskThread "GC Thread#3" [stack: 0x0000002c2d000000,0x0000002c2d100000] [id=14128]
  0x000001a9a2836750 ConcurrentGCThread "G1 Main Marker" [stack: 0x0000002c2bd00000,0x0000002c2be00000] [id=21628]
  0x000001a9a2837160 ConcurrentGCThread "G1 Conc#0" [stack: 0x0000002c2be00000,0x0000002c2bf00000] [id=27544]
  0x000001a9a2882c90 ConcurrentGCThread "G1 Refine#0" [stack: 0x0000002c2bf00000,0x0000002c2c000000] [id=19436]
  0x000001a9a28836b0 ConcurrentGCThread "G1 Service" [stack: 0x0000002c2c000000,0x0000002c2c100000] [id=8004]

Threads with active compile tasks:
C2 CompilerThread0   178677 1723       4       org.gradle.internal.logging.text.AbstractLineChoppingStyledTextOutput$1::execute (140 bytes)
C1 CompilerThread0   178677 1729       3       java.lang.invoke.MethodHandles$Lookup::in (283 bytes)

VM state: not at safepoint (normal execution)

VM Mutex/Monitor currently owned by a thread: None

Heap address: 0x00000000fc000000, size: 64 MB, Compressed Oops mode: 32-bit

CDS archive(s) mapped at: [0x0000000800000000-0x0000000800bd0000-0x0000000800bd0000), size 12386304, SharedBaseAddress: 0x0000000800000000, ArchiveRelocationMode: 0.
Compressed class space mapped at: 0x0000000800c00000-0x0000000840c00000, reserved size: 1073741824
Narrow klass base: 0x0000000800000000, Narrow klass shift: 0, Narrow klass range: 0x100000000

GC Precious Log:
 CPUs: 4 total, 4 available
 Memory: 16263M
 Large Page Support: Disabled
 NUMA Support: Disabled
 Compressed Oops: Enabled (32-bit)
 Heap Region Size: 1M
 Heap Min Capacity: 64M
 Heap Initial Capacity: 64M
 Heap Max Capacity: 64M
 Pre-touch: Disabled
 Parallel Workers: 4
 Concurrent Workers: 1
 Concurrent Refinement Workers: 4
 Periodic GC: Disabled

Heap:
 garbage-first heap   total 65536K, used 24175K [0x00000000fc000000, 0x0000000100000000)
  region size 1024K, 18 young (18432K), 3 survivors (3072K)
 Metaspace       used 9451K, committed 9664K, reserved 1064960K
  class space    used 1227K, committed 1280K, reserved 1048576K

Heap Regions: E=young(eden), S=young(survivor), O=old, HS=humongous(starts), HC=humongous(continues), CS=collection set, F=free, OA=open archive, CA=closed archive, TAMS=top-at-mark-start (previous, next)
|   0|0x00000000fc000000, 0x00000000fc100000, 0x00000000fc100000|100%|HS|  |TAMS 0x00000000fc000000, 0x00000000fc000000| Complete 
|   1|0x00000000fc100000, 0x00000000fc200000, 0x00000000fc200000|100%|HC|  |TAMS 0x00000000fc100000, 0x00000000fc100000| Complete 
|   2|0x00000000fc200000, 0x00000000fc300000, 0x00000000fc300000|100%|HC|  |TAMS 0x00000000fc200000, 0x00000000fc200000| Complete 
|   3|0x00000000fc300000, 0x00000000fc400000, 0x00000000fc400000|100%| O|  |TAMS 0x00000000fc300000, 0x00000000fc300000| Untracked 
|   4|0x00000000fc400000, 0x00000000fc500000, 0x00000000fc500000|100%| O|  |TAMS 0x00000000fc400000, 0x00000000fc400000| Untracked 
|   5|0x00000000fc500000, 0x00000000fc600000, 0x00000000fc600000|100%| O|  |TAMS 0x00000000fc500000, 0x00000000fc500000| Untracked 
|   6|0x00000000fc600000, 0x00000000fc69bc00, 0x00000000fc700000| 60%| O|  |TAMS 0x00000000fc600000, 0x00000000fc600000| Untracked 
|   7|0x00000000fc700000, 0x00000000fc700000, 0x00000000fc800000|  0%| F|  |TAMS 0x00000000fc700000, 0x00000000fc700000| Untracked 
|   8|0x00000000fc800000, 0x00000000fc800000, 0x00000000fc900000|  0%| F|  |TAMS 0x00000000fc800000, 0x00000000fc800000| Untracked 
|   9|0x00000000fc900000, 0x00000000fc900000, 0x00000000fca00000|  0%| F|  |TAMS 0x00000000fc900000, 0x00000000fc900000| Untracked 
|  10|0x00000000fca00000, 0x00000000fca00000, 0x00000000fcb00000|  0%| F|  |TAMS 0x00000000fca00000, 0x00000000fca00000| Untracked 
|  11|0x00000000fcb00000, 0x00000000fcb00000, 0x00000000fcc00000|  0%| F|  |TAMS 0x00000000fcb00000, 0x00000000fcb00000| Untracked 
|  12|0x00000000fcc00000, 0x00000000fcc00000, 0x00000000fcd00000|  0%| F|  |TAMS 0x00000000fcc00000, 0x00000000fcc00000| Untracked 
|  13|0x00000000fcd00000, 0x00000000fcd00000, 0x00000000fce00000|  0%| F|  |TAMS 0x00000000fcd00000, 0x00000000fcd00000| Untracked 
|  14|0x00000000fce00000, 0x00000000fce00000, 0x00000000fcf00000|  0%| F|  |TAMS 0x00000000fce00000, 0x00000000fce00000| Untracked 
|  15|0x00000000fcf00000, 0x00000000fcf00000, 0x00000000fd000000|  0%| F|  |TAMS 0x00000000fcf00000, 0x00000000fcf00000| Untracked 
|  16|0x00000000fd000000, 0x00000000fd000000, 0x00000000fd100000|  0%| F|  |TAMS 0x00000000fd000000, 0x00000000fd000000| Untracked 
|  17|0x00000000fd100000, 0x00000000fd100000, 0x00000000fd200000|  0%| F|  |TAMS 0x00000000fd100000, 0x00000000fd100000| Untracked 
|  18|0x00000000fd200000, 0x00000000fd200000, 0x00000000fd300000|  0%| F|  |TAMS 0x00000000fd200000, 0x00000000fd200000| Untracked 
|  19|0x00000000fd300000, 0x00000000fd300000, 0x00000000fd400000|  0%| F|  |TAMS 0x00000000fd300000, 0x00000000fd300000| Untracked 
|  20|0x00000000fd400000, 0x00000000fd400000, 0x00000000fd500000|  0%| F|  |TAMS 0x00000000fd400000, 0x00000000fd400000| Untracked 
|  21|0x00000000fd500000, 0x00000000fd500000, 0x00000000fd600000|  0%| F|  |TAMS 0x00000000fd500000, 0x00000000fd500000| Untracked 
|  22|0x00000000fd600000, 0x00000000fd600000, 0x00000000fd700000|  0%| F|  |TAMS 0x00000000fd600000, 0x00000000fd600000| Untracked 
|  23|0x00000000fd700000, 0x00000000fd700000, 0x00000000fd800000|  0%| F|  |TAMS 0x00000000fd700000, 0x00000000fd700000| Untracked 
|  24|0x00000000fd800000, 0x00000000fd800000, 0x00000000fd900000|  0%| F|  |TAMS 0x00000000fd800000, 0x00000000fd800000| Untracked 
|  25|0x00000000fd900000, 0x00000000fd900000, 0x00000000fda00000|  0%| F|  |TAMS 0x00000000fd900000, 0x00000000fd900000| Untracked 
|  26|0x00000000fda00000, 0x00000000fda00000, 0x00000000fdb00000|  0%| F|  |TAMS 0x00000000fda00000, 0x00000000fda00000| Untracked 
|  27|0x00000000fdb00000, 0x00000000fdb00000, 0x00000000fdc00000|  0%| F|  |TAMS 0x00000000fdb00000, 0x00000000fdb00000| Untracked 
|  28|0x00000000fdc00000, 0x00000000fdc00000, 0x00000000fdd00000|  0%| F|  |TAMS 0x00000000fdc00000, 0x00000000fdc00000| Untracked 
|  29|0x00000000fdd00000, 0x00000000fdd00000, 0x00000000fde00000|  0%| F|  |TAMS 0x00000000fdd00000, 0x00000000fdd00000| Untracked 
|  30|0x00000000fde00000, 0x00000000fde00000, 0x00000000fdf00000|  0%| F|  |TAMS 0x00000000fde00000, 0x00000000fde00000| Untracked 
|  31|0x00000000fdf00000, 0x00000000fdf00000, 0x00000000fe000000|  0%| F|  |TAMS 0x00000000fdf00000, 0x00000000fdf00000| Untracked 
|  32|0x00000000fe000000, 0x00000000fe000000, 0x00000000fe100000|  0%| F|  |TAMS 0x00000000fe000000, 0x00000000fe000000| Untracked 
|  33|0x00000000fe100000, 0x00000000fe100000, 0x00000000fe200000|  0%| F|  |TAMS 0x00000000fe100000, 0x00000000fe100000| Untracked 
|  34|0x00000000fe200000, 0x00000000fe200000, 0x00000000fe300000|  0%| F|  |TAMS 0x00000000fe200000, 0x00000000fe200000| Untracked 
|  35|0x00000000fe300000, 0x00000000fe300000, 0x00000000fe400000|  0%| F|  |TAMS 0x00000000fe300000, 0x00000000fe300000| Untracked 
|  36|0x00000000fe400000, 0x00000000fe400000, 0x00000000fe500000|  0%| F|  |TAMS 0x00000000fe400000, 0x00000000fe400000| Untracked 
|  37|0x00000000fe500000, 0x00000000fe500000, 0x00000000fe600000|  0%| F|  |TAMS 0x00000000fe500000, 0x00000000fe500000| Untracked 
|  38|0x00000000fe600000, 0x00000000fe600000, 0x00000000fe700000|  0%| F|  |TAMS 0x00000000fe600000, 0x00000000fe600000| Untracked 
|  39|0x00000000fe700000, 0x00000000fe700000, 0x00000000fe800000|  0%| F|  |TAMS 0x00000000fe700000, 0x00000000fe700000| Untracked 
|  40|0x00000000fe800000, 0x00000000fe800000, 0x00000000fe900000|  0%| F|  |TAMS 0x00000000fe800000, 0x00000000fe800000| Untracked 
|  41|0x00000000fe900000, 0x00000000fe900000, 0x00000000fea00000|  0%| F|  |TAMS 0x00000000fe900000, 0x00000000fe900000| Untracked 
|  42|0x00000000fea00000, 0x00000000fea00000, 0x00000000feb00000|  0%| F|  |TAMS 0x00000000fea00000, 0x00000000fea00000| Untracked 
|  43|0x00000000feb00000, 0x00000000feb00000, 0x00000000fec00000|  0%| F|  |TAMS 0x00000000feb00000, 0x00000000feb00000| Untracked 
|  44|0x00000000fec00000, 0x00000000fed00000, 0x00000000fed00000|100%| S|CS|TAMS 0x00000000fec00000, 0x00000000fec00000| Complete 
|  45|0x00000000fed00000, 0x00000000fee00000, 0x00000000fee00000|100%| S|CS|TAMS 0x00000000fed00000, 0x00000000fed00000| Complete 
|  46|0x00000000fee00000, 0x00000000fef00000, 0x00000000fef00000|100%| S|CS|TAMS 0x00000000fee00000, 0x00000000fee00000| Complete 
|  47|0x00000000fef00000, 0x00000000fef00000, 0x00000000ff000000|  0%| F|  |TAMS 0x00000000fef00000, 0x00000000fef00000| Untracked 
|  48|0x00000000ff000000, 0x00000000ff000000, 0x00000000ff100000|  0%| F|  |TAMS 0x00000000ff000000, 0x00000000ff000000| Untracked 
|  49|0x00000000ff100000, 0x00000000ff200000, 0x00000000ff200000|100%| E|  |TAMS 0x00000000ff100000, 0x00000000ff100000| Complete 
|  50|0x00000000ff200000, 0x00000000ff300000, 0x00000000ff300000|100%| E|CS|TAMS 0x00000000ff200000, 0x00000000ff200000| Complete 
|  51|0x00000000ff300000, 0x00000000ff400000, 0x00000000ff400000|100%| E|CS|TAMS 0x00000000ff300000, 0x00000000ff300000| Complete 
|  52|0x00000000ff400000, 0x00000000ff500000, 0x00000000ff500000|100%| E|CS|TAMS 0x00000000ff400000, 0x00000000ff400000| Complete 
|  53|0x00000000ff500000, 0x00000000ff600000, 0x00000000ff600000|100%| E|CS|TAMS 0x00000000ff500000, 0x00000000ff500000| Complete 
|  54|0x00000000ff600000, 0x00000000ff700000, 0x00000000ff700000|100%| E|CS|TAMS 0x00000000ff600000, 0x00000000ff600000| Complete 
|  55|0x00000000ff700000, 0x00000000ff800000, 0x00000000ff800000|100%| E|CS|TAMS 0x00000000ff700000, 0x00000000ff700000| Complete 
|  56|0x00000000ff800000, 0x00000000ff900000, 0x00000000ff900000|100%| E|CS|TAMS 0x00000000ff800000, 0x00000000ff800000| Complete 
|  57|0x00000000ff900000, 0x00000000ffa00000, 0x00000000ffa00000|100%| E|CS|TAMS 0x00000000ff900000, 0x00000000ff900000| Complete 
|  58|0x00000000ffa00000, 0x00000000ffb00000, 0x00000000ffb00000|100%| E|CS|TAMS 0x00000000ffa00000, 0x00000000ffa00000| Complete 
|  59|0x00000000ffb00000, 0x00000000ffc00000, 0x00000000ffc00000|100%| E|CS|TAMS 0x00000000ffb00000, 0x00000000ffb00000| Complete 
|  60|0x00000000ffc00000, 0x00000000ffd00000, 0x00000000ffd00000|100%| E|CS|TAMS 0x00000000ffc00000, 0x00000000ffc00000| Complete 
|  61|0x00000000ffd00000, 0x00000000ffe00000, 0x00000000ffe00000|100%| E|CS|TAMS 0x00000000ffd00000, 0x00000000ffd00000| Complete 
|  62|0x00000000ffe00000, 0x00000000fff00000, 0x00000000fff00000|100%| E|CS|TAMS 0x00000000ffe00000, 0x00000000ffe00000| Complete 
|  63|0x00000000fff00000, 0x0000000100000000, 0x0000000100000000|100%| E|CS|TAMS 0x00000000fff00000, 0x00000000fff00000| Complete 

Card table byte_map: [0x000001a9a2930000,0x000001a9a2950000] _byte_map_base: 0x000001a9a2150000

Marking Bits (Prev, Next): (CMBitMap*) 0x000001a9a2835620, (CMBitMap*) 0x000001a9a2835660
 Prev Bits: [0x000001a9baf00000, 0x000001a9bb000000)
 Next Bits: [0x000001a9bb000000, 0x000001a9bb100000)

Polling page: 0x000001a9a2610000

Metaspace:

Usage:
  Non-class:      8.03 MB used.
      Class:      1.20 MB used.
       Both:      9.23 MB used.

Virtual space:
  Non-class space:       16.00 MB reserved,       8.19 MB ( 51%) committed,  2 nodes.
      Class space:        1.00 GB reserved,       1.25 MB ( <1%) committed,  1 nodes.
             Both:        1.02 GB reserved,       9.44 MB ( <1%) committed. 

Chunk freelists:
   Non-Class:  2.92 MB
       Class:  2.56 MB
        Both:  5.48 MB

MaxMetaspaceSize: unlimited
CompressedClassSpaceSize: 1.00 GB
Initial GC threshold: 21.00 MB
Current GC threshold: 21.00 MB
CDS: on
MetaspaceReclaimPolicy: balanced
 - commit_granule_bytes: 65536.
 - commit_granule_words: 8192.
 - virtual_space_node_default_size: 1048576.
 - enlarge_chunks_in_place: 1.
 - new_chunks_are_fully_committed: 0.
 - uncommit_free_chunks: 1.
 - use_allocation_guard: 0.
 - handle_deallocations: 1.


Internal statistics:

num_allocs_failed_limit: 0.
num_arena_births: 92.
num_arena_deaths: 0.
num_vsnodes_births: 3.
num_vsnodes_deaths: 0.
num_space_committed: 151.
num_space_uncommitted: 0.
num_chunks_returned_to_freelist: 0.
num_chunks_taken_from_freelist: 340.
num_chunk_merges: 0.
num_chunk_splits: 222.
num_chunks_enlarged: 173.
num_purges: 0.
num_inconsistent_stats: 0.

CodeHeap 'non-profiled nmethods': size=120000Kb used=675Kb max_used=675Kb free=119324Kb
 bounds [0x000001a9b3390000, 0x000001a9b3600000, 0x000001a9ba8c0000]
CodeHeap 'profiled nmethods': size=120000Kb used=3318Kb max_used=3318Kb free=116681Kb
 bounds [0x000001a9ab8c0000, 0x000001a9abc00000, 0x000001a9b2df0000]
CodeHeap 'non-nmethods': size=5760Kb used=1175Kb max_used=1199Kb free=4584Kb
 bounds [0x000001a9b2df0000, 0x000001a9b3060000, 0x000001a9b3390000]
 total_blobs=2198 nmethods=1723 adapters=388
 compilation: enabled
              stopped_count=0, restarted_count=0
 full_count=0

Compilation events (20 events):
Event: 178.625 Thread 0x000001a9bd69a5b0 1716       3       jdk.internal.org.objectweb.asm.Type::getDescriptor (93 bytes)
Event: 178.626 Thread 0x000001a9bd69a5b0 nmethod 1716 0x000001a9abbfb390 code [0x000001a9abbfb600, 0x000001a9abbfbd88]
Event: 178.626 Thread 0x000001a9bd69a5b0 1717       3       java.util.ImmutableCollections$SetN::iterator (9 bytes)
Event: 178.626 Thread 0x000001a9bd69a5b0 nmethod 1717 0x000001a9abbfc010 code [0x000001a9abbfc1c0, 0x000001a9abbfc368]
Event: 178.628 Thread 0x000001a9bd69a5b0 1718       1       java.util.concurrent.CopyOnWriteArrayList::setArray (6 bytes)
Event: 178.628 Thread 0x000001a9bd69a5b0 nmethod 1718 0x000001a9b3438490 code [0x000001a9b3438620, 0x000001a9b3438738]
Event: 178.632 Thread 0x000001a9bd69a5b0 1720       3       java.nio.charset.CoderResult::isUnderflow (13 bytes)
Event: 178.632 Thread 0x000001a9bd69a5b0 nmethod 1720 0x000001a9abbfc410 code [0x000001a9abbfc5a0, 0x000001a9abbfc718]
Event: 178.632 Thread 0x000001a9bd69a5b0 1721       3       java.nio.Buffer::remaining (20 bytes)
Event: 178.632 Thread 0x000001a9bd69a5b0 nmethod 1721 0x000001a9abbfc790 code [0x000001a9abbfc920, 0x000001a9abbfcab8]
Event: 178.632 Thread 0x000001a9bd632050 1722       4       org.gradle.internal.logging.text.AbstractLineChoppingStyledTextOutput$StateContext::hasChar (25 bytes)
Event: 178.632 Thread 0x000001a9bd69a5b0 1724       3       java.nio.CharBuffer::position (8 bytes)
Event: 178.633 Thread 0x000001a9bd69a5b0 nmethod 1724 0x000001a9abbfcb90 code [0x000001a9abbfcd20, 0x000001a9abbfce68]
Event: 178.633 Thread 0x000001a9bd69a5b0 1725       3       java.nio.CharBuffer::position (6 bytes)
Event: 178.633 Thread 0x000001a9bd69a5b0 nmethod 1725 0x000001a9abbfcf10 code [0x000001a9abbfd0c0, 0x000001a9abbfd268]
Event: 178.633 Thread 0x000001a9bd69a5b0 1726       3       java.nio.ByteBuffer::array (35 bytes)
Event: 178.633 Thread 0x000001a9bd632050 nmethod 1722 0x000001a9b3438a90 code [0x000001a9b3438c00, 0x000001a9b3438cb8]
Event: 178.633 Thread 0x000001a9bd69a5b0 nmethod 1726 0x000001a9abbfd310 code [0x000001a9abbfd4e0, 0x000001a9abbfd7b8]
Event: 178.633 Thread 0x000001a9bd632050 1723       4       org.gradle.internal.logging.text.AbstractLineChoppingStyledTextOutput$1::execute (140 bytes)
Event: 178.638 Thread 0x000001a9bd69a5b0 1729       3       java.lang.invoke.MethodHandles$Lookup::in (283 bytes)

GC Heap History (4 events):
Event: 1.660 GC heap before
{Heap before GC invocations=0 (full 0):
 garbage-first heap   total 65536K, used 15360K [0x00000000fc000000, 0x0000000100000000)
  region size 1024K, 13 young (13312K), 0 survivors (0K)
 Metaspace       used 2046K, committed 2240K, reserved 1056768K
  class space    used 198K, committed 256K, reserved 1048576K
}
Event: 1.751 GC heap after
{Heap after GC invocations=1 (full 0):
 garbage-first heap   total 65536K, used 3448K [0x00000000fc000000, 0x0000000100000000)
  region size 1024K, 2 young (2048K), 2 survivors (2048K)
 Metaspace       used 2046K, committed 2240K, reserved 1056768K
  class space    used 198K, committed 256K, reserved 1048576K
}
Event: 4.063 GC heap before
{Heap before GC invocations=1 (full 0):
 garbage-first heap   total 65536K, used 21880K [0x00000000fc000000, 0x0000000100000000)
  region size 1024K, 17 young (17408K), 2 survivors (2048K)
 Metaspace       used 5610K, committed 5760K, reserved 1056768K
  class space    used 778K, committed 832K, reserved 1048576K
}
Event: 4.068 GC heap after
{Heap after GC invocations=2 (full 0):
 garbage-first heap   total 65536K, used 9839K [0x00000000fc000000, 0x0000000100000000)
  region size 1024K, 3 young (3072K), 3 survivors (3072K)
 Metaspace       used 5610K, committed 5760K, reserved 1056768K
  class space    used 778K, committed 832K, reserved 1048576K
}

Deoptimization events (20 events):
Event: 16.860 Thread 0x000001a9beec54f0 Uncommon trap: trap_request=0xffffffde fr.pc=0x000001a9b33ea6b0 relative=0x00000000000010f0
Event: 16.860 Thread 0x000001a9beec54f0 Uncommon trap: reason=class_check action=maybe_recompile pc=0x000001a9b33ea6b0 method=java.util.concurrent.ConcurrentHashMap.putVal(Ljava/lang/Object;Ljava/lang/Object;Z)Ljava/lang/Object; @ 159 c2
Event: 16.860 Thread 0x000001a9beec54f0 DEOPT PACKING pc=0x000001a9b33ea6b0 sp=0x0000002c2d4fe480
Event: 16.860 Thread 0x000001a9beec54f0 DEOPT UNPACKING pc=0x000001a9b2e423a3 sp=0x0000002c2d4fe400 mode 2
Event: 16.861 Thread 0x000001a9a2815380 Uncommon trap: trap_request=0xffffffde fr.pc=0x000001a9b341019c relative=0x00000000000014bc
Event: 16.861 Thread 0x000001a9a2815380 Uncommon trap: reason=class_check action=maybe_recompile pc=0x000001a9b341019c method=java.io.DataInputStream.readUnsignedShort()I @ 4 c2
Event: 16.861 Thread 0x000001a9a2815380 DEOPT PACKING pc=0x000001a9b341019c sp=0x0000002c2bafd260
Event: 16.861 Thread 0x000001a9a2815380 DEOPT UNPACKING pc=0x000001a9b2e423a3 sp=0x0000002c2bafd1c8 mode 2
Event: 16.861 Thread 0x000001a9a2815380 Uncommon trap: trap_request=0xffffffde fr.pc=0x000001a9b341019c relative=0x00000000000014bc
Event: 16.861 Thread 0x000001a9a2815380 Uncommon trap: reason=class_check action=maybe_recompile pc=0x000001a9b341019c method=java.io.DataInputStream.readUnsignedShort()I @ 4 c2
Event: 16.861 Thread 0x000001a9a2815380 DEOPT PACKING pc=0x000001a9b341019c sp=0x0000002c2bafd280
Event: 16.861 Thread 0x000001a9a2815380 DEOPT UNPACKING pc=0x000001a9b2e423a3 sp=0x0000002c2bafd1e8 mode 2
Event: 16.861 Thread 0x000001a9a2815380 Uncommon trap: trap_request=0xffffffde fr.pc=0x000001a9b341019c relative=0x00000000000014bc
Event: 16.861 Thread 0x000001a9a2815380 Uncommon trap: reason=class_check action=maybe_recompile pc=0x000001a9b341019c method=java.io.DataInputStream.readUnsignedShort()I @ 4 c2
Event: 16.861 Thread 0x000001a9a2815380 DEOPT PACKING pc=0x000001a9b341019c sp=0x0000002c2bafd270
Event: 16.861 Thread 0x000001a9a2815380 DEOPT UNPACKING pc=0x000001a9b2e423a3 sp=0x0000002c2bafd1d8 mode 2
Event: 178.627 Thread 0x000001a9a2815380 Uncommon trap: trap_request=0xffffff45 fr.pc=0x000001a9b3419584 relative=0x00000000000001e4
Event: 178.627 Thread 0x000001a9a2815380 Uncommon trap: reason=unstable_if action=reinterpret pc=0x000001a9b3419584 method=java.net.URI$Parser.scan(IILjava/lang/String;)I @ 26 c2
Event: 178.627 Thread 0x000001a9a2815380 DEOPT PACKING pc=0x000001a9b3419584 sp=0x0000002c2bafd040
Event: 178.627 Thread 0x000001a9a2815380 DEOPT UNPACKING pc=0x000001a9b2e423a3 sp=0x0000002c2bafcfd0 mode 2

Classes unloaded (0 events):
No events

Classes redefined (0 events):
No events

Internal exceptions (20 events):
Event: 2.759 Thread 0x000001a9a2815380 Exception <a 'java/lang/NoSuchMethodError'{0x00000000ff8d6cb0}: 'java.lang.Object java.lang.invoke.Invokers$Holder.invoker(java.lang.Object, java.lang.Object, java.lang.Object)'> (0x00000000ff8d6cb0) 
thrown [s\open\src\hotspot\share\interpreter\linkResolver.cpp, line 759]
Event: 2.811 Thread 0x000001a9a2815380 Exception <a 'java/lang/NoSuchMethodError'{0x00000000ff8dfd80}: 'java.lang.Object java.lang.invoke.DirectMethodHandle$Holder.invokeStatic(java.lang.Object, java.lang.Object, int)'> (0x00000000ff8dfd80) 
thrown [s\open\src\hotspot\share\interpreter\linkResolver.cpp, line 759]
Event: 2.816 Thread 0x000001a9a2815380 Exception <a 'java/lang/NoSuchMethodError'{0x00000000ff8ebcc8}: 'void java.lang.invoke.DelegatingMethodHandle$Holder.delegate(java.lang.Object, java.lang.Object, int, java.lang.Object)'> (0x00000000ff8ebcc8) 
thrown [s\open\src\hotspot\share\interpreter\linkResolver.cpp, line 759]
Event: 2.819 Thread 0x000001a9a2815380 Exception <a 'java/lang/NoSuchMethodError'{0x00000000ff8efe10}: 'int java.lang.invoke.DirectMethodHandle$Holder.invokeSpecial(java.lang.Object, java.lang.Object, java.lang.Object)'> (0x00000000ff8efe10) 
thrown [s\open\src\hotspot\share\interpreter\linkResolver.cpp, line 759]
Event: 2.836 Thread 0x000001a9a2815380 Exception <a 'java/lang/NoSuchMethodError'{0x00000000ff7035b0}: 'java.lang.Object java.lang.invoke.Invokers$Holder.invokeExact_MT(java.lang.Object, java.lang.Object, java.lang.Object, java.lang.Object)'> (0x00000000ff7035b0) 
thrown [s\open\src\hotspot\share\interpreter\linkResolver.cpp, line 759]
Event: 3.407 Thread 0x000001a9a2815380 Exception <a 'java/lang/NoSuchMethodError'{0x00000000ff4cd5e0}: 'java.lang.Object java.lang.invoke.DirectMethodHandle$Holder.invokeInterface(java.lang.Object, java.lang.Object, java.lang.Object)'> (0x00000000ff4cd5e0) 
thrown [s\open\src\hotspot\share\interpreter\linkResolver.cpp, line 759]
Event: 3.587 Thread 0x000001a9a2815380 Implicit null exception at 0x000001a9b33e42b1 to 0x000001a9b33e4734
Event: 3.587 Thread 0x000001a9a2815380 Implicit null exception at 0x000001a9b33ce9ac to 0x000001a9b33cee04
Event: 3.839 Thread 0x000001a9a2815380 Exception <a 'java/lang/NoSuchMethodError'{0x00000000ff094938}: 'java.lang.Object java.lang.invoke.DirectMethodHandle$Holder.invokeStaticInit(java.lang.Object)'> (0x00000000ff094938) 
thrown [s\open\src\hotspot\share\interpreter\linkResolver.cpp, line 759]
Event: 4.270 Thread 0x000001a9a2815380 Exception <a 'java/lang/NoSuchMethodError'{0x00000000ffdad2b0}: 'java.lang.Object java.lang.invoke.DirectMethodHandle$Holder.invokeStaticInit(java.lang.Object, int, int, int, int)'> (0x00000000ffdad2b0) 
thrown [s\open\src\hotspot\share\interpreter\linkResolver.cpp, line 759]
Event: 4.853 Thread 0x000001a9a2815380 Exception <a 'java/lang/NoSuchMethodError'{0x00000000ffde1800}: 'java.lang.Object java.lang.invoke.DirectMethodHandle$Holder.invokeStaticInit(java.lang.Object, java.lang.Object, int, int, int, int)'> (0x00000000ffde1800) 
thrown [s\open\src\hotspot\share\interpreter\linkResolver.cpp, line 759]
Event: 5.801 Thread 0x000001a9a2815380 Exception <a 'java/lang/NoSuchMethodError'{0x00000000ffc0e270}: 'void java.lang.invoke.DirectMethodHandle$Holder.invokeStatic(java.lang.Object, java.lang.Object, java.lang.Object)'> (0x00000000ffc0e270) 
thrown [s\open\src\hotspot\share\interpreter\linkResolver.cpp, line 759]
Event: 6.916 Thread 0x000001a9be259870 Exception <a 'java/lang/NoSuchMethodError'{0x00000000ff47a9e8}: 'void java.lang.invoke.DirectMethodHandle$Holder.invokeStatic(java.lang.Object, long)'> (0x00000000ff47a9e8) 
thrown [s\open\src\hotspot\share\interpreter\linkResolver.cpp, line 759]
Event: 6.919 Thread 0x000001a9be259870 Exception <a 'java/lang/NoSuchMethodError'{0x00000000ff480340}: 'java.lang.Object java.lang.invoke.DirectMethodHandle$Holder.newInvokeSpecial(java.lang.Object, long)'> (0x00000000ff480340) 
thrown [s\open\src\hotspot\share\interpreter\linkResolver.cpp, line 759]
Event: 6.923 Thread 0x000001a9be259870 Exception <a 'java/lang/NoSuchMethodError'{0x00000000ff48b4e8}: 'java.lang.Object java.lang.invoke.DirectMethodHandle$Holder.invokeStaticInit(java.lang.Object, java.lang.Object, long, java.lang.Object)'> (0x00000000ff48b4e8) 
thrown [s\open\src\hotspot\share\interpreter\linkResolver.cpp, line 759]
Event: 6.923 Thread 0x000001a9be259870 Exception <a 'java/lang/NoSuchMethodError'{0x00000000ff491ba8}: 'java.lang.Object java.lang.invoke.DirectMethodHandle$Holder.newInvokeSpecial(java.lang.Object, java.lang.Object, long)'> (0x00000000ff491ba8) 
thrown [s\open\src\hotspot\share\interpreter\linkResolver.cpp, line 759]
Event: 6.924 Thread 0x000001a9be259870 Exception <a 'java/lang/NoSuchMethodError'{0x00000000ff495e98}: 'java.lang.Object java.lang.invoke.Invokers$Holder.linkToTargetMethod(java.lang.Object, long, java.lang.Object)'> (0x00000000ff495e98) 
thrown [s\open\src\hotspot\share\interpreter\linkResolver.cpp, line 759]
Event: 178.619 Thread 0x000001a9a2815380 Exception <a 'sun/net/ConnectionResetException'{0x00000000ff15cdd8}: Connection reset> (0x00000000ff15cdd8) 
thrown [s\open\src\hotspot\share\prims\jni.cpp, line 535]
Event: 178.625 Thread 0x000001a9a2815380 Exception <a 'java/lang/NoSuchMethodError'{0x00000000ff192ec0}: 'int java.lang.invoke.DirectMethodHandle$Holder.invokeVirtual(java.lang.Object, java.lang.Object)'> (0x00000000ff192ec0) 
thrown [s\open\src\hotspot\share\interpreter\linkResolver.cpp, line 759]
Event: 178.627 Thread 0x000001a9beb02390 Exception <a 'java/io/IOException'{0x00000000ff1028d0}: Connection reset by peer> (0x00000000ff1028d0) 
thrown [s\open\src\hotspot\share\prims\jni.cpp, line 535]

VM Operations (20 events):
Event: 17.050 Executing VM operation: HandshakeAllThreads
Event: 17.050 Executing VM operation: HandshakeAllThreads done
Event: 18.057 Executing VM operation: Cleanup
Event: 18.057 Executing VM operation: Cleanup done
Event: 29.126 Executing VM operation: Cleanup
Event: 29.126 Executing VM operation: Cleanup done
Event: 81.441 Executing VM operation: Cleanup
Event: 81.441 Executing VM operation: Cleanup done
Event: 88.258 Executing VM operation: HandshakeAllThreads
Event: 88.258 Executing VM operation: HandshakeAllThreads done
Event: 92.291 Executing VM operation: Cleanup
Event: 92.291 Executing VM operation: Cleanup done
Event: 116.442 Executing VM operation: Cleanup
Event: 116.443 Executing VM operation: Cleanup done
Event: 167.836 Executing VM operation: Cleanup
Event: 167.836 Executing VM operation: Cleanup done
Event: 178.635 Executing VM operation: HandshakeAllThreads
Event: 178.635 Executing VM operation: HandshakeAllThreads done
Event: 178.635 Executing VM operation: Cleanup
Event: 178.635 Executing VM operation: Cleanup done

Events (20 events):
Event: 116.082 loading class jdk/internal/logger/LoggerFinderLoader done
Event: 116.083 loading class sun/util/logging/internal/LoggingProviderImpl$JULWrapper
Event: 116.083 loading class sun/util/logging/PlatformLogger$ConfigurableBridge$LoggerConfiguration
Event: 116.083 loading class sun/util/logging/PlatformLogger$ConfigurableBridge$LoggerConfiguration done
Event: 116.083 loading class sun/util/logging/internal/LoggingProviderImpl$JULWrapper done
Event: 116.083 loading class java/io/ObjectInputFilter
Event: 116.083 loading class java/io/ObjectInputFilter done
Event: 116.084 loading class java/io/ObjectInputFilter$Config$BuiltinFilterFactory
Event: 116.084 loading class java/io/ObjectInputFilter$Config$BuiltinFilterFactory done
Event: 116.084 loading class jdk/internal/access/JavaObjectInputFilterAccess
Event: 116.084 loading class jdk/internal/access/JavaObjectInputFilterAccess done
Event: 116.085 loading class java/lang/System$Logger$Level
Event: 116.085 loading class java/lang/System$Logger$Level done
Event: 116.085 loading class java/io/Bits
Event: 116.085 loading class java/io/Bits done
Event: 178.618 loading class sun/net/ConnectionResetException
Event: 178.618 loading class sun/net/ConnectionResetException done
Event: 178.628 Thread 0x000001a9beb02390 Thread exited: 0x000001a9beb02390
Event: 178.629 loading class java/util/concurrent/ConcurrentLinkedQueue$Itr
Event: 178.630 loading class java/util/concurrent/ConcurrentLinkedQueue$Itr done


Dynamic libraries:
0x00007ff734340000 - 0x00007ff734350000 	C:\Program Files\Java\jdk-17\bin\java.exe
0x00007ffa9d590000 - 0x00007ffa9d788000 	C:\Windows\SYSTEM32\ntdll.dll
0x00007ffa9b7a0000 - 0x00007ffa9b85f000 	C:\Windows\System32\KERNEL32.DLL
0x00007ffa9ad10000 - 0x00007ffa9b006000 	C:\Windows\System32\KERNELBASE.dll
0x00007ffa9b010000 - 0x00007ffa9b110000 	C:\Windows\System32\ucrtbase.dll
0x00007ffa7cd30000 - 0x00007ffa7cd49000 	C:\Program Files\Java\jdk-17\bin\jli.dll
0x00007ffa9bcb0000 - 0x00007ffa9bd5f000 	C:\Windows\System32\ADVAPI32.dll
0x00007ffa9bd90000 - 0x00007ffa9be2e000 	C:\Windows\System32\msvcrt.dll
0x00007ffa9bc10000 - 0x00007ffa9bcac000 	C:\Windows\System32\sechost.dll
0x00007ffa9d3c0000 - 0x00007ffa9d4e6000 	C:\Windows\System32\RPCRT4.dll
0x00007ffa9b600000 - 0x00007ffa9b79d000 	C:\Windows\System32\USER32.dll
0x00007ffa9b3c0000 - 0x00007ffa9b3e2000 	C:\Windows\System32\win32u.dll
0x00007ffa9bd60000 - 0x00007ffa9bd8c000 	C:\Windows\System32\GDI32.dll
0x00007ffa9b160000 - 0x00007ffa9b275000 	C:\Windows\System32\gdi32full.dll
0x00007ffa9b3f0000 - 0x00007ffa9b48d000 	C:\Windows\System32\msvcp_win.dll
0x00007ffa772c0000 - 0x00007ffa772db000 	C:\Program Files\Java\jdk-17\bin\VCRUNTIME140.dll
0x00007ffa77020000 - 0x00007ffa772ba000 	C:\Windows\WinSxS\amd64_microsoft.windows.common-controls_6595b64144ccf1df_6.0.19041.1110_none_60b5254171f9507e\COMCTL32.dll
0x00007ffa921b0000 - 0x00007ffa921ba000 	C:\Windows\SYSTEM32\VERSION.dll
0x00007ffa9c500000 - 0x00007ffa9c530000 	C:\Windows\System32\IMM32.DLL
0x00007ffa8bbd0000 - 0x00007ffa8bbdc000 	C:\Program Files\Java\jdk-17\bin\vcruntime140_1.dll
0x00007ffa57b90000 - 0x00007ffa57c1e000 	C:\Program Files\Java\jdk-17\bin\msvcp140.dll
0x00007ffa28ca0000 - 0x00007ffa2987d000 	C:\Program Files\Java\jdk-17\bin\server\jvm.dll
0x00007ffa9b5f0000 - 0x00007ffa9b5f8000 	C:\Windows\System32\PSAPI.DLL
0x00007ffa8af90000 - 0x00007ffa8af99000 	C:\Windows\SYSTEM32\WSOCK32.dll
0x00007ffa9c890000 - 0x00007ffa9c8fb000 	C:\Windows\System32\WS2_32.dll
0x00007ffa6ffa0000 - 0x00007ffa6ffc7000 	C:\Windows\SYSTEM32\WINMM.dll
0x00007ffa99490000 - 0x00007ffa994a2000 	C:\Windows\SYSTEM32\kernel.appcore.dll
0x00007ffa817a0000 - 0x00007ffa817aa000 	C:\Program Files\Java\jdk-17\bin\jimage.dll
0x00007ffa95870000 - 0x00007ffa95a54000 	C:\Windows\SYSTEM32\DBGHELP.DLL
0x00007ffa89080000 - 0x00007ffa890b4000 	C:\Windows\SYSTEM32\dbgcore.DLL
0x00007ffa9b330000 - 0x00007ffa9b3b2000 	C:\Windows\System32\bcryptPrimitives.dll
0x00007ffa73c90000 - 0x00007ffa73cb5000 	C:\Program Files\Java\jdk-17\bin\java.dll
0x00007ffa2df30000 - 0x00007ffa2e007000 	C:\Program Files\Java\jdk-17\bin\jsvml.dll
0x00007ffa9ca90000 - 0x00007ffa9d1d4000 	C:\Windows\System32\SHELL32.dll
0x00007ffa98cf0000 - 0x00007ffa99483000 	C:\Windows\SYSTEM32\windows.storage.dll
0x00007ffa9c530000 - 0x00007ffa9c884000 	C:\Windows\System32\combase.dll
0x00007ffa9a5e0000 - 0x00007ffa9a60e000 	C:\Windows\SYSTEM32\Wldp.dll
0x00007ffa9c450000 - 0x00007ffa9c4fd000 	C:\Windows\System32\SHCORE.dll
0x00007ffa9d360000 - 0x00007ffa9d3b5000 	C:\Windows\System32\shlwapi.dll
0x00007ffa9aba0000 - 0x00007ffa9abc5000 	C:\Windows\SYSTEM32\profapi.dll
0x00007ffa76800000 - 0x00007ffa76819000 	C:\Program Files\Java\jdk-17\bin\net.dll
0x00007ffa8fc50000 - 0x00007ffa8fd5a000 	C:\Windows\SYSTEM32\WINHTTP.dll
0x00007ffa9a340000 - 0x00007ffa9a3aa000 	C:\Windows\system32\mswsock.dll
0x00007ffa76300000 - 0x00007ffa76316000 	C:\Program Files\Java\jdk-17\bin\nio.dll
0x00007ffa76100000 - 0x00007ffa76118000 	C:\Program Files\Java\jdk-17\bin\zip.dll
0x00007ffa93720000 - 0x00007ffa93730000 	C:\Program Files\Java\jdk-17\bin\verify.dll
0x00007ffa72610000 - 0x00007ffa72637000 	C:\Users\ss\.gradle\native\e1d6ef7f7dcc3fd88c89a11ec53ec762bb8ba0a96d01ffa2cd45eb1d1d8dd5c5\windows-amd64\native-platform.dll
0x00007ffa92ba0000 - 0x00007ffa92baa000 	C:\Program Files\Java\jdk-17\bin\management.dll
0x00007ffa8d980000 - 0x00007ffa8d98b000 	C:\Program Files\Java\jdk-17\bin\management_ext.dll
0x00007ffa9a530000 - 0x00007ffa9a548000 	C:\Windows\SYSTEM32\CRYPTSP.dll
0x00007ffa99c50000 - 0x00007ffa99c84000 	C:\Windows\system32\rsaenh.dll
0x00007ffa9ace0000 - 0x00007ffa9ad07000 	C:\Windows\System32\bcrypt.dll
0x00007ffa9ab60000 - 0x00007ffa9ab8e000 	C:\Windows\SYSTEM32\USERENV.dll
0x00007ffa9a550000 - 0x00007ffa9a55c000 	C:\Windows\SYSTEM32\CRYPTBASE.dll
0x00007ffa9a030000 - 0x00007ffa9a06b000 	C:\Windows\SYSTEM32\IPHLPAPI.DLL
0x00007ffa9be50000 - 0x00007ffa9be58000 	C:\Windows\System32\NSI.dll
0x00007ffa905d0000 - 0x00007ffa905e7000 	C:\Windows\SYSTEM32\dhcpcsvc6.DLL
0x00007ffa906e0000 - 0x00007ffa906fd000 	C:\Windows\SYSTEM32\dhcpcsvc.DLL
0x00007ffa9a070000 - 0x00007ffa9a13a000 	C:\Windows\SYSTEM32\DNSAPI.dll
0x00007ffa774e0000 - 0x00007ffa774ed000 	C:\Program Files\Java\jdk-17\bin\sunmscapi.dll
0x00007ffa9b490000 - 0x00007ffa9b5ee000 	C:\Windows\System32\CRYPT32.dll
0x00007ffa9a650000 - 0x00007ffa9a678000 	C:\Windows\SYSTEM32\ncrypt.dll
0x00007ffa9a610000 - 0x00007ffa9a64b000 	C:\Windows\SYSTEM32\NTASN1.dll
0x00007ffa81790000 - 0x00007ffa81797000 	C:\Windows\system32\wshunix.dll

dbghelp: loaded successfully - version: 4.0.5 - missing functions: none
symbol engine: initialized successfully - sym options: 0x614 - pdb path: .;C:\Program Files\Java\jdk-17\bin;C:\Windows\SYSTEM32;C:\Windows\WinSxS\amd64_microsoft.windows.common-controls_6595b64144ccf1df_6.0.19041.1110_none_60b5254171f9507e;C:\Program Files\Java\jdk-17\bin\server;C:\Users\ss\.gradle\native\e1d6ef7f7dcc3fd88c89a11ec53ec762bb8ba0a96d01ffa2cd45eb1d1d8dd5c5\windows-amd64

VM Arguments:
jvm_args: -Xmx64m -Xms64m -Dorg.gradle.appname=gradlew 
java_command: org.gradle.wrapper.GradleWrapperMain app:installDebug -PreactNativeDevServerPort=8081
java_class_path (initial): C:\\Users\\ss\\Desktop\\teachers-vision\\android\\\\gradle\\wrapper\\gradle-wrapper.jar
Launcher Type: SUN_STANDARD

[Global flags]
     intx CICompilerCount                          = 3                                         {product} {ergonomic}
     uint ConcGCThreads                            = 1                                         {product} {ergonomic}
     uint G1ConcRefinementThreads                  = 4                                         {product} {ergonomic}
   size_t G1HeapRegionSize                         = 1048576                                   {product} {ergonomic}
    uintx GCDrainStackTargetSize                   = 64                                        {product} {ergonomic}
   size_t InitialHeapSize                          = 67108864                                  {product} {command line}
   size_t MarkStackSize                            = 4194304                                   {product} {ergonomic}
   size_t MaxHeapSize                              = 67108864                                  {product} {command line}
   size_t MaxNewSize                               = 39845888                                  {product} {ergonomic}
   size_t MinHeapDeltaBytes                        = 1048576                                   {product} {ergonomic}
   size_t MinHeapSize                              = 67108864                                  {product} {command line}
    uintx NonNMethodCodeHeapSize                   = 5832780                                {pd product} {ergonomic}
    uintx NonProfiledCodeHeapSize                  = 122912730                              {pd product} {ergonomic}
    uintx ProfiledCodeHeapSize                     = 122912730                              {pd product} {ergonomic}
    uintx ReservedCodeCacheSize                    = 251658240                              {pd product} {ergonomic}
     bool SegmentedCodeCache                       = true                                      {product} {ergonomic}
   size_t SoftMaxHeapSize                          = 67108864                               {manageable} {ergonomic}
     bool UseCompressedClassPointers               = true                           {product lp64_product} {ergonomic}
     bool UseCompressedOops                        = true                           {product lp64_product} {ergonomic}
     bool UseG1GC                                  = true                                      {product} {ergonomic}
     bool UseLargePagesIndividualAllocation        = false                                  {pd product} {ergonomic}

Logging:
Log output configuration:
 #0: stdout all=warning uptime,level,tags
 #1: stderr all=off uptime,level,tags

Environment Variables:
CLASSPATH=C:\Users\ss\Desktop\teachers-vision\android\\gradle\wrapper\gradle-wrapper.jar
PATH=C:\Users\ss\Desktop\teachers-vision\android\node_modules\.bin;C:\Users\ss\Desktop\teachers-vision\node_modules\.bin;C:\Users\ss\Desktop\node_modules\.bin;C:\Users\ss\node_modules\.bin;C:\Users\node_modules\.bin;C:\node_modules\.bin;C:\Program Files\nodejs;C:\Users\ss\Desktop\teachers-vision\node_modules\.bin;C:\Users\ss\Desktop\teachers-vision\node_modules\.bin;C:\Users\ss\Desktop\node_modules\.bin;C:\Users\ss\node_modules\.bin;C:\Users\node_modules\.bin;C:\node_modules\.bin;C:\Users\ss\AppData\Roaming\nvm\v16.16.0\node_modules\npm\node_modules\@npmcli\run-script\lib\node-gyp-bin;C:\Users\ss\Desktop\teachers-vision\node_modules\.bin;C:\Users\ss\Desktop\node_modules\.bin;C:\Users\ss\node_modules\.bin;C:\Users\node_modules\.bin;C:\node_modules\.bin;C:\Program Files\nodejs;C:\Users\ss\Desktop\teachers-vision\node_modules\.bin;C:\Users\ss\Desktop\teachers-vision\node_modules\.bin;C:\Users\ss\Desktop\node_modules\.bin;C:\Users\ss\node_modules\.bin;C:\Users\node_modules\.bin;C:\node_modules\.bin;C:\Users\ss\AppData\Roaming\nvm\v16.16.0\node_modules\npm\node_modules\@npmcli\run-script\lib\node-gyp-bin;C:\Program Files\Common Files\Oracle\Java\javapath;C:\Program Files (x86)\Common Files\Oracle\Java\javapath;C:\Program Files\Microsoft\jdk-11.0.18.10-hotspot\bin;C:\Program Files\Microsoft MPI\Bin\;C:\Windows\system32;C:\Windows;C:\Windows\System32\Wbem;C:\Windows\System32\WindowsPowerShell\v1.0\;C:\Windows\System32\OpenSSH\;C:\ProgramData\chocolatey\bin;C:\Users\ss\AppData\Local\Android\Sdk\platform-tools;C:\Program Files\Git\cmd;C:\Program Files\Microsoft SQL Server\150\Tools\Binn\;C:\Program Files (x86)\Microsoft SQL Server\160\Tools\Binn\;C:\Program Files\Microsoft SQL Server\160\Tools\Binn\;C:\Program Files\Microsoft SQL Server\Client SDK\ODBC\170\Tools\Binn\;C:\Program Files\Microsoft SQL Server\160\DTS\Binn\;C:\Program Files\dotnet\;C:\Program Files (x86)\dotnet\;C:\Program Files (x86)\Microsoft SQL Server\160\DTS\Binn\;C:\Program Files (x86)\Microsoft SQL Server\150
USERNAME=ss
LANG=en_US.UTF-8
OS=Windows_NT
PROCESSOR_IDENTIFIER=Intel64 Family 6 Model 142 Stepping 9, GenuineIntel



---------------  S Y S T E M  ---------------

OS:
 Windows 10 , 64 bit Build 19041 (10.0.19041.3155)
OS uptime: 5 days 6:13 hours

CPU: total 4 (initial active 4) (2 cores per cpu, 2 threads per core) family 6 model 142 stepping 9 microcode 0xb4, cx8, cmov, fxsr, ht, mmx, 3dnowpref, sse, sse2, sse3, ssse3, sse4.1, sse4.2, popcnt, lzcnt, tsc, tscinvbit, avx, avx2, aes, erms, clmul, bmi1, bmi2, adx, fma, vzeroupper, clflush, clflushopt

Memory: 4k page, system-wide physical 16263M (1302M free)
TotalPageFile size 23837M (AvailPageFile size 40M)
current process WorkingSet (physical memory assigned to process): 82M, peak: 83M
current process commit charge ("private bytes"): 155M, peak: 157M

vm_info: Java HotSpot(TM) 64-Bit Server VM (17.0.7+8-LTS-224) for windows-amd64 JRE (17.0.7+8-LTS-224), built on Feb 28 2023 23:03:02 by "mach5one" with MS VC++ 17.1 (VS2022)

END.
