#
# There is insufficient memory for the Java Runtime Environment to continue.
# Native memory allocation (malloc) failed to allocate 1514672 bytes for Chunk::new
# Possible reasons:
#   The system is out of physical RAM or swap space
#   The process is running with CompressedOops enabled, and the Java Heap may be blocking the growth of the native heap
# Possible solutions:
#   Reduce memory load on the system
#   Increase physical memory or swap space
#   Check if swap backing store is full
#   Decrease Java heap size (-Xmx/-Xms)
#   Decrease number of Java threads
#   Decrease Java thread stack sizes (-Xss)
#   Set larger code cache with -XX:ReservedCodeCacheSize=
#   JVM is running with Unscaled Compressed Oops mode in which the Java heap is
#     placed in the first 4GB address space. The Java Heap base address is the
#     maximum limit for the native heap growth. Please use -XX:HeapBaseMinAddress
#     to set the Java Heap base and to place the Java Heap above 4GB virtual address.
# This output file may be truncated or incomplete.
#
#  Out of Memory Error (arena.cpp:189), pid=2424, tid=6360
#
# JRE version: Java(TM) SE Runtime Environment (17.0.7+8) (build 17.0.7+8-LTS-224)
# Java VM: Java HotSpot(TM) 64-Bit Server VM (17.0.7+8-LTS-224, mixed mode, sharing, tiered, compressed oops, compressed class ptrs, g1 gc, windows-amd64)
# No core dump will be written. Minidumps are not enabled by default on client versions of Windows
#

---------------  S U M M A R Y ------------

Command Line: -Xmx64m -Xms64m -Dorg.gradle.appname=gradlew org.gradle.wrapper.GradleWrapperMain app:installDebug -PreactNativeDevServerPort=8081

Host: Intel(R) Core(TM) i5-7200U CPU @ 2.50GHz, 4 cores, 15G,  Windows 10 , 64 bit Build 19041 (10.0.19041.3155)
Time: Thu Sep 14 12:19:41 2023 India Standard Time elapsed time: 808.326664 seconds (0d 0h 13m 28s)

---------------  T H R E A D  ---------------

Current thread (0x000001feebd70d70):  JavaThread "C2 CompilerThread0" daemon [_thread_in_native, id=6360, stack(0x000000c6f6f00000,0x000000c6f7000000)]


Current CompileTask:
C2: 808326 1756       4       org.gradle.internal.logging.text.AbstractLineChoppingStyledTextOutput::doAppend (43 bytes)

Stack: [0x000000c6f6f00000,0x000000c6f7000000]
Native frames: (J=compiled Java code, j=interpreted, Vv=VM code, C=native code)
V  [jvm.dll+0x676a4a]
V  [jvm.dll+0x7d74f4]
V  [jvm.dll+0x7d8c9e]
V  [jvm.dll+0x7d9303]
V  [jvm.dll+0x2452c5]
V  [jvm.dll+0xaaa2b]
V  [jvm.dll+0xaafcc]
V  [jvm.dll+0x36141e]
V  [jvm.dll+0x32bba1]
V  [jvm.dll+0x32b03a]
V  [jvm.dll+0x217acf]
V  [jvm.dll+0x216f01]
V  [jvm.dll+0x1a35e0]
V  [jvm.dll+0x226a6e]
V  [jvm.dll+0x224e15]
V  [jvm.dll+0x78d05c]
V  [jvm.dll+0x78759a]
V  [jvm.dll+0x675875]
C  [ucrtbase.dll+0x21bb2]
C  [KERNEL32.DLL+0x17614]
C  [ntdll.dll+0x526b1]


---------------  P R O C E S S  ---------------

Threads class SMR info:
_java_thread_list=0x000001feed73edb0, length=15, elements={
0x000001fed2ea3f60, 0x000001fed2f78b20, 0x000001fed2f79990, 0x000001feebd6ad90,
0x000001feebd6c860, 0x000001feebd6f220, 0x000001feebd6fbd0, 0x000001feebd70d70,
0x000001feebdd92d0, 0x000001feebddb8e0, 0x000001feebe36fd0, 0x000001feebe398f0,
0x000001feed3f2530, 0x000001feed889770, 0x000001feed88e2b0
}

Java Threads: ( => current thread )
  0x000001fed2ea3f60 JavaThread "main" [_thread_in_native, id=7924, stack(0x000000c6f6100000,0x000000c6f6200000)]
  0x000001fed2f78b20 JavaThread "Reference Handler" daemon [_thread_blocked, id=19024, stack(0x000000c6f6900000,0x000000c6f6a00000)]
  0x000001fed2f79990 JavaThread "Finalizer" daemon [_thread_blocked, id=12208, stack(0x000000c6f6a00000,0x000000c6f6b00000)]
  0x000001feebd6ad90 JavaThread "Signal Dispatcher" daemon [_thread_blocked, id=17724, stack(0x000000c6f6b00000,0x000000c6f6c00000)]
  0x000001feebd6c860 JavaThread "Attach Listener" daemon [_thread_blocked, id=7780, stack(0x000000c6f6c00000,0x000000c6f6d00000)]
  0x000001feebd6f220 JavaThread "Service Thread" daemon [_thread_blocked, id=21296, stack(0x000000c6f6d00000,0x000000c6f6e00000)]
  0x000001feebd6fbd0 JavaThread "Monitor Deflation Thread" daemon [_thread_blocked, id=240, stack(0x000000c6f6e00000,0x000000c6f6f00000)]
=>0x000001feebd70d70 JavaThread "C2 CompilerThread0" daemon [_thread_in_native, id=6360, stack(0x000000c6f6f00000,0x000000c6f7000000)]
  0x000001feebdd92d0 JavaThread "C1 CompilerThread0" daemon [_thread_blocked, id=6364, stack(0x000000c6f7000000,0x000000c6f7100000)]
  0x000001feebddb8e0 JavaThread "Sweeper thread" daemon [_thread_blocked, id=13136, stack(0x000000c6f7100000,0x000000c6f7200000)]
  0x000001feebe36fd0 JavaThread "Notification Thread" daemon [_thread_blocked, id=13152, stack(0x000000c6f7200000,0x000000c6f7300000)]
  0x000001feebe398f0 JavaThread "Common-Cleaner" daemon [_thread_blocked, id=18048, stack(0x000000c6f7400000,0x000000c6f7500000)]
  0x000001feed3f2530 JavaThread "pool-1-thread-1" [_thread_blocked, id=15696, stack(0x000000c6f7900000,0x000000c6f7a00000)]
  0x000001feed889770 JavaThread "DisconnectableInputStream source reader" daemon [_thread_in_native, id=7500, stack(0x000000c6f7a00000,0x000000c6f7b00000)]
  0x000001feed88e2b0 JavaThread "Forward input" [_thread_blocked, id=7792, stack(0x000000c6f7b00000,0x000000c6f7c00000)]

Other Threads:
  0x000001fed2f70eb0 VMThread "VM Thread" [stack: 0x000000c6f6800000,0x000000c6f6900000] [id=13036]
  0x000001feebe394b0 WatcherThread [stack: 0x000000c6f7300000,0x000000c6f7400000] [id=18828]
  0x000001fed2ec4d20 GCTaskThread "GC Thread#0" [stack: 0x000000c6f6300000,0x000000c6f6400000] [id=2184]
  0x000001feec9e3430 GCTaskThread "GC Thread#1" [stack: 0x000000c6f7600000,0x000000c6f7700000] [id=10324]
  0x000001feecbcf410 GCTaskThread "GC Thread#2" [stack: 0x000000c6f7700000,0x000000c6f7800000] [id=13540]
  0x000001feecd5dbf0 GCTaskThread "GC Thread#3" [stack: 0x000000c6f7800000,0x000000c6f7900000] [id=17868]
  0x000001fed2ec6460 ConcurrentGCThread "G1 Main Marker" [stack: 0x000000c6f6400000,0x000000c6f6500000] [id=6292]
  0x000001fed2ec6e70 ConcurrentGCThread "G1 Conc#0" [stack: 0x000000c6f6500000,0x000000c6f6600000] [id=20576]
  0x000001fed2f129a0 ConcurrentGCThread "G1 Refine#0" [stack: 0x000000c6f6600000,0x000000c6f6700000] [id=15852]
  0x000001fed2f133c0 ConcurrentGCThread "G1 Service" [stack: 0x000000c6f6700000,0x000000c6f6800000] [id=19488]

Threads with active compile tasks:
C2 CompilerThread0   808369 1756       4       org.gradle.internal.logging.text.AbstractLineChoppingStyledTextOutput::doAppend (43 bytes)

VM state: not at safepoint (normal execution)

VM Mutex/Monitor currently owned by a thread: None

Heap address: 0x00000000fc000000, size: 64 MB, Compressed Oops mode: 32-bit

CDS archive(s) mapped at: [0x0000000800000000-0x0000000800bd0000-0x0000000800bd0000), size 12386304, SharedBaseAddress: 0x0000000800000000, ArchiveRelocationMode: 0.
Compressed class space mapped at: 0x0000000800c00000-0x0000000840c00000, reserved size: 1073741824
Narrow klass base: 0x0000000800000000, Narrow klass shift: 0, Narrow klass range: 0x100000000

GC Precious Log:
 CPUs: 4 total, 4 available
 Memory: 16263M
 Large Page Support: Disabled
 NUMA Support: Disabled
 Compressed Oops: Enabled (32-bit)
 Heap Region Size: 1M
 Heap Min Capacity: 64M
 Heap Initial Capacity: 64M
 Heap Max Capacity: 64M
 Pre-touch: Disabled
 Parallel Workers: 4
 Concurrent Workers: 1
 Concurrent Refinement Workers: 4
 Periodic GC: Disabled

Heap:
 garbage-first heap   total 65536K, used 22959K [0x00000000fc000000, 0x0000000100000000)
  region size 1024K, 17 young (17408K), 3 survivors (3072K)
 Metaspace       used 9193K, committed 9408K, reserved 1056768K
  class space    used 1193K, committed 1280K, reserved 1048576K

Heap Regions: E=young(eden), S=young(survivor), O=old, HS=humongous(starts), HC=humongous(continues), CS=collection set, F=free, OA=open archive, CA=closed archive, TAMS=top-at-mark-start (previous, next)
|   0|0x00000000fc000000, 0x00000000fc100000, 0x00000000fc100000|100%|HS|  |TAMS 0x00000000fc000000, 0x00000000fc000000| Complete 
|   1|0x00000000fc100000, 0x00000000fc200000, 0x00000000fc200000|100%|HC|  |TAMS 0x00000000fc100000, 0x00000000fc100000| Complete 
|   2|0x00000000fc200000, 0x00000000fc300000, 0x00000000fc300000|100%|HC|  |TAMS 0x00000000fc200000, 0x00000000fc200000| Complete 
|   3|0x00000000fc300000, 0x00000000fc400000, 0x00000000fc400000|100%| O|  |TAMS 0x00000000fc300000, 0x00000000fc300000| Untracked 
|   4|0x00000000fc400000, 0x00000000fc500000, 0x00000000fc500000|100%| O|  |TAMS 0x00000000fc400000, 0x00000000fc400000| Untracked 
|   5|0x00000000fc500000, 0x00000000fc600000, 0x00000000fc600000|100%| O|  |TAMS 0x00000000fc500000, 0x00000000fc500000| Untracked 
|   6|0x00000000fc600000, 0x00000000fc66be00, 0x00000000fc700000| 42%| O|  |TAMS 0x00000000fc600000, 0x00000000fc600000| Untracked 
|   7|0x00000000fc700000, 0x00000000fc700000, 0x00000000fc800000|  0%| F|  |TAMS 0x00000000fc700000, 0x00000000fc700000| Untracked 
|   8|0x00000000fc800000, 0x00000000fc800000, 0x00000000fc900000|  0%| F|  |TAMS 0x00000000fc800000, 0x00000000fc800000| Untracked 
|   9|0x00000000fc900000, 0x00000000fc900000, 0x00000000fca00000|  0%| F|  |TAMS 0x00000000fc900000, 0x00000000fc900000| Untracked 
|  10|0x00000000fca00000, 0x00000000fca00000, 0x00000000fcb00000|  0%| F|  |TAMS 0x00000000fca00000, 0x00000000fca00000| Untracked 
|  11|0x00000000fcb00000, 0x00000000fcb00000, 0x00000000fcc00000|  0%| F|  |TAMS 0x00000000fcb00000, 0x00000000fcb00000| Untracked 
|  12|0x00000000fcc00000, 0x00000000fcc00000, 0x00000000fcd00000|  0%| F|  |TAMS 0x00000000fcc00000, 0x00000000fcc00000| Untracked 
|  13|0x00000000fcd00000, 0x00000000fcd00000, 0x00000000fce00000|  0%| F|  |TAMS 0x00000000fcd00000, 0x00000000fcd00000| Untracked 
|  14|0x00000000fce00000, 0x00000000fce00000, 0x00000000fcf00000|  0%| F|  |TAMS 0x00000000fce00000, 0x00000000fce00000| Untracked 
|  15|0x00000000fcf00000, 0x00000000fcf00000, 0x00000000fd000000|  0%| F|  |TAMS 0x00000000fcf00000, 0x00000000fcf00000| Untracked 
|  16|0x00000000fd000000, 0x00000000fd000000, 0x00000000fd100000|  0%| F|  |TAMS 0x00000000fd000000, 0x00000000fd000000| Untracked 
|  17|0x00000000fd100000, 0x00000000fd100000, 0x00000000fd200000|  0%| F|  |TAMS 0x00000000fd100000, 0x00000000fd100000| Untracked 
|  18|0x00000000fd200000, 0x00000000fd200000, 0x00000000fd300000|  0%| F|  |TAMS 0x00000000fd200000, 0x00000000fd200000| Untracked 
|  19|0x00000000fd300000, 0x00000000fd300000, 0x00000000fd400000|  0%| F|  |TAMS 0x00000000fd300000, 0x00000000fd300000| Untracked 
|  20|0x00000000fd400000, 0x00000000fd400000, 0x00000000fd500000|  0%| F|  |TAMS 0x00000000fd400000, 0x00000000fd400000| Untracked 
|  21|0x00000000fd500000, 0x00000000fd500000, 0x00000000fd600000|  0%| F|  |TAMS 0x00000000fd500000, 0x00000000fd500000| Untracked 
|  22|0x00000000fd600000, 0x00000000fd600000, 0x00000000fd700000|  0%| F|  |TAMS 0x00000000fd600000, 0x00000000fd600000| Untracked 
|  23|0x00000000fd700000, 0x00000000fd700000, 0x00000000fd800000|  0%| F|  |TAMS 0x00000000fd700000, 0x00000000fd700000| Untracked 
|  24|0x00000000fd800000, 0x00000000fd800000, 0x00000000fd900000|  0%| F|  |TAMS 0x00000000fd800000, 0x00000000fd800000| Untracked 
|  25|0x00000000fd900000, 0x00000000fd900000, 0x00000000fda00000|  0%| F|  |TAMS 0x00000000fd900000, 0x00000000fd900000| Untracked 
|  26|0x00000000fda00000, 0x00000000fda00000, 0x00000000fdb00000|  0%| F|  |TAMS 0x00000000fda00000, 0x00000000fda00000| Untracked 
|  27|0x00000000fdb00000, 0x00000000fdb00000, 0x00000000fdc00000|  0%| F|  |TAMS 0x00000000fdb00000, 0x00000000fdb00000| Untracked 
|  28|0x00000000fdc00000, 0x00000000fdc00000, 0x00000000fdd00000|  0%| F|  |TAMS 0x00000000fdc00000, 0x00000000fdc00000| Untracked 
|  29|0x00000000fdd00000, 0x00000000fdd00000, 0x00000000fde00000|  0%| F|  |TAMS 0x00000000fdd00000, 0x00000000fdd00000| Untracked 
|  30|0x00000000fde00000, 0x00000000fde00000, 0x00000000fdf00000|  0%| F|  |TAMS 0x00000000fde00000, 0x00000000fde00000| Untracked 
|  31|0x00000000fdf00000, 0x00000000fdf00000, 0x00000000fe000000|  0%| F|  |TAMS 0x00000000fdf00000, 0x00000000fdf00000| Untracked 
|  32|0x00000000fe000000, 0x00000000fe000000, 0x00000000fe100000|  0%| F|  |TAMS 0x00000000fe000000, 0x00000000fe000000| Untracked 
|  33|0x00000000fe100000, 0x00000000fe100000, 0x00000000fe200000|  0%| F|  |TAMS 0x00000000fe100000, 0x00000000fe100000| Untracked 
|  34|0x00000000fe200000, 0x00000000fe200000, 0x00000000fe300000|  0%| F|  |TAMS 0x00000000fe200000, 0x00000000fe200000| Untracked 
|  35|0x00000000fe300000, 0x00000000fe300000, 0x00000000fe400000|  0%| F|  |TAMS 0x00000000fe300000, 0x00000000fe300000| Untracked 
|  36|0x00000000fe400000, 0x00000000fe400000, 0x00000000fe500000|  0%| F|  |TAMS 0x00000000fe400000, 0x00000000fe400000| Untracked 
|  37|0x00000000fe500000, 0x00000000fe500000, 0x00000000fe600000|  0%| F|  |TAMS 0x00000000fe500000, 0x00000000fe500000| Untracked 
|  38|0x00000000fe600000, 0x00000000fe600000, 0x00000000fe700000|  0%| F|  |TAMS 0x00000000fe600000, 0x00000000fe600000| Untracked 
|  39|0x00000000fe700000, 0x00000000fe700000, 0x00000000fe800000|  0%| F|  |TAMS 0x00000000fe700000, 0x00000000fe700000| Untracked 
|  40|0x00000000fe800000, 0x00000000fe800000, 0x00000000fe900000|  0%| F|  |TAMS 0x00000000fe800000, 0x00000000fe800000| Untracked 
|  41|0x00000000fe900000, 0x00000000fe900000, 0x00000000fea00000|  0%| F|  |TAMS 0x00000000fe900000, 0x00000000fe900000| Untracked 
|  42|0x00000000fea00000, 0x00000000fea00000, 0x00000000feb00000|  0%| F|  |TAMS 0x00000000fea00000, 0x00000000fea00000| Untracked 
|  43|0x00000000feb00000, 0x00000000feb00000, 0x00000000fec00000|  0%| F|  |TAMS 0x00000000feb00000, 0x00000000feb00000| Untracked 
|  44|0x00000000fec00000, 0x00000000fed00000, 0x00000000fed00000|100%| S|CS|TAMS 0x00000000fec00000, 0x00000000fec00000| Complete 
|  45|0x00000000fed00000, 0x00000000fee00000, 0x00000000fee00000|100%| S|CS|TAMS 0x00000000fed00000, 0x00000000fed00000| Complete 
|  46|0x00000000fee00000, 0x00000000fef00000, 0x00000000fef00000|100%| S|CS|TAMS 0x00000000fee00000, 0x00000000fee00000| Complete 
|  47|0x00000000fef00000, 0x00000000fef00000, 0x00000000ff000000|  0%| F|  |TAMS 0x00000000fef00000, 0x00000000fef00000| Untracked 
|  48|0x00000000ff000000, 0x00000000ff000000, 0x00000000ff100000|  0%| F|  |TAMS 0x00000000ff000000, 0x00000000ff000000| Untracked 
|  49|0x00000000ff100000, 0x00000000ff100000, 0x00000000ff200000|  0%| F|  |TAMS 0x00000000ff100000, 0x00000000ff100000| Untracked 
|  50|0x00000000ff200000, 0x00000000ff21a1b0, 0x00000000ff300000| 10%| E|  |TAMS 0x00000000ff200000, 0x00000000ff200000| Complete 
|  51|0x00000000ff300000, 0x00000000ff400000, 0x00000000ff400000|100%| E|CS|TAMS 0x00000000ff300000, 0x00000000ff300000| Complete 
|  52|0x00000000ff400000, 0x00000000ff500000, 0x00000000ff500000|100%| E|CS|TAMS 0x00000000ff400000, 0x00000000ff400000| Complete 
|  53|0x00000000ff500000, 0x00000000ff600000, 0x00000000ff600000|100%| E|CS|TAMS 0x00000000ff500000, 0x00000000ff500000| Complete 
|  54|0x00000000ff600000, 0x00000000ff700000, 0x00000000ff700000|100%| E|CS|TAMS 0x00000000ff600000, 0x00000000ff600000| Complete 
|  55|0x00000000ff700000, 0x00000000ff800000, 0x00000000ff800000|100%| E|CS|TAMS 0x00000000ff700000, 0x00000000ff700000| Complete 
|  56|0x00000000ff800000, 0x00000000ff900000, 0x00000000ff900000|100%| E|CS|TAMS 0x00000000ff800000, 0x00000000ff800000| Complete 
|  57|0x00000000ff900000, 0x00000000ffa00000, 0x00000000ffa00000|100%| E|CS|TAMS 0x00000000ff900000, 0x00000000ff900000| Complete 
|  58|0x00000000ffa00000, 0x00000000ffb00000, 0x00000000ffb00000|100%| E|CS|TAMS 0x00000000ffa00000, 0x00000000ffa00000| Complete 
|  59|0x00000000ffb00000, 0x00000000ffc00000, 0x00000000ffc00000|100%| E|CS|TAMS 0x00000000ffb00000, 0x00000000ffb00000| Complete 
|  60|0x00000000ffc00000, 0x00000000ffd00000, 0x00000000ffd00000|100%| E|CS|TAMS 0x00000000ffc00000, 0x00000000ffc00000| Complete 
|  61|0x00000000ffd00000, 0x00000000ffe00000, 0x00000000ffe00000|100%| E|CS|TAMS 0x00000000ffd00000, 0x00000000ffd00000| Complete 
|  62|0x00000000ffe00000, 0x00000000fff00000, 0x00000000fff00000|100%| E|CS|TAMS 0x00000000ffe00000, 0x00000000ffe00000| Complete 
|  63|0x00000000fff00000, 0x0000000100000000, 0x0000000100000000|100%| E|CS|TAMS 0x00000000fff00000, 0x00000000fff00000| Complete 

Card table byte_map: [0x000001fed0e90000,0x000001fed0eb0000] _byte_map_base: 0x000001fed06b0000

Marking Bits (Prev, Next): (CMBitMap*) 0x000001fed2ec5330, (CMBitMap*) 0x000001fed2ec5370
 Prev Bits: [0x000001fed2ca0000, 0x000001fed2da0000)
 Next Bits: [0x000001fee9730000, 0x000001fee9830000)

Polling page: 0x000001fed0e40000

Metaspace:

Usage:
  Non-class:      7.81 MB used.
      Class:      1.17 MB used.
       Both:      8.98 MB used.

Virtual space:
  Non-class space:        8.00 MB reserved,       7.94 MB (>99%) committed,  1 nodes.
      Class space:        1.00 GB reserved,       1.25 MB ( <1%) committed,  1 nodes.
             Both:        1.01 GB reserved,       9.19 MB ( <1%) committed. 

Chunk freelists:
   Non-Class:  16.00 KB
       Class:  2.58 MB
        Both:  2.59 MB

MaxMetaspaceSize: unlimited
CompressedClassSpaceSize: 1.00 GB
Initial GC threshold: 21.00 MB
Current GC threshold: 21.00 MB
CDS: on
MetaspaceReclaimPolicy: balanced
 - commit_granule_bytes: 65536.
 - commit_granule_words: 8192.
 - virtual_space_node_default_size: 1048576.
 - enlarge_chunks_in_place: 1.
 - new_chunks_are_fully_committed: 0.
 - uncommit_free_chunks: 1.
 - use_allocation_guard: 0.
 - handle_deallocations: 1.


Internal statistics:

num_allocs_failed_limit: 0.
num_arena_births: 90.
num_arena_deaths: 0.
num_vsnodes_births: 2.
num_vsnodes_deaths: 0.
num_space_committed: 147.
num_space_uncommitted: 0.
num_chunks_returned_to_freelist: 0.
num_chunks_taken_from_freelist: 326.
num_chunk_merges: 0.
num_chunk_splits: 218.
num_chunks_enlarged: 178.
num_purges: 0.
num_inconsistent_stats: 0.

CodeHeap 'non-profiled nmethods': size=120000Kb used=698Kb max_used=698Kb free=119301Kb
 bounds [0x000001fee2200000, 0x000001fee2470000, 0x000001fee9730000]
CodeHeap 'profiled nmethods': size=120000Kb used=3364Kb max_used=3364Kb free=116636Kb
 bounds [0x000001feda730000, 0x000001fedaa80000, 0x000001fee1c60000]
CodeHeap 'non-nmethods': size=5760Kb used=1171Kb max_used=1206Kb free=4589Kb
 bounds [0x000001fee1c60000, 0x000001fee1ed0000, 0x000001fee2200000]
 total_blobs=2224 nmethods=1754 adapters=383
 compilation: enabled
              stopped_count=0, restarted_count=0
 full_count=0

Compilation events (20 events):
Event: 798.926 Thread 0x000001feebdd92d0 nmethod 1746 0x000001fedaa72d10 code [0x000001fedaa72ea0, 0x000001fedaa73018]
Event: 798.926 Thread 0x000001feebdd92d0 1747       3       org.gradle.internal.logging.text.AbstractLineChoppingStyledTextOutput$SeenFromEol::clear (6 bytes)
Event: 798.926 Thread 0x000001feebdd92d0 nmethod 1747 0x000001fedaa73110 code [0x000001fedaa732a0, 0x000001fedaa733b8]
Event: 798.926 Thread 0x000001feebdd92d0 1748       3       org.gradle.internal.logging.console.StyledTextOutputBackedRenderer::onOutput (260 bytes)
Event: 798.928 Thread 0x000001feebdd92d0 nmethod 1748 0x000001fedaa73490 code [0x000001fedaa73900, 0x000001fedaa76448]
Event: 798.928 Thread 0x000001feebdd92d0 1749       3       org.gradle.internal.logging.sink.ErrorOutputDispatchingListener::onOutput (64 bytes)
Event: 798.929 Thread 0x000001feebdd92d0 nmethod 1749 0x000001fedaa76f10 code [0x000001fedaa77120, 0x000001fedaa777f8]
Event: 799.137 Thread 0x000001feebdd92d0 1750       3       org.gradle.internal.logging.events.RenderableOutputEvent::<init> (15 bytes)
Event: 799.137 Thread 0x000001feebdd92d0 nmethod 1750 0x000001fedaa77990 code [0x000001fedaa77b40, 0x000001fedaa77e78]
Event: 799.137 Thread 0x000001feebdd92d0 1751       3       org.gradle.internal.logging.text.AbstractLineChoppingStyledTextOutput$3::execute (9 bytes)
Event: 799.138 Thread 0x000001feebdd92d0 nmethod 1751 0x000001fedaa77f90 code [0x000001fedaa78140, 0x000001fedaa78388]
Event: 799.302 Thread 0x000001feebd70d70 1752       4       com.esotericsoftware.kryo.io.Input::readUtf8 (90 bytes)
Event: 799.317 Thread 0x000001feebd70d70 nmethod 1752 0x000001fee22adc10 code [0x000001fee22adda0, 0x000001fee22ae458]
Event: 799.321 Thread 0x000001feebdd92d0 1753       3       org.gradle.internal.logging.text.AbstractLineChoppingStyledTextOutput$SeenFromEol::add (18 bytes)
Event: 799.321 Thread 0x000001feebdd92d0 nmethod 1753 0x000001fedaa78490 code [0x000001fedaa78620, 0x000001fedaa78758]
Event: 799.322 Thread 0x000001feebdd92d0 1754       3       org.gradle.internal.logging.text.AbstractLineChoppingStyledTextOutput$StateContext::next (11 bytes)
Event: 799.322 Thread 0x000001feebdd92d0 nmethod 1754 0x000001fedaa78810 code [0x000001fedaa789a0, 0x000001fedaa78ab8]
Event: 799.322 Thread 0x000001feebdd92d0 1755       3       com.google.common.base.Preconditions::checkNotNull (14 bytes)
Event: 799.322 Thread 0x000001feebdd92d0 nmethod 1755 0x000001fedaa78b90 code [0x000001fedaa78d40, 0x000001fedaa78f28]
Event: 808.214 Thread 0x000001feebd70d70 1756       4       org.gradle.internal.logging.text.AbstractLineChoppingStyledTextOutput::doAppend (43 bytes)

GC Heap History (4 events):
Event: 2.302 GC heap before
{Heap before GC invocations=0 (full 0):
 garbage-first heap   total 65536K, used 16384K [0x00000000fc000000, 0x0000000100000000)
  region size 1024K, 13 young (13312K), 0 survivors (0K)
 Metaspace       used 2029K, committed 2176K, reserved 1056768K
  class space    used 198K, committed 256K, reserved 1048576K
}
Event: 2.324 GC heap after
{Heap after GC invocations=1 (full 0):
 garbage-first heap   total 65536K, used 3448K [0x00000000fc000000, 0x0000000100000000)
  region size 1024K, 2 young (2048K), 2 survivors (2048K)
 Metaspace       used 2029K, committed 2176K, reserved 1056768K
  class space    used 198K, committed 256K, reserved 1048576K
}
Event: 3.854 GC heap before
{Heap before GC invocations=1 (full 0):
 garbage-first heap   total 65536K, used 20856K [0x00000000fc000000, 0x0000000100000000)
  region size 1024K, 17 young (17408K), 2 survivors (2048K)
 Metaspace       used 5579K, committed 5760K, reserved 1056768K
  class space    used 773K, committed 832K, reserved 1048576K
}
Event: 3.857 GC heap after
{Heap after GC invocations=2 (full 0):
 garbage-first heap   total 65536K, used 9647K [0x00000000fc000000, 0x0000000100000000)
  region size 1024K, 3 young (3072K), 3 survivors (3072K)
 Metaspace       used 5579K, committed 5760K, reserved 1056768K
  class space    used 773K, committed 832K, reserved 1048576K
}

Deoptimization events (20 events):
Event: 561.298 Thread 0x000001feed3f2530 Uncommon trap: trap_request=0xffffff45 fr.pc=0x000001fee228f320 relative=0x0000000000000340
Event: 561.298 Thread 0x000001feed3f2530 Uncommon trap: reason=unstable_if action=reinterpret pc=0x000001fee228f320 method=org.gradle.internal.logging.sink.GroupingProgressLogEventGenerator$OperationGroup.maybeFlushOutput(J)V @ 26 c2
Event: 561.298 Thread 0x000001feed3f2530 DEOPT PACKING pc=0x000001fee228f320 sp=0x000000c6f79fee80
Event: 561.298 Thread 0x000001feed3f2530 DEOPT UNPACKING pc=0x000001fee1cb23a3 sp=0x000000c6f79fedb0 mode 2
Event: 563.484 Thread 0x000001feed3f2530 Uncommon trap: trap_request=0xffffff45 fr.pc=0x000001fee2291dcc relative=0x0000000000000f8c
Event: 563.484 Thread 0x000001feed3f2530 Uncommon trap: reason=unstable_if action=reinterpret pc=0x000001fee2291dcc method=org.gradle.internal.logging.sink.GroupingProgressLogEventGenerator$OperationGroup.maybeFlushOutput(J)V @ 26 c2
Event: 563.484 Thread 0x000001feed3f2530 DEOPT PACKING pc=0x000001fee2291dcc sp=0x000000c6f79ff070
Event: 563.484 Thread 0x000001feed3f2530 DEOPT UNPACKING pc=0x000001fee1cb23a3 sp=0x000000c6f79fedb0 mode 2
Event: 777.345 Thread 0x000001feed3f2530 Uncommon trap: trap_request=0xffffff45 fr.pc=0x000001fee22a5dd0 relative=0x0000000000000550
Event: 777.345 Thread 0x000001feed3f2530 Uncommon trap: reason=unstable_if action=reinterpret pc=0x000001fee22a5dd0 method=org.gradle.internal.logging.text.AbstractLineChoppingStyledTextOutput$2.execute(Lorg/gradle/internal/logging/text/AbstractLineChoppingStyledTextOutput$StateContext;)V @ 34 c
Event: 777.345 Thread 0x000001feed3f2530 DEOPT PACKING pc=0x000001fee22a5dd0 sp=0x000000c6f79fec50
Event: 777.345 Thread 0x000001feed3f2530 DEOPT UNPACKING pc=0x000001fee1cb23a3 sp=0x000000c6f79fead8 mode 2
Event: 777.345 Thread 0x000001feed3f2530 Uncommon trap: trap_request=0xffffff45 fr.pc=0x000001fee22a3448 relative=0x0000000000000568
Event: 777.345 Thread 0x000001feed3f2530 Uncommon trap: reason=unstable_if action=reinterpret pc=0x000001fee22a3448 method=org.gradle.internal.logging.text.AbstractLineChoppingStyledTextOutput$2.execute(Lorg/gradle/internal/logging/text/AbstractLineChoppingStyledTextOutput$StateContext;)V @ 34 c
Event: 777.345 Thread 0x000001feed3f2530 DEOPT PACKING pc=0x000001fee22a3448 sp=0x000000c6f79febc0
Event: 777.345 Thread 0x000001feed3f2530 DEOPT UNPACKING pc=0x000001fee1cb23a3 sp=0x000000c6f79feac0 mode 2
Event: 777.345 Thread 0x000001feed3f2530 Uncommon trap: trap_request=0xffffff45 fr.pc=0x000001fee22a4090 relative=0x00000000000003b0
Event: 777.345 Thread 0x000001feed3f2530 Uncommon trap: reason=unstable_if action=reinterpret pc=0x000001fee22a4090 method=org.gradle.internal.logging.text.AbstractLineChoppingStyledTextOutput$2.execute(Lorg/gradle/internal/logging/text/AbstractLineChoppingStyledTextOutput$StateContext;)V @ 34 c
Event: 777.345 Thread 0x000001feed3f2530 DEOPT PACKING pc=0x000001fee22a4090 sp=0x000000c6f79feb20
Event: 777.345 Thread 0x000001feed3f2530 DEOPT UNPACKING pc=0x000001fee1cb23a3 sp=0x000000c6f79feae0 mode 2

Classes unloaded (0 events):
No events

Classes redefined (0 events):
No events

Internal exceptions (20 events):
Event: 2.824 Thread 0x000001fed2ea3f60 Exception <a 'java/lang/NoSuchMethodError'{0x00000000ff9b7300}: 'void java.lang.invoke.DirectMethodHandle$Holder.invokeStatic(java.lang.Object, java.lang.Object)'> (0x00000000ff9b7300) 
thrown [s\open\src\hotspot\share\interpreter\linkResolver.cpp, line 759]
Event: 2.887 Thread 0x000001fed2ea3f60 Exception <a 'java/lang/NoClassDefFoundError'{0x00000000ff83a300}: org/slf4j/impl/StaticMarkerBinder> (0x00000000ff83a300) 
thrown [s\open\src\hotspot\share\classfile\systemDictionary.cpp, line 245]
Event: 2.910 Thread 0x000001fed2ea3f60 Exception <a 'java/lang/NoSuchMethodError'{0x00000000ff8d5398}: 'java.lang.Object java.lang.invoke.DirectMethodHandle$Holder.invokeVirtual(java.lang.Object, java.lang.Object, java.lang.Object, java.lang.Object, java.lang.Object, java.lang.Object, java.lang.Object)'> (0x00000000ff8d5398) 
thrown [s\open\src\hotspot\share\interpreter\linkResolver.cpp, line 759]
Event: 2.917 Thread 0x000001fed2ea3f60 Exception <a 'java/lang/NoSuchMethodError'{0x00000000ff8e5ee8}: 'java.lang.Object java.lang.invoke.Invokers$Holder.invoker(java.lang.Object, java.lang.Object, java.lang.Object)'> (0x00000000ff8e5ee8) 
thrown [s\open\src\hotspot\share\interpreter\linkResolver.cpp, line 759]
Event: 2.987 Thread 0x000001fed2ea3f60 Exception <a 'java/lang/NoSuchMethodError'{0x00000000ff8eefb8}: 'java.lang.Object java.lang.invoke.DirectMethodHandle$Holder.invokeStatic(java.lang.Object, java.lang.Object, int)'> (0x00000000ff8eefb8) 
thrown [s\open\src\hotspot\share\interpreter\linkResolver.cpp, line 759]
Event: 2.989 Thread 0x000001fed2ea3f60 Exception <a 'java/lang/NoSuchMethodError'{0x00000000ff8faf08}: 'void java.lang.invoke.DelegatingMethodHandle$Holder.delegate(java.lang.Object, java.lang.Object, int, java.lang.Object)'> (0x00000000ff8faf08) 
thrown [s\open\src\hotspot\share\interpreter\linkResolver.cpp, line 759]
Event: 2.990 Thread 0x000001fed2ea3f60 Exception <a 'java/lang/NoSuchMethodError'{0x00000000ff8ff050}: 'int java.lang.invoke.DirectMethodHandle$Holder.invokeSpecial(java.lang.Object, java.lang.Object, java.lang.Object)'> (0x00000000ff8ff050) 
thrown [s\open\src\hotspot\share\interpreter\linkResolver.cpp, line 759]
Event: 2.994 Thread 0x000001fed2ea3f60 Exception <a 'java/lang/NoSuchMethodError'{0x00000000ff712628}: 'java.lang.Object java.lang.invoke.Invokers$Holder.invokeExact_MT(java.lang.Object, java.lang.Object, java.lang.Object, java.lang.Object)'> (0x00000000ff712628) 
thrown [s\open\src\hotspot\share\interpreter\linkResolver.cpp, line 759]
Event: 3.346 Thread 0x000001fed2ea3f60 Exception <a 'java/lang/NoSuchMethodError'{0x00000000ff302cf8}: 'java.lang.Object java.lang.invoke.DirectMethodHandle$Holder.invokeInterface(java.lang.Object, java.lang.Object, java.lang.Object)'> (0x00000000ff302cf8) 
thrown [s\open\src\hotspot\share\interpreter\linkResolver.cpp, line 759]
Event: 3.498 Thread 0x000001fed2ea3f60 Implicit null exception at 0x000001fee2250eb1 to 0x000001fee2251334
Event: 3.498 Thread 0x000001fed2ea3f60 Implicit null exception at 0x000001fee22409ac to 0x000001fee2240e04
Event: 3.625 Thread 0x000001fed2ea3f60 Exception <a 'java/lang/NoSuchMethodError'{0x00000000ff0b4bf0}: 'java.lang.Object java.lang.invoke.DirectMethodHandle$Holder.invokeStaticInit(java.lang.Object)'> (0x00000000ff0b4bf0) 
thrown [s\open\src\hotspot\share\interpreter\linkResolver.cpp, line 759]
Event: 4.011 Thread 0x000001fed2ea3f60 Exception <a 'java/lang/NoSuchMethodError'{0x00000000ffdcd508}: 'java.lang.Object java.lang.invoke.DirectMethodHandle$Holder.invokeStaticInit(java.lang.Object, int, int, int, int)'> (0x00000000ffdcd508) 
thrown [s\open\src\hotspot\share\interpreter\linkResolver.cpp, line 759]
Event: 4.235 Thread 0x000001fed2ea3f60 Exception <a 'java/lang/NoSuchMethodError'{0x00000000ffdfdd90}: 'java.lang.Object java.lang.invoke.DirectMethodHandle$Holder.invokeStaticInit(java.lang.Object, java.lang.Object, int, int, int, int)'> (0x00000000ffdfdd90) 
thrown [s\open\src\hotspot\share\interpreter\linkResolver.cpp, line 759]
Event: 4.881 Thread 0x000001fed2ea3f60 Exception <a 'java/lang/NoSuchMethodError'{0x00000000ffc2a798}: 'void java.lang.invoke.DirectMethodHandle$Holder.invokeStatic(java.lang.Object, java.lang.Object, java.lang.Object)'> (0x00000000ffc2a798) 
thrown [s\open\src\hotspot\share\interpreter\linkResolver.cpp, line 759]
Event: 5.618 Thread 0x000001feed2f27a0 Exception <a 'java/lang/NoSuchMethodError'{0x00000000ff7f31b0}: 'void java.lang.invoke.DirectMethodHandle$Holder.invokeStatic(java.lang.Object, long)'> (0x00000000ff7f31b0) 
thrown [s\open\src\hotspot\share\interpreter\linkResolver.cpp, line 759]
Event: 5.619 Thread 0x000001feed2f27a0 Exception <a 'java/lang/NoSuchMethodError'{0x00000000ff7f8b08}: 'java.lang.Object java.lang.invoke.DirectMethodHandle$Holder.newInvokeSpecial(java.lang.Object, long)'> (0x00000000ff7f8b08) 
thrown [s\open\src\hotspot\share\interpreter\linkResolver.cpp, line 759]
Event: 5.621 Thread 0x000001feed2f27a0 Exception <a 'java/lang/NoSuchMethodError'{0x00000000ff604170}: 'java.lang.Object java.lang.invoke.DirectMethodHandle$Holder.invokeStaticInit(java.lang.Object, java.lang.Object, long, java.lang.Object)'> (0x00000000ff604170) 
thrown [s\open\src\hotspot\share\interpreter\linkResolver.cpp, line 759]
Event: 5.622 Thread 0x000001feed2f27a0 Exception <a 'java/lang/NoSuchMethodError'{0x00000000ff60a830}: 'java.lang.Object java.lang.invoke.DirectMethodHandle$Holder.newInvokeSpecial(java.lang.Object, java.lang.Object, long)'> (0x00000000ff60a830) 
thrown [s\open\src\hotspot\share\interpreter\linkResolver.cpp, line 759]
Event: 5.623 Thread 0x000001feed2f27a0 Exception <a 'java/lang/NoSuchMethodError'{0x00000000ff60eb20}: 'java.lang.Object java.lang.invoke.Invokers$Holder.linkToTargetMethod(java.lang.Object, long, java.lang.Object)'> (0x00000000ff60eb20) 
thrown [s\open\src\hotspot\share\interpreter\linkResolver.cpp, line 759]

VM Operations (20 events):
Event: 777.816 Executing VM operation: Cleanup
Event: 777.816 Executing VM operation: Cleanup done
Event: 778.819 Executing VM operation: Cleanup
Event: 778.819 Executing VM operation: Cleanup done
Event: 781.830 Executing VM operation: Cleanup
Event: 781.830 Executing VM operation: Cleanup done
Event: 782.834 Executing VM operation: Cleanup
Event: 782.834 Executing VM operation: Cleanup done
Event: 783.848 Executing VM operation: Cleanup
Event: 783.848 Executing VM operation: Cleanup done
Event: 784.854 Executing VM operation: Cleanup
Event: 784.854 Executing VM operation: Cleanup done
Event: 787.876 Executing VM operation: Cleanup
Event: 787.876 Executing VM operation: Cleanup done
Event: 797.974 Executing VM operation: Cleanup
Event: 797.974 Executing VM operation: Cleanup done
Event: 798.988 Executing VM operation: Cleanup
Event: 798.988 Executing VM operation: Cleanup done
Event: 800.014 Executing VM operation: Cleanup
Event: 800.014 Executing VM operation: Cleanup done

Events (20 events):
Event: 561.155 loading class jdk/internal/logger/LazyLoggers$LazyLoggerFactories
Event: 561.155 loading class jdk/internal/logger/LazyLoggers$LazyLoggerFactories done
Event: 561.156 loading class jdk/internal/logger/LoggerFinderLoader
Event: 561.156 loading class jdk/internal/logger/LoggerFinderLoader done
Event: 561.157 loading class sun/util/logging/internal/LoggingProviderImpl$JULWrapper
Event: 561.157 loading class sun/util/logging/PlatformLogger$ConfigurableBridge$LoggerConfiguration
Event: 561.157 loading class sun/util/logging/PlatformLogger$ConfigurableBridge$LoggerConfiguration done
Event: 561.157 loading class sun/util/logging/internal/LoggingProviderImpl$JULWrapper done
Event: 561.157 loading class java/io/ObjectInputFilter
Event: 561.157 loading class java/io/ObjectInputFilter done
Event: 561.158 loading class java/io/ObjectInputFilter$Config$BuiltinFilterFactory
Event: 561.158 loading class java/io/ObjectInputFilter$Config$BuiltinFilterFactory done
Event: 561.158 loading class jdk/internal/access/JavaObjectInputFilterAccess
Event: 561.158 loading class jdk/internal/access/JavaObjectInputFilterAccess done
Event: 561.159 loading class java/lang/System$Logger$Level
Event: 561.159 loading class java/lang/System$Logger$Level done
Event: 561.159 loading class java/io/Bits
Event: 561.159 loading class java/io/Bits done
Event: 631.788 loading class jdk/internal/misc/ScopedMemoryAccess$Scope
Event: 631.788 loading class jdk/internal/misc/ScopedMemoryAccess$Scope done


Dynamic libraries:
0x00007ff649ef0000 - 0x00007ff649f00000 	C:\Program Files\Java\jdk-17\bin\java.exe
0x00007ffa90ab0000 - 0x00007ffa90ca8000 	C:\Windows\SYSTEM32\ntdll.dll
0x00007ffa8eeb0000 - 0x00007ffa8ef6f000 	C:\Windows\System32\KERNEL32.DLL
0x00007ffa8e320000 - 0x00007ffa8e616000 	C:\Windows\System32\KERNELBASE.dll
0x00007ffa8ea10000 - 0x00007ffa8eb10000 	C:\Windows\System32\ucrtbase.dll
0x00007ffa714f0000 - 0x00007ffa71509000 	C:\Program Files\Java\jdk-17\bin\jli.dll
0x00007ffa905c0000 - 0x00007ffa9066f000 	C:\Windows\System32\ADVAPI32.dll
0x00007ffa90690000 - 0x00007ffa9072e000 	C:\Windows\System32\msvcrt.dll
0x00007ffa909a0000 - 0x00007ffa90a3c000 	C:\Windows\System32\sechost.dll
0x00007ffa8ebd0000 - 0x00007ffa8ecf6000 	C:\Windows\System32\RPCRT4.dll
0x00007ffa8ed00000 - 0x00007ffa8ee9d000 	C:\Windows\System32\USER32.dll
0x00007ffa8e950000 - 0x00007ffa8e972000 	C:\Windows\System32\win32u.dll
0x00007ffa8fd90000 - 0x00007ffa8fdbc000 	C:\Windows\System32\GDI32.dll
0x00007ffa8e670000 - 0x00007ffa8e785000 	C:\Windows\System32\gdi32full.dll
0x00007ffa8e8b0000 - 0x00007ffa8e94d000 	C:\Windows\System32\msvcp_win.dll
0x00007ffa69870000 - 0x00007ffa6988b000 	C:\Program Files\Java\jdk-17\bin\VCRUNTIME140.dll
0x00007ffa6a860000 - 0x00007ffa6aafa000 	C:\Windows\WinSxS\amd64_microsoft.windows.common-controls_6595b64144ccf1df_6.0.19041.1110_none_60b5254171f9507e\COMCTL32.dll
0x00007ffa85600000 - 0x00007ffa8560a000 	C:\Windows\SYSTEM32\VERSION.dll
0x00007ffa90a40000 - 0x00007ffa90a70000 	C:\Windows\System32\IMM32.DLL
0x00007ffa7f3a0000 - 0x00007ffa7f3ac000 	C:\Program Files\Java\jdk-17\bin\vcruntime140_1.dll
0x00007ffa5b930000 - 0x00007ffa5b9be000 	C:\Program Files\Java\jdk-17\bin\msvcp140.dll
0x00007ff9f6400000 - 0x00007ff9f6fdd000 	C:\Program Files\Java\jdk-17\bin\server\jvm.dll
0x00007ffa8eea0000 - 0x00007ffa8eea8000 	C:\Windows\System32\PSAPI.DLL
0x00007ffa7dea0000 - 0x00007ffa7dea9000 	C:\Windows\SYSTEM32\WSOCK32.dll
0x00007ffa8fcc0000 - 0x00007ffa8fd2b000 	C:\Windows\System32\WS2_32.dll
0x00007ffa62d90000 - 0x00007ffa62db7000 	C:\Windows\SYSTEM32\WINMM.dll
0x00007ffa8c9c0000 - 0x00007ffa8c9d2000 	C:\Windows\SYSTEM32\kernel.appcore.dll
0x00007ffa7ddb0000 - 0x00007ffa7ddba000 	C:\Program Files\Java\jdk-17\bin\jimage.dll
0x00007ffa88d90000 - 0x00007ffa88f74000 	C:\Windows\SYSTEM32\DBGHELP.DLL
0x00007ffa7c6a0000 - 0x00007ffa7c6d4000 	C:\Windows\SYSTEM32\dbgcore.DLL
0x00007ffa8e980000 - 0x00007ffa8ea02000 	C:\Windows\System32\bcryptPrimitives.dll
0x00007ffa66310000 - 0x00007ffa66335000 	C:\Program Files\Java\jdk-17\bin\java.dll
0x00007ffa58170000 - 0x00007ffa58247000 	C:\Program Files\Java\jdk-17\bin\jsvml.dll
0x00007ffa8fdc0000 - 0x00007ffa90504000 	C:\Windows\System32\SHELL32.dll
0x00007ffa8c040000 - 0x00007ffa8c7d3000 	C:\Windows\SYSTEM32\windows.storage.dll
0x00007ffa8eff0000 - 0x00007ffa8f344000 	C:\Windows\System32\combase.dll
0x00007ffa8db00000 - 0x00007ffa8db2e000 	C:\Windows\SYSTEM32\Wldp.dll
0x00007ffa8eb10000 - 0x00007ffa8ebbd000 	C:\Windows\System32\SHCORE.dll
0x00007ffa8fae0000 - 0x00007ffa8fb35000 	C:\Windows\System32\shlwapi.dll
0x00007ffa8e0c0000 - 0x00007ffa8e0e5000 	C:\Windows\SYSTEM32\profapi.dll
0x00007ffa67260000 - 0x00007ffa67279000 	C:\Program Files\Java\jdk-17\bin\net.dll
0x00007ffa83710000 - 0x00007ffa8381a000 	C:\Windows\SYSTEM32\WINHTTP.dll
0x00007ffa8d860000 - 0x00007ffa8d8ca000 	C:\Windows\system32\mswsock.dll
0x00007ffa66bf0000 - 0x00007ffa66c06000 	C:\Program Files\Java\jdk-17\bin\nio.dll
0x00007ffa666a0000 - 0x00007ffa666b8000 	C:\Program Files\Java\jdk-17\bin\zip.dll
0x00007ffa86230000 - 0x00007ffa86240000 	C:\Program Files\Java\jdk-17\bin\verify.dll
0x00007ffa7f460000 - 0x00007ffa7f487000 	C:\Users\ss\.gradle\native\e1d6ef7f7dcc3fd88c89a11ec53ec762bb8ba0a96d01ffa2cd45eb1d1d8dd5c5\windows-amd64\native-platform.dll
0x00007ffa86770000 - 0x00007ffa8677a000 	C:\Program Files\Java\jdk-17\bin\management.dll
0x00007ffa857e0000 - 0x00007ffa857eb000 	C:\Program Files\Java\jdk-17\bin\management_ext.dll
0x00007ffa8da50000 - 0x00007ffa8da68000 	C:\Windows\SYSTEM32\CRYPTSP.dll
0x00007ffa8d170000 - 0x00007ffa8d1a4000 	C:\Windows\system32\rsaenh.dll
0x00007ffa8e2f0000 - 0x00007ffa8e317000 	C:\Windows\System32\bcrypt.dll
0x00007ffa8e080000 - 0x00007ffa8e0ae000 	C:\Windows\SYSTEM32\USERENV.dll
0x00007ffa8da70000 - 0x00007ffa8da7c000 	C:\Windows\SYSTEM32\CRYPTBASE.dll
0x00007ffa8d550000 - 0x00007ffa8d58b000 	C:\Windows\SYSTEM32\IPHLPAPI.DLL
0x00007ffa8f350000 - 0x00007ffa8f358000 	C:\Windows\System32\NSI.dll
0x00007ffa83af0000 - 0x00007ffa83b07000 	C:\Windows\SYSTEM32\dhcpcsvc6.DLL
0x00007ffa843e0000 - 0x00007ffa843fd000 	C:\Windows\SYSTEM32\dhcpcsvc.DLL
0x00007ffa8d590000 - 0x00007ffa8d65a000 	C:\Windows\SYSTEM32\DNSAPI.dll
0x00007ffa857d0000 - 0x00007ffa857dd000 	C:\Program Files\Java\jdk-17\bin\sunmscapi.dll
0x00007ffa8e190000 - 0x00007ffa8e2ee000 	C:\Windows\System32\CRYPT32.dll
0x00007ffa8db70000 - 0x00007ffa8db98000 	C:\Windows\SYSTEM32\ncrypt.dll
0x00007ffa8db30000 - 0x00007ffa8db6b000 	C:\Windows\SYSTEM32\NTASN1.dll
0x00007ffa5bc40000 - 0x00007ffa5bc47000 	C:\Windows\system32\wshunix.dll

dbghelp: loaded successfully - version: 4.0.5 - missing functions: none
symbol engine: initialized successfully - sym options: 0x614 - pdb path: .;C:\Program Files\Java\jdk-17\bin;C:\Windows\SYSTEM32;C:\Windows\WinSxS\amd64_microsoft.windows.common-controls_6595b64144ccf1df_6.0.19041.1110_none_60b5254171f9507e;C:\Program Files\Java\jdk-17\bin\server;C:\Users\ss\.gradle\native\e1d6ef7f7dcc3fd88c89a11ec53ec762bb8ba0a96d01ffa2cd45eb1d1d8dd5c5\windows-amd64

VM Arguments:
jvm_args: -Xmx64m -Xms64m -Dorg.gradle.appname=gradlew 
java_command: org.gradle.wrapper.GradleWrapperMain app:installDebug -PreactNativeDevServerPort=8081
java_class_path (initial): C:\\Users\\ss\\Desktop\\teachers-vision\\android\\\\gradle\\wrapper\\gradle-wrapper.jar
Launcher Type: SUN_STANDARD

[Global flags]
     intx CICompilerCount                          = 3                                         {product} {ergonomic}
     uint ConcGCThreads                            = 1                                         {product} {ergonomic}
     uint G1ConcRefinementThreads                  = 4                                         {product} {ergonomic}
   size_t G1HeapRegionSize                         = 1048576                                   {product} {ergonomic}
    uintx GCDrainStackTargetSize                   = 64                                        {product} {ergonomic}
   size_t InitialHeapSize                          = 67108864                                  {product} {command line}
   size_t MarkStackSize                            = 4194304                                   {product} {ergonomic}
   size_t MaxHeapSize                              = 67108864                                  {product} {command line}
   size_t MaxNewSize                               = 39845888                                  {product} {ergonomic}
   size_t MinHeapDeltaBytes                        = 1048576                                   {product} {ergonomic}
   size_t MinHeapSize                              = 67108864                                  {product} {command line}
    uintx NonNMethodCodeHeapSize                   = 5832780                                {pd product} {ergonomic}
    uintx NonProfiledCodeHeapSize                  = 122912730                              {pd product} {ergonomic}
    uintx ProfiledCodeHeapSize                     = 122912730                              {pd product} {ergonomic}
    uintx ReservedCodeCacheSize                    = 251658240                              {pd product} {ergonomic}
     bool SegmentedCodeCache                       = true                                      {product} {ergonomic}
   size_t SoftMaxHeapSize                          = 67108864                               {manageable} {ergonomic}
     bool UseCompressedClassPointers               = true                           {product lp64_product} {ergonomic}
     bool UseCompressedOops                        = true                           {product lp64_product} {ergonomic}
     bool UseG1GC                                  = true                                      {product} {ergonomic}
     bool UseLargePagesIndividualAllocation        = false                                  {pd product} {ergonomic}

Logging:
Log output configuration:
 #0: stdout all=warning uptime,level,tags
 #1: stderr all=off uptime,level,tags

Environment Variables:
CLASSPATH=C:\Users\ss\Desktop\teachers-vision\android\\gradle\wrapper\gradle-wrapper.jar
PATH=C:\Users\ss\Desktop\teachers-vision\android\node_modules\.bin;C:\Users\ss\Desktop\teachers-vision\node_modules\.bin;C:\Users\ss\Desktop\node_modules\.bin;C:\Users\ss\node_modules\.bin;C:\Users\node_modules\.bin;C:\node_modules\.bin;C:\Program Files\nodejs;C:\Users\ss\Desktop\teachers-vision\node_modules\.bin;C:\Users\ss\Desktop\teachers-vision\node_modules\.bin;C:\Users\ss\Desktop\node_modules\.bin;C:\Users\ss\node_modules\.bin;C:\Users\node_modules\.bin;C:\node_modules\.bin;C:\Users\ss\AppData\Roaming\nvm\v16.16.0\node_modules\npm\node_modules\@npmcli\run-script\lib\node-gyp-bin;C:\Users\ss\Desktop\teachers-vision\node_modules\.bin;C:\Users\ss\Desktop\node_modules\.bin;C:\Users\ss\node_modules\.bin;C:\Users\node_modules\.bin;C:\node_modules\.bin;C:\Program Files\nodejs;C:\Users\ss\Desktop\teachers-vision\node_modules\.bin;C:\Users\ss\Desktop\teachers-vision\node_modules\.bin;C:\Users\ss\Desktop\node_modules\.bin;C:\Users\ss\node_modules\.bin;C:\Users\node_modules\.bin;C:\node_modules\.bin;C:\Users\ss\AppData\Roaming\nvm\v16.16.0\node_modules\npm\node_modules\@npmcli\run-script\lib\node-gyp-bin;C:\Program Files\Common Files\Oracle\Java\javapath;C:\Program Files (x86)\Common Files\Oracle\Java\javapath;C:\Program Files\Microsoft\jdk-11.0.18.10-hotspot\bin;C:\Program Files\Microsoft MPI\Bin\;C:\Windows\system32;C:\Windows;C:\Windows\System32\Wbem;C:\Windows\System32\WindowsPowerShell\v1.0\;C:\Windows\System32\OpenSSH\;C:\ProgramData\chocolatey\bin;C:\Users\ss\AppData\Local\Android\Sdk\platform-tools;C:\Program Files\Git\cmd;C:\Program Files\Microsoft SQL Server\150\Tools\Binn\;C:\Program Files (x86)\Microsoft SQL Server\160\Tools\Binn\;C:\Program Files\Microsoft SQL Server\160\Tools\Binn\;C:\Program Files\Microsoft SQL Server\Client SDK\ODBC\170\Tools\Binn\;C:\Program Files\Microsoft SQL Server\160\DTS\Binn\;C:\Program Files\dotnet\;C:\Program Files (x86)\dotnet\;C:\Program Files (x86)\Microsoft SQL Server\160\DTS\Binn\;C:\Program Files (x86)\Microsoft SQL Server\150
USERNAME=ss
LANG=en_US.UTF-8
OS=Windows_NT
PROCESSOR_IDENTIFIER=Intel64 Family 6 Model 142 Stepping 9, GenuineIntel



---------------  S Y S T E M  ---------------

OS:
 Windows 10 , 64 bit Build 19041 (10.0.19041.3155)
OS uptime: 1 days 2:02 hours

CPU: total 4 (initial active 4) (2 cores per cpu, 2 threads per core) family 6 model 142 stepping 9 microcode 0xb4, cx8, cmov, fxsr, ht, mmx, 3dnowpref, sse, sse2, sse3, ssse3, sse4.1, sse4.2, popcnt, lzcnt, tsc, tscinvbit, avx, avx2, aes, erms, clmul, bmi1, bmi2, adx, fma, vzeroupper, clflush, clflushopt

Memory: 4k page, system-wide physical 16263M (314M free)
TotalPageFile size 24272M (AvailPageFile size 74M)
current process WorkingSet (physical memory assigned to process): 88M, peak: 88M
current process commit charge ("private bytes"): 163M, peak: 164M

vm_info: Java HotSpot(TM) 64-Bit Server VM (17.0.7+8-LTS-224) for windows-amd64 JRE (17.0.7+8-LTS-224), built on Feb 28 2023 23:03:02 by "mach5one" with MS VC++ 17.1 (VS2022)

END.
