#
# There is insufficient memory for the Java Runtime Environment to continue.
# Native memory allocation (malloc) failed to allocate 131088 bytes for Chunk::new
# Possible reasons:
#   The system is out of physical RAM or swap space
#   The process is running with CompressedOops enabled, and the Java Heap may be blocking the growth of the native heap
# Possible solutions:
#   Reduce memory load on the system
#   Increase physical memory or swap space
#   Check if swap backing store is full
#   Decrease Java heap size (-Xmx/-Xms)
#   Decrease number of Java threads
#   Decrease Java thread stack sizes (-Xss)
#   Set larger code cache with -XX:ReservedCodeCacheSize=
#   JVM is running with Unscaled Compressed Oops mode in which the Java heap is
#     placed in the first 4GB address space. The Java Heap base address is the
#     maximum limit for the native heap growth. Please use -XX:HeapBaseMinAddress
#     to set the Java Heap base and to place the Java Heap above 4GB virtual address.
# This output file may be truncated or incomplete.
#
#  Out of Memory Error (arena.cpp:189), pid=22552, tid=17768
#
# JRE version: Java(TM) SE Runtime Environment (17.0.7+8) (build 17.0.7+8-LTS-224)
# Java VM: Java HotSpot(TM) 64-Bit Server VM (17.0.7+8-LTS-224, mixed mode, sharing, tiered, compressed oops, compressed class ptrs, g1 gc, windows-amd64)
# No core dump will be written. Minidumps are not enabled by default on client versions of Windows
#

---------------  S U M M A R Y ------------

Command Line: -XX:MaxMetaspaceSize=512m --add-opens=java.base/java.util=ALL-UNNAMED --add-opens=java.base/java.lang=ALL-UNNAMED --add-opens=java.base/java.lang.invoke=ALL-UNNAMED --add-opens=java.base/java.util=ALL-UNNAMED --add-opens=java.prefs/java.util.prefs=ALL-UNNAMED --add-opens=java.prefs/java.util.prefs=ALL-UNNAMED --add-opens=java.base/java.nio.charset=ALL-UNNAMED --add-opens=java.base/java.net=ALL-UNNAMED --add-opens=java.base/java.util.concurrent.atomic=ALL-UNNAMED -Xmx2048m -Dfile.encoding=windows-1252 -Duser.country=IN -Duser.language=en -Duser.variant org.gradle.launcher.daemon.bootstrap.GradleDaemon 7.3.3

Host: Intel(R) Core(TM) i5-7200U CPU @ 2.50GHz, 4 cores, 15G,  Windows 10 , 64 bit Build 19041 (10.0.19041.3155)
Time: Thu Sep 14 15:49:55 2023 India Standard Time elapsed time: 339.835050 seconds (0d 0h 5m 39s)

---------------  T H R E A D  ---------------

Current thread (0x0000014479e17c40):  JavaThread "C2 CompilerThread0" daemon [_thread_in_native, id=17768, stack(0x000000404e600000,0x000000404e700000)]


Current CompileTask:
C2: 339835 8722       4       org.codehaus.groovy.vmplugin.v9.Java9::checkCanSetAccessible (137 bytes)

Stack: [0x000000404e600000,0x000000404e700000]
Native frames: (J=compiled Java code, j=interpreted, Vv=VM code, C=native code)
V  [jvm.dll+0x676a4a]
V  [jvm.dll+0x7d74f4]
V  [jvm.dll+0x7d8c9e]
V  [jvm.dll+0x7d9303]
V  [jvm.dll+0x2452c5]
V  [jvm.dll+0xaaa2b]
V  [jvm.dll+0xaafcc]
V  [jvm.dll+0xaab44]
V  [jvm.dll+0x69bdd5]
V  [jvm.dll+0x1a7bf3]
V  [jvm.dll+0x69daff]
V  [jvm.dll+0x33cb84]
V  [jvm.dll+0x691c58]
V  [jvm.dll+0x691a8b]
V  [jvm.dll+0x68cf17]
V  [jvm.dll+0x687016]
V  [jvm.dll+0x686660]
V  [jvm.dll+0x68456a]
V  [jvm.dll+0x1a67fc]
V  [jvm.dll+0x1a738b]
V  [jvm.dll+0x2a9e5c]
V  [jvm.dll+0x68f043]
V  [jvm.dll+0x687016]
V  [jvm.dll+0x686660]
V  [jvm.dll+0x68456a]
V  [jvm.dll+0x1a67fc]
V  [jvm.dll+0x1a738b]
V  [jvm.dll+0x2a9e5c]
V  [jvm.dll+0x68f043]
V  [jvm.dll+0x687016]
V  [jvm.dll+0x686660]
V  [jvm.dll+0x68456a]
V  [jvm.dll+0x1a67fc]
V  [jvm.dll+0x1a738b]
V  [jvm.dll+0x2a9e5c]
V  [jvm.dll+0x68f043]
V  [jvm.dll+0x687016]
V  [jvm.dll+0x686660]
V  [jvm.dll+0x68456a]
V  [jvm.dll+0x1a67fc]
V  [jvm.dll+0x1a738b]
V  [jvm.dll+0x2a9e5c]
V  [jvm.dll+0x68f043]
V  [jvm.dll+0x687016]
V  [jvm.dll+0x686660]
V  [jvm.dll+0x68456a]
V  [jvm.dll+0x1a67fc]
V  [jvm.dll+0x1a738b]
V  [jvm.dll+0x2a9e5c]
V  [jvm.dll+0x68f043]
V  [jvm.dll+0x687016]
V  [jvm.dll+0x686660]
V  [jvm.dll+0x68456a]
V  [jvm.dll+0x1a67fc]
V  [jvm.dll+0x1a738b]
V  [jvm.dll+0x2a9e5c]
V  [jvm.dll+0x68f043]
V  [jvm.dll+0x687016]
V  [jvm.dll+0x686660]
V  [jvm.dll+0x68456a]
V  [jvm.dll+0x1a67fc]
V  [jvm.dll+0x1a738b]
V  [jvm.dll+0x2a9e5c]
V  [jvm.dll+0x68f043]
V  [jvm.dll+0x687016]
V  [jvm.dll+0x686660]
V  [jvm.dll+0x68456a]
V  [jvm.dll+0x1a67fc]
V  [jvm.dll+0x216ab8]
V  [jvm.dll+0x1a35e0]
V  [jvm.dll+0x226a6e]
V  [jvm.dll+0x224e15]
V  [jvm.dll+0x78d05c]
V  [jvm.dll+0x78759a]
V  [jvm.dll+0x675875]
C  [ucrtbase.dll+0x21bb2]
C  [KERNEL32.DLL+0x17614]
C  [ntdll.dll+0x526b1]


---------------  P R O C E S S  ---------------

Threads class SMR info:
_java_thread_list=0x000001447de84bb0, length=84, elements={
0x000001445c498290, 0x0000014479df7200, 0x0000014479df7f80, 0x0000014479e11530,
0x0000014479e14e10, 0x0000014479e166e0, 0x0000014479e16fa0, 0x0000014479e17c40,
0x0000014479e4e100, 0x0000014479e4ea10, 0x000001447a8962a0, 0x000001447a899790,
0x000001447c0670d0, 0x000001447ad26060, 0x000001447b390ce0, 0x000001447b3907d0,
0x000001447b468980, 0x000001447ac5d210, 0x000001447ac5b060, 0x000001447ac5dbb0,
0x000001447ac5e550, 0x000001447ac5d6e0, 0x000001447ac5cd40, 0x000001447ac5e080,
0x000001447ac5c870, 0x000001447ac5c3a0, 0x000001447ac5ba00, 0x000001447d9e4f10,
0x000001447d9e2890, 0x000001447d9df3a0, 0x000001447d9e40a0, 0x000001447d9e53e0,
0x000001447d9e4570, 0x000001447d9e2d60, 0x000001447d9e0210, 0x000001447d9dea00,
0x000001447d9e3bd0, 0x000001447d9de530, 0x000001447d9dfd40, 0x000001447d9e1550,
0x000001447ad0dae0, 0x000001447ad0e480, 0x000001447ad0ee20, 0x000001447ad0e950,
0x000001447ad0b460, 0x000001447ad0c2d0, 0x000001447ad0dfb0, 0x000001447ad0b930,
0x000001447ad0be00, 0x000001447ad0cc70, 0x000001447ad0d610, 0x000001447ad0c7a0,
0x000001447ad0d140, 0x000001447a96ada0, 0x000001447a96e290, 0x000001447a96a8d0,
0x000001447a96b270, 0x000001447a968720, 0x000001447a968bf0, 0x000001447a969590,
0x000001447a969f30, 0x000001447a9690c0, 0x000001447a96f5d0, 0x000001447a969a60,
0x000001447a96faa0, 0x000001447a96d8f0, 0x000001447a96a400, 0x000001447a96ec30,
0x000001447a96b740, 0x000001447a96ca80, 0x000001447a96e760, 0x000001447a96f100,
0x000001447a96bc10, 0x000001447a96ff70, 0x000001447a96c0e0, 0x000001447c196300,
0x000001447c191ad0, 0x000001447c194af0, 0x000001447c197170, 0x000001447c190790,
0x000001447c194fc0, 0x000001447c193c80, 0x000001447c192e10, 0x000001447c197640
}

Java Threads: ( => current thread )
  0x000001445c498290 JavaThread "main" [_thread_blocked, id=21164, stack(0x000000404d800000,0x000000404d900000)]
  0x0000014479df7200 JavaThread "Reference Handler" daemon [_thread_blocked, id=18572, stack(0x000000404e000000,0x000000404e100000)]
  0x0000014479df7f80 JavaThread "Finalizer" daemon [_thread_blocked, id=18828, stack(0x000000404e100000,0x000000404e200000)]
  0x0000014479e11530 JavaThread "Signal Dispatcher" daemon [_thread_blocked, id=27628, stack(0x000000404e200000,0x000000404e300000)]
  0x0000014479e14e10 JavaThread "Attach Listener" daemon [_thread_blocked, id=7756, stack(0x000000404e300000,0x000000404e400000)]
  0x0000014479e166e0 JavaThread "Service Thread" daemon [_thread_blocked, id=17136, stack(0x000000404e400000,0x000000404e500000)]
  0x0000014479e16fa0 JavaThread "Monitor Deflation Thread" daemon [_thread_blocked, id=5948, stack(0x000000404e500000,0x000000404e600000)]
=>0x0000014479e17c40 JavaThread "C2 CompilerThread0" daemon [_thread_in_native, id=17768, stack(0x000000404e600000,0x000000404e700000)]
  0x0000014479e4e100 JavaThread "C1 CompilerThread0" daemon [_thread_blocked, id=11248, stack(0x000000404e700000,0x000000404e800000)]
  0x0000014479e4ea10 JavaThread "Sweeper thread" daemon [_thread_blocked, id=26820, stack(0x000000404e800000,0x000000404e900000)]
  0x000001447a8962a0 JavaThread "Common-Cleaner" daemon [_thread_blocked, id=22700, stack(0x000000404e900000,0x000000404ea00000)]
  0x000001447a899790 JavaThread "Notification Thread" daemon [_thread_blocked, id=28808, stack(0x000000404ea00000,0x000000404eb00000)]
  0x000001447c0670d0 JavaThread "Daemon health stats" [_thread_blocked, id=6280, stack(0x000000404ef00000,0x000000404f000000)]
  0x000001447ad26060 JavaThread "Incoming local TCP Connector on port 50136" [_thread_in_native, id=15400, stack(0x000000404f000000,0x000000404f100000)]
  0x000001447b390ce0 JavaThread "Daemon periodic checks" [_thread_blocked, id=24644, stack(0x000000404f200000,0x000000404f300000)]
  0x000001447b3907d0 JavaThread "Daemon" [_thread_blocked, id=4424, stack(0x000000404f100000,0x000000404f200000)]
  0x000001447b468980 JavaThread "Handler for socket connection from /127.0.0.1:50136 to /127.0.0.1:50137" [_thread_in_native, id=29652, stack(0x000000404f300000,0x000000404f400000)]
  0x000001447ac5d210 JavaThread "Cancel handler" [_thread_blocked, id=9256, stack(0x000000404f400000,0x000000404f500000)]
  0x000001447ac5b060 JavaThread "Daemon worker" [_thread_blocked, id=25004, stack(0x000000404f500000,0x000000404f600000)]
  0x000001447ac5dbb0 JavaThread "Asynchronous log dispatcher for DefaultDaemonConnection: socket connection from /127.0.0.1:50136 to /127.0.0.1:50137" [_thread_blocked, id=7088, stack(0x000000404f600000,0x000000404f700000)]
  0x000001447ac5e550 JavaThread "Stdin handler" [_thread_blocked, id=16740, stack(0x000000404f700000,0x000000404f800000)]
  0x000001447ac5d6e0 JavaThread "Daemon client event forwarder" [_thread_blocked, id=26884, stack(0x000000404f800000,0x000000404f900000)]
  0x000001447ac5cd40 JavaThread "Cache worker for journal cache (C:\Users\ss\.gradle\caches\journal-1)" [_thread_blocked, id=29352, stack(0x000000404f900000,0x000000404fa00000)]
  0x000001447ac5e080 JavaThread "File lock request listener" [_thread_in_native, id=24360, stack(0x000000404fa00000,0x000000404fb00000)]
  0x000001447ac5c870 JavaThread "Cache worker for file hash cache (C:\Users\ss\.gradle\caches\7.3.3\fileHashes)" [_thread_blocked, id=29088, stack(0x000000404fc00000,0x000000404fd00000)]
  0x000001447ac5c3a0 JavaThread "Cache worker for file hash cache (C:\Users\ss\Desktop\teachers-vision\android\.gradle\7.3.3\fileHashes)" [_thread_blocked, id=7500, stack(0x000000404fd00000,0x000000404fe00000)]
  0x000001447ac5ba00 JavaThread "File watcher server" daemon [_thread_in_native, id=19396, stack(0x000000404fe00000,0x000000404ff00000)]
  0x000001447d9e4f10 JavaThread "File watcher consumer" daemon [_thread_blocked, id=25364, stack(0x000000404ff00000,0x0000004050000000)]
  0x000001447d9e2890 JavaThread "Cache worker for checksums cache (C:\Users\ss\Desktop\teachers-vision\android\.gradle\7.3.3\checksums)" [_thread_blocked, id=19736, stack(0x0000004050000000,0x0000004050100000)]
  0x000001447d9df3a0 JavaThread "Cache worker for cache directory md-supplier (C:\Users\ss\.gradle\caches\7.3.3\md-supplier)" [_thread_blocked, id=17436, stack(0x0000004050100000,0x0000004050200000)]
  0x000001447d9e40a0 JavaThread "Cache worker for cache directory md-rule (C:\Users\ss\.gradle\caches\7.3.3\md-rule)" [_thread_blocked, id=20008, stack(0x0000004050200000,0x0000004050300000)]
  0x000001447d9e53e0 JavaThread "Cache worker for execution history cache (C:\Users\ss\.gradle\caches\7.3.3\executionHistory)" [_thread_blocked, id=16208, stack(0x0000004050300000,0x0000004050400000)]
  0x000001447d9e4570 JavaThread "jar transforms" [_thread_blocked, id=21692, stack(0x0000004050400000,0x0000004050500000)]
  0x000001447d9e2d60 JavaThread "jar transforms Thread 2" [_thread_blocked, id=14536, stack(0x0000004050500000,0x0000004050600000)]
  0x000001447d9e0210 JavaThread "Cache worker for file content cache (C:\Users\ss\.gradle\caches\7.3.3\fileContent)" [_thread_blocked, id=5552, stack(0x0000004050700000,0x0000004050800000)]
  0x000001447d9dea00 JavaThread "jar transforms Thread 3" [_thread_blocked, id=21644, stack(0x0000004050600000,0x0000004050700000)]
  0x000001447d9e3bd0 JavaThread "jar transforms Thread 4" [_thread_blocked, id=27260, stack(0x0000004050800000,0x0000004050900000)]
  0x000001447d9de530 JavaThread "Cache worker for kotlin-dsl (C:\Users\ss\.gradle\caches\7.3.3\kotlin-dsl)" [_thread_blocked, id=22392, stack(0x000000404d900000,0x000000404da00000)]
  0x000001447d9dfd40 JavaThread "Cache worker for dependencies-accessors (C:\Users\ss\Desktop\teachers-vision\android\.gradle\7.3.3\dependencies-accessors)" [_thread_blocked, id=8584, stack(0x000000404fb00000,0x000000404fc00000)]
  0x000001447d9e1550 JavaThread "Cache worker for Build Output Cleanup Cache (C:\Users\ss\Desktop\teachers-vision\node_modules\react-native-gradle-plugin\.gradle\buildOutputCleanup)" [_thread_blocked, id=26304, stack(0x0000004050900000,0x0000004050a00000)]
  0x000001447ad0dae0 JavaThread "Unconstrained build operations" [_thread_blocked, id=27544, stack(0x0000004050a00000,0x0000004050b00000)]
  0x000001447ad0e480 JavaThread "Unconstrained build operations Thread 2" [_thread_blocked, id=19468, stack(0x0000004050b00000,0x0000004050c00000)]
  0x000001447ad0ee20 JavaThread "Unconstrained build operations Thread 3" [_thread_blocked, id=2804, stack(0x0000004050c00000,0x0000004050d00000)]
  0x000001447ad0e950 JavaThread "Unconstrained build operations Thread 4" [_thread_blocked, id=25784, stack(0x0000004050d00000,0x0000004050e00000)]
  0x000001447ad0b460 JavaThread "Unconstrained build operations Thread 5" [_thread_blocked, id=18360, stack(0x0000004050e00000,0x0000004050f00000)]
  0x000001447ad0c2d0 JavaThread "Unconstrained build operations Thread 6" [_thread_blocked, id=14092, stack(0x0000004050f00000,0x0000004051000000)]
  0x000001447ad0dfb0 JavaThread "Unconstrained build operations Thread 7" [_thread_blocked, id=24416, stack(0x0000004051000000,0x0000004051100000)]
  0x000001447ad0b930 JavaThread "Unconstrained build operations Thread 8" [_thread_blocked, id=20924, stack(0x0000004051100000,0x0000004051200000)]
  0x000001447ad0be00 JavaThread "Unconstrained build operations Thread 9" [_thread_blocked, id=6508, stack(0x0000004051200000,0x0000004051300000)]
  0x000001447ad0cc70 JavaThread "Unconstrained build operations Thread 10" [_thread_blocked, id=17612, stack(0x0000004051300000,0x0000004051400000)]
  0x000001447ad0d610 JavaThread "Unconstrained build operations Thread 11" [_thread_blocked, id=30468, stack(0x0000004051400000,0x0000004051500000)]
  0x000001447ad0c7a0 JavaThread "Unconstrained build operations Thread 12" [_thread_blocked, id=16040, stack(0x0000004051500000,0x0000004051600000)]
  0x000001447ad0d140 JavaThread "Unconstrained build operations Thread 13" [_thread_blocked, id=25456, stack(0x0000004051600000,0x0000004051700000)]
  0x000001447a96ada0 JavaThread "Unconstrained build operations Thread 14" [_thread_blocked, id=28116, stack(0x0000004051700000,0x0000004051800000)]
  0x000001447a96e290 JavaThread "Unconstrained build operations Thread 15" [_thread_blocked, id=30612, stack(0x0000004051800000,0x0000004051900000)]
  0x000001447a96a8d0 JavaThread "Unconstrained build operations Thread 16" [_thread_blocked, id=4072, stack(0x0000004051900000,0x0000004051a00000)]
  0x000001447a96b270 JavaThread "Unconstrained build operations Thread 17" [_thread_blocked, id=26476, stack(0x0000004051a00000,0x0000004051b00000)]
  0x000001447a968720 JavaThread "Unconstrained build operations Thread 18" [_thread_blocked, id=23012, stack(0x0000004051b00000,0x0000004051c00000)]
  0x000001447a968bf0 JavaThread "Unconstrained build operations Thread 19" [_thread_blocked, id=26744, stack(0x0000004051c00000,0x0000004051d00000)]
  0x000001447a969590 JavaThread "Unconstrained build operations Thread 20" [_thread_blocked, id=26280, stack(0x0000004051d00000,0x0000004051e00000)]
  0x000001447a969f30 JavaThread "Unconstrained build operations Thread 21" [_thread_blocked, id=9584, stack(0x0000004051e00000,0x0000004051f00000)]
  0x000001447a9690c0 JavaThread "Unconstrained build operations Thread 22" [_thread_blocked, id=24724, stack(0x0000004051f00000,0x0000004052000000)]
  0x000001447a96f5d0 JavaThread "Unconstrained build operations Thread 23" [_thread_blocked, id=26112, stack(0x0000004052000000,0x0000004052100000)]
  0x000001447a969a60 JavaThread "Unconstrained build operations Thread 24" [_thread_blocked, id=15872, stack(0x0000004052100000,0x0000004052200000)]
  0x000001447a96faa0 JavaThread "Unconstrained build operations Thread 25" [_thread_blocked, id=14364, stack(0x0000004052200000,0x0000004052300000)]
  0x000001447a96d8f0 JavaThread "Unconstrained build operations Thread 26" [_thread_blocked, id=19580, stack(0x0000004052300000,0x0000004052400000)]
  0x000001447a96a400 JavaThread "Unconstrained build operations Thread 27" [_thread_blocked, id=15596, stack(0x0000004052400000,0x0000004052500000)]
  0x000001447a96ec30 JavaThread "Unconstrained build operations Thread 28" [_thread_blocked, id=26528, stack(0x0000004052500000,0x0000004052600000)]
  0x000001447a96b740 JavaThread "Unconstrained build operations Thread 29" [_thread_blocked, id=24616, stack(0x0000004052600000,0x0000004052700000)]
  0x000001447a96ca80 JavaThread "Unconstrained build operations Thread 30" [_thread_blocked, id=19592, stack(0x0000004052700000,0x0000004052800000)]
  0x000001447a96e760 JavaThread "Unconstrained build operations Thread 31" [_thread_blocked, id=27944, stack(0x0000004052800000,0x0000004052900000)]
  0x000001447a96f100 JavaThread "Unconstrained build operations Thread 32" [_thread_blocked, id=11308, stack(0x0000004052900000,0x0000004052a00000)]
  0x000001447a96bc10 JavaThread "Unconstrained build operations Thread 33" [_thread_blocked, id=25776, stack(0x0000004052a00000,0x0000004052b00000)]
  0x000001447a96ff70 JavaThread "build event listener" [_thread_blocked, id=27452, stack(0x0000004052b00000,0x0000004052c00000)]
  0x000001447a96c0e0 JavaThread "Memory manager" [_thread_blocked, id=25444, stack(0x0000004052c00000,0x0000004052d00000)]
  0x000001447c196300 JavaThread "Cache worker for Build Output Cleanup Cache (C:\Users\ss\Desktop\teachers-vision\android\.gradle\buildOutputCleanup)" [_thread_blocked, id=19852, stack(0x0000004052d00000,0x0000004052e00000)]
  0x000001447c191ad0 JavaThread "Cache worker for execution history cache (C:\Users\ss\Desktop\teachers-vision\node_modules\react-native-gradle-plugin\.gradle\7.3.3\executionHistory)" [_thread_blocked, id=17596, stack(0x0000004053200000,0x0000004053300000)]
  0x000001447c194af0 JavaThread "Unconstrained build operations Thread 34" [_thread_blocked, id=26828, stack(0x0000004053300000,0x0000004053400000)]
  0x000001447c197170 JavaThread "Unconstrained build operations Thread 35" [_thread_blocked, id=16212, stack(0x0000004053400000,0x0000004053500000)]
  0x000001447c190790 JavaThread "Unconstrained build operations Thread 36" [_thread_blocked, id=16956, stack(0x0000004053500000,0x0000004053600000)]
  0x000001447c194fc0 JavaThread "Unconstrained build operations Thread 37" [_thread_blocked, id=25920, stack(0x0000004053600000,0x0000004053700000)]
  0x000001447c193c80 JavaThread "Unconstrained build operations Thread 38" [_thread_blocked, id=7968, stack(0x0000004053700000,0x0000004053800000)]
  0x000001447c192e10 JavaThread "Unconstrained build operations Thread 39" [_thread_blocked, id=15572, stack(0x0000004053800000,0x0000004053900000)]
  0x000001447c197640 JavaThread "Unconstrained build operations Thread 40" [_thread_blocked, id=18832, stack(0x0000004053900000,0x0000004053a00000)]

Other Threads:
  0x0000014479df26a0 VMThread "VM Thread" [stack: 0x000000404df00000,0x000000404e000000] [id=28636]
  0x000001447a89bc70 WatcherThread [stack: 0x000000404eb00000,0x000000404ec00000] [id=25692]
  0x000001445c4f0380 GCTaskThread "GC Thread#0" [stack: 0x000000404da00000,0x000000404db00000] [id=18564]
  0x000001447aba9f90 GCTaskThread "GC Thread#1" [stack: 0x000000404ec00000,0x000000404ed00000] [id=27852]
  0x000001447a9a1110 GCTaskThread "GC Thread#2" [stack: 0x000000404ed00000,0x000000404ee00000] [id=28048]
  0x000001447ad507b0 GCTaskThread "GC Thread#3" [stack: 0x000000404ee00000,0x000000404ef00000] [id=23500]
  0x000001445c5011d0 ConcurrentGCThread "G1 Main Marker" [stack: 0x000000404db00000,0x000000404dc00000] [id=10340]
  0x000001445c501af0 ConcurrentGCThread "G1 Conc#0" [stack: 0x000000404dc00000,0x000000404dd00000] [id=10816]
  0x0000014479cae130 ConcurrentGCThread "G1 Refine#0" [stack: 0x000000404dd00000,0x000000404de00000] [id=11312]
  0x0000014479cae960 ConcurrentGCThread "G1 Service" [stack: 0x000000404de00000,0x000000404df00000] [id=14216]

Threads with active compile tasks:
C2 CompilerThread0   339927 8722       4       org.codehaus.groovy.vmplugin.v9.Java9::checkCanSetAccessible (137 bytes)

VM state: not at safepoint (normal execution)

VM Mutex/Monitor currently owned by a thread: None

Heap address: 0x0000000080000000, size: 2048 MB, Compressed Oops mode: 32-bit

CDS archive(s) mapped at: [0x0000000800000000-0x0000000800bd0000-0x0000000800bd0000), size 12386304, SharedBaseAddress: 0x0000000800000000, ArchiveRelocationMode: 0.
Compressed class space mapped at: 0x0000000800c00000-0x000000081a800000, reserved size: 432013312
Narrow klass base: 0x0000000800000000, Narrow klass shift: 0, Narrow klass range: 0x100000000

GC Precious Log:
 CPUs: 4 total, 4 available
 Memory: 16263M
 Large Page Support: Disabled
 NUMA Support: Disabled
 Compressed Oops: Enabled (32-bit)
 Heap Region Size: 1M
 Heap Min Capacity: 8M
 Heap Initial Capacity: 256M
 Heap Max Capacity: 2G
 Pre-touch: Disabled
 Parallel Workers: 4
 Concurrent Workers: 1
 Concurrent Refinement Workers: 4
 Periodic GC: Disabled

Heap:
 garbage-first heap   total 117760K, used 69928K [0x0000000080000000, 0x0000000100000000)
  region size 1024K, 4 young (4096K), 3 survivors (3072K)
 Metaspace       used 59585K, committed 60224K, reserved 479232K
  class space    used 8234K, committed 8512K, reserved 421888K

Heap Regions: E=young(eden), S=young(survivor), O=old, HS=humongous(starts), HC=humongous(continues), CS=collection set, F=free, OA=open archive, CA=closed archive, TAMS=top-at-mark-start (previous, next)
|   0|0x0000000080000000, 0x0000000080100000, 0x0000000080100000|100%|HS|  |TAMS 0x0000000080100000, 0x0000000080000000| Complete 
|   1|0x0000000080100000, 0x0000000080200000, 0x0000000080200000|100%|HC|  |TAMS 0x0000000080200000, 0x0000000080100000| Complete 
|   2|0x0000000080200000, 0x0000000080300000, 0x0000000080300000|100%|HC|  |TAMS 0x0000000080300000, 0x0000000080200000| Complete 
|   3|0x0000000080300000, 0x0000000080400000, 0x0000000080400000|100%| O|  |TAMS 0x0000000080400000, 0x0000000080300000| Untracked 
|   4|0x0000000080400000, 0x0000000080500000, 0x0000000080500000|100%| O|  |TAMS 0x0000000080500000, 0x0000000080400000| Untracked 
|   5|0x0000000080500000, 0x0000000080600000, 0x0000000080600000|100%| O|  |TAMS 0x0000000080600000, 0x0000000080500000| Untracked 
|   6|0x0000000080600000, 0x0000000080700000, 0x0000000080700000|100%| O|  |TAMS 0x0000000080700000, 0x0000000080600000| Untracked 
|   7|0x0000000080700000, 0x0000000080800000, 0x0000000080800000|100%| O|  |TAMS 0x0000000080800000, 0x0000000080700000| Untracked 
|   8|0x0000000080800000, 0x0000000080900000, 0x0000000080900000|100%| O|  |TAMS 0x0000000080900000, 0x0000000080800000| Untracked 
|   9|0x0000000080900000, 0x0000000080a00000, 0x0000000080a00000|100%| O|  |TAMS 0x0000000080a00000, 0x0000000080900000| Untracked 
|  10|0x0000000080a00000, 0x0000000080a9e800, 0x0000000080b00000| 61%| O|  |TAMS 0x0000000080a9e800, 0x0000000080a00000| Untracked 
|  11|0x0000000080b00000, 0x0000000080c00000, 0x0000000080c00000|100%| O|  |TAMS 0x0000000080c00000, 0x0000000080b00000| Untracked 
|  12|0x0000000080c00000, 0x0000000080d00000, 0x0000000080d00000|100%| O|  |TAMS 0x0000000080d00000, 0x0000000080c00000| Untracked 
|  13|0x0000000080d00000, 0x0000000080e00000, 0x0000000080e00000|100%| O|  |TAMS 0x0000000080e00000, 0x0000000080d00000| Untracked 
|  14|0x0000000080e00000, 0x0000000080f00000, 0x0000000080f00000|100%| O|  |TAMS 0x0000000080f00000, 0x0000000080e00000| Untracked 
|  15|0x0000000080f00000, 0x0000000081000000, 0x0000000081000000|100%| O|  |TAMS 0x0000000081000000, 0x0000000080f00000| Untracked 
|  16|0x0000000081000000, 0x0000000081100000, 0x0000000081100000|100%| O|  |TAMS 0x0000000081100000, 0x0000000081000000| Untracked 
|  17|0x0000000081100000, 0x0000000081200000, 0x0000000081200000|100%| O|  |TAMS 0x0000000081200000, 0x0000000081100000| Untracked 
|  18|0x0000000081200000, 0x0000000081300000, 0x0000000081300000|100%| O|  |TAMS 0x0000000081300000, 0x0000000081200000| Untracked 
|  19|0x0000000081300000, 0x0000000081400000, 0x0000000081400000|100%| O|  |TAMS 0x0000000081400000, 0x0000000081300000| Untracked 
|  20|0x0000000081400000, 0x0000000081500000, 0x0000000081500000|100%| O|  |TAMS 0x0000000081500000, 0x0000000081400000| Untracked 
|  21|0x0000000081500000, 0x0000000081600000, 0x0000000081600000|100%| O|  |TAMS 0x0000000081600000, 0x0000000081500000| Untracked 
|  22|0x0000000081600000, 0x0000000081700000, 0x0000000081700000|100%| O|  |TAMS 0x0000000081700000, 0x0000000081600000| Untracked 
|  23|0x0000000081700000, 0x0000000081800000, 0x0000000081800000|100%| O|  |TAMS 0x0000000081800000, 0x0000000081700000| Untracked 
|  24|0x0000000081800000, 0x0000000081900000, 0x0000000081900000|100%| O|  |TAMS 0x0000000081900000, 0x0000000081800000| Untracked 
|  25|0x0000000081900000, 0x0000000081a00000, 0x0000000081a00000|100%| O|  |TAMS 0x0000000081a00000, 0x0000000081900000| Untracked 
|  26|0x0000000081a00000, 0x0000000081b00000, 0x0000000081b00000|100%| O|  |TAMS 0x0000000081b00000, 0x0000000081a00000| Untracked 
|  27|0x0000000081b00000, 0x0000000081c00000, 0x0000000081c00000|100%| O|  |TAMS 0x0000000081c00000, 0x0000000081b00000| Untracked 
|  28|0x0000000081c00000, 0x0000000081d00000, 0x0000000081d00000|100%| O|  |TAMS 0x0000000081d00000, 0x0000000081c00000| Untracked 
|  29|0x0000000081d00000, 0x0000000081e00000, 0x0000000081e00000|100%| O|  |TAMS 0x0000000081e00000, 0x0000000081d00000| Untracked 
|  30|0x0000000081e00000, 0x0000000081f00000, 0x0000000081f00000|100%| O|  |TAMS 0x0000000081f00000, 0x0000000081e00000| Untracked 
|  31|0x0000000081f00000, 0x0000000082000000, 0x0000000082000000|100%| O|  |TAMS 0x0000000082000000, 0x0000000081f00000| Untracked 
|  32|0x0000000082000000, 0x0000000082100000, 0x0000000082100000|100%| O|  |TAMS 0x0000000082100000, 0x0000000082000000| Untracked 
|  33|0x0000000082100000, 0x0000000082200000, 0x0000000082200000|100%| O|  |TAMS 0x0000000082200000, 0x0000000082100000| Untracked 
|  34|0x0000000082200000, 0x0000000082300000, 0x0000000082300000|100%|HS|  |TAMS 0x0000000082300000, 0x0000000082200000| Complete 
|  35|0x0000000082300000, 0x0000000082400000, 0x0000000082400000|100%|HS|  |TAMS 0x0000000082400000, 0x0000000082300000| Complete 
|  36|0x0000000082400000, 0x0000000082500000, 0x0000000082500000|100%|HC|  |TAMS 0x0000000082500000, 0x0000000082400000| Complete 
|  37|0x0000000082500000, 0x0000000082600000, 0x0000000082600000|100%|HC|  |TAMS 0x0000000082600000, 0x0000000082500000| Complete 
|  38|0x0000000082600000, 0x0000000082700000, 0x0000000082700000|100%| O|  |TAMS 0x0000000082700000, 0x0000000082600000| Untracked 
|  39|0x0000000082700000, 0x0000000082800000, 0x0000000082800000|100%| O|  |TAMS 0x0000000082800000, 0x0000000082700000| Untracked 
|  40|0x0000000082800000, 0x0000000082900000, 0x0000000082900000|100%| O|  |TAMS 0x0000000082900000, 0x0000000082800000| Untracked 
|  41|0x0000000082900000, 0x0000000082a00000, 0x0000000082a00000|100%| O|  |TAMS 0x0000000082a00000, 0x0000000082900000| Untracked 
|  42|0x0000000082a00000, 0x0000000082b00000, 0x0000000082b00000|100%| O|  |TAMS 0x0000000082b00000, 0x0000000082a00000| Untracked 
|  43|0x0000000082b00000, 0x0000000082c00000, 0x0000000082c00000|100%| O|  |TAMS 0x0000000082c00000, 0x0000000082b00000| Untracked 
|  44|0x0000000082c00000, 0x0000000082d00000, 0x0000000082d00000|100%| O|  |TAMS 0x0000000082d00000, 0x0000000082c00000| Untracked 
|  45|0x0000000082d00000, 0x0000000082e00000, 0x0000000082e00000|100%| O|  |TAMS 0x0000000082e00000, 0x0000000082d00000| Untracked 
|  46|0x0000000082e00000, 0x0000000082f00000, 0x0000000082f00000|100%| O|  |TAMS 0x0000000082f00000, 0x0000000082e00000| Untracked 
|  47|0x0000000082f00000, 0x0000000083000000, 0x0000000083000000|100%| O|  |TAMS 0x0000000083000000, 0x0000000082f00000| Untracked 
|  48|0x0000000083000000, 0x0000000083100000, 0x0000000083100000|100%|HS|  |TAMS 0x0000000083000000, 0x0000000083000000| Complete 
|  49|0x0000000083100000, 0x0000000083200000, 0x0000000083200000|100%| O|  |TAMS 0x0000000083200000, 0x0000000083100000| Untracked 
|  50|0x0000000083200000, 0x0000000083300000, 0x0000000083300000|100%| O|  |TAMS 0x0000000083300000, 0x0000000083200000| Untracked 
|  51|0x0000000083300000, 0x0000000083400000, 0x0000000083400000|100%| O|  |TAMS 0x0000000083400000, 0x0000000083300000| Untracked 
|  52|0x0000000083400000, 0x0000000083500000, 0x0000000083500000|100%| O|  |TAMS 0x0000000083500000, 0x0000000083400000| Untracked 
|  53|0x0000000083500000, 0x0000000083600000, 0x0000000083600000|100%| O|  |TAMS 0x0000000083600000, 0x0000000083500000| Untracked 
|  54|0x0000000083600000, 0x0000000083700000, 0x0000000083700000|100%| O|  |TAMS 0x0000000083700000, 0x0000000083600000| Untracked 
|  55|0x0000000083700000, 0x0000000083800000, 0x0000000083800000|100%| O|  |TAMS 0x0000000083800000, 0x0000000083700000| Untracked 
|  56|0x0000000083800000, 0x0000000083900000, 0x0000000083900000|100%| O|  |TAMS 0x0000000083900000, 0x0000000083800000| Untracked 
|  57|0x0000000083900000, 0x0000000083a00000, 0x0000000083a00000|100%| O|  |TAMS 0x0000000083a00000, 0x0000000083900000| Complete 
|  58|0x0000000083a00000, 0x0000000083b00000, 0x0000000083b00000|100%| O|  |TAMS 0x0000000083a48800, 0x0000000083a00000| Untracked 
|  59|0x0000000083b00000, 0x0000000083c00000, 0x0000000083c00000|100%|HS|  |TAMS 0x0000000083b00000, 0x0000000083b00000| Complete 
|  60|0x0000000083c00000, 0x0000000083d00000, 0x0000000083d00000|100%|HS|  |TAMS 0x0000000083c00000, 0x0000000083c00000| Complete 
|  61|0x0000000083d00000, 0x0000000083e00000, 0x0000000083e00000|100%|HS|  |TAMS 0x0000000083d00000, 0x0000000083d00000| Complete 
|  62|0x0000000083e00000, 0x0000000083f00000, 0x0000000083f00000|100%|HC|  |TAMS 0x0000000083e00000, 0x0000000083e00000| Complete 
|  63|0x0000000083f00000, 0x0000000084000000, 0x0000000084000000|100%| O|  |TAMS 0x0000000083f00000, 0x0000000083f00000| Untracked 
|  64|0x0000000084000000, 0x0000000084100000, 0x0000000084100000|100%| O|  |TAMS 0x0000000084000000, 0x0000000084000000| Untracked 
|  65|0x0000000084100000, 0x00000000841ab800, 0x0000000084200000| 66%| O|  |TAMS 0x0000000084100000, 0x0000000084100000| Untracked 
|  66|0x0000000084200000, 0x0000000084200000, 0x0000000084300000|  0%| F|  |TAMS 0x0000000084200000, 0x0000000084200000| Untracked 
|  67|0x0000000084300000, 0x0000000084300000, 0x0000000084400000|  0%| F|  |TAMS 0x0000000084300000, 0x0000000084300000| Untracked 
|  68|0x0000000084400000, 0x0000000084400000, 0x0000000084500000|  0%| F|  |TAMS 0x0000000084400000, 0x0000000084400000| Untracked 
|  69|0x0000000084500000, 0x0000000084500000, 0x0000000084600000|  0%| F|  |TAMS 0x0000000084500000, 0x0000000084500000| Untracked 
|  70|0x0000000084600000, 0x0000000084600000, 0x0000000084700000|  0%| F|  |TAMS 0x0000000084600000, 0x0000000084600000| Untracked 
|  71|0x0000000084700000, 0x0000000084700000, 0x0000000084800000|  0%| F|  |TAMS 0x0000000084700000, 0x0000000084700000| Untracked 
|  72|0x0000000084800000, 0x0000000084800000, 0x0000000084900000|  0%| F|  |TAMS 0x0000000084800000, 0x0000000084800000| Untracked 
|  73|0x0000000084900000, 0x0000000084900000, 0x0000000084a00000|  0%| F|  |TAMS 0x0000000084900000, 0x0000000084900000| Untracked 
|  74|0x0000000084a00000, 0x0000000084a00000, 0x0000000084b00000|  0%| F|  |TAMS 0x0000000084a00000, 0x0000000084a00000| Untracked 
|  75|0x0000000084b00000, 0x0000000084b00000, 0x0000000084c00000|  0%| F|  |TAMS 0x0000000084b00000, 0x0000000084b00000| Untracked 
|  76|0x0000000084c00000, 0x0000000084c00000, 0x0000000084d00000|  0%| F|  |TAMS 0x0000000084c00000, 0x0000000084c00000| Untracked 
|  77|0x0000000084d00000, 0x0000000084d00000, 0x0000000084e00000|  0%| F|  |TAMS 0x0000000084d00000, 0x0000000084d00000| Untracked 
|  78|0x0000000084e00000, 0x0000000084e00000, 0x0000000084f00000|  0%| F|  |TAMS 0x0000000084e00000, 0x0000000084e00000| Untracked 
|  79|0x0000000084f00000, 0x0000000084f00000, 0x0000000085000000|  0%| F|  |TAMS 0x0000000084f00000, 0x0000000084f00000| Untracked 
|  80|0x0000000085000000, 0x0000000085000000, 0x0000000085100000|  0%| F|  |TAMS 0x0000000085000000, 0x0000000085000000| Untracked 
|  81|0x0000000085100000, 0x0000000085100000, 0x0000000085200000|  0%| F|  |TAMS 0x0000000085100000, 0x0000000085100000| Untracked 
|  82|0x0000000085200000, 0x0000000085200000, 0x0000000085300000|  0%| F|  |TAMS 0x0000000085200000, 0x0000000085200000| Untracked 
|  83|0x0000000085300000, 0x0000000085300000, 0x0000000085400000|  0%| F|  |TAMS 0x0000000085300000, 0x0000000085300000| Untracked 
|  84|0x0000000085400000, 0x0000000085400000, 0x0000000085500000|  0%| F|  |TAMS 0x0000000085400000, 0x0000000085400000| Untracked 
|  85|0x0000000085500000, 0x0000000085500000, 0x0000000085600000|  0%| F|  |TAMS 0x0000000085500000, 0x0000000085500000| Untracked 
|  86|0x0000000085600000, 0x0000000085600000, 0x0000000085700000|  0%| F|  |TAMS 0x0000000085600000, 0x0000000085600000| Untracked 
|  87|0x0000000085700000, 0x0000000085700000, 0x0000000085800000|  0%| F|  |TAMS 0x0000000085700000, 0x0000000085700000| Untracked 
|  88|0x0000000085800000, 0x0000000085800000, 0x0000000085900000|  0%| F|  |TAMS 0x0000000085800000, 0x0000000085800000| Untracked 
|  89|0x0000000085900000, 0x0000000085900000, 0x0000000085a00000|  0%| F|  |TAMS 0x0000000085900000, 0x0000000085900000| Untracked 
|  90|0x0000000085a00000, 0x0000000085a00000, 0x0000000085b00000|  0%| F|  |TAMS 0x0000000085a00000, 0x0000000085a00000| Untracked 
|  91|0x0000000085b00000, 0x0000000085b00000, 0x0000000085c00000|  0%| F|  |TAMS 0x0000000085b00000, 0x0000000085b00000| Untracked 
|  92|0x0000000085c00000, 0x0000000085c00000, 0x0000000085d00000|  0%| F|  |TAMS 0x0000000085c00000, 0x0000000085c00000| Untracked 
|  93|0x0000000085d00000, 0x0000000085d00000, 0x0000000085e00000|  0%| F|  |TAMS 0x0000000085d00000, 0x0000000085d00000| Untracked 
|  94|0x0000000085e00000, 0x0000000085f00000, 0x0000000085f00000|100%| S|CS|TAMS 0x0000000085e00000, 0x0000000085e00000| Complete 
|  95|0x0000000085f00000, 0x0000000086000000, 0x0000000086000000|100%| S|CS|TAMS 0x0000000085f00000, 0x0000000085f00000| Complete 
|  96|0x0000000086000000, 0x0000000086100000, 0x0000000086100000|100%| S|CS|TAMS 0x0000000086000000, 0x0000000086000000| Complete 
|  97|0x0000000086100000, 0x0000000086100000, 0x0000000086200000|  0%| F|  |TAMS 0x0000000086100000, 0x0000000086100000| Untracked 
|  98|0x0000000086200000, 0x0000000086200000, 0x0000000086300000|  0%| F|  |TAMS 0x0000000086200000, 0x0000000086200000| Untracked 
|  99|0x0000000086300000, 0x0000000086300000, 0x0000000086400000|  0%| F|  |TAMS 0x0000000086300000, 0x0000000086300000| Untracked 
| 100|0x0000000086400000, 0x0000000086400000, 0x0000000086500000|  0%| F|  |TAMS 0x0000000086400000, 0x0000000086400000| Untracked 
| 101|0x0000000086500000, 0x0000000086500000, 0x0000000086600000|  0%| F|  |TAMS 0x0000000086500000, 0x0000000086500000| Untracked 
| 102|0x0000000086600000, 0x0000000086600000, 0x0000000086700000|  0%| F|  |TAMS 0x0000000086600000, 0x0000000086600000| Untracked 
| 142|0x0000000088e00000, 0x0000000088e00000, 0x0000000088f00000|  0%| F|  |TAMS 0x0000000088e00000, 0x0000000088e00000| Untracked 
| 143|0x0000000088f00000, 0x0000000088f00000, 0x0000000089000000|  0%| F|  |TAMS 0x0000000088f00000, 0x0000000088f00000| Untracked 
| 144|0x0000000089000000, 0x0000000089000000, 0x0000000089100000|  0%| F|  |TAMS 0x0000000089000000, 0x0000000089000000| Untracked 
| 145|0x0000000089100000, 0x0000000089100000, 0x0000000089200000|  0%| F|  |TAMS 0x0000000089100000, 0x0000000089100000| Untracked 
| 146|0x0000000089200000, 0x0000000089200000, 0x0000000089300000|  0%| F|  |TAMS 0x0000000089200000, 0x0000000089200000| Untracked 
| 147|0x0000000089300000, 0x0000000089300000, 0x0000000089400000|  0%| F|  |TAMS 0x0000000089300000, 0x0000000089300000| Untracked 
| 148|0x0000000089400000, 0x0000000089400000, 0x0000000089500000|  0%| F|  |TAMS 0x0000000089400000, 0x0000000089400000| Untracked 
| 149|0x0000000089500000, 0x0000000089500000, 0x0000000089600000|  0%| F|  |TAMS 0x0000000089500000, 0x0000000089500000| Untracked 
| 150|0x0000000089600000, 0x0000000089600000, 0x0000000089700000|  0%| F|  |TAMS 0x0000000089600000, 0x0000000089600000| Untracked 
| 151|0x0000000089700000, 0x0000000089700000, 0x0000000089800000|  0%| F|  |TAMS 0x0000000089700000, 0x0000000089700000| Untracked 
| 152|0x0000000089800000, 0x0000000089800000, 0x0000000089900000|  0%| F|  |TAMS 0x0000000089800000, 0x0000000089800000| Untracked 
| 255|0x000000008ff00000, 0x000000008ff773c8, 0x0000000090000000| 46%| E|  |TAMS 0x000000008ff00000, 0x000000008ff00000| Complete 

Card table byte_map: [0x0000014473120000,0x0000014473520000] _byte_map_base: 0x0000014472d20000

Marking Bits (Prev, Next): (CMBitMap*) 0x000001445c4f08a0, (CMBitMap*) 0x000001445c4f08e0
 Prev Bits: [0x0000014473920000, 0x0000014475920000)
 Next Bits: [0x0000014475920000, 0x0000014477920000)

Polling page: 0x000001445a4a0000

Metaspace:

Usage:
  Non-class:     50.15 MB used.
      Class:      8.04 MB used.
       Both:     58.19 MB used.

Virtual space:
  Non-class space:       56.00 MB reserved,      50.50 MB ( 90%) committed,  7 nodes.
      Class space:      412.00 MB reserved,       8.31 MB (  2%) committed,  1 nodes.
             Both:      468.00 MB reserved,      58.81 MB ( 13%) committed. 

Chunk freelists:
   Non-Class:  1.38 MB
       Class:  3.50 MB
        Both:  4.89 MB

MaxMetaspaceSize: 512.00 MB
CompressedClassSpaceSize: 412.00 MB
Initial GC threshold: 21.00 MB
Current GC threshold: 97.81 MB
CDS: on
MetaspaceReclaimPolicy: balanced
 - commit_granule_bytes: 65536.
 - commit_granule_words: 8192.
 - virtual_space_node_default_size: 1048576.
 - enlarge_chunks_in_place: 1.
 - new_chunks_are_fully_committed: 0.
 - uncommit_free_chunks: 1.
 - use_allocation_guard: 0.
 - handle_deallocations: 1.


Internal statistics:

num_allocs_failed_limit: 6.
num_arena_births: 750.
num_arena_deaths: 0.
num_vsnodes_births: 8.
num_vsnodes_deaths: 0.
num_space_committed: 941.
num_space_uncommitted: 0.
num_chunks_returned_to_freelist: 6.
num_chunks_taken_from_freelist: 3136.
num_chunk_merges: 6.
num_chunk_splits: 2088.
num_chunks_enlarged: 1390.
num_purges: 0.
num_inconsistent_stats: 0.

CodeHeap 'non-profiled nmethods': size=120000Kb used=4549Kb max_used=4549Kb free=115451Kb
 bounds [0x000001446b7f0000, 0x000001446bc70000, 0x0000014472d20000]
CodeHeap 'profiled nmethods': size=120000Kb used=15965Kb max_used=15965Kb free=104034Kb
 bounds [0x0000014463d20000, 0x0000014464cc0000, 0x000001446b250000]
CodeHeap 'non-nmethods': size=5760Kb used=2358Kb max_used=2436Kb free=3401Kb
 bounds [0x000001446b250000, 0x000001446b4c0000, 0x000001446b7f0000]
 total_blobs=8794 nmethods=7907 adapters=799
 compilation: enabled
              stopped_count=0, restarted_count=0
 full_count=0

Compilation events (20 events):
Event: 331.082 Thread 0x0000014479e4e100 nmethod 8714 0x0000014464caf310 code [0x0000014464caf4c0, 0x0000014464caf738]
Event: 339.805 Thread 0x0000014479e4e100 8716       1       groovy.lang.Closure::getOwner (5 bytes)
Event: 339.805 Thread 0x0000014479e4e100 nmethod 8716 0x000001446bc61110 code [0x000001446bc612a0, 0x000001446bc61378]
Event: 339.814 Thread 0x0000014479e4e100 8717       3       org.codehaus.groovy.runtime.callsite.AbstractCallSite::<init> (35 bytes)
Event: 339.814 Thread 0x0000014479e4e100 nmethod 8717 0x0000014464caf890 code [0x0000014464cafa40, 0x0000014464cafef8]
Event: 339.815 Thread 0x0000014479e4e100 8718       3       java.lang.ClassValue$ClassValueMap::addToCache (92 bytes)
Event: 339.816 Thread 0x0000014479e4e100 nmethod 8718 0x0000014464cb0090 code [0x0000014464cb0380, 0x0000014464cb1db8]
Event: 339.816 Thread 0x0000014479e4e100 8719       3       java.lang.ClassValue$ClassValueMap::placeInCache (28 bytes)
Event: 339.817 Thread 0x0000014479e17c40 8722       4       org.codehaus.groovy.vmplugin.v9.Java9::checkCanSetAccessible (137 bytes)
Event: 339.817 Thread 0x0000014479e4e100 nmethod 8719 0x0000014464cb2590 code [0x0000014464cb27a0, 0x0000014464cb3288]
Event: 339.817 Thread 0x0000014479e4e100 8720       3       java.lang.ClassValue$ClassValueMap::overwrittenEntry (28 bytes)
Event: 339.817 Thread 0x0000014479e4e100 nmethod 8720 0x0000014464cb3590 code [0x0000014464cb3780, 0x0000014464cb3f28]
Event: 339.817 Thread 0x0000014479e4e100 8721       3       java.lang.ClassValue$ClassValueMap::sizeCache (51 bytes)
Event: 339.818 Thread 0x0000014479e4e100 nmethod 8721 0x0000014464cb4110 code [0x0000014464cb42e0, 0x0000014464cb4538]
Event: 339.820 Thread 0x0000014479e4e100 8725       3       java.util.Arrays$ArrayList::indexOf (62 bytes)
Event: 339.820 Thread 0x0000014479e4e100 nmethod 8725 0x0000014464cb4610 code [0x0000014464cb47e0, 0x0000014464cb4c68]
Event: 339.820 Thread 0x0000014479e4e100 8724       3       java.util.Arrays$ArrayList::contains (14 bytes)
Event: 339.820 Thread 0x0000014479e4e100 nmethod 8724 0x0000014464cb4e10 code [0x0000014464cb4fc0, 0x0000014464cb5168]
Event: 339.830 Thread 0x0000014479e4e100 8726       3       java.beans.Introspector::getTargetMethodInfo (250 bytes)
Event: 339.832 Thread 0x0000014479e4e100 nmethod 8726 0x0000014464cb5210 code [0x0000014464cb55a0, 0x0000014464cb6df8]

GC Heap History (20 events):
Event: 238.018 GC heap before
{Heap before GC invocations=23 (full 0):
 garbage-first heap   total 78848K, used 61264K [0x0000000080000000, 0x0000000100000000)
  region size 1024K, 19 young (19456K), 2 survivors (2048K)
 Metaspace       used 51407K, committed 52032K, reserved 471040K
  class space    used 7121K, committed 7360K, reserved 421888K
}
Event: 238.023 GC heap after
{Heap after GC invocations=24 (full 0):
 garbage-first heap   total 78848K, used 47249K [0x0000000080000000, 0x0000000100000000)
  region size 1024K, 3 young (3072K), 3 survivors (3072K)
 Metaspace       used 51407K, committed 52032K, reserved 471040K
  class space    used 7121K, committed 7360K, reserved 421888K
}
Event: 240.361 GC heap before
{Heap before GC invocations=24 (full 0):
 garbage-first heap   total 78848K, used 62609K [0x0000000080000000, 0x0000000100000000)
  region size 1024K, 19 young (19456K), 3 survivors (3072K)
 Metaspace       used 52992K, committed 53568K, reserved 471040K
  class space    used 7331K, committed 7552K, reserved 421888K
}
Event: 240.365 GC heap after
{Heap after GC invocations=25 (full 0):
 garbage-first heap   total 78848K, used 46463K [0x0000000080000000, 0x0000000100000000)
  region size 1024K, 1 young (1024K), 1 survivors (1024K)
 Metaspace       used 52992K, committed 53568K, reserved 471040K
  class space    used 7331K, committed 7552K, reserved 421888K
}
Event: 245.040 GC heap before
{Heap before GC invocations=26 (full 0):
 garbage-first heap   total 80896K, used 64895K [0x0000000080000000, 0x0000000100000000)
  region size 1024K, 19 young (19456K), 1 survivors (1024K)
 Metaspace       used 54012K, committed 54592K, reserved 471040K
  class space    used 7478K, committed 7744K, reserved 421888K
}
Event: 245.045 GC heap after
{Heap after GC invocations=27 (full 0):
 garbage-first heap   total 80896K, used 48094K [0x0000000080000000, 0x0000000100000000)
  region size 1024K, 3 young (3072K), 3 survivors (3072K)
 Metaspace       used 54012K, committed 54592K, reserved 471040K
  class space    used 7478K, committed 7744K, reserved 421888K
}
Event: 248.513 GC heap before
{Heap before GC invocations=27 (full 0):
 garbage-first heap   total 80896K, used 65502K [0x0000000080000000, 0x0000000100000000)
  region size 1024K, 20 young (20480K), 3 survivors (3072K)
 Metaspace       used 54942K, committed 55552K, reserved 471040K
  class space    used 7596K, committed 7872K, reserved 421888K
}
Event: 248.520 GC heap after
{Heap after GC invocations=28 (full 0):
 garbage-first heap   total 80896K, used 50468K [0x0000000080000000, 0x0000000100000000)
  region size 1024K, 3 young (3072K), 3 survivors (3072K)
 Metaspace       used 54942K, committed 55552K, reserved 471040K
  class space    used 7596K, committed 7872K, reserved 421888K
}
Event: 252.454 GC heap before
{Heap before GC invocations=29 (full 0):
 garbage-first heap   total 91136K, used 63780K [0x0000000080000000, 0x0000000100000000)
  region size 1024K, 17 young (17408K), 3 survivors (3072K)
 Metaspace       used 56296K, committed 56960K, reserved 479232K
  class space    used 7832K, committed 8128K, reserved 421888K
}
Event: 252.461 GC heap after
{Heap after GC invocations=30 (full 0):
 garbage-first heap   total 91136K, used 52217K [0x0000000080000000, 0x0000000100000000)
  region size 1024K, 3 young (3072K), 3 survivors (3072K)
 Metaspace       used 56296K, committed 56960K, reserved 479232K
  class space    used 7832K, committed 8128K, reserved 421888K
}
Event: 256.017 GC heap before
{Heap before GC invocations=30 (full 0):
 garbage-first heap   total 91136K, used 71673K [0x0000000080000000, 0x0000000100000000)
  region size 1024K, 23 young (23552K), 3 survivors (3072K)
 Metaspace       used 58220K, committed 58880K, reserved 479232K
  class space    used 8045K, committed 8384K, reserved 421888K
}
Event: 256.023 GC heap after
{Heap after GC invocations=31 (full 0):
 garbage-first heap   total 91136K, used 54887K [0x0000000080000000, 0x0000000100000000)
  region size 1024K, 3 young (3072K), 3 survivors (3072K)
 Metaspace       used 58220K, committed 58880K, reserved 479232K
  class space    used 8045K, committed 8384K, reserved 421888K
}
Event: 261.570 GC heap before
{Heap before GC invocations=32 (full 0):
 garbage-first heap   total 96256K, used 71271K [0x0000000080000000, 0x0000000100000000)
  region size 1024K, 20 young (20480K), 3 survivors (3072K)
 Metaspace       used 59264K, committed 59968K, reserved 479232K
  class space    used 8202K, committed 8512K, reserved 421888K
}
Event: 261.579 GC heap after
{Heap after GC invocations=33 (full 0):
 garbage-first heap   total 96256K, used 58747K [0x0000000080000000, 0x0000000100000000)
  region size 1024K, 3 young (3072K), 3 survivors (3072K)
 Metaspace       used 59264K, committed 59968K, reserved 479232K
  class space    used 8202K, committed 8512K, reserved 421888K
}
Event: 261.597 GC heap before
{Heap before GC invocations=33 (full 0):
 garbage-first heap   total 96256K, used 59771K [0x0000000080000000, 0x0000000100000000)
  region size 1024K, 4 young (4096K), 3 survivors (3072K)
 Metaspace       used 59270K, committed 59968K, reserved 479232K
  class space    used 8202K, committed 8512K, reserved 421888K
}
Event: 261.603 GC heap after
{Heap after GC invocations=34 (full 0):
 garbage-first heap   total 96256K, used 58848K [0x0000000080000000, 0x0000000100000000)
  region size 1024K, 1 young (1024K), 1 survivors (1024K)
 Metaspace       used 59270K, committed 59968K, reserved 479232K
  class space    used 8202K, committed 8512K, reserved 421888K
}
Event: 271.532 GC heap before
{Heap before GC invocations=34 (full 0):
 garbage-first heap   total 96256K, used 74208K [0x0000000080000000, 0x0000000100000000)
  region size 1024K, 17 young (17408K), 1 survivors (1024K)
 Metaspace       used 59403K, committed 60096K, reserved 479232K
  class space    used 8208K, committed 8512K, reserved 421888K
}
Event: 271.535 GC heap after
{Heap after GC invocations=35 (full 0):
 garbage-first heap   total 96256K, used 59061K [0x0000000080000000, 0x0000000100000000)
  region size 1024K, 1 young (1024K), 1 survivors (1024K)
 Metaspace       used 59403K, committed 60096K, reserved 479232K
  class space    used 8208K, committed 8512K, reserved 421888K
}
Event: 339.824 GC heap before
{Heap before GC invocations=36 (full 0):
 garbage-first heap   total 117760K, used 81589K [0x0000000080000000, 0x0000000100000000)
  region size 1024K, 19 young (19456K), 1 survivors (1024K)
 Metaspace       used 59573K, committed 60224K, reserved 479232K
  class space    used 8231K, committed 8512K, reserved 421888K
}
Event: 339.828 GC heap after
{Heap after GC invocations=37 (full 0):
 garbage-first heap   total 117760K, used 69928K [0x0000000080000000, 0x0000000100000000)
  region size 1024K, 3 young (3072K), 3 survivors (3072K)
 Metaspace       used 59573K, committed 60224K, reserved 479232K
  class space    used 8231K, committed 8512K, reserved 421888K
}

Deoptimization events (20 events):
Event: 262.674 Thread 0x000001447ac5b060 DEOPT PACKING pc=0x00000144647389d9 sp=0x000000404f5f9820
Event: 262.674 Thread 0x000001447ac5b060 DEOPT UNPACKING pc=0x000001446b2a2b43 sp=0x000000404f5f8d18 mode 0
Event: 271.520 Thread 0x000001447ac5b060 Uncommon trap: trap_request=0xffffffc6 fr.pc=0x000001446ba34afc relative=0x0000000000003e1c
Event: 271.521 Thread 0x000001447ac5b060 Uncommon trap: reason=bimorphic_or_optimized_type_check action=maybe_recompile pc=0x000001446ba34afc method=java.util.AbstractCollection.addAll(Ljava/util/Collection;)Z @ 29 c2
Event: 271.521 Thread 0x000001447ac5b060 DEOPT PACKING pc=0x000001446ba34afc sp=0x000000404f5f9100
Event: 271.521 Thread 0x000001447ac5b060 DEOPT UNPACKING pc=0x000001446b2a23a3 sp=0x000000404f5f90f0 mode 2
Event: 271.535 Thread 0x000001447ac5b060 DEOPT PACKING pc=0x0000014463dddd3d sp=0x000000404f5f5690
Event: 271.535 Thread 0x000001447ac5b060 DEOPT UNPACKING pc=0x000001446b2a2b43 sp=0x000000404f5f4b28 mode 0
Event: 271.549 Thread 0x000001447ac5b060 DEOPT PACKING pc=0x0000014463dddd3d sp=0x000000404f5f55f0
Event: 271.549 Thread 0x000001447ac5b060 DEOPT UNPACKING pc=0x000001446b2a2b43 sp=0x000000404f5f4a78 mode 0
Event: 271.578 Thread 0x000001447ac5b060 DEOPT PACKING pc=0x0000014463dddd3d sp=0x000000404f5f5500
Event: 271.578 Thread 0x000001447ac5b060 DEOPT UNPACKING pc=0x000001446b2a2b43 sp=0x000000404f5f4988 mode 0
Event: 271.730 Thread 0x000001447ac5b060 DEOPT PACKING pc=0x0000014463dddd3d sp=0x000000404f5f5500
Event: 271.730 Thread 0x000001447ac5b060 DEOPT UNPACKING pc=0x000001446b2a2b43 sp=0x000000404f5f4988 mode 0
Event: 339.819 Thread 0x000001447ac5b060 DEOPT PACKING pc=0x0000014464842dee sp=0x000000404f5f6fc0
Event: 339.819 Thread 0x000001447ac5b060 DEOPT UNPACKING pc=0x000001446b2a2b43 sp=0x000000404f5f6470 mode 0
Event: 339.829 Thread 0x000001447ac5b060 Uncommon trap: trap_request=0xffffff45 fr.pc=0x000001446b978188 relative=0x00000000000008c8
Event: 339.829 Thread 0x000001447ac5b060 Uncommon trap: reason=unstable_if action=reinterpret pc=0x000001446b978188 method=java.util.WeakHashMap.matchesKey(Ljava/util/WeakHashMap$Entry;Ljava/lang/Object;)Z @ 5 c2
Event: 339.829 Thread 0x000001447ac5b060 DEOPT PACKING pc=0x000001446b978188 sp=0x000000404f5f6260
Event: 339.829 Thread 0x000001447ac5b060 DEOPT UNPACKING pc=0x000001446b2a23a3 sp=0x000000404f5f61c8 mode 2

Classes unloaded (0 events):
No events

Classes redefined (0 events):
No events

Internal exceptions (20 events):
Event: 272.191 Thread 0x000001447ac5b060 Exception <a 'java/lang/ClassNotFoundException'{0x0000000088e4a8f0}: org/gradle/api/internal/artifacts/repositories/AbstractAuthenticationSupportedRepositoryCustomizer> (0x0000000088e4a8f0) 
thrown [s\open\src\hotspot\share\classfile\systemDictionary.cpp, line 256]
Event: 272.193 Thread 0x000001447ac5b060 Exception <a 'java/lang/ClassNotFoundException'{0x0000000088e7b268}: org/gradle/api/internal/artifacts/repositories/DefaultMavenArtifactRepositoryCustomizer> (0x0000000088e7b268) 
thrown [s\open\src\hotspot\share\classfile\systemDictionary.cpp, line 256]
Event: 272.195 Thread 0x000001447ac5b060 Exception <a 'java/lang/ClassNotFoundException'{0x0000000088eb1d10}: org/gradle/api/internal/artifacts/repositories/DefaultMavenArtifactRepository_DecoratedCustomizer> (0x0000000088eb1d10) 
thrown [s\open\src\hotspot\share\classfile\systemDictionary.cpp, line 256]
Event: 304.323 Thread 0x000001447ac5b060 Exception <a 'java/lang/ClassNotFoundException'{0x00000000865c24d0}: org/gradle/api/internal/artifacts/repositories/DefaultMavenRepositoryContentDescriptorBeanInfo> (0x00000000865c24d0) 
thrown [s\open\src\hotspot\share\classfile\systemDictionary.cpp, line 256]
Event: 304.325 Thread 0x000001447ac5b060 Exception <a 'java/lang/ClassNotFoundException'{0x00000000865e40f8}: org/gradle/api/internal/artifacts/repositories/DefaultRepositoryContentDescriptorBeanInfo> (0x00000000865e40f8) 
thrown [s\open\src\hotspot\share\classfile\systemDictionary.cpp, line 256]
Event: 304.326 Thread 0x000001447ac5b060 Exception <a 'java/lang/ClassNotFoundException'{0x0000000086406308}: org/gradle/api/internal/artifacts/repositories/DefaultRepositoryContentDescriptorCustomizer> (0x0000000086406308) 
thrown [s\open\src\hotspot\share\classfile\systemDictionary.cpp, line 256]
Event: 304.328 Thread 0x000001447ac5b060 Exception <a 'java/lang/ClassNotFoundException'{0x0000000086433e80}: org/gradle/api/internal/artifacts/repositories/DefaultMavenRepositoryContentDescriptorCustomizer> (0x0000000086433e80) 
thrown [s\open\src\hotspot\share\classfile\systemDictionary.cpp, line 256]
Event: 339.808 Thread 0x000001447ac5b060 Exception <a 'java/io/IOException'{0x00000000863fb4c8}: CreateProcess error=1450, Insufficient system resources exist to complete the requested service> (0x00000000863fb4c8) 
thrown [s\open\src\hotspot\share\prims\jni.cpp, line 535]
Event: 339.809 Thread 0x000001447ac5b060 Exception <a 'java/lang/reflect/InvocationTargetException'{0x00000000863fefe8}> (0x00000000863fefe8) 
thrown [s\open\src\hotspot\share\runtime\reflection.cpp, line 1121]
Event: 339.809 Thread 0x000001447ac5b060 Exception <a 'java/lang/reflect/InvocationTargetException'{0x0000000086260e50}> (0x0000000086260e50) 
thrown [s\open\src\hotspot\share\runtime\reflection.cpp, line 1121]
Event: 339.810 Thread 0x000001447ac5b060 Exception <a 'java/lang/reflect/InvocationTargetException'{0x0000000086263e78}> (0x0000000086263e78) 
thrown [s\open\src\hotspot\share\runtime\reflection.cpp, line 1121]
Event: 339.810 Thread 0x000001447ac5b060 Exception <a 'java/lang/reflect/InvocationTargetException'{0x0000000086266950}> (0x0000000086266950) 
thrown [s\open\src\hotspot\share\runtime\reflection.cpp, line 1121]
Event: 339.810 Thread 0x000001447ac5b060 Exception <a 'java/lang/reflect/InvocationTargetException'{0x0000000086269428}> (0x0000000086269428) 
thrown [s\open\src\hotspot\share\runtime\reflection.cpp, line 1121]
Event: 339.810 Thread 0x000001447ac5b060 Exception <a 'java/lang/reflect/InvocationTargetException'{0x000000008626cdc0}> (0x000000008626cdc0) 
thrown [s\open\src\hotspot\share\runtime\reflection.cpp, line 1121]
Event: 339.820 Thread 0x000001447ac5b060 Exception <a 'java/lang/ClassNotFoundException'{0x00000000861bc480}: org/gradle/api/internal/plugins/DefaultPluginContainerBeanInfo> (0x00000000861bc480) 
thrown [s\open\src\hotspot\share\classfile\systemDictionary.cpp, line 256]
Event: 339.821 Thread 0x000001447ac5b060 Exception <a 'java/lang/ClassNotFoundException'{0x00000000861c8530}: org/gradle/api/internal/plugins/DefaultPluginCollectionBeanInfo> (0x00000000861c8530) 
thrown [s\open\src\hotspot\share\classfile\systemDictionary.cpp, line 256]
Event: 339.822 Thread 0x000001447ac5b060 Exception <a 'java/lang/ClassNotFoundException'{0x00000000861d4300}: org/gradle/api/internal/DefaultDomainObjectSetBeanInfo> (0x00000000861d4300) 
thrown [s\open\src\hotspot\share\classfile\systemDictionary.cpp, line 256]
Event: 339.822 Thread 0x000001447ac5b060 Exception <a 'java/lang/ClassNotFoundException'{0x00000000861e0368}: org/gradle/api/internal/DefaultDomainObjectSetCustomizer> (0x00000000861e0368) 
thrown [s\open\src\hotspot\share\classfile\systemDictionary.cpp, line 256]
Event: 339.823 Thread 0x000001447ac5b060 Exception <a 'java/lang/ClassNotFoundException'{0x00000000861fa868}: org/gradle/api/internal/plugins/DefaultPluginCollectionCustomizer> (0x00000000861fa868) 
thrown [s\open\src\hotspot\share\classfile\systemDictionary.cpp, line 256]
Event: 339.830 Thread 0x000001447ac5b060 Exception <a 'java/lang/ClassNotFoundException'{0x000000008ff31910}: org/gradle/api/internal/plugins/DefaultPluginContainerCustomizer> (0x000000008ff31910) 
thrown [s\open\src\hotspot\share\classfile\systemDictionary.cpp, line 256]

VM Operations (20 events):
Event: 272.727 Executing VM operation: Cleanup
Event: 272.727 Executing VM operation: Cleanup done
Event: 276.772 Executing VM operation: Cleanup
Event: 276.773 Executing VM operation: Cleanup done
Event: 278.792 Executing VM operation: Cleanup
Event: 278.792 Executing VM operation: Cleanup done
Event: 305.041 Executing VM operation: Cleanup
Event: 305.041 Executing VM operation: Cleanup done
Event: 308.068 Executing VM operation: Cleanup
Event: 308.068 Executing VM operation: Cleanup done
Event: 319.178 Executing VM operation: Cleanup
Event: 319.178 Executing VM operation: Cleanup done
Event: 322.206 Executing VM operation: Cleanup
Event: 322.206 Executing VM operation: Cleanup done
Event: 339.812 Executing VM operation: HandshakeAllThreads
Event: 339.812 Executing VM operation: HandshakeAllThreads done
Event: 339.812 Executing VM operation: Cleanup
Event: 339.812 Executing VM operation: Cleanup done
Event: 339.824 Executing VM operation: G1CollectForAllocation
Event: 339.828 Executing VM operation: G1CollectForAllocation done

Events (20 events):
Event: 260.138 loading class java/io/ObjectStreamClass$ClassDataSlot done
Event: 260.138 loading class jdk/internal/reflect/UnsafeQualifiedStaticLongFieldAccessorImpl
Event: 260.138 loading class jdk/internal/reflect/UnsafeQualifiedStaticLongFieldAccessorImpl done
Event: 260.166 Thread 0x000001447eb43950 Thread added: 0x000001447eb43950
Event: 260.417 Thread 0x000001447eb43950 Thread exited: 0x000001447eb43950
Event: 261.119 Thread 0x000001447c1967d0 Thread exited: 0x000001447c1967d0
Event: 261.120 Thread 0x000001447c1937b0 Thread exited: 0x000001447c1937b0
Event: 261.334 Thread 0x000001447c194620 Thread exited: 0x000001447c194620
Event: 261.337 loading class java/util/concurrent/ConcurrentLinkedQueue$Itr
Event: 261.337 loading class java/util/concurrent/ConcurrentLinkedQueue$Itr done
Event: 321.549 Thread 0x000001447c191600 Thread exited: 0x000001447c191600
Event: 326.310 Thread 0x000001447d9e0bb0 Thread exited: 0x000001447d9e0bb0
Event: 339.813 loading class java/util/AbstractList$RandomAccessSubList
Event: 339.813 loading class java/util/AbstractList$SubList
Event: 339.813 loading class java/util/AbstractList$SubList done
Event: 339.813 loading class java/util/AbstractList$RandomAccessSubList done
Event: 339.813 loading class java/util/AbstractList$SubList$1
Event: 339.813 loading class java/util/AbstractList$SubList$1 done
Event: 339.813 loading class java/util/AbstractList$ListItr
Event: 339.813 loading class java/util/AbstractList$ListItr done


Dynamic libraries:
0x00007ff649ef0000 - 0x00007ff649f00000 	C:\Program Files\Java\jdk-17\bin\java.exe
0x00007ffa90ab0000 - 0x00007ffa90ca8000 	C:\Windows\SYSTEM32\ntdll.dll
0x00007ffa8eeb0000 - 0x00007ffa8ef6f000 	C:\Windows\System32\KERNEL32.DLL
0x00007ffa8e320000 - 0x00007ffa8e616000 	C:\Windows\System32\KERNELBASE.dll
0x00007ffa8ea10000 - 0x00007ffa8eb10000 	C:\Windows\System32\ucrtbase.dll
0x00007ffa714f0000 - 0x00007ffa71509000 	C:\Program Files\Java\jdk-17\bin\jli.dll
0x00007ffa905c0000 - 0x00007ffa9066f000 	C:\Windows\System32\ADVAPI32.dll
0x00007ffa90690000 - 0x00007ffa9072e000 	C:\Windows\System32\msvcrt.dll
0x00007ffa909a0000 - 0x00007ffa90a3c000 	C:\Windows\System32\sechost.dll
0x00007ffa8ebd0000 - 0x00007ffa8ecf6000 	C:\Windows\System32\RPCRT4.dll
0x00007ffa8ed00000 - 0x00007ffa8ee9d000 	C:\Windows\System32\USER32.dll
0x00007ffa8e950000 - 0x00007ffa8e972000 	C:\Windows\System32\win32u.dll
0x00007ffa8fd90000 - 0x00007ffa8fdbc000 	C:\Windows\System32\GDI32.dll
0x00007ffa8e670000 - 0x00007ffa8e785000 	C:\Windows\System32\gdi32full.dll
0x00007ffa8e8b0000 - 0x00007ffa8e94d000 	C:\Windows\System32\msvcp_win.dll
0x00007ffa69870000 - 0x00007ffa6988b000 	C:\Program Files\Java\jdk-17\bin\VCRUNTIME140.dll
0x00007ffa6a860000 - 0x00007ffa6aafa000 	C:\Windows\WinSxS\amd64_microsoft.windows.common-controls_6595b64144ccf1df_6.0.19041.1110_none_60b5254171f9507e\COMCTL32.dll
0x00007ffa85600000 - 0x00007ffa8560a000 	C:\Windows\SYSTEM32\VERSION.dll
0x00007ffa90a40000 - 0x00007ffa90a70000 	C:\Windows\System32\IMM32.DLL
0x00007ffa7f3a0000 - 0x00007ffa7f3ac000 	C:\Program Files\Java\jdk-17\bin\vcruntime140_1.dll
0x00007ffa5b930000 - 0x00007ffa5b9be000 	C:\Program Files\Java\jdk-17\bin\msvcp140.dll
0x00007ff9f6400000 - 0x00007ff9f6fdd000 	C:\Program Files\Java\jdk-17\bin\server\jvm.dll
0x00007ffa8eea0000 - 0x00007ffa8eea8000 	C:\Windows\System32\PSAPI.DLL
0x00007ffa7dea0000 - 0x00007ffa7dea9000 	C:\Windows\SYSTEM32\WSOCK32.dll
0x00007ffa8fcc0000 - 0x00007ffa8fd2b000 	C:\Windows\System32\WS2_32.dll
0x00007ffa62d90000 - 0x00007ffa62db7000 	C:\Windows\SYSTEM32\WINMM.dll
0x00007ffa8c9c0000 - 0x00007ffa8c9d2000 	C:\Windows\SYSTEM32\kernel.appcore.dll
0x00007ffa7ddb0000 - 0x00007ffa7ddba000 	C:\Program Files\Java\jdk-17\bin\jimage.dll
0x00007ffa88d90000 - 0x00007ffa88f74000 	C:\Windows\SYSTEM32\DBGHELP.DLL
0x00007ffa7c6a0000 - 0x00007ffa7c6d4000 	C:\Windows\SYSTEM32\dbgcore.DLL
0x00007ffa8e980000 - 0x00007ffa8ea02000 	C:\Windows\System32\bcryptPrimitives.dll
0x00007ffa66310000 - 0x00007ffa66335000 	C:\Program Files\Java\jdk-17\bin\java.dll
0x00007ffa58170000 - 0x00007ffa58247000 	C:\Program Files\Java\jdk-17\bin\jsvml.dll
0x00007ffa8fdc0000 - 0x00007ffa90504000 	C:\Windows\System32\SHELL32.dll
0x00007ffa8c040000 - 0x00007ffa8c7d3000 	C:\Windows\SYSTEM32\windows.storage.dll
0x00007ffa8eff0000 - 0x00007ffa8f344000 	C:\Windows\System32\combase.dll
0x00007ffa8db00000 - 0x00007ffa8db2e000 	C:\Windows\SYSTEM32\Wldp.dll
0x00007ffa8eb10000 - 0x00007ffa8ebbd000 	C:\Windows\System32\SHCORE.dll
0x00007ffa8fae0000 - 0x00007ffa8fb35000 	C:\Windows\System32\shlwapi.dll
0x00007ffa8e0c0000 - 0x00007ffa8e0e5000 	C:\Windows\SYSTEM32\profapi.dll
0x00007ffa67260000 - 0x00007ffa67279000 	C:\Program Files\Java\jdk-17\bin\net.dll
0x00007ffa83710000 - 0x00007ffa8381a000 	C:\Windows\SYSTEM32\WINHTTP.dll
0x00007ffa8d860000 - 0x00007ffa8d8ca000 	C:\Windows\system32\mswsock.dll
0x00007ffa66bf0000 - 0x00007ffa66c06000 	C:\Program Files\Java\jdk-17\bin\nio.dll
0x00007ffa666a0000 - 0x00007ffa666b8000 	C:\Program Files\Java\jdk-17\bin\zip.dll
0x00007ffa86230000 - 0x00007ffa86240000 	C:\Program Files\Java\jdk-17\bin\verify.dll
0x00007ffa7f460000 - 0x00007ffa7f487000 	C:\Users\ss\.gradle\native\e1d6ef7f7dcc3fd88c89a11ec53ec762bb8ba0a96d01ffa2cd45eb1d1d8dd5c5\windows-amd64\native-platform.dll
0x00007ffa51060000 - 0x00007ffa511a4000 	C:\Users\ss\.gradle\native\5664cfc778a61ccfe75a443a1ab52a65af34e5dc3c78e0209fed803814484fcb\windows-amd64\native-platform-file-events.dll
0x00007ffa86770000 - 0x00007ffa8677a000 	C:\Program Files\Java\jdk-17\bin\management.dll
0x00007ffa857e0000 - 0x00007ffa857eb000 	C:\Program Files\Java\jdk-17\bin\management_ext.dll
0x00007ffa8da50000 - 0x00007ffa8da68000 	C:\Windows\SYSTEM32\CRYPTSP.dll
0x00007ffa8d170000 - 0x00007ffa8d1a4000 	C:\Windows\system32\rsaenh.dll
0x00007ffa8e2f0000 - 0x00007ffa8e317000 	C:\Windows\System32\bcrypt.dll
0x00007ffa8e080000 - 0x00007ffa8e0ae000 	C:\Windows\SYSTEM32\USERENV.dll
0x00007ffa8da70000 - 0x00007ffa8da7c000 	C:\Windows\SYSTEM32\CRYPTBASE.dll
0x00007ffa8d550000 - 0x00007ffa8d58b000 	C:\Windows\SYSTEM32\IPHLPAPI.DLL
0x00007ffa8f350000 - 0x00007ffa8f358000 	C:\Windows\System32\NSI.dll
0x00007ffa83af0000 - 0x00007ffa83b07000 	C:\Windows\SYSTEM32\dhcpcsvc6.DLL
0x00007ffa843e0000 - 0x00007ffa843fd000 	C:\Windows\SYSTEM32\dhcpcsvc.DLL
0x00007ffa8d590000 - 0x00007ffa8d65a000 	C:\Windows\SYSTEM32\DNSAPI.dll
0x00007ffa857d0000 - 0x00007ffa857dd000 	C:\Program Files\Java\jdk-17\bin\sunmscapi.dll
0x00007ffa8e190000 - 0x00007ffa8e2ee000 	C:\Windows\System32\CRYPT32.dll
0x00007ffa8db70000 - 0x00007ffa8db98000 	C:\Windows\SYSTEM32\ncrypt.dll
0x00007ffa8db30000 - 0x00007ffa8db6b000 	C:\Windows\SYSTEM32\NTASN1.dll
0x00007ffa5bc40000 - 0x00007ffa5bc47000 	C:\Windows\system32\wshunix.dll

dbghelp: loaded successfully - version: 4.0.5 - missing functions: none
symbol engine: initialized successfully - sym options: 0x614 - pdb path: .;C:\Program Files\Java\jdk-17\bin;C:\Windows\SYSTEM32;C:\Windows\WinSxS\amd64_microsoft.windows.common-controls_6595b64144ccf1df_6.0.19041.1110_none_60b5254171f9507e;C:\Program Files\Java\jdk-17\bin\server;C:\Users\ss\.gradle\native\e1d6ef7f7dcc3fd88c89a11ec53ec762bb8ba0a96d01ffa2cd45eb1d1d8dd5c5\windows-amd64;C:\Users\ss\.gradle\native\5664cfc778a61ccfe75a443a1ab52a65af34e5dc3c78e0209fed803814484fcb\windows-amd64

VM Arguments:
jvm_args: -XX:MaxMetaspaceSize=512m --add-opens=java.base/java.util=ALL-UNNAMED --add-opens=java.base/java.lang=ALL-UNNAMED --add-opens=java.base/java.lang.invoke=ALL-UNNAMED --add-opens=java.base/java.util=ALL-UNNAMED --add-opens=java.prefs/java.util.prefs=ALL-UNNAMED --add-opens=java.prefs/java.util.prefs=ALL-UNNAMED --add-opens=java.base/java.nio.charset=ALL-UNNAMED --add-opens=java.base/java.net=ALL-UNNAMED --add-opens=java.base/java.util.concurrent.atomic=ALL-UNNAMED -Xmx2048m -Dfile.encoding=windows-1252 -Duser.country=IN -Duser.language=en -Duser.variant 
java_command: org.gradle.launcher.daemon.bootstrap.GradleDaemon 7.3.3
java_class_path (initial): C:\Users\ss\.gradle\wrapper\dists\gradle-7.3.3-all\4295vidhdd9hd3gbjyw1xqxpo\gradle-7.3.3\lib\gradle-launcher-7.3.3.jar
Launcher Type: SUN_STANDARD

[Global flags]
     intx CICompilerCount                          = 3                                         {product} {ergonomic}
   size_t CompressedClassSpaceSize                 = 432013312                                 {product} {ergonomic}
     uint ConcGCThreads                            = 1                                         {product} {ergonomic}
     uint G1ConcRefinementThreads                  = 4                                         {product} {ergonomic}
   size_t G1HeapRegionSize                         = 1048576                                   {product} {ergonomic}
    uintx GCDrainStackTargetSize                   = 64                                        {product} {ergonomic}
   size_t InitialHeapSize                          = 268435456                                 {product} {ergonomic}
   size_t MarkStackSize                            = 4194304                                   {product} {ergonomic}
   size_t MaxHeapSize                              = 2147483648                                {product} {command line}
   size_t MaxMetaspaceSize                         = 536870912                                 {product} {command line}
   size_t MaxNewSize                               = 1287651328                                {product} {ergonomic}
   size_t MinHeapDeltaBytes                        = 1048576                                   {product} {ergonomic}
   size_t MinHeapSize                              = 8388608                                   {product} {ergonomic}
    uintx NonNMethodCodeHeapSize                   = 5832780                                {pd product} {ergonomic}
    uintx NonProfiledCodeHeapSize                  = 122912730                              {pd product} {ergonomic}
    uintx ProfiledCodeHeapSize                     = 122912730                              {pd product} {ergonomic}
    uintx ReservedCodeCacheSize                    = 251658240                              {pd product} {ergonomic}
     bool SegmentedCodeCache                       = true                                      {product} {ergonomic}
   size_t SoftMaxHeapSize                          = 2147483648                             {manageable} {ergonomic}
     bool UseCompressedClassPointers               = true                           {product lp64_product} {ergonomic}
     bool UseCompressedOops                        = true                           {product lp64_product} {ergonomic}
     bool UseG1GC                                  = true                                      {product} {ergonomic}
     bool UseLargePagesIndividualAllocation        = false                                  {pd product} {ergonomic}

Logging:
Log output configuration:
 #0: stdout all=warning uptime,level,tags
 #1: stderr all=off uptime,level,tags

Environment Variables:
CLASSPATH=C:\Users\ss\Desktop\teachers-vision\android\\gradle\wrapper\gradle-wrapper.jar
PATH=C:\Users\ss\Desktop\teachers-vision\android\node_modules\.bin;C:\Users\ss\Desktop\teachers-vision\node_modules\.bin;C:\Users\ss\Desktop\node_modules\.bin;C:\Users\ss\node_modules\.bin;C:\Users\node_modules\.bin;C:\node_modules\.bin;C:\Program Files\nodejs;C:\Users\ss\Desktop\teachers-vision\node_modules\.bin;C:\Users\ss\Desktop\teachers-vision\node_modules\.bin;C:\Users\ss\Desktop\node_modules\.bin;C:\Users\ss\node_modules\.bin;C:\Users\node_modules\.bin;C:\node_modules\.bin;C:\Users\ss\AppData\Roaming\nvm\v16.16.0\node_modules\npm\node_modules\@npmcli\run-script\lib\node-gyp-bin;C:\Users\ss\Desktop\teachers-vision\node_modules\.bin;C:\Users\ss\Desktop\node_modules\.bin;C:\Users\ss\node_modules\.bin;C:\Users\node_modules\.bin;C:\node_modules\.bin;C:\Program Files\nodejs;C:\Users\ss\Desktop\teachers-vision\node_modules\.bin;C:\Users\ss\Desktop\teachers-vision\node_modules\.bin;C:\Users\ss\Desktop\node_modules\.bin;C:\Users\ss\node_modules\.bin;C:\Users\node_modules\.bin;C:\node_modules\.bin;C:\Users\ss\AppData\Roaming\nvm\v16.16.0\node_modules\npm\node_modules\@npmcli\run-script\lib\node-gyp-bin;C:\Program Files\Common Files\Oracle\Java\javapath;C:\Program Files (x86)\Common Files\Oracle\Java\javapath;C:\Program Files\Microsoft\jdk-11.0.18.10-hotspot\bin;C:\Program Files\Microsoft MPI\Bin\;C:\Windows\system32;C:\Windows;C:\Windows\System32\Wbem;C:\Windows\System32\WindowsPowerShell\v1.0\;C:\Windows\System32\OpenSSH\;C:\ProgramData\chocolatey\bin;C:\Users\ss\AppData\Local\Android\Sdk\platform-tools;C:\Program Files\Git\cmd;C:\Program Files\Microsoft SQL Server\150\Tools\Binn\;C:\Program Files (x86)\Microsoft SQL Server\160\Tools\Binn\;C:\Program Files\Microsoft SQL Server\160\Tools\Binn\;C:\Program Files\Microsoft SQL Server\Client SDK\ODBC\170\Tools\Binn\;C:\Program Files\Microsoft SQL Server\160\DTS\Binn\;C:\Program Files\dotnet\;C:\Program Files (x86)\dotnet\;C:\Program Files (x86)\Microsoft SQL Server\160\DTS\Binn\;C:\Program Files (x86)\Microsoft SQL Server\150
USERNAME=ss
LANG=en_US.UTF-8
OS=Windows_NT
PROCESSOR_IDENTIFIER=Intel64 Family 6 Model 142 Stepping 9, GenuineIntel



---------------  S Y S T E M  ---------------

OS:
 Windows 10 , 64 bit Build 19041 (10.0.19041.3155)
OS uptime: 1 days 5:32 hours

CPU: total 4 (initial active 4) (2 cores per cpu, 2 threads per core) family 6 model 142 stepping 9 microcode 0xb4, cx8, cmov, fxsr, ht, mmx, 3dnowpref, sse, sse2, sse3, ssse3, sse4.1, sse4.2, popcnt, lzcnt, tsc, tscinvbit, avx, avx2, aes, erms, clmul, bmi1, bmi2, adx, fma, vzeroupper, clflush, clflushopt

Memory: 4k page, system-wide physical 16263M (2012M free)
TotalPageFile size 24539M (AvailPageFile size 4M)
current process WorkingSet (physical memory assigned to process): 277M, peak: 284M
current process commit charge ("private bytes"): 327M, peak: 404M

vm_info: Java HotSpot(TM) 64-Bit Server VM (17.0.7+8-LTS-224) for windows-amd64 JRE (17.0.7+8-LTS-224), built on Feb 28 2023 23:03:02 by "mach5one" with MS VC++ 17.1 (VS2022)

END.
