#
# There is insufficient memory for the Java Runtime Environment to continue.
# Native memory allocation (malloc) failed to allocate 1874096 bytes for Chunk::new
# Possible reasons:
#   The system is out of physical RAM or swap space
#   The process is running with CompressedOops enabled, and the Java Heap may be blocking the growth of the native heap
# Possible solutions:
#   Reduce memory load on the system
#   Increase physical memory or swap space
#   Check if swap backing store is full
#   Decrease Java heap size (-Xmx/-Xms)
#   Decrease number of Java threads
#   Decrease Java thread stack sizes (-Xss)
#   Set larger code cache with -XX:ReservedCodeCacheSize=
#   JVM is running with Unscaled Compressed Oops mode in which the Java heap is
#     placed in the first 4GB address space. The Java Heap base address is the
#     maximum limit for the native heap growth. Please use -XX:HeapBaseMinAddress
#     to set the Java Heap base and to place the Java Heap above 4GB virtual address.
# This output file may be truncated or incomplete.
#
#  Out of Memory Error (arena.cpp:189), pid=27184, tid=28392
#
# JRE version: Java(TM) SE Runtime Environment (17.0.7+8) (build 17.0.7+8-LTS-224)
# Java VM: Java HotSpot(TM) 64-Bit Server VM (17.0.7+8-LTS-224, mixed mode, sharing, tiered, compressed oops, compressed class ptrs, g1 gc, windows-amd64)
# No core dump will be written. Minidumps are not enabled by default on client versions of Windows
#

---------------  S U M M A R Y ------------

Command Line: -XX:MaxMetaspaceSize=512m --add-opens=java.base/java.util=ALL-UNNAMED --add-opens=java.base/java.lang=ALL-UNNAMED --add-opens=java.base/java.lang.invoke=ALL-UNNAMED --add-opens=java.base/java.util=ALL-UNNAMED --add-opens=java.prefs/java.util.prefs=ALL-UNNAMED --add-opens=java.prefs/java.util.prefs=ALL-UNNAMED --add-opens=java.base/java.nio.charset=ALL-UNNAMED --add-opens=java.base/java.net=ALL-UNNAMED --add-opens=java.base/java.util.concurrent.atomic=ALL-UNNAMED -Xmx2048m -Dfile.encoding=windows-1252 -Duser.country=IN -Duser.language=en -Duser.variant org.gradle.launcher.daemon.bootstrap.GradleDaemon 7.3.3

Host: Intel(R) Core(TM) i5-7200U CPU @ 2.50GHz, 4 cores, 15G,  Windows 10 , 64 bit Build 19041 (10.0.19041.3155)
Time: Mon Sep  4 17:20:58 2023 India Standard Time elapsed time: 170.891609 seconds (0d 0h 2m 50s)

---------------  T H R E A D  ---------------

Current thread (0x000001e278f862b0):  JavaThread "C2 CompilerThread0" daemon [_thread_in_native, id=28392, stack(0x0000002c3ee00000,0x0000002c3ef00000)]


Current CompileTask:
C2: 170891 9125   !   4       com.sun.tools.javac.file.JavacFileManager$ArchiveContainer::walkDirectories (134 bytes)

Stack: [0x0000002c3ee00000,0x0000002c3ef00000]
Native frames: (J=compiled Java code, j=interpreted, Vv=VM code, C=native code)
V  [jvm.dll+0x676a4a]
V  [jvm.dll+0x7d74f4]
V  [jvm.dll+0x7d8c9e]
V  [jvm.dll+0x7d9303]
V  [jvm.dll+0x2452c5]
V  [jvm.dll+0xaaa2b]
V  [jvm.dll+0xaafcc]
V  [jvm.dll+0x3613cf]
V  [jvm.dll+0x32bba1]
V  [jvm.dll+0x32b03a]
V  [jvm.dll+0x217acf]
V  [jvm.dll+0x216f01]
V  [jvm.dll+0x1a35e0]
V  [jvm.dll+0x226a6e]
V  [jvm.dll+0x224e15]
V  [jvm.dll+0x78d05c]
V  [jvm.dll+0x78759a]
V  [jvm.dll+0x675875]
C  [ucrtbase.dll+0x21bb2]
C  [KERNEL32.DLL+0x17614]
C  [ntdll.dll+0x526b1]


---------------  P R O C E S S  ---------------

Threads class SMR info:
_java_thread_list=0x000001e27ce94c40, length=95, elements={
0x000001e25b607350, 0x000001e278f676d0, 0x000001e278f68450, 0x000001e278f7fba0,
0x000001e278f83480, 0x000001e278f84d50, 0x000001e278f85610, 0x000001e278f862b0,
0x000001e278f88c70, 0x000001e279938010, 0x000001e27999b6a0, 0x000001e27999db80,
0x000001e27a9e6280, 0x000001e27aa31970, 0x000001e27b2218b0, 0x000001e27af55150,
0x000001e279b00b40, 0x000001e27ad59780, 0x000001e27ad57f70, 0x000001e27ad5a120,
0x000001e27ad58910, 0x000001e27ad5aac0, 0x000001e27ad58de0, 0x000001e27ad5a5f0,
0x000001e27ad592b0, 0x000001e27ad58440, 0x000001e27ad59c50, 0x000001e27ad57aa0,
0x000001e27d8413d0, 0x000001e27d83e880, 0x000001e27d83ed50, 0x000001e27d83dee0,
0x000001e27d842240, 0x000001e27d83e3b0, 0x000001e27d8430b0, 0x000001e27d83f220,
0x000001e27d8443f0, 0x000001e27d840560, 0x000001e27d840a30, 0x000001e27d8418a0,
0x000001e27d843580, 0x000001e27d842710, 0x000001e27d843a50, 0x000001e27d83d540,
0x000001e27d840f00, 0x000001e27d83da10, 0x000001e27d842be0, 0x000001e279bebf10,
0x000001e279bec3e0, 0x000001e279beef30, 0x000001e279bee590, 0x000001e279beea60,
0x000001e279bed720, 0x000001e279bf2420, 0x000001e279bef8d0, 0x000001e279bf0740,
0x000001e279bef400, 0x000001e279becd80, 0x000001e279bec8b0, 0x000001e279befda0,
0x000001e279bf0270, 0x000001e279bf3760, 0x000001e279bed250, 0x000001e279bf2dc0,
0x000001e279bf15b0, 0x000001e279bedbf0, 0x000001e279bf0c10, 0x000001e279bf28f0,
0x000001e279bf10e0, 0x000001e279bee0c0, 0x000001e279bf1a80, 0x000001e279bf1f50,
0x000001e279bf3290, 0x000001e27cad8530, 0x000001e27cadbef0, 0x000001e27cad9d40,
0x000001e27caddbd0, 0x000001e27cadcd60, 0x000001e27cadea40, 0x000001e27cadb550,
0x000001e27cadb080, 0x000001e27cad8060, 0x000001e27cad9870, 0x000001e27cadba20,
0x000001e27cadd230, 0x000001e27cadd700, 0x000001e27cad93a0, 0x000001e27cade0a0,
0x000001e27cade570, 0x000001e2001c5290, 0x000001e2001bf250, 0x000001e2001be3e0,
0x000001e2001bed80, 0x000001e2001c30e0, 0x000001e2001bf720
}

Java Threads: ( => current thread )
  0x000001e25b607350 JavaThread "main" [_thread_blocked, id=8088, stack(0x0000002c3e000000,0x0000002c3e100000)]
  0x000001e278f676d0 JavaThread "Reference Handler" daemon [_thread_blocked, id=20756, stack(0x0000002c3e800000,0x0000002c3e900000)]
  0x000001e278f68450 JavaThread "Finalizer" daemon [_thread_blocked, id=15892, stack(0x0000002c3e900000,0x0000002c3ea00000)]
  0x000001e278f7fba0 JavaThread "Signal Dispatcher" daemon [_thread_blocked, id=19992, stack(0x0000002c3ea00000,0x0000002c3eb00000)]
  0x000001e278f83480 JavaThread "Attach Listener" daemon [_thread_blocked, id=25332, stack(0x0000002c3eb00000,0x0000002c3ec00000)]
  0x000001e278f84d50 JavaThread "Service Thread" daemon [_thread_blocked, id=15224, stack(0x0000002c3ec00000,0x0000002c3ed00000)]
  0x000001e278f85610 JavaThread "Monitor Deflation Thread" daemon [_thread_blocked, id=10440, stack(0x0000002c3ed00000,0x0000002c3ee00000)]
=>0x000001e278f862b0 JavaThread "C2 CompilerThread0" daemon [_thread_in_native, id=28392, stack(0x0000002c3ee00000,0x0000002c3ef00000)]
  0x000001e278f88c70 JavaThread "C1 CompilerThread0" daemon [_thread_blocked, id=27064, stack(0x0000002c3ef00000,0x0000002c3f000000)]
  0x000001e279938010 JavaThread "Sweeper thread" daemon [_thread_blocked, id=1532, stack(0x0000002c3f000000,0x0000002c3f100000)]
  0x000001e27999b6a0 JavaThread "Common-Cleaner" daemon [_thread_blocked, id=18180, stack(0x0000002c3f100000,0x0000002c3f200000)]
  0x000001e27999db80 JavaThread "Notification Thread" daemon [_thread_blocked, id=12948, stack(0x0000002c3f200000,0x0000002c3f300000)]
  0x000001e27a9e6280 JavaThread "Daemon health stats" [_thread_blocked, id=18692, stack(0x0000002c3f700000,0x0000002c3f800000)]
  0x000001e27aa31970 JavaThread "Incoming local TCP Connector on port 62044" [_thread_in_native, id=27532, stack(0x0000002c3f800000,0x0000002c3f900000)]
  0x000001e27b2218b0 JavaThread "Daemon periodic checks" [_thread_blocked, id=6284, stack(0x0000002c3f900000,0x0000002c3fa00000)]
  0x000001e27af55150 JavaThread "Daemon" [_thread_blocked, id=28224, stack(0x0000002c3fa00000,0x0000002c3fb00000)]
  0x000001e279b00b40 JavaThread "Handler for socket connection from /127.0.0.1:62044 to /127.0.0.1:62045" [_thread_in_native, id=2712, stack(0x0000002c3fb00000,0x0000002c3fc00000)]
  0x000001e27ad59780 JavaThread "Cancel handler" [_thread_blocked, id=16420, stack(0x0000002c3fc00000,0x0000002c3fd00000)]
  0x000001e27ad57f70 JavaThread "Daemon worker" [_thread_blocked, id=15972, stack(0x0000002c3fd00000,0x0000002c3fe00000)]
  0x000001e27ad5a120 JavaThread "Asynchronous log dispatcher for DefaultDaemonConnection: socket connection from /127.0.0.1:62044 to /127.0.0.1:62045" [_thread_blocked, id=27088, stack(0x0000002c3fe00000,0x0000002c3ff00000)]
  0x000001e27ad58910 JavaThread "Stdin handler" [_thread_blocked, id=11916, stack(0x0000002c3ff00000,0x0000002c40000000)]
  0x000001e27ad5aac0 JavaThread "Daemon client event forwarder" [_thread_blocked, id=24464, stack(0x0000002c40000000,0x0000002c40100000)]
  0x000001e27ad58de0 JavaThread "Cache worker for journal cache (C:\Users\ss\.gradle\caches\journal-1)" [_thread_blocked, id=15200, stack(0x0000002c40100000,0x0000002c40200000)]
  0x000001e27ad5a5f0 JavaThread "File lock request listener" [_thread_in_native, id=12864, stack(0x0000002c40200000,0x0000002c40300000)]
  0x000001e27ad592b0 JavaThread "Cache worker for file hash cache (C:\Users\ss\.gradle\caches\7.3.3\fileHashes)" [_thread_blocked, id=5888, stack(0x0000002c40300000,0x0000002c40400000)]
  0x000001e27ad58440 JavaThread "Cache worker for file hash cache (C:\Users\ss\Desktop\teachers-vision\android\.gradle\7.3.3\fileHashes)" [_thread_blocked, id=26272, stack(0x0000002c40500000,0x0000002c40600000)]
  0x000001e27ad59c50 JavaThread "File watcher server" daemon [_thread_in_native, id=22212, stack(0x0000002c40600000,0x0000002c40700000)]
  0x000001e27ad57aa0 JavaThread "File watcher consumer" daemon [_thread_blocked, id=13600, stack(0x0000002c40700000,0x0000002c40800000)]
  0x000001e27d8413d0 JavaThread "Cache worker for checksums cache (C:\Users\ss\Desktop\teachers-vision\android\.gradle\7.3.3\checksums)" [_thread_blocked, id=18232, stack(0x0000002c40800000,0x0000002c40900000)]
  0x000001e27d83e880 JavaThread "Cache worker for cache directory md-supplier (C:\Users\ss\.gradle\caches\7.3.3\md-supplier)" [_thread_blocked, id=15940, stack(0x0000002c40a00000,0x0000002c40b00000)]
  0x000001e27d83ed50 JavaThread "Cache worker for cache directory md-rule (C:\Users\ss\.gradle\caches\7.3.3\md-rule)" [_thread_blocked, id=3280, stack(0x0000002c40900000,0x0000002c40a00000)]
  0x000001e27d83dee0 JavaThread "Cache worker for execution history cache (C:\Users\ss\.gradle\caches\7.3.3\executionHistory)" [_thread_blocked, id=19464, stack(0x0000002c40b00000,0x0000002c40c00000)]
  0x000001e27d842240 JavaThread "jar transforms" [_thread_blocked, id=6764, stack(0x0000002c40d00000,0x0000002c40e00000)]
  0x000001e27d83e3b0 JavaThread "jar transforms Thread 2" [_thread_blocked, id=27608, stack(0x0000002c40e00000,0x0000002c40f00000)]
  0x000001e27d8430b0 JavaThread "Cache worker for file content cache (C:\Users\ss\.gradle\caches\7.3.3\fileContent)" [_thread_blocked, id=26848, stack(0x0000002c40f00000,0x0000002c41000000)]
  0x000001e27d83f220 JavaThread "jar transforms Thread 3" [_thread_blocked, id=7112, stack(0x0000002c40c00000,0x0000002c40d00000)]
  0x000001e27d8443f0 JavaThread "jar transforms Thread 4" [_thread_blocked, id=21016, stack(0x0000002c41000000,0x0000002c41100000)]
  0x000001e27d840560 JavaThread "File lock release action executor Thread 2" [_thread_blocked, id=8424, stack(0x0000002c41400000,0x0000002c41500000)]
  0x000001e27d840a30 JavaThread "Cache worker for kotlin-dsl (C:\Users\ss\.gradle\caches\7.3.3\kotlin-dsl)" [_thread_blocked, id=13588, stack(0x0000002c3df00000,0x0000002c3e000000)]
  0x000001e27d8418a0 JavaThread "Cache worker for dependencies-accessors (C:\Users\ss\Desktop\teachers-vision\android\.gradle\7.3.3\dependencies-accessors)" [_thread_blocked, id=25692, stack(0x0000002c3e100000,0x0000002c3e200000)]
  0x000001e27d843580 JavaThread "Cache worker for Build Output Cleanup Cache (C:\Users\ss\Desktop\teachers-vision\node_modules\react-native-gradle-plugin\.gradle\buildOutputCleanup)" [_thread_blocked, id=25260, stack(0x0000002c41300000,0x0000002c41400000)]
  0x000001e27d842710 JavaThread "Unconstrained build operations" [_thread_blocked, id=15612, stack(0x0000002c41500000,0x0000002c41600000)]
  0x000001e27d843a50 JavaThread "Unconstrained build operations Thread 2" [_thread_blocked, id=15836, stack(0x0000002c41600000,0x0000002c41700000)]
  0x000001e27d83d540 JavaThread "Unconstrained build operations Thread 3" [_thread_blocked, id=21356, stack(0x0000002c41700000,0x0000002c41800000)]
  0x000001e27d840f00 JavaThread "Unconstrained build operations Thread 4" [_thread_blocked, id=11400, stack(0x0000002c41800000,0x0000002c41900000)]
  0x000001e27d83da10 JavaThread "Unconstrained build operations Thread 5" [_thread_blocked, id=26460, stack(0x0000002c41900000,0x0000002c41a00000)]
  0x000001e27d842be0 JavaThread "Unconstrained build operations Thread 6" [_thread_blocked, id=23724, stack(0x0000002c41a00000,0x0000002c41b00000)]
  0x000001e279bebf10 JavaThread "Unconstrained build operations Thread 7" [_thread_blocked, id=13068, stack(0x0000002c41b00000,0x0000002c41c00000)]
  0x000001e279bec3e0 JavaThread "Unconstrained build operations Thread 8" [_thread_blocked, id=23232, stack(0x0000002c41c00000,0x0000002c41d00000)]
  0x000001e279beef30 JavaThread "Unconstrained build operations Thread 9" [_thread_blocked, id=13348, stack(0x0000002c41d00000,0x0000002c41e00000)]
  0x000001e279bee590 JavaThread "Unconstrained build operations Thread 10" [_thread_blocked, id=26420, stack(0x0000002c41e00000,0x0000002c41f00000)]
  0x000001e279beea60 JavaThread "Unconstrained build operations Thread 11" [_thread_blocked, id=15236, stack(0x0000002c41f00000,0x0000002c42000000)]
  0x000001e279bed720 JavaThread "Unconstrained build operations Thread 12" [_thread_blocked, id=25660, stack(0x0000002c42000000,0x0000002c42100000)]
  0x000001e279bf2420 JavaThread "Unconstrained build operations Thread 13" [_thread_blocked, id=28340, stack(0x0000002c42100000,0x0000002c42200000)]
  0x000001e279bef8d0 JavaThread "Unconstrained build operations Thread 14" [_thread_blocked, id=1264, stack(0x0000002c42200000,0x0000002c42300000)]
  0x000001e279bf0740 JavaThread "Unconstrained build operations Thread 15" [_thread_blocked, id=6208, stack(0x0000002c42300000,0x0000002c42400000)]
  0x000001e279bef400 JavaThread "Unconstrained build operations Thread 16" [_thread_blocked, id=20120, stack(0x0000002c42400000,0x0000002c42500000)]
  0x000001e279becd80 JavaThread "Unconstrained build operations Thread 17" [_thread_blocked, id=4472, stack(0x0000002c42500000,0x0000002c42600000)]
  0x000001e279bec8b0 JavaThread "Unconstrained build operations Thread 18" [_thread_blocked, id=16576, stack(0x0000002c42600000,0x0000002c42700000)]
  0x000001e279befda0 JavaThread "Unconstrained build operations Thread 19" [_thread_blocked, id=27108, stack(0x0000002c42700000,0x0000002c42800000)]
  0x000001e279bf0270 JavaThread "Unconstrained build operations Thread 20" [_thread_blocked, id=21604, stack(0x0000002c42800000,0x0000002c42900000)]
  0x000001e279bf3760 JavaThread "Unconstrained build operations Thread 21" [_thread_blocked, id=18876, stack(0x0000002c42900000,0x0000002c42a00000)]
  0x000001e279bed250 JavaThread "Unconstrained build operations Thread 22" [_thread_blocked, id=27272, stack(0x0000002c42a00000,0x0000002c42b00000)]
  0x000001e279bf2dc0 JavaThread "Unconstrained build operations Thread 23" [_thread_blocked, id=15532, stack(0x0000002c42b00000,0x0000002c42c00000)]
  0x000001e279bf15b0 JavaThread "Unconstrained build operations Thread 24" [_thread_blocked, id=25052, stack(0x0000002c42c00000,0x0000002c42d00000)]
  0x000001e279bedbf0 JavaThread "Unconstrained build operations Thread 25" [_thread_blocked, id=26576, stack(0x0000002c42d00000,0x0000002c42e00000)]
  0x000001e279bf0c10 JavaThread "Unconstrained build operations Thread 26" [_thread_blocked, id=23104, stack(0x0000002c42e00000,0x0000002c42f00000)]
  0x000001e279bf28f0 JavaThread "Unconstrained build operations Thread 27" [_thread_blocked, id=6492, stack(0x0000002c42f00000,0x0000002c43000000)]
  0x000001e279bf10e0 JavaThread "Unconstrained build operations Thread 28" [_thread_blocked, id=20436, stack(0x0000002c43000000,0x0000002c43100000)]
  0x000001e279bee0c0 JavaThread "Unconstrained build operations Thread 29" [_thread_blocked, id=13708, stack(0x0000002c43100000,0x0000002c43200000)]
  0x000001e279bf1a80 JavaThread "Unconstrained build operations Thread 30" [_thread_blocked, id=27760, stack(0x0000002c43200000,0x0000002c43300000)]
  0x000001e279bf1f50 JavaThread "Unconstrained build operations Thread 31" [_thread_blocked, id=23740, stack(0x0000002c43300000,0x0000002c43400000)]
  0x000001e279bf3290 JavaThread "Unconstrained build operations Thread 32" [_thread_blocked, id=27376, stack(0x0000002c43400000,0x0000002c43500000)]
  0x000001e27cad8530 JavaThread "Unconstrained build operations Thread 33" [_thread_blocked, id=28276, stack(0x0000002c43500000,0x0000002c43600000)]
  0x000001e27cadbef0 JavaThread "build event listener" [_thread_blocked, id=27692, stack(0x0000002c40400000,0x0000002c40500000)]
  0x000001e27cad9d40 JavaThread "Memory manager" [_thread_blocked, id=27612, stack(0x0000002c43600000,0x0000002c43700000)]
  0x000001e27caddbd0 JavaThread "Cache worker for Build Output Cleanup Cache (C:\Users\ss\Desktop\teachers-vision\android\.gradle\buildOutputCleanup)" [_thread_blocked, id=5776, stack(0x0000002c43700000,0x0000002c43800000)]
  0x000001e27cadcd60 JavaThread "included builds" [_thread_in_native, id=24852, stack(0x0000002c43800000,0x0000002c43900000)]
  0x000001e27cadea40 JavaThread "Execution worker for ':react-native-gradle-plugin'" [_thread_blocked, id=22348, stack(0x0000002c43900000,0x0000002c43a00000)]
  0x000001e27cadb550 JavaThread "Execution worker for ':react-native-gradle-plugin' Thread 2" [_thread_blocked, id=15468, stack(0x0000002c43a00000,0x0000002c43b00000)]
  0x000001e27cadb080 JavaThread "Execution worker for ':react-native-gradle-plugin' Thread 3" [_thread_blocked, id=26340, stack(0x0000002c43b00000,0x0000002c43c00000)]
  0x000001e27cad8060 JavaThread "Cache worker for execution history cache (C:\Users\ss\Desktop\teachers-vision\node_modules\react-native-gradle-plugin\.gradle\7.3.3\executionHistory)" [_thread_blocked, id=10936, stack(0x0000002c43c00000,0x0000002c43d00000)]
  0x000001e27cad9870 JavaThread "Unconstrained build operations Thread 34" [_thread_blocked, id=25384, stack(0x0000002c43d00000,0x0000002c43e00000)]
  0x000001e27cadba20 JavaThread "Unconstrained build operations Thread 35" [_thread_blocked, id=16580, stack(0x0000002c43e00000,0x0000002c43f00000)]
  0x000001e27cadd230 JavaThread "Unconstrained build operations Thread 36" [_thread_blocked, id=14320, stack(0x0000002c43f00000,0x0000002c44000000)]
  0x000001e27cadd700 JavaThread "Unconstrained build operations Thread 37" [_thread_blocked, id=20244, stack(0x0000002c44000000,0x0000002c44100000)]
  0x000001e27cad93a0 JavaThread "Unconstrained build operations Thread 38" [_thread_blocked, id=19024, stack(0x0000002c44100000,0x0000002c44200000)]
  0x000001e27cade0a0 JavaThread "Unconstrained build operations Thread 39" [_thread_blocked, id=17248, stack(0x0000002c44200000,0x0000002c44300000)]
  0x000001e27cade570 JavaThread "Unconstrained build operations Thread 40" [_thread_blocked, id=18448, stack(0x0000002c44300000,0x0000002c44400000)]
  0x000001e2001c5290 JavaThread "RMI Scheduler(0)" daemon [_thread_blocked, id=1744, stack(0x0000002c44400000,0x0000002c44500000)]
  0x000001e2001bf250 JavaThread "RMI GC Daemon" daemon [_thread_blocked, id=20780, stack(0x0000002c44600000,0x0000002c44700000)]
  0x000001e2001be3e0 JavaThread "RMI TCP Accept-0" daemon [_thread_in_native, id=16692, stack(0x0000002c44700000,0x0000002c44800000)]
  0x000001e2001bed80 JavaThread "RMI Reaper" [_thread_blocked, id=24728, stack(0x0000002c44800000,0x0000002c44900000)]
  0x000001e2001c30e0 JavaThread "RMI TCP Connection(2)-127.0.0.1" daemon [_thread_in_native, id=17944, stack(0x0000002c44900000,0x0000002c44a00000)]
  0x000001e2001bf720 JavaThread "Cache worker for Java compile cache (C:\Users\ss\.gradle\caches\7.3.3\javaCompile)" [_thread_blocked, id=25784, stack(0x0000002c41100000,0x0000002c41200000)]

Other Threads:
  0x000001e278f61c30 VMThread "VM Thread" [stack: 0x0000002c3e700000,0x0000002c3e800000] [id=9548]
  0x000001e2799a0280 WatcherThread [stack: 0x0000002c3f300000,0x0000002c3f400000] [id=17912]
  0x000001e25b660550 GCTaskThread "GC Thread#0" [stack: 0x0000002c3e200000,0x0000002c3e300000] [id=7320]
  0x000001e279cb1d60 GCTaskThread "GC Thread#1" [stack: 0x0000002c3f400000,0x0000002c3f500000] [id=15216]
  0x000001e279c75410 GCTaskThread "GC Thread#2" [stack: 0x0000002c3f500000,0x0000002c3f600000] [id=26252]
  0x000001e279b20190 GCTaskThread "GC Thread#3" [stack: 0x0000002c3f600000,0x0000002c3f700000] [id=28180]
  0x000001e25b6723b0 ConcurrentGCThread "G1 Main Marker" [stack: 0x0000002c3e300000,0x0000002c3e400000] [id=28252]
  0x000001e25b672cd0 ConcurrentGCThread "G1 Conc#0" [stack: 0x0000002c3e400000,0x0000002c3e500000] [id=10860]
  0x000001e25b6dde40 ConcurrentGCThread "G1 Refine#0" [stack: 0x0000002c3e500000,0x0000002c3e600000] [id=25832]
  0x000001e25b6de770 ConcurrentGCThread "G1 Service" [stack: 0x0000002c3e600000,0x0000002c3e700000] [id=14020]

Threads with active compile tasks:
C2 CompilerThread0   170951 9125   !   4       com.sun.tools.javac.file.JavacFileManager$ArchiveContainer::walkDirectories (134 bytes)

VM state: not at safepoint (normal execution)

VM Mutex/Monitor currently owned by a thread: None

Heap address: 0x0000000080000000, size: 2048 MB, Compressed Oops mode: 32-bit

CDS archive(s) mapped at: [0x0000000800000000-0x0000000800bd0000-0x0000000800bd0000), size 12386304, SharedBaseAddress: 0x0000000800000000, ArchiveRelocationMode: 0.
Compressed class space mapped at: 0x0000000800c00000-0x000000081a800000, reserved size: 432013312
Narrow klass base: 0x0000000800000000, Narrow klass shift: 0, Narrow klass range: 0x100000000

GC Precious Log:
 CPUs: 4 total, 4 available
 Memory: 16263M
 Large Page Support: Disabled
 NUMA Support: Disabled
 Compressed Oops: Enabled (32-bit)
 Heap Region Size: 1M
 Heap Min Capacity: 8M
 Heap Initial Capacity: 256M
 Heap Max Capacity: 2G
 Pre-touch: Disabled
 Parallel Workers: 4
 Concurrent Workers: 1
 Concurrent Refinement Workers: 4
 Periodic GC: Disabled

Heap:
 garbage-first heap   total 147456K, used 99340K [0x0000000080000000, 0x0000000100000000)
  region size 1024K, 18 young (18432K), 1 survivors (1024K)
 Metaspace       used 68456K, committed 69184K, reserved 487424K
  class space    used 9379K, committed 9728K, reserved 421888K

Heap Regions: E=young(eden), S=young(survivor), O=old, HS=humongous(starts), HC=humongous(continues), CS=collection set, F=free, OA=open archive, CA=closed archive, TAMS=top-at-mark-start (previous, next)
|   0|0x0000000080000000, 0x0000000080100000, 0x0000000080100000|100%|HS|  |TAMS 0x0000000080100000, 0x0000000080000000| Complete 
|   1|0x0000000080100000, 0x0000000080200000, 0x0000000080200000|100%|HC|  |TAMS 0x0000000080200000, 0x0000000080100000| Complete 
|   2|0x0000000080200000, 0x0000000080300000, 0x0000000080300000|100%|HC|  |TAMS 0x0000000080300000, 0x0000000080200000| Complete 
|   3|0x0000000080300000, 0x0000000080400000, 0x0000000080400000|100%| O|  |TAMS 0x0000000080400000, 0x0000000080300000| Untracked 
|   4|0x0000000080400000, 0x0000000080500000, 0x0000000080500000|100%| O|  |TAMS 0x0000000080500000, 0x0000000080400000| Untracked 
|   5|0x0000000080500000, 0x0000000080600000, 0x0000000080600000|100%| O|  |TAMS 0x0000000080600000, 0x0000000080500000| Untracked 
|   6|0x0000000080600000, 0x0000000080700000, 0x0000000080700000|100%| O|  |TAMS 0x0000000080700000, 0x0000000080600000| Untracked 
|   7|0x0000000080700000, 0x0000000080800000, 0x0000000080800000|100%| O|  |TAMS 0x0000000080800000, 0x0000000080700000| Untracked 
|   8|0x0000000080800000, 0x0000000080900000, 0x0000000080900000|100%| O|  |TAMS 0x0000000080900000, 0x0000000080800000| Untracked 
|   9|0x0000000080900000, 0x0000000080a00000, 0x0000000080a00000|100%| O|  |TAMS 0x0000000080a00000, 0x0000000080900000| Untracked 
|  10|0x0000000080a00000, 0x0000000080a55c00, 0x0000000080b00000| 33%| O|  |TAMS 0x0000000080a55c00, 0x0000000080a00000| Untracked 
|  11|0x0000000080b00000, 0x0000000080c00000, 0x0000000080c00000|100%| O|  |TAMS 0x0000000080c00000, 0x0000000080b00000| Untracked 
|  12|0x0000000080c00000, 0x0000000080d00000, 0x0000000080d00000|100%| O|  |TAMS 0x0000000080d00000, 0x0000000080c00000| Untracked 
|  13|0x0000000080d00000, 0x0000000080e00000, 0x0000000080e00000|100%| O|  |TAMS 0x0000000080e00000, 0x0000000080d00000| Untracked 
|  14|0x0000000080e00000, 0x0000000080f00000, 0x0000000080f00000|100%| O|  |TAMS 0x0000000080f00000, 0x0000000080e00000| Untracked 
|  15|0x0000000080f00000, 0x0000000081000000, 0x0000000081000000|100%| O|  |TAMS 0x0000000081000000, 0x0000000080f00000| Untracked 
|  16|0x0000000081000000, 0x0000000081100000, 0x0000000081100000|100%| O|  |TAMS 0x0000000081100000, 0x0000000081000000| Untracked 
|  17|0x0000000081100000, 0x0000000081200000, 0x0000000081200000|100%| O|  |TAMS 0x0000000081200000, 0x0000000081100000| Untracked 
|  18|0x0000000081200000, 0x0000000081300000, 0x0000000081300000|100%| O|  |TAMS 0x0000000081300000, 0x0000000081200000| Untracked 
|  19|0x0000000081300000, 0x0000000081400000, 0x0000000081400000|100%| O|  |TAMS 0x0000000081400000, 0x0000000081300000| Untracked 
|  20|0x0000000081400000, 0x0000000081500000, 0x0000000081500000|100%| O|  |TAMS 0x0000000081500000, 0x0000000081400000| Untracked 
|  21|0x0000000081500000, 0x0000000081600000, 0x0000000081600000|100%| O|  |TAMS 0x0000000081600000, 0x0000000081500000| Untracked 
|  22|0x0000000081600000, 0x0000000081700000, 0x0000000081700000|100%| O|  |TAMS 0x0000000081700000, 0x0000000081600000| Untracked 
|  23|0x0000000081700000, 0x0000000081800000, 0x0000000081800000|100%| O|  |TAMS 0x0000000081800000, 0x0000000081700000| Untracked 
|  24|0x0000000081800000, 0x0000000081900000, 0x0000000081900000|100%| O|  |TAMS 0x0000000081900000, 0x0000000081800000| Untracked 
|  25|0x0000000081900000, 0x0000000081a00000, 0x0000000081a00000|100%| O|  |TAMS 0x0000000081a00000, 0x0000000081900000| Untracked 
|  26|0x0000000081a00000, 0x0000000081b00000, 0x0000000081b00000|100%| O|  |TAMS 0x0000000081b00000, 0x0000000081a00000| Untracked 
|  27|0x0000000081b00000, 0x0000000081c00000, 0x0000000081c00000|100%| O|  |TAMS 0x0000000081c00000, 0x0000000081b00000| Untracked 
|  28|0x0000000081c00000, 0x0000000081d00000, 0x0000000081d00000|100%| O|  |TAMS 0x0000000081d00000, 0x0000000081c00000| Untracked 
|  29|0x0000000081d00000, 0x0000000081e00000, 0x0000000081e00000|100%| O|  |TAMS 0x0000000081e00000, 0x0000000081d00000| Untracked 
|  30|0x0000000081e00000, 0x0000000081f00000, 0x0000000081f00000|100%| O|  |TAMS 0x0000000081f00000, 0x0000000081e00000| Untracked 
|  31|0x0000000081f00000, 0x0000000082000000, 0x0000000082000000|100%| O|  |TAMS 0x0000000082000000, 0x0000000081f00000| Untracked 
|  32|0x0000000082000000, 0x0000000082100000, 0x0000000082100000|100%| O|  |TAMS 0x0000000082100000, 0x0000000082000000| Untracked 
|  33|0x0000000082100000, 0x0000000082200000, 0x0000000082200000|100%| O|  |TAMS 0x0000000082200000, 0x0000000082100000| Untracked 
|  34|0x0000000082200000, 0x0000000082300000, 0x0000000082300000|100%|HS|  |TAMS 0x0000000082300000, 0x0000000082200000| Complete 
|  35|0x0000000082300000, 0x0000000082400000, 0x0000000082400000|100%|HS|  |TAMS 0x0000000082400000, 0x0000000082300000| Complete 
|  36|0x0000000082400000, 0x0000000082500000, 0x0000000082500000|100%|HC|  |TAMS 0x0000000082500000, 0x0000000082400000| Complete 
|  37|0x0000000082500000, 0x0000000082600000, 0x0000000082600000|100%|HC|  |TAMS 0x0000000082600000, 0x0000000082500000| Complete 
|  38|0x0000000082600000, 0x0000000082700000, 0x0000000082700000|100%| O|  |TAMS 0x0000000082700000, 0x0000000082600000| Untracked 
|  39|0x0000000082700000, 0x0000000082800000, 0x0000000082800000|100%|HS|  |TAMS 0x0000000082700000, 0x0000000082700000| Complete 
|  40|0x0000000082800000, 0x0000000082900000, 0x0000000082900000|100%| O|  |TAMS 0x0000000082900000, 0x0000000082800000| Untracked 
|  41|0x0000000082900000, 0x0000000082a00000, 0x0000000082a00000|100%| O|  |TAMS 0x0000000082a00000, 0x0000000082900000| Untracked 
|  42|0x0000000082a00000, 0x0000000082b00000, 0x0000000082b00000|100%| O|  |TAMS 0x0000000082b00000, 0x0000000082a00000| Untracked 
|  43|0x0000000082b00000, 0x0000000082c00000, 0x0000000082c00000|100%| O|  |TAMS 0x0000000082c00000, 0x0000000082b00000| Untracked 
|  44|0x0000000082c00000, 0x0000000082d00000, 0x0000000082d00000|100%| O|  |TAMS 0x0000000082d00000, 0x0000000082c00000| Untracked 
|  45|0x0000000082d00000, 0x0000000082e00000, 0x0000000082e00000|100%| O|  |TAMS 0x0000000082e00000, 0x0000000082d00000| Untracked 
|  46|0x0000000082e00000, 0x0000000082f00000, 0x0000000082f00000|100%| O|  |TAMS 0x0000000082f00000, 0x0000000082e00000| Untracked 
|  47|0x0000000082f00000, 0x0000000083000000, 0x0000000083000000|100%| O|  |TAMS 0x0000000083000000, 0x0000000082f00000| Untracked 
|  48|0x0000000083000000, 0x0000000083100000, 0x0000000083100000|100%| O|  |TAMS 0x0000000083100000, 0x0000000083000000| Untracked 
|  49|0x0000000083100000, 0x0000000083200000, 0x0000000083200000|100%| O|  |TAMS 0x0000000083200000, 0x0000000083100000| Untracked 
|  50|0x0000000083200000, 0x0000000083300000, 0x0000000083300000|100%| O|  |TAMS 0x0000000083300000, 0x0000000083200000| Untracked 
|  51|0x0000000083300000, 0x0000000083400000, 0x0000000083400000|100%| O|  |TAMS 0x0000000083400000, 0x0000000083300000| Untracked 
|  52|0x0000000083400000, 0x0000000083500000, 0x0000000083500000|100%| O|  |TAMS 0x0000000083500000, 0x0000000083400000| Untracked 
|  53|0x0000000083500000, 0x0000000083600000, 0x0000000083600000|100%| O|  |TAMS 0x0000000083600000, 0x0000000083500000| Complete 
|  54|0x0000000083600000, 0x0000000083700000, 0x0000000083700000|100%| O|  |TAMS 0x0000000083700000, 0x0000000083600000| Untracked 
|  55|0x0000000083700000, 0x0000000083800000, 0x0000000083800000|100%| O|  |TAMS 0x0000000083800000, 0x0000000083700000| Untracked 
|  56|0x0000000083800000, 0x0000000083900000, 0x0000000083900000|100%| O|  |TAMS 0x0000000083900000, 0x0000000083800000| Untracked 
|  57|0x0000000083900000, 0x0000000083a00000, 0x0000000083a00000|100%| O|  |TAMS 0x0000000083a00000, 0x0000000083900000| Untracked 
|  58|0x0000000083a00000, 0x0000000083b00000, 0x0000000083b00000|100%| O|  |TAMS 0x0000000083b00000, 0x0000000083a00000| Untracked 
|  59|0x0000000083b00000, 0x0000000083c00000, 0x0000000083c00000|100%| O|  |TAMS 0x0000000083c00000, 0x0000000083b00000| Untracked 
|  60|0x0000000083c00000, 0x0000000083c00000, 0x0000000083d00000|  0%| F|  |TAMS 0x0000000083c00000, 0x0000000083c00000| Untracked 
|  61|0x0000000083d00000, 0x0000000083d00000, 0x0000000083e00000|  0%| F|  |TAMS 0x0000000083d00000, 0x0000000083d00000| Untracked 
|  62|0x0000000083e00000, 0x0000000083f00000, 0x0000000083f00000|100%|HS|  |TAMS 0x0000000083f00000, 0x0000000083e00000| Complete 
|  63|0x0000000083f00000, 0x0000000084000000, 0x0000000084000000|100%|HC|  |TAMS 0x0000000084000000, 0x0000000083f00000| Complete 
|  64|0x0000000084000000, 0x0000000084100000, 0x0000000084100000|100%|HC|  |TAMS 0x0000000084100000, 0x0000000084000000| Complete 
|  65|0x0000000084100000, 0x0000000084200000, 0x0000000084200000|100%|HC|  |TAMS 0x0000000084200000, 0x0000000084100000| Complete 
|  66|0x0000000084200000, 0x0000000084300000, 0x0000000084300000|100%|HC|  |TAMS 0x0000000084300000, 0x0000000084200000| Complete 
|  67|0x0000000084300000, 0x0000000084400000, 0x0000000084400000|100%|HS|  |TAMS 0x0000000084400000, 0x0000000084300000| Complete 
|  68|0x0000000084400000, 0x0000000084500000, 0x0000000084500000|100%|HS|  |TAMS 0x0000000084500000, 0x0000000084400000| Complete 
|  69|0x0000000084500000, 0x0000000084600000, 0x0000000084600000|100%|HC|  |TAMS 0x0000000084600000, 0x0000000084500000| Complete 
|  70|0x0000000084600000, 0x0000000084700000, 0x0000000084700000|100%|HC|  |TAMS 0x0000000084700000, 0x0000000084600000| Complete 
|  71|0x0000000084700000, 0x0000000084800000, 0x0000000084800000|100%|HC|  |TAMS 0x0000000084800000, 0x0000000084700000| Complete 
|  72|0x0000000084800000, 0x0000000084900000, 0x0000000084900000|100%|HC|  |TAMS 0x0000000084900000, 0x0000000084800000| Complete 
|  73|0x0000000084900000, 0x0000000084a00000, 0x0000000084a00000|100%| O|  |TAMS 0x0000000084a00000, 0x0000000084900000| Untracked 
|  74|0x0000000084a00000, 0x0000000084b00000, 0x0000000084b00000|100%| O|  |TAMS 0x0000000084b00000, 0x0000000084a00000| Untracked 
|  75|0x0000000084b00000, 0x0000000084c00000, 0x0000000084c00000|100%| O|  |TAMS 0x0000000084c00000, 0x0000000084b00000| Untracked 
|  76|0x0000000084c00000, 0x0000000084d00000, 0x0000000084d00000|100%| O|  |TAMS 0x0000000084d00000, 0x0000000084c00000| Untracked 
|  77|0x0000000084d00000, 0x0000000084e00000, 0x0000000084e00000|100%| O|  |TAMS 0x0000000084e00000, 0x0000000084d00000| Untracked 
|  78|0x0000000084e00000, 0x0000000084f00000, 0x0000000084f00000|100%| O|  |TAMS 0x0000000084f00000, 0x0000000084e00000| Untracked 
|  79|0x0000000084f00000, 0x0000000085000000, 0x0000000085000000|100%| O|  |TAMS 0x0000000085000000, 0x0000000084f00000| Untracked 
|  80|0x0000000085000000, 0x0000000085100000, 0x0000000085100000|100%| O|  |TAMS 0x0000000085100000, 0x0000000085000000| Untracked 
|  81|0x0000000085100000, 0x0000000085200000, 0x0000000085200000|100%| O|  |TAMS 0x0000000085200000, 0x0000000085100000| Untracked 
|  82|0x0000000085200000, 0x0000000085300000, 0x0000000085300000|100%| O|  |TAMS 0x0000000085300000, 0x0000000085200000| Untracked 
|  83|0x0000000085300000, 0x0000000085300000, 0x0000000085400000|  0%| F|  |TAMS 0x0000000085300000, 0x0000000085300000| Untracked 
|  84|0x0000000085400000, 0x0000000085400000, 0x0000000085500000|  0%| F|  |TAMS 0x0000000085400000, 0x0000000085400000| Untracked 
|  85|0x0000000085500000, 0x0000000085500000, 0x0000000085600000|  0%| F|  |TAMS 0x0000000085500000, 0x0000000085500000| Untracked 
|  86|0x0000000085600000, 0x0000000085600000, 0x0000000085700000|  0%| F|  |TAMS 0x0000000085600000, 0x0000000085600000| Untracked 
|  87|0x0000000085700000, 0x0000000085700000, 0x0000000085800000|  0%| F|  |TAMS 0x0000000085700000, 0x0000000085700000| Untracked 
|  88|0x0000000085800000, 0x0000000085800000, 0x0000000085900000|  0%| F|  |TAMS 0x0000000085800000, 0x0000000085800000| Untracked 
|  89|0x0000000085900000, 0x0000000085900000, 0x0000000085a00000|  0%| F|  |TAMS 0x0000000085900000, 0x0000000085900000| Untracked 
|  90|0x0000000085a00000, 0x0000000085a00000, 0x0000000085b00000|  0%| F|  |TAMS 0x0000000085a00000, 0x0000000085a00000| Untracked 
|  91|0x0000000085b00000, 0x0000000085b00000, 0x0000000085c00000|  0%| F|  |TAMS 0x0000000085b00000, 0x0000000085b00000| Untracked 
|  92|0x0000000085c00000, 0x0000000085c00000, 0x0000000085d00000|  0%| F|  |TAMS 0x0000000085c00000, 0x0000000085c00000| Untracked 
|  93|0x0000000085d00000, 0x0000000085d00000, 0x0000000085e00000|  0%| F|  |TAMS 0x0000000085d00000, 0x0000000085d00000| Untracked 
|  94|0x0000000085e00000, 0x0000000085e00000, 0x0000000085f00000|  0%| F|  |TAMS 0x0000000085e00000, 0x0000000085e00000| Untracked 
|  95|0x0000000085f00000, 0x0000000085f00000, 0x0000000086000000|  0%| F|  |TAMS 0x0000000085f00000, 0x0000000085f00000| Untracked 
|  96|0x0000000086000000, 0x0000000086000000, 0x0000000086100000|  0%| F|  |TAMS 0x0000000086000000, 0x0000000086000000| Untracked 
|  97|0x0000000086100000, 0x0000000086100000, 0x0000000086200000|  0%| F|  |TAMS 0x0000000086100000, 0x0000000086100000| Untracked 
|  98|0x0000000086200000, 0x0000000086200000, 0x0000000086300000|  0%| F|  |TAMS 0x0000000086200000, 0x0000000086200000| Untracked 
|  99|0x0000000086300000, 0x0000000086300000, 0x0000000086400000|  0%| F|  |TAMS 0x0000000086300000, 0x0000000086300000| Untracked 
| 100|0x0000000086400000, 0x0000000086400000, 0x0000000086500000|  0%| F|  |TAMS 0x0000000086400000, 0x0000000086400000| Untracked 
| 101|0x0000000086500000, 0x0000000086500000, 0x0000000086600000|  0%| F|  |TAMS 0x0000000086500000, 0x0000000086500000| Untracked 
| 102|0x0000000086600000, 0x0000000086600000, 0x0000000086700000|  0%| F|  |TAMS 0x0000000086600000, 0x0000000086600000| Untracked 
| 103|0x0000000086700000, 0x0000000086700000, 0x0000000086800000|  0%| F|  |TAMS 0x0000000086700000, 0x0000000086700000| Untracked 
| 104|0x0000000086800000, 0x0000000086800000, 0x0000000086900000|  0%| F|  |TAMS 0x0000000086800000, 0x0000000086800000| Untracked 
| 105|0x0000000086900000, 0x0000000086900000, 0x0000000086a00000|  0%| F|  |TAMS 0x0000000086900000, 0x0000000086900000| Untracked 
| 106|0x0000000086a00000, 0x0000000086a00000, 0x0000000086b00000|  0%| F|  |TAMS 0x0000000086a00000, 0x0000000086a00000| Untracked 
| 107|0x0000000086b00000, 0x0000000086b00000, 0x0000000086c00000|  0%| F|  |TAMS 0x0000000086b00000, 0x0000000086b00000| Untracked 
| 108|0x0000000086c00000, 0x0000000086c00000, 0x0000000086d00000|  0%| F|  |TAMS 0x0000000086c00000, 0x0000000086c00000| Untracked 
| 109|0x0000000086d00000, 0x0000000086d00000, 0x0000000086e00000|  0%| F|  |TAMS 0x0000000086d00000, 0x0000000086d00000| Untracked 
| 110|0x0000000086e00000, 0x0000000086e00000, 0x0000000086f00000|  0%| F|  |TAMS 0x0000000086e00000, 0x0000000086e00000| Untracked 
| 111|0x0000000086f00000, 0x0000000086f00000, 0x0000000087000000|  0%| F|  |TAMS 0x0000000086f00000, 0x0000000086f00000| Untracked 
| 112|0x0000000087000000, 0x0000000087000000, 0x0000000087100000|  0%| F|  |TAMS 0x0000000087000000, 0x0000000087000000| Untracked 
| 113|0x0000000087100000, 0x0000000087100000, 0x0000000087200000|  0%| F|  |TAMS 0x0000000087100000, 0x0000000087100000| Untracked 
| 114|0x0000000087200000, 0x0000000087200000, 0x0000000087300000|  0%| F|  |TAMS 0x0000000087200000, 0x0000000087200000| Untracked 
| 115|0x0000000087300000, 0x0000000087300000, 0x0000000087400000|  0%| F|  |TAMS 0x0000000087300000, 0x0000000087300000| Untracked 
| 116|0x0000000087400000, 0x0000000087400000, 0x0000000087500000|  0%| F|  |TAMS 0x0000000087400000, 0x0000000087400000| Untracked 
| 117|0x0000000087500000, 0x0000000087500000, 0x0000000087600000|  0%| F|  |TAMS 0x0000000087500000, 0x0000000087500000| Untracked 
| 118|0x0000000087600000, 0x0000000087600000, 0x0000000087700000|  0%| F|  |TAMS 0x0000000087600000, 0x0000000087600000| Untracked 
| 119|0x0000000087700000, 0x0000000087700000, 0x0000000087800000|  0%| F|  |TAMS 0x0000000087700000, 0x0000000087700000| Untracked 
| 120|0x0000000087800000, 0x0000000087800000, 0x0000000087900000|  0%| F|  |TAMS 0x0000000087800000, 0x0000000087800000| Untracked 
| 121|0x0000000087900000, 0x0000000087900000, 0x0000000087a00000|  0%| F|  |TAMS 0x0000000087900000, 0x0000000087900000| Untracked 
| 122|0x0000000087a00000, 0x0000000087a00000, 0x0000000087b00000|  0%| F|  |TAMS 0x0000000087a00000, 0x0000000087a00000| Untracked 
| 123|0x0000000087b00000, 0x0000000087b00000, 0x0000000087c00000|  0%| F|  |TAMS 0x0000000087b00000, 0x0000000087b00000| Untracked 
| 124|0x0000000087c00000, 0x0000000087c00000, 0x0000000087d00000|  0%| F|  |TAMS 0x0000000087c00000, 0x0000000087c00000| Untracked 
| 125|0x0000000087d00000, 0x0000000087d00000, 0x0000000087e00000|  0%| F|  |TAMS 0x0000000087d00000, 0x0000000087d00000| Untracked 
| 126|0x0000000087e00000, 0x0000000087f00000, 0x0000000087f00000|100%| E|  |TAMS 0x0000000087e00000, 0x0000000087e00000| Complete 
| 127|0x0000000087f00000, 0x0000000088000000, 0x0000000088000000|100%| E|CS|TAMS 0x0000000087f00000, 0x0000000087f00000| Complete 
| 128|0x0000000088000000, 0x0000000088100000, 0x0000000088100000|100%| E|CS|TAMS 0x0000000088000000, 0x0000000088000000| Complete 
| 129|0x0000000088100000, 0x0000000088200000, 0x0000000088200000|100%| E|CS|TAMS 0x0000000088100000, 0x0000000088100000| Complete 
| 130|0x0000000088200000, 0x0000000088300000, 0x0000000088300000|100%| E|CS|TAMS 0x0000000088200000, 0x0000000088200000| Complete 
| 131|0x0000000088300000, 0x0000000088400000, 0x0000000088400000|100%| E|CS|TAMS 0x0000000088300000, 0x0000000088300000| Complete 
| 142|0x0000000088e00000, 0x0000000088ead480, 0x0000000088f00000| 67%| S|CS|TAMS 0x0000000088e00000, 0x0000000088e00000| Complete 
| 143|0x0000000088f00000, 0x0000000089000000, 0x0000000089000000|100%| E|CS|TAMS 0x0000000088f00000, 0x0000000088f00000| Complete 
| 144|0x0000000089000000, 0x0000000089100000, 0x0000000089100000|100%| E|CS|TAMS 0x0000000089000000, 0x0000000089000000| Complete 
| 145|0x0000000089100000, 0x0000000089200000, 0x0000000089200000|100%| E|CS|TAMS 0x0000000089100000, 0x0000000089100000| Complete 
| 146|0x0000000089200000, 0x0000000089300000, 0x0000000089300000|100%| E|CS|TAMS 0x0000000089200000, 0x0000000089200000| Complete 
| 147|0x0000000089300000, 0x0000000089400000, 0x0000000089400000|100%| E|CS|TAMS 0x0000000089300000, 0x0000000089300000| Complete 
| 148|0x0000000089400000, 0x0000000089500000, 0x0000000089500000|100%| E|CS|TAMS 0x0000000089400000, 0x0000000089400000| Complete 
| 149|0x0000000089500000, 0x0000000089600000, 0x0000000089600000|100%| E|CS|TAMS 0x0000000089500000, 0x0000000089500000| Complete 
| 150|0x0000000089600000, 0x0000000089700000, 0x0000000089700000|100%| E|CS|TAMS 0x0000000089600000, 0x0000000089600000| Complete 
| 151|0x0000000089700000, 0x0000000089800000, 0x0000000089800000|100%| E|CS|TAMS 0x0000000089700000, 0x0000000089700000| Complete 
| 152|0x0000000089800000, 0x0000000089900000, 0x0000000089900000|100%| E|CS|TAMS 0x0000000089800000, 0x0000000089800000| Complete 
| 255|0x000000008ff00000, 0x0000000090000000, 0x0000000090000000|100%| E|CS|TAMS 0x000000008ff00000, 0x000000008ff00000| Complete 

Card table byte_map: [0x000001e272290000,0x000001e272690000] _byte_map_base: 0x000001e271e90000

Marking Bits (Prev, Next): (CMBitMap*) 0x000001e25b660a70, (CMBitMap*) 0x000001e25b660ab0
 Prev Bits: [0x000001e272a90000, 0x000001e274a90000)
 Next Bits: [0x000001e274a90000, 0x000001e276a90000)

Polling page: 0x000001e25ade0000

Metaspace:

Usage:
  Non-class:     57.69 MB used.
      Class:      9.16 MB used.
       Both:     66.85 MB used.

Virtual space:
  Non-class space:       64.00 MB reserved,      58.06 MB ( 91%) committed,  8 nodes.
      Class space:      412.00 MB reserved,       9.50 MB (  2%) committed,  1 nodes.
             Both:      476.00 MB reserved,      67.56 MB ( 14%) committed. 

Chunk freelists:
   Non-Class:  1.73 MB
       Class:  2.48 MB
        Both:  4.22 MB

MaxMetaspaceSize: 512.00 MB
CompressedClassSpaceSize: 412.00 MB
Initial GC threshold: 21.00 MB
Current GC threshold: 112.50 MB
CDS: on
MetaspaceReclaimPolicy: balanced
 - commit_granule_bytes: 65536.
 - commit_granule_words: 8192.
 - virtual_space_node_default_size: 1048576.
 - enlarge_chunks_in_place: 1.
 - new_chunks_are_fully_committed: 0.
 - uncommit_free_chunks: 1.
 - use_allocation_guard: 0.
 - handle_deallocations: 1.


Internal statistics:

num_allocs_failed_limit: 6.
num_arena_births: 898.
num_arena_deaths: 0.
num_vsnodes_births: 9.
num_vsnodes_deaths: 0.
num_space_committed: 1081.
num_space_uncommitted: 0.
num_chunks_returned_to_freelist: 6.
num_chunks_taken_from_freelist: 3630.
num_chunk_merges: 6.
num_chunk_splits: 2436.
num_chunks_enlarged: 1613.
num_purges: 0.
num_inconsistent_stats: 0.

CodeHeap 'non-profiled nmethods': size=120000Kb used=5016Kb max_used=5016Kb free=114983Kb
 bounds [0x000001e26a960000, 0x000001e26ae50000, 0x000001e271e90000]
CodeHeap 'profiled nmethods': size=120000Kb used=17151Kb max_used=17151Kb free=102848Kb
 bounds [0x000001e262e90000, 0x000001e263f50000, 0x000001e26a3c0000]
CodeHeap 'non-nmethods': size=5760Kb used=2390Kb max_used=2474Kb free=3369Kb
 bounds [0x000001e26a3c0000, 0x000001e26a640000, 0x000001e26a960000]
 total_blobs=9314 nmethods=8388 adapters=838
 compilation: enabled
              stopped_count=0, restarted_count=0
 full_count=0

Compilation events (20 events):
Event: 170.429 Thread 0x000001e278f88c70 9118   !   3       sun.nio.ch.IOUtil::read (133 bytes)
Event: 170.430 Thread 0x000001e278f88c70 nmethod 9118 0x000001e263f41090 code [0x000001e263f41300, 0x000001e263f41c48]
Event: 170.430 Thread 0x000001e278f88c70 9119       3       jdk.nio.zipfs.ZipFileSystem$$Lambda$1214/0x00000008014f6c10::apply (12 bytes)
Event: 170.430 Thread 0x000001e278f88c70 nmethod 9119 0x000001e263f42010 code [0x000001e263f421e0, 0x000001e263f42698]
Event: 170.437 Thread 0x000001e278f88c70 9120 %     3       jdk.nio.zipfs.ZipFileSystem::initCEN @ 203 (474 bytes)
Event: 170.439 Thread 0x000001e278f88c70 nmethod 9120% 0x000001e263f42810 code [0x000001e263f42ce0, 0x000001e263f45168]
Event: 170.440 Thread 0x000001e278f88c70 9122 % !   3       jdk.nio.zipfs.ZipFileSystem::buildNodeTree @ 80 (123 bytes)
Event: 170.442 Thread 0x000001e278f88c70 nmethod 9122% 0x000001e263f46090 code [0x000001e263f463e0, 0x000001e263f47c68]
Event: 170.469 Thread 0x000001e278f88c70 9123       3       org.gradle.internal.snapshot.AbstractIncompleteFileSystemNode::invalidate (65 bytes)
Event: 170.470 Thread 0x000001e278f88c70 nmethod 9123 0x000001e263f48810 code [0x000001e263f48aa0, 0x000001e263f49928]
Event: 170.488 Thread 0x000001e278f862b0 nmethod 9114 0x000001e26ae42110 code [0x000001e26ae42360, 0x000001e26ae43f90]
Event: 170.489 Thread 0x000001e278f862b0 9121 %     4       java.util.LinkedHashMap::valuesToArray @ 10 (38 bytes)
Event: 170.497 Thread 0x000001e278f862b0 nmethod 9121% 0x000001e26ae44e10 code [0x000001e26ae44fa0, 0x000001e26ae454d8]
Event: 170.644 Thread 0x000001e278f862b0 9124       4       com.sun.tools.javac.file.JavacFileManager$ArchiveContainer::isValid (39 bytes)
Event: 170.660 Thread 0x000001e278f862b0 nmethod 9124 0x000001e26ae45690 code [0x000001e26ae45840, 0x000001e26ae45de8]
Event: 170.664 Thread 0x000001e278f862b0 9125   !   4       com.sun.tools.javac.file.JavacFileManager$ArchiveContainer::walkDirectories (134 bytes)
Event: 170.676 Thread 0x000001e278f88c70 9127       3       jdk.nio.zipfs.ZipFileSystem::initCEN (474 bytes)
Event: 170.678 Thread 0x000001e278f88c70 nmethod 9127 0x000001e263f49d10 code [0x000001e263f4a1e0, 0x000001e263f4c568]
Event: 170.685 Thread 0x000001e278f88c70 9129   !   3       jdk.nio.zipfs.ZipFileSystem::buildNodeTree (123 bytes)
Event: 170.687 Thread 0x000001e278f88c70 nmethod 9129 0x000001e263f4d390 code [0x000001e263f4d6e0, 0x000001e263f4eda8]

GC Heap History (20 events):
Event: 101.310 GC heap before
{Heap before GC invocations=24 (full 0):
 garbage-first heap   total 87040K, used 66982K [0x0000000080000000, 0x0000000100000000)
  region size 1024K, 20 young (20480K), 2 survivors (2048K)
 Metaspace       used 54354K, committed 54912K, reserved 471040K
  class space    used 7541K, committed 7808K, reserved 421888K
}
Event: 101.316 GC heap after
{Heap after GC invocations=25 (full 0):
 garbage-first heap   total 87040K, used 50344K [0x0000000080000000, 0x0000000100000000)
  region size 1024K, 3 young (3072K), 3 survivors (3072K)
 Metaspace       used 54354K, committed 54912K, reserved 471040K
  class space    used 7541K, committed 7808K, reserved 421888K
}
Event: 104.776 GC heap before
{Heap before GC invocations=25 (full 0):
 garbage-first heap   total 87040K, used 70824K [0x0000000080000000, 0x0000000100000000)
  region size 1024K, 23 young (23552K), 3 survivors (3072K)
 Metaspace       used 55353K, committed 55936K, reserved 471040K
  class space    used 7647K, committed 7872K, reserved 421888K
}
Event: 104.782 GC heap after
{Heap after GC invocations=26 (full 0):
 garbage-first heap   total 87040K, used 51912K [0x0000000080000000, 0x0000000100000000)
  region size 1024K, 2 young (2048K), 2 survivors (2048K)
 Metaspace       used 55353K, committed 55936K, reserved 471040K
  class space    used 7647K, committed 7872K, reserved 421888K
}
Event: 106.497 GC heap before
{Heap before GC invocations=27 (full 0):
 garbage-first heap   total 91136K, used 69320K [0x0000000080000000, 0x0000000100000000)
  region size 1024K, 20 young (20480K), 2 survivors (2048K)
 Metaspace       used 57382K, committed 57984K, reserved 479232K
  class space    used 7970K, committed 8256K, reserved 421888K
}
Event: 106.506 GC heap after
{Heap after GC invocations=28 (full 0):
 garbage-first heap   total 91136K, used 53665K [0x0000000080000000, 0x0000000100000000)
  region size 1024K, 2 young (2048K), 2 survivors (2048K)
 Metaspace       used 57382K, committed 57984K, reserved 479232K
  class space    used 7970K, committed 8256K, reserved 421888K
}
Event: 108.525 GC heap before
{Heap before GC invocations=28 (full 0):
 garbage-first heap   total 91136K, used 74145K [0x0000000080000000, 0x0000000100000000)
  region size 1024K, 22 young (22528K), 2 survivors (2048K)
 Metaspace       used 58944K, committed 59584K, reserved 479232K
  class space    used 8157K, committed 8448K, reserved 421888K
}
Event: 108.532 GC heap after
{Heap after GC invocations=29 (full 0):
 garbage-first heap   total 91136K, used 57859K [0x0000000080000000, 0x0000000100000000)
  region size 1024K, 3 young (3072K), 3 survivors (3072K)
 Metaspace       used 58944K, committed 59584K, reserved 479232K
  class space    used 8157K, committed 8448K, reserved 421888K
}
Event: 157.259 GC heap before
{Heap before GC invocations=30 (full 0):
 garbage-first heap   total 102400K, used 72195K [0x0000000080000000, 0x0000000100000000)
  region size 1024K, 17 young (17408K), 3 survivors (3072K)
 Metaspace       used 61028K, committed 61760K, reserved 479232K
  class space    used 8446K, committed 8768K, reserved 421888K
}
Event: 157.266 GC heap after
{Heap after GC invocations=31 (full 0):
 garbage-first heap   total 102400K, used 58393K [0x0000000080000000, 0x0000000100000000)
  region size 1024K, 1 young (1024K), 1 survivors (1024K)
 Metaspace       used 61028K, committed 61760K, reserved 479232K
  class space    used 8446K, committed 8768K, reserved 421888K
}
Event: 163.181 GC heap before
{Heap before GC invocations=31 (full 0):
 garbage-first heap   total 102400K, used 69657K [0x0000000080000000, 0x0000000100000000)
  region size 1024K, 13 young (13312K), 1 survivors (1024K)
 Metaspace       used 63189K, committed 63936K, reserved 479232K
  class space    used 8760K, committed 9088K, reserved 421888K
}
Event: 163.184 GC heap after
{Heap after GC invocations=32 (full 0):
 garbage-first heap   total 102400K, used 59603K [0x0000000080000000, 0x0000000100000000)
  region size 1024K, 3 young (3072K), 3 survivors (3072K)
 Metaspace       used 63189K, committed 63936K, reserved 479232K
  class space    used 8760K, committed 9088K, reserved 421888K
}
Event: 168.143 GC heap before
{Heap before GC invocations=33 (full 0):
 garbage-first heap   total 114688K, used 97491K [0x0000000080000000, 0x0000000100000000)
  region size 1024K, 24 young (24576K), 3 survivors (3072K)
 Metaspace       used 68410K, committed 69120K, reserved 487424K
  class space    used 9378K, committed 9728K, reserved 421888K
}
Event: 168.157 GC heap after
{Heap after GC invocations=34 (full 0):
 garbage-first heap   total 114688K, used 81983K [0x0000000080000000, 0x0000000100000000)
  region size 1024K, 3 young (3072K), 3 survivors (3072K)
 Metaspace       used 68410K, committed 69120K, reserved 487424K
  class space    used 9378K, committed 9728K, reserved 421888K
}
Event: 168.526 GC heap before
{Heap before GC invocations=34 (full 0):
 garbage-first heap   total 114688K, used 84031K [0x0000000080000000, 0x0000000100000000)
  region size 1024K, 5 young (5120K), 3 survivors (3072K)
 Metaspace       used 68415K, committed 69120K, reserved 487424K
  class space    used 9378K, committed 9728K, reserved 421888K
}
Event: 168.530 GC heap after
{Heap after GC invocations=35 (full 0):
 garbage-first heap   total 114688K, used 81460K [0x0000000080000000, 0x0000000100000000)
  region size 1024K, 1 young (1024K), 1 survivors (1024K)
 Metaspace       used 68415K, committed 69120K, reserved 487424K
  class space    used 9378K, committed 9728K, reserved 421888K
}
Event: 168.877 GC heap before
{Heap before GC invocations=35 (full 0):
 garbage-first heap   total 114688K, used 89652K [0x0000000080000000, 0x0000000100000000)
  region size 1024K, 9 young (9216K), 1 survivors (1024K)
 Metaspace       used 68430K, committed 69120K, reserved 487424K
  class space    used 9378K, committed 9728K, reserved 421888K
}
Event: 168.879 GC heap after
{Heap after GC invocations=36 (full 0):
 garbage-first heap   total 114688K, used 81643K [0x0000000080000000, 0x0000000100000000)
  region size 1024K, 1 young (1024K), 1 survivors (1024K)
 Metaspace       used 68430K, committed 69120K, reserved 487424K
  class space    used 9378K, committed 9728K, reserved 421888K
}
Event: 169.145 GC heap before
{Heap before GC invocations=36 (full 0):
 garbage-first heap   total 147456K, used 91883K [0x0000000080000000, 0x0000000100000000)
  region size 1024K, 11 young (11264K), 1 survivors (1024K)
 Metaspace       used 68430K, committed 69120K, reserved 487424K
  class space    used 9378K, committed 9728K, reserved 421888K
}
Event: 169.147 GC heap after
{Heap after GC invocations=37 (full 0):
 garbage-first heap   total 147456K, used 81932K [0x0000000080000000, 0x0000000100000000)
  region size 1024K, 1 young (1024K), 1 survivors (1024K)
 Metaspace       used 68430K, committed 69120K, reserved 487424K
  class space    used 9378K, committed 9728K, reserved 421888K
}

Deoptimization events (20 events):
Event: 170.415 Thread 0x000001e27cadcd60 Uncommon trap: trap_request=0xffffffbe fr.pc=0x000001e26ae1b21c relative=0x000000000000027c
Event: 170.415 Thread 0x000001e27cadcd60 Uncommon trap: reason=profile_predicate action=maybe_recompile pc=0x000001e26ae1b21c method=java.util.LinkedHashMap.valuesToArray([Ljava/lang/Object;)[Ljava/lang/Object; @ 10 c2
Event: 170.415 Thread 0x000001e27cadcd60 DEOPT PACKING pc=0x000001e26ae1b21c sp=0x0000002c438f7040
Event: 170.415 Thread 0x000001e27cadcd60 DEOPT UNPACKING pc=0x000001e26a4123a3 sp=0x0000002c438f7000 mode 2
Event: 170.428 Thread 0x000001e27cadcd60 Uncommon trap: trap_request=0xffffffd6 fr.pc=0x000001e26ae41f50 relative=0x00000000000003b0
Event: 170.428 Thread 0x000001e27cadcd60 Uncommon trap: reason=array_check action=maybe_recompile pc=0x000001e26ae41f50 method=java.util.LinkedHashMap.valuesToArray([Ljava/lang/Object;)[Ljava/lang/Object; @ 25 c2
Event: 170.428 Thread 0x000001e27cadcd60 DEOPT PACKING pc=0x000001e26ae41f50 sp=0x0000002c438f7040
Event: 170.428 Thread 0x000001e27cadcd60 DEOPT UNPACKING pc=0x000001e26a4123a3 sp=0x0000002c438f6fe8 mode 2
Event: 170.439 Thread 0x000001e27cadcd60 Uncommon trap: trap_request=0xffffffd6 fr.pc=0x000001e26ae41f50 relative=0x00000000000003b0
Event: 170.439 Thread 0x000001e27cadcd60 Uncommon trap: reason=array_check action=maybe_recompile pc=0x000001e26ae41f50 method=java.util.LinkedHashMap.valuesToArray([Ljava/lang/Object;)[Ljava/lang/Object; @ 25 c2
Event: 170.439 Thread 0x000001e27cadcd60 DEOPT PACKING pc=0x000001e26ae41f50 sp=0x0000002c438f7040
Event: 170.439 Thread 0x000001e27cadcd60 DEOPT UNPACKING pc=0x000001e26a4123a3 sp=0x0000002c438f6fe8 mode 2
Event: 170.677 Thread 0x000001e27cadcd60 Uncommon trap: trap_request=0xffffffd6 fr.pc=0x000001e26ae41f50 relative=0x00000000000003b0
Event: 170.677 Thread 0x000001e27cadcd60 Uncommon trap: reason=array_check action=maybe_recompile pc=0x000001e26ae41f50 method=java.util.LinkedHashMap.valuesToArray([Ljava/lang/Object;)[Ljava/lang/Object; @ 25 c2
Event: 170.677 Thread 0x000001e27cadcd60 DEOPT PACKING pc=0x000001e26ae41f50 sp=0x0000002c438f6f70
Event: 170.677 Thread 0x000001e27cadcd60 DEOPT UNPACKING pc=0x000001e26a4123a3 sp=0x0000002c438f6f18 mode 2
Event: 170.685 Thread 0x000001e27cadcd60 Uncommon trap: trap_request=0xffffffd6 fr.pc=0x000001e26ae41f50 relative=0x00000000000003b0
Event: 170.685 Thread 0x000001e27cadcd60 Uncommon trap: reason=array_check action=maybe_recompile pc=0x000001e26ae41f50 method=java.util.LinkedHashMap.valuesToArray([Ljava/lang/Object;)[Ljava/lang/Object; @ 25 c2
Event: 170.685 Thread 0x000001e27cadcd60 DEOPT PACKING pc=0x000001e26ae41f50 sp=0x0000002c438f6f80
Event: 170.685 Thread 0x000001e27cadcd60 DEOPT UNPACKING pc=0x000001e26a4123a3 sp=0x0000002c438f6f28 mode 2

Classes unloaded (0 events):
No events

Classes redefined (0 events):
No events

Internal exceptions (20 events):
Event: 109.131 Thread 0x000001e2001c48f0 Exception <a 'java/lang/NoSuchMethodError'{0x0000000089230008}: 'java.lang.Object java.lang.invoke.DirectMethodHandle$Holder.invokeSpecial(java.lang.Object, java.lang.Object, int, java.lang.Object, long)'> (0x0000000089230008) 
thrown [s\open\src\hotspot\share\interpreter\linkResolver.cpp, line 759]
Event: 109.132 Thread 0x000001e2001c48f0 Exception <a 'java/lang/NoSuchMethodError'{0x0000000089237960}: 'java.lang.Object java.lang.invoke.DirectMethodHandle$Holder.newInvokeSpecial(java.lang.Object, java.lang.Object, int, java.lang.Object, long)'> (0x0000000089237960) 
thrown [s\open\src\hotspot\share\interpreter\linkResolver.cpp, line 759]
Event: 109.140 Thread 0x000001e27cadcd60 Exception <a 'java/lang/NoSuchMethodError'{0x000000008926f000}: static Lorg/jetbrains/kotlin/daemon/common/CompileService$CallResult;.<clinit>()V> (0x000000008926f000) 
thrown [s\open\src\hotspot\share\prims\jni.cpp, line 1107]
Event: 109.141 Thread 0x000001e27cadcd60 Exception <a 'java/lang/NoSuchMethodError'{0x0000000089282728}: static Lorg/jetbrains/kotlin/daemon/common/CompileService$CallResult$Good;.<clinit>()V> (0x0000000089282728) 
thrown [s\open\src\hotspot\share\prims\jni.cpp, line 1107]
Event: 109.143 Thread 0x000001e27cadcd60 Exception <a 'java/lang/NoSuchMethodError'{0x0000000089295db0}: static Lorg/jetbrains/kotlin/daemon/common/DaemonJVMOptions;.<clinit>()V> (0x0000000089295db0) 
thrown [s\open\src\hotspot\share\prims\jni.cpp, line 1107]
Event: 109.151 Thread 0x000001e27cadcd60 Exception <a 'java/lang/NoSuchMethodError'{0x00000000892db530}: static Lorg/jetbrains/kotlin/daemon/common/CompileService$CallResult$Ok;.<clinit>()V> (0x00000000892db530) 
thrown [s\open\src\hotspot\share\prims\jni.cpp, line 1107]
Event: 109.180 Thread 0x000001e27cadcd60 Exception <a 'java/lang/NoSuchMethodError'{0x00000000891b6460}: static [Ljava/lang/String;.<clinit>()V> (0x00000000891b6460) 
thrown [s\open\src\hotspot\share\prims\jni.cpp, line 1107]
Event: 109.189 Thread 0x000001e27cadcd60 Exception <a 'java/lang/NoSuchMethodError'{0x00000000891e8020}: static [Ljava/lang/Integer;.<clinit>()V> (0x00000000891e8020) 
thrown [s\open\src\hotspot\share\prims\jni.cpp, line 1107]
Event: 109.192 Thread 0x000001e27cadcd60 Exception <a 'java/lang/NoSuchMethodError'{0x0000000089021eb8}: static Lorg/jetbrains/kotlin/incremental/ClasspathChanges$NotAvailable;.<clinit>()V> (0x0000000089021eb8) 
thrown [s\open\src\hotspot\share\prims\jni.cpp, line 1107]
Event: 109.193 Thread 0x000001e27cadcd60 Exception <a 'java/lang/NoSuchMethodError'{0x0000000089028df8}: static Lorg/jetbrains/kotlin/incremental/ClasspathChanges$NotAvailable;.<clinit>()V> (0x0000000089028df8) 
thrown [s\open\src\hotspot\share\prims\jni.cpp, line 1107]
Event: 109.193 Thread 0x000001e27cadcd60 Exception <a 'java/lang/NoSuchMethodError'{0x0000000089030280}: static Lorg/jetbrains/kotlin/incremental/ClasspathChanges;.<clinit>()V> (0x0000000089030280) 
thrown [s\open\src\hotspot\share\prims\jni.cpp, line 1107]
Event: 159.779 Thread 0x000001e27cadcd60 Exception <a 'java/lang/NoSuchMethodError'{0x00000000894aa078}: 'int java.lang.invoke.DirectMethodHandle$Holder.invokeSpecial(java.lang.Object, java.lang.Object, java.lang.Object, java.lang.Object, java.lang.Object)'> (0x00000000894aa078) 
thrown [s\open\src\hotspot\share\interpreter\linkResolver.cpp, line 759]
Event: 159.916 Thread 0x000001e27cadcd60 Exception <a 'java/lang/NoSuchMethodError'{0x0000000089289498}: 'void java.lang.invoke.DirectMethodHandle$Holder.invokeInterface(java.lang.Object, java.lang.Object, java.lang.Object, java.lang.Object)'> (0x0000000089289498) 
thrown [s\open\src\hotspot\share\interpreter\linkResolver.cpp, line 759]
Event: 163.287 Thread 0x000001e2001c48f0 Implicit null exception at 0x000001e26ac25460 to 0x000001e26ac25500
Event: 163.952 Thread 0x000001e27cadcd60 Exception <a 'java/lang/NoSuchMethodError'{0x000000008977d190}: 'void java.lang.invoke.DirectMethodHandle$Holder.invokeVirtual(java.lang.Object, java.lang.Object, java.lang.Object, java.lang.Object)'> (0x000000008977d190) 
thrown [s\open\src\hotspot\share\interpreter\linkResolver.cpp, line 759]
Event: 167.234 Thread 0x000001e27cadcd60 Implicit null exception at 0x000001e26adebba7 to 0x000001e26ade8bec
Event: 167.245 Thread 0x000001e27cadcd60 Exception <a 'sun/nio/fs/WindowsException'{0x0000000088fc0138}> (0x0000000088fc0138) 
thrown [s\open\src\hotspot\share\prims\jni.cpp, line 516]
Event: 167.246 Thread 0x000001e27cadcd60 Exception <a 'sun/nio/fs/WindowsException'{0x0000000088fc0368}> (0x0000000088fc0368) 
thrown [s\open\src\hotspot\share\prims\jni.cpp, line 516]
Event: 167.484 Thread 0x000001e27cadcd60 Implicit null exception at 0x000001e26ab1610c to 0x000001e26ab16246
Event: 169.190 Thread 0x000001e27cadcd60 Implicit null exception at 0x000001e26ae25bec to 0x000001e26ae260dc

VM Operations (20 events):
Event: 166.617 Executing VM operation: Cleanup
Event: 166.727 Executing VM operation: Cleanup done
Event: 167.247 Executing VM operation: HandshakeAllThreads
Event: 167.247 Executing VM operation: HandshakeAllThreads done
Event: 167.260 Executing VM operation: HandshakeAllThreads
Event: 167.260 Executing VM operation: HandshakeAllThreads done
Event: 168.143 Executing VM operation: G1CollectForAllocation
Event: 168.158 Executing VM operation: G1CollectForAllocation done
Event: 168.526 Executing VM operation: G1CollectForAllocation
Event: 168.530 Executing VM operation: G1CollectForAllocation done
Event: 168.877 Executing VM operation: G1CollectForAllocation
Event: 168.881 Executing VM operation: G1CollectForAllocation done
Event: 169.038 Executing VM operation: G1Concurrent
Event: 169.105 Executing VM operation: G1Concurrent done
Event: 169.145 Executing VM operation: G1CollectForAllocation
Event: 169.147 Executing VM operation: G1CollectForAllocation done
Event: 169.175 Executing VM operation: G1Concurrent
Event: 169.175 Executing VM operation: G1Concurrent done
Event: 170.185 Executing VM operation: Cleanup
Event: 170.185 Executing VM operation: Cleanup done

Events (20 events):
Event: 163.177 loading class java/util/zip/ZipInputStream
Event: 163.178 loading class java/util/zip/ZipInputStream done
Event: 163.178 loading class java/util/jar/JarInputStream done
Event: 163.178 loading class java/io/PushbackInputStream
Event: 163.178 loading class java/io/PushbackInputStream done
Event: 163.286 loading class sun/rmi/transport/DGCClient$EndpointEntry$CleanRequest
Event: 163.286 loading class sun/rmi/transport/DGCClient$EndpointEntry$CleanRequest done
Event: 163.292 Thread 0x000001e2001c48f0 Thread exited: 0x000001e2001c48f0
Event: 166.333 loading class java/util/regex/Pattern$Caret
Event: 166.334 loading class java/util/regex/Pattern$Caret done
Event: 166.916 Thread 0x000001e27de61950 Thread added: 0x000001e27de61950
Event: 167.245 loading class sun/nio/fs/WindowsException
Event: 167.245 loading class sun/nio/fs/WindowsException done
Event: 167.259 loading class jdk/internal/jimage/ImageReader$LinkNode
Event: 167.259 loading class jdk/internal/jimage/ImageReader$LinkNode done
Event: 167.261 loading class jdk/internal/access/foreign/MemorySegmentProxy
Event: 167.261 loading class jdk/internal/access/foreign/MemorySegmentProxy done
Event: 168.506 Thread 0x000001e27de61950 Thread exited: 0x000001e27de61950
Event: 168.875 Thread 0x000001e2005f9010 Thread added: 0x000001e2005f9010
Event: 169.598 Thread 0x000001e2005f9010 Thread exited: 0x000001e2005f9010


Dynamic libraries:
0x00007ff734340000 - 0x00007ff734350000 	C:\Program Files\Java\jdk-17\bin\java.exe
0x00007ffa9d590000 - 0x00007ffa9d788000 	C:\Windows\SYSTEM32\ntdll.dll
0x00007ffa9b7a0000 - 0x00007ffa9b85f000 	C:\Windows\System32\KERNEL32.DLL
0x00007ffa9ad10000 - 0x00007ffa9b006000 	C:\Windows\System32\KERNELBASE.dll
0x00007ffa9b010000 - 0x00007ffa9b110000 	C:\Windows\System32\ucrtbase.dll
0x00007ffa7cd30000 - 0x00007ffa7cd49000 	C:\Program Files\Java\jdk-17\bin\jli.dll
0x00007ffa9bcb0000 - 0x00007ffa9bd5f000 	C:\Windows\System32\ADVAPI32.dll
0x00007ffa9bd90000 - 0x00007ffa9be2e000 	C:\Windows\System32\msvcrt.dll
0x00007ffa9bc10000 - 0x00007ffa9bcac000 	C:\Windows\System32\sechost.dll
0x00007ffa9d3c0000 - 0x00007ffa9d4e6000 	C:\Windows\System32\RPCRT4.dll
0x00007ffa9b600000 - 0x00007ffa9b79d000 	C:\Windows\System32\USER32.dll
0x00007ffa9b3c0000 - 0x00007ffa9b3e2000 	C:\Windows\System32\win32u.dll
0x00007ffa9bd60000 - 0x00007ffa9bd8c000 	C:\Windows\System32\GDI32.dll
0x00007ffa9b160000 - 0x00007ffa9b275000 	C:\Windows\System32\gdi32full.dll
0x00007ffa9b3f0000 - 0x00007ffa9b48d000 	C:\Windows\System32\msvcp_win.dll
0x00007ffa772c0000 - 0x00007ffa772db000 	C:\Program Files\Java\jdk-17\bin\VCRUNTIME140.dll
0x00007ffa77020000 - 0x00007ffa772ba000 	C:\Windows\WinSxS\amd64_microsoft.windows.common-controls_6595b64144ccf1df_6.0.19041.1110_none_60b5254171f9507e\COMCTL32.dll
0x00007ffa921b0000 - 0x00007ffa921ba000 	C:\Windows\SYSTEM32\VERSION.dll
0x00007ffa9c500000 - 0x00007ffa9c530000 	C:\Windows\System32\IMM32.DLL
0x00007ffa8bbd0000 - 0x00007ffa8bbdc000 	C:\Program Files\Java\jdk-17\bin\vcruntime140_1.dll
0x00007ffa57b90000 - 0x00007ffa57c1e000 	C:\Program Files\Java\jdk-17\bin\msvcp140.dll
0x00007ffa28ca0000 - 0x00007ffa2987d000 	C:\Program Files\Java\jdk-17\bin\server\jvm.dll
0x00007ffa9b5f0000 - 0x00007ffa9b5f8000 	C:\Windows\System32\PSAPI.DLL
0x00007ffa8af90000 - 0x00007ffa8af99000 	C:\Windows\SYSTEM32\WSOCK32.dll
0x00007ffa9c890000 - 0x00007ffa9c8fb000 	C:\Windows\System32\WS2_32.dll
0x00007ffa6ffa0000 - 0x00007ffa6ffc7000 	C:\Windows\SYSTEM32\WINMM.dll
0x00007ffa99490000 - 0x00007ffa994a2000 	C:\Windows\SYSTEM32\kernel.appcore.dll
0x00007ffa817a0000 - 0x00007ffa817aa000 	C:\Program Files\Java\jdk-17\bin\jimage.dll
0x00007ffa95870000 - 0x00007ffa95a54000 	C:\Windows\SYSTEM32\DBGHELP.DLL
0x00007ffa89080000 - 0x00007ffa890b4000 	C:\Windows\SYSTEM32\dbgcore.DLL
0x00007ffa9b330000 - 0x00007ffa9b3b2000 	C:\Windows\System32\bcryptPrimitives.dll
0x00007ffa73c90000 - 0x00007ffa73cb5000 	C:\Program Files\Java\jdk-17\bin\java.dll
0x00007ffa2df30000 - 0x00007ffa2e007000 	C:\Program Files\Java\jdk-17\bin\jsvml.dll
0x00007ffa9ca90000 - 0x00007ffa9d1d4000 	C:\Windows\System32\SHELL32.dll
0x00007ffa98cf0000 - 0x00007ffa99483000 	C:\Windows\SYSTEM32\windows.storage.dll
0x00007ffa9c530000 - 0x00007ffa9c884000 	C:\Windows\System32\combase.dll
0x00007ffa9a5e0000 - 0x00007ffa9a60e000 	C:\Windows\SYSTEM32\Wldp.dll
0x00007ffa9c450000 - 0x00007ffa9c4fd000 	C:\Windows\System32\SHCORE.dll
0x00007ffa9d360000 - 0x00007ffa9d3b5000 	C:\Windows\System32\shlwapi.dll
0x00007ffa9aba0000 - 0x00007ffa9abc5000 	C:\Windows\SYSTEM32\profapi.dll
0x00007ffa76800000 - 0x00007ffa76819000 	C:\Program Files\Java\jdk-17\bin\net.dll
0x00007ffa8fc50000 - 0x00007ffa8fd5a000 	C:\Windows\SYSTEM32\WINHTTP.dll
0x00007ffa9a340000 - 0x00007ffa9a3aa000 	C:\Windows\system32\mswsock.dll
0x00007ffa76300000 - 0x00007ffa76316000 	C:\Program Files\Java\jdk-17\bin\nio.dll
0x00007ffa76100000 - 0x00007ffa76118000 	C:\Program Files\Java\jdk-17\bin\zip.dll
0x00007ffa93720000 - 0x00007ffa93730000 	C:\Program Files\Java\jdk-17\bin\verify.dll
0x00007ffa72610000 - 0x00007ffa72637000 	C:\Users\ss\.gradle\native\e1d6ef7f7dcc3fd88c89a11ec53ec762bb8ba0a96d01ffa2cd45eb1d1d8dd5c5\windows-amd64\native-platform.dll
0x00007ffa68900000 - 0x00007ffa68a44000 	C:\Users\ss\.gradle\native\5664cfc778a61ccfe75a443a1ab52a65af34e5dc3c78e0209fed803814484fcb\windows-amd64\native-platform-file-events.dll
0x00007ffa92ba0000 - 0x00007ffa92baa000 	C:\Program Files\Java\jdk-17\bin\management.dll
0x00007ffa8d980000 - 0x00007ffa8d98b000 	C:\Program Files\Java\jdk-17\bin\management_ext.dll
0x00007ffa9a530000 - 0x00007ffa9a548000 	C:\Windows\SYSTEM32\CRYPTSP.dll
0x00007ffa99c50000 - 0x00007ffa99c84000 	C:\Windows\system32\rsaenh.dll
0x00007ffa9ace0000 - 0x00007ffa9ad07000 	C:\Windows\System32\bcrypt.dll
0x00007ffa9ab60000 - 0x00007ffa9ab8e000 	C:\Windows\SYSTEM32\USERENV.dll
0x00007ffa9a550000 - 0x00007ffa9a55c000 	C:\Windows\SYSTEM32\CRYPTBASE.dll
0x00007ffa9a030000 - 0x00007ffa9a06b000 	C:\Windows\SYSTEM32\IPHLPAPI.DLL
0x00007ffa9be50000 - 0x00007ffa9be58000 	C:\Windows\System32\NSI.dll
0x00007ffa905d0000 - 0x00007ffa905e7000 	C:\Windows\SYSTEM32\dhcpcsvc6.DLL
0x00007ffa906e0000 - 0x00007ffa906fd000 	C:\Windows\SYSTEM32\dhcpcsvc.DLL
0x00007ffa9a070000 - 0x00007ffa9a13a000 	C:\Windows\SYSTEM32\DNSAPI.dll
0x00007ffa774e0000 - 0x00007ffa774ed000 	C:\Program Files\Java\jdk-17\bin\sunmscapi.dll
0x00007ffa9b490000 - 0x00007ffa9b5ee000 	C:\Windows\System32\CRYPT32.dll
0x00007ffa9a650000 - 0x00007ffa9a678000 	C:\Windows\SYSTEM32\ncrypt.dll
0x00007ffa9a610000 - 0x00007ffa9a64b000 	C:\Windows\SYSTEM32\NTASN1.dll
0x00007ffa81790000 - 0x00007ffa81797000 	C:\Windows\system32\wshunix.dll
0x00007ffa813c0000 - 0x00007ffa813c7000 	C:\Program Files\Java\jdk-17\bin\rmi.dll

dbghelp: loaded successfully - version: 4.0.5 - missing functions: none
symbol engine: initialized successfully - sym options: 0x614 - pdb path: .;C:\Program Files\Java\jdk-17\bin;C:\Windows\SYSTEM32;C:\Windows\WinSxS\amd64_microsoft.windows.common-controls_6595b64144ccf1df_6.0.19041.1110_none_60b5254171f9507e;C:\Program Files\Java\jdk-17\bin\server;C:\Users\ss\.gradle\native\e1d6ef7f7dcc3fd88c89a11ec53ec762bb8ba0a96d01ffa2cd45eb1d1d8dd5c5\windows-amd64;C:\Users\ss\.gradle\native\5664cfc778a61ccfe75a443a1ab52a65af34e5dc3c78e0209fed803814484fcb\windows-amd64

VM Arguments:
jvm_args: -XX:MaxMetaspaceSize=512m --add-opens=java.base/java.util=ALL-UNNAMED --add-opens=java.base/java.lang=ALL-UNNAMED --add-opens=java.base/java.lang.invoke=ALL-UNNAMED --add-opens=java.base/java.util=ALL-UNNAMED --add-opens=java.prefs/java.util.prefs=ALL-UNNAMED --add-opens=java.prefs/java.util.prefs=ALL-UNNAMED --add-opens=java.base/java.nio.charset=ALL-UNNAMED --add-opens=java.base/java.net=ALL-UNNAMED --add-opens=java.base/java.util.concurrent.atomic=ALL-UNNAMED -Xmx2048m -Dfile.encoding=windows-1252 -Duser.country=IN -Duser.language=en -Duser.variant 
java_command: org.gradle.launcher.daemon.bootstrap.GradleDaemon 7.3.3
java_class_path (initial): C:\Users\ss\.gradle\wrapper\dists\gradle-7.3.3-all\4295vidhdd9hd3gbjyw1xqxpo\gradle-7.3.3\lib\gradle-launcher-7.3.3.jar
Launcher Type: SUN_STANDARD

[Global flags]
     intx CICompilerCount                          = 3                                         {product} {ergonomic}
   size_t CompressedClassSpaceSize                 = 432013312                                 {product} {ergonomic}
     uint ConcGCThreads                            = 1                                         {product} {ergonomic}
     uint G1ConcRefinementThreads                  = 4                                         {product} {ergonomic}
   size_t G1HeapRegionSize                         = 1048576                                   {product} {ergonomic}
    uintx GCDrainStackTargetSize                   = 64                                        {product} {ergonomic}
   size_t InitialHeapSize                          = 268435456                                 {product} {ergonomic}
   size_t MarkStackSize                            = 4194304                                   {product} {ergonomic}
   size_t MaxHeapSize                              = 2147483648                                {product} {command line}
   size_t MaxMetaspaceSize                         = 536870912                                 {product} {command line}
   size_t MaxNewSize                               = 1287651328                                {product} {ergonomic}
   size_t MinHeapDeltaBytes                        = 1048576                                   {product} {ergonomic}
   size_t MinHeapSize                              = 8388608                                   {product} {ergonomic}
    uintx NonNMethodCodeHeapSize                   = 5832780                                {pd product} {ergonomic}
    uintx NonProfiledCodeHeapSize                  = 122912730                              {pd product} {ergonomic}
    uintx ProfiledCodeHeapSize                     = 122912730                              {pd product} {ergonomic}
    uintx ReservedCodeCacheSize                    = 251658240                              {pd product} {ergonomic}
     bool SegmentedCodeCache                       = true                                      {product} {ergonomic}
   size_t SoftMaxHeapSize                          = 2147483648                             {manageable} {ergonomic}
     bool UseCompressedClassPointers               = true                           {product lp64_product} {ergonomic}
     bool UseCompressedOops                        = true                           {product lp64_product} {ergonomic}
     bool UseG1GC                                  = true                                      {product} {ergonomic}
     bool UseLargePagesIndividualAllocation        = false                                  {pd product} {ergonomic}

Logging:
Log output configuration:
 #0: stdout all=warning uptime,level,tags
 #1: stderr all=off uptime,level,tags

Environment Variables:
CLASSPATH=C:\Users\ss\Desktop\teachers-vision\android\\gradle\wrapper\gradle-wrapper.jar
PATH=C:\Users\ss\Desktop\teachers-vision\android\node_modules\.bin;C:\Users\ss\Desktop\teachers-vision\node_modules\.bin;C:\Users\ss\Desktop\node_modules\.bin;C:\Users\ss\node_modules\.bin;C:\Users\node_modules\.bin;C:\node_modules\.bin;C:\Program Files\nodejs;C:\Users\ss\Desktop\teachers-vision\node_modules\.bin;C:\Users\ss\Desktop\teachers-vision\node_modules\.bin;C:\Users\ss\Desktop\node_modules\.bin;C:\Users\ss\node_modules\.bin;C:\Users\node_modules\.bin;C:\node_modules\.bin;C:\Users\ss\AppData\Roaming\nvm\v16.16.0\node_modules\npm\node_modules\@npmcli\run-script\lib\node-gyp-bin;C:\Users\ss\Desktop\teachers-vision\node_modules\.bin;C:\Users\ss\Desktop\node_modules\.bin;C:\Users\ss\node_modules\.bin;C:\Users\node_modules\.bin;C:\node_modules\.bin;C:\Program Files\nodejs;C:\Users\ss\Desktop\teachers-vision\node_modules\.bin;C:\Users\ss\Desktop\teachers-vision\node_modules\.bin;C:\Users\ss\Desktop\node_modules\.bin;C:\Users\ss\node_modules\.bin;C:\Users\node_modules\.bin;C:\node_modules\.bin;C:\Users\ss\AppData\Roaming\nvm\v16.16.0\node_modules\npm\node_modules\@npmcli\run-script\lib\node-gyp-bin;C:\Program Files\Common Files\Oracle\Java\javapath;C:\Program Files (x86)\Common Files\Oracle\Java\javapath;C:\Program Files\Microsoft\jdk-11.0.18.10-hotspot\bin;C:\Program Files\Microsoft MPI\Bin\;C:\Windows\system32;C:\Windows;C:\Windows\System32\Wbem;C:\Windows\System32\WindowsPowerShell\v1.0\;C:\Windows\System32\OpenSSH\;C:\ProgramData\chocolatey\bin;C:\Users\ss\AppData\Local\Android\Sdk\platform-tools;C:\Program Files\Git\cmd;C:\Program Files\Microsoft SQL Server\150\Tools\Binn\;C:\Program Files (x86)\Microsoft SQL Server\160\Tools\Binn\;C:\Program Files\Microsoft SQL Server\160\Tools\Binn\;C:\Program Files\Microsoft SQL Server\Client SDK\ODBC\170\Tools\Binn\;C:\Program Files\Microsoft SQL Server\160\DTS\Binn\;C:\Program Files\dotnet\;C:\Program Files (x86)\dotnet\;C:\Program Files (x86)\Microsoft SQL Server\160\DTS\Binn\;C:\Program Files (x86)\Microsoft SQL Server\150
USERNAME=ss
LANG=en_US.UTF-8
OS=Windows_NT
PROCESSOR_IDENTIFIER=Intel64 Family 6 Model 142 Stepping 9, GenuineIntel



---------------  S Y S T E M  ---------------

OS:
 Windows 10 , 64 bit Build 19041 (10.0.19041.3155)
OS uptime: 5 days 6:13 hours

CPU: total 4 (initial active 4) (2 cores per cpu, 2 threads per core) family 6 model 142 stepping 9 microcode 0xb4, cx8, cmov, fxsr, ht, mmx, 3dnowpref, sse, sse2, sse3, ssse3, sse4.1, sse4.2, popcnt, lzcnt, tsc, tscinvbit, avx, avx2, aes, erms, clmul, bmi1, bmi2, adx, fma, vzeroupper, clflush, clflushopt

Memory: 4k page, system-wide physical 16263M (1310M free)
TotalPageFile size 23837M (AvailPageFile size 7M)
current process WorkingSet (physical memory assigned to process): 329M, peak: 329M
current process commit charge ("private bytes"): 387M, peak: 420M

vm_info: Java HotSpot(TM) 64-Bit Server VM (17.0.7+8-LTS-224) for windows-amd64 JRE (17.0.7+8-LTS-224), built on Feb 28 2023 23:03:02 by "mach5one" with MS VC++ 17.1 (VS2022)

END.
