#
# There is insufficient memory for the Java Runtime Environment to continue.
# Native memory allocation (malloc) failed to allocate 128016 bytes for Chunk::new
# Possible reasons:
#   The system is out of physical RAM or swap space
#   The process is running with CompressedOops enabled, and the Java Heap may be blocking the growth of the native heap
# Possible solutions:
#   Reduce memory load on the system
#   Increase physical memory or swap space
#   Check if swap backing store is full
#   Decrease Java heap size (-Xmx/-Xms)
#   Decrease number of Java threads
#   Decrease Java thread stack sizes (-Xss)
#   Set larger code cache with -XX:ReservedCodeCacheSize=
#   JVM is running with Unscaled Compressed Oops mode in which the Java heap is
#     placed in the first 4GB address space. The Java Heap base address is the
#     maximum limit for the native heap growth. Please use -XX:HeapBaseMinAddress
#     to set the Java Heap base and to place the Java Heap above 4GB virtual address.
# This output file may be truncated or incomplete.
#
#  Out of Memory Error (arena.cpp:189), pid=22152, tid=22400
#
# JRE version: Java(TM) SE Runtime Environment (17.0.7+8) (build 17.0.7+8-LTS-224)
# Java VM: Java HotSpot(TM) 64-Bit Server VM (17.0.7+8-LTS-224, mixed mode, sharing, tiered, compressed oops, compressed class ptrs, g1 gc, windows-amd64)
# No core dump will be written. Minidumps are not enabled by default on client versions of Windows
#

---------------  S U M M A R Y ------------

Command Line: -Xmx64m -Xms64m -Dorg.gradle.appname=gradlew org.gradle.wrapper.GradleWrapperMain app:installDebug -PreactNativeDevServerPort=8081

Host: Intel(R) Core(TM) i5-7200U CPU @ 2.50GHz, 4 cores, 15G,  Windows 10 , 64 bit Build 19041 (10.0.19041.3155)
Time: Thu Sep 14 15:20:46 2023 India Standard Time elapsed time: 778.675154 seconds (0d 0h 12m 58s)

---------------  T H R E A D  ---------------

Current thread (0x000001e7a5a60d70):  JavaThread "C2 CompilerThread0" daemon [_thread_in_native, id=22400, stack(0x000000e031500000,0x000000e031600000)]


Current CompileTask:
C2: 778675 1726 % !   4       java.io.BufferedReader::readLine @ 139 (327 bytes)

Stack: [0x000000e031500000,0x000000e031600000]
Native frames: (J=compiled Java code, j=interpreted, Vv=VM code, C=native code)
V  [jvm.dll+0x676a4a]
V  [jvm.dll+0x7d74f4]
V  [jvm.dll+0x7d8c9e]
V  [jvm.dll+0x7d9303]
V  [jvm.dll+0x2452c5]
V  [jvm.dll+0xaaa2b]
V  [jvm.dll+0xaafcc]
V  [jvm.dll+0x2aac2f]
V  [jvm.dll+0x57f375]
V  [jvm.dll+0x2205f2]
V  [jvm.dll+0x2191f0]
V  [jvm.dll+0x216df9]
V  [jvm.dll+0x1a35e0]
V  [jvm.dll+0x226a6e]
V  [jvm.dll+0x224e15]
V  [jvm.dll+0x78d05c]
V  [jvm.dll+0x78759a]
V  [jvm.dll+0x675875]
C  [ucrtbase.dll+0x21bb2]
C  [KERNEL32.DLL+0x17614]
C  [ntdll.dll+0x526b1]


---------------  P R O C E S S  ---------------

Threads class SMR info:
_java_thread_list=0x000001e7a696aa40, length=15, elements={
0x000001e78cba3f60, 0x000001e78cc78b20, 0x000001e78cc79990, 0x000001e7a5a5ad90,
0x000001e7a5a5c860, 0x000001e7a5a5f220, 0x000001e7a5a5fbd0, 0x000001e7a5a60d70,
0x000001e7a5ac92d0, 0x000001e7a5acb8e0, 0x000001e7a5b26fe0, 0x000001e7a5b29900,
0x000001e7a6e9c530, 0x000001e7a665b7f0, 0x000001e7a7094d60
}

Java Threads: ( => current thread )
  0x000001e78cba3f60 JavaThread "main" [_thread_in_vm, id=16984, stack(0x000000e030700000,0x000000e030800000)]
  0x000001e78cc78b20 JavaThread "Reference Handler" daemon [_thread_blocked, id=17172, stack(0x000000e030f00000,0x000000e031000000)]
  0x000001e78cc79990 JavaThread "Finalizer" daemon [_thread_blocked, id=30352, stack(0x000000e031000000,0x000000e031100000)]
  0x000001e7a5a5ad90 JavaThread "Signal Dispatcher" daemon [_thread_blocked, id=19080, stack(0x000000e031100000,0x000000e031200000)]
  0x000001e7a5a5c860 JavaThread "Attach Listener" daemon [_thread_blocked, id=25172, stack(0x000000e031200000,0x000000e031300000)]
  0x000001e7a5a5f220 JavaThread "Service Thread" daemon [_thread_blocked, id=17324, stack(0x000000e031300000,0x000000e031400000)]
  0x000001e7a5a5fbd0 JavaThread "Monitor Deflation Thread" daemon [_thread_blocked, id=26560, stack(0x000000e031400000,0x000000e031500000)]
=>0x000001e7a5a60d70 JavaThread "C2 CompilerThread0" daemon [_thread_in_native, id=22400, stack(0x000000e031500000,0x000000e031600000)]
  0x000001e7a5ac92d0 JavaThread "C1 CompilerThread0" daemon [_thread_blocked, id=15216, stack(0x000000e031600000,0x000000e031700000)]
  0x000001e7a5acb8e0 JavaThread "Sweeper thread" daemon [_thread_blocked, id=12868, stack(0x000000e031700000,0x000000e031800000)]
  0x000001e7a5b26fe0 JavaThread "Notification Thread" daemon [_thread_blocked, id=10368, stack(0x000000e031800000,0x000000e031900000)]
  0x000001e7a5b29900 JavaThread "Common-Cleaner" daemon [_thread_blocked, id=18932, stack(0x000000e031a00000,0x000000e031b00000)]
  0x000001e7a6e9c530 JavaThread "pool-1-thread-1" [_thread_blocked, id=8496, stack(0x000000e031e00000,0x000000e031f00000)]
  0x000001e7a665b7f0 JavaThread "DisconnectableInputStream source reader" daemon [_thread_in_native, id=25652, stack(0x000000e032000000,0x000000e032100000)]
  0x000001e7a7094d60 JavaThread "Forward input" [_thread_blocked, id=23652, stack(0x000000e032100000,0x000000e032200000)]

Other Threads:
  0x000001e78cc70eb0 VMThread "VM Thread" [stack: 0x000000e030e00000,0x000000e030f00000] [id=29388]
  0x000001e7a5b294c0 WatcherThread [stack: 0x000000e031900000,0x000000e031a00000] [id=15564]
  0x000001e78cbc4d20 GCTaskThread "GC Thread#0" [stack: 0x000000e030900000,0x000000e030a00000] [id=10520]
  0x000001e7a6a89430 GCTaskThread "GC Thread#1" [stack: 0x000000e031b00000,0x000000e031c00000] [id=21500]
  0x000001e7a68b6df0 GCTaskThread "GC Thread#2" [stack: 0x000000e031c00000,0x000000e031d00000] [id=9628]
  0x000001e7a68b70a0 GCTaskThread "GC Thread#3" [stack: 0x000000e031d00000,0x000000e031e00000] [id=25868]
  0x000001e78cbc6460 ConcurrentGCThread "G1 Main Marker" [stack: 0x000000e030a00000,0x000000e030b00000] [id=14148]
  0x000001e78cbc6e70 ConcurrentGCThread "G1 Conc#0" [stack: 0x000000e030b00000,0x000000e030c00000] [id=19440]
  0x000001e78cc129a0 ConcurrentGCThread "G1 Refine#0" [stack: 0x000000e030c00000,0x000000e030d00000] [id=28768]
  0x000001e78cc133c0 ConcurrentGCThread "G1 Service" [stack: 0x000000e030d00000,0x000000e030e00000] [id=8032]

Threads with active compile tasks:
C2 CompilerThread0   778709 1726 % !   4       java.io.BufferedReader::readLine @ 139 (327 bytes)

VM state: not at safepoint (normal execution)

VM Mutex/Monitor currently owned by a thread: None

Heap address: 0x00000000fc000000, size: 64 MB, Compressed Oops mode: 32-bit

CDS archive(s) mapped at: [0x0000000800000000-0x0000000800bd0000-0x0000000800bd0000), size 12386304, SharedBaseAddress: 0x0000000800000000, ArchiveRelocationMode: 0.
Compressed class space mapped at: 0x0000000800c00000-0x0000000840c00000, reserved size: 1073741824
Narrow klass base: 0x0000000800000000, Narrow klass shift: 0, Narrow klass range: 0x100000000

GC Precious Log:
 CPUs: 4 total, 4 available
 Memory: 16263M
 Large Page Support: Disabled
 NUMA Support: Disabled
 Compressed Oops: Enabled (32-bit)
 Heap Region Size: 1M
 Heap Min Capacity: 64M
 Heap Initial Capacity: 64M
 Heap Max Capacity: 64M
 Pre-touch: Disabled
 Parallel Workers: 4
 Concurrent Workers: 1
 Concurrent Refinement Workers: 4
 Periodic GC: Disabled

Heap:
 garbage-first heap   total 65536K, used 24013K [0x00000000fc000000, 0x0000000100000000)
  region size 1024K, 18 young (18432K), 3 survivors (3072K)
 Metaspace       used 9363K, committed 9600K, reserved 1064960K
  class space    used 1213K, committed 1280K, reserved 1048576K

Heap Regions: E=young(eden), S=young(survivor), O=old, HS=humongous(starts), HC=humongous(continues), CS=collection set, F=free, OA=open archive, CA=closed archive, TAMS=top-at-mark-start (previous, next)
|   0|0x00000000fc000000, 0x00000000fc100000, 0x00000000fc100000|100%|HS|  |TAMS 0x00000000fc000000, 0x00000000fc000000| Complete 
|   1|0x00000000fc100000, 0x00000000fc200000, 0x00000000fc200000|100%|HC|  |TAMS 0x00000000fc100000, 0x00000000fc100000| Complete 
|   2|0x00000000fc200000, 0x00000000fc300000, 0x00000000fc300000|100%|HC|  |TAMS 0x00000000fc200000, 0x00000000fc200000| Complete 
|   3|0x00000000fc300000, 0x00000000fc400000, 0x00000000fc400000|100%| O|  |TAMS 0x00000000fc300000, 0x00000000fc300000| Untracked 
|   4|0x00000000fc400000, 0x00000000fc500000, 0x00000000fc500000|100%| O|  |TAMS 0x00000000fc400000, 0x00000000fc400000| Untracked 
|   5|0x00000000fc500000, 0x00000000fc600000, 0x00000000fc600000|100%| O|  |TAMS 0x00000000fc500000, 0x00000000fc500000| Untracked 
|   6|0x00000000fc600000, 0x00000000fc673400, 0x00000000fc700000| 45%| O|  |TAMS 0x00000000fc600000, 0x00000000fc600000| Untracked 
|   7|0x00000000fc700000, 0x00000000fc700000, 0x00000000fc800000|  0%| F|  |TAMS 0x00000000fc700000, 0x00000000fc700000| Untracked 
|   8|0x00000000fc800000, 0x00000000fc800000, 0x00000000fc900000|  0%| F|  |TAMS 0x00000000fc800000, 0x00000000fc800000| Untracked 
|   9|0x00000000fc900000, 0x00000000fc900000, 0x00000000fca00000|  0%| F|  |TAMS 0x00000000fc900000, 0x00000000fc900000| Untracked 
|  10|0x00000000fca00000, 0x00000000fca00000, 0x00000000fcb00000|  0%| F|  |TAMS 0x00000000fca00000, 0x00000000fca00000| Untracked 
|  11|0x00000000fcb00000, 0x00000000fcb00000, 0x00000000fcc00000|  0%| F|  |TAMS 0x00000000fcb00000, 0x00000000fcb00000| Untracked 
|  12|0x00000000fcc00000, 0x00000000fcc00000, 0x00000000fcd00000|  0%| F|  |TAMS 0x00000000fcc00000, 0x00000000fcc00000| Untracked 
|  13|0x00000000fcd00000, 0x00000000fcd00000, 0x00000000fce00000|  0%| F|  |TAMS 0x00000000fcd00000, 0x00000000fcd00000| Untracked 
|  14|0x00000000fce00000, 0x00000000fce00000, 0x00000000fcf00000|  0%| F|  |TAMS 0x00000000fce00000, 0x00000000fce00000| Untracked 
|  15|0x00000000fcf00000, 0x00000000fcf00000, 0x00000000fd000000|  0%| F|  |TAMS 0x00000000fcf00000, 0x00000000fcf00000| Untracked 
|  16|0x00000000fd000000, 0x00000000fd000000, 0x00000000fd100000|  0%| F|  |TAMS 0x00000000fd000000, 0x00000000fd000000| Untracked 
|  17|0x00000000fd100000, 0x00000000fd100000, 0x00000000fd200000|  0%| F|  |TAMS 0x00000000fd100000, 0x00000000fd100000| Untracked 
|  18|0x00000000fd200000, 0x00000000fd200000, 0x00000000fd300000|  0%| F|  |TAMS 0x00000000fd200000, 0x00000000fd200000| Untracked 
|  19|0x00000000fd300000, 0x00000000fd300000, 0x00000000fd400000|  0%| F|  |TAMS 0x00000000fd300000, 0x00000000fd300000| Untracked 
|  20|0x00000000fd400000, 0x00000000fd400000, 0x00000000fd500000|  0%| F|  |TAMS 0x00000000fd400000, 0x00000000fd400000| Untracked 
|  21|0x00000000fd500000, 0x00000000fd500000, 0x00000000fd600000|  0%| F|  |TAMS 0x00000000fd500000, 0x00000000fd500000| Untracked 
|  22|0x00000000fd600000, 0x00000000fd600000, 0x00000000fd700000|  0%| F|  |TAMS 0x00000000fd600000, 0x00000000fd600000| Untracked 
|  23|0x00000000fd700000, 0x00000000fd700000, 0x00000000fd800000|  0%| F|  |TAMS 0x00000000fd700000, 0x00000000fd700000| Untracked 
|  24|0x00000000fd800000, 0x00000000fd800000, 0x00000000fd900000|  0%| F|  |TAMS 0x00000000fd800000, 0x00000000fd800000| Untracked 
|  25|0x00000000fd900000, 0x00000000fd900000, 0x00000000fda00000|  0%| F|  |TAMS 0x00000000fd900000, 0x00000000fd900000| Untracked 
|  26|0x00000000fda00000, 0x00000000fda00000, 0x00000000fdb00000|  0%| F|  |TAMS 0x00000000fda00000, 0x00000000fda00000| Untracked 
|  27|0x00000000fdb00000, 0x00000000fdb00000, 0x00000000fdc00000|  0%| F|  |TAMS 0x00000000fdb00000, 0x00000000fdb00000| Untracked 
|  28|0x00000000fdc00000, 0x00000000fdc00000, 0x00000000fdd00000|  0%| F|  |TAMS 0x00000000fdc00000, 0x00000000fdc00000| Untracked 
|  29|0x00000000fdd00000, 0x00000000fdd00000, 0x00000000fde00000|  0%| F|  |TAMS 0x00000000fdd00000, 0x00000000fdd00000| Untracked 
|  30|0x00000000fde00000, 0x00000000fde00000, 0x00000000fdf00000|  0%| F|  |TAMS 0x00000000fde00000, 0x00000000fde00000| Untracked 
|  31|0x00000000fdf00000, 0x00000000fdf00000, 0x00000000fe000000|  0%| F|  |TAMS 0x00000000fdf00000, 0x00000000fdf00000| Untracked 
|  32|0x00000000fe000000, 0x00000000fe000000, 0x00000000fe100000|  0%| F|  |TAMS 0x00000000fe000000, 0x00000000fe000000| Untracked 
|  33|0x00000000fe100000, 0x00000000fe100000, 0x00000000fe200000|  0%| F|  |TAMS 0x00000000fe100000, 0x00000000fe100000| Untracked 
|  34|0x00000000fe200000, 0x00000000fe200000, 0x00000000fe300000|  0%| F|  |TAMS 0x00000000fe200000, 0x00000000fe200000| Untracked 
|  35|0x00000000fe300000, 0x00000000fe300000, 0x00000000fe400000|  0%| F|  |TAMS 0x00000000fe300000, 0x00000000fe300000| Untracked 
|  36|0x00000000fe400000, 0x00000000fe400000, 0x00000000fe500000|  0%| F|  |TAMS 0x00000000fe400000, 0x00000000fe400000| Untracked 
|  37|0x00000000fe500000, 0x00000000fe500000, 0x00000000fe600000|  0%| F|  |TAMS 0x00000000fe500000, 0x00000000fe500000| Untracked 
|  38|0x00000000fe600000, 0x00000000fe600000, 0x00000000fe700000|  0%| F|  |TAMS 0x00000000fe600000, 0x00000000fe600000| Untracked 
|  39|0x00000000fe700000, 0x00000000fe700000, 0x00000000fe800000|  0%| F|  |TAMS 0x00000000fe700000, 0x00000000fe700000| Untracked 
|  40|0x00000000fe800000, 0x00000000fe800000, 0x00000000fe900000|  0%| F|  |TAMS 0x00000000fe800000, 0x00000000fe800000| Untracked 
|  41|0x00000000fe900000, 0x00000000fe900000, 0x00000000fea00000|  0%| F|  |TAMS 0x00000000fe900000, 0x00000000fe900000| Untracked 
|  42|0x00000000fea00000, 0x00000000fea00000, 0x00000000feb00000|  0%| F|  |TAMS 0x00000000fea00000, 0x00000000fea00000| Untracked 
|  43|0x00000000feb00000, 0x00000000feb00000, 0x00000000fec00000|  0%| F|  |TAMS 0x00000000feb00000, 0x00000000feb00000| Untracked 
|  44|0x00000000fec00000, 0x00000000fed00000, 0x00000000fed00000|100%| S|CS|TAMS 0x00000000fec00000, 0x00000000fec00000| Complete 
|  45|0x00000000fed00000, 0x00000000fee00000, 0x00000000fee00000|100%| S|CS|TAMS 0x00000000fed00000, 0x00000000fed00000| Complete 
|  46|0x00000000fee00000, 0x00000000fef00000, 0x00000000fef00000|100%| S|CS|TAMS 0x00000000fee00000, 0x00000000fee00000| Complete 
|  47|0x00000000fef00000, 0x00000000fef00000, 0x00000000ff000000|  0%| F|  |TAMS 0x00000000fef00000, 0x00000000fef00000| Untracked 
|  48|0x00000000ff000000, 0x00000000ff000000, 0x00000000ff100000|  0%| F|  |TAMS 0x00000000ff000000, 0x00000000ff000000| Untracked 
|  49|0x00000000ff100000, 0x00000000ff1671d8, 0x00000000ff200000| 40%| E|  |TAMS 0x00000000ff100000, 0x00000000ff100000| Complete 
|  50|0x00000000ff200000, 0x00000000ff300000, 0x00000000ff300000|100%| E|CS|TAMS 0x00000000ff200000, 0x00000000ff200000| Complete 
|  51|0x00000000ff300000, 0x00000000ff400000, 0x00000000ff400000|100%| E|CS|TAMS 0x00000000ff300000, 0x00000000ff300000| Complete 
|  52|0x00000000ff400000, 0x00000000ff500000, 0x00000000ff500000|100%| E|CS|TAMS 0x00000000ff400000, 0x00000000ff400000| Complete 
|  53|0x00000000ff500000, 0x00000000ff600000, 0x00000000ff600000|100%| E|CS|TAMS 0x00000000ff500000, 0x00000000ff500000| Complete 
|  54|0x00000000ff600000, 0x00000000ff700000, 0x00000000ff700000|100%| E|CS|TAMS 0x00000000ff600000, 0x00000000ff600000| Complete 
|  55|0x00000000ff700000, 0x00000000ff800000, 0x00000000ff800000|100%| E|CS|TAMS 0x00000000ff700000, 0x00000000ff700000| Complete 
|  56|0x00000000ff800000, 0x00000000ff900000, 0x00000000ff900000|100%| E|CS|TAMS 0x00000000ff800000, 0x00000000ff800000| Complete 
|  57|0x00000000ff900000, 0x00000000ffa00000, 0x00000000ffa00000|100%| E|CS|TAMS 0x00000000ff900000, 0x00000000ff900000| Complete 
|  58|0x00000000ffa00000, 0x00000000ffb00000, 0x00000000ffb00000|100%| E|CS|TAMS 0x00000000ffa00000, 0x00000000ffa00000| Complete 
|  59|0x00000000ffb00000, 0x00000000ffc00000, 0x00000000ffc00000|100%| E|CS|TAMS 0x00000000ffb00000, 0x00000000ffb00000| Complete 
|  60|0x00000000ffc00000, 0x00000000ffd00000, 0x00000000ffd00000|100%| E|CS|TAMS 0x00000000ffc00000, 0x00000000ffc00000| Complete 
|  61|0x00000000ffd00000, 0x00000000ffe00000, 0x00000000ffe00000|100%| E|CS|TAMS 0x00000000ffd00000, 0x00000000ffd00000| Complete 
|  62|0x00000000ffe00000, 0x00000000fff00000, 0x00000000fff00000|100%| E|CS|TAMS 0x00000000ffe00000, 0x00000000ffe00000| Complete 
|  63|0x00000000fff00000, 0x0000000100000000, 0x0000000100000000|100%| E|CS|TAMS 0x00000000fff00000, 0x00000000fff00000| Complete 

Card table byte_map: [0x000001e78c9e0000,0x000001e78ca00000] _byte_map_base: 0x000001e78c200000

Marking Bits (Prev, Next): (CMBitMap*) 0x000001e78cbc5330, (CMBitMap*) 0x000001e78cbc5370
 Prev Bits: [0x000001e78ca20000, 0x000001e78cb20000)
 Next Bits: [0x000001e7a3430000, 0x000001e7a3530000)

Polling page: 0x000001e78abb0000

Metaspace:

Usage:
  Non-class:      7.96 MB used.
      Class:      1.19 MB used.
       Both:      9.14 MB used.

Virtual space:
  Non-class space:       16.00 MB reserved,       8.12 MB ( 51%) committed,  2 nodes.
      Class space:        1.00 GB reserved,       1.25 MB ( <1%) committed,  1 nodes.
             Both:        1.02 GB reserved,       9.38 MB ( <1%) committed. 

Chunk freelists:
   Non-Class:  2.98 MB
       Class:  2.58 MB
        Both:  5.56 MB

MaxMetaspaceSize: unlimited
CompressedClassSpaceSize: 1.00 GB
Initial GC threshold: 21.00 MB
Current GC threshold: 21.00 MB
CDS: on
MetaspaceReclaimPolicy: balanced
 - commit_granule_bytes: 65536.
 - commit_granule_words: 8192.
 - virtual_space_node_default_size: 1048576.
 - enlarge_chunks_in_place: 1.
 - new_chunks_are_fully_committed: 0.
 - uncommit_free_chunks: 1.
 - use_allocation_guard: 0.
 - handle_deallocations: 1.


Internal statistics:

num_allocs_failed_limit: 0.
num_arena_births: 92.
num_arena_deaths: 0.
num_vsnodes_births: 3.
num_vsnodes_deaths: 0.
num_space_committed: 150.
num_space_uncommitted: 0.
num_chunks_returned_to_freelist: 0.
num_chunks_taken_from_freelist: 331.
num_chunk_merges: 0.
num_chunk_splits: 217.
num_chunks_enlarged: 175.
num_purges: 0.
num_inconsistent_stats: 0.

CodeHeap 'non-profiled nmethods': size=120000Kb used=717Kb max_used=717Kb free=119282Kb
 bounds [0x000001e79bf00000, 0x000001e79c170000, 0x000001e7a3430000]
CodeHeap 'profiled nmethods': size=120000Kb used=3264Kb max_used=3264Kb free=116735Kb
 bounds [0x000001e794430000, 0x000001e794770000, 0x000001e79b960000]
CodeHeap 'non-nmethods': size=5760Kb used=1174Kb max_used=1201Kb free=4585Kb
 bounds [0x000001e79b960000, 0x000001e79bbd0000, 0x000001e79bf00000]
 total_blobs=2204 nmethods=1729 adapters=388
 compilation: enabled
              stopped_count=0, restarted_count=0
 full_count=0

Compilation events (20 events):
Event: 752.603 Thread 0x000001e7a5ac92d0 nmethod 1716 0x000001e794758a10 code [0x000001e794758ec0, 0x000001e79475b538]
Event: 752.603 Thread 0x000001e7a5ac92d0 1717   !   3       sun.nio.ch.SocketChannelImpl::beginRead (37 bytes)
Event: 752.603 Thread 0x000001e7a5ac92d0 nmethod 1717 0x000001e79475c410 code [0x000001e79475c600, 0x000001e79475cb18]
Event: 752.603 Thread 0x000001e7a5ac92d0 1718       3       sun.nio.ch.IOUtil::read (12 bytes)
Event: 752.603 Thread 0x000001e7a5ac92d0 nmethod 1718 0x000001e79475cd90 code [0x000001e79475cf20, 0x000001e79475d048]
Event: 752.938 Thread 0x000001e7a5ac92d0 1719       3       sun.nio.ch.SelectionKeyImpl::translateAndUpdateReadyOps (12 bytes)
Event: 752.938 Thread 0x000001e7a5ac92d0 nmethod 1719 0x000001e79475d110 code [0x000001e79475d2c0, 0x000001e79475d4a8]
Event: 752.938 Thread 0x000001e7a5ac92d0 1720       3       sun.nio.ch.SocketChannelImpl::translateAndUpdateReadyOps (11 bytes)
Event: 752.938 Thread 0x000001e7a5ac92d0 nmethod 1720 0x000001e79475d590 code [0x000001e79475d740, 0x000001e79475d8a8]
Event: 752.993 Thread 0x000001e7a5ac92d0 1721       1       org.gradle.internal.operations.BuildOperationCategory::isGrouped (5 bytes)
Event: 752.994 Thread 0x000001e7a5ac92d0 nmethod 1721 0x000001e79bfb2b90 code [0x000001e79bfb2d20, 0x000001e79bfb2df8]
Event: 773.726 Thread 0x000001e7a5ac92d0 1722       1       org.gradle.internal.logging.events.ProgressStartEvent::getStatus (5 bytes)
Event: 773.726 Thread 0x000001e7a5ac92d0 nmethod 1722 0x000001e79bfb2e90 code [0x000001e79bfb3020, 0x000001e79bfb30f8]
Event: 774.407 Thread 0x000001e7a5ac92d0 1723   !   3       com.esotericsoftware.kryo.io.Input::fill (32 bytes)
Event: 774.408 Thread 0x000001e7a5ac92d0 nmethod 1723 0x000001e79475d990 code [0x000001e79475db60, 0x000001e79475de98]
Event: 775.486 Thread 0x000001e7a5ac92d0 1724       3       org.gradle.internal.logging.events.CategorisedOutputEvent::<init> (21 bytes)
Event: 775.486 Thread 0x000001e7a5ac92d0 nmethod 1724 0x000001e79475e010 code [0x000001e79475e1c0, 0x000001e79475e438]
Event: 778.669 Thread 0x000001e7a5ac92d0 1725       1       java.util.LinkedList::size (5 bytes)
Event: 778.669 Thread 0x000001e7a5ac92d0 nmethod 1725 0x000001e79bfb3190 code [0x000001e79bfb3320, 0x000001e79bfb33f8]
Event: 778.669 Thread 0x000001e7a5a60d70 1726 % !   4       java.io.BufferedReader::readLine @ 139 (327 bytes)

GC Heap History (4 events):
Event: 3.937 GC heap before
{Heap before GC invocations=0 (full 0):
 garbage-first heap   total 65536K, used 15360K [0x00000000fc000000, 0x0000000100000000)
  region size 1024K, 13 young (13312K), 0 survivors (0K)
 Metaspace       used 2039K, committed 2240K, reserved 1056768K
  class space    used 198K, committed 256K, reserved 1048576K
}
Event: 4.008 GC heap after
{Heap after GC invocations=1 (full 0):
 garbage-first heap   total 65536K, used 3448K [0x00000000fc000000, 0x0000000100000000)
  region size 1024K, 2 young (2048K), 2 survivors (2048K)
 Metaspace       used 2039K, committed 2240K, reserved 1056768K
  class space    used 198K, committed 256K, reserved 1048576K
}
Event: 5.700 GC heap before
{Heap before GC invocations=1 (full 0):
 garbage-first heap   total 65536K, used 20856K [0x00000000fc000000, 0x0000000100000000)
  region size 1024K, 17 young (17408K), 2 survivors (2048K)
 Metaspace       used 5595K, committed 5760K, reserved 1056768K
  class space    used 776K, committed 832K, reserved 1048576K
}
Event: 5.704 GC heap after
{Heap after GC invocations=2 (full 0):
 garbage-first heap   total 65536K, used 9677K [0x00000000fc000000, 0x0000000100000000)
  region size 1024K, 3 young (3072K), 3 survivors (3072K)
 Metaspace       used 5595K, committed 5760K, reserved 1056768K
  class space    used 776K, committed 832K, reserved 1048576K
}

Deoptimization events (20 events):
Event: 18.798 Thread 0x000001e7a66954f0 Uncommon trap: trap_request=0xffffff45 fr.pc=0x000001e79bf0ce84 relative=0x0000000000000084
Event: 18.798 Thread 0x000001e7a66954f0 Uncommon trap: reason=unstable_if action=reinterpret pc=0x000001e79bf0ce84 method=java.lang.String.codePointAt(I)I @ 4 c2
Event: 18.798 Thread 0x000001e7a66954f0 DEOPT PACKING pc=0x000001e79bf0ce84 sp=0x000000e031fff030
Event: 18.798 Thread 0x000001e7a66954f0 DEOPT UNPACKING pc=0x000001e79b9b23a3 sp=0x000000e031ffefc8 mode 2
Event: 18.800 Thread 0x000001e7a6530b00 Uncommon trap: trap_request=0xffffffde fr.pc=0x000001e79bf5d470 relative=0x0000000000000e50
Event: 18.800 Thread 0x000001e7a6530b00 Uncommon trap: reason=class_check action=maybe_recompile pc=0x000001e79bf5d470 method=java.util.concurrent.ConcurrentHashMap.putVal(Ljava/lang/Object;Ljava/lang/Object;Z)Ljava/lang/Object; @ 159 c2
Event: 18.800 Thread 0x000001e7a6530b00 DEOPT PACKING pc=0x000001e79bf5d470 sp=0x000000e0321fe500
Event: 18.800 Thread 0x000001e7a6530b00 DEOPT UNPACKING pc=0x000001e79b9b23a3 sp=0x000000e0321fe480 mode 2
Event: 18.957 Thread 0x000001e78cba3f60 Uncommon trap: trap_request=0xffffff45 fr.pc=0x000001e79bf38ab8 relative=0x0000000000001098
Event: 18.957 Thread 0x000001e78cba3f60 Uncommon trap: reason=unstable_if action=reinterpret pc=0x000001e79bf38ab8 method=java.util.HashMap.putVal(ILjava/lang/Object;Ljava/lang/Object;ZZ)Ljava/lang/Object; @ 162 c2
Event: 18.957 Thread 0x000001e78cba3f60 DEOPT PACKING pc=0x000001e79bf38ab8 sp=0x000000e0307fb250
Event: 18.957 Thread 0x000001e78cba3f60 DEOPT UNPACKING pc=0x000001e79b9b23a3 sp=0x000000e0307fb188 mode 2
Event: 693.570 Thread 0x000001e7a6e9c530 Uncommon trap: trap_request=0xffffffde fr.pc=0x000001e79bf9ce30 relative=0x0000000000000c30
Event: 693.570 Thread 0x000001e7a6e9c530 Uncommon trap: reason=class_check action=maybe_recompile pc=0x000001e79bf9ce30 method=org.gradle.internal.logging.sink.GroupingProgressLogEventGenerator.onOutput(Lorg/gradle/internal/logging/events/OutputEvent;)V @ 27 c2
Event: 693.570 Thread 0x000001e7a6e9c530 DEOPT PACKING pc=0x000001e79bf9ce30 sp=0x000000e031eff550
Event: 693.570 Thread 0x000001e7a6e9c530 DEOPT UNPACKING pc=0x000001e79b9b23a3 sp=0x000000e031eff360 mode 2
Event: 693.570 Thread 0x000001e7a6e9c530 Uncommon trap: trap_request=0xffffffde fr.pc=0x000001e79bf995dc relative=0x000000000000083c
Event: 693.570 Thread 0x000001e7a6e9c530 Uncommon trap: reason=class_check action=maybe_recompile pc=0x000001e79bf995dc method=org.gradle.internal.logging.sink.GroupingProgressLogEventGenerator$OperationGroup.flushOutput()V @ 130 c2
Event: 693.570 Thread 0x000001e7a6e9c530 DEOPT PACKING pc=0x000001e79bf995dc sp=0x000000e031eff320
Event: 693.570 Thread 0x000001e7a6e9c530 DEOPT UNPACKING pc=0x000001e79b9b23a3 sp=0x000000e031eff208 mode 2

Classes unloaded (0 events):
No events

Classes redefined (0 events):
No events

Internal exceptions (20 events):
Event: 4.725 Thread 0x000001e78cba3f60 Exception <a 'java/lang/NoClassDefFoundError'{0x00000000ff83a300}: org/slf4j/impl/StaticMarkerBinder> (0x00000000ff83a300) 
thrown [s\open\src\hotspot\share\classfile\systemDictionary.cpp, line 245]
Event: 4.754 Thread 0x000001e78cba3f60 Exception <a 'java/lang/NoSuchMethodError'{0x00000000ff8d5360}: 'java.lang.Object java.lang.invoke.DirectMethodHandle$Holder.invokeVirtual(java.lang.Object, java.lang.Object, java.lang.Object, java.lang.Object, java.lang.Object, java.lang.Object, java.lang.Object)'> (0x00000000ff8d5360) 
thrown [s\open\src\hotspot\share\interpreter\linkResolver.cpp, line 759]
Event: 4.852 Thread 0x000001e78cba3f60 Exception <a 'java/lang/NoSuchMethodError'{0x00000000ff8e5eb0}: 'java.lang.Object java.lang.invoke.Invokers$Holder.invoker(java.lang.Object, java.lang.Object, java.lang.Object)'> (0x00000000ff8e5eb0) 
thrown [s\open\src\hotspot\share\interpreter\linkResolver.cpp, line 759]
Event: 4.855 Thread 0x000001e78cba3f60 Exception <a 'java/lang/NoSuchMethodError'{0x00000000ff8eef80}: 'java.lang.Object java.lang.invoke.DirectMethodHandle$Holder.invokeStatic(java.lang.Object, java.lang.Object, int)'> (0x00000000ff8eef80) 
thrown [s\open\src\hotspot\share\interpreter\linkResolver.cpp, line 759]
Event: 4.859 Thread 0x000001e78cba3f60 Exception <a 'java/lang/NoSuchMethodError'{0x00000000ff8faeb0}: 'void java.lang.invoke.DelegatingMethodHandle$Holder.delegate(java.lang.Object, java.lang.Object, int, java.lang.Object)'> (0x00000000ff8faeb0) 
thrown [s\open\src\hotspot\share\interpreter\linkResolver.cpp, line 759]
Event: 4.868 Thread 0x000001e78cba3f60 Exception <a 'java/lang/NoSuchMethodError'{0x00000000ff8feff8}: 'int java.lang.invoke.DirectMethodHandle$Holder.invokeSpecial(java.lang.Object, java.lang.Object, java.lang.Object)'> (0x00000000ff8feff8) 
thrown [s\open\src\hotspot\share\interpreter\linkResolver.cpp, line 759]
Event: 4.874 Thread 0x000001e78cba3f60 Exception <a 'java/lang/NoSuchMethodError'{0x00000000ff7125d8}: 'java.lang.Object java.lang.invoke.Invokers$Holder.invokeExact_MT(java.lang.Object, java.lang.Object, java.lang.Object, java.lang.Object)'> (0x00000000ff7125d8) 
thrown [s\open\src\hotspot\share\interpreter\linkResolver.cpp, line 759]
Event: 5.326 Thread 0x000001e78cba3f60 Exception <a 'java/lang/NoSuchMethodError'{0x00000000ff4f47c8}: 'java.lang.Object java.lang.invoke.DirectMethodHandle$Holder.invokeInterface(java.lang.Object, java.lang.Object, java.lang.Object)'> (0x00000000ff4f47c8) 
thrown [s\open\src\hotspot\share\interpreter\linkResolver.cpp, line 759]
Event: 5.395 Thread 0x000001e78cba3f60 Implicit null exception at 0x000001e79bf4acb1 to 0x000001e79bf4b134
Event: 5.395 Thread 0x000001e78cba3f60 Implicit null exception at 0x000001e79bf43cac to 0x000001e79bf44104
Event: 5.474 Thread 0x000001e78cba3f60 Exception <a 'java/lang/NoSuchMethodError'{0x00000000ff0a73c0}: 'java.lang.Object java.lang.invoke.DirectMethodHandle$Holder.invokeStaticInit(java.lang.Object)'> (0x00000000ff0a73c0) 
thrown [s\open\src\hotspot\share\interpreter\linkResolver.cpp, line 759]
Event: 5.981 Thread 0x000001e78cba3f60 Exception <a 'java/lang/NoSuchMethodError'{0x00000000ffd9ed08}: 'java.lang.Object java.lang.invoke.DirectMethodHandle$Holder.invokeStaticInit(java.lang.Object, int, int, int, int)'> (0x00000000ffd9ed08) 
thrown [s\open\src\hotspot\share\interpreter\linkResolver.cpp, line 759]
Event: 6.321 Thread 0x000001e78cba3f60 Exception <a 'java/lang/NoSuchMethodError'{0x00000000ffdd56f0}: 'java.lang.Object java.lang.invoke.DirectMethodHandle$Holder.invokeStaticInit(java.lang.Object, java.lang.Object, int, int, int, int)'> (0x00000000ffdd56f0) 
thrown [s\open\src\hotspot\share\interpreter\linkResolver.cpp, line 759]
Event: 7.178 Thread 0x000001e78cba3f60 Exception <a 'java/lang/NoSuchMethodError'{0x00000000ffc020c0}: 'void java.lang.invoke.DirectMethodHandle$Holder.invokeStatic(java.lang.Object, java.lang.Object, java.lang.Object)'> (0x00000000ffc020c0) 
thrown [s\open\src\hotspot\share\interpreter\linkResolver.cpp, line 759]
Event: 7.861 Thread 0x000001e7a66954f0 Exception <a 'java/lang/NoSuchMethodError'{0x00000000ff512290}: 'void java.lang.invoke.DirectMethodHandle$Holder.invokeStatic(java.lang.Object, long)'> (0x00000000ff512290) 
thrown [s\open\src\hotspot\share\interpreter\linkResolver.cpp, line 759]
Event: 7.862 Thread 0x000001e7a66954f0 Exception <a 'java/lang/NoSuchMethodError'{0x00000000ff517be8}: 'java.lang.Object java.lang.invoke.DirectMethodHandle$Holder.newInvokeSpecial(java.lang.Object, long)'> (0x00000000ff517be8) 
thrown [s\open\src\hotspot\share\interpreter\linkResolver.cpp, line 759]
Event: 7.864 Thread 0x000001e7a66954f0 Exception <a 'java/lang/NoSuchMethodError'{0x00000000ff522d90}: 'java.lang.Object java.lang.invoke.DirectMethodHandle$Holder.invokeStaticInit(java.lang.Object, java.lang.Object, long, java.lang.Object)'> (0x00000000ff522d90) 
thrown [s\open\src\hotspot\share\interpreter\linkResolver.cpp, line 759]
Event: 7.865 Thread 0x000001e7a66954f0 Exception <a 'java/lang/NoSuchMethodError'{0x00000000ff529450}: 'java.lang.Object java.lang.invoke.DirectMethodHandle$Holder.newInvokeSpecial(java.lang.Object, java.lang.Object, long)'> (0x00000000ff529450) 
thrown [s\open\src\hotspot\share\interpreter\linkResolver.cpp, line 759]
Event: 7.866 Thread 0x000001e7a66954f0 Exception <a 'java/lang/NoSuchMethodError'{0x00000000ff52d740}: 'java.lang.Object java.lang.invoke.Invokers$Holder.linkToTargetMethod(java.lang.Object, long, java.lang.Object)'> (0x00000000ff52d740) 
thrown [s\open\src\hotspot\share\interpreter\linkResolver.cpp, line 759]
Event: 778.658 Thread 0x000001e78cba3f60 Exception <a 'sun/net/ConnectionResetException'{0x00000000ff26ab80}: Connection reset> (0x00000000ff26ab80) 
thrown [s\open\src\hotspot\share\prims\jni.cpp, line 535]

VM Operations (20 events):
Event: 625.678 Executing VM operation: Cleanup
Event: 625.678 Executing VM operation: Cleanup done
Event: 643.820 Executing VM operation: Cleanup
Event: 643.820 Executing VM operation: Cleanup done
Event: 664.032 Executing VM operation: Cleanup
Event: 664.032 Executing VM operation: Cleanup done
Event: 665.034 Executing VM operation: Cleanup
Event: 665.034 Executing VM operation: Cleanup done
Event: 667.061 Executing VM operation: Cleanup
Event: 667.061 Executing VM operation: Cleanup done
Event: 679.129 Executing VM operation: Cleanup
Event: 679.129 Executing VM operation: Cleanup done
Event: 686.194 Executing VM operation: Cleanup
Event: 686.194 Executing VM operation: Cleanup done
Event: 694.261 Executing VM operation: Cleanup
Event: 694.261 Executing VM operation: Cleanup done
Event: 753.751 Executing VM operation: Cleanup
Event: 753.751 Executing VM operation: Cleanup done
Event: 775.932 Executing VM operation: Cleanup
Event: 775.932 Executing VM operation: Cleanup done

Events (20 events):
Event: 389.752 loading class jdk/internal/logger/LoggerFinderLoader
Event: 389.752 loading class jdk/internal/logger/LoggerFinderLoader done
Event: 389.753 loading class sun/util/logging/internal/LoggingProviderImpl$JULWrapper
Event: 389.753 loading class sun/util/logging/PlatformLogger$ConfigurableBridge$LoggerConfiguration
Event: 389.753 loading class sun/util/logging/PlatformLogger$ConfigurableBridge$LoggerConfiguration done
Event: 389.753 loading class sun/util/logging/internal/LoggingProviderImpl$JULWrapper done
Event: 389.754 loading class java/io/ObjectInputFilter
Event: 389.754 loading class java/io/ObjectInputFilter done
Event: 389.755 loading class java/io/ObjectInputFilter$Config$BuiltinFilterFactory
Event: 389.755 loading class java/io/ObjectInputFilter$Config$BuiltinFilterFactory done
Event: 389.755 loading class jdk/internal/access/JavaObjectInputFilterAccess
Event: 389.755 loading class jdk/internal/access/JavaObjectInputFilterAccess done
Event: 389.755 loading class java/lang/System$Logger$Level
Event: 389.755 loading class java/lang/System$Logger$Level done
Event: 389.755 loading class java/io/Bits
Event: 389.756 loading class java/io/Bits done
Event: 558.101 loading class jdk/internal/misc/ScopedMemoryAccess$Scope
Event: 558.101 loading class jdk/internal/misc/ScopedMemoryAccess$Scope done
Event: 778.652 loading class sun/net/ConnectionResetException
Event: 778.656 loading class sun/net/ConnectionResetException done


Dynamic libraries:
0x00007ff649ef0000 - 0x00007ff649f00000 	C:\Program Files\Java\jdk-17\bin\java.exe
0x00007ffa90ab0000 - 0x00007ffa90ca8000 	C:\Windows\SYSTEM32\ntdll.dll
0x00007ffa8eeb0000 - 0x00007ffa8ef6f000 	C:\Windows\System32\KERNEL32.DLL
0x00007ffa8e320000 - 0x00007ffa8e616000 	C:\Windows\System32\KERNELBASE.dll
0x00007ffa8ea10000 - 0x00007ffa8eb10000 	C:\Windows\System32\ucrtbase.dll
0x00007ffa714f0000 - 0x00007ffa71509000 	C:\Program Files\Java\jdk-17\bin\jli.dll
0x00007ffa905c0000 - 0x00007ffa9066f000 	C:\Windows\System32\ADVAPI32.dll
0x00007ffa90690000 - 0x00007ffa9072e000 	C:\Windows\System32\msvcrt.dll
0x00007ffa909a0000 - 0x00007ffa90a3c000 	C:\Windows\System32\sechost.dll
0x00007ffa8ebd0000 - 0x00007ffa8ecf6000 	C:\Windows\System32\RPCRT4.dll
0x00007ffa8ed00000 - 0x00007ffa8ee9d000 	C:\Windows\System32\USER32.dll
0x00007ffa8e950000 - 0x00007ffa8e972000 	C:\Windows\System32\win32u.dll
0x00007ffa8fd90000 - 0x00007ffa8fdbc000 	C:\Windows\System32\GDI32.dll
0x00007ffa8e670000 - 0x00007ffa8e785000 	C:\Windows\System32\gdi32full.dll
0x00007ffa8e8b0000 - 0x00007ffa8e94d000 	C:\Windows\System32\msvcp_win.dll
0x00007ffa69870000 - 0x00007ffa6988b000 	C:\Program Files\Java\jdk-17\bin\VCRUNTIME140.dll
0x00007ffa6a860000 - 0x00007ffa6aafa000 	C:\Windows\WinSxS\amd64_microsoft.windows.common-controls_6595b64144ccf1df_6.0.19041.1110_none_60b5254171f9507e\COMCTL32.dll
0x00007ffa85600000 - 0x00007ffa8560a000 	C:\Windows\SYSTEM32\VERSION.dll
0x00007ffa90a40000 - 0x00007ffa90a70000 	C:\Windows\System32\IMM32.DLL
0x00007ffa7f3a0000 - 0x00007ffa7f3ac000 	C:\Program Files\Java\jdk-17\bin\vcruntime140_1.dll
0x00007ffa5b930000 - 0x00007ffa5b9be000 	C:\Program Files\Java\jdk-17\bin\msvcp140.dll
0x00007ff9f6400000 - 0x00007ff9f6fdd000 	C:\Program Files\Java\jdk-17\bin\server\jvm.dll
0x00007ffa8eea0000 - 0x00007ffa8eea8000 	C:\Windows\System32\PSAPI.DLL
0x00007ffa7dea0000 - 0x00007ffa7dea9000 	C:\Windows\SYSTEM32\WSOCK32.dll
0x00007ffa8fcc0000 - 0x00007ffa8fd2b000 	C:\Windows\System32\WS2_32.dll
0x00007ffa62d90000 - 0x00007ffa62db7000 	C:\Windows\SYSTEM32\WINMM.dll
0x00007ffa8c9c0000 - 0x00007ffa8c9d2000 	C:\Windows\SYSTEM32\kernel.appcore.dll
0x00007ffa7ddb0000 - 0x00007ffa7ddba000 	C:\Program Files\Java\jdk-17\bin\jimage.dll
0x00007ffa88d90000 - 0x00007ffa88f74000 	C:\Windows\SYSTEM32\DBGHELP.DLL
0x00007ffa7c6a0000 - 0x00007ffa7c6d4000 	C:\Windows\SYSTEM32\dbgcore.DLL
0x00007ffa8e980000 - 0x00007ffa8ea02000 	C:\Windows\System32\bcryptPrimitives.dll
0x00007ffa66310000 - 0x00007ffa66335000 	C:\Program Files\Java\jdk-17\bin\java.dll
0x00007ffa58170000 - 0x00007ffa58247000 	C:\Program Files\Java\jdk-17\bin\jsvml.dll
0x00007ffa8fdc0000 - 0x00007ffa90504000 	C:\Windows\System32\SHELL32.dll
0x00007ffa8c040000 - 0x00007ffa8c7d3000 	C:\Windows\SYSTEM32\windows.storage.dll
0x00007ffa8eff0000 - 0x00007ffa8f344000 	C:\Windows\System32\combase.dll
0x00007ffa8db00000 - 0x00007ffa8db2e000 	C:\Windows\SYSTEM32\Wldp.dll
0x00007ffa8eb10000 - 0x00007ffa8ebbd000 	C:\Windows\System32\SHCORE.dll
0x00007ffa8fae0000 - 0x00007ffa8fb35000 	C:\Windows\System32\shlwapi.dll
0x00007ffa8e0c0000 - 0x00007ffa8e0e5000 	C:\Windows\SYSTEM32\profapi.dll
0x00007ffa67260000 - 0x00007ffa67279000 	C:\Program Files\Java\jdk-17\bin\net.dll
0x00007ffa83710000 - 0x00007ffa8381a000 	C:\Windows\SYSTEM32\WINHTTP.dll
0x00007ffa8d860000 - 0x00007ffa8d8ca000 	C:\Windows\system32\mswsock.dll
0x00007ffa66bf0000 - 0x00007ffa66c06000 	C:\Program Files\Java\jdk-17\bin\nio.dll
0x00007ffa666a0000 - 0x00007ffa666b8000 	C:\Program Files\Java\jdk-17\bin\zip.dll
0x00007ffa86230000 - 0x00007ffa86240000 	C:\Program Files\Java\jdk-17\bin\verify.dll
0x00007ffa7f460000 - 0x00007ffa7f487000 	C:\Users\ss\.gradle\native\e1d6ef7f7dcc3fd88c89a11ec53ec762bb8ba0a96d01ffa2cd45eb1d1d8dd5c5\windows-amd64\native-platform.dll
0x00007ffa86770000 - 0x00007ffa8677a000 	C:\Program Files\Java\jdk-17\bin\management.dll
0x00007ffa857e0000 - 0x00007ffa857eb000 	C:\Program Files\Java\jdk-17\bin\management_ext.dll
0x00007ffa8da50000 - 0x00007ffa8da68000 	C:\Windows\SYSTEM32\CRYPTSP.dll
0x00007ffa8d170000 - 0x00007ffa8d1a4000 	C:\Windows\system32\rsaenh.dll
0x00007ffa8e2f0000 - 0x00007ffa8e317000 	C:\Windows\System32\bcrypt.dll
0x00007ffa8e080000 - 0x00007ffa8e0ae000 	C:\Windows\SYSTEM32\USERENV.dll
0x00007ffa8da70000 - 0x00007ffa8da7c000 	C:\Windows\SYSTEM32\CRYPTBASE.dll
0x00007ffa8d550000 - 0x00007ffa8d58b000 	C:\Windows\SYSTEM32\IPHLPAPI.DLL
0x00007ffa8f350000 - 0x00007ffa8f358000 	C:\Windows\System32\NSI.dll
0x00007ffa83af0000 - 0x00007ffa83b07000 	C:\Windows\SYSTEM32\dhcpcsvc6.DLL
0x00007ffa843e0000 - 0x00007ffa843fd000 	C:\Windows\SYSTEM32\dhcpcsvc.DLL
0x00007ffa8d590000 - 0x00007ffa8d65a000 	C:\Windows\SYSTEM32\DNSAPI.dll
0x00007ffa857d0000 - 0x00007ffa857dd000 	C:\Program Files\Java\jdk-17\bin\sunmscapi.dll
0x00007ffa8e190000 - 0x00007ffa8e2ee000 	C:\Windows\System32\CRYPT32.dll
0x00007ffa8db70000 - 0x00007ffa8db98000 	C:\Windows\SYSTEM32\ncrypt.dll
0x00007ffa8db30000 - 0x00007ffa8db6b000 	C:\Windows\SYSTEM32\NTASN1.dll
0x00007ffa5bc40000 - 0x00007ffa5bc47000 	C:\Windows\system32\wshunix.dll

dbghelp: loaded successfully - version: 4.0.5 - missing functions: none
symbol engine: initialized successfully - sym options: 0x614 - pdb path: .;C:\Program Files\Java\jdk-17\bin;C:\Windows\SYSTEM32;C:\Windows\WinSxS\amd64_microsoft.windows.common-controls_6595b64144ccf1df_6.0.19041.1110_none_60b5254171f9507e;C:\Program Files\Java\jdk-17\bin\server;C:\Users\ss\.gradle\native\e1d6ef7f7dcc3fd88c89a11ec53ec762bb8ba0a96d01ffa2cd45eb1d1d8dd5c5\windows-amd64

VM Arguments:
jvm_args: -Xmx64m -Xms64m -Dorg.gradle.appname=gradlew 
java_command: org.gradle.wrapper.GradleWrapperMain app:installDebug -PreactNativeDevServerPort=8081
java_class_path (initial): C:\\Users\\ss\\Desktop\\teachers-vision\\android\\\\gradle\\wrapper\\gradle-wrapper.jar
Launcher Type: SUN_STANDARD

[Global flags]
     intx CICompilerCount                          = 3                                         {product} {ergonomic}
     uint ConcGCThreads                            = 1                                         {product} {ergonomic}
     uint G1ConcRefinementThreads                  = 4                                         {product} {ergonomic}
   size_t G1HeapRegionSize                         = 1048576                                   {product} {ergonomic}
    uintx GCDrainStackTargetSize                   = 64                                        {product} {ergonomic}
   size_t InitialHeapSize                          = 67108864                                  {product} {command line}
   size_t MarkStackSize                            = 4194304                                   {product} {ergonomic}
   size_t MaxHeapSize                              = 67108864                                  {product} {command line}
   size_t MaxNewSize                               = 39845888                                  {product} {ergonomic}
   size_t MinHeapDeltaBytes                        = 1048576                                   {product} {ergonomic}
   size_t MinHeapSize                              = 67108864                                  {product} {command line}
    uintx NonNMethodCodeHeapSize                   = 5832780                                {pd product} {ergonomic}
    uintx NonProfiledCodeHeapSize                  = 122912730                              {pd product} {ergonomic}
    uintx ProfiledCodeHeapSize                     = 122912730                              {pd product} {ergonomic}
    uintx ReservedCodeCacheSize                    = 251658240                              {pd product} {ergonomic}
     bool SegmentedCodeCache                       = true                                      {product} {ergonomic}
   size_t SoftMaxHeapSize                          = 67108864                               {manageable} {ergonomic}
     bool UseCompressedClassPointers               = true                           {product lp64_product} {ergonomic}
     bool UseCompressedOops                        = true                           {product lp64_product} {ergonomic}
     bool UseG1GC                                  = true                                      {product} {ergonomic}
     bool UseLargePagesIndividualAllocation        = false                                  {pd product} {ergonomic}

Logging:
Log output configuration:
 #0: stdout all=warning uptime,level,tags
 #1: stderr all=off uptime,level,tags

Environment Variables:
CLASSPATH=C:\Users\ss\Desktop\teachers-vision\android\\gradle\wrapper\gradle-wrapper.jar
PATH=C:\Users\ss\Desktop\teachers-vision\android\node_modules\.bin;C:\Users\ss\Desktop\teachers-vision\node_modules\.bin;C:\Users\ss\Desktop\node_modules\.bin;C:\Users\ss\node_modules\.bin;C:\Users\node_modules\.bin;C:\node_modules\.bin;C:\Program Files\nodejs;C:\Users\ss\Desktop\teachers-vision\node_modules\.bin;C:\Users\ss\Desktop\teachers-vision\node_modules\.bin;C:\Users\ss\Desktop\node_modules\.bin;C:\Users\ss\node_modules\.bin;C:\Users\node_modules\.bin;C:\node_modules\.bin;C:\Users\ss\AppData\Roaming\nvm\v16.16.0\node_modules\npm\node_modules\@npmcli\run-script\lib\node-gyp-bin;C:\Users\ss\Desktop\teachers-vision\node_modules\.bin;C:\Users\ss\Desktop\node_modules\.bin;C:\Users\ss\node_modules\.bin;C:\Users\node_modules\.bin;C:\node_modules\.bin;C:\Program Files\nodejs;C:\Users\ss\Desktop\teachers-vision\node_modules\.bin;C:\Users\ss\Desktop\teachers-vision\node_modules\.bin;C:\Users\ss\Desktop\node_modules\.bin;C:\Users\ss\node_modules\.bin;C:\Users\node_modules\.bin;C:\node_modules\.bin;C:\Users\ss\AppData\Roaming\nvm\v16.16.0\node_modules\npm\node_modules\@npmcli\run-script\lib\node-gyp-bin;C:\Program Files\Common Files\Oracle\Java\javapath;C:\Program Files (x86)\Common Files\Oracle\Java\javapath;C:\Program Files\Microsoft\jdk-11.0.18.10-hotspot\bin;C:\Program Files\Microsoft MPI\Bin\;C:\Windows\system32;C:\Windows;C:\Windows\System32\Wbem;C:\Windows\System32\WindowsPowerShell\v1.0\;C:\Windows\System32\OpenSSH\;C:\ProgramData\chocolatey\bin;C:\Users\ss\AppData\Local\Android\Sdk\platform-tools;C:\Program Files\Git\cmd;C:\Program Files\Microsoft SQL Server\150\Tools\Binn\;C:\Program Files (x86)\Microsoft SQL Server\160\Tools\Binn\;C:\Program Files\Microsoft SQL Server\160\Tools\Binn\;C:\Program Files\Microsoft SQL Server\Client SDK\ODBC\170\Tools\Binn\;C:\Program Files\Microsoft SQL Server\160\DTS\Binn\;C:\Program Files\dotnet\;C:\Program Files (x86)\dotnet\;C:\Program Files (x86)\Microsoft SQL Server\160\DTS\Binn\;C:\Program Files (x86)\Microsoft SQL Server\150
USERNAME=ss
LANG=en_US.UTF-8
OS=Windows_NT
PROCESSOR_IDENTIFIER=Intel64 Family 6 Model 142 Stepping 9, GenuineIntel



---------------  S Y S T E M  ---------------

OS:
 Windows 10 , 64 bit Build 19041 (10.0.19041.3155)
OS uptime: 1 days 5:03 hours

CPU: total 4 (initial active 4) (2 cores per cpu, 2 threads per core) family 6 model 142 stepping 9 microcode 0xb4, cx8, cmov, fxsr, ht, mmx, 3dnowpref, sse, sse2, sse3, ssse3, sse4.1, sse4.2, popcnt, lzcnt, tsc, tscinvbit, avx, avx2, aes, erms, clmul, bmi1, bmi2, adx, fma, vzeroupper, clflush, clflushopt

Memory: 4k page, system-wide physical 16263M (745M free)
TotalPageFile size 24565M (AvailPageFile size 0M)
current process WorkingSet (physical memory assigned to process): 51M, peak: 84M
current process commit charge ("private bytes"): 154M, peak: 157M

vm_info: Java HotSpot(TM) 64-Bit Server VM (17.0.7+8-LTS-224) for windows-amd64 JRE (17.0.7+8-LTS-224), built on Feb 28 2023 23:03:02 by "mach5one" with MS VC++ 17.1 (VS2022)

END.
