#
# There is insufficient memory for the Java Runtime Environment to continue.
# Native memory allocation (malloc) failed to allocate 1028736 bytes for Chunk::new
# Possible reasons:
#   The system is out of physical RAM or swap space
#   The process is running with CompressedOops enabled, and the Java Heap may be blocking the growth of the native heap
# Possible solutions:
#   Reduce memory load on the system
#   Increase physical memory or swap space
#   Check if swap backing store is full
#   Decrease Java heap size (-Xmx/-Xms)
#   Decrease number of Java threads
#   Decrease Java thread stack sizes (-Xss)
#   Set larger code cache with -XX:ReservedCodeCacheSize=
#   JVM is running with Unscaled Compressed Oops mode in which the Java heap is
#     placed in the first 4GB address space. The Java Heap base address is the
#     maximum limit for the native heap growth. Please use -XX:HeapBaseMinAddress
#     to set the Java Heap base and to place the Java Heap above 4GB virtual address.
# This output file may be truncated or incomplete.
#
#  Out of Memory Error (arena.cpp:189), pid=20260, tid=23496
#
# JRE version: Java(TM) SE Runtime Environment (17.0.7+8) (build 17.0.7+8-LTS-224)
# Java VM: Java HotSpot(TM) 64-Bit Server VM (17.0.7+8-LTS-224, mixed mode, sharing, tiered, compressed oops, compressed class ptrs, g1 gc, windows-amd64)
# No core dump will be written. Minidumps are not enabled by default on client versions of Windows
#

---------------  S U M M A R Y ------------

Command Line: -XX:MaxMetaspaceSize=512m --add-opens=java.base/java.util=ALL-UNNAMED --add-opens=java.base/java.lang=ALL-UNNAMED --add-opens=java.base/java.lang.invoke=ALL-UNNAMED --add-opens=java.base/java.util=ALL-UNNAMED --add-opens=java.prefs/java.util.prefs=ALL-UNNAMED --add-opens=java.prefs/java.util.prefs=ALL-UNNAMED --add-opens=java.base/java.nio.charset=ALL-UNNAMED --add-opens=java.base/java.net=ALL-UNNAMED --add-opens=java.base/java.util.concurrent.atomic=ALL-UNNAMED -Xmx2048m -Dfile.encoding=windows-1252 -Duser.country=IN -Duser.language=en -Duser.variant org.gradle.launcher.daemon.bootstrap.GradleDaemon 7.3.3

Host: Intel(R) Core(TM) i5-7200U CPU @ 2.50GHz, 4 cores, 15G,  Windows 10 , 64 bit Build 19041 (10.0.19041.3155)
Time: Thu Sep 14 15:49:54 2023 India Standard Time elapsed time: 359.305898 seconds (0d 0h 5m 59s)

---------------  T H R E A D  ---------------

Current thread (0x00000249ef239b30):  JavaThread "C2 CompilerThread0" daemon [_thread_in_native, id=23496, stack(0x000000bd66900000,0x000000bd66a00000)]


Current CompileTask:
C2: 359305 8881       4       org.codehaus.groovy.vmplugin.v9.Java9::checkCanSetAccessible (137 bytes)

Stack: [0x000000bd66900000,0x000000bd66a00000]
Native frames: (J=compiled Java code, j=interpreted, Vv=VM code, C=native code)
V  [jvm.dll+0x676a4a]
V  [jvm.dll+0x7d74f4]
V  [jvm.dll+0x7d8c9e]
V  [jvm.dll+0x7d9303]
V  [jvm.dll+0x2452c5]
V  [jvm.dll+0xaaa2b]
V  [jvm.dll+0xaafcc]
V  [jvm.dll+0x36141e]
V  [jvm.dll+0x32bba1]
V  [jvm.dll+0x32b03a]
V  [jvm.dll+0x217acf]
V  [jvm.dll+0x216f01]
V  [jvm.dll+0x1a35e0]
V  [jvm.dll+0x226a6e]
V  [jvm.dll+0x224e15]
V  [jvm.dll+0x78d05c]
V  [jvm.dll+0x78759a]
V  [jvm.dll+0x675875]
C  [ucrtbase.dll+0x21bb2]
C  [KERNEL32.DLL+0x17614]
C  [ntdll.dll+0x526b1]


---------------  P R O C E S S  ---------------

Threads class SMR info:
_java_thread_list=0x00000249f4012020, length=84, elements={
0x00000249d18b8290, 0x00000249ef217220, 0x00000249ef217fa0, 0x00000249ef233420,
0x00000249ef236d00, 0x00000249ef2385d0, 0x00000249ef238e90, 0x00000249ef239b30,
0x00000249ef23a4e0, 0x00000249efc3d380, 0x00000249efd03940, 0x00000249efd0b060,
0x00000249f132daa0, 0x00000249f03a2910, 0x00000249efdc7130, 0x00000249eff81000,
0x00000249efeb8e60, 0x00000249efdc0b80, 0x00000249efdc01e0, 0x00000249efdc36d0,
0x00000249efdc1ec0, 0x00000249efdc2d30, 0x00000249efdc06b0, 0x00000249efdc3200,
0x00000249efdbfd10, 0x00000249efdc2390, 0x00000249efdc1520, 0x00000249efdc19f0,
0x00000249efdc2860, 0x00000249f19cf830, 0x00000249f19d1eb0, 0x00000249f19d1510,
0x00000249f19d2850, 0x00000249f19d2d20, 0x00000249f19cfd00, 0x00000249f19d3b90,
0x00000249f19d4060, 0x00000249f19d4a00, 0x00000249f19d53a0, 0x00000249f19d5870,
0x00000249f19d6210, 0x00000249f19d66e0, 0x00000249f19cee90, 0x00000249f19cf360,
0x00000249efdc1050, 0x00000249f11da5a0, 0x00000249f11ddf60, 0x00000249f11dbdb0,
0x00000249f11dd5c0, 0x00000249f11dfc40, 0x00000249f11e0110, 0x00000249f11dcc20,
0x00000249f11dd0f0, 0x00000249f11df770, 0x00000249f11dda90, 0x00000249f11de430,
0x00000249f11e05e0, 0x00000249f11df2a0, 0x00000249f11daa70, 0x00000249f11daf40,
0x00000249f11db410, 0x00000249f11db8e0, 0x00000249f11d8d90, 0x00000249f11dc280,
0x00000249f11d9260, 0x00000249f11d9730, 0x00000249f11d9c00, 0x00000249f11de900,
0x00000249f11dedd0, 0x00000249f11da0d0, 0x00000249f11dc750, 0x00000249f1ceec90,
0x00000249f1cee2f0, 0x00000249f1cede20, 0x00000249f1cf2ff0, 0x00000249f1cef630,
0x00000249f1ceffd0, 0x00000249f1cf2650, 0x00000249f1cf2b20, 0x00000249f1cf4cd0,
0x00000249f1cf04a0, 0x00000249f1cf34c0, 0x00000249f1cf3990, 0x00000249f6554820
}

Java Threads: ( => current thread )
  0x00000249d18b8290 JavaThread "main" [_thread_blocked, id=16852, stack(0x000000bd65b00000,0x000000bd65c00000)]
  0x00000249ef217220 JavaThread "Reference Handler" daemon [_thread_blocked, id=3476, stack(0x000000bd66300000,0x000000bd66400000)]
  0x00000249ef217fa0 JavaThread "Finalizer" daemon [_thread_blocked, id=13920, stack(0x000000bd66400000,0x000000bd66500000)]
  0x00000249ef233420 JavaThread "Signal Dispatcher" daemon [_thread_blocked, id=9404, stack(0x000000bd66500000,0x000000bd66600000)]
  0x00000249ef236d00 JavaThread "Attach Listener" daemon [_thread_blocked, id=6028, stack(0x000000bd66600000,0x000000bd66700000)]
  0x00000249ef2385d0 JavaThread "Service Thread" daemon [_thread_blocked, id=21724, stack(0x000000bd66700000,0x000000bd66800000)]
  0x00000249ef238e90 JavaThread "Monitor Deflation Thread" daemon [_thread_blocked, id=4044, stack(0x000000bd66800000,0x000000bd66900000)]
=>0x00000249ef239b30 JavaThread "C2 CompilerThread0" daemon [_thread_in_native, id=23496, stack(0x000000bd66900000,0x000000bd66a00000)]
  0x00000249ef23a4e0 JavaThread "C1 CompilerThread0" daemon [_thread_blocked, id=13540, stack(0x000000bd66a00000,0x000000bd66b00000)]
  0x00000249efc3d380 JavaThread "Sweeper thread" daemon [_thread_blocked, id=21352, stack(0x000000bd66b00000,0x000000bd66c00000)]
  0x00000249efd03940 JavaThread "Common-Cleaner" daemon [_thread_blocked, id=27152, stack(0x000000bd66c00000,0x000000bd66d00000)]
  0x00000249efd0b060 JavaThread "Notification Thread" daemon [_thread_blocked, id=16720, stack(0x000000bd66d00000,0x000000bd66e00000)]
  0x00000249f132daa0 JavaThread "Daemon health stats" [_thread_blocked, id=24920, stack(0x000000bd67200000,0x000000bd67300000)]
  0x00000249f03a2910 JavaThread "Incoming local TCP Connector on port 50126" [_thread_in_native, id=26616, stack(0x000000bd67300000,0x000000bd67400000)]
  0x00000249efdc7130 JavaThread "Daemon periodic checks" [_thread_blocked, id=744, stack(0x000000bd67400000,0x000000bd67500000)]
  0x00000249eff81000 JavaThread "Daemon" [_thread_blocked, id=24868, stack(0x000000bd67600000,0x000000bd67700000)]
  0x00000249efeb8e60 JavaThread "Handler for socket connection from /127.0.0.1:50126 to /127.0.0.1:50127" [_thread_in_native, id=25128, stack(0x000000bd67700000,0x000000bd67800000)]
  0x00000249efdc0b80 JavaThread "Cancel handler" [_thread_blocked, id=24384, stack(0x000000bd67500000,0x000000bd67600000)]
  0x00000249efdc01e0 JavaThread "Daemon worker" [_thread_in_vm, id=27540, stack(0x000000bd67800000,0x000000bd67900000)]
  0x00000249efdc36d0 JavaThread "Asynchronous log dispatcher for DefaultDaemonConnection: socket connection from /127.0.0.1:50126 to /127.0.0.1:50127" [_thread_blocked, id=30340, stack(0x000000bd67900000,0x000000bd67a00000)]
  0x00000249efdc1ec0 JavaThread "Stdin handler" [_thread_blocked, id=6916, stack(0x000000bd67a00000,0x000000bd67b00000)]
  0x00000249efdc2d30 JavaThread "Daemon client event forwarder" [_thread_blocked, id=11908, stack(0x000000bd67b00000,0x000000bd67c00000)]
  0x00000249efdc06b0 JavaThread "Cache worker for journal cache (C:\Users\ss\.gradle\caches\journal-1)" [_thread_blocked, id=10156, stack(0x000000bd67c00000,0x000000bd67d00000)]
  0x00000249efdc3200 JavaThread "File lock request listener" [_thread_in_native, id=27660, stack(0x000000bd67d00000,0x000000bd67e00000)]
  0x00000249efdbfd10 JavaThread "Cache worker for file hash cache (C:\Users\ss\.gradle\caches\7.3.3\fileHashes)" [_thread_blocked, id=17564, stack(0x000000bd67e00000,0x000000bd67f00000)]
  0x00000249efdc2390 JavaThread "Cache worker for file hash cache (C:\Users\ss\Desktop\teachers-vision\android\.gradle\7.3.3\fileHashes)" [_thread_blocked, id=14508, stack(0x000000bd68000000,0x000000bd68100000)]
  0x00000249efdc1520 JavaThread "File watcher server" daemon [_thread_in_native, id=29516, stack(0x000000bd68100000,0x000000bd68200000)]
  0x00000249efdc19f0 JavaThread "File watcher consumer" daemon [_thread_blocked, id=6188, stack(0x000000bd68200000,0x000000bd68300000)]
  0x00000249efdc2860 JavaThread "Cache worker for checksums cache (C:\Users\ss\Desktop\teachers-vision\android\.gradle\7.3.3\checksums)" [_thread_blocked, id=18324, stack(0x000000bd68300000,0x000000bd68400000)]
  0x00000249f19cf830 JavaThread "Cache worker for cache directory md-supplier (C:\Users\ss\.gradle\caches\7.3.3\md-supplier)" [_thread_blocked, id=3572, stack(0x000000bd68400000,0x000000bd68500000)]
  0x00000249f19d1eb0 JavaThread "Cache worker for cache directory md-rule (C:\Users\ss\.gradle\caches\7.3.3\md-rule)" [_thread_blocked, id=17868, stack(0x000000bd68500000,0x000000bd68600000)]
  0x00000249f19d1510 JavaThread "Cache worker for execution history cache (C:\Users\ss\.gradle\caches\7.3.3\executionHistory)" [_thread_blocked, id=15560, stack(0x000000bd68600000,0x000000bd68700000)]
  0x00000249f19d2850 JavaThread "jar transforms" [_thread_blocked, id=21372, stack(0x000000bd68900000,0x000000bd68a00000)]
  0x00000249f19d2d20 JavaThread "jar transforms Thread 2" [_thread_blocked, id=17988, stack(0x000000bd68a00000,0x000000bd68b00000)]
  0x00000249f19cfd00 JavaThread "Cache worker for file content cache (C:\Users\ss\.gradle\caches\7.3.3\fileContent)" [_thread_blocked, id=27376, stack(0x000000bd68b00000,0x000000bd68c00000)]
  0x00000249f19d3b90 JavaThread "jar transforms Thread 3" [_thread_blocked, id=18928, stack(0x000000bd68c00000,0x000000bd68d00000)]
  0x00000249f19d4060 JavaThread "jar transforms Thread 4" [_thread_blocked, id=23028, stack(0x000000bd68d00000,0x000000bd68e00000)]
  0x00000249f19d4a00 JavaThread "Cache worker for kotlin-dsl (C:\Users\ss\.gradle\caches\7.3.3\kotlin-dsl)" [_thread_blocked, id=27988, stack(0x000000bd65a00000,0x000000bd65b00000)]
  0x00000249f19d53a0 JavaThread "Cache worker for dependencies-accessors (C:\Users\ss\Desktop\teachers-vision\android\.gradle\7.3.3\dependencies-accessors)" [_thread_blocked, id=29612, stack(0x000000bd68800000,0x000000bd68900000)]
  0x00000249f19d5870 JavaThread "Cache worker for Build Output Cleanup Cache (C:\Users\ss\Desktop\teachers-vision\node_modules\react-native-gradle-plugin\.gradle\buildOutputCleanup)" [_thread_blocked, id=4516, stack(0x000000bd68e00000,0x000000bd68f00000)]
  0x00000249f19d6210 JavaThread "Unconstrained build operations" [_thread_blocked, id=11616, stack(0x000000bd68700000,0x000000bd68800000)]
  0x00000249f19d66e0 JavaThread "Unconstrained build operations Thread 2" [_thread_blocked, id=1340, stack(0x000000bd68f00000,0x000000bd69000000)]
  0x00000249f19cee90 JavaThread "Unconstrained build operations Thread 3" [_thread_blocked, id=26900, stack(0x000000bd69000000,0x000000bd69100000)]
  0x00000249f19cf360 JavaThread "Unconstrained build operations Thread 4" [_thread_blocked, id=16308, stack(0x000000bd69100000,0x000000bd69200000)]
  0x00000249efdc1050 JavaThread "Unconstrained build operations Thread 5" [_thread_blocked, id=12716, stack(0x000000bd69200000,0x000000bd69300000)]
  0x00000249f11da5a0 JavaThread "Unconstrained build operations Thread 6" [_thread_blocked, id=29044, stack(0x000000bd69300000,0x000000bd69400000)]
  0x00000249f11ddf60 JavaThread "Unconstrained build operations Thread 7" [_thread_blocked, id=21016, stack(0x000000bd69400000,0x000000bd69500000)]
  0x00000249f11dbdb0 JavaThread "Unconstrained build operations Thread 8" [_thread_blocked, id=22116, stack(0x000000bd69500000,0x000000bd69600000)]
  0x00000249f11dd5c0 JavaThread "Unconstrained build operations Thread 9" [_thread_blocked, id=16624, stack(0x000000bd69600000,0x000000bd69700000)]
  0x00000249f11dfc40 JavaThread "Unconstrained build operations Thread 10" [_thread_blocked, id=9356, stack(0x000000bd69700000,0x000000bd69800000)]
  0x00000249f11e0110 JavaThread "Unconstrained build operations Thread 11" [_thread_blocked, id=18388, stack(0x000000bd69800000,0x000000bd69900000)]
  0x00000249f11dcc20 JavaThread "Unconstrained build operations Thread 12" [_thread_blocked, id=28548, stack(0x000000bd69900000,0x000000bd69a00000)]
  0x00000249f11dd0f0 JavaThread "Unconstrained build operations Thread 13" [_thread_blocked, id=2728, stack(0x000000bd69a00000,0x000000bd69b00000)]
  0x00000249f11df770 JavaThread "Unconstrained build operations Thread 14" [_thread_blocked, id=20168, stack(0x000000bd69b00000,0x000000bd69c00000)]
  0x00000249f11dda90 JavaThread "Unconstrained build operations Thread 15" [_thread_blocked, id=26908, stack(0x000000bd69c00000,0x000000bd69d00000)]
  0x00000249f11de430 JavaThread "Unconstrained build operations Thread 16" [_thread_blocked, id=27388, stack(0x000000bd69d00000,0x000000bd69e00000)]
  0x00000249f11e05e0 JavaThread "Unconstrained build operations Thread 17" [_thread_blocked, id=10484, stack(0x000000bd69e00000,0x000000bd69f00000)]
  0x00000249f11df2a0 JavaThread "Unconstrained build operations Thread 18" [_thread_blocked, id=22880, stack(0x000000bd69f00000,0x000000bd6a000000)]
  0x00000249f11daa70 JavaThread "Unconstrained build operations Thread 19" [_thread_blocked, id=28280, stack(0x000000bd6a000000,0x000000bd6a100000)]
  0x00000249f11daf40 JavaThread "Unconstrained build operations Thread 20" [_thread_blocked, id=3752, stack(0x000000bd6a100000,0x000000bd6a200000)]
  0x00000249f11db410 JavaThread "Unconstrained build operations Thread 21" [_thread_blocked, id=8912, stack(0x000000bd6a200000,0x000000bd6a300000)]
  0x00000249f11db8e0 JavaThread "Unconstrained build operations Thread 22" [_thread_blocked, id=28380, stack(0x000000bd6a300000,0x000000bd6a400000)]
  0x00000249f11d8d90 JavaThread "Unconstrained build operations Thread 23" [_thread_blocked, id=23404, stack(0x000000bd6a400000,0x000000bd6a500000)]
  0x00000249f11dc280 JavaThread "Unconstrained build operations Thread 24" [_thread_blocked, id=22488, stack(0x000000bd6a500000,0x000000bd6a600000)]
  0x00000249f11d9260 JavaThread "Unconstrained build operations Thread 25" [_thread_blocked, id=14904, stack(0x000000bd6a600000,0x000000bd6a700000)]
  0x00000249f11d9730 JavaThread "Unconstrained build operations Thread 26" [_thread_blocked, id=27868, stack(0x000000bd6a700000,0x000000bd6a800000)]
  0x00000249f11d9c00 JavaThread "Unconstrained build operations Thread 27" [_thread_blocked, id=17904, stack(0x000000bd6a800000,0x000000bd6a900000)]
  0x00000249f11de900 JavaThread "Unconstrained build operations Thread 28" [_thread_blocked, id=28712, stack(0x000000bd6a900000,0x000000bd6aa00000)]
  0x00000249f11dedd0 JavaThread "Unconstrained build operations Thread 29" [_thread_blocked, id=14340, stack(0x000000bd6aa00000,0x000000bd6ab00000)]
  0x00000249f11da0d0 JavaThread "Unconstrained build operations Thread 30" [_thread_blocked, id=23484, stack(0x000000bd6ab00000,0x000000bd6ac00000)]
  0x00000249f11dc750 JavaThread "Unconstrained build operations Thread 31" [_thread_blocked, id=24404, stack(0x000000bd6ac00000,0x000000bd6ad00000)]
  0x00000249f1ceec90 JavaThread "Unconstrained build operations Thread 32" [_thread_blocked, id=17892, stack(0x000000bd6ad00000,0x000000bd6ae00000)]
  0x00000249f1cee2f0 JavaThread "Unconstrained build operations Thread 33" [_thread_blocked, id=30344, stack(0x000000bd6ae00000,0x000000bd6af00000)]
  0x00000249f1cede20 JavaThread "Memory manager" [_thread_blocked, id=25488, stack(0x000000bd6b000000,0x000000bd6b100000)]
  0x00000249f1cf2ff0 JavaThread "Cache worker for Build Output Cleanup Cache (C:\Users\ss\Desktop\teachers-vision\android\.gradle\buildOutputCleanup)" [_thread_blocked, id=10676, stack(0x000000bd6b100000,0x000000bd6b200000)]
  0x00000249f1cef630 JavaThread "Cache worker for execution history cache (C:\Users\ss\Desktop\teachers-vision\node_modules\react-native-gradle-plugin\.gradle\7.3.3\executionHistory)" [_thread_blocked, id=27516, stack(0x000000bd6b600000,0x000000bd6b700000)]
  0x00000249f1ceffd0 JavaThread "Unconstrained build operations Thread 34" [_thread_blocked, id=22980, stack(0x000000bd6b700000,0x000000bd6b800000)]
  0x00000249f1cf2650 JavaThread "Unconstrained build operations Thread 35" [_thread_blocked, id=27040, stack(0x000000bd6b800000,0x000000bd6b900000)]
  0x00000249f1cf2b20 JavaThread "Unconstrained build operations Thread 36" [_thread_blocked, id=13140, stack(0x000000bd6b900000,0x000000bd6ba00000)]
  0x00000249f1cf4cd0 JavaThread "Unconstrained build operations Thread 37" [_thread_blocked, id=30464, stack(0x000000bd6ba00000,0x000000bd6bb00000)]
  0x00000249f1cf04a0 JavaThread "Unconstrained build operations Thread 38" [_thread_blocked, id=15136, stack(0x000000bd6bb00000,0x000000bd6bc00000)]
  0x00000249f1cf34c0 JavaThread "Unconstrained build operations Thread 39" [_thread_blocked, id=26680, stack(0x000000bd6bc00000,0x000000bd6bd00000)]
  0x00000249f1cf3990 JavaThread "Unconstrained build operations Thread 40" [_thread_blocked, id=21240, stack(0x000000bd6bd00000,0x000000bd6be00000)]
  0x00000249f6554820 JavaThread "C2 CompilerThread1" daemon [_thread_blocked, id=28816, stack(0x000000bd65c00000,0x000000bd65d00000)]

Other Threads:
  0x00000249ef211880 VMThread "VM Thread" [stack: 0x000000bd66200000,0x000000bd66300000] [id=13320]
  0x00000249efd0d540 WatcherThread [stack: 0x000000bd66e00000,0x000000bd66f00000] [id=23096]
  0x00000249d1910380 GCTaskThread "GC Thread#0" [stack: 0x000000bd65d00000,0x000000bd65e00000] [id=5780]
  0x00000249f0048900 GCTaskThread "GC Thread#1" [stack: 0x000000bd66f00000,0x000000bd67000000] [id=25388]
  0x00000249f01f3f50 GCTaskThread "GC Thread#2" [stack: 0x000000bd67000000,0x000000bd67100000] [id=30420]
  0x00000249f00eba00 GCTaskThread "GC Thread#3" [stack: 0x000000bd67100000,0x000000bd67200000] [id=11408]
  0x00000249d19211d0 ConcurrentGCThread "G1 Main Marker" [stack: 0x000000bd65e00000,0x000000bd65f00000] [id=11900]
  0x00000249d1921af0 ConcurrentGCThread "G1 Conc#0" [stack: 0x000000bd65f00000,0x000000bd66000000] [id=30692]
  0x00000249ef0ce130 ConcurrentGCThread "G1 Refine#0" [stack: 0x000000bd66000000,0x000000bd66100000] [id=3288]
  0x00000249ef0ce960 ConcurrentGCThread "G1 Service" [stack: 0x000000bd66100000,0x000000bd66200000] [id=20496]

Threads with active compile tasks:
C2 CompilerThread0   359347 8881       4       org.codehaus.groovy.vmplugin.v9.Java9::checkCanSetAccessible (137 bytes)
C2 CompilerThread1   359347 8883       4       groovy.lang.MetaClassImpl::inheritInterfaceNewMetaMethods (195 bytes)

VM state: not at safepoint (normal execution)

VM Mutex/Monitor currently owned by a thread:  ([mutex/lock_event])
[0x00000249d18a4b60] CodeCache_lock - owner thread: 0x00000249efdc01e0
[0x00000249d18b2960] Compile_lock - owner thread: 0x00000249efdc01e0

Heap address: 0x0000000080000000, size: 2048 MB, Compressed Oops mode: 32-bit

CDS archive(s) mapped at: [0x0000000800000000-0x0000000800bd0000-0x0000000800bd0000), size 12386304, SharedBaseAddress: 0x0000000800000000, ArchiveRelocationMode: 0.
Compressed class space mapped at: 0x0000000800c00000-0x000000081a800000, reserved size: 432013312
Narrow klass base: 0x0000000800000000, Narrow klass shift: 0, Narrow klass range: 0x100000000

GC Precious Log:
 CPUs: 4 total, 4 available
 Memory: 16263M
 Large Page Support: Disabled
 NUMA Support: Disabled
 Compressed Oops: Enabled (32-bit)
 Heap Region Size: 1M
 Heap Min Capacity: 8M
 Heap Initial Capacity: 256M
 Heap Max Capacity: 2G
 Pre-touch: Disabled
 Parallel Workers: 4
 Concurrent Workers: 1
 Concurrent Refinement Workers: 4
 Periodic GC: Disabled

Heap:
 garbage-first heap   total 116736K, used 67644K [0x0000000080000000, 0x0000000100000000)
  region size 1024K, 3 young (3072K), 2 survivors (2048K)
 Metaspace       used 59804K, committed 60480K, reserved 479232K
  class space    used 8260K, committed 8576K, reserved 421888K

Heap Regions: E=young(eden), S=young(survivor), O=old, HS=humongous(starts), HC=humongous(continues), CS=collection set, F=free, OA=open archive, CA=closed archive, TAMS=top-at-mark-start (previous, next)
|   0|0x0000000080000000, 0x0000000080100000, 0x0000000080100000|100%|HS|  |TAMS 0x0000000080100000, 0x0000000080000000| Complete 
|   1|0x0000000080100000, 0x0000000080200000, 0x0000000080200000|100%|HC|  |TAMS 0x0000000080200000, 0x0000000080100000| Complete 
|   2|0x0000000080200000, 0x0000000080300000, 0x0000000080300000|100%|HC|  |TAMS 0x0000000080300000, 0x0000000080200000| Complete 
|   3|0x0000000080300000, 0x0000000080400000, 0x0000000080400000|100%| O|  |TAMS 0x0000000080400000, 0x0000000080300000| Untracked 
|   4|0x0000000080400000, 0x0000000080500000, 0x0000000080500000|100%| O|  |TAMS 0x0000000080500000, 0x0000000080400000| Untracked 
|   5|0x0000000080500000, 0x0000000080600000, 0x0000000080600000|100%| O|  |TAMS 0x0000000080600000, 0x0000000080500000| Untracked 
|   6|0x0000000080600000, 0x0000000080700000, 0x0000000080700000|100%| O|  |TAMS 0x0000000080700000, 0x0000000080600000| Untracked 
|   7|0x0000000080700000, 0x0000000080800000, 0x0000000080800000|100%| O|  |TAMS 0x0000000080800000, 0x0000000080700000| Untracked 
|   8|0x0000000080800000, 0x0000000080900000, 0x0000000080900000|100%| O|  |TAMS 0x0000000080900000, 0x0000000080800000| Untracked 
|   9|0x0000000080900000, 0x0000000080a00000, 0x0000000080a00000|100%| O|  |TAMS 0x0000000080a00000, 0x0000000080900000| Untracked 
|  10|0x0000000080a00000, 0x0000000080b00000, 0x0000000080b00000|100%| O|  |TAMS 0x0000000080b00000, 0x0000000080a00000| Untracked 
|  11|0x0000000080b00000, 0x0000000080c00000, 0x0000000080c00000|100%| O|  |TAMS 0x0000000080c00000, 0x0000000080b00000| Untracked 
|  12|0x0000000080c00000, 0x0000000080d00000, 0x0000000080d00000|100%| O|  |TAMS 0x0000000080d00000, 0x0000000080c00000| Untracked 
|  13|0x0000000080d00000, 0x0000000080e00000, 0x0000000080e00000|100%| O|  |TAMS 0x0000000080e00000, 0x0000000080d00000| Untracked 
|  14|0x0000000080e00000, 0x0000000080f00000, 0x0000000080f00000|100%| O|  |TAMS 0x0000000080f00000, 0x0000000080e00000| Untracked 
|  15|0x0000000080f00000, 0x0000000081000000, 0x0000000081000000|100%| O|  |TAMS 0x0000000081000000, 0x0000000080f00000| Untracked 
|  16|0x0000000081000000, 0x0000000081100000, 0x0000000081100000|100%| O|  |TAMS 0x0000000081100000, 0x0000000081000000| Untracked 
|  17|0x0000000081100000, 0x0000000081200000, 0x0000000081200000|100%| O|  |TAMS 0x0000000081200000, 0x0000000081100000| Untracked 
|  18|0x0000000081200000, 0x0000000081300000, 0x0000000081300000|100%| O|  |TAMS 0x0000000081300000, 0x0000000081200000| Untracked 
|  19|0x0000000081300000, 0x0000000081400000, 0x0000000081400000|100%| O|  |TAMS 0x0000000081400000, 0x0000000081300000| Untracked 
|  20|0x0000000081400000, 0x0000000081500000, 0x0000000081500000|100%| O|  |TAMS 0x0000000081500000, 0x0000000081400000| Untracked 
|  21|0x0000000081500000, 0x0000000081600000, 0x0000000081600000|100%| O|  |TAMS 0x0000000081600000, 0x0000000081500000| Untracked 
|  22|0x0000000081600000, 0x0000000081700000, 0x0000000081700000|100%| O|  |TAMS 0x0000000081700000, 0x0000000081600000| Untracked 
|  23|0x0000000081700000, 0x0000000081800000, 0x0000000081800000|100%| O|  |TAMS 0x0000000081800000, 0x0000000081700000| Untracked 
|  24|0x0000000081800000, 0x0000000081900000, 0x0000000081900000|100%| O|  |TAMS 0x0000000081900000, 0x0000000081800000| Untracked 
|  25|0x0000000081900000, 0x0000000081a00000, 0x0000000081a00000|100%| O|  |TAMS 0x0000000081a00000, 0x0000000081900000| Untracked 
|  26|0x0000000081a00000, 0x0000000081b00000, 0x0000000081b00000|100%| O|  |TAMS 0x0000000081b00000, 0x0000000081a00000| Untracked 
|  27|0x0000000081b00000, 0x0000000081c00000, 0x0000000081c00000|100%| O|  |TAMS 0x0000000081c00000, 0x0000000081b00000| Untracked 
|  28|0x0000000081c00000, 0x0000000081d00000, 0x0000000081d00000|100%| O|  |TAMS 0x0000000081d00000, 0x0000000081c00000| Untracked 
|  29|0x0000000081d00000, 0x0000000081e00000, 0x0000000081e00000|100%| O|  |TAMS 0x0000000081e00000, 0x0000000081d00000| Untracked 
|  30|0x0000000081e00000, 0x0000000081f00000, 0x0000000081f00000|100%|HS|  |TAMS 0x0000000081f00000, 0x0000000081e00000| Complete 
|  31|0x0000000081f00000, 0x0000000082000000, 0x0000000082000000|100%|HS|  |TAMS 0x0000000082000000, 0x0000000081f00000| Complete 
|  32|0x0000000082000000, 0x0000000082100000, 0x0000000082100000|100%|HC|  |TAMS 0x0000000082100000, 0x0000000082000000| Complete 
|  33|0x0000000082100000, 0x0000000082200000, 0x0000000082200000|100%|HC|  |TAMS 0x0000000082200000, 0x0000000082100000| Complete 
|  34|0x0000000082200000, 0x0000000082300000, 0x0000000082300000|100%| O|  |TAMS 0x0000000082300000, 0x0000000082200000| Untracked 
|  35|0x0000000082300000, 0x0000000082400000, 0x0000000082400000|100%| O|  |TAMS 0x0000000082400000, 0x0000000082300000| Untracked 
|  36|0x0000000082400000, 0x0000000082500000, 0x0000000082500000|100%| O|  |TAMS 0x0000000082500000, 0x0000000082400000| Untracked 
|  37|0x0000000082500000, 0x0000000082600000, 0x0000000082600000|100%| O|  |TAMS 0x0000000082600000, 0x0000000082500000| Untracked 
|  38|0x0000000082600000, 0x0000000082700000, 0x0000000082700000|100%| O|  |TAMS 0x0000000082700000, 0x0000000082600000| Untracked 
|  39|0x0000000082700000, 0x0000000082800000, 0x0000000082800000|100%| O|  |TAMS 0x0000000082800000, 0x0000000082700000| Untracked 
|  40|0x0000000082800000, 0x0000000082900000, 0x0000000082900000|100%| O|  |TAMS 0x0000000082900000, 0x0000000082800000| Untracked 
|  41|0x0000000082900000, 0x0000000082a00000, 0x0000000082a00000|100%| O|  |TAMS 0x0000000082a00000, 0x0000000082900000| Untracked 
|  42|0x0000000082a00000, 0x0000000082b00000, 0x0000000082b00000|100%| O|  |TAMS 0x0000000082b00000, 0x0000000082a00000| Untracked 
|  43|0x0000000082b00000, 0x0000000082c00000, 0x0000000082c00000|100%| O|  |TAMS 0x0000000082c00000, 0x0000000082b00000| Complete 
|  44|0x0000000082c00000, 0x0000000082d00000, 0x0000000082d00000|100%| O|  |TAMS 0x0000000082d00000, 0x0000000082c00000| Untracked 
|  45|0x0000000082d00000, 0x0000000082e00000, 0x0000000082e00000|100%| O|  |TAMS 0x0000000082e00000, 0x0000000082d00000| Untracked 
|  46|0x0000000082e00000, 0x0000000082f00000, 0x0000000082f00000|100%| O|  |TAMS 0x0000000082f00000, 0x0000000082e00000| Untracked 
|  47|0x0000000082f00000, 0x0000000083000000, 0x0000000083000000|100%| O|  |TAMS 0x0000000083000000, 0x0000000082f00000| Untracked 
|  48|0x0000000083000000, 0x0000000083100000, 0x0000000083100000|100%| O|  |TAMS 0x0000000083100000, 0x0000000083000000| Untracked 
|  49|0x0000000083100000, 0x0000000083200000, 0x0000000083200000|100%| O|  |TAMS 0x0000000083200000, 0x0000000083100000| Untracked 
|  50|0x0000000083200000, 0x0000000083300000, 0x0000000083300000|100%| O|  |TAMS 0x0000000083300000, 0x0000000083200000| Untracked 
|  51|0x0000000083300000, 0x0000000083400000, 0x0000000083400000|100%| O|  |TAMS 0x0000000083300000, 0x0000000083300000| Untracked 
|  52|0x0000000083400000, 0x0000000083500000, 0x0000000083500000|100%| O|  |TAMS 0x0000000083500000, 0x0000000083400000| Untracked 
|  53|0x0000000083500000, 0x0000000083600000, 0x0000000083600000|100%| O|  |TAMS 0x0000000083600000, 0x0000000083500000| Untracked 
|  54|0x0000000083600000, 0x0000000083700000, 0x0000000083700000|100%| O|  |TAMS 0x0000000083700000, 0x0000000083600000| Untracked 
|  55|0x0000000083700000, 0x0000000083800000, 0x0000000083800000|100%|HS|  |TAMS 0x0000000083800000, 0x0000000083700000| Complete 
|  56|0x0000000083800000, 0x0000000083900000, 0x0000000083900000|100%|HS|  |TAMS 0x0000000083900000, 0x0000000083800000| Complete 
|  57|0x0000000083900000, 0x0000000083a00000, 0x0000000083a00000|100%|HS|  |TAMS 0x0000000083a00000, 0x0000000083900000| Complete 
|  58|0x0000000083a00000, 0x0000000083b00000, 0x0000000083b00000|100%| O|  |TAMS 0x0000000083b00000, 0x0000000083a00000| Untracked 
|  59|0x0000000083b00000, 0x0000000083c00000, 0x0000000083c00000|100%| O|  |TAMS 0x0000000083c00000, 0x0000000083b00000| Untracked 
|  60|0x0000000083c00000, 0x0000000083d00000, 0x0000000083d00000|100%| O|  |TAMS 0x0000000083d00000, 0x0000000083c00000| Untracked 
|  61|0x0000000083d00000, 0x0000000083e00000, 0x0000000083e00000|100%| O|  |TAMS 0x0000000083d63a00, 0x0000000083d00000| Untracked 
|  62|0x0000000083e00000, 0x0000000083f00000, 0x0000000083f00000|100%|HS|  |TAMS 0x0000000083e00000, 0x0000000083e00000| Complete 
|  63|0x0000000083f00000, 0x0000000084000000, 0x0000000084000000|100%|HC|  |TAMS 0x0000000083f00000, 0x0000000083f00000| Complete 
|  64|0x0000000084000000, 0x000000008400f200, 0x0000000084100000|  5%| O|  |TAMS 0x0000000084000000, 0x0000000084000000| Untracked 
|  65|0x0000000084100000, 0x0000000084100000, 0x0000000084200000|  0%| F|  |TAMS 0x0000000084100000, 0x0000000084100000| Untracked 
|  66|0x0000000084200000, 0x0000000084200000, 0x0000000084300000|  0%| F|  |TAMS 0x0000000084200000, 0x0000000084200000| Untracked 
|  67|0x0000000084300000, 0x0000000084300000, 0x0000000084400000|  0%| F|  |TAMS 0x0000000084300000, 0x0000000084300000| Untracked 
|  68|0x0000000084400000, 0x0000000084400000, 0x0000000084500000|  0%| F|  |TAMS 0x0000000084400000, 0x0000000084400000| Untracked 
|  69|0x0000000084500000, 0x0000000084500000, 0x0000000084600000|  0%| F|  |TAMS 0x0000000084500000, 0x0000000084500000| Untracked 
|  70|0x0000000084600000, 0x0000000084600000, 0x0000000084700000|  0%| F|  |TAMS 0x0000000084600000, 0x0000000084600000| Untracked 
|  71|0x0000000084700000, 0x0000000084700000, 0x0000000084800000|  0%| F|  |TAMS 0x0000000084700000, 0x0000000084700000| Untracked 
|  72|0x0000000084800000, 0x0000000084800000, 0x0000000084900000|  0%| F|  |TAMS 0x0000000084800000, 0x0000000084800000| Untracked 
|  73|0x0000000084900000, 0x0000000084900000, 0x0000000084a00000|  0%| F|  |TAMS 0x0000000084900000, 0x0000000084900000| Untracked 
|  74|0x0000000084a00000, 0x0000000084a00000, 0x0000000084b00000|  0%| F|  |TAMS 0x0000000084a00000, 0x0000000084a00000| Untracked 
|  75|0x0000000084b00000, 0x0000000084b00000, 0x0000000084c00000|  0%| F|  |TAMS 0x0000000084b00000, 0x0000000084b00000| Untracked 
|  76|0x0000000084c00000, 0x0000000084c00000, 0x0000000084d00000|  0%| F|  |TAMS 0x0000000084c00000, 0x0000000084c00000| Untracked 
|  77|0x0000000084d00000, 0x0000000084d00000, 0x0000000084e00000|  0%| F|  |TAMS 0x0000000084d00000, 0x0000000084d00000| Untracked 
|  78|0x0000000084e00000, 0x0000000084e00000, 0x0000000084f00000|  0%| F|  |TAMS 0x0000000084e00000, 0x0000000084e00000| Untracked 
|  79|0x0000000084f00000, 0x0000000084f00000, 0x0000000085000000|  0%| F|  |TAMS 0x0000000084f00000, 0x0000000084f00000| Untracked 
|  80|0x0000000085000000, 0x0000000085000000, 0x0000000085100000|  0%| F|  |TAMS 0x0000000085000000, 0x0000000085000000| Untracked 
|  81|0x0000000085100000, 0x0000000085100000, 0x0000000085200000|  0%| F|  |TAMS 0x0000000085100000, 0x0000000085100000| Untracked 
|  82|0x0000000085200000, 0x0000000085200000, 0x0000000085300000|  0%| F|  |TAMS 0x0000000085200000, 0x0000000085200000| Untracked 
|  83|0x0000000085300000, 0x0000000085300000, 0x0000000085400000|  0%| F|  |TAMS 0x0000000085300000, 0x0000000085300000| Untracked 
|  84|0x0000000085400000, 0x0000000085400000, 0x0000000085500000|  0%| F|  |TAMS 0x0000000085400000, 0x0000000085400000| Untracked 
|  85|0x0000000085500000, 0x0000000085500000, 0x0000000085600000|  0%| F|  |TAMS 0x0000000085500000, 0x0000000085500000| Untracked 
|  86|0x0000000085600000, 0x0000000085600000, 0x0000000085700000|  0%| F|  |TAMS 0x0000000085600000, 0x0000000085600000| Untracked 
|  87|0x0000000085700000, 0x0000000085700000, 0x0000000085800000|  0%| F|  |TAMS 0x0000000085700000, 0x0000000085700000| Untracked 
|  88|0x0000000085800000, 0x0000000085800000, 0x0000000085900000|  0%| F|  |TAMS 0x0000000085800000, 0x0000000085800000| Untracked 
|  89|0x0000000085900000, 0x0000000085900000, 0x0000000085a00000|  0%| F|  |TAMS 0x0000000085900000, 0x0000000085900000| Untracked 
|  90|0x0000000085a00000, 0x0000000085a00000, 0x0000000085b00000|  0%| F|  |TAMS 0x0000000085a00000, 0x0000000085a00000| Untracked 
|  91|0x0000000085b00000, 0x0000000085b00000, 0x0000000085c00000|  0%| F|  |TAMS 0x0000000085b00000, 0x0000000085b00000| Untracked 
|  92|0x0000000085c00000, 0x0000000085c00000, 0x0000000085d00000|  0%| F|  |TAMS 0x0000000085c00000, 0x0000000085c00000| Untracked 
|  93|0x0000000085d00000, 0x0000000085d00000, 0x0000000085e00000|  0%| F|  |TAMS 0x0000000085d00000, 0x0000000085d00000| Untracked 
|  94|0x0000000085e00000, 0x0000000085e00000, 0x0000000085f00000|  0%| F|  |TAMS 0x0000000085e00000, 0x0000000085e00000| Untracked 
|  95|0x0000000085f00000, 0x0000000085f00000, 0x0000000086000000|  0%| F|  |TAMS 0x0000000085f00000, 0x0000000085f00000| Untracked 
|  96|0x0000000086000000, 0x0000000086000000, 0x0000000086100000|  0%| F|  |TAMS 0x0000000086000000, 0x0000000086000000| Untracked 
|  97|0x0000000086100000, 0x0000000086200000, 0x0000000086200000|100%| S|CS|TAMS 0x0000000086100000, 0x0000000086100000| Complete 
|  98|0x0000000086200000, 0x0000000086300000, 0x0000000086300000|100%| S|CS|TAMS 0x0000000086200000, 0x0000000086200000| Complete 
|  99|0x0000000086300000, 0x0000000086300000, 0x0000000086400000|  0%| F|  |TAMS 0x0000000086300000, 0x0000000086300000| Untracked 
| 143|0x0000000088f00000, 0x0000000088f00000, 0x0000000089000000|  0%| F|  |TAMS 0x0000000088f00000, 0x0000000088f00000| Untracked 
| 144|0x0000000089000000, 0x0000000089000000, 0x0000000089100000|  0%| F|  |TAMS 0x0000000089000000, 0x0000000089000000| Untracked 
| 145|0x0000000089100000, 0x0000000089100000, 0x0000000089200000|  0%| F|  |TAMS 0x0000000089100000, 0x0000000089100000| Untracked 
| 146|0x0000000089200000, 0x0000000089200000, 0x0000000089300000|  0%| F|  |TAMS 0x0000000089200000, 0x0000000089200000| Untracked 
| 147|0x0000000089300000, 0x0000000089300000, 0x0000000089400000|  0%| F|  |TAMS 0x0000000089300000, 0x0000000089300000| Untracked 
| 148|0x0000000089400000, 0x0000000089400000, 0x0000000089500000|  0%| F|  |TAMS 0x0000000089400000, 0x0000000089400000| Untracked 
| 149|0x0000000089500000, 0x0000000089500000, 0x0000000089600000|  0%| F|  |TAMS 0x0000000089500000, 0x0000000089500000| Untracked 
| 150|0x0000000089600000, 0x0000000089600000, 0x0000000089700000|  0%| F|  |TAMS 0x0000000089600000, 0x0000000089600000| Untracked 
| 151|0x0000000089700000, 0x0000000089700000, 0x0000000089800000|  0%| F|  |TAMS 0x0000000089700000, 0x0000000089700000| Untracked 
| 152|0x0000000089800000, 0x0000000089800000, 0x0000000089900000|  0%| F|  |TAMS 0x0000000089800000, 0x0000000089800000| Untracked 
| 153|0x0000000089900000, 0x0000000089900000, 0x0000000089a00000|  0%| F|  |TAMS 0x0000000089900000, 0x0000000089900000| Untracked 
| 154|0x0000000089a00000, 0x0000000089a00000, 0x0000000089b00000|  0%| F|  |TAMS 0x0000000089a00000, 0x0000000089a00000| Untracked 
| 254|0x000000008fe00000, 0x000000008fe00000, 0x000000008ff00000|  0%| F|  |TAMS 0x000000008fe00000, 0x000000008fe00000| Untracked 
| 255|0x000000008ff00000, 0x000000008ff89c40, 0x0000000090000000| 53%| E|  |TAMS 0x000000008ff00000, 0x000000008ff00000| Complete 

Card table byte_map: [0x00000249e8540000,0x00000249e8940000] _byte_map_base: 0x00000249e8140000

Marking Bits (Prev, Next): (CMBitMap*) 0x00000249d19108a0, (CMBitMap*) 0x00000249d19108e0
 Prev Bits: [0x00000249e8d40000, 0x00000249ead40000)
 Next Bits: [0x00000249ead40000, 0x00000249ecd40000)

Polling page: 0x00000249cf7a0000

Metaspace:

Usage:
  Non-class:     50.34 MB used.
      Class:      8.07 MB used.
       Both:     58.40 MB used.

Virtual space:
  Non-class space:       56.00 MB reserved,      50.69 MB ( 91%) committed,  7 nodes.
      Class space:      412.00 MB reserved,       8.38 MB (  2%) committed,  1 nodes.
             Both:      468.00 MB reserved,      59.06 MB ( 13%) committed. 

Chunk freelists:
   Non-Class:  1.26 MB
       Class:  3.47 MB
        Both:  4.73 MB

MaxMetaspaceSize: 512.00 MB
CompressedClassSpaceSize: 412.00 MB
Initial GC threshold: 21.00 MB
Current GC threshold: 97.81 MB
CDS: on
MetaspaceReclaimPolicy: balanced
 - commit_granule_bytes: 65536.
 - commit_granule_words: 8192.
 - virtual_space_node_default_size: 1048576.
 - enlarge_chunks_in_place: 1.
 - new_chunks_are_fully_committed: 0.
 - uncommit_free_chunks: 1.
 - use_allocation_guard: 0.
 - handle_deallocations: 1.


Internal statistics:

num_allocs_failed_limit: 6.
num_arena_births: 770.
num_arena_deaths: 0.
num_vsnodes_births: 8.
num_vsnodes_deaths: 0.
num_space_committed: 945.
num_space_uncommitted: 0.
num_chunks_returned_to_freelist: 6.
num_chunks_taken_from_freelist: 3158.
num_chunk_merges: 6.
num_chunk_splits: 2097.
num_chunks_enlarged: 1390.
num_purges: 0.
num_inconsistent_stats: 0.

CodeHeap 'non-profiled nmethods': size=120000Kb used=4535Kb max_used=4535Kb free=115464Kb
 bounds [0x00000249e0c10000, 0x00000249e1080000, 0x00000249e8140000]
CodeHeap 'profiled nmethods': size=120000Kb used=16176Kb max_used=16176Kb free=103823Kb
 bounds [0x00000249d9140000, 0x00000249da110000, 0x00000249e0670000]
CodeHeap 'non-nmethods': size=5760Kb used=2361Kb max_used=2441Kb free=3398Kb
 bounds [0x00000249e0670000, 0x00000249e08f0000, 0x00000249e0c10000]
 total_blobs=8963 nmethods=8075 adapters=799
 compilation: enabled
              stopped_count=0, restarted_count=0
 full_count=0

Compilation events (20 events):
Event: 359.243 Thread 0x00000249ef23a4e0 8898       1       java.lang.Module::getName (5 bytes)
Event: 359.243 Thread 0x00000249ef23a4e0 nmethod 8898 0x00000249e107c590 code [0x00000249e107c720, 0x00000249e107c7f8]
Event: 359.245 Thread 0x00000249ef23a4e0 8902       1       java.lang.StackTraceElement::getClassName (5 bytes)
Event: 359.245 Thread 0x00000249ef23a4e0 nmethod 8902 0x00000249e107c890 code [0x00000249e107ca20, 0x00000249e107caf8]
Event: 359.246 Thread 0x00000249ef23a4e0 8903       3       org.codehaus.groovy.runtime.StackTraceUtils::isApplicationClass (84 bytes)
Event: 359.247 Thread 0x00000249ef23a4e0 nmethod 8903 0x00000249da107f10 code [0x00000249da108160, 0x00000249da108bd8]
Event: 359.260 Thread 0x00000249ef23a4e0 8906       2       org.gradle.internal.logging.text.AbstractLineChoppingStyledTextOutput$1::execute (9 bytes)
Event: 359.260 Thread 0x00000249ef23a4e0 nmethod 8906 0x00000249da108f10 code [0x00000249da1090a0, 0x00000249da109208]
Event: 359.260 Thread 0x00000249ef23a4e0 8907       2       org.gradle.internal.logging.text.AbstractLineChoppingStyledTextOutput$1::execute (140 bytes)
Event: 359.261 Thread 0x00000249ef23a4e0 nmethod 8907 0x00000249da109310 code [0x00000249da109540, 0x00000249da109a18]
Event: 359.261 Thread 0x00000249ef23a4e0 8908       2       org.gradle.internal.logging.text.AbstractLineChoppingStyledTextOutput$2::execute (77 bytes)
Event: 359.261 Thread 0x00000249ef23a4e0 nmethod 8908 0x00000249da109e90 code [0x00000249da10a0a0, 0x00000249da10a488]
Event: 359.262 Thread 0x00000249f6554820 nmethod 8887 0x00000249e107cb90 code [0x00000249e107cd40, 0x00000249e107d598]
Event: 359.262 Thread 0x00000249f6554820 8883       4       groovy.lang.MetaClassImpl::inheritInterfaceNewMetaMethods (195 bytes)
Event: 359.265 Thread 0x00000249ef23a4e0 8909       3       org.gradle.internal.logging.text.AbstractStyledTextOutput::style (20 bytes)
Event: 359.265 Thread 0x00000249ef23a4e0 nmethod 8909 0x00000249da10a710 code [0x00000249da10a8c0, 0x00000249da10ab28]
Event: 359.266 Thread 0x00000249ef23a4e0 8910       2       org.gradle.internal.logging.text.AbstractLineChoppingStyledTextOutput::doAppend (43 bytes)
Event: 359.266 Thread 0x00000249ef23a4e0 nmethod 8910 0x00000249da10ac10 code [0x00000249da10ade0, 0x00000249da10b0c8]
Event: 359.267 Thread 0x00000249ef23a4e0 8911       3       org.gradle.internal.logging.text.AbstractLineChoppingStyledTextOutput$StateContext::flushLineText (113 bytes)
Event: 359.268 Thread 0x00000249ef23a4e0 nmethod 8911 0x00000249da10b290 code [0x00000249da10b520, 0x00000249da10beb8]

GC Heap History (20 events):
Event: 231.006 GC heap before
{Heap before GC invocations=20 (full 0):
 garbage-first heap   total 83968K, used 66004K [0x0000000080000000, 0x0000000100000000)
  region size 1024K, 21 young (21504K), 3 survivors (3072K)
 Metaspace       used 53709K, committed 54336K, reserved 471040K
  class space    used 7423K, committed 7680K, reserved 421888K
}
Event: 231.011 GC heap after
{Heap after GC invocations=21 (full 0):
 garbage-first heap   total 83968K, used 48078K [0x0000000080000000, 0x0000000100000000)
  region size 1024K, 2 young (2048K), 2 survivors (2048K)
 Metaspace       used 53709K, committed 54336K, reserved 471040K
  class space    used 7423K, committed 7680K, reserved 421888K
}
Event: 233.416 GC heap before
{Heap before GC invocations=21 (full 0):
 garbage-first heap   total 83968K, used 67534K [0x0000000080000000, 0x0000000100000000)
  region size 1024K, 21 young (21504K), 2 survivors (2048K)
 Metaspace       used 54678K, committed 55296K, reserved 471040K
  class space    used 7585K, committed 7872K, reserved 421888K
}
Event: 233.421 GC heap after
{Heap after GC invocations=22 (full 0):
 garbage-first heap   total 83968K, used 49578K [0x0000000080000000, 0x0000000100000000)
  region size 1024K, 3 young (3072K), 3 survivors (3072K)
 Metaspace       used 54678K, committed 55296K, reserved 471040K
  class space    used 7585K, committed 7872K, reserved 421888K
}
Event: 239.896 GC heap before
{Heap before GC invocations=23 (full 0):
 garbage-first heap   total 86016K, used 66986K [0x0000000080000000, 0x0000000100000000)
  region size 1024K, 21 young (21504K), 3 survivors (3072K)
 Metaspace       used 55612K, committed 56256K, reserved 471040K
  class space    used 7699K, committed 8000K, reserved 421888K
}
Event: 239.906 GC heap after
{Heap after GC invocations=24 (full 0):
 garbage-first heap   total 86016K, used 50777K [0x0000000080000000, 0x0000000100000000)
  region size 1024K, 2 young (2048K), 2 survivors (2048K)
 Metaspace       used 55612K, committed 56256K, reserved 471040K
  class space    used 7699K, committed 8000K, reserved 421888K
}
Event: 243.764 GC heap before
{Heap before GC invocations=24 (full 0):
 garbage-first heap   total 86016K, used 68185K [0x0000000080000000, 0x0000000100000000)
  region size 1024K, 20 young (20480K), 2 survivors (2048K)
 Metaspace       used 57464K, committed 58176K, reserved 479232K
  class space    used 7972K, committed 8320K, reserved 421888K
}
Event: 243.769 GC heap after
{Heap after GC invocations=25 (full 0):
 garbage-first heap   total 86016K, used 53212K [0x0000000080000000, 0x0000000100000000)
  region size 1024K, 3 young (3072K), 3 survivors (3072K)
 Metaspace       used 57464K, committed 58176K, reserved 479232K
  class space    used 7972K, committed 8320K, reserved 421888K
}
Event: 247.527 GC heap before
{Heap before GC invocations=26 (full 0):
 garbage-first heap   total 92160K, used 70620K [0x0000000080000000, 0x0000000100000000)
  region size 1024K, 20 young (20480K), 3 survivors (3072K)
 Metaspace       used 58860K, committed 59520K, reserved 479232K
  class space    used 8137K, committed 8448K, reserved 421888K
}
Event: 247.535 GC heap after
{Heap after GC invocations=27 (full 0):
 garbage-first heap   total 92160K, used 56528K [0x0000000080000000, 0x0000000100000000)
  region size 1024K, 3 young (3072K), 3 survivors (3072K)
 Metaspace       used 58860K, committed 59520K, reserved 479232K
  class space    used 8137K, committed 8448K, reserved 421888K
}
Event: 260.535 GC heap before
{Heap before GC invocations=27 (full 0):
 garbage-first heap   total 92160K, used 72912K [0x0000000080000000, 0x0000000100000000)
  region size 1024K, 20 young (20480K), 3 survivors (3072K)
 Metaspace       used 59390K, committed 60096K, reserved 479232K
  class space    used 8200K, committed 8512K, reserved 421888K
}
Event: 260.541 GC heap after
{Heap after GC invocations=28 (full 0):
 garbage-first heap   total 92160K, used 58156K [0x0000000080000000, 0x0000000100000000)
  region size 1024K, 3 young (3072K), 3 survivors (3072K)
 Metaspace       used 59390K, committed 60096K, reserved 479232K
  class space    used 8200K, committed 8512K, reserved 421888K
}
Event: 277.555 GC heap before
{Heap before GC invocations=29 (full 0):
 garbage-first heap   total 104448K, used 76588K [0x0000000080000000, 0x0000000100000000)
  region size 1024K, 19 young (19456K), 3 survivors (3072K)
 Metaspace       used 59470K, committed 60096K, reserved 479232K
  class space    used 8206K, committed 8512K, reserved 421888K
}
Event: 277.559 GC heap after
{Heap after GC invocations=30 (full 0):
 garbage-first heap   total 104448K, used 62679K [0x0000000080000000, 0x0000000100000000)
  region size 1024K, 3 young (3072K), 3 survivors (3072K)
 Metaspace       used 59470K, committed 60096K, reserved 479232K
  class space    used 8206K, committed 8512K, reserved 421888K
}
Event: 277.904 GC heap before
{Heap before GC invocations=30 (full 0):
 garbage-first heap   total 104448K, used 63703K [0x0000000080000000, 0x0000000100000000)
  region size 1024K, 5 young (5120K), 3 survivors (3072K)
 Metaspace       used 59470K, committed 60096K, reserved 479232K
  class space    used 8206K, committed 8512K, reserved 421888K
}
Event: 277.906 GC heap after
{Heap after GC invocations=31 (full 0):
 garbage-first heap   total 104448K, used 62862K [0x0000000080000000, 0x0000000100000000)
  region size 1024K, 1 young (1024K), 1 survivors (1024K)
 Metaspace       used 59470K, committed 60096K, reserved 479232K
  class space    used 8206K, committed 8512K, reserved 421888K
}
Event: 278.218 GC heap before
{Heap before GC invocations=31 (full 0):
 garbage-first heap   total 104448K, used 63886K [0x0000000080000000, 0x0000000100000000)
  region size 1024K, 3 young (3072K), 1 survivors (1024K)
 Metaspace       used 59470K, committed 60096K, reserved 479232K
  class space    used 8206K, committed 8512K, reserved 421888K
}
Event: 278.219 GC heap after
{Heap after GC invocations=32 (full 0):
 garbage-first heap   total 104448K, used 63725K [0x0000000080000000, 0x0000000100000000)
  region size 1024K, 2 young (2048K), 2 survivors (2048K)
 Metaspace       used 59470K, committed 60096K, reserved 479232K
  class space    used 8206K, committed 8512K, reserved 421888K
}
Event: 359.247 GC heap before
{Heap before GC invocations=33 (full 0):
 garbage-first heap   total 116736K, used 79085K [0x0000000080000000, 0x0000000100000000)
  region size 1024K, 15 young (15360K), 2 survivors (2048K)
 Metaspace       used 59729K, committed 60416K, reserved 479232K
  class space    used 8243K, committed 8576K, reserved 421888K
}
Event: 359.251 GC heap after
{Heap after GC invocations=34 (full 0):
 garbage-first heap   total 116736K, used 67644K [0x0000000080000000, 0x0000000100000000)
  region size 1024K, 2 young (2048K), 2 survivors (2048K)
 Metaspace       used 59729K, committed 60416K, reserved 479232K
  class space    used 8243K, committed 8576K, reserved 421888K
}

Deoptimization events (20 events):
Event: 277.500 Thread 0x00000249efdc01e0 DEOPT PACKING pc=0x00000249e0e37ae4 sp=0x000000bd678f9560
Event: 277.500 Thread 0x00000249efdc01e0 DEOPT UNPACKING pc=0x00000249e06c23a3 sp=0x000000bd678f9550 mode 2
Event: 277.513 Thread 0x00000249efdc01e0 DEOPT PACKING pc=0x00000249d92053bd sp=0x000000bd678f5b10
Event: 277.513 Thread 0x00000249efdc01e0 DEOPT UNPACKING pc=0x00000249e06c2b43 sp=0x000000bd678f4fa8 mode 0
Event: 277.528 Thread 0x00000249efdc01e0 DEOPT PACKING pc=0x00000249d92053bd sp=0x000000bd678f5a70
Event: 277.528 Thread 0x00000249efdc01e0 DEOPT UNPACKING pc=0x00000249e06c2b43 sp=0x000000bd678f4ef8 mode 0
Event: 278.513 Thread 0x00000249efdc01e0 Uncommon trap: trap_request=0xffffff45 fr.pc=0x00000249e0d9d378 relative=0x00000000000008b8
Event: 278.513 Thread 0x00000249efdc01e0 Uncommon trap: reason=unstable_if action=reinterpret pc=0x00000249e0d9d378 method=java.util.WeakHashMap.matchesKey(Ljava/util/WeakHashMap$Entry;Ljava/lang/Object;)Z @ 5 c2
Event: 278.513 Thread 0x00000249efdc01e0 DEOPT PACKING pc=0x00000249e0d9d378 sp=0x000000bd678f68c0
Event: 278.513 Thread 0x00000249efdc01e0 DEOPT UNPACKING pc=0x00000249e06c23a3 sp=0x000000bd678f6828 mode 2
Event: 359.213 Thread 0x00000249efdc01e0 DEOPT PACKING pc=0x00000249d9c6c1ee sp=0x000000bd678f7470
Event: 359.213 Thread 0x00000249efdc01e0 DEOPT UNPACKING pc=0x00000249e06c2b43 sp=0x000000bd678f6920 mode 0
Event: 359.245 Thread 0x00000249efdc01e0 Uncommon trap: trap_request=0xffffff45 fr.pc=0x00000249e0e82a30 relative=0x0000000000000830
Event: 359.245 Thread 0x00000249efdc01e0 Uncommon trap: reason=unstable_if action=reinterpret pc=0x00000249e0e82a30 method=java.util.regex.Matcher.search(I)Z @ 76 c2
Event: 359.245 Thread 0x00000249efdc01e0 DEOPT PACKING pc=0x00000249e0e82a30 sp=0x000000bd678fc110
Event: 359.245 Thread 0x00000249efdc01e0 DEOPT UNPACKING pc=0x00000249e06c23a3 sp=0x000000bd678fc0a0 mode 2
Event: 359.245 Thread 0x00000249efdc01e0 Uncommon trap: trap_request=0xffffff45 fr.pc=0x00000249e0e84088 relative=0x0000000000000628
Event: 359.245 Thread 0x00000249efdc01e0 Uncommon trap: reason=unstable_if action=reinterpret pc=0x00000249e0e84088 method=java.util.regex.Matcher.search(I)Z @ 76 c2
Event: 359.245 Thread 0x00000249efdc01e0 DEOPT PACKING pc=0x00000249e0e84088 sp=0x000000bd678fc0b0
Event: 359.245 Thread 0x00000249efdc01e0 DEOPT UNPACKING pc=0x00000249e06c23a3 sp=0x000000bd678fc090 mode 2

Classes unloaded (0 events):
No events

Classes redefined (0 events):
No events

Internal exceptions (20 events):
Event: 278.547 Thread 0x00000249efdc01e0 Exception <a 'java/lang/ClassNotFoundException'{0x00000000896ce290}: org/gradle/api/internal/artifacts/repositories/AbstractAuthenticationSupportedRepositoryCustomizer> (0x00000000896ce290) 
thrown [s\open\src\hotspot\share\classfile\systemDictionary.cpp, line 256]
Event: 278.549 Thread 0x00000249efdc01e0 Exception <a 'java/lang/ClassNotFoundException'{0x00000000896fecc0}: org/gradle/api/internal/artifacts/repositories/DefaultMavenArtifactRepositoryCustomizer> (0x00000000896fecc0) 
thrown [s\open\src\hotspot\share\classfile\systemDictionary.cpp, line 256]
Event: 278.748 Thread 0x00000249efdc01e0 Exception <a 'java/lang/ClassNotFoundException'{0x0000000089536fd8}: org/gradle/api/internal/artifacts/repositories/DefaultMavenArtifactRepository_DecoratedCustomizer> (0x0000000089536fd8) 
thrown [s\open\src\hotspot\share\classfile\systemDictionary.cpp, line 256]
Event: 299.799 Thread 0x00000249efdc01e0 Exception <a 'java/lang/ClassNotFoundException'{0x00000000894ea240}: org/gradle/api/internal/artifacts/repositories/DefaultMavenRepositoryContentDescriptorBeanInfo> (0x00000000894ea240) 
thrown [s\open\src\hotspot\share\classfile\systemDictionary.cpp, line 256]
Event: 299.800 Thread 0x00000249efdc01e0 Exception <a 'java/lang/ClassNotFoundException'{0x000000008930c1c8}: org/gradle/api/internal/artifacts/repositories/DefaultRepositoryContentDescriptorBeanInfo> (0x000000008930c1c8) 
thrown [s\open\src\hotspot\share\classfile\systemDictionary.cpp, line 256]
Event: 299.802 Thread 0x00000249efdc01e0 Exception <a 'java/lang/ClassNotFoundException'{0x000000008932db98}: org/gradle/api/internal/artifacts/repositories/DefaultRepositoryContentDescriptorCustomizer> (0x000000008932db98) 
thrown [s\open\src\hotspot\share\classfile\systemDictionary.cpp, line 256]
Event: 299.804 Thread 0x00000249efdc01e0 Exception <a 'java/lang/ClassNotFoundException'{0x000000008935b6c8}: org/gradle/api/internal/artifacts/repositories/DefaultMavenRepositoryContentDescriptorCustomizer> (0x000000008935b6c8) 
thrown [s\open\src\hotspot\share\classfile\systemDictionary.cpp, line 256]
Event: 359.200 Thread 0x00000249efdc01e0 Exception <a 'java/io/IOException'{0x000000008907aea8}: CreateProcess error=1455, The paging file is too small for this operation to complete> (0x000000008907aea8) 
thrown [s\open\src\hotspot\share\prims\jni.cpp, line 535]
Event: 359.201 Thread 0x00000249efdc01e0 Exception <a 'java/lang/reflect/InvocationTargetException'{0x000000008907e998}> (0x000000008907e998) 
thrown [s\open\src\hotspot\share\runtime\reflection.cpp, line 1121]
Event: 359.201 Thread 0x00000249efdc01e0 Exception <a 'java/lang/reflect/InvocationTargetException'{0x0000000089086250}> (0x0000000089086250) 
thrown [s\open\src\hotspot\share\runtime\reflection.cpp, line 1121]
Event: 359.202 Thread 0x00000249efdc01e0 Exception <a 'java/lang/reflect/InvocationTargetException'{0x0000000089089278}> (0x0000000089089278) 
thrown [s\open\src\hotspot\share\runtime\reflection.cpp, line 1121]
Event: 359.202 Thread 0x00000249efdc01e0 Exception <a 'java/lang/reflect/InvocationTargetException'{0x000000008908bd50}> (0x000000008908bd50) 
thrown [s\open\src\hotspot\share\runtime\reflection.cpp, line 1121]
Event: 359.202 Thread 0x00000249efdc01e0 Exception <a 'java/lang/reflect/InvocationTargetException'{0x000000008908e828}> (0x000000008908e828) 
thrown [s\open\src\hotspot\share\runtime\reflection.cpp, line 1121]
Event: 359.202 Thread 0x00000249efdc01e0 Exception <a 'java/lang/reflect/InvocationTargetException'{0x00000000890921c0}> (0x00000000890921c0) 
thrown [s\open\src\hotspot\share\runtime\reflection.cpp, line 1121]
Event: 359.215 Thread 0x00000249efdc01e0 Exception <a 'java/lang/ClassNotFoundException'{0x0000000088fe19b0}: org/gradle/api/internal/plugins/DefaultPluginContainerBeanInfo> (0x0000000088fe19b0) 
thrown [s\open\src\hotspot\share\classfile\systemDictionary.cpp, line 256]
Event: 359.215 Thread 0x00000249efdc01e0 Exception <a 'java/lang/ClassNotFoundException'{0x0000000088feda60}: org/gradle/api/internal/plugins/DefaultPluginCollectionBeanInfo> (0x0000000088feda60) 
thrown [s\open\src\hotspot\share\classfile\systemDictionary.cpp, line 256]
Event: 359.216 Thread 0x00000249efdc01e0 Exception <a 'java/lang/ClassNotFoundException'{0x0000000088ff9830}: org/gradle/api/internal/DefaultDomainObjectSetBeanInfo> (0x0000000088ff9830) 
thrown [s\open\src\hotspot\share\classfile\systemDictionary.cpp, line 256]
Event: 359.216 Thread 0x00000249efdc01e0 Exception <a 'java/lang/ClassNotFoundException'{0x0000000086305e18}: org/gradle/api/internal/DefaultDomainObjectSetCustomizer> (0x0000000086305e18) 
thrown [s\open\src\hotspot\share\classfile\systemDictionary.cpp, line 256]
Event: 359.218 Thread 0x00000249efdc01e0 Exception <a 'java/lang/ClassNotFoundException'{0x0000000086320318}: org/gradle/api/internal/plugins/DefaultPluginCollectionCustomizer> (0x0000000086320318) 
thrown [s\open\src\hotspot\share\classfile\systemDictionary.cpp, line 256]
Event: 359.220 Thread 0x00000249efdc01e0 Exception <a 'java/lang/ClassNotFoundException'{0x0000000086356120}: org/gradle/api/internal/plugins/DefaultPluginContainerCustomizer> (0x0000000086356120) 
thrown [s\open\src\hotspot\share\classfile\systemDictionary.cpp, line 256]

VM Operations (20 events):
Event: 278.573 Executing VM operation: G1Concurrent
Event: 278.749 Executing VM operation: G1Concurrent done
Event: 299.963 Executing VM operation: Cleanup
Event: 299.963 Executing VM operation: Cleanup done
Event: 319.142 Executing VM operation: Cleanup
Event: 319.142 Executing VM operation: Cleanup done
Event: 322.176 Executing VM operation: Cleanup
Event: 322.176 Executing VM operation: Cleanup done
Event: 347.409 Executing VM operation: Cleanup
Event: 347.409 Executing VM operation: Cleanup done
Event: 352.450 Executing VM operation: Cleanup
Event: 352.450 Executing VM operation: Cleanup done
Event: 359.205 Executing VM operation: HandshakeAllThreads
Event: 359.205 Executing VM operation: HandshakeAllThreads done
Event: 359.205 Executing VM operation: Cleanup
Event: 359.205 Executing VM operation: Cleanup done
Event: 359.208 Executing VM operation: HandshakeAllThreads
Event: 359.208 Executing VM operation: HandshakeAllThreads done
Event: 359.247 Executing VM operation: G1CollectForAllocation
Event: 359.251 Executing VM operation: G1CollectForAllocation done

Events (20 events):
Event: 258.313 loading class java/util/concurrent/ConcurrentLinkedQueue$Itr
Event: 258.313 loading class java/util/concurrent/ConcurrentLinkedQueue$Itr done
Event: 318.653 Thread 0x00000249f1ced950 Thread exited: 0x00000249f1ced950
Event: 328.894 Thread 0x00000249f19d4ed0 Thread exited: 0x00000249f19d4ed0
Event: 359.206 loading class java/util/AbstractList$RandomAccessSubList
Event: 359.206 loading class java/util/AbstractList$SubList
Event: 359.206 loading class java/util/AbstractList$SubList done
Event: 359.207 loading class java/util/AbstractList$RandomAccessSubList done
Event: 359.207 loading class java/util/AbstractList$SubList$1
Event: 359.207 loading class java/util/AbstractList$SubList$1 done
Event: 359.207 loading class java/util/AbstractList$ListItr
Event: 359.207 loading class java/util/AbstractList$ListItr done
Event: 359.228 loading class java/lang/Math$RandomNumberGeneratorHolder
Event: 359.228 loading class java/lang/Math$RandomNumberGeneratorHolder done
Event: 359.240 loading class java/lang/StackTraceElement$HashedModules
Event: 359.241 loading class java/lang/StackTraceElement$HashedModules done
Event: 359.243 Thread 0x00000249f6554820 Thread added: 0x00000249f6554820
Event: 359.245 loading class java/util/logging/LogRecord
Event: 359.246 loading class java/util/logging/LogRecord done
Event: 359.253 Thread 0x00000249f1cf17e0 Thread exited: 0x00000249f1cf17e0


Dynamic libraries:
0x00007ff649ef0000 - 0x00007ff649f00000 	C:\Program Files\Java\jdk-17\bin\java.exe
0x00007ffa90ab0000 - 0x00007ffa90ca8000 	C:\Windows\SYSTEM32\ntdll.dll
0x00007ffa8eeb0000 - 0x00007ffa8ef6f000 	C:\Windows\System32\KERNEL32.DLL
0x00007ffa8e320000 - 0x00007ffa8e616000 	C:\Windows\System32\KERNELBASE.dll
0x00007ffa8ea10000 - 0x00007ffa8eb10000 	C:\Windows\System32\ucrtbase.dll
0x00007ffa714f0000 - 0x00007ffa71509000 	C:\Program Files\Java\jdk-17\bin\jli.dll
0x00007ffa905c0000 - 0x00007ffa9066f000 	C:\Windows\System32\ADVAPI32.dll
0x00007ffa90690000 - 0x00007ffa9072e000 	C:\Windows\System32\msvcrt.dll
0x00007ffa909a0000 - 0x00007ffa90a3c000 	C:\Windows\System32\sechost.dll
0x00007ffa8ebd0000 - 0x00007ffa8ecf6000 	C:\Windows\System32\RPCRT4.dll
0x00007ffa8ed00000 - 0x00007ffa8ee9d000 	C:\Windows\System32\USER32.dll
0x00007ffa8e950000 - 0x00007ffa8e972000 	C:\Windows\System32\win32u.dll
0x00007ffa8fd90000 - 0x00007ffa8fdbc000 	C:\Windows\System32\GDI32.dll
0x00007ffa8e670000 - 0x00007ffa8e785000 	C:\Windows\System32\gdi32full.dll
0x00007ffa8e8b0000 - 0x00007ffa8e94d000 	C:\Windows\System32\msvcp_win.dll
0x00007ffa69870000 - 0x00007ffa6988b000 	C:\Program Files\Java\jdk-17\bin\VCRUNTIME140.dll
0x00007ffa6a860000 - 0x00007ffa6aafa000 	C:\Windows\WinSxS\amd64_microsoft.windows.common-controls_6595b64144ccf1df_6.0.19041.1110_none_60b5254171f9507e\COMCTL32.dll
0x00007ffa85600000 - 0x00007ffa8560a000 	C:\Windows\SYSTEM32\VERSION.dll
0x00007ffa90a40000 - 0x00007ffa90a70000 	C:\Windows\System32\IMM32.DLL
0x00007ffa7f3a0000 - 0x00007ffa7f3ac000 	C:\Program Files\Java\jdk-17\bin\vcruntime140_1.dll
0x00007ffa5b930000 - 0x00007ffa5b9be000 	C:\Program Files\Java\jdk-17\bin\msvcp140.dll
0x00007ff9f6400000 - 0x00007ff9f6fdd000 	C:\Program Files\Java\jdk-17\bin\server\jvm.dll
0x00007ffa8eea0000 - 0x00007ffa8eea8000 	C:\Windows\System32\PSAPI.DLL
0x00007ffa7dea0000 - 0x00007ffa7dea9000 	C:\Windows\SYSTEM32\WSOCK32.dll
0x00007ffa8fcc0000 - 0x00007ffa8fd2b000 	C:\Windows\System32\WS2_32.dll
0x00007ffa62d90000 - 0x00007ffa62db7000 	C:\Windows\SYSTEM32\WINMM.dll
0x00007ffa8c9c0000 - 0x00007ffa8c9d2000 	C:\Windows\SYSTEM32\kernel.appcore.dll
0x00007ffa7ddb0000 - 0x00007ffa7ddba000 	C:\Program Files\Java\jdk-17\bin\jimage.dll
0x00007ffa88d90000 - 0x00007ffa88f74000 	C:\Windows\SYSTEM32\DBGHELP.DLL
0x00007ffa7c6a0000 - 0x00007ffa7c6d4000 	C:\Windows\SYSTEM32\dbgcore.DLL
0x00007ffa8e980000 - 0x00007ffa8ea02000 	C:\Windows\System32\bcryptPrimitives.dll
0x00007ffa66310000 - 0x00007ffa66335000 	C:\Program Files\Java\jdk-17\bin\java.dll
0x00007ffa58170000 - 0x00007ffa58247000 	C:\Program Files\Java\jdk-17\bin\jsvml.dll
0x00007ffa8fdc0000 - 0x00007ffa90504000 	C:\Windows\System32\SHELL32.dll
0x00007ffa8c040000 - 0x00007ffa8c7d3000 	C:\Windows\SYSTEM32\windows.storage.dll
0x00007ffa8eff0000 - 0x00007ffa8f344000 	C:\Windows\System32\combase.dll
0x00007ffa8db00000 - 0x00007ffa8db2e000 	C:\Windows\SYSTEM32\Wldp.dll
0x00007ffa8eb10000 - 0x00007ffa8ebbd000 	C:\Windows\System32\SHCORE.dll
0x00007ffa8fae0000 - 0x00007ffa8fb35000 	C:\Windows\System32\shlwapi.dll
0x00007ffa8e0c0000 - 0x00007ffa8e0e5000 	C:\Windows\SYSTEM32\profapi.dll
0x00007ffa67260000 - 0x00007ffa67279000 	C:\Program Files\Java\jdk-17\bin\net.dll
0x00007ffa83710000 - 0x00007ffa8381a000 	C:\Windows\SYSTEM32\WINHTTP.dll
0x00007ffa8d860000 - 0x00007ffa8d8ca000 	C:\Windows\system32\mswsock.dll
0x00007ffa66bf0000 - 0x00007ffa66c06000 	C:\Program Files\Java\jdk-17\bin\nio.dll
0x00007ffa666a0000 - 0x00007ffa666b8000 	C:\Program Files\Java\jdk-17\bin\zip.dll
0x00007ffa86230000 - 0x00007ffa86240000 	C:\Program Files\Java\jdk-17\bin\verify.dll
0x00007ffa7f460000 - 0x00007ffa7f487000 	C:\Users\ss\.gradle\native\e1d6ef7f7dcc3fd88c89a11ec53ec762bb8ba0a96d01ffa2cd45eb1d1d8dd5c5\windows-amd64\native-platform.dll
0x00007ffa51060000 - 0x00007ffa511a4000 	C:\Users\ss\.gradle\native\5664cfc778a61ccfe75a443a1ab52a65af34e5dc3c78e0209fed803814484fcb\windows-amd64\native-platform-file-events.dll
0x00007ffa86770000 - 0x00007ffa8677a000 	C:\Program Files\Java\jdk-17\bin\management.dll
0x00007ffa857e0000 - 0x00007ffa857eb000 	C:\Program Files\Java\jdk-17\bin\management_ext.dll
0x00007ffa8da50000 - 0x00007ffa8da68000 	C:\Windows\SYSTEM32\CRYPTSP.dll
0x00007ffa8d170000 - 0x00007ffa8d1a4000 	C:\Windows\system32\rsaenh.dll
0x00007ffa8e2f0000 - 0x00007ffa8e317000 	C:\Windows\System32\bcrypt.dll
0x00007ffa8e080000 - 0x00007ffa8e0ae000 	C:\Windows\SYSTEM32\USERENV.dll
0x00007ffa8da70000 - 0x00007ffa8da7c000 	C:\Windows\SYSTEM32\CRYPTBASE.dll
0x00007ffa8d550000 - 0x00007ffa8d58b000 	C:\Windows\SYSTEM32\IPHLPAPI.DLL
0x00007ffa8f350000 - 0x00007ffa8f358000 	C:\Windows\System32\NSI.dll
0x00007ffa83af0000 - 0x00007ffa83b07000 	C:\Windows\SYSTEM32\dhcpcsvc6.DLL
0x00007ffa843e0000 - 0x00007ffa843fd000 	C:\Windows\SYSTEM32\dhcpcsvc.DLL
0x00007ffa8d590000 - 0x00007ffa8d65a000 	C:\Windows\SYSTEM32\DNSAPI.dll
0x00007ffa857d0000 - 0x00007ffa857dd000 	C:\Program Files\Java\jdk-17\bin\sunmscapi.dll
0x00007ffa8e190000 - 0x00007ffa8e2ee000 	C:\Windows\System32\CRYPT32.dll
0x00007ffa8db70000 - 0x00007ffa8db98000 	C:\Windows\SYSTEM32\ncrypt.dll
0x00007ffa8db30000 - 0x00007ffa8db6b000 	C:\Windows\SYSTEM32\NTASN1.dll
0x00007ffa5bc40000 - 0x00007ffa5bc47000 	C:\Windows\system32\wshunix.dll

dbghelp: loaded successfully - version: 4.0.5 - missing functions: none
symbol engine: initialized successfully - sym options: 0x614 - pdb path: .;C:\Program Files\Java\jdk-17\bin;C:\Windows\SYSTEM32;C:\Windows\WinSxS\amd64_microsoft.windows.common-controls_6595b64144ccf1df_6.0.19041.1110_none_60b5254171f9507e;C:\Program Files\Java\jdk-17\bin\server;C:\Users\ss\.gradle\native\e1d6ef7f7dcc3fd88c89a11ec53ec762bb8ba0a96d01ffa2cd45eb1d1d8dd5c5\windows-amd64;C:\Users\ss\.gradle\native\5664cfc778a61ccfe75a443a1ab52a65af34e5dc3c78e0209fed803814484fcb\windows-amd64

VM Arguments:
jvm_args: -XX:MaxMetaspaceSize=512m --add-opens=java.base/java.util=ALL-UNNAMED --add-opens=java.base/java.lang=ALL-UNNAMED --add-opens=java.base/java.lang.invoke=ALL-UNNAMED --add-opens=java.base/java.util=ALL-UNNAMED --add-opens=java.prefs/java.util.prefs=ALL-UNNAMED --add-opens=java.prefs/java.util.prefs=ALL-UNNAMED --add-opens=java.base/java.nio.charset=ALL-UNNAMED --add-opens=java.base/java.net=ALL-UNNAMED --add-opens=java.base/java.util.concurrent.atomic=ALL-UNNAMED -Xmx2048m -Dfile.encoding=windows-1252 -Duser.country=IN -Duser.language=en -Duser.variant 
java_command: org.gradle.launcher.daemon.bootstrap.GradleDaemon 7.3.3
java_class_path (initial): C:\Users\ss\.gradle\wrapper\dists\gradle-7.3.3-all\4295vidhdd9hd3gbjyw1xqxpo\gradle-7.3.3\lib\gradle-launcher-7.3.3.jar
Launcher Type: SUN_STANDARD

[Global flags]
     intx CICompilerCount                          = 3                                         {product} {ergonomic}
   size_t CompressedClassSpaceSize                 = 432013312                                 {product} {ergonomic}
     uint ConcGCThreads                            = 1                                         {product} {ergonomic}
     uint G1ConcRefinementThreads                  = 4                                         {product} {ergonomic}
   size_t G1HeapRegionSize                         = 1048576                                   {product} {ergonomic}
    uintx GCDrainStackTargetSize                   = 64                                        {product} {ergonomic}
   size_t InitialHeapSize                          = 268435456                                 {product} {ergonomic}
   size_t MarkStackSize                            = 4194304                                   {product} {ergonomic}
   size_t MaxHeapSize                              = 2147483648                                {product} {command line}
   size_t MaxMetaspaceSize                         = 536870912                                 {product} {command line}
   size_t MaxNewSize                               = 1287651328                                {product} {ergonomic}
   size_t MinHeapDeltaBytes                        = 1048576                                   {product} {ergonomic}
   size_t MinHeapSize                              = 8388608                                   {product} {ergonomic}
    uintx NonNMethodCodeHeapSize                   = 5832780                                {pd product} {ergonomic}
    uintx NonProfiledCodeHeapSize                  = 122912730                              {pd product} {ergonomic}
    uintx ProfiledCodeHeapSize                     = 122912730                              {pd product} {ergonomic}
    uintx ReservedCodeCacheSize                    = 251658240                              {pd product} {ergonomic}
     bool SegmentedCodeCache                       = true                                      {product} {ergonomic}
   size_t SoftMaxHeapSize                          = 2147483648                             {manageable} {ergonomic}
     bool UseCompressedClassPointers               = true                           {product lp64_product} {ergonomic}
     bool UseCompressedOops                        = true                           {product lp64_product} {ergonomic}
     bool UseG1GC                                  = true                                      {product} {ergonomic}
     bool UseLargePagesIndividualAllocation        = false                                  {pd product} {ergonomic}

Logging:
Log output configuration:
 #0: stdout all=warning uptime,level,tags
 #1: stderr all=off uptime,level,tags

Environment Variables:
CLASSPATH=C:\Users\ss\Desktop\teachers-vision\android\\gradle\wrapper\gradle-wrapper.jar
PATH=C:\Users\ss\Desktop\teachers-vision\android\node_modules\.bin;C:\Users\ss\Desktop\teachers-vision\node_modules\.bin;C:\Users\ss\Desktop\node_modules\.bin;C:\Users\ss\node_modules\.bin;C:\Users\node_modules\.bin;C:\node_modules\.bin;C:\Program Files\nodejs;C:\Users\ss\Desktop\teachers-vision\node_modules\.bin;C:\Users\ss\Desktop\teachers-vision\node_modules\.bin;C:\Users\ss\Desktop\node_modules\.bin;C:\Users\ss\node_modules\.bin;C:\Users\node_modules\.bin;C:\node_modules\.bin;C:\Users\ss\AppData\Roaming\nvm\v16.16.0\node_modules\npm\node_modules\@npmcli\run-script\lib\node-gyp-bin;C:\Users\ss\Desktop\teachers-vision\node_modules\.bin;C:\Users\ss\Desktop\node_modules\.bin;C:\Users\ss\node_modules\.bin;C:\Users\node_modules\.bin;C:\node_modules\.bin;C:\Program Files\nodejs;C:\Users\ss\Desktop\teachers-vision\node_modules\.bin;C:\Users\ss\Desktop\teachers-vision\node_modules\.bin;C:\Users\ss\Desktop\node_modules\.bin;C:\Users\ss\node_modules\.bin;C:\Users\node_modules\.bin;C:\node_modules\.bin;C:\Users\ss\AppData\Roaming\nvm\v16.16.0\node_modules\npm\node_modules\@npmcli\run-script\lib\node-gyp-bin;C:\Program Files\Common Files\Oracle\Java\javapath;C:\Program Files (x86)\Common Files\Oracle\Java\javapath;C:\Program Files\Microsoft\jdk-11.0.18.10-hotspot\bin;C:\Program Files\Microsoft MPI\Bin\;C:\Windows\system32;C:\Windows;C:\Windows\System32\Wbem;C:\Windows\System32\WindowsPowerShell\v1.0\;C:\Windows\System32\OpenSSH\;C:\ProgramData\chocolatey\bin;C:\Users\ss\AppData\Local\Android\Sdk\platform-tools;C:\Program Files\Git\cmd;C:\Program Files\Microsoft SQL Server\150\Tools\Binn\;C:\Program Files (x86)\Microsoft SQL Server\160\Tools\Binn\;C:\Program Files\Microsoft SQL Server\160\Tools\Binn\;C:\Program Files\Microsoft SQL Server\Client SDK\ODBC\170\Tools\Binn\;C:\Program Files\Microsoft SQL Server\160\DTS\Binn\;C:\Program Files\dotnet\;C:\Program Files (x86)\dotnet\;C:\Program Files (x86)\Microsoft SQL Server\160\DTS\Binn\;C:\Program Files (x86)\Microsoft SQL Server\150
USERNAME=ss
LANG=en_US.UTF-8
OS=Windows_NT
PROCESSOR_IDENTIFIER=Intel64 Family 6 Model 142 Stepping 9, GenuineIntel



---------------  S Y S T E M  ---------------

OS:
 Windows 10 , 64 bit Build 19041 (10.0.19041.3155)
OS uptime: 1 days 5:32 hours

CPU: total 4 (initial active 4) (2 cores per cpu, 2 threads per core) family 6 model 142 stepping 9 microcode 0xb4, cx8, cmov, fxsr, ht, mmx, 3dnowpref, sse, sse2, sse3, ssse3, sse4.1, sse4.2, popcnt, lzcnt, tsc, tscinvbit, avx, avx2, aes, erms, clmul, bmi1, bmi2, adx, fma, vzeroupper, clflush, clflushopt

Memory: 4k page, system-wide physical 16263M (2024M free)
TotalPageFile size 24539M (AvailPageFile size 3M)
current process WorkingSet (physical memory assigned to process): 282M, peak: 286M
current process commit charge ("private bytes"): 333M, peak: 399M

vm_info: Java HotSpot(TM) 64-Bit Server VM (17.0.7+8-LTS-224) for windows-amd64 JRE (17.0.7+8-LTS-224), built on Feb 28 2023 23:03:02 by "mach5one" with MS VC++ 17.1 (VS2022)

END.
