#
# There is insufficient memory for the Java Runtime Environment to continue.
# Native memory allocation (malloc) failed to allocate 169936 bytes for Chunk::new
# Possible reasons:
#   The system is out of physical RAM or swap space
#   The process is running with CompressedOops enabled, and the Java Heap may be blocking the growth of the native heap
# Possible solutions:
#   Reduce memory load on the system
#   Increase physical memory or swap space
#   Check if swap backing store is full
#   Decrease Java heap size (-Xmx/-Xms)
#   Decrease number of Java threads
#   Decrease Java thread stack sizes (-Xss)
#   Set larger code cache with -XX:ReservedCodeCacheSize=
#   JVM is running with Unscaled Compressed Oops mode in which the Java heap is
#     placed in the first 4GB address space. The Java Heap base address is the
#     maximum limit for the native heap growth. Please use -XX:HeapBaseMinAddress
#     to set the Java Heap base and to place the Java Heap above 4GB virtual address.
# This output file may be truncated or incomplete.
#
#  Out of Memory Error (arena.cpp:189), pid=5420, tid=14724
#
# JRE version: Java(TM) SE Runtime Environment (17.0.7+8) (build 17.0.7+8-LTS-224)
# Java VM: Java HotSpot(TM) 64-Bit Server VM (17.0.7+8-LTS-224, mixed mode, sharing, tiered, compressed oops, compressed class ptrs, g1 gc, windows-amd64)
# No core dump will be written. Minidumps are not enabled by default on client versions of Windows
#

---------------  S U M M A R Y ------------

Command Line: -Xmx64m -Xms64m -Dorg.gradle.appname=gradlew org.gradle.wrapper.GradleWrapperMain app:installDebug -PreactNativeDevServerPort=8081

Host: Intel(R) Core(TM) i5-7200U CPU @ 2.50GHz, 4 cores, 15G,  Windows 10 , 64 bit Build 19041 (10.0.19041.3155)
Time: Tue Sep 12 18:08:03 2023 India Standard Time elapsed time: 709.613871 seconds (0d 0h 11m 49s)

---------------  T H R E A D  ---------------

Current thread (0x0000010df63c4740):  JavaThread "C2 CompilerThread0" daemon [_thread_in_native, id=14724, stack(0x0000000292100000,0x0000000292200000)]


Current CompileTask:
C2: 709613 1701 % !   4       java.io.BufferedReader::readLine @ 139 (327 bytes)

Stack: [0x0000000292100000,0x0000000292200000]
Native frames: (J=compiled Java code, j=interpreted, Vv=VM code, C=native code)
V  [jvm.dll+0x676a4a]
V  [jvm.dll+0x7d74f4]
V  [jvm.dll+0x7d8c9e]
V  [jvm.dll+0x7d9303]
V  [jvm.dll+0x2452c5]
V  [jvm.dll+0xaaa2b]
V  [jvm.dll+0xaafcc]
V  [jvm.dll+0x2aac2f]
V  [jvm.dll+0x57f375]
V  [jvm.dll+0x2205f2]
V  [jvm.dll+0x2196cd]
V  [jvm.dll+0x216df9]
V  [jvm.dll+0x1a35e0]
V  [jvm.dll+0x226a6e]
V  [jvm.dll+0x224e15]
V  [jvm.dll+0x78d05c]
V  [jvm.dll+0x78759a]
V  [jvm.dll+0x675875]
C  [ucrtbase.dll+0x21bb2]
C  [KERNEL32.DLL+0x17614]
C  [ntdll.dll+0x526b1]


---------------  P R O C E S S  ---------------

Threads class SMR info:
_java_thread_list=0x0000010df78d6440, length=15, elements={
0x0000010dec505430, 0x0000010dec5d61f0, 0x0000010dec5d7870, 0x0000010df63bd720,
0x0000010df63be2d0, 0x0000010df63c0c90, 0x0000010df63c3650, 0x0000010df63c4740,
0x0000010df63c55f0, 0x0000010df64349f0, 0x0000010df70307d0, 0x0000010df7036f50,
0x0000010df7858a20, 0x0000010df645fdf0, 0x0000010df6475ac0
}

Java Threads: ( => current thread )
  0x0000010dec505430 JavaThread "main" [_thread_blocked, id=16068, stack(0x0000000291300000,0x0000000291400000)]
  0x0000010dec5d61f0 JavaThread "Reference Handler" daemon [_thread_blocked, id=6852, stack(0x0000000291b00000,0x0000000291c00000)]
  0x0000010dec5d7870 JavaThread "Finalizer" daemon [_thread_blocked, id=5364, stack(0x0000000291c00000,0x0000000291d00000)]
  0x0000010df63bd720 JavaThread "Signal Dispatcher" daemon [_thread_blocked, id=6212, stack(0x0000000291d00000,0x0000000291e00000)]
  0x0000010df63be2d0 JavaThread "Attach Listener" daemon [_thread_blocked, id=8696, stack(0x0000000291e00000,0x0000000291f00000)]
  0x0000010df63c0c90 JavaThread "Service Thread" daemon [_thread_blocked, id=10324, stack(0x0000000291f00000,0x0000000292000000)]
  0x0000010df63c3650 JavaThread "Monitor Deflation Thread" daemon [_thread_blocked, id=19616, stack(0x0000000292000000,0x0000000292100000)]
=>0x0000010df63c4740 JavaThread "C2 CompilerThread0" daemon [_thread_in_native, id=14724, stack(0x0000000292100000,0x0000000292200000)]
  0x0000010df63c55f0 JavaThread "C1 CompilerThread0" daemon [_thread_in_native, id=8164, stack(0x0000000292200000,0x0000000292300000)]
  0x0000010df64349f0 JavaThread "Sweeper thread" daemon [_thread_blocked, id=9188, stack(0x0000000292300000,0x0000000292400000)]
  0x0000010df70307d0 JavaThread "Notification Thread" daemon [_thread_blocked, id=13576, stack(0x0000000292400000,0x0000000292500000)]
  0x0000010df7036f50 JavaThread "Common-Cleaner" daemon [_thread_blocked, id=10852, stack(0x0000000292600000,0x0000000292700000)]
  0x0000010df7858a20 JavaThread "pool-1-thread-1" [_thread_blocked, id=17956, stack(0x0000000292b00000,0x0000000292c00000)]
  0x0000010df645fdf0 JavaThread "DisconnectableInputStream source reader" daemon [_thread_in_native, id=8592, stack(0x0000000292c00000,0x0000000292d00000)]
  0x0000010df6475ac0 JavaThread "Logging-Cleaner" [_thread_new, id=12768, stack(0x0000000000000000,0x0000000000000000)]

Other Threads:
  0x0000010dec5d0580 VMThread "VM Thread" [stack: 0x0000000291a00000,0x0000000291b00000] [id=10364]
  0x0000010df7030ca0 WatcherThread [stack: 0x0000000292500000,0x0000000292600000] [id=19064]
  0x0000010dec5250c0 GCTaskThread "GC Thread#0" [stack: 0x0000000291500000,0x0000000291600000] [id=8952]
  0x0000010df72a6010 GCTaskThread "GC Thread#1" [stack: 0x0000000292700000,0x0000000292800000] [id=1868]
  0x0000010df73feb50 GCTaskThread "GC Thread#2" [stack: 0x0000000292800000,0x0000000292900000] [id=11972]
  0x0000010df72cb700 GCTaskThread "GC Thread#3" [stack: 0x0000000292900000,0x0000000292a00000] [id=15080]
  0x0000010dec526800 ConcurrentGCThread "G1 Main Marker" [stack: 0x0000000291600000,0x0000000291700000] [id=8916]
  0x0000010dec527210 ConcurrentGCThread "G1 Conc#0" [stack: 0x0000000291700000,0x0000000291800000] [id=5728]
  0x0000010dec572d40 ConcurrentGCThread "G1 Refine#0" [stack: 0x0000000291800000,0x0000000291900000] [id=3176]
  0x0000010dec573760 ConcurrentGCThread "G1 Service" [stack: 0x0000000291900000,0x0000000291a00000] [id=19656]

Threads with active compile tasks:
C2 CompilerThread0   709647 1701 % !   4       java.io.BufferedReader::readLine @ 139 (327 bytes)
C1 CompilerThread0   709647 1712       3       org.gradle.internal.logging.text.AbstractLineChoppingStyledTextOutput$1::execute (140 bytes)

VM state: not at safepoint (normal execution)

VM Mutex/Monitor currently owned by a thread: None

Heap address: 0x00000000fc000000, size: 64 MB, Compressed Oops mode: 32-bit

CDS archive(s) mapped at: [0x0000000800000000-0x0000000800bd0000-0x0000000800bd0000), size 12386304, SharedBaseAddress: 0x0000000800000000, ArchiveRelocationMode: 0.
Compressed class space mapped at: 0x0000000800c00000-0x0000000840c00000, reserved size: 1073741824
Narrow klass base: 0x0000000800000000, Narrow klass shift: 0, Narrow klass range: 0x100000000

GC Precious Log:
 CPUs: 4 total, 4 available
 Memory: 16263M
 Large Page Support: Disabled
 NUMA Support: Disabled
 Compressed Oops: Enabled (32-bit)
 Heap Region Size: 1M
 Heap Min Capacity: 64M
 Heap Initial Capacity: 64M
 Heap Max Capacity: 64M
 Pre-touch: Disabled
 Parallel Workers: 4
 Concurrent Workers: 1
 Concurrent Refinement Workers: 4
 Periodic GC: Disabled

Heap:
 garbage-first heap   total 65536K, used 24273K [0x00000000fc000000, 0x0000000100000000)
  region size 1024K, 18 young (18432K), 3 survivors (3072K)
 Metaspace       used 9407K, committed 9536K, reserved 1064960K
  class space    used 1225K, committed 1280K, reserved 1048576K

Heap Regions: E=young(eden), S=young(survivor), O=old, HS=humongous(starts), HC=humongous(continues), CS=collection set, F=free, OA=open archive, CA=closed archive, TAMS=top-at-mark-start (previous, next)
|   0|0x00000000fc000000, 0x00000000fc100000, 0x00000000fc100000|100%|HS|  |TAMS 0x00000000fc000000, 0x00000000fc000000| Complete 
|   1|0x00000000fc100000, 0x00000000fc200000, 0x00000000fc200000|100%|HC|  |TAMS 0x00000000fc100000, 0x00000000fc100000| Complete 
|   2|0x00000000fc200000, 0x00000000fc300000, 0x00000000fc300000|100%|HC|  |TAMS 0x00000000fc200000, 0x00000000fc200000| Complete 
|   3|0x00000000fc300000, 0x00000000fc400000, 0x00000000fc400000|100%| O|  |TAMS 0x00000000fc300000, 0x00000000fc300000| Untracked 
|   4|0x00000000fc400000, 0x00000000fc500000, 0x00000000fc500000|100%| O|  |TAMS 0x00000000fc400000, 0x00000000fc400000| Untracked 
|   5|0x00000000fc500000, 0x00000000fc600000, 0x00000000fc600000|100%| O|  |TAMS 0x00000000fc500000, 0x00000000fc500000| Untracked 
|   6|0x00000000fc600000, 0x00000000fc6b4400, 0x00000000fc700000| 70%| O|  |TAMS 0x00000000fc600000, 0x00000000fc600000| Untracked 
|   7|0x00000000fc700000, 0x00000000fc700000, 0x00000000fc800000|  0%| F|  |TAMS 0x00000000fc700000, 0x00000000fc700000| Untracked 
|   8|0x00000000fc800000, 0x00000000fc800000, 0x00000000fc900000|  0%| F|  |TAMS 0x00000000fc800000, 0x00000000fc800000| Untracked 
|   9|0x00000000fc900000, 0x00000000fc900000, 0x00000000fca00000|  0%| F|  |TAMS 0x00000000fc900000, 0x00000000fc900000| Untracked 
|  10|0x00000000fca00000, 0x00000000fca00000, 0x00000000fcb00000|  0%| F|  |TAMS 0x00000000fca00000, 0x00000000fca00000| Untracked 
|  11|0x00000000fcb00000, 0x00000000fcb00000, 0x00000000fcc00000|  0%| F|  |TAMS 0x00000000fcb00000, 0x00000000fcb00000| Untracked 
|  12|0x00000000fcc00000, 0x00000000fcc00000, 0x00000000fcd00000|  0%| F|  |TAMS 0x00000000fcc00000, 0x00000000fcc00000| Untracked 
|  13|0x00000000fcd00000, 0x00000000fcd00000, 0x00000000fce00000|  0%| F|  |TAMS 0x00000000fcd00000, 0x00000000fcd00000| Untracked 
|  14|0x00000000fce00000, 0x00000000fce00000, 0x00000000fcf00000|  0%| F|  |TAMS 0x00000000fce00000, 0x00000000fce00000| Untracked 
|  15|0x00000000fcf00000, 0x00000000fcf00000, 0x00000000fd000000|  0%| F|  |TAMS 0x00000000fcf00000, 0x00000000fcf00000| Untracked 
|  16|0x00000000fd000000, 0x00000000fd000000, 0x00000000fd100000|  0%| F|  |TAMS 0x00000000fd000000, 0x00000000fd000000| Untracked 
|  17|0x00000000fd100000, 0x00000000fd100000, 0x00000000fd200000|  0%| F|  |TAMS 0x00000000fd100000, 0x00000000fd100000| Untracked 
|  18|0x00000000fd200000, 0x00000000fd200000, 0x00000000fd300000|  0%| F|  |TAMS 0x00000000fd200000, 0x00000000fd200000| Untracked 
|  19|0x00000000fd300000, 0x00000000fd300000, 0x00000000fd400000|  0%| F|  |TAMS 0x00000000fd300000, 0x00000000fd300000| Untracked 
|  20|0x00000000fd400000, 0x00000000fd400000, 0x00000000fd500000|  0%| F|  |TAMS 0x00000000fd400000, 0x00000000fd400000| Untracked 
|  21|0x00000000fd500000, 0x00000000fd500000, 0x00000000fd600000|  0%| F|  |TAMS 0x00000000fd500000, 0x00000000fd500000| Untracked 
|  22|0x00000000fd600000, 0x00000000fd600000, 0x00000000fd700000|  0%| F|  |TAMS 0x00000000fd600000, 0x00000000fd600000| Untracked 
|  23|0x00000000fd700000, 0x00000000fd700000, 0x00000000fd800000|  0%| F|  |TAMS 0x00000000fd700000, 0x00000000fd700000| Untracked 
|  24|0x00000000fd800000, 0x00000000fd800000, 0x00000000fd900000|  0%| F|  |TAMS 0x00000000fd800000, 0x00000000fd800000| Untracked 
|  25|0x00000000fd900000, 0x00000000fd900000, 0x00000000fda00000|  0%| F|  |TAMS 0x00000000fd900000, 0x00000000fd900000| Untracked 
|  26|0x00000000fda00000, 0x00000000fda00000, 0x00000000fdb00000|  0%| F|  |TAMS 0x00000000fda00000, 0x00000000fda00000| Untracked 
|  27|0x00000000fdb00000, 0x00000000fdb00000, 0x00000000fdc00000|  0%| F|  |TAMS 0x00000000fdb00000, 0x00000000fdb00000| Untracked 
|  28|0x00000000fdc00000, 0x00000000fdc00000, 0x00000000fdd00000|  0%| F|  |TAMS 0x00000000fdc00000, 0x00000000fdc00000| Untracked 
|  29|0x00000000fdd00000, 0x00000000fdd00000, 0x00000000fde00000|  0%| F|  |TAMS 0x00000000fdd00000, 0x00000000fdd00000| Untracked 
|  30|0x00000000fde00000, 0x00000000fde00000, 0x00000000fdf00000|  0%| F|  |TAMS 0x00000000fde00000, 0x00000000fde00000| Untracked 
|  31|0x00000000fdf00000, 0x00000000fdf00000, 0x00000000fe000000|  0%| F|  |TAMS 0x00000000fdf00000, 0x00000000fdf00000| Untracked 
|  32|0x00000000fe000000, 0x00000000fe000000, 0x00000000fe100000|  0%| F|  |TAMS 0x00000000fe000000, 0x00000000fe000000| Untracked 
|  33|0x00000000fe100000, 0x00000000fe100000, 0x00000000fe200000|  0%| F|  |TAMS 0x00000000fe100000, 0x00000000fe100000| Untracked 
|  34|0x00000000fe200000, 0x00000000fe200000, 0x00000000fe300000|  0%| F|  |TAMS 0x00000000fe200000, 0x00000000fe200000| Untracked 
|  35|0x00000000fe300000, 0x00000000fe300000, 0x00000000fe400000|  0%| F|  |TAMS 0x00000000fe300000, 0x00000000fe300000| Untracked 
|  36|0x00000000fe400000, 0x00000000fe400000, 0x00000000fe500000|  0%| F|  |TAMS 0x00000000fe400000, 0x00000000fe400000| Untracked 
|  37|0x00000000fe500000, 0x00000000fe500000, 0x00000000fe600000|  0%| F|  |TAMS 0x00000000fe500000, 0x00000000fe500000| Untracked 
|  38|0x00000000fe600000, 0x00000000fe600000, 0x00000000fe700000|  0%| F|  |TAMS 0x00000000fe600000, 0x00000000fe600000| Untracked 
|  39|0x00000000fe700000, 0x00000000fe700000, 0x00000000fe800000|  0%| F|  |TAMS 0x00000000fe700000, 0x00000000fe700000| Untracked 
|  40|0x00000000fe800000, 0x00000000fe800000, 0x00000000fe900000|  0%| F|  |TAMS 0x00000000fe800000, 0x00000000fe800000| Untracked 
|  41|0x00000000fe900000, 0x00000000fe900000, 0x00000000fea00000|  0%| F|  |TAMS 0x00000000fe900000, 0x00000000fe900000| Untracked 
|  42|0x00000000fea00000, 0x00000000fea00000, 0x00000000feb00000|  0%| F|  |TAMS 0x00000000fea00000, 0x00000000fea00000| Untracked 
|  43|0x00000000feb00000, 0x00000000feb00000, 0x00000000fec00000|  0%| F|  |TAMS 0x00000000feb00000, 0x00000000feb00000| Untracked 
|  44|0x00000000fec00000, 0x00000000fed00000, 0x00000000fed00000|100%| S|CS|TAMS 0x00000000fec00000, 0x00000000fec00000| Complete 
|  45|0x00000000fed00000, 0x00000000fee00000, 0x00000000fee00000|100%| S|CS|TAMS 0x00000000fed00000, 0x00000000fed00000| Complete 
|  46|0x00000000fee00000, 0x00000000fef00000, 0x00000000fef00000|100%| S|CS|TAMS 0x00000000fee00000, 0x00000000fee00000| Complete 
|  47|0x00000000fef00000, 0x00000000fef00000, 0x00000000ff000000|  0%| F|  |TAMS 0x00000000fef00000, 0x00000000fef00000| Untracked 
|  48|0x00000000ff000000, 0x00000000ff000000, 0x00000000ff100000|  0%| F|  |TAMS 0x00000000ff000000, 0x00000000ff000000| Untracked 
|  49|0x00000000ff100000, 0x00000000ff1675b8, 0x00000000ff200000| 40%| E|  |TAMS 0x00000000ff100000, 0x00000000ff100000| Complete 
|  50|0x00000000ff200000, 0x00000000ff300000, 0x00000000ff300000|100%| E|CS|TAMS 0x00000000ff200000, 0x00000000ff200000| Complete 
|  51|0x00000000ff300000, 0x00000000ff400000, 0x00000000ff400000|100%| E|CS|TAMS 0x00000000ff300000, 0x00000000ff300000| Complete 
|  52|0x00000000ff400000, 0x00000000ff500000, 0x00000000ff500000|100%| E|CS|TAMS 0x00000000ff400000, 0x00000000ff400000| Complete 
|  53|0x00000000ff500000, 0x00000000ff600000, 0x00000000ff600000|100%| E|CS|TAMS 0x00000000ff500000, 0x00000000ff500000| Complete 
|  54|0x00000000ff600000, 0x00000000ff700000, 0x00000000ff700000|100%| E|CS|TAMS 0x00000000ff600000, 0x00000000ff600000| Complete 
|  55|0x00000000ff700000, 0x00000000ff800000, 0x00000000ff800000|100%| E|CS|TAMS 0x00000000ff700000, 0x00000000ff700000| Complete 
|  56|0x00000000ff800000, 0x00000000ff900000, 0x00000000ff900000|100%| E|CS|TAMS 0x00000000ff800000, 0x00000000ff800000| Complete 
|  57|0x00000000ff900000, 0x00000000ffa00000, 0x00000000ffa00000|100%| E|CS|TAMS 0x00000000ff900000, 0x00000000ff900000| Complete 
|  58|0x00000000ffa00000, 0x00000000ffb00000, 0x00000000ffb00000|100%| E|CS|TAMS 0x00000000ffa00000, 0x00000000ffa00000| Complete 
|  59|0x00000000ffb00000, 0x00000000ffc00000, 0x00000000ffc00000|100%| E|CS|TAMS 0x00000000ffb00000, 0x00000000ffb00000| Complete 
|  60|0x00000000ffc00000, 0x00000000ffd00000, 0x00000000ffd00000|100%| E|CS|TAMS 0x00000000ffc00000, 0x00000000ffc00000| Complete 
|  61|0x00000000ffd00000, 0x00000000ffe00000, 0x00000000ffe00000|100%| E|CS|TAMS 0x00000000ffd00000, 0x00000000ffd00000| Complete 
|  62|0x00000000ffe00000, 0x00000000fff00000, 0x00000000fff00000|100%| E|CS|TAMS 0x00000000ffe00000, 0x00000000ffe00000| Complete 
|  63|0x00000000fff00000, 0x0000000100000000, 0x0000000100000000|100%| E|CS|TAMS 0x00000000fff00000, 0x00000000fff00000| Complete 

Card table byte_map: [0x0000010dea410000,0x0000010dea430000] _byte_map_base: 0x0000010de9c30000

Marking Bits (Prev, Next): (CMBitMap*) 0x0000010dec5256d0, (CMBitMap*) 0x0000010dec525710
 Prev Bits: [0x0000010dec320000, 0x0000010dec420000)
 Next Bits: [0x0000010df3d90000, 0x0000010df3e90000)

Polling page: 0x0000010dea3c0000

Metaspace:

Usage:
  Non-class:      7.99 MB used.
      Class:      1.20 MB used.
       Both:      9.19 MB used.

Virtual space:
  Non-class space:       16.00 MB reserved,       8.06 MB ( 50%) committed,  2 nodes.
      Class space:        1.00 GB reserved,       1.25 MB ( <1%) committed,  1 nodes.
             Both:        1.02 GB reserved,       9.31 MB ( <1%) committed. 

Chunk freelists:
   Non-Class:  3.94 MB
       Class:  2.56 MB
        Both:  6.50 MB

MaxMetaspaceSize: unlimited
CompressedClassSpaceSize: 1.00 GB
Initial GC threshold: 21.00 MB
Current GC threshold: 21.00 MB
CDS: on
MetaspaceReclaimPolicy: balanced
 - commit_granule_bytes: 65536.
 - commit_granule_words: 8192.
 - virtual_space_node_default_size: 1048576.
 - enlarge_chunks_in_place: 1.
 - new_chunks_are_fully_committed: 0.
 - uncommit_free_chunks: 1.
 - use_allocation_guard: 0.
 - handle_deallocations: 1.


Internal statistics:

num_allocs_failed_limit: 0.
num_arena_births: 92.
num_arena_deaths: 0.
num_vsnodes_births: 3.
num_vsnodes_deaths: 0.
num_space_committed: 149.
num_space_uncommitted: 0.
num_chunks_returned_to_freelist: 0.
num_chunks_taken_from_freelist: 336.
num_chunk_merges: 0.
num_chunk_splits: 218.
num_chunks_enlarged: 176.
num_purges: 0.
num_inconsistent_stats: 0.

CodeHeap 'non-profiled nmethods': size=120000Kb used=737Kb max_used=737Kb free=119262Kb
 bounds [0x0000010d87ad0000, 0x0000010d87d40000, 0x0000010d8f000000]
CodeHeap 'profiled nmethods': size=120000Kb used=3228Kb max_used=3228Kb free=116771Kb
 bounds [0x0000010d80000000, 0x0000010d80330000, 0x0000010d87530000]
CodeHeap 'non-nmethods': size=5760Kb used=1176Kb max_used=1202Kb free=4583Kb
 bounds [0x0000010d87530000, 0x0000010d877a0000, 0x0000010d87ad0000]
 total_blobs=2183 nmethods=1708 adapters=388
 compilation: enabled
              stopped_count=0, restarted_count=0
 full_count=0

Compilation events (20 events):
Event: 708.670 Thread 0x0000010df63c55f0 nmethod 1698 0x0000010d80323f90 code [0x0000010d80324180, 0x0000010d803246b8]
Event: 708.897 Thread 0x0000010df63c55f0 1699       1       org.gradle.internal.operations.BuildOperationCategory::isGrouped (5 bytes)
Event: 708.897 Thread 0x0000010df63c55f0 nmethod 1699 0x0000010d87b87690 code [0x0000010d87b87820, 0x0000010d87b878f8]
Event: 709.603 Thread 0x0000010df63c55f0 1700       1       java.util.LinkedList::size (5 bytes)
Event: 709.604 Thread 0x0000010df63c55f0 nmethod 1700 0x0000010d87b87990 code [0x0000010d87b87b20, 0x0000010d87b87bf8]
Event: 709.604 Thread 0x0000010df63c4740 1701 % !   4       java.io.BufferedReader::readLine @ 139 (327 bytes)
Event: 709.606 Thread 0x0000010df63c55f0 1702       3       java.lang.invoke.MethodHandleNatives::refKindIsMethod (19 bytes)
Event: 709.606 Thread 0x0000010df63c55f0 nmethod 1702 0x0000010d80324910 code [0x0000010d80324ac0, 0x0000010d80324d18]
Event: 709.607 Thread 0x0000010df63c55f0 1704       3       jdk.internal.org.objectweb.asm.Frame::setLocal (65 bytes)
Event: 709.607 Thread 0x0000010df63c55f0 nmethod 1704 0x0000010d80324e10 code [0x0000010d80324fe0, 0x0000010d80325508]
Event: 709.607 Thread 0x0000010df63c55f0 1705       3       jdk.internal.org.objectweb.asm.Type::getDescriptor (93 bytes)
Event: 709.608 Thread 0x0000010df63c55f0 nmethod 1705 0x0000010d80325690 code [0x0000010d80325900, 0x0000010d80326088]
Event: 709.608 Thread 0x0000010df63c55f0 1706       3       java.util.ImmutableCollections$SetN::iterator (9 bytes)
Event: 709.608 Thread 0x0000010df63c55f0 nmethod 1706 0x0000010d80326310 code [0x0000010d803264c0, 0x0000010d80326668]
Event: 709.609 Thread 0x0000010df63c55f0 1707       3       java.lang.reflect.AccessibleObject::setAccessible0 (7 bytes)
Event: 709.609 Thread 0x0000010df63c55f0 nmethod 1707 0x0000010d80326710 code [0x0000010d803268a0, 0x0000010d803269b8]
Event: 709.610 Thread 0x0000010df63c55f0 1708       3       java.lang.Exception::<init> (7 bytes)
Event: 709.610 Thread 0x0000010df63c55f0 nmethod 1708 0x0000010d80326a90 code [0x0000010d80326c20, 0x0000010d80326d68]
Event: 709.611 Thread 0x0000010df63c55f0 1709       1       java.util.concurrent.CopyOnWriteArrayList::setArray (6 bytes)
Event: 709.611 Thread 0x0000010df63c55f0 nmethod 1709 0x0000010d87b87f90 code [0x0000010d87b88120, 0x0000010d87b88238]

GC Heap History (4 events):
Event: 3.633 GC heap before
{Heap before GC invocations=0 (full 0):
 garbage-first heap   total 65536K, used 15360K [0x00000000fc000000, 0x0000000100000000)
  region size 1024K, 13 young (13312K), 0 survivors (0K)
 Metaspace       used 2028K, committed 2176K, reserved 1056768K
  class space    used 198K, committed 256K, reserved 1048576K
}
Event: 3.898 GC heap after
{Heap after GC invocations=1 (full 0):
 garbage-first heap   total 65536K, used 3648K [0x00000000fc000000, 0x0000000100000000)
  region size 1024K, 2 young (2048K), 2 survivors (2048K)
 Metaspace       used 2028K, committed 2176K, reserved 1056768K
  class space    used 198K, committed 256K, reserved 1048576K
}
Event: 5.330 GC heap before
{Heap before GC invocations=1 (full 0):
 garbage-first heap   total 65536K, used 22080K [0x00000000fc000000, 0x0000000100000000)
  region size 1024K, 17 young (17408K), 2 survivors (2048K)
 Metaspace       used 5587K, committed 5760K, reserved 1056768K
  class space    used 775K, committed 832K, reserved 1048576K
}
Event: 5.335 GC heap after
{Heap after GC invocations=2 (full 0):
 garbage-first heap   total 65536K, used 9937K [0x00000000fc000000, 0x0000000100000000)
  region size 1024K, 3 young (3072K), 3 survivors (3072K)
 Metaspace       used 5587K, committed 5760K, reserved 1056768K
  class space    used 775K, committed 832K, reserved 1048576K
}

Deoptimization events (20 events):
Event: 24.433 Thread 0x0000010df645fdf0 DEOPT PACKING pc=0x0000010d87add284 sp=0x0000000292afedf0
Event: 24.434 Thread 0x0000010df645fdf0 DEOPT UNPACKING pc=0x0000010d875823a3 sp=0x0000000292afed88 mode 2
Event: 24.445 Thread 0x0000010dec505430 DEOPT PACKING pc=0x0000010d80238c08 sp=0x00000002913fd010
Event: 24.445 Thread 0x0000010dec505430 DEOPT UNPACKING pc=0x0000010d87582b43 sp=0x00000002913fc518 mode 0
Event: 511.228 Thread 0x0000010df7858a20 Uncommon trap: trap_request=0xffffff45 fr.pc=0x0000010d87b73660 relative=0x0000000000000240
Event: 511.228 Thread 0x0000010df7858a20 Uncommon trap: reason=unstable_if action=reinterpret pc=0x0000010d87b73660 method=org.gradle.internal.logging.sink.GroupingProgressLogEventGenerator$OperationGroup.canClaimForeground()Z @ 4 c2
Event: 511.228 Thread 0x0000010df7858a20 DEOPT PACKING pc=0x0000010d87b73660 sp=0x0000000292bfeac0
Event: 511.228 Thread 0x0000010df7858a20 DEOPT UNPACKING pc=0x0000010d875823a3 sp=0x0000000292bfe9c0 mode 2
Event: 618.993 Thread 0x0000010df7858a20 Uncommon trap: trap_request=0xffffffde fr.pc=0x0000010d87b79b94 relative=0x0000000000001714
Event: 618.993 Thread 0x0000010df7858a20 Uncommon trap: reason=class_check action=maybe_recompile pc=0x0000010d87b79b94 method=org.gradle.internal.logging.sink.GroupingProgressLogEventGenerator.onOutput(Lorg/gradle/internal/logging/events/OutputEvent;)V @ 27 c2
Event: 618.993 Thread 0x0000010df7858a20 DEOPT PACKING pc=0x0000010d87b79b94 sp=0x0000000292bfede0
Event: 618.994 Thread 0x0000010df7858a20 DEOPT UNPACKING pc=0x0000010d875823a3 sp=0x0000000292bfec00 mode 2
Event: 709.609 Thread 0x0000010dec505430 Uncommon trap: trap_request=0xffffff45 fr.pc=0x0000010d87b4ae84 relative=0x00000000000001e4
Event: 709.609 Thread 0x0000010dec505430 Uncommon trap: reason=unstable_if action=reinterpret pc=0x0000010d87b4ae84 method=java.net.URI$Parser.scan(IILjava/lang/String;)I @ 26 c2
Event: 709.609 Thread 0x0000010dec505430 DEOPT PACKING pc=0x0000010d87b4ae84 sp=0x00000002913fd3a0
Event: 709.609 Thread 0x0000010dec505430 DEOPT UNPACKING pc=0x0000010d875823a3 sp=0x00000002913fd330 mode 2
Event: 709.610 Thread 0x0000010df64625e0 Uncommon trap: trap_request=0xffffff45 fr.pc=0x0000010d87b85098 relative=0x00000000000000d8
Event: 709.610 Thread 0x0000010df64625e0 Uncommon trap: reason=unstable_if action=reinterpret pc=0x0000010d87b85098 method=java.util.concurrent.ThreadPoolExecutor.getTask()Ljava/lang/Runnable; @ 15 c2
Event: 709.610 Thread 0x0000010df64625e0 DEOPT PACKING pc=0x0000010d87b85098 sp=0x0000000292dff250
Event: 709.610 Thread 0x0000010df64625e0 DEOPT UNPACKING pc=0x0000010d875823a3 sp=0x0000000292dff1d8 mode 2

Classes unloaded (0 events):
No events

Classes redefined (0 events):
No events

Internal exceptions (20 events):
Event: 4.637 Thread 0x0000010dec505430 Exception <a 'java/lang/NoSuchMethodError'{0x00000000ff8db180}: 'java.lang.Object java.lang.invoke.Invokers$Holder.invoker(java.lang.Object, java.lang.Object, java.lang.Object)'> (0x00000000ff8db180) 
thrown [s\open\src\hotspot\share\interpreter\linkResolver.cpp, line 759]
Event: 4.667 Thread 0x0000010dec505430 Exception <a 'java/lang/NoSuchMethodError'{0x00000000ff8e4250}: 'java.lang.Object java.lang.invoke.DirectMethodHandle$Holder.invokeStatic(java.lang.Object, java.lang.Object, int)'> (0x00000000ff8e4250) 
thrown [s\open\src\hotspot\share\interpreter\linkResolver.cpp, line 759]
Event: 4.671 Thread 0x0000010dec505430 Exception <a 'java/lang/NoSuchMethodError'{0x00000000ff8f0188}: 'void java.lang.invoke.DelegatingMethodHandle$Holder.delegate(java.lang.Object, java.lang.Object, int, java.lang.Object)'> (0x00000000ff8f0188) 
thrown [s\open\src\hotspot\share\interpreter\linkResolver.cpp, line 759]
Event: 4.679 Thread 0x0000010dec505430 Exception <a 'java/lang/NoSuchMethodError'{0x00000000ff8f42d0}: 'int java.lang.invoke.DirectMethodHandle$Holder.invokeSpecial(java.lang.Object, java.lang.Object, java.lang.Object)'> (0x00000000ff8f42d0) 
thrown [s\open\src\hotspot\share\interpreter\linkResolver.cpp, line 759]
Event: 4.684 Thread 0x0000010dec505430 Exception <a 'java/lang/NoSuchMethodError'{0x00000000ff7078a0}: 'java.lang.Object java.lang.invoke.Invokers$Holder.invokeExact_MT(java.lang.Object, java.lang.Object, java.lang.Object, java.lang.Object)'> (0x00000000ff7078a0) 
thrown [s\open\src\hotspot\share\interpreter\linkResolver.cpp, line 759]
Event: 5.033 Thread 0x0000010dec505430 Exception <a 'java/lang/NoSuchMethodError'{0x00000000ff4f87a8}: 'java.lang.Object java.lang.invoke.DirectMethodHandle$Holder.invokeInterface(java.lang.Object, java.lang.Object, java.lang.Object)'> (0x00000000ff4f87a8) 
thrown [s\open\src\hotspot\share\interpreter\linkResolver.cpp, line 759]
Event: 5.094 Thread 0x0000010dec505430 Implicit null exception at 0x0000010d87b2172c to 0x0000010d87b21b8c
Event: 5.094 Thread 0x0000010dec505430 Implicit null exception at 0x0000010d87b0b72c to 0x0000010d87b0bb74
Event: 5.151 Thread 0x0000010dec505430 Exception <a 'java/lang/NoSuchMethodError'{0x00000000ff0ac4e0}: 'java.lang.Object java.lang.invoke.DirectMethodHandle$Holder.invokeStaticInit(java.lang.Object)'> (0x00000000ff0ac4e0) 
thrown [s\open\src\hotspot\share\interpreter\linkResolver.cpp, line 759]
Event: 5.586 Thread 0x0000010dec505430 Exception <a 'java/lang/NoSuchMethodError'{0x00000000ffdc7d00}: 'java.lang.Object java.lang.invoke.DirectMethodHandle$Holder.invokeStaticInit(java.lang.Object, int, int, int, int)'> (0x00000000ffdc7d00) 
thrown [s\open\src\hotspot\share\interpreter\linkResolver.cpp, line 759]
Event: 6.268 Thread 0x0000010dec505430 Exception <a 'java/lang/NoSuchMethodError'{0x00000000ffded8b0}: 'java.lang.Object java.lang.invoke.DirectMethodHandle$Holder.invokeStaticInit(java.lang.Object, java.lang.Object, int, int, int, int)'> (0x00000000ffded8b0) 
thrown [s\open\src\hotspot\share\interpreter\linkResolver.cpp, line 759]
Event: 7.321 Thread 0x0000010dec505430 Exception <a 'java/lang/NoSuchMethodError'{0x00000000ffc1a1f0}: 'void java.lang.invoke.DirectMethodHandle$Holder.invokeStatic(java.lang.Object, java.lang.Object, java.lang.Object)'> (0x00000000ffc1a1f0) 
thrown [s\open\src\hotspot\share\interpreter\linkResolver.cpp, line 759]
Event: 8.223 Thread 0x0000010df645fdf0 Exception <a 'java/lang/NoSuchMethodError'{0x00000000ff6feb48}: 'void java.lang.invoke.DirectMethodHandle$Holder.invokeStatic(java.lang.Object, long)'> (0x00000000ff6feb48) 
thrown [s\open\src\hotspot\share\interpreter\linkResolver.cpp, line 759]
Event: 8.224 Thread 0x0000010df645fdf0 Exception <a 'java/lang/NoSuchMethodError'{0x00000000ff504b20}: 'java.lang.Object java.lang.invoke.DirectMethodHandle$Holder.newInvokeSpecial(java.lang.Object, long)'> (0x00000000ff504b20) 
thrown [s\open\src\hotspot\share\interpreter\linkResolver.cpp, line 759]
Event: 8.227 Thread 0x0000010df645fdf0 Exception <a 'java/lang/NoSuchMethodError'{0x00000000ff50fcc8}: 'java.lang.Object java.lang.invoke.DirectMethodHandle$Holder.invokeStaticInit(java.lang.Object, java.lang.Object, long, java.lang.Object)'> (0x00000000ff50fcc8) 
thrown [s\open\src\hotspot\share\interpreter\linkResolver.cpp, line 759]
Event: 8.228 Thread 0x0000010df645fdf0 Exception <a 'java/lang/NoSuchMethodError'{0x00000000ff516388}: 'java.lang.Object java.lang.invoke.DirectMethodHandle$Holder.newInvokeSpecial(java.lang.Object, java.lang.Object, long)'> (0x00000000ff516388) 
thrown [s\open\src\hotspot\share\interpreter\linkResolver.cpp, line 759]
Event: 8.228 Thread 0x0000010df645fdf0 Exception <a 'java/lang/NoSuchMethodError'{0x00000000ff51a678}: 'java.lang.Object java.lang.invoke.Invokers$Holder.linkToTargetMethod(java.lang.Object, long, java.lang.Object)'> (0x00000000ff51a678) 
thrown [s\open\src\hotspot\share\interpreter\linkResolver.cpp, line 759]
Event: 709.599 Thread 0x0000010dec505430 Exception <a 'sun/net/ConnectionResetException'{0x00000000ff3bf0f8}: Connection reset> (0x00000000ff3bf0f8) 
thrown [s\open\src\hotspot\share\prims\jni.cpp, line 535]
Event: 709.607 Thread 0x0000010dec505430 Exception <a 'java/lang/NoSuchMethodError'{0x00000000ff2bdbd8}: 'int java.lang.invoke.DirectMethodHandle$Holder.invokeVirtual(java.lang.Object, java.lang.Object)'> (0x00000000ff2bdbd8) 
thrown [s\open\src\hotspot\share\interpreter\linkResolver.cpp, line 759]
Event: 709.610 Thread 0x0000010df64625e0 Exception <a 'java/io/IOException'{0x00000000ff3d1670}: Connection reset by peer> (0x00000000ff3d1670) 
thrown [s\open\src\hotspot\share\prims\jni.cpp, line 535]

VM Operations (20 events):
Event: 517.685 Executing VM operation: Cleanup
Event: 517.685 Executing VM operation: Cleanup done
Event: 524.743 Executing VM operation: Cleanup
Event: 524.743 Executing VM operation: Cleanup done
Event: 534.816 Executing VM operation: Cleanup
Event: 534.816 Executing VM operation: Cleanup done
Event: 555.985 Executing VM operation: Cleanup
Event: 555.985 Executing VM operation: Cleanup done
Event: 568.064 Executing VM operation: Cleanup
Event: 568.064 Executing VM operation: Cleanup done
Event: 573.101 Executing VM operation: Cleanup
Event: 573.101 Executing VM operation: Cleanup done
Event: 593.211 Executing VM operation: Cleanup
Event: 593.211 Executing VM operation: Cleanup done
Event: 598.257 Executing VM operation: Cleanup
Event: 598.257 Executing VM operation: Cleanup done
Event: 609.342 Executing VM operation: Cleanup
Event: 609.342 Executing VM operation: Cleanup done
Event: 619.407 Executing VM operation: Cleanup
Event: 619.407 Executing VM operation: Cleanup done

Events (20 events):
Event: 321.491 loading class sun/util/logging/internal/LoggingProviderImpl$JULWrapper
Event: 321.491 loading class sun/util/logging/PlatformLogger$ConfigurableBridge$LoggerConfiguration
Event: 321.491 loading class sun/util/logging/PlatformLogger$ConfigurableBridge$LoggerConfiguration done
Event: 321.491 loading class sun/util/logging/internal/LoggingProviderImpl$JULWrapper done
Event: 321.492 loading class java/io/ObjectInputFilter
Event: 321.492 loading class java/io/ObjectInputFilter done
Event: 321.492 loading class java/io/ObjectInputFilter$Config$BuiltinFilterFactory
Event: 321.492 loading class java/io/ObjectInputFilter$Config$BuiltinFilterFactory done
Event: 321.492 loading class jdk/internal/access/JavaObjectInputFilterAccess
Event: 321.492 loading class jdk/internal/access/JavaObjectInputFilterAccess done
Event: 321.493 loading class java/lang/System$Logger$Level
Event: 321.493 loading class java/lang/System$Logger$Level done
Event: 321.493 loading class java/io/Bits
Event: 321.493 loading class java/io/Bits done
Event: 354.719 loading class jdk/internal/misc/ScopedMemoryAccess$Scope
Event: 354.720 loading class jdk/internal/misc/ScopedMemoryAccess$Scope done
Event: 709.599 loading class sun/net/ConnectionResetException
Event: 709.599 loading class sun/net/ConnectionResetException done
Event: 709.610 Thread 0x0000010df64625e0 Thread exited: 0x0000010df64625e0
Event: 709.612 loading class java/util/concurrent/ConcurrentLinkedQueue$Itr


Dynamic libraries:
0x00007ff74da50000 - 0x00007ff74da60000 	C:\Program Files\Java\jdk-17\bin\java.exe
0x00007ff8795b0000 - 0x00007ff8797a8000 	C:\Windows\SYSTEM32\ntdll.dll
0x00007ff878cc0000 - 0x00007ff878d7f000 	C:\Windows\System32\KERNEL32.DLL
0x00007ff876ea0000 - 0x00007ff877196000 	C:\Windows\System32\KERNELBASE.dll
0x00007ff8771a0000 - 0x00007ff8772a0000 	C:\Windows\System32\ucrtbase.dll
0x00007ff86dd00000 - 0x00007ff86dd19000 	C:\Program Files\Java\jdk-17\bin\jli.dll
0x00007ff8789f0000 - 0x00007ff878a9f000 	C:\Windows\System32\ADVAPI32.dll
0x00007ff8780d0000 - 0x00007ff87816e000 	C:\Windows\System32\msvcrt.dll
0x00007ff878d80000 - 0x00007ff878e1c000 	C:\Windows\System32\sechost.dll
0x00007ff878ad0000 - 0x00007ff878bf6000 	C:\Windows\System32\RPCRT4.dll
0x00007ff877660000 - 0x00007ff8777fd000 	C:\Windows\System32\USER32.dll
0x00007ff877500000 - 0x00007ff877522000 	C:\Windows\System32\win32u.dll
0x00007ff877610000 - 0x00007ff87763c000 	C:\Windows\System32\GDI32.dll
0x00007ff877340000 - 0x00007ff877455000 	C:\Windows\System32\gdi32full.dll
0x00007ff8772a0000 - 0x00007ff87733d000 	C:\Windows\System32\msvcp_win.dll
0x00007ff86d9b0000 - 0x00007ff86d9cb000 	C:\Program Files\Java\jdk-17\bin\VCRUNTIME140.dll
0x00007ff85a8b0000 - 0x00007ff85ab4a000 	C:\Windows\WinSxS\amd64_microsoft.windows.common-controls_6595b64144ccf1df_6.0.19041.1110_none_60b5254171f9507e\COMCTL32.dll
0x00007ff86e0e0000 - 0x00007ff86e0ea000 	C:\Windows\SYSTEM32\VERSION.dll
0x00007ff878aa0000 - 0x00007ff878ad0000 	C:\Windows\System32\IMM32.DLL
0x00007ff86d970000 - 0x00007ff86d97c000 	C:\Program Files\Java\jdk-17\bin\vcruntime140_1.dll
0x00007ff849d30000 - 0x00007ff849dbe000 	C:\Program Files\Java\jdk-17\bin\msvcp140.dll
0x00007fffe4100000 - 0x00007fffe4cdd000 	C:\Program Files\Java\jdk-17\bin\server\jvm.dll
0x00007ff8789e0000 - 0x00007ff8789e8000 	C:\Windows\System32\PSAPI.DLL
0x00007ff86d210000 - 0x00007ff86d219000 	C:\Windows\SYSTEM32\WSOCK32.dll
0x00007ff877ff0000 - 0x00007ff87805b000 	C:\Windows\System32\WS2_32.dll
0x00007ff850550000 - 0x00007ff850577000 	C:\Windows\SYSTEM32\WINMM.dll
0x00007ff875510000 - 0x00007ff875522000 	C:\Windows\SYSTEM32\kernel.appcore.dll
0x00007ff85d390000 - 0x00007ff85d39a000 	C:\Program Files\Java\jdk-17\bin\jimage.dll
0x00007ff871870000 - 0x00007ff871a54000 	C:\Windows\SYSTEM32\DBGHELP.DLL
0x00007ff865260000 - 0x00007ff865294000 	C:\Windows\SYSTEM32\dbgcore.DLL
0x00007ff877580000 - 0x00007ff877602000 	C:\Windows\System32\bcryptPrimitives.dll
0x00007ff84ef10000 - 0x00007ff84ef35000 	C:\Program Files\Java\jdk-17\bin\java.dll
0x00007ff849850000 - 0x00007ff849927000 	C:\Program Files\Java\jdk-17\bin\jsvml.dll
0x00007ff878e20000 - 0x00007ff879564000 	C:\Windows\System32\SHELL32.dll
0x00007ff874d10000 - 0x00007ff8754a3000 	C:\Windows\SYSTEM32\windows.storage.dll
0x00007ff878240000 - 0x00007ff878594000 	C:\Windows\System32\combase.dll
0x00007ff876600000 - 0x00007ff87662e000 	C:\Windows\SYSTEM32\Wldp.dll
0x00007ff8785a0000 - 0x00007ff87864d000 	C:\Windows\System32\SHCORE.dll
0x00007ff878c00000 - 0x00007ff878c55000 	C:\Windows\System32\shlwapi.dll
0x00007ff876bc0000 - 0x00007ff876be5000 	C:\Windows\SYSTEM32\profapi.dll
0x00007ff84a260000 - 0x00007ff84a279000 	C:\Program Files\Java\jdk-17\bin\net.dll
0x00007ff86bec0000 - 0x00007ff86bfca000 	C:\Windows\SYSTEM32\WINHTTP.dll
0x00007ff876360000 - 0x00007ff8763ca000 	C:\Windows\system32\mswsock.dll
0x00007ff84a240000 - 0x00007ff84a256000 	C:\Program Files\Java\jdk-17\bin\nio.dll
0x00007ff84a220000 - 0x00007ff84a238000 	C:\Program Files\Java\jdk-17\bin\zip.dll
0x00007ff86f6f0000 - 0x00007ff86f700000 	C:\Program Files\Java\jdk-17\bin\verify.dll
0x00007ff845650000 - 0x00007ff845677000 	C:\Users\ss\.gradle\native\e1d6ef7f7dcc3fd88c89a11ec53ec762bb8ba0a96d01ffa2cd45eb1d1d8dd5c5\windows-amd64\native-platform.dll
0x00007ff851c90000 - 0x00007ff851c9a000 	C:\Program Files\Java\jdk-17\bin\management.dll
0x00007ff84da70000 - 0x00007ff84da7b000 	C:\Program Files\Java\jdk-17\bin\management_ext.dll
0x00007ff876550000 - 0x00007ff876568000 	C:\Windows\SYSTEM32\CRYPTSP.dll
0x00007ff875c70000 - 0x00007ff875ca4000 	C:\Windows\system32\rsaenh.dll
0x00007ff877460000 - 0x00007ff877487000 	C:\Windows\System32\bcrypt.dll
0x00007ff876b80000 - 0x00007ff876bae000 	C:\Windows\SYSTEM32\USERENV.dll
0x00007ff876570000 - 0x00007ff87657c000 	C:\Windows\SYSTEM32\CRYPTBASE.dll
0x00007ff876050000 - 0x00007ff87608b000 	C:\Windows\SYSTEM32\IPHLPAPI.DLL
0x00007ff878060000 - 0x00007ff878068000 	C:\Windows\System32\NSI.dll
0x00007ff86c6a0000 - 0x00007ff86c6b7000 	C:\Windows\SYSTEM32\dhcpcsvc6.DLL
0x00007ff86cf20000 - 0x00007ff86cf3d000 	C:\Windows\SYSTEM32\dhcpcsvc.DLL
0x00007ff876090000 - 0x00007ff87615a000 	C:\Windows\SYSTEM32\DNSAPI.dll
0x00007ff84d1a0000 - 0x00007ff84d1ad000 	C:\Program Files\Java\jdk-17\bin\sunmscapi.dll
0x00007ff876c90000 - 0x00007ff876dee000 	C:\Windows\System32\CRYPT32.dll
0x00007ff876670000 - 0x00007ff876698000 	C:\Windows\SYSTEM32\ncrypt.dll
0x00007ff876630000 - 0x00007ff87666b000 	C:\Windows\SYSTEM32\NTASN1.dll
0x00007ff846620000 - 0x00007ff846627000 	C:\Windows\system32\wshunix.dll

dbghelp: loaded successfully - version: 4.0.5 - missing functions: none
symbol engine: initialized successfully - sym options: 0x614 - pdb path: .;C:\Program Files\Java\jdk-17\bin;C:\Windows\SYSTEM32;C:\Windows\WinSxS\amd64_microsoft.windows.common-controls_6595b64144ccf1df_6.0.19041.1110_none_60b5254171f9507e;C:\Program Files\Java\jdk-17\bin\server;C:\Users\ss\.gradle\native\e1d6ef7f7dcc3fd88c89a11ec53ec762bb8ba0a96d01ffa2cd45eb1d1d8dd5c5\windows-amd64

VM Arguments:
jvm_args: -Xmx64m -Xms64m -Dorg.gradle.appname=gradlew 
java_command: org.gradle.wrapper.GradleWrapperMain app:installDebug -PreactNativeDevServerPort=8081
java_class_path (initial): C:\\Users\\ss\\Desktop\\teachers-vision\\android\\\\gradle\\wrapper\\gradle-wrapper.jar
Launcher Type: SUN_STANDARD

[Global flags]
     intx CICompilerCount                          = 3                                         {product} {ergonomic}
     uint ConcGCThreads                            = 1                                         {product} {ergonomic}
     uint G1ConcRefinementThreads                  = 4                                         {product} {ergonomic}
   size_t G1HeapRegionSize                         = 1048576                                   {product} {ergonomic}
    uintx GCDrainStackTargetSize                   = 64                                        {product} {ergonomic}
   size_t InitialHeapSize                          = 67108864                                  {product} {command line}
   size_t MarkStackSize                            = 4194304                                   {product} {ergonomic}
   size_t MaxHeapSize                              = 67108864                                  {product} {command line}
   size_t MaxNewSize                               = 39845888                                  {product} {ergonomic}
   size_t MinHeapDeltaBytes                        = 1048576                                   {product} {ergonomic}
   size_t MinHeapSize                              = 67108864                                  {product} {command line}
    uintx NonNMethodCodeHeapSize                   = 5832780                                {pd product} {ergonomic}
    uintx NonProfiledCodeHeapSize                  = 122912730                              {pd product} {ergonomic}
    uintx ProfiledCodeHeapSize                     = 122912730                              {pd product} {ergonomic}
    uintx ReservedCodeCacheSize                    = 251658240                              {pd product} {ergonomic}
     bool SegmentedCodeCache                       = true                                      {product} {ergonomic}
   size_t SoftMaxHeapSize                          = 67108864                               {manageable} {ergonomic}
     bool UseCompressedClassPointers               = true                           {product lp64_product} {ergonomic}
     bool UseCompressedOops                        = true                           {product lp64_product} {ergonomic}
     bool UseG1GC                                  = true                                      {product} {ergonomic}
     bool UseLargePagesIndividualAllocation        = false                                  {pd product} {ergonomic}

Logging:
Log output configuration:
 #0: stdout all=warning uptime,level,tags
 #1: stderr all=off uptime,level,tags

Environment Variables:
CLASSPATH=C:\Users\ss\Desktop\teachers-vision\android\\gradle\wrapper\gradle-wrapper.jar
PATH=C:\Users\ss\Desktop\teachers-vision\android\node_modules\.bin;C:\Users\ss\Desktop\teachers-vision\node_modules\.bin;C:\Users\ss\Desktop\node_modules\.bin;C:\Users\ss\node_modules\.bin;C:\Users\node_modules\.bin;C:\node_modules\.bin;C:\Program Files\nodejs;C:\Users\ss\Desktop\teachers-vision\node_modules\.bin;C:\Users\ss\Desktop\teachers-vision\node_modules\.bin;C:\Users\ss\Desktop\node_modules\.bin;C:\Users\ss\node_modules\.bin;C:\Users\node_modules\.bin;C:\node_modules\.bin;C:\Users\ss\AppData\Roaming\nvm\v16.16.0\node_modules\npm\node_modules\@npmcli\run-script\lib\node-gyp-bin;C:\Users\ss\Desktop\teachers-vision\node_modules\.bin;C:\Users\ss\Desktop\node_modules\.bin;C:\Users\ss\node_modules\.bin;C:\Users\node_modules\.bin;C:\node_modules\.bin;C:\Program Files\nodejs;C:\Users\ss\Desktop\teachers-vision\node_modules\.bin;C:\Users\ss\Desktop\teachers-vision\node_modules\.bin;C:\Users\ss\Desktop\node_modules\.bin;C:\Users\ss\node_modules\.bin;C:\Users\node_modules\.bin;C:\node_modules\.bin;C:\Users\ss\AppData\Roaming\nvm\v16.16.0\node_modules\npm\node_modules\@npmcli\run-script\lib\node-gyp-bin;C:\Program Files\Common Files\Oracle\Java\javapath;C:\Program Files (x86)\Common Files\Oracle\Java\javapath;C:\Program Files\Microsoft\jdk-11.0.18.10-hotspot\bin;C:\Program Files\Microsoft MPI\Bin\;C:\Windows\system32;C:\Windows;C:\Windows\System32\Wbem;C:\Windows\System32\WindowsPowerShell\v1.0\;C:\Windows\System32\OpenSSH\;C:\ProgramData\chocolatey\bin;C:\Users\ss\AppData\Local\Android\Sdk\platform-tools;C:\Program Files\Git\cmd;C:\Program Files\Microsoft SQL Server\150\Tools\Binn\;C:\Program Files (x86)\Microsoft SQL Server\160\Tools\Binn\;C:\Program Files\Microsoft SQL Server\160\Tools\Binn\;C:\Program Files\Microsoft SQL Server\Client SDK\ODBC\170\Tools\Binn\;C:\Program Files\Microsoft SQL Server\160\DTS\Binn\;C:\Program Files\dotnet\;C:\Program Files (x86)\dotnet\;C:\Program Files (x86)\Microsoft SQL Server\160\DTS\Binn\;C:\Program Files (x86)\Microsoft SQL Server\150
USERNAME=ss
LANG=en_US.UTF-8
OS=Windows_NT
PROCESSOR_IDENTIFIER=Intel64 Family 6 Model 142 Stepping 9, GenuineIntel



---------------  S Y S T E M  ---------------

OS:
 Windows 10 , 64 bit Build 19041 (10.0.19041.3155)
OS uptime: 7 days 8:01 hours

CPU: total 4 (initial active 4) (2 cores per cpu, 2 threads per core) family 6 model 142 stepping 9 microcode 0xb4, cx8, cmov, fxsr, ht, mmx, 3dnowpref, sse, sse2, sse3, ssse3, sse4.1, sse4.2, popcnt, lzcnt, tsc, tscinvbit, avx, avx2, aes, erms, clmul, bmi1, bmi2, adx, fma, vzeroupper, clflush, clflushopt

Memory: 4k page, system-wide physical 16263M (573M free)
TotalPageFile size 27101M (AvailPageFile size 0M)
current process WorkingSet (physical memory assigned to process): 81M, peak: 83M
current process commit charge ("private bytes"): 154M, peak: 158M

vm_info: Java HotSpot(TM) 64-Bit Server VM (17.0.7+8-LTS-224) for windows-amd64 JRE (17.0.7+8-LTS-224), built on Feb 28 2023 23:03:02 by "mach5one" with MS VC++ 17.1 (VS2022)

END.
