#
# There is insufficient memory for the Java Runtime Environment to continue.
# Native memory allocation (malloc) failed to allocate 1095792 bytes for Chunk::new
# Possible reasons:
#   The system is out of physical RAM or swap space
#   The process is running with CompressedOops enabled, and the Java Heap may be blocking the growth of the native heap
# Possible solutions:
#   Reduce memory load on the system
#   Increase physical memory or swap space
#   Check if swap backing store is full
#   Decrease Java heap size (-Xmx/-Xms)
#   Decrease number of Java threads
#   Decrease Java thread stack sizes (-Xss)
#   Set larger code cache with -XX:ReservedCodeCacheSize=
#   JVM is running with Unscaled Compressed Oops mode in which the Java heap is
#     placed in the first 4GB address space. The Java Heap base address is the
#     maximum limit for the native heap growth. Please use -XX:HeapBaseMinAddress
#     to set the Java Heap base and to place the Java Heap above 4GB virtual address.
# This output file may be truncated or incomplete.
#
#  Out of Memory Error (arena.cpp:189), pid=20620, tid=9176
#
# JRE version: Java(TM) SE Runtime Environment (17.0.7+8) (build 17.0.7+8-LTS-224)
# Java VM: Java HotSpot(TM) 64-Bit Server VM (17.0.7+8-LTS-224, mixed mode, sharing, tiered, compressed oops, compressed class ptrs, g1 gc, windows-amd64)
# No core dump will be written. Minidumps are not enabled by default on client versions of Windows
#

---------------  S U M M A R Y ------------

Command Line: -XX:MaxMetaspaceSize=512m --add-opens=java.base/java.util=ALL-UNNAMED --add-opens=java.base/java.lang=ALL-UNNAMED --add-opens=java.base/java.lang.invoke=ALL-UNNAMED --add-opens=java.base/java.util=ALL-UNNAMED --add-opens=java.prefs/java.util.prefs=ALL-UNNAMED --add-opens=java.prefs/java.util.prefs=ALL-UNNAMED --add-opens=java.base/java.nio.charset=ALL-UNNAMED --add-opens=java.base/java.net=ALL-UNNAMED --add-opens=java.base/java.util.concurrent.atomic=ALL-UNNAMED -Xmx2048m -Dfile.encoding=windows-1252 -Duser.country=IN -Duser.language=en -Duser.variant org.gradle.launcher.daemon.bootstrap.GradleDaemon 7.3.3

Host: Intel(R) Core(TM) i5-7200U CPU @ 2.50GHz, 4 cores, 15G,  Windows 10 , 64 bit Build 19041 (10.0.19041.3155)
Time: Thu Sep 14 12:22:15 2023 India Standard Time elapsed time: 633.770076 seconds (0d 0h 10m 33s)

---------------  T H R E A D  ---------------

Current thread (0x0000022e7d168b60):  JavaThread "C2 CompilerThread0" daemon [_thread_in_native, id=9176, stack(0x0000006b25f00000,0x0000006b26000000)]


Current CompileTask:
C2: 633770 12535       4       java.util.regex.Pattern::compile (500 bytes)

Stack: [0x0000006b25f00000,0x0000006b26000000]
Native frames: (J=compiled Java code, j=interpreted, Vv=VM code, C=native code)
V  [jvm.dll+0x676a4a]
V  [jvm.dll+0x7d74f4]
V  [jvm.dll+0x7d8c9e]
V  [jvm.dll+0x7d9303]
V  [jvm.dll+0x2452c5]
V  [jvm.dll+0xaaa2b]
V  [jvm.dll+0xaafcc]
V  [jvm.dll+0x36141e]
V  [jvm.dll+0x32bba1]
V  [jvm.dll+0x32b03a]
V  [jvm.dll+0x217acf]
V  [jvm.dll+0x216f01]
V  [jvm.dll+0x1a35e0]
V  [jvm.dll+0x226a6e]
V  [jvm.dll+0x224e15]
V  [jvm.dll+0x78d05c]
V  [jvm.dll+0x78759a]
V  [jvm.dll+0x675875]
C  [ucrtbase.dll+0x21bb2]
C  [KERNEL32.DLL+0x17614]
C  [ntdll.dll+0x526b1]


---------------  P R O C E S S  ---------------

Threads class SMR info:
_java_thread_list=0x0000022e00e3dc40, length=87, elements={
0x0000022e5f7d8290, 0x0000022e7d147220, 0x0000022e7d147fa0, 0x0000022e7d162450,
0x0000022e7d165d30, 0x0000022e7d167600, 0x0000022e7d167ec0, 0x0000022e7d168b60,
0x0000022e7d169510, 0x0000022e7dc387b0, 0x0000022e7dc9be30, 0x0000022e7dc9d310,
0x0000022e00de7370, 0x0000022e009d7b30, 0x0000022e7ec98860, 0x0000022e009ee5f0,
0x0000022e7dcf58f0, 0x0000022e7ea18200, 0x0000022e7ea17390, 0x0000022e7ea17860,
0x0000022e7ea16ec0, 0x0000022e7ea17d30, 0x0000022e7ea18ba0, 0x0000022e7ea19a10,
0x0000022e7ea186d0, 0x0000022e7ea16520, 0x0000022e7ea169f0, 0x0000022e7ea19540,
0x0000022e7ea19070, 0x0000022e00bb05c0, 0x0000022e00bad5a0, 0x0000022e00baaa50,
0x0000022e00baf280, 0x0000022e00baf750, 0x0000022e00bb1dd0, 0x0000022e00baaf20,
0x0000022e00bab8c0, 0x0000022e00bada70, 0x0000022e00bb00f0, 0x0000022e00badf40,
0x0000022e00babd90, 0x0000022e00bacc00, 0x0000022e00bb1900, 0x0000022e00bad0d0,
0x0000022e00bb1430, 0x0000022e00bb0f60, 0x0000022e7ea19ee0, 0x0000022e7f371ae0,
0x0000022e7f372950, 0x0000022e7f370c70, 0x0000022e7f375e40, 0x0000022e7f377650,
0x0000022e7f377b20, 0x0000022e7f371140, 0x0000022e7f371610, 0x0000022e7f376310,
0x0000022e7f371fb0, 0x0000022e7f374b00, 0x0000022e7f3767e0, 0x0000022e7f377ff0,
0x0000022e7f374630, 0x0000022e7f372e20, 0x0000022e7f374160, 0x0000022e7f376cb0,
0x0000022e7f377180, 0x0000022e7f3732f0, 0x0000022e7f372480, 0x0000022e7f3737c0,
0x0000022e7f373c90, 0x0000022e7f3707a0, 0x0000022e7f374fd0, 0x0000022e7f3754a0,
0x0000022e7f375970, 0x0000022e006b8910, 0x0000022e006ba120, 0x0000022e006b8440,
0x0000022e006bcc70, 0x0000022e006b9c50, 0x0000022e006bb460, 0x0000022e006bbe00,
0x0000022e006bc7a0, 0x0000022e006bf7c0, 0x0000022e006bd140, 0x0000022e006bdae0,
0x0000022e03ee9990, 0x0000022e03eea330, 0x0000022e00758460
}

Java Threads: ( => current thread )
  0x0000022e5f7d8290 JavaThread "main" [_thread_blocked, id=10960, stack(0x0000006b25100000,0x0000006b25200000)]
  0x0000022e7d147220 JavaThread "Reference Handler" daemon [_thread_blocked, id=15284, stack(0x0000006b25900000,0x0000006b25a00000)]
  0x0000022e7d147fa0 JavaThread "Finalizer" daemon [_thread_blocked, id=24980, stack(0x0000006b25a00000,0x0000006b25b00000)]
  0x0000022e7d162450 JavaThread "Signal Dispatcher" daemon [_thread_blocked, id=2484, stack(0x0000006b25b00000,0x0000006b25c00000)]
  0x0000022e7d165d30 JavaThread "Attach Listener" daemon [_thread_blocked, id=23948, stack(0x0000006b25c00000,0x0000006b25d00000)]
  0x0000022e7d167600 JavaThread "Service Thread" daemon [_thread_blocked, id=23824, stack(0x0000006b25d00000,0x0000006b25e00000)]
  0x0000022e7d167ec0 JavaThread "Monitor Deflation Thread" daemon [_thread_blocked, id=19584, stack(0x0000006b25e00000,0x0000006b25f00000)]
=>0x0000022e7d168b60 JavaThread "C2 CompilerThread0" daemon [_thread_in_native, id=9176, stack(0x0000006b25f00000,0x0000006b26000000)]
  0x0000022e7d169510 JavaThread "C1 CompilerThread0" daemon [_thread_blocked, id=24916, stack(0x0000006b26000000,0x0000006b26100000)]
  0x0000022e7dc387b0 JavaThread "Sweeper thread" daemon [_thread_blocked, id=1344, stack(0x0000006b26100000,0x0000006b26200000)]
  0x0000022e7dc9be30 JavaThread "Common-Cleaner" daemon [_thread_blocked, id=10552, stack(0x0000006b26200000,0x0000006b26300000)]
  0x0000022e7dc9d310 JavaThread "Notification Thread" daemon [_thread_blocked, id=21980, stack(0x0000006b26300000,0x0000006b26400000)]
  0x0000022e00de7370 JavaThread "Daemon health stats" [_thread_blocked, id=18568, stack(0x0000006b26800000,0x0000006b26900000)]
  0x0000022e009d7b30 JavaThread "Incoming local TCP Connector on port 64450" [_thread_in_native, id=23556, stack(0x0000006b26900000,0x0000006b26a00000)]
  0x0000022e7ec98860 JavaThread "Daemon periodic checks" [_thread_blocked, id=11592, stack(0x0000006b26a00000,0x0000006b26b00000)]
  0x0000022e009ee5f0 JavaThread "Daemon" [_thread_blocked, id=21864, stack(0x0000006b26b00000,0x0000006b26c00000)]
  0x0000022e7dcf58f0 JavaThread "Handler for socket connection from /127.0.0.1:64450 to /127.0.0.1:64451" [_thread_in_native, id=23756, stack(0x0000006b26c00000,0x0000006b26d00000)]
  0x0000022e7ea18200 JavaThread "Cancel handler" [_thread_blocked, id=23012, stack(0x0000006b26d00000,0x0000006b26e00000)]
  0x0000022e7ea17390 JavaThread "Daemon worker" [_thread_in_vm, id=1488, stack(0x0000006b26e00000,0x0000006b26f00000)]
  0x0000022e7ea17860 JavaThread "Asynchronous log dispatcher for DefaultDaemonConnection: socket connection from /127.0.0.1:64450 to /127.0.0.1:64451" [_thread_blocked, id=24424, stack(0x0000006b26f00000,0x0000006b27000000)]
  0x0000022e7ea16ec0 JavaThread "Stdin handler" [_thread_blocked, id=22920, stack(0x0000006b27000000,0x0000006b27100000)]
  0x0000022e7ea17d30 JavaThread "Daemon client event forwarder" [_thread_blocked, id=19780, stack(0x0000006b27100000,0x0000006b27200000)]
  0x0000022e7ea18ba0 JavaThread "Cache worker for journal cache (C:\Users\ss\.gradle\caches\journal-1)" [_thread_blocked, id=24560, stack(0x0000006b27200000,0x0000006b27300000)]
  0x0000022e7ea19a10 JavaThread "File lock request listener" [_thread_in_native, id=24224, stack(0x0000006b27300000,0x0000006b27400000)]
  0x0000022e7ea186d0 JavaThread "Cache worker for file hash cache (C:\Users\ss\.gradle\caches\7.3.3\fileHashes)" [_thread_blocked, id=25380, stack(0x0000006b27400000,0x0000006b27500000)]
  0x0000022e7ea16520 JavaThread "Cache worker for file hash cache (C:\Users\ss\Desktop\teachers-vision\android\.gradle\7.3.3\fileHashes)" [_thread_blocked, id=19484, stack(0x0000006b27600000,0x0000006b27700000)]
  0x0000022e7ea169f0 JavaThread "File watcher server" daemon [_thread_in_native, id=20912, stack(0x0000006b27700000,0x0000006b27800000)]
  0x0000022e7ea19540 JavaThread "File watcher consumer" daemon [_thread_blocked, id=18660, stack(0x0000006b27800000,0x0000006b27900000)]
  0x0000022e7ea19070 JavaThread "Cache worker for checksums cache (C:\Users\ss\Desktop\teachers-vision\android\.gradle\7.3.3\checksums)" [_thread_blocked, id=17476, stack(0x0000006b27900000,0x0000006b27a00000)]
  0x0000022e00bb05c0 JavaThread "Cache worker for cache directory md-supplier (C:\Users\ss\.gradle\caches\7.3.3\md-supplier)" [_thread_blocked, id=5032, stack(0x0000006b27a00000,0x0000006b27b00000)]
  0x0000022e00bad5a0 JavaThread "Cache worker for cache directory md-rule (C:\Users\ss\.gradle\caches\7.3.3\md-rule)" [_thread_blocked, id=23128, stack(0x0000006b27b00000,0x0000006b27c00000)]
  0x0000022e00baaa50 JavaThread "Cache worker for execution history cache (C:\Users\ss\.gradle\caches\7.3.3\executionHistory)" [_thread_blocked, id=21068, stack(0x0000006b27c00000,0x0000006b27d00000)]
  0x0000022e00baf280 JavaThread "jar transforms" [_thread_blocked, id=18260, stack(0x0000006b27d00000,0x0000006b27e00000)]
  0x0000022e00baf750 JavaThread "jar transforms Thread 2" [_thread_blocked, id=18968, stack(0x0000006b27e00000,0x0000006b27f00000)]
  0x0000022e00bb1dd0 JavaThread "Cache worker for file content cache (C:\Users\ss\.gradle\caches\7.3.3\fileContent)" [_thread_blocked, id=15520, stack(0x0000006b27f00000,0x0000006b28000000)]
  0x0000022e00baaf20 JavaThread "jar transforms Thread 3" [_thread_blocked, id=16780, stack(0x0000006b28200000,0x0000006b28300000)]
  0x0000022e00bab8c0 JavaThread "jar transforms Thread 4" [_thread_blocked, id=20252, stack(0x0000006b28300000,0x0000006b28400000)]
  0x0000022e00bada70 JavaThread "Cache worker for kotlin-dsl (C:\Users\ss\.gradle\caches\7.3.3\kotlin-dsl)" [_thread_blocked, id=24708, stack(0x0000006b25200000,0x0000006b25300000)]
  0x0000022e00bb00f0 JavaThread "Cache worker for dependencies-accessors (C:\Users\ss\Desktop\teachers-vision\android\.gradle\7.3.3\dependencies-accessors)" [_thread_blocked, id=5928, stack(0x0000006b27500000,0x0000006b27600000)]
  0x0000022e00badf40 JavaThread "Cache worker for Build Output Cleanup Cache (C:\Users\ss\Desktop\teachers-vision\node_modules\react-native-gradle-plugin\.gradle\buildOutputCleanup)" [_thread_blocked, id=15752, stack(0x0000006b28000000,0x0000006b28100000)]
  0x0000022e00babd90 JavaThread "Unconstrained build operations" [_thread_blocked, id=18636, stack(0x0000006b28400000,0x0000006b28500000)]
  0x0000022e00bacc00 JavaThread "Unconstrained build operations Thread 2" [_thread_blocked, id=17764, stack(0x0000006b28500000,0x0000006b28600000)]
  0x0000022e00bb1900 JavaThread "Unconstrained build operations Thread 3" [_thread_blocked, id=25092, stack(0x0000006b28600000,0x0000006b28700000)]
  0x0000022e00bad0d0 JavaThread "Unconstrained build operations Thread 4" [_thread_blocked, id=22468, stack(0x0000006b28700000,0x0000006b28800000)]
  0x0000022e00bb1430 JavaThread "Unconstrained build operations Thread 5" [_thread_blocked, id=20692, stack(0x0000006b28800000,0x0000006b28900000)]
  0x0000022e00bb0f60 JavaThread "Unconstrained build operations Thread 6" [_thread_blocked, id=15204, stack(0x0000006b28900000,0x0000006b28a00000)]
  0x0000022e7ea19ee0 JavaThread "Unconstrained build operations Thread 7" [_thread_blocked, id=16864, stack(0x0000006b28a00000,0x0000006b28b00000)]
  0x0000022e7f371ae0 JavaThread "Unconstrained build operations Thread 8" [_thread_blocked, id=9488, stack(0x0000006b28b00000,0x0000006b28c00000)]
  0x0000022e7f372950 JavaThread "Unconstrained build operations Thread 9" [_thread_blocked, id=18056, stack(0x0000006b28c00000,0x0000006b28d00000)]
  0x0000022e7f370c70 JavaThread "Unconstrained build operations Thread 10" [_thread_blocked, id=24972, stack(0x0000006b28d00000,0x0000006b28e00000)]
  0x0000022e7f375e40 JavaThread "Unconstrained build operations Thread 11" [_thread_blocked, id=24732, stack(0x0000006b28e00000,0x0000006b28f00000)]
  0x0000022e7f377650 JavaThread "Unconstrained build operations Thread 12" [_thread_blocked, id=17512, stack(0x0000006b28f00000,0x0000006b29000000)]
  0x0000022e7f377b20 JavaThread "Unconstrained build operations Thread 13" [_thread_blocked, id=10356, stack(0x0000006b29000000,0x0000006b29100000)]
  0x0000022e7f371140 JavaThread "Unconstrained build operations Thread 14" [_thread_blocked, id=22164, stack(0x0000006b29100000,0x0000006b29200000)]
  0x0000022e7f371610 JavaThread "Unconstrained build operations Thread 15" [_thread_blocked, id=19104, stack(0x0000006b29200000,0x0000006b29300000)]
  0x0000022e7f376310 JavaThread "Unconstrained build operations Thread 16" [_thread_blocked, id=17172, stack(0x0000006b29300000,0x0000006b29400000)]
  0x0000022e7f371fb0 JavaThread "Unconstrained build operations Thread 17" [_thread_blocked, id=12900, stack(0x0000006b29400000,0x0000006b29500000)]
  0x0000022e7f374b00 JavaThread "Unconstrained build operations Thread 18" [_thread_blocked, id=24136, stack(0x0000006b29500000,0x0000006b29600000)]
  0x0000022e7f3767e0 JavaThread "Unconstrained build operations Thread 19" [_thread_blocked, id=23876, stack(0x0000006b29600000,0x0000006b29700000)]
  0x0000022e7f377ff0 JavaThread "Unconstrained build operations Thread 20" [_thread_blocked, id=23156, stack(0x0000006b29700000,0x0000006b29800000)]
  0x0000022e7f374630 JavaThread "Unconstrained build operations Thread 21" [_thread_blocked, id=8136, stack(0x0000006b29800000,0x0000006b29900000)]
  0x0000022e7f372e20 JavaThread "Unconstrained build operations Thread 22" [_thread_blocked, id=3048, stack(0x0000006b29900000,0x0000006b29a00000)]
  0x0000022e7f374160 JavaThread "Unconstrained build operations Thread 23" [_thread_blocked, id=7948, stack(0x0000006b29a00000,0x0000006b29b00000)]
  0x0000022e7f376cb0 JavaThread "Unconstrained build operations Thread 24" [_thread_blocked, id=25280, stack(0x0000006b29b00000,0x0000006b29c00000)]
  0x0000022e7f377180 JavaThread "Unconstrained build operations Thread 25" [_thread_blocked, id=14912, stack(0x0000006b29c00000,0x0000006b29d00000)]
  0x0000022e7f3732f0 JavaThread "Unconstrained build operations Thread 26" [_thread_blocked, id=13404, stack(0x0000006b29d00000,0x0000006b29e00000)]
  0x0000022e7f372480 JavaThread "Unconstrained build operations Thread 27" [_thread_blocked, id=4312, stack(0x0000006b29e00000,0x0000006b29f00000)]
  0x0000022e7f3737c0 JavaThread "Unconstrained build operations Thread 28" [_thread_blocked, id=18032, stack(0x0000006b29f00000,0x0000006b2a000000)]
  0x0000022e7f373c90 JavaThread "Unconstrained build operations Thread 29" [_thread_blocked, id=11788, stack(0x0000006b2a000000,0x0000006b2a100000)]
  0x0000022e7f3707a0 JavaThread "Unconstrained build operations Thread 30" [_thread_blocked, id=17644, stack(0x0000006b2a100000,0x0000006b2a200000)]
  0x0000022e7f374fd0 JavaThread "Unconstrained build operations Thread 31" [_thread_blocked, id=23120, stack(0x0000006b2a200000,0x0000006b2a300000)]
  0x0000022e7f3754a0 JavaThread "Unconstrained build operations Thread 32" [_thread_blocked, id=20676, stack(0x0000006b2a300000,0x0000006b2a400000)]
  0x0000022e7f375970 JavaThread "Unconstrained build operations Thread 33" [_thread_blocked, id=13924, stack(0x0000006b2a400000,0x0000006b2a500000)]
  0x0000022e006b8910 JavaThread "build event listener" [_thread_blocked, id=21104, stack(0x0000006b2a600000,0x0000006b2a700000)]
  0x0000022e006ba120 JavaThread "Memory manager" [_thread_blocked, id=18124, stack(0x0000006b2a500000,0x0000006b2a600000)]
  0x0000022e006b8440 JavaThread "Cache worker for Build Output Cleanup Cache (C:\Users\ss\Desktop\teachers-vision\android\.gradle\buildOutputCleanup)" [_thread_blocked, id=5476, stack(0x0000006b2a700000,0x0000006b2a800000)]
  0x0000022e006bcc70 JavaThread "Cache worker for execution history cache (C:\Users\ss\Desktop\teachers-vision\node_modules\react-native-gradle-plugin\.gradle\7.3.3\executionHistory)" [_thread_blocked, id=25576, stack(0x0000006b2ac00000,0x0000006b2ad00000)]
  0x0000022e006b9c50 JavaThread "Unconstrained build operations Thread 34" [_thread_blocked, id=18120, stack(0x0000006b2ad00000,0x0000006b2ae00000)]
  0x0000022e006bb460 JavaThread "Unconstrained build operations Thread 35" [_thread_blocked, id=21700, stack(0x0000006b2ae00000,0x0000006b2af00000)]
  0x0000022e006bbe00 JavaThread "Unconstrained build operations Thread 36" [_thread_blocked, id=944, stack(0x0000006b2af00000,0x0000006b2b000000)]
  0x0000022e006bc7a0 JavaThread "Unconstrained build operations Thread 37" [_thread_blocked, id=21052, stack(0x0000006b2b000000,0x0000006b2b100000)]
  0x0000022e006bf7c0 JavaThread "Unconstrained build operations Thread 38" [_thread_blocked, id=21260, stack(0x0000006b2b100000,0x0000006b2b200000)]
  0x0000022e006bd140 JavaThread "Unconstrained build operations Thread 39" [_thread_blocked, id=23000, stack(0x0000006b2b200000,0x0000006b2b300000)]
  0x0000022e006bdae0 JavaThread "Unconstrained build operations Thread 40" [_thread_blocked, id=23884, stack(0x0000006b2b300000,0x0000006b2b400000)]
  0x0000022e03ee9990 JavaThread "File lock release action executor Thread 6" [_thread_blocked, id=27988, stack(0x0000006b28100000,0x0000006b28200000)]
  0x0000022e03eea330 JavaThread "build event listener" [_thread_blocked, id=19404, stack(0x0000006b2a800000,0x0000006b2a900000)]
  0x0000022e00758460 JavaThread "C2 CompilerThread1" daemon [_thread_blocked, id=20308, stack(0x0000006b25000000,0x0000006b25100000)]

Other Threads:
  0x0000022e7d141880 VMThread "VM Thread" [stack: 0x0000006b25800000,0x0000006b25900000] [id=13304] _threads_hazard_ptr=0x0000022e00e3dc40
  0x0000022e7dc9f7f0 WatcherThread [stack: 0x0000006b26400000,0x0000006b26500000] [id=22808]
  0x0000022e5f830380 GCTaskThread "GC Thread#0" [stack: 0x0000006b25300000,0x0000006b25400000] [id=1448]
  0x0000022e7e422020 GCTaskThread "GC Thread#1" [stack: 0x0000006b26500000,0x0000006b26600000] [id=22948]
  0x0000022e7e4222d0 GCTaskThread "GC Thread#2" [stack: 0x0000006b26600000,0x0000006b26700000] [id=21936]
  0x0000022e7e422580 GCTaskThread "GC Thread#3" [stack: 0x0000006b26700000,0x0000006b26800000] [id=21748]
  0x0000022e5f8411d0 ConcurrentGCThread "G1 Main Marker" [stack: 0x0000006b25400000,0x0000006b25500000] [id=19716]
  0x0000022e5f841af0 ConcurrentGCThread "G1 Conc#0" [stack: 0x0000006b25500000,0x0000006b25600000] [id=10216]
  0x0000022e7cffe130 ConcurrentGCThread "G1 Refine#0" [stack: 0x0000006b25600000,0x0000006b25700000] [id=2888]
  0x0000022e7cffe960 ConcurrentGCThread "G1 Service" [stack: 0x0000006b25700000,0x0000006b25800000] [id=21924]

Threads with active compile tasks:
C2 CompilerThread0   633999 12535       4       java.util.regex.Pattern::compile (500 bytes)

VM state: synchronizing (normal execution)

VM Mutex/Monitor currently owned by a thread:  ([mutex/lock_event])
[0x0000022e5f7c5850] Metaspace_lock - owner thread: 0x0000022e7ea17390
[0x0000022e5f7d30b0] Threads_lock - owner thread: 0x0000022e7d141880

Heap address: 0x0000000080000000, size: 2048 MB, Compressed Oops mode: 32-bit

CDS archive(s) mapped at: [0x0000000800000000-0x0000000800bd0000-0x0000000800bd0000), size 12386304, SharedBaseAddress: 0x0000000800000000, ArchiveRelocationMode: 0.
Compressed class space mapped at: 0x0000000800c00000-0x000000081a800000, reserved size: 432013312
Narrow klass base: 0x0000000800000000, Narrow klass shift: 0, Narrow klass range: 0x100000000

GC Precious Log:
 CPUs: 4 total, 4 available
 Memory: 16263M
 Large Page Support: Disabled
 NUMA Support: Disabled
 Compressed Oops: Enabled (32-bit)
 Heap Region Size: 1M
 Heap Min Capacity: 8M
 Heap Initial Capacity: 256M
 Heap Max Capacity: 2G
 Pre-touch: Disabled
 Parallel Workers: 4
 Concurrent Workers: 1
 Concurrent Refinement Workers: 4
 Periodic GC: Disabled

Heap:
 garbage-first heap   total 188416K, used 138505K [0x0000000080000000, 0x0000000100000000)
  region size 1024K, 34 young (34816K), 5 survivors (5120K)
 Metaspace       used 85599K, committed 86784K, reserved 503808K
  class space    used 11769K, committed 12352K, reserved 421888K

Heap Regions: E=young(eden), S=young(survivor), O=old, HS=humongous(starts), HC=humongous(continues), CS=collection set, F=free, OA=open archive, CA=closed archive, TAMS=top-at-mark-start (previous, next)
|   0|0x0000000080000000, 0x0000000080100000, 0x0000000080100000|100%|HS|  |TAMS 0x0000000080100000, 0x0000000080000000| Complete 
|   1|0x0000000080100000, 0x0000000080200000, 0x0000000080200000|100%|HC|  |TAMS 0x0000000080200000, 0x0000000080100000| Complete 
|   2|0x0000000080200000, 0x0000000080300000, 0x0000000080300000|100%|HC|  |TAMS 0x0000000080300000, 0x0000000080200000| Complete 
|   3|0x0000000080300000, 0x0000000080400000, 0x0000000080400000|100%| O|  |TAMS 0x0000000080400000, 0x0000000080300000| Untracked 
|   4|0x0000000080400000, 0x0000000080500000, 0x0000000080500000|100%| O|  |TAMS 0x0000000080500000, 0x0000000080400000| Untracked 
|   5|0x0000000080500000, 0x0000000080600000, 0x0000000080600000|100%| O|  |TAMS 0x0000000080600000, 0x0000000080500000| Untracked 
|   6|0x0000000080600000, 0x0000000080700000, 0x0000000080700000|100%| O|  |TAMS 0x0000000080700000, 0x0000000080600000| Untracked 
|   7|0x0000000080700000, 0x0000000080800000, 0x0000000080800000|100%| O|  |TAMS 0x0000000080800000, 0x0000000080700000| Untracked 
|   8|0x0000000080800000, 0x0000000080900000, 0x0000000080900000|100%| O|  |TAMS 0x0000000080900000, 0x0000000080800000| Untracked 
|   9|0x0000000080900000, 0x0000000080a00000, 0x0000000080a00000|100%| O|  |TAMS 0x0000000080a00000, 0x0000000080900000| Untracked 
|  10|0x0000000080a00000, 0x0000000080b00000, 0x0000000080b00000|100%| O|  |TAMS 0x0000000080b00000, 0x0000000080a00000| Untracked 
|  11|0x0000000080b00000, 0x0000000080c00000, 0x0000000080c00000|100%| O|  |TAMS 0x0000000080c00000, 0x0000000080b00000| Untracked 
|  12|0x0000000080c00000, 0x0000000080d00000, 0x0000000080d00000|100%| O|  |TAMS 0x0000000080d00000, 0x0000000080c00000| Untracked 
|  13|0x0000000080d00000, 0x0000000080e00000, 0x0000000080e00000|100%| O|  |TAMS 0x0000000080e00000, 0x0000000080d00000| Untracked 
|  14|0x0000000080e00000, 0x0000000080f00000, 0x0000000080f00000|100%| O|  |TAMS 0x0000000080f00000, 0x0000000080e00000| Untracked 
|  15|0x0000000080f00000, 0x0000000081000000, 0x0000000081000000|100%| O|  |TAMS 0x0000000081000000, 0x0000000080f00000| Untracked 
|  16|0x0000000081000000, 0x0000000081100000, 0x0000000081100000|100%| O|  |TAMS 0x0000000081100000, 0x0000000081000000| Untracked 
|  17|0x0000000081100000, 0x0000000081200000, 0x0000000081200000|100%| O|  |TAMS 0x0000000081200000, 0x0000000081100000| Untracked 
|  18|0x0000000081200000, 0x0000000081300000, 0x0000000081300000|100%| O|  |TAMS 0x0000000081300000, 0x0000000081200000| Untracked 
|  19|0x0000000081300000, 0x0000000081400000, 0x0000000081400000|100%| O|  |TAMS 0x0000000081400000, 0x0000000081300000| Untracked 
|  20|0x0000000081400000, 0x0000000081500000, 0x0000000081500000|100%| O|  |TAMS 0x0000000081500000, 0x0000000081400000| Untracked 
|  21|0x0000000081500000, 0x0000000081600000, 0x0000000081600000|100%| O|  |TAMS 0x0000000081600000, 0x0000000081500000| Untracked 
|  22|0x0000000081600000, 0x0000000081700000, 0x0000000081700000|100%| O|  |TAMS 0x0000000081700000, 0x0000000081600000| Untracked 
|  23|0x0000000081700000, 0x0000000081800000, 0x0000000081800000|100%|HS|  |TAMS 0x0000000081800000, 0x0000000081700000| Complete 
|  24|0x0000000081800000, 0x0000000081900000, 0x0000000081900000|100%| O|  |TAMS 0x0000000081900000, 0x0000000081800000| Untracked 
|  25|0x0000000081900000, 0x0000000081a00000, 0x0000000081a00000|100%| O|  |TAMS 0x0000000081a00000, 0x0000000081900000| Untracked 
|  26|0x0000000081a00000, 0x0000000081b00000, 0x0000000081b00000|100%| O|  |TAMS 0x0000000081b00000, 0x0000000081a00000| Untracked 
|  27|0x0000000081b00000, 0x0000000081c00000, 0x0000000081c00000|100%| O|  |TAMS 0x0000000081c00000, 0x0000000081b00000| Untracked 
|  28|0x0000000081c00000, 0x0000000081d00000, 0x0000000081d00000|100%|HS|  |TAMS 0x0000000081d00000, 0x0000000081c00000| Complete 
|  29|0x0000000081d00000, 0x0000000081e00000, 0x0000000081e00000|100%|HC|  |TAMS 0x0000000081e00000, 0x0000000081d00000| Complete 
|  30|0x0000000081e00000, 0x0000000081f00000, 0x0000000081f00000|100%|HC|  |TAMS 0x0000000081f00000, 0x0000000081e00000| Complete 
|  31|0x0000000081f00000, 0x0000000082000000, 0x0000000082000000|100%| O|  |TAMS 0x0000000082000000, 0x0000000081f00000| Untracked 
|  32|0x0000000082000000, 0x0000000082100000, 0x0000000082100000|100%| O|  |TAMS 0x0000000082100000, 0x0000000082000000| Untracked 
|  33|0x0000000082100000, 0x0000000082200000, 0x0000000082200000|100%| O|  |TAMS 0x0000000082200000, 0x0000000082100000| Untracked 
|  34|0x0000000082200000, 0x0000000082300000, 0x0000000082300000|100%| O|  |TAMS 0x0000000082300000, 0x0000000082200000| Untracked 
|  35|0x0000000082300000, 0x0000000082400000, 0x0000000082400000|100%| O|  |TAMS 0x0000000082400000, 0x0000000082300000| Untracked 
|  36|0x0000000082400000, 0x0000000082500000, 0x0000000082500000|100%| O|  |TAMS 0x0000000082500000, 0x0000000082400000| Untracked 
|  37|0x0000000082500000, 0x0000000082600000, 0x0000000082600000|100%| O|  |TAMS 0x0000000082600000, 0x0000000082500000| Untracked 
|  38|0x0000000082600000, 0x0000000082700000, 0x0000000082700000|100%| O|  |TAMS 0x0000000082700000, 0x0000000082600000| Untracked 
|  39|0x0000000082700000, 0x0000000082800000, 0x0000000082800000|100%| O|  |TAMS 0x0000000082800000, 0x0000000082700000| Untracked 
|  40|0x0000000082800000, 0x0000000082900000, 0x0000000082900000|100%| O|  |TAMS 0x0000000082900000, 0x0000000082800000| Untracked 
|  41|0x0000000082900000, 0x0000000082a00000, 0x0000000082a00000|100%| O|  |TAMS 0x0000000082a00000, 0x0000000082900000| Untracked 
|  42|0x0000000082a00000, 0x0000000082b00000, 0x0000000082b00000|100%| O|  |TAMS 0x0000000082b00000, 0x0000000082a00000| Untracked 
|  43|0x0000000082b00000, 0x0000000082c00000, 0x0000000082c00000|100%| O|  |TAMS 0x0000000082c00000, 0x0000000082b00000| Untracked 
|  44|0x0000000082c00000, 0x0000000082d00000, 0x0000000082d00000|100%| O|  |TAMS 0x0000000082d00000, 0x0000000082c00000| Untracked 
|  45|0x0000000082d00000, 0x0000000082e00000, 0x0000000082e00000|100%| O|  |TAMS 0x0000000082e00000, 0x0000000082d00000| Untracked 
|  46|0x0000000082e00000, 0x0000000082f00000, 0x0000000082f00000|100%| O|  |TAMS 0x0000000082f00000, 0x0000000082e00000| Untracked 
|  47|0x0000000082f00000, 0x0000000083000000, 0x0000000083000000|100%| O|  |TAMS 0x0000000083000000, 0x0000000082f00000| Untracked 
|  48|0x0000000083000000, 0x0000000083100000, 0x0000000083100000|100%| O|  |TAMS 0x0000000083100000, 0x0000000083000000| Untracked 
|  49|0x0000000083100000, 0x0000000083200000, 0x0000000083200000|100%| O|  |TAMS 0x0000000083200000, 0x0000000083100000| Untracked 
|  50|0x0000000083200000, 0x0000000083300000, 0x0000000083300000|100%| O|  |TAMS 0x0000000083300000, 0x0000000083200000| Complete 
|  51|0x0000000083300000, 0x0000000083400000, 0x0000000083400000|100%| O|  |TAMS 0x0000000083400000, 0x0000000083300000| Untracked 
|  52|0x0000000083400000, 0x0000000083500000, 0x0000000083500000|100%| O|  |TAMS 0x0000000083500000, 0x0000000083400000| Untracked 
|  53|0x0000000083500000, 0x0000000083600000, 0x0000000083600000|100%| O|  |TAMS 0x0000000083600000, 0x0000000083500000| Untracked 
|  54|0x0000000083600000, 0x0000000083700000, 0x0000000083700000|100%| O|  |TAMS 0x0000000083700000, 0x0000000083600000| Untracked 
|  55|0x0000000083700000, 0x0000000083800000, 0x0000000083800000|100%|HS|  |TAMS 0x0000000083800000, 0x0000000083700000| Complete 
|  56|0x0000000083800000, 0x0000000083900000, 0x0000000083900000|100%|HS|  |TAMS 0x0000000083900000, 0x0000000083800000| Complete 
|  57|0x0000000083900000, 0x0000000083a00000, 0x0000000083a00000|100%|HS|  |TAMS 0x0000000083a00000, 0x0000000083900000| Complete 
|  58|0x0000000083a00000, 0x0000000083b00000, 0x0000000083b00000|100%|HS|  |TAMS 0x0000000083b00000, 0x0000000083a00000| Complete 
|  59|0x0000000083b00000, 0x0000000083c00000, 0x0000000083c00000|100%|HC|  |TAMS 0x0000000083c00000, 0x0000000083b00000| Complete 
|  60|0x0000000083c00000, 0x0000000083d00000, 0x0000000083d00000|100%| O|  |TAMS 0x0000000083d00000, 0x0000000083c00000| Untracked 
|  61|0x0000000083d00000, 0x0000000083e00000, 0x0000000083e00000|100%| O|  |TAMS 0x0000000083e00000, 0x0000000083d00000| Untracked 
|  62|0x0000000083e00000, 0x0000000083f00000, 0x0000000083f00000|100%| O|  |TAMS 0x0000000083f00000, 0x0000000083e00000| Untracked 
|  63|0x0000000083f00000, 0x0000000084000000, 0x0000000084000000|100%| O|  |TAMS 0x0000000084000000, 0x0000000083f00000| Untracked 
|  64|0x0000000084000000, 0x0000000084100000, 0x0000000084100000|100%| O|  |TAMS 0x0000000084100000, 0x0000000084000000| Untracked 
|  65|0x0000000084100000, 0x0000000084200000, 0x0000000084200000|100%| O|  |TAMS 0x0000000084200000, 0x0000000084100000| Untracked 
|  66|0x0000000084200000, 0x0000000084300000, 0x0000000084300000|100%| O|  |TAMS 0x0000000084300000, 0x0000000084200000| Untracked 
|  67|0x0000000084300000, 0x0000000084400000, 0x0000000084400000|100%| O|  |TAMS 0x0000000084400000, 0x0000000084300000| Untracked 
|  68|0x0000000084400000, 0x0000000084500000, 0x0000000084500000|100%| O|  |TAMS 0x0000000084500000, 0x0000000084400000| Untracked 
|  69|0x0000000084500000, 0x0000000084600000, 0x0000000084600000|100%| O|  |TAMS 0x0000000084600000, 0x0000000084500000| Untracked 
|  70|0x0000000084600000, 0x0000000084700000, 0x0000000084700000|100%| O|  |TAMS 0x0000000084700000, 0x0000000084600000| Untracked 
|  71|0x0000000084700000, 0x0000000084800000, 0x0000000084800000|100%| O|  |TAMS 0x0000000084800000, 0x0000000084700000| Untracked 
|  72|0x0000000084800000, 0x0000000084900000, 0x0000000084900000|100%| O|  |TAMS 0x0000000084900000, 0x0000000084800000| Untracked 
|  73|0x0000000084900000, 0x0000000084a00000, 0x0000000084a00000|100%| O|  |TAMS 0x0000000084a00000, 0x0000000084900000| Untracked 
|  74|0x0000000084a00000, 0x0000000084b00000, 0x0000000084b00000|100%| O|  |TAMS 0x0000000084b00000, 0x0000000084a00000| Untracked 
|  75|0x0000000084b00000, 0x0000000084c00000, 0x0000000084c00000|100%| O|  |TAMS 0x0000000084c00000, 0x0000000084b00000| Untracked 
|  76|0x0000000084c00000, 0x0000000084d00000, 0x0000000084d00000|100%| O|  |TAMS 0x0000000084d00000, 0x0000000084c00000| Untracked 
|  77|0x0000000084d00000, 0x0000000084e00000, 0x0000000084e00000|100%| O|  |TAMS 0x0000000084e00000, 0x0000000084d00000| Untracked 
|  78|0x0000000084e00000, 0x0000000084f00000, 0x0000000084f00000|100%| O|  |TAMS 0x0000000084f00000, 0x0000000084e00000| Untracked 
|  79|0x0000000084f00000, 0x0000000085000000, 0x0000000085000000|100%| O|  |TAMS 0x0000000085000000, 0x0000000084f00000| Untracked 
|  80|0x0000000085000000, 0x0000000085100000, 0x0000000085100000|100%| O|  |TAMS 0x0000000085100000, 0x0000000085000000| Untracked 
|  81|0x0000000085100000, 0x0000000085200000, 0x0000000085200000|100%| O|  |TAMS 0x0000000085200000, 0x0000000085100000| Untracked 
|  82|0x0000000085200000, 0x0000000085300000, 0x0000000085300000|100%| O|  |TAMS 0x0000000085300000, 0x0000000085200000| Untracked 
|  83|0x0000000085300000, 0x0000000085400000, 0x0000000085400000|100%| O|  |TAMS 0x0000000085400000, 0x0000000085300000| Untracked 
|  84|0x0000000085400000, 0x0000000085500000, 0x0000000085500000|100%| O|  |TAMS 0x0000000085500000, 0x0000000085400000| Untracked 
|  85|0x0000000085500000, 0x0000000085600000, 0x0000000085600000|100%| O|  |TAMS 0x0000000085600000, 0x0000000085500000| Untracked 
|  86|0x0000000085600000, 0x0000000085642600, 0x0000000085700000| 25%| O|  |TAMS 0x0000000085600000, 0x0000000085600000| Untracked 
|  87|0x0000000085700000, 0x0000000085800000, 0x0000000085800000|100%| O|  |TAMS 0x0000000085800000, 0x0000000085700000| Untracked 
|  88|0x0000000085800000, 0x0000000085900000, 0x0000000085900000|100%| O|  |TAMS 0x0000000085900000, 0x0000000085800000| Untracked 
|  89|0x0000000085900000, 0x0000000085a00000, 0x0000000085a00000|100%| O|  |TAMS 0x0000000085a00000, 0x0000000085900000| Untracked 
|  90|0x0000000085a00000, 0x0000000085b00000, 0x0000000085b00000|100%| O|  |TAMS 0x0000000085b00000, 0x0000000085a00000| Untracked 
|  91|0x0000000085b00000, 0x0000000085c00000, 0x0000000085c00000|100%| O|  |TAMS 0x0000000085c00000, 0x0000000085b00000| Untracked 
|  92|0x0000000085c00000, 0x0000000085d00000, 0x0000000085d00000|100%| O|  |TAMS 0x0000000085d00000, 0x0000000085c00000| Untracked 
|  93|0x0000000085d00000, 0x0000000085e00000, 0x0000000085e00000|100%| O|  |TAMS 0x0000000085e00000, 0x0000000085d00000| Untracked 
|  94|0x0000000085e00000, 0x0000000085f00000, 0x0000000085f00000|100%| O|  |TAMS 0x0000000085f00000, 0x0000000085e00000| Untracked 
|  95|0x0000000085f00000, 0x0000000086000000, 0x0000000086000000|100%| O|  |TAMS 0x0000000086000000, 0x0000000085f00000| Untracked 
|  96|0x0000000086000000, 0x0000000086100000, 0x0000000086100000|100%| O|  |TAMS 0x0000000086100000, 0x0000000086000000| Untracked 
|  97|0x0000000086100000, 0x0000000086200000, 0x0000000086200000|100%| O|  |TAMS 0x0000000086200000, 0x0000000086100000| Untracked 
|  98|0x0000000086200000, 0x0000000086300000, 0x0000000086300000|100%| O|  |TAMS 0x0000000086300000, 0x0000000086200000| Untracked 
|  99|0x0000000086300000, 0x0000000086400000, 0x0000000086400000|100%| O|  |TAMS 0x0000000086400000, 0x0000000086300000| Untracked 
| 100|0x0000000086400000, 0x0000000086500000, 0x0000000086500000|100%| O|  |TAMS 0x0000000086500000, 0x0000000086400000| Untracked 
| 101|0x0000000086500000, 0x0000000086600000, 0x0000000086600000|100%| O|  |TAMS 0x0000000086600000, 0x0000000086500000| Untracked 
| 102|0x0000000086600000, 0x0000000086700000, 0x0000000086700000|100%| O|  |TAMS 0x0000000086700000, 0x0000000086600000| Untracked 
| 103|0x0000000086700000, 0x0000000086800000, 0x0000000086800000|100%| O|  |TAMS 0x0000000086733000, 0x0000000086700000| Untracked 
| 104|0x0000000086800000, 0x0000000086800000, 0x0000000086900000|  0%| F|  |TAMS 0x0000000086800000, 0x0000000086800000| Untracked 
| 105|0x0000000086900000, 0x0000000086900000, 0x0000000086a00000|  0%| F|  |TAMS 0x0000000086900000, 0x0000000086900000| Untracked 
| 106|0x0000000086a00000, 0x0000000086a00000, 0x0000000086b00000|  0%| F|  |TAMS 0x0000000086a00000, 0x0000000086a00000| Untracked 
| 107|0x0000000086b00000, 0x0000000086b00000, 0x0000000086c00000|  0%| F|  |TAMS 0x0000000086b00000, 0x0000000086b00000| Untracked 
| 108|0x0000000086c00000, 0x0000000086c00000, 0x0000000086d00000|  0%| F|  |TAMS 0x0000000086c00000, 0x0000000086c00000| Untracked 
| 109|0x0000000086d00000, 0x0000000086d00000, 0x0000000086e00000|  0%| F|  |TAMS 0x0000000086d00000, 0x0000000086d00000| Untracked 
| 110|0x0000000086e00000, 0x0000000086e00000, 0x0000000086f00000|  0%| F|  |TAMS 0x0000000086e00000, 0x0000000086e00000| Untracked 
| 111|0x0000000086f00000, 0x0000000086f00000, 0x0000000087000000|  0%| F|  |TAMS 0x0000000086f00000, 0x0000000086f00000| Untracked 
| 112|0x0000000087000000, 0x0000000087000000, 0x0000000087100000|  0%| F|  |TAMS 0x0000000087000000, 0x0000000087000000| Untracked 
| 113|0x0000000087100000, 0x0000000087100000, 0x0000000087200000|  0%| F|  |TAMS 0x0000000087100000, 0x0000000087100000| Untracked 
| 114|0x0000000087200000, 0x0000000087200000, 0x0000000087300000|  0%| F|  |TAMS 0x0000000087200000, 0x0000000087200000| Untracked 
| 115|0x0000000087300000, 0x0000000087300000, 0x0000000087400000|  0%| F|  |TAMS 0x0000000087300000, 0x0000000087300000| Untracked 
| 116|0x0000000087400000, 0x0000000087400000, 0x0000000087500000|  0%| F|  |TAMS 0x0000000087400000, 0x0000000087400000| Untracked 
| 117|0x0000000087500000, 0x0000000087500000, 0x0000000087600000|  0%| F|  |TAMS 0x0000000087500000, 0x0000000087500000| Untracked 
| 118|0x0000000087600000, 0x0000000087600000, 0x0000000087700000|  0%| F|  |TAMS 0x0000000087600000, 0x0000000087600000| Untracked 
| 119|0x0000000087700000, 0x0000000087700000, 0x0000000087800000|  0%| F|  |TAMS 0x0000000087700000, 0x0000000087700000| Untracked 
| 120|0x0000000087800000, 0x0000000087800000, 0x0000000087900000|  0%| F|  |TAMS 0x0000000087800000, 0x0000000087800000| Untracked 
| 121|0x0000000087900000, 0x0000000087900000, 0x0000000087a00000|  0%| F|  |TAMS 0x0000000087900000, 0x0000000087900000| Untracked 
| 122|0x0000000087a00000, 0x0000000087a00000, 0x0000000087b00000|  0%| F|  |TAMS 0x0000000087a00000, 0x0000000087a00000| Untracked 
| 123|0x0000000087b00000, 0x0000000087b00000, 0x0000000087c00000|  0%| F|  |TAMS 0x0000000087b00000, 0x0000000087b00000| Untracked 
| 124|0x0000000087c00000, 0x0000000087c00000, 0x0000000087d00000|  0%| F|  |TAMS 0x0000000087c00000, 0x0000000087c00000| Untracked 
| 125|0x0000000087d00000, 0x0000000087d00000, 0x0000000087e00000|  0%| F|  |TAMS 0x0000000087d00000, 0x0000000087d00000| Untracked 
| 126|0x0000000087e00000, 0x0000000087e00000, 0x0000000087f00000|  0%| F|  |TAMS 0x0000000087e00000, 0x0000000087e00000| Untracked 
| 127|0x0000000087f00000, 0x0000000087f00000, 0x0000000088000000|  0%| F|  |TAMS 0x0000000087f00000, 0x0000000087f00000| Untracked 
| 128|0x0000000088000000, 0x0000000088000000, 0x0000000088100000|  0%| F|  |TAMS 0x0000000088000000, 0x0000000088000000| Untracked 
| 129|0x0000000088100000, 0x0000000088100000, 0x0000000088200000|  0%| F|  |TAMS 0x0000000088100000, 0x0000000088100000| Untracked 
| 130|0x0000000088200000, 0x0000000088200000, 0x0000000088300000|  0%| F|  |TAMS 0x0000000088200000, 0x0000000088200000| Untracked 
| 131|0x0000000088300000, 0x0000000088400000, 0x0000000088400000|100%| S|CS|TAMS 0x0000000088300000, 0x0000000088300000| Complete 
| 132|0x0000000088400000, 0x0000000088500000, 0x0000000088500000|100%| S|CS|TAMS 0x0000000088400000, 0x0000000088400000| Complete 
| 133|0x0000000088500000, 0x0000000088600000, 0x0000000088600000|100%| S|CS|TAMS 0x0000000088500000, 0x0000000088500000| Complete 
| 134|0x0000000088600000, 0x0000000088700000, 0x0000000088700000|100%| S|CS|TAMS 0x0000000088600000, 0x0000000088600000| Complete 
| 135|0x0000000088700000, 0x0000000088800000, 0x0000000088800000|100%| S|CS|TAMS 0x0000000088700000, 0x0000000088700000| Complete 
| 136|0x0000000088800000, 0x0000000088800000, 0x0000000088900000|  0%| F|  |TAMS 0x0000000088800000, 0x0000000088800000| Untracked 
| 137|0x0000000088900000, 0x0000000088900000, 0x0000000088a00000|  0%| F|  |TAMS 0x0000000088900000, 0x0000000088900000| Untracked 
| 138|0x0000000088a00000, 0x0000000088a00000, 0x0000000088b00000|  0%| F|  |TAMS 0x0000000088a00000, 0x0000000088a00000| Untracked 
| 139|0x0000000088b00000, 0x0000000088b00000, 0x0000000088c00000|  0%| F|  |TAMS 0x0000000088b00000, 0x0000000088b00000| Untracked 
| 140|0x0000000088c00000, 0x0000000088c00000, 0x0000000088d00000|  0%| F|  |TAMS 0x0000000088c00000, 0x0000000088c00000| Untracked 
| 141|0x0000000088d00000, 0x0000000088d00000, 0x0000000088e00000|  0%| F|  |TAMS 0x0000000088d00000, 0x0000000088d00000| Untracked 
| 142|0x0000000088e00000, 0x0000000088e00000, 0x0000000088f00000|  0%| F|  |TAMS 0x0000000088e00000, 0x0000000088e00000| Untracked 
| 143|0x0000000088f00000, 0x0000000088f00000, 0x0000000089000000|  0%| F|  |TAMS 0x0000000088f00000, 0x0000000088f00000| Untracked 
| 144|0x0000000089000000, 0x0000000089000000, 0x0000000089100000|  0%| F|  |TAMS 0x0000000089000000, 0x0000000089000000| Untracked 
| 145|0x0000000089100000, 0x0000000089100000, 0x0000000089200000|  0%| F|  |TAMS 0x0000000089100000, 0x0000000089100000| Untracked 
| 146|0x0000000089200000, 0x0000000089200000, 0x0000000089300000|  0%| F|  |TAMS 0x0000000089200000, 0x0000000089200000| Untracked 
| 147|0x0000000089300000, 0x0000000089300000, 0x0000000089400000|  0%| F|  |TAMS 0x0000000089300000, 0x0000000089300000| Untracked 
| 148|0x0000000089400000, 0x0000000089400000, 0x0000000089500000|  0%| F|  |TAMS 0x0000000089400000, 0x0000000089400000| Untracked 
| 149|0x0000000089500000, 0x0000000089500000, 0x0000000089600000|  0%| F|  |TAMS 0x0000000089500000, 0x0000000089500000| Untracked 
| 150|0x0000000089600000, 0x0000000089600000, 0x0000000089700000|  0%| F|  |TAMS 0x0000000089600000, 0x0000000089600000| Untracked 
| 151|0x0000000089700000, 0x0000000089700000, 0x0000000089800000|  0%| F|  |TAMS 0x0000000089700000, 0x0000000089700000| Untracked 
| 152|0x0000000089800000, 0x0000000089800000, 0x0000000089900000|  0%| F|  |TAMS 0x0000000089800000, 0x0000000089800000| Untracked 
| 153|0x0000000089900000, 0x0000000089900000, 0x0000000089a00000|  0%| F|  |TAMS 0x0000000089900000, 0x0000000089900000| Untracked 
| 154|0x0000000089a00000, 0x0000000089a00000, 0x0000000089b00000|  0%| F|  |TAMS 0x0000000089a00000, 0x0000000089a00000| Untracked 
| 155|0x0000000089b00000, 0x0000000089b84e88, 0x0000000089c00000| 51%| E|  |TAMS 0x0000000089b00000, 0x0000000089b00000| Complete 
| 156|0x0000000089c00000, 0x0000000089d00000, 0x0000000089d00000|100%| E|CS|TAMS 0x0000000089c00000, 0x0000000089c00000| Complete 
| 157|0x0000000089d00000, 0x0000000089e00000, 0x0000000089e00000|100%| E|CS|TAMS 0x0000000089d00000, 0x0000000089d00000| Complete 
| 158|0x0000000089e00000, 0x0000000089f00000, 0x0000000089f00000|100%| E|CS|TAMS 0x0000000089e00000, 0x0000000089e00000| Complete 
| 159|0x0000000089f00000, 0x000000008a000000, 0x000000008a000000|100%| E|CS|TAMS 0x0000000089f00000, 0x0000000089f00000| Complete 
| 160|0x000000008a000000, 0x000000008a100000, 0x000000008a100000|100%| E|CS|TAMS 0x000000008a000000, 0x000000008a000000| Complete 
| 161|0x000000008a100000, 0x000000008a200000, 0x000000008a200000|100%| E|CS|TAMS 0x000000008a100000, 0x000000008a100000| Complete 
| 162|0x000000008a200000, 0x000000008a300000, 0x000000008a300000|100%| E|CS|TAMS 0x000000008a200000, 0x000000008a200000| Complete 
| 163|0x000000008a300000, 0x000000008a400000, 0x000000008a400000|100%| E|CS|TAMS 0x000000008a300000, 0x000000008a300000| Complete 
| 164|0x000000008a400000, 0x000000008a500000, 0x000000008a500000|100%| E|CS|TAMS 0x000000008a400000, 0x000000008a400000| Complete 
| 165|0x000000008a500000, 0x000000008a600000, 0x000000008a600000|100%| E|CS|TAMS 0x000000008a500000, 0x000000008a500000| Complete 
| 166|0x000000008a600000, 0x000000008a700000, 0x000000008a700000|100%| E|CS|TAMS 0x000000008a600000, 0x000000008a600000| Complete 
| 167|0x000000008a700000, 0x000000008a800000, 0x000000008a800000|100%| E|  |TAMS 0x000000008a700000, 0x000000008a700000| Complete 
| 168|0x000000008a800000, 0x000000008a900000, 0x000000008a900000|100%| E|CS|TAMS 0x000000008a800000, 0x000000008a800000| Complete 
| 169|0x000000008a900000, 0x000000008aa00000, 0x000000008aa00000|100%| E|CS|TAMS 0x000000008a900000, 0x000000008a900000| Complete 
| 170|0x000000008aa00000, 0x000000008ab00000, 0x000000008ab00000|100%| E|CS|TAMS 0x000000008aa00000, 0x000000008aa00000| Complete 
| 171|0x000000008ab00000, 0x000000008ac00000, 0x000000008ac00000|100%| E|CS|TAMS 0x000000008ab00000, 0x000000008ab00000| Complete 
| 172|0x000000008ac00000, 0x000000008ad00000, 0x000000008ad00000|100%| E|CS|TAMS 0x000000008ac00000, 0x000000008ac00000| Complete 
| 173|0x000000008ad00000, 0x000000008ae00000, 0x000000008ae00000|100%| E|CS|TAMS 0x000000008ad00000, 0x000000008ad00000| Complete 
| 174|0x000000008ae00000, 0x000000008af00000, 0x000000008af00000|100%| E|CS|TAMS 0x000000008ae00000, 0x000000008ae00000| Complete 
| 175|0x000000008af00000, 0x000000008b000000, 0x000000008b000000|100%| E|CS|TAMS 0x000000008af00000, 0x000000008af00000| Complete 
| 176|0x000000008b000000, 0x000000008b100000, 0x000000008b100000|100%| E|CS|TAMS 0x000000008b000000, 0x000000008b000000| Complete 
| 177|0x000000008b100000, 0x000000008b200000, 0x000000008b200000|100%| E|CS|TAMS 0x000000008b100000, 0x000000008b100000| Complete 
| 178|0x000000008b200000, 0x000000008b300000, 0x000000008b300000|100%| E|CS|TAMS 0x000000008b200000, 0x000000008b200000| Complete 
| 179|0x000000008b300000, 0x000000008b400000, 0x000000008b400000|100%| E|CS|TAMS 0x000000008b300000, 0x000000008b300000| Complete 
| 180|0x000000008b400000, 0x000000008b500000, 0x000000008b500000|100%| E|CS|TAMS 0x000000008b400000, 0x000000008b400000| Complete 
| 181|0x000000008b500000, 0x000000008b600000, 0x000000008b600000|100%| E|CS|TAMS 0x000000008b500000, 0x000000008b500000| Complete 
| 182|0x000000008b600000, 0x000000008b700000, 0x000000008b700000|100%| E|CS|TAMS 0x000000008b600000, 0x000000008b600000| Complete 
| 255|0x000000008ff00000, 0x0000000090000000, 0x0000000090000000|100%| E|CS|TAMS 0x000000008ff00000, 0x000000008ff00000| Complete 

Card table byte_map: [0x0000022e76460000,0x0000022e76860000] _byte_map_base: 0x0000022e76060000

Marking Bits (Prev, Next): (CMBitMap*) 0x0000022e5f8308a0, (CMBitMap*) 0x0000022e5f8308e0
 Prev Bits: [0x0000022e76c60000, 0x0000022e78c60000)
 Next Bits: [0x0000022e78c60000, 0x0000022e7ac60000)

Polling page: 0x0000022e5efb0000

Metaspace:

Usage:
  Non-class:     72.10 MB used.
      Class:     11.49 MB used.
       Both:     83.59 MB used.

Virtual space:
  Non-class space:       80.00 MB reserved,      72.69 MB ( 91%) committed,  10 nodes.
      Class space:      412.00 MB reserved,      12.06 MB (  3%) committed,  1 nodes.
             Both:      492.00 MB reserved,      84.75 MB ( 17%) committed. 

Chunk freelists:
   Non-Class:  2.86 MB
       Class:  3.99 MB
        Both:  6.85 MB

MaxMetaspaceSize: 512.00 MB
CompressedClassSpaceSize: 412.00 MB
Initial GC threshold: 21.00 MB
Current GC threshold: 140.62 MB
CDS: on
MetaspaceReclaimPolicy: balanced
 - commit_granule_bytes: 65536.
 - commit_granule_words: 8192.
 - virtual_space_node_default_size: 1048576.
 - enlarge_chunks_in_place: 1.
 - new_chunks_are_fully_committed: 0.
 - uncommit_free_chunks: 1.
 - use_allocation_guard: 0.
 - handle_deallocations: 1.


Internal statistics:

num_allocs_failed_limit: 6.
num_arena_births: 1188.
num_arena_deaths: 0.
num_vsnodes_births: 11.
num_vsnodes_deaths: 0.
num_space_committed: 1356.
num_space_uncommitted: 0.
num_chunks_returned_to_freelist: 6.
num_chunks_taken_from_freelist: 4840.
num_chunk_merges: 6.
num_chunk_splits: 3160.
num_chunks_enlarged: 2067.
num_purges: 0.
num_inconsistent_stats: 0.

CodeHeap 'non-profiled nmethods': size=120000Kb used=7758Kb max_used=7758Kb free=112241Kb
 bounds [0x0000022e6eb30000, 0x0000022e6f2d0000, 0x0000022e76060000]
CodeHeap 'profiled nmethods': size=120000Kb used=22514Kb max_used=22514Kb free=97485Kb
 bounds [0x0000022e67060000, 0x0000022e68660000, 0x0000022e6e590000]
CodeHeap 'non-nmethods': size=5760Kb used=2390Kb max_used=2491Kb free=3369Kb
 bounds [0x0000022e6e590000, 0x0000022e6e820000, 0x0000022e6eb30000]
 total_blobs=11974 nmethods=11048 adapters=838
 compilation: enabled
              stopped_count=0, restarted_count=0
 full_count=0

Compilation events (20 events):
Event: 633.561 Thread 0x0000022e7d169510 12565       3       groovy.lang.MetaClassImpl::<init> (30 bytes)
Event: 633.561 Thread 0x0000022e00758460 12554       4       java.util.regex.Pattern$BmpCharPropertyGreedy::match (89 bytes)
Event: 633.561 Thread 0x0000022e7d169510 nmethod 12565 0x0000022e6865a910 code [0x0000022e6865ab00, 0x0000022e6865b158]
Event: 633.562 Thread 0x0000022e7d169510 12566       3       org.codehaus.groovy.reflection.CachedClass$2$$Lambda$295/0x0000000800f94608::run (8 bytes)
Event: 633.562 Thread 0x0000022e7d169510 nmethod 12566 0x0000022e6865b390 code [0x0000022e6865b540, 0x0000022e6865b688]
Event: 633.562 Thread 0x0000022e7d169510 12567       3       org.codehaus.groovy.reflection.CachedClass$2::lambda$initValue$4 (58 bytes)
Event: 633.563 Thread 0x0000022e7d169510 nmethod 12567 0x0000022e6865b790 code [0x0000022e6865baa0, 0x0000022e6865cd18]
Event: 633.563 Thread 0x0000022e7d169510 12568       3       org.codehaus.groovy.reflection.CachedClass$2$$Lambda$298/0x0000000800f95d60::<init> (10 bytes)
Event: 633.564 Thread 0x0000022e7d169510 nmethod 12568 0x0000022e6865d310 code [0x0000022e6865d4a0, 0x0000022e6865d658]
Event: 633.564 Thread 0x0000022e7d169510 12569       3       org.codehaus.groovy.reflection.CachedClass$2$$Lambda$299/0x0000000800f95fa0::apply (5 bytes)
Event: 633.564 Thread 0x0000022e7d169510 nmethod 12569 0x0000022e6865d710 code [0x0000022e6865d8a0, 0x0000022e6865da98]
Event: 633.564 Thread 0x0000022e7d169510 12570       3       org.codehaus.groovy.reflection.CachedClass$2::lambda$initValue$3 (5 bytes)
Event: 633.564 Thread 0x0000022e7d169510 nmethod 12570 0x0000022e6865db90 code [0x0000022e6865dd20, 0x0000022e6865deb8]
Event: 633.567 Thread 0x0000022e00758460 nmethod 12554 0x0000022e6f2c2690 code [0x0000022e6f2c2820, 0x0000022e6f2c2bb8]
Event: 633.567 Thread 0x0000022e00758460 12550       4       java.util.concurrent.atomic.AtomicBoolean::get (13 bytes)
Event: 633.567 Thread 0x0000022e00758460 nmethod 12550 0x0000022e6f2c2e90 code [0x0000022e6f2c3000, 0x0000022e6f2c3098]
Event: 633.567 Thread 0x0000022e00758460 12563   !   4       groovy.lang.Closure::call (30 bytes)
Event: 633.571 Thread 0x0000022e00758460 nmethod 12563 0x0000022e6f2c3190 code [0x0000022e6f2c3340, 0x0000022e6f2c34f0]
Event: 633.571 Thread 0x0000022e00758460 12536       4       org.gradle.api.internal.collections.FilteredCollection::onRealize (1 bytes)
Event: 633.571 Thread 0x0000022e00758460 nmethod 12536 0x0000022e6f2c3710 code [0x0000022e6f2c3880, 0x0000022e6f2c38f8]

GC Heap History (20 events):
Event: 540.894 GC heap before
{Heap before GC invocations=48 (full 0):
 garbage-first heap   total 137216K, used 112784K [0x0000000080000000, 0x0000000100000000)
  region size 1024K, 31 young (31744K), 1 survivors (1024K)
 Metaspace       used 78691K, committed 79488K, reserved 495616K
  class space    used 10805K, committed 11200K, reserved 421888K
}
Event: 540.901 GC heap after
{Heap after GC invocations=49 (full 0):
 garbage-first heap   total 137216K, used 84966K [0x0000000080000000, 0x0000000100000000)
  region size 1024K, 4 young (4096K), 4 survivors (4096K)
 Metaspace       used 78691K, committed 79488K, reserved 495616K
  class space    used 10805K, committed 11200K, reserved 421888K
}
Event: 548.055 GC heap before
{Heap before GC invocations=50 (full 0):
 garbage-first heap   total 147456K, used 112614K [0x0000000080000000, 0x0000000100000000)
  region size 1024K, 31 young (31744K), 4 survivors (4096K)
 Metaspace       used 79725K, committed 80640K, reserved 495616K
  class space    used 10956K, committed 11392K, reserved 421888K
}
Event: 548.066 GC heap after
{Heap after GC invocations=51 (full 0):
 garbage-first heap   total 147456K, used 88222K [0x0000000080000000, 0x0000000100000000)
  region size 1024K, 4 young (4096K), 4 survivors (4096K)
 Metaspace       used 79725K, committed 80640K, reserved 495616K
  class space    used 10956K, committed 11392K, reserved 421888K
}
Event: 548.298 GC heap before
{Heap before GC invocations=51 (full 0):
 garbage-first heap   total 147456K, used 91294K [0x0000000080000000, 0x0000000100000000)
  region size 1024K, 7 young (7168K), 4 survivors (4096K)
 Metaspace       used 80016K, committed 80960K, reserved 495616K
  class space    used 11002K, committed 11456K, reserved 421888K
}
Event: 548.304 GC heap after
{Heap after GC invocations=52 (full 0):
 garbage-first heap   total 147456K, used 88349K [0x0000000080000000, 0x0000000100000000)
  region size 1024K, 1 young (1024K), 1 survivors (1024K)
 Metaspace       used 80016K, committed 80960K, reserved 495616K
  class space    used 11002K, committed 11456K, reserved 421888K
}
Event: 557.911 GC heap before
{Heap before GC invocations=52 (full 0):
 garbage-first heap   total 147456K, used 120093K [0x0000000080000000, 0x0000000100000000)
  region size 1024K, 33 young (33792K), 1 survivors (1024K)
 Metaspace       used 81784K, committed 82816K, reserved 495616K
  class space    used 11203K, committed 11712K, reserved 421888K
}
Event: 557.917 GC heap after
{Heap after GC invocations=53 (full 0):
 garbage-first heap   total 147456K, used 92055K [0x0000000080000000, 0x0000000100000000)
  region size 1024K, 5 young (5120K), 5 survivors (5120K)
 Metaspace       used 81784K, committed 82816K, reserved 495616K
  class space    used 11203K, committed 11712K, reserved 421888K
}
Event: 560.339 GC heap before
{Heap before GC invocations=54 (full 0):
 garbage-first heap   total 158720K, used 119703K [0x0000000080000000, 0x0000000100000000)
  region size 1024K, 32 young (32768K), 5 survivors (5120K)
 Metaspace       used 83529K, committed 84544K, reserved 495616K
  class space    used 11496K, committed 11968K, reserved 421888K
}
Event: 560.352 GC heap after
{Heap after GC invocations=55 (full 0):
 garbage-first heap   total 158720K, used 94773K [0x0000000080000000, 0x0000000100000000)
  region size 1024K, 3 young (3072K), 3 survivors (3072K)
 Metaspace       used 83529K, committed 84544K, reserved 495616K
  class space    used 11496K, committed 11968K, reserved 421888K
}
Event: 560.503 GC heap before
{Heap before GC invocations=55 (full 0):
 garbage-first heap   total 158720K, used 98869K [0x0000000080000000, 0x0000000100000000)
  region size 1024K, 7 young (7168K), 3 survivors (3072K)
 Metaspace       used 83566K, committed 84544K, reserved 495616K
  class space    used 11502K, committed 11968K, reserved 421888K
}
Event: 560.510 GC heap after
{Heap after GC invocations=56 (full 0):
 garbage-first heap   total 158720K, used 95085K [0x0000000080000000, 0x0000000100000000)
  region size 1024K, 1 young (1024K), 1 survivors (1024K)
 Metaspace       used 83566K, committed 84544K, reserved 495616K
  class space    used 11502K, committed 11968K, reserved 421888K
}
Event: 590.732 GC heap before
{Heap before GC invocations=56 (full 0):
 garbage-first heap   total 158720K, used 127853K [0x0000000080000000, 0x0000000100000000)
  region size 1024K, 34 young (34816K), 1 survivors (1024K)
 Metaspace       used 84028K, committed 85056K, reserved 495616K
  class space    used 11563K, committed 12096K, reserved 421888K
}
Event: 590.739 GC heap after
{Heap after GC invocations=57 (full 0):
 garbage-first heap   total 158720K, used 99374K [0x0000000080000000, 0x0000000100000000)
  region size 1024K, 5 young (5120K), 5 survivors (5120K)
 Metaspace       used 84028K, committed 85056K, reserved 495616K
  class space    used 11563K, committed 12096K, reserved 421888K
}
Event: 601.648 GC heap before
{Heap before GC invocations=58 (full 0):
 garbage-first heap   total 179200K, used 129070K [0x0000000080000000, 0x0000000100000000)
  region size 1024K, 34 young (34816K), 5 survivors (5120K)
 Metaspace       used 84474K, committed 85568K, reserved 503808K
  class space    used 11619K, committed 12160K, reserved 421888K
}
Event: 601.659 GC heap after
{Heap after GC invocations=59 (full 0):
 garbage-first heap   total 179200K, used 104728K [0x0000000080000000, 0x0000000100000000)
  region size 1024K, 5 young (5120K), 5 survivors (5120K)
 Metaspace       used 84474K, committed 85568K, reserved 503808K
  class space    used 11619K, committed 12160K, reserved 421888K
}
Event: 602.595 GC heap before
{Heap before GC invocations=59 (full 0):
 garbage-first heap   total 179200K, used 107800K [0x0000000080000000, 0x0000000100000000)
  region size 1024K, 8 young (8192K), 5 survivors (5120K)
 Metaspace       used 84537K, committed 85632K, reserved 503808K
  class space    used 11623K, committed 12160K, reserved 421888K
}
Event: 602.603 GC heap after
{Heap after GC invocations=60 (full 0):
 garbage-first heap   total 179200K, used 105613K [0x0000000080000000, 0x0000000100000000)
  region size 1024K, 1 young (1024K), 1 survivors (1024K)
 Metaspace       used 84537K, committed 85632K, reserved 503808K
  class space    used 11623K, committed 12160K, reserved 421888K
}
Event: 618.279 GC heap before
{Heap before GC invocations=60 (full 0):
 garbage-first heap   total 179200K, used 143501K [0x0000000080000000, 0x0000000100000000)
  region size 1024K, 39 young (39936K), 1 survivors (1024K)
 Metaspace       used 85193K, committed 86400K, reserved 503808K
  class space    used 11721K, committed 12288K, reserved 421888K
}
Event: 618.291 GC heap after
{Heap after GC invocations=61 (full 0):
 garbage-first heap   total 179200K, used 110857K [0x0000000080000000, 0x0000000100000000)
  region size 1024K, 5 young (5120K), 5 survivors (5120K)
 Metaspace       used 85193K, committed 86400K, reserved 503808K
  class space    used 11721K, committed 12288K, reserved 421888K
}

Deoptimization events (20 events):
Event: 602.059 Thread 0x0000022e7ea18ba0 Uncommon trap: trap_request=0xffffff45 fr.pc=0x0000022e6efb660c relative=0x0000000000001cec
Event: 602.059 Thread 0x0000022e7ea18ba0 Uncommon trap: reason=unstable_if action=reinterpret pc=0x0000022e6efb660c method=java.util.concurrent.locks.AbstractQueuedSynchronizer.acquire(Ljava/util/concurrent/locks/AbstractQueuedSynchronizer$Node;IZZZJ)I @ 298 c2
Event: 602.059 Thread 0x0000022e7ea18ba0 DEOPT PACKING pc=0x0000022e6efb660c sp=0x0000006b272fe7b0
Event: 602.059 Thread 0x0000022e7ea18ba0 DEOPT UNPACKING pc=0x0000022e6e5e23a3 sp=0x0000006b272fe750 mode 2
Event: 604.401 Thread 0x0000022e7ea186d0 Uncommon trap: trap_request=0xffffffde fr.pc=0x0000022e6f101f3c relative=0x0000000000000b7c
Event: 604.401 Thread 0x0000022e7ea186d0 Uncommon trap: reason=class_check action=maybe_recompile pc=0x0000022e6f101f3c method=java.util.HashMap.removeNode(ILjava/lang/Object;Ljava/lang/Object;ZZ)Ljava/util/HashMap$Node; @ 143 c2
Event: 604.401 Thread 0x0000022e7ea186d0 DEOPT PACKING pc=0x0000022e6f101f3c sp=0x0000006b274fee60
Event: 604.401 Thread 0x0000022e7ea186d0 DEOPT UNPACKING pc=0x0000022e6e5e23a3 sp=0x0000006b274fed78 mode 2
Event: 604.834 Thread 0x0000022e7ea17390 DEOPT PACKING pc=0x0000022e6750debd sp=0x0000006b26ef52e0
Event: 604.834 Thread 0x0000022e7ea17390 DEOPT UNPACKING pc=0x0000022e6e5e2b43 sp=0x0000006b26ef4818 mode 0
Event: 605.338 Thread 0x0000022e7ea17390 Uncommon trap: trap_request=0xffffff45 fr.pc=0x0000022e6f12ba08 relative=0x00000000000000e8
Event: 605.338 Thread 0x0000022e7ea17390 Uncommon trap: reason=unstable_if action=reinterpret pc=0x0000022e6f12ba08 method=java.io.BufferedInputStream.fill()V @ 189 c2
Event: 605.338 Thread 0x0000022e7ea17390 DEOPT PACKING pc=0x0000022e6f12ba08 sp=0x0000006b26ef6560
Event: 605.338 Thread 0x0000022e7ea17390 DEOPT UNPACKING pc=0x0000022e6e5e23a3 sp=0x0000006b26ef64e0 mode 2
Event: 605.516 Thread 0x0000022e7ea17390 DEOPT PACKING pc=0x0000022e67a63ed9 sp=0x0000006b26ef74a0
Event: 605.516 Thread 0x0000022e7ea17390 DEOPT UNPACKING pc=0x0000022e6e5e2b43 sp=0x0000006b26ef6998 mode 0
Event: 614.517 Thread 0x0000022e7ea17390 DEOPT PACKING pc=0x0000022e67b0e3fb sp=0x0000006b26ef6a80
Event: 614.517 Thread 0x0000022e7ea17390 DEOPT UNPACKING pc=0x0000022e6e5e2b43 sp=0x0000006b26ef5fa0 mode 0
Event: 619.168 Thread 0x0000022e00baf750 DEOPT PACKING pc=0x0000022e67a60469 sp=0x0000006b27efe4c0
Event: 619.168 Thread 0x0000022e00baf750 DEOPT UNPACKING pc=0x0000022e6e5e2b43 sp=0x0000006b27efdac8 mode 0

Classes unloaded (0 events):
No events

Classes redefined (0 events):
No events

Internal exceptions (20 events):
Event: 607.035 Thread 0x0000022e7ea17390 Exception <a 'java/lang/ClassNotFoundException'{0x0000000089c9eb80}: build_3gps30sw8ac2n36ejfdo9tlq0Customizer> (0x0000000089c9eb80) 
thrown [s\open\src\hotspot\share\classfile\systemDictionary.cpp, line 256]
Event: 614.149 Thread 0x0000022e7ea17390 Exception <a 'java/lang/ClassNotFoundException'{0x00000000897a7308}: build_3gps30sw8ac2n36ejfdo9tlq0BeanInfo> (0x00000000897a7308) 
thrown [s\open\src\hotspot\share\classfile\systemDictionary.cpp, line 256]
Event: 614.149 Thread 0x0000022e7ea17390 Exception <a 'java/lang/ClassNotFoundException'{0x00000000897af2d8}: build_3gps30sw8ac2n36ejfdo9tlq0Customizer> (0x00000000897af2d8) 
thrown [s\open\src\hotspot\share\classfile\systemDictionary.cpp, line 256]
Event: 614.506 Thread 0x0000022e7ea17390 Exception <a 'java/lang/ClassNotFoundException'{0x000000008910dd40}: build_3gps30sw8ac2n36ejfdo9tlq0$_run_closure3BeanInfo> (0x000000008910dd40) 
thrown [s\open\src\hotspot\share\classfile\systemDictionary.cpp, line 256]
Event: 614.506 Thread 0x0000022e7ea17390 Exception <a 'java/lang/ClassNotFoundException'{0x000000008911a2b8}: build_3gps30sw8ac2n36ejfdo9tlq0$_run_closure3Customizer> (0x000000008911a2b8) 
thrown [s\open\src\hotspot\share\classfile\systemDictionary.cpp, line 256]
Event: 614.763 Thread 0x0000022e7ea17390 Exception <a 'java/lang/NoClassDefFoundError'{0x0000000088e9b3f0}: org/jetbrains/kotlin/gradle/plugin/KotlinBasePluginWrapper> (0x0000000088e9b3f0) 
thrown [s\open\src\hotspot\share\oops\constantPool.cpp, line 835]
Event: 616.548 Thread 0x0000022e7ea17390 Exception <a 'java/lang/ClassNotFoundException'{0x0000000088cf4140}: build_49lknfl9qo5gf5c5g54f8vdbiBeanInfo> (0x0000000088cf4140) 
thrown [s\open\src\hotspot\share\classfile\systemDictionary.cpp, line 256]
Event: 616.549 Thread 0x0000022e7ea17390 Exception <a 'java/lang/ClassNotFoundException'{0x0000000088cff350}: build_49lknfl9qo5gf5c5g54f8vdbiCustomizer> (0x0000000088cff350) 
thrown [s\open\src\hotspot\share\classfile\systemDictionary.cpp, line 256]
Event: 619.175 Thread 0x0000022e7ea17390 Exception <a 'java/lang/ClassNotFoundException'{0x000000008b645550}: build_49lknfl9qo5gf5c5g54f8vdbiBeanInfo> (0x000000008b645550) 
thrown [s\open\src\hotspot\share\classfile\systemDictionary.cpp, line 256]
Event: 619.176 Thread 0x0000022e7ea17390 Exception <a 'java/lang/ClassNotFoundException'{0x000000008b64d520}: build_49lknfl9qo5gf5c5g54f8vdbiCustomizer> (0x000000008b64d520) 
thrown [s\open\src\hotspot\share\classfile\systemDictionary.cpp, line 256]
Event: 619.379 Thread 0x0000022e7ea17390 Exception <a 'java/lang/ClassNotFoundException'{0x000000008b196ef8}: build_49lknfl9qo5gf5c5g54f8vdbi$_run_closure3BeanInfo> (0x000000008b196ef8) 
thrown [s\open\src\hotspot\share\classfile\systemDictionary.cpp, line 256]
Event: 619.379 Thread 0x0000022e7ea17390 Exception <a 'java/lang/ClassNotFoundException'{0x000000008b1a3470}: build_49lknfl9qo5gf5c5g54f8vdbi$_run_closure3Customizer> (0x000000008b1a3470) 
thrown [s\open\src\hotspot\share\classfile\systemDictionary.cpp, line 256]
Event: 619.611 Thread 0x0000022e7ea17390 Exception <a 'java/lang/NoClassDefFoundError'{0x000000008ad51978}: org/jetbrains/kotlin/gradle/plugin/KotlinBasePluginWrapper> (0x000000008ad51978) 
thrown [s\open\src\hotspot\share\oops\constantPool.cpp, line 835]
Event: 621.884 Thread 0x0000022e7ea17390 Exception <a 'java/lang/ClassNotFoundException'{0x000000008aa0c9a0}: build_5niu7w9vclyaie7h1u74tvfcjBeanInfo> (0x000000008aa0c9a0) 
thrown [s\open\src\hotspot\share\classfile\systemDictionary.cpp, line 256]
Event: 621.885 Thread 0x0000022e7ea17390 Exception <a 'java/lang/ClassNotFoundException'{0x000000008aa17bb0}: build_5niu7w9vclyaie7h1u74tvfcjCustomizer> (0x000000008aa17bb0) 
thrown [s\open\src\hotspot\share\classfile\systemDictionary.cpp, line 256]
Event: 632.698 Thread 0x0000022e7ea17390 Exception <a 'java/lang/ClassNotFoundException'{0x000000008a536cc8}: build_5niu7w9vclyaie7h1u74tvfcjBeanInfo> (0x000000008a536cc8) 
thrown [s\open\src\hotspot\share\classfile\systemDictionary.cpp, line 256]
Event: 632.699 Thread 0x0000022e7ea17390 Exception <a 'java/lang/ClassNotFoundException'{0x000000008a53ec98}: build_5niu7w9vclyaie7h1u74tvfcjCustomizer> (0x000000008a53ec98) 
thrown [s\open\src\hotspot\share\classfile\systemDictionary.cpp, line 256]
Event: 632.961 Thread 0x0000022e7ea17390 Exception <a 'java/lang/ClassNotFoundException'{0x000000008a082450}: build_5niu7w9vclyaie7h1u74tvfcj$_run_closure3BeanInfo> (0x000000008a082450) 
thrown [s\open\src\hotspot\share\classfile\systemDictionary.cpp, line 256]
Event: 632.961 Thread 0x0000022e7ea17390 Exception <a 'java/lang/ClassNotFoundException'{0x000000008a08e9c8}: build_5niu7w9vclyaie7h1u74tvfcj$_run_closure3Customizer> (0x000000008a08e9c8) 
thrown [s\open\src\hotspot\share\classfile\systemDictionary.cpp, line 256]
Event: 633.449 Thread 0x0000022e7ea17390 Exception <a 'java/lang/NoClassDefFoundError'{0x0000000089c27e20}: org/jetbrains/kotlin/gradle/plugin/KotlinBasePluginWrapper> (0x0000000089c27e20) 
thrown [s\open\src\hotspot\share\oops\constantPool.cpp, line 835]

VM Operations (20 events):
Event: 615.512 Executing VM operation: Cleanup
Event: 615.513 Executing VM operation: Cleanup done
Event: 617.525 Executing VM operation: Cleanup
Event: 617.525 Executing VM operation: Cleanup done
Event: 618.239 Executing VM operation: G1CollectForAllocation
Event: 618.304 Executing VM operation: G1CollectForAllocation done
Event: 618.604 Executing VM operation: G1Concurrent
Event: 618.612 Executing VM operation: G1Concurrent done
Event: 618.757 Executing VM operation: G1Concurrent
Event: 618.757 Executing VM operation: G1Concurrent done
Event: 619.763 Executing VM operation: Cleanup
Event: 619.763 Executing VM operation: Cleanup done
Event: 621.776 Executing VM operation: Cleanup
Event: 621.776 Executing VM operation: Cleanup done
Event: 622.780 Executing VM operation: Cleanup
Event: 622.780 Executing VM operation: Cleanup done
Event: 626.808 Executing VM operation: Cleanup
Event: 626.808 Executing VM operation: Cleanup done
Event: 632.858 Executing VM operation: Cleanup
Event: 632.936 Executing VM operation: Cleanup done

Events (20 events):
Event: 599.568 Thread 0x0000022e00757530 Thread exited: 0x0000022e00757530
Event: 603.128 Thread 0x0000022e03ee94c0 Thread exited: 0x0000022e03ee94c0
Event: 604.822 Thread 0x0000022e00757f50 Thread added: 0x0000022e00757f50
Event: 604.960 Thread 0x0000022e7dc387b0 flushing nmethod 0x0000022e67664210
Event: 604.960 Thread 0x0000022e7dc387b0 flushing nmethod 0x0000022e6766f390
Event: 604.961 Thread 0x0000022e7dc387b0 flushing nmethod 0x0000022e67770e10
Event: 605.335 loading class java/net/HttpURLConnection
Event: 605.335 loading class java/net/HttpURLConnection done
Event: 605.335 loading class sun/net/ProgressMonitor
Event: 605.336 loading class sun/net/ProgressMonitor done
Event: 605.336 loading class sun/net/DefaultProgressMeteringPolicy
Event: 605.336 loading class sun/net/ProgressMeteringPolicy
Event: 605.336 loading class sun/net/ProgressMeteringPolicy done
Event: 605.336 loading class sun/net/DefaultProgressMeteringPolicy done
Event: 606.611 Thread 0x0000022e00757f50 Thread exited: 0x0000022e00757f50
Event: 614.693 Thread 0x0000022e0075a2c0 Thread added: 0x0000022e0075a2c0
Event: 614.891 Thread 0x0000022e0075a2c0 Thread exited: 0x0000022e0075a2c0
Event: 619.611 Thread 0x0000022e00758460 Thread added: 0x0000022e00758460
Event: 623.074 Thread 0x0000022e00758460 Thread exited: 0x0000022e00758460
Event: 633.561 Thread 0x0000022e00758460 Thread added: 0x0000022e00758460


Dynamic libraries:
0x00007ff649ef0000 - 0x00007ff649f00000 	C:\Program Files\Java\jdk-17\bin\java.exe
0x00007ffa90ab0000 - 0x00007ffa90ca8000 	C:\Windows\SYSTEM32\ntdll.dll
0x00007ffa8eeb0000 - 0x00007ffa8ef6f000 	C:\Windows\System32\KERNEL32.DLL
0x00007ffa8e320000 - 0x00007ffa8e616000 	C:\Windows\System32\KERNELBASE.dll
0x00007ffa8ea10000 - 0x00007ffa8eb10000 	C:\Windows\System32\ucrtbase.dll
0x00007ffa714f0000 - 0x00007ffa71509000 	C:\Program Files\Java\jdk-17\bin\jli.dll
0x00007ffa905c0000 - 0x00007ffa9066f000 	C:\Windows\System32\ADVAPI32.dll
0x00007ffa90690000 - 0x00007ffa9072e000 	C:\Windows\System32\msvcrt.dll
0x00007ffa909a0000 - 0x00007ffa90a3c000 	C:\Windows\System32\sechost.dll
0x00007ffa8ebd0000 - 0x00007ffa8ecf6000 	C:\Windows\System32\RPCRT4.dll
0x00007ffa8ed00000 - 0x00007ffa8ee9d000 	C:\Windows\System32\USER32.dll
0x00007ffa8e950000 - 0x00007ffa8e972000 	C:\Windows\System32\win32u.dll
0x00007ffa8fd90000 - 0x00007ffa8fdbc000 	C:\Windows\System32\GDI32.dll
0x00007ffa8e670000 - 0x00007ffa8e785000 	C:\Windows\System32\gdi32full.dll
0x00007ffa8e8b0000 - 0x00007ffa8e94d000 	C:\Windows\System32\msvcp_win.dll
0x00007ffa69870000 - 0x00007ffa6988b000 	C:\Program Files\Java\jdk-17\bin\VCRUNTIME140.dll
0x00007ffa6a860000 - 0x00007ffa6aafa000 	C:\Windows\WinSxS\amd64_microsoft.windows.common-controls_6595b64144ccf1df_6.0.19041.1110_none_60b5254171f9507e\COMCTL32.dll
0x00007ffa85600000 - 0x00007ffa8560a000 	C:\Windows\SYSTEM32\VERSION.dll
0x00007ffa90a40000 - 0x00007ffa90a70000 	C:\Windows\System32\IMM32.DLL
0x00007ffa7f3a0000 - 0x00007ffa7f3ac000 	C:\Program Files\Java\jdk-17\bin\vcruntime140_1.dll
0x00007ffa5b930000 - 0x00007ffa5b9be000 	C:\Program Files\Java\jdk-17\bin\msvcp140.dll
0x00007ff9f6400000 - 0x00007ff9f6fdd000 	C:\Program Files\Java\jdk-17\bin\server\jvm.dll
0x00007ffa8eea0000 - 0x00007ffa8eea8000 	C:\Windows\System32\PSAPI.DLL
0x00007ffa7dea0000 - 0x00007ffa7dea9000 	C:\Windows\SYSTEM32\WSOCK32.dll
0x00007ffa8fcc0000 - 0x00007ffa8fd2b000 	C:\Windows\System32\WS2_32.dll
0x00007ffa62d90000 - 0x00007ffa62db7000 	C:\Windows\SYSTEM32\WINMM.dll
0x00007ffa8c9c0000 - 0x00007ffa8c9d2000 	C:\Windows\SYSTEM32\kernel.appcore.dll
0x00007ffa7ddb0000 - 0x00007ffa7ddba000 	C:\Program Files\Java\jdk-17\bin\jimage.dll
0x00007ffa88d90000 - 0x00007ffa88f74000 	C:\Windows\SYSTEM32\DBGHELP.DLL
0x00007ffa7c6a0000 - 0x00007ffa7c6d4000 	C:\Windows\SYSTEM32\dbgcore.DLL
0x00007ffa8e980000 - 0x00007ffa8ea02000 	C:\Windows\System32\bcryptPrimitives.dll
0x00007ffa66310000 - 0x00007ffa66335000 	C:\Program Files\Java\jdk-17\bin\java.dll
0x00007ffa58170000 - 0x00007ffa58247000 	C:\Program Files\Java\jdk-17\bin\jsvml.dll
0x00007ffa8fdc0000 - 0x00007ffa90504000 	C:\Windows\System32\SHELL32.dll
0x00007ffa8c040000 - 0x00007ffa8c7d3000 	C:\Windows\SYSTEM32\windows.storage.dll
0x00007ffa8eff0000 - 0x00007ffa8f344000 	C:\Windows\System32\combase.dll
0x00007ffa8db00000 - 0x00007ffa8db2e000 	C:\Windows\SYSTEM32\Wldp.dll
0x00007ffa8eb10000 - 0x00007ffa8ebbd000 	C:\Windows\System32\SHCORE.dll
0x00007ffa8fae0000 - 0x00007ffa8fb35000 	C:\Windows\System32\shlwapi.dll
0x00007ffa8e0c0000 - 0x00007ffa8e0e5000 	C:\Windows\SYSTEM32\profapi.dll
0x00007ffa67260000 - 0x00007ffa67279000 	C:\Program Files\Java\jdk-17\bin\net.dll
0x00007ffa83710000 - 0x00007ffa8381a000 	C:\Windows\SYSTEM32\WINHTTP.dll
0x00007ffa8d860000 - 0x00007ffa8d8ca000 	C:\Windows\system32\mswsock.dll
0x00007ffa66bf0000 - 0x00007ffa66c06000 	C:\Program Files\Java\jdk-17\bin\nio.dll
0x00007ffa666a0000 - 0x00007ffa666b8000 	C:\Program Files\Java\jdk-17\bin\zip.dll
0x00007ffa86230000 - 0x00007ffa86240000 	C:\Program Files\Java\jdk-17\bin\verify.dll
0x00007ffa7f460000 - 0x00007ffa7f487000 	C:\Users\ss\.gradle\native\e1d6ef7f7dcc3fd88c89a11ec53ec762bb8ba0a96d01ffa2cd45eb1d1d8dd5c5\windows-amd64\native-platform.dll
0x00007ffa51060000 - 0x00007ffa511a4000 	C:\Users\ss\.gradle\native\5664cfc778a61ccfe75a443a1ab52a65af34e5dc3c78e0209fed803814484fcb\windows-amd64\native-platform-file-events.dll
0x00007ffa86770000 - 0x00007ffa8677a000 	C:\Program Files\Java\jdk-17\bin\management.dll
0x00007ffa857e0000 - 0x00007ffa857eb000 	C:\Program Files\Java\jdk-17\bin\management_ext.dll
0x00007ffa8da50000 - 0x00007ffa8da68000 	C:\Windows\SYSTEM32\CRYPTSP.dll
0x00007ffa8d170000 - 0x00007ffa8d1a4000 	C:\Windows\system32\rsaenh.dll
0x00007ffa8e2f0000 - 0x00007ffa8e317000 	C:\Windows\System32\bcrypt.dll
0x00007ffa8e080000 - 0x00007ffa8e0ae000 	C:\Windows\SYSTEM32\USERENV.dll
0x00007ffa8da70000 - 0x00007ffa8da7c000 	C:\Windows\SYSTEM32\CRYPTBASE.dll
0x00007ffa8d550000 - 0x00007ffa8d58b000 	C:\Windows\SYSTEM32\IPHLPAPI.DLL
0x00007ffa8f350000 - 0x00007ffa8f358000 	C:\Windows\System32\NSI.dll
0x00007ffa83af0000 - 0x00007ffa83b07000 	C:\Windows\SYSTEM32\dhcpcsvc6.DLL
0x00007ffa843e0000 - 0x00007ffa843fd000 	C:\Windows\SYSTEM32\dhcpcsvc.DLL
0x00007ffa8d590000 - 0x00007ffa8d65a000 	C:\Windows\SYSTEM32\DNSAPI.dll
0x00007ffa857d0000 - 0x00007ffa857dd000 	C:\Program Files\Java\jdk-17\bin\sunmscapi.dll
0x00007ffa8e190000 - 0x00007ffa8e2ee000 	C:\Windows\System32\CRYPT32.dll
0x00007ffa8db70000 - 0x00007ffa8db98000 	C:\Windows\SYSTEM32\ncrypt.dll
0x00007ffa8db30000 - 0x00007ffa8db6b000 	C:\Windows\SYSTEM32\NTASN1.dll
0x00007ffa5bc40000 - 0x00007ffa5bc47000 	C:\Windows\system32\wshunix.dll

dbghelp: loaded successfully - version: 4.0.5 - missing functions: none
symbol engine: initialized successfully - sym options: 0x614 - pdb path: .;C:\Program Files\Java\jdk-17\bin;C:\Windows\SYSTEM32;C:\Windows\WinSxS\amd64_microsoft.windows.common-controls_6595b64144ccf1df_6.0.19041.1110_none_60b5254171f9507e;C:\Program Files\Java\jdk-17\bin\server;C:\Users\ss\.gradle\native\e1d6ef7f7dcc3fd88c89a11ec53ec762bb8ba0a96d01ffa2cd45eb1d1d8dd5c5\windows-amd64;C:\Users\ss\.gradle\native\5664cfc778a61ccfe75a443a1ab52a65af34e5dc3c78e0209fed803814484fcb\windows-amd64

VM Arguments:
jvm_args: -XX:MaxMetaspaceSize=512m --add-opens=java.base/java.util=ALL-UNNAMED --add-opens=java.base/java.lang=ALL-UNNAMED --add-opens=java.base/java.lang.invoke=ALL-UNNAMED --add-opens=java.base/java.util=ALL-UNNAMED --add-opens=java.prefs/java.util.prefs=ALL-UNNAMED --add-opens=java.prefs/java.util.prefs=ALL-UNNAMED --add-opens=java.base/java.nio.charset=ALL-UNNAMED --add-opens=java.base/java.net=ALL-UNNAMED --add-opens=java.base/java.util.concurrent.atomic=ALL-UNNAMED -Xmx2048m -Dfile.encoding=windows-1252 -Duser.country=IN -Duser.language=en -Duser.variant 
java_command: org.gradle.launcher.daemon.bootstrap.GradleDaemon 7.3.3
java_class_path (initial): C:\Users\ss\.gradle\wrapper\dists\gradle-7.3.3-all\4295vidhdd9hd3gbjyw1xqxpo\gradle-7.3.3\lib\gradle-launcher-7.3.3.jar
Launcher Type: SUN_STANDARD

[Global flags]
     intx CICompilerCount                          = 3                                         {product} {ergonomic}
   size_t CompressedClassSpaceSize                 = 432013312                                 {product} {ergonomic}
     uint ConcGCThreads                            = 1                                         {product} {ergonomic}
     uint G1ConcRefinementThreads                  = 4                                         {product} {ergonomic}
   size_t G1HeapRegionSize                         = 1048576                                   {product} {ergonomic}
    uintx GCDrainStackTargetSize                   = 64                                        {product} {ergonomic}
   size_t InitialHeapSize                          = 268435456                                 {product} {ergonomic}
   size_t MarkStackSize                            = 4194304                                   {product} {ergonomic}
   size_t MaxHeapSize                              = 2147483648                                {product} {command line}
   size_t MaxMetaspaceSize                         = 536870912                                 {product} {command line}
   size_t MaxNewSize                               = 1287651328                                {product} {ergonomic}
   size_t MinHeapDeltaBytes                        = 1048576                                   {product} {ergonomic}
   size_t MinHeapSize                              = 8388608                                   {product} {ergonomic}
    uintx NonNMethodCodeHeapSize                   = 5832780                                {pd product} {ergonomic}
    uintx NonProfiledCodeHeapSize                  = 122912730                              {pd product} {ergonomic}
    uintx ProfiledCodeHeapSize                     = 122912730                              {pd product} {ergonomic}
    uintx ReservedCodeCacheSize                    = 251658240                              {pd product} {ergonomic}
     bool SegmentedCodeCache                       = true                                      {product} {ergonomic}
   size_t SoftMaxHeapSize                          = 2147483648                             {manageable} {ergonomic}
     bool UseCompressedClassPointers               = true                           {product lp64_product} {ergonomic}
     bool UseCompressedOops                        = true                           {product lp64_product} {ergonomic}
     bool UseG1GC                                  = true                                      {product} {ergonomic}
     bool UseLargePagesIndividualAllocation        = false                                  {pd product} {ergonomic}

Logging:
Log output configuration:
 #0: stdout all=warning uptime,level,tags
 #1: stderr all=off uptime,level,tags

Environment Variables:
CLASSPATH=C:\Users\ss\Desktop\teachers-vision\android\\gradle\wrapper\gradle-wrapper.jar
PATH=C:\Users\ss\Desktop\teachers-vision\android\node_modules\.bin;C:\Users\ss\Desktop\teachers-vision\node_modules\.bin;C:\Users\ss\Desktop\node_modules\.bin;C:\Users\ss\node_modules\.bin;C:\Users\node_modules\.bin;C:\node_modules\.bin;C:\Program Files\nodejs;C:\Users\ss\Desktop\teachers-vision\node_modules\.bin;C:\Users\ss\Desktop\teachers-vision\node_modules\.bin;C:\Users\ss\Desktop\node_modules\.bin;C:\Users\ss\node_modules\.bin;C:\Users\node_modules\.bin;C:\node_modules\.bin;C:\Users\ss\AppData\Roaming\nvm\v16.16.0\node_modules\npm\node_modules\@npmcli\run-script\lib\node-gyp-bin;C:\Users\ss\Desktop\teachers-vision\node_modules\.bin;C:\Users\ss\Desktop\node_modules\.bin;C:\Users\ss\node_modules\.bin;C:\Users\node_modules\.bin;C:\node_modules\.bin;C:\Program Files\nodejs;C:\Users\ss\Desktop\teachers-vision\node_modules\.bin;C:\Users\ss\Desktop\teachers-vision\node_modules\.bin;C:\Users\ss\Desktop\node_modules\.bin;C:\Users\ss\node_modules\.bin;C:\Users\node_modules\.bin;C:\node_modules\.bin;C:\Users\ss\AppData\Roaming\nvm\v16.16.0\node_modules\npm\node_modules\@npmcli\run-script\lib\node-gyp-bin;C:\Program Files\Common Files\Oracle\Java\javapath;C:\Program Files (x86)\Common Files\Oracle\Java\javapath;C:\Program Files\Microsoft\jdk-11.0.18.10-hotspot\bin;C:\Program Files\Microsoft MPI\Bin\;C:\Windows\system32;C:\Windows;C:\Windows\System32\Wbem;C:\Windows\System32\WindowsPowerShell\v1.0\;C:\Windows\System32\OpenSSH\;C:\ProgramData\chocolatey\bin;C:\Users\ss\AppData\Local\Android\Sdk\platform-tools;C:\Program Files\Git\cmd;C:\Program Files\Microsoft SQL Server\150\Tools\Binn\;C:\Program Files (x86)\Microsoft SQL Server\160\Tools\Binn\;C:\Program Files\Microsoft SQL Server\160\Tools\Binn\;C:\Program Files\Microsoft SQL Server\Client SDK\ODBC\170\Tools\Binn\;C:\Program Files\Microsoft SQL Server\160\DTS\Binn\;C:\Program Files\dotnet\;C:\Program Files (x86)\dotnet\;C:\Program Files (x86)\Microsoft SQL Server\160\DTS\Binn\;C:\Program Files (x86)\Microsoft SQL Server\150
USERNAME=ss
LANG=en_US.UTF-8
OS=Windows_NT
PROCESSOR_IDENTIFIER=Intel64 Family 6 Model 142 Stepping 9, GenuineIntel



---------------  S Y S T E M  ---------------

OS:
 Windows 10 , 64 bit Build 19041 (10.0.19041.3155)
OS uptime: 1 days 2:04 hours

CPU: total 4 (initial active 4) (2 cores per cpu, 2 threads per core) family 6 model 142 stepping 9 microcode 0xb4, cx8, cmov, fxsr, ht, mmx, 3dnowpref, sse, sse2, sse3, ssse3, sse4.1, sse4.2, popcnt, lzcnt, tsc, tscinvbit, avx, avx2, aes, erms, clmul, bmi1, bmi2, adx, fma, vzeroupper, clflush, clflushopt

Memory: 4k page, system-wide physical 16263M (459M free)
TotalPageFile size 24272M (AvailPageFile size 0M)
current process WorkingSet (physical memory assigned to process): 425M, peak: 426M
current process commit charge ("private bytes"): 459M, peak: 461M

vm_info: Java HotSpot(TM) 64-Bit Server VM (17.0.7+8-LTS-224) for windows-amd64 JRE (17.0.7+8-LTS-224), built on Feb 28 2023 23:03:02 by "mach5one" with MS VC++ 17.1 (VS2022)

END.
