#
# There is insufficient memory for the Java Runtime Environment to continue.
# Native memory allocation (malloc) failed to allocate 287376 bytes for Chunk::new
# Possible reasons:
#   The system is out of physical RAM or swap space
#   The process is running with CompressedOops enabled, and the Java Heap may be blocking the growth of the native heap
# Possible solutions:
#   Reduce memory load on the system
#   Increase physical memory or swap space
#   Check if swap backing store is full
#   Decrease Java heap size (-Xmx/-Xms)
#   Decrease number of Java threads
#   Decrease Java thread stack sizes (-Xss)
#   Set larger code cache with -XX:ReservedCodeCacheSize=
#   JVM is running with Unscaled Compressed Oops mode in which the Java heap is
#     placed in the first 4GB address space. The Java Heap base address is the
#     maximum limit for the native heap growth. Please use -XX:HeapBaseMinAddress
#     to set the Java Heap base and to place the Java Heap above 4GB virtual address.
# This output file may be truncated or incomplete.
#
#  Out of Memory Error (arena.cpp:189), pid=27208, tid=7984
#
# JRE version: Java(TM) SE Runtime Environment (17.0.7+8) (build 17.0.7+8-LTS-224)
# Java VM: Java HotSpot(TM) 64-Bit Server VM (17.0.7+8-LTS-224, mixed mode, sharing, tiered, compressed oops, compressed class ptrs, g1 gc, windows-amd64)
# No core dump will be written. Minidumps are not enabled by default on client versions of Windows
#

---------------  S U M M A R Y ------------

Command Line: -XX:MaxMetaspaceSize=512m --add-opens=java.base/java.util=ALL-UNNAMED --add-opens=java.base/java.lang=ALL-UNNAMED --add-opens=java.base/java.lang.invoke=ALL-UNNAMED --add-opens=java.base/java.util=ALL-UNNAMED --add-opens=java.prefs/java.util.prefs=ALL-UNNAMED --add-opens=java.prefs/java.util.prefs=ALL-UNNAMED --add-opens=java.base/java.nio.charset=ALL-UNNAMED --add-opens=java.base/java.net=ALL-UNNAMED --add-opens=java.base/java.util.concurrent.atomic=ALL-UNNAMED -Xmx2048m -Dfile.encoding=windows-1252 -Duser.country=IN -Duser.language=en -Duser.variant org.gradle.launcher.daemon.bootstrap.GradleDaemon 7.3.3

Host: Intel(R) Core(TM) i5-7200U CPU @ 2.50GHz, 4 cores, 15G,  Windows 10 , 64 bit Build 19041 (10.0.19041.3155)
Time: Mon Sep  4 17:20:58 2023 India Standard Time elapsed time: 170.339503 seconds (0d 0h 2m 50s)

---------------  T H R E A D  ---------------

Current thread (0x000001c5cba762b0):  JavaThread "C2 CompilerThread0" daemon [_thread_in_native, id=7984, stack(0x00000053e9600000,0x00000053e9700000)]


Current CompileTask:
C2: 170339 8750   !   4       java.util.concurrent.ConcurrentHashMap::computeIfAbsent (576 bytes)

Stack: [0x00000053e9600000,0x00000053e9700000]
Native frames: (J=compiled Java code, j=interpreted, Vv=VM code, C=native code)
V  [jvm.dll+0x676a4a]
V  [jvm.dll+0x7d74f4]
V  [jvm.dll+0x7d8c9e]
V  [jvm.dll+0x7d9303]
V  [jvm.dll+0x2452c5]
V  [jvm.dll+0xaaa2b]
V  [jvm.dll+0xaafcc]
V  [jvm.dll+0x2aac2f]
V  [jvm.dll+0x57f375]
V  [jvm.dll+0x2205f2]
V  [jvm.dll+0x2209cf]
V  [jvm.dll+0x219926]
V  [jvm.dll+0x216df9]
V  [jvm.dll+0x1a35e0]
V  [jvm.dll+0x226a6e]
V  [jvm.dll+0x224e15]
V  [jvm.dll+0x78d05c]
V  [jvm.dll+0x78759a]
V  [jvm.dll+0x675875]
C  [ucrtbase.dll+0x21bb2]
C  [KERNEL32.DLL+0x17614]
C  [ntdll.dll+0x526b1]


---------------  P R O C E S S  ---------------

Threads class SMR info:
_java_thread_list=0x000001c5d0b6c020, length=96, elements={
0x000001c5ae0f7350, 0x000001c5cba576d0, 0x000001c5cba58450, 0x000001c5cba6fba0,
0x000001c5cba73480, 0x000001c5cba74d50, 0x000001c5cba75610, 0x000001c5cba762b0,
0x000001c5cba78c70, 0x000001c5cc438010, 0x000001c5cc497b90, 0x000001c5cc49a070,
0x000001c5ce563bd0, 0x000001c5cd8b74d0, 0x000001c5ce305d70, 0x000001c5cd519580,
0x000001c5cd51a1f0, 0x000001c5cc911c40, 0x000001c5cda08600, 0x000001c5ce5af050,
0x000001c5ce5af520, 0x000001c5ce5ae6b0, 0x000001c5ce5af9f0, 0x000001c5ce5afec0,
0x000001c5ce5b1200, 0x000001c5ce5b0860, 0x000001c5ce5b0390, 0x000001c5ce5b16d0,
0x000001c5ce5b1ba0, 0x000001c5ce5b0d30, 0x000001c5cc945080, 0x000001c5cc942a00,
0x000001c5cc943d40, 0x000001c5cc942ed0, 0x000001c5cc9433a0, 0x000001c5cc9446e0,
0x000001c5cc944bb0, 0x000001c5ce64c220, 0x000001c5ce64aee0, 0x000001c5ce64b880,
0x000001c5ce64b3b0, 0x000001c5ce648d30, 0x000001c5ce645370, 0x000001c5ce645d10,
0x000001c5ce6466b0, 0x000001c5ce648860, 0x000001c5ce6461e0, 0x000001c5ce64bd50,
0x000001c5ce64a540, 0x000001c5ce646b80, 0x000001c5ce647ec0, 0x000001c5ce647050,
0x000001c5ce649ba0, 0x000001c5ce647520, 0x000001c5ce6479f0, 0x000001c5ce649200,
0x000001c5ce64a070, 0x000001c5ce648390, 0x000001c5ce6496d0, 0x000001c5ce64aa10,
0x000001c5ce6449d0, 0x000001c5ce644ea0, 0x000001c5ced3fdf0, 0x000001c5ced45e30,
0x000001c5ced467d0, 0x000001c5ced46300, 0x000001c5ced46ca0, 0x000001c5ced3f450,
0x000001c5ced3f920, 0x000001c5ced402c0, 0x000001c5ced41fa0, 0x000001c5ced44620,
0x000001c5ced40790, 0x000001c5ced42470, 0x000001c5ced44af0, 0x000001c5ced432e0,
0x000001c5ced40c60, 0x000001c5ced42e10, 0x000001c5ced43c80, 0x000001c5ced44fc0,
0x000001c5ced45490, 0x000001c5ced45960, 0x000001c5ced41600, 0x000001c5ced41ad0,
0x000001c5ce5aeb80, 0x000001c5d034acb0, 0x000001c5d0349970, 0x000001c5d0348fd0,
0x000001c5d0348b00, 0x000001c5d0348160, 0x000001c5d04affe0, 0x000001c5d04b0e50,
0x000001c5d04b0980, 0x000001c5d04b3000, 0x000001c5d04b04b0, 0x000001c5d04afb10
}

Java Threads: ( => current thread )
  0x000001c5ae0f7350 JavaThread "main" [_thread_blocked, id=3040, stack(0x00000053e8800000,0x00000053e8900000)]
  0x000001c5cba576d0 JavaThread "Reference Handler" daemon [_thread_blocked, id=7952, stack(0x00000053e9000000,0x00000053e9100000)]
  0x000001c5cba58450 JavaThread "Finalizer" daemon [_thread_blocked, id=6820, stack(0x00000053e9100000,0x00000053e9200000)]
  0x000001c5cba6fba0 JavaThread "Signal Dispatcher" daemon [_thread_blocked, id=7676, stack(0x00000053e9200000,0x00000053e9300000)]
  0x000001c5cba73480 JavaThread "Attach Listener" daemon [_thread_blocked, id=12568, stack(0x00000053e9300000,0x00000053e9400000)]
  0x000001c5cba74d50 JavaThread "Service Thread" daemon [_thread_blocked, id=2152, stack(0x00000053e9400000,0x00000053e9500000)]
  0x000001c5cba75610 JavaThread "Monitor Deflation Thread" daemon [_thread_blocked, id=21684, stack(0x00000053e9500000,0x00000053e9600000)]
=>0x000001c5cba762b0 JavaThread "C2 CompilerThread0" daemon [_thread_in_native, id=7984, stack(0x00000053e9600000,0x00000053e9700000)]
  0x000001c5cba78c70 JavaThread "C1 CompilerThread0" daemon [_thread_blocked, id=25992, stack(0x00000053e9700000,0x00000053e9800000)]
  0x000001c5cc438010 JavaThread "Sweeper thread" daemon [_thread_blocked, id=9376, stack(0x00000053e9800000,0x00000053e9900000)]
  0x000001c5cc497b90 JavaThread "Common-Cleaner" daemon [_thread_blocked, id=13576, stack(0x00000053e9900000,0x00000053e9a00000)]
  0x000001c5cc49a070 JavaThread "Notification Thread" daemon [_thread_blocked, id=21888, stack(0x00000053e9a00000,0x00000053e9b00000)]
  0x000001c5ce563bd0 JavaThread "Daemon health stats" [_thread_blocked, id=11804, stack(0x00000053ea000000,0x00000053ea100000)]
  0x000001c5cd8b74d0 JavaThread "Incoming local TCP Connector on port 62048" [_thread_in_native, id=12284, stack(0x00000053e9c00000,0x00000053e9d00000)]
  0x000001c5ce305d70 JavaThread "Daemon periodic checks" [_thread_blocked, id=20472, stack(0x00000053ea100000,0x00000053ea200000)]
  0x000001c5cd519580 JavaThread "Daemon" [_thread_blocked, id=12844, stack(0x00000053ea200000,0x00000053ea300000)]
  0x000001c5cd51a1f0 JavaThread "Handler for socket connection from /127.0.0.1:62048 to /127.0.0.1:62049" [_thread_in_native, id=1540, stack(0x00000053ea300000,0x00000053ea400000)]
  0x000001c5cc911c40 JavaThread "Cancel handler" [_thread_blocked, id=24620, stack(0x00000053ea400000,0x00000053ea500000)]
  0x000001c5cda08600 JavaThread "Daemon worker" [_thread_blocked, id=27092, stack(0x00000053ea500000,0x00000053ea600000)]
  0x000001c5ce5af050 JavaThread "Asynchronous log dispatcher for DefaultDaemonConnection: socket connection from /127.0.0.1:62048 to /127.0.0.1:62049" [_thread_blocked, id=23780, stack(0x00000053ea600000,0x00000053ea700000)]
  0x000001c5ce5af520 JavaThread "Stdin handler" [_thread_blocked, id=10216, stack(0x00000053ea700000,0x00000053ea800000)]
  0x000001c5ce5ae6b0 JavaThread "Daemon client event forwarder" [_thread_blocked, id=16732, stack(0x00000053ea800000,0x00000053ea900000)]
  0x000001c5ce5af9f0 JavaThread "Cache worker for journal cache (C:\Users\ss\.gradle\caches\journal-1)" [_thread_blocked, id=10820, stack(0x00000053ea900000,0x00000053eaa00000)]
  0x000001c5ce5afec0 JavaThread "File lock request listener" [_thread_in_native, id=7020, stack(0x00000053eaa00000,0x00000053eab00000)]
  0x000001c5ce5b1200 JavaThread "Cache worker for file hash cache (C:\Users\ss\.gradle\caches\7.3.3\fileHashes)" [_thread_blocked, id=28408, stack(0x00000053eab00000,0x00000053eac00000)]
  0x000001c5ce5b0860 JavaThread "Cache worker for file hash cache (C:\Users\ss\Desktop\teachers-vision\android\.gradle\7.3.3\fileHashes)" [_thread_blocked, id=27228, stack(0x00000053eac00000,0x00000053ead00000)]
  0x000001c5ce5b0390 JavaThread "File watcher server" daemon [_thread_in_native, id=14052, stack(0x00000053eae00000,0x00000053eaf00000)]
  0x000001c5ce5b16d0 JavaThread "File watcher consumer" daemon [_thread_blocked, id=12132, stack(0x00000053eaf00000,0x00000053eb000000)]
  0x000001c5ce5b1ba0 JavaThread "Cache worker for checksums cache (C:\Users\ss\Desktop\teachers-vision\android\.gradle\7.3.3\checksums)" [_thread_blocked, id=23580, stack(0x00000053eb000000,0x00000053eb100000)]
  0x000001c5ce5b0d30 JavaThread "Cache worker for cache directory md-supplier (C:\Users\ss\.gradle\caches\7.3.3\md-supplier)" [_thread_blocked, id=16336, stack(0x00000053eb100000,0x00000053eb200000)]
  0x000001c5cc945080 JavaThread "Cache worker for cache directory md-rule (C:\Users\ss\.gradle\caches\7.3.3\md-rule)" [_thread_blocked, id=16968, stack(0x00000053eb200000,0x00000053eb300000)]
  0x000001c5cc942a00 JavaThread "Cache worker for execution history cache (C:\Users\ss\.gradle\caches\7.3.3\executionHistory)" [_thread_blocked, id=13452, stack(0x00000053eb300000,0x00000053eb400000)]
  0x000001c5cc943d40 JavaThread "jar transforms" [_thread_blocked, id=25564, stack(0x00000053eb500000,0x00000053eb600000)]
  0x000001c5cc942ed0 JavaThread "jar transforms Thread 2" [_thread_blocked, id=23308, stack(0x00000053eb600000,0x00000053eb700000)]
  0x000001c5cc9433a0 JavaThread "Cache worker for file content cache (C:\Users\ss\.gradle\caches\7.3.3\fileContent)" [_thread_blocked, id=23096, stack(0x00000053eb700000,0x00000053eb800000)]
  0x000001c5cc9446e0 JavaThread "jar transforms Thread 3" [_thread_blocked, id=22968, stack(0x00000053eb400000,0x00000053eb500000)]
  0x000001c5cc944bb0 JavaThread "jar transforms Thread 4" [_thread_blocked, id=27300, stack(0x00000053eb800000,0x00000053eb900000)]
  0x000001c5ce64c220 JavaThread "Cache worker for kotlin-dsl (C:\Users\ss\.gradle\caches\7.3.3\kotlin-dsl)" [_thread_blocked, id=19948, stack(0x00000053e8700000,0x00000053e8800000)]
  0x000001c5ce64aee0 JavaThread "Cache worker for dependencies-accessors (C:\Users\ss\Desktop\teachers-vision\android\.gradle\7.3.3\dependencies-accessors)" [_thread_blocked, id=22708, stack(0x00000053e8900000,0x00000053e8a00000)]
  0x000001c5ce64b880 JavaThread "Cache worker for Build Output Cleanup Cache (C:\Users\ss\Desktop\teachers-vision\node_modules\react-native-gradle-plugin\.gradle\buildOutputCleanup)" [_thread_blocked, id=13220, stack(0x00000053ebc00000,0x00000053ebd00000)]
  0x000001c5ce64b3b0 JavaThread "Unconstrained build operations" [_thread_blocked, id=19820, stack(0x00000053ebd00000,0x00000053ebe00000)]
  0x000001c5ce648d30 JavaThread "Unconstrained build operations Thread 2" [_thread_blocked, id=26148, stack(0x00000053ebe00000,0x00000053ebf00000)]
  0x000001c5ce645370 JavaThread "Unconstrained build operations Thread 3" [_thread_blocked, id=3236, stack(0x00000053ebf00000,0x00000053ec000000)]
  0x000001c5ce645d10 JavaThread "Unconstrained build operations Thread 4" [_thread_blocked, id=25164, stack(0x00000053ec000000,0x00000053ec100000)]
  0x000001c5ce6466b0 JavaThread "Unconstrained build operations Thread 5" [_thread_blocked, id=15504, stack(0x00000053ec100000,0x00000053ec200000)]
  0x000001c5ce648860 JavaThread "Unconstrained build operations Thread 6" [_thread_blocked, id=26376, stack(0x00000053ec200000,0x00000053ec300000)]
  0x000001c5ce6461e0 JavaThread "Unconstrained build operations Thread 7" [_thread_blocked, id=11612, stack(0x00000053ec300000,0x00000053ec400000)]
  0x000001c5ce64bd50 JavaThread "Unconstrained build operations Thread 8" [_thread_blocked, id=4844, stack(0x00000053ec400000,0x00000053ec500000)]
  0x000001c5ce64a540 JavaThread "Unconstrained build operations Thread 9" [_thread_blocked, id=7816, stack(0x00000053ec500000,0x00000053ec600000)]
  0x000001c5ce646b80 JavaThread "Unconstrained build operations Thread 10" [_thread_blocked, id=27744, stack(0x00000053ec600000,0x00000053ec700000)]
  0x000001c5ce647ec0 JavaThread "Unconstrained build operations Thread 11" [_thread_blocked, id=25168, stack(0x00000053ec700000,0x00000053ec800000)]
  0x000001c5ce647050 JavaThread "Unconstrained build operations Thread 12" [_thread_blocked, id=6200, stack(0x00000053ec800000,0x00000053ec900000)]
  0x000001c5ce649ba0 JavaThread "Unconstrained build operations Thread 13" [_thread_blocked, id=7688, stack(0x00000053ec900000,0x00000053eca00000)]
  0x000001c5ce647520 JavaThread "Unconstrained build operations Thread 14" [_thread_blocked, id=19548, stack(0x00000053eca00000,0x00000053ecb00000)]
  0x000001c5ce6479f0 JavaThread "Unconstrained build operations Thread 15" [_thread_blocked, id=3424, stack(0x00000053ecb00000,0x00000053ecc00000)]
  0x000001c5ce649200 JavaThread "Unconstrained build operations Thread 16" [_thread_blocked, id=8572, stack(0x00000053ecc00000,0x00000053ecd00000)]
  0x000001c5ce64a070 JavaThread "Unconstrained build operations Thread 17" [_thread_blocked, id=12432, stack(0x00000053ecd00000,0x00000053ece00000)]
  0x000001c5ce648390 JavaThread "Unconstrained build operations Thread 18" [_thread_blocked, id=16212, stack(0x00000053ece00000,0x00000053ecf00000)]
  0x000001c5ce6496d0 JavaThread "Unconstrained build operations Thread 19" [_thread_blocked, id=23120, stack(0x00000053ecf00000,0x00000053ed000000)]
  0x000001c5ce64aa10 JavaThread "Unconstrained build operations Thread 20" [_thread_blocked, id=22656, stack(0x00000053ed000000,0x00000053ed100000)]
  0x000001c5ce6449d0 JavaThread "Unconstrained build operations Thread 21" [_thread_blocked, id=2436, stack(0x00000053ed100000,0x00000053ed200000)]
  0x000001c5ce644ea0 JavaThread "Unconstrained build operations Thread 22" [_thread_blocked, id=26344, stack(0x00000053ed200000,0x00000053ed300000)]
  0x000001c5ced3fdf0 JavaThread "Unconstrained build operations Thread 23" [_thread_blocked, id=26044, stack(0x00000053ed300000,0x00000053ed400000)]
  0x000001c5ced45e30 JavaThread "Unconstrained build operations Thread 24" [_thread_blocked, id=920, stack(0x00000053ed400000,0x00000053ed500000)]
  0x000001c5ced467d0 JavaThread "Unconstrained build operations Thread 25" [_thread_blocked, id=11468, stack(0x00000053ed500000,0x00000053ed600000)]
  0x000001c5ced46300 JavaThread "Unconstrained build operations Thread 26" [_thread_blocked, id=21912, stack(0x00000053ed600000,0x00000053ed700000)]
  0x000001c5ced46ca0 JavaThread "Unconstrained build operations Thread 27" [_thread_blocked, id=18588, stack(0x00000053ed700000,0x00000053ed800000)]
  0x000001c5ced3f450 JavaThread "Unconstrained build operations Thread 28" [_thread_blocked, id=1216, stack(0x00000053ed800000,0x00000053ed900000)]
  0x000001c5ced3f920 JavaThread "Unconstrained build operations Thread 29" [_thread_blocked, id=25392, stack(0x00000053ed900000,0x00000053eda00000)]
  0x000001c5ced402c0 JavaThread "Unconstrained build operations Thread 30" [_thread_blocked, id=5520, stack(0x00000053eda00000,0x00000053edb00000)]
  0x000001c5ced41fa0 JavaThread "Unconstrained build operations Thread 31" [_thread_blocked, id=28648, stack(0x00000053edb00000,0x00000053edc00000)]
  0x000001c5ced44620 JavaThread "Unconstrained build operations Thread 32" [_thread_blocked, id=12544, stack(0x00000053edc00000,0x00000053edd00000)]
  0x000001c5ced40790 JavaThread "Unconstrained build operations Thread 33" [_thread_blocked, id=25360, stack(0x00000053edd00000,0x00000053ede00000)]
  0x000001c5ced42470 JavaThread "build event listener" [_thread_blocked, id=16672, stack(0x00000053ede00000,0x00000053edf00000)]
  0x000001c5ced44af0 JavaThread "Memory manager" [_thread_blocked, id=1900, stack(0x00000053edf00000,0x00000053ee000000)]
  0x000001c5ced432e0 JavaThread "Cache worker for Build Output Cleanup Cache (C:\Users\ss\Desktop\teachers-vision\android\.gradle\buildOutputCleanup)" [_thread_blocked, id=25672, stack(0x00000053ee000000,0x00000053ee100000)]
  0x000001c5ced40c60 JavaThread "included builds" [_thread_in_vm, id=26720, stack(0x00000053ee100000,0x00000053ee200000)]
  0x000001c5ced42e10 JavaThread "Execution worker for ':react-native-gradle-plugin'" [_thread_blocked, id=24440, stack(0x00000053ee200000,0x00000053ee300000)]
  0x000001c5ced43c80 JavaThread "Execution worker for ':react-native-gradle-plugin' Thread 2" [_thread_blocked, id=7136, stack(0x00000053ee300000,0x00000053ee400000)]
  0x000001c5ced44fc0 JavaThread "Execution worker for ':react-native-gradle-plugin' Thread 3" [_thread_blocked, id=8432, stack(0x00000053ee400000,0x00000053ee500000)]
  0x000001c5ced45490 JavaThread "Cache worker for execution history cache (C:\Users\ss\Desktop\teachers-vision\node_modules\react-native-gradle-plugin\.gradle\7.3.3\executionHistory)" [_thread_blocked, id=14688, stack(0x00000053ee500000,0x00000053ee600000)]
  0x000001c5ced45960 JavaThread "Unconstrained build operations Thread 34" [_thread_blocked, id=18724, stack(0x00000053ee600000,0x00000053ee700000)]
  0x000001c5ced41600 JavaThread "Unconstrained build operations Thread 35" [_thread_blocked, id=19032, stack(0x00000053ee700000,0x00000053ee800000)]
  0x000001c5ced41ad0 JavaThread "Unconstrained build operations Thread 36" [_thread_blocked, id=13268, stack(0x00000053ee800000,0x00000053ee900000)]
  0x000001c5ce5aeb80 JavaThread "Unconstrained build operations Thread 37" [_thread_blocked, id=12356, stack(0x00000053ee900000,0x00000053eea00000)]
  0x000001c5d034acb0 JavaThread "Unconstrained build operations Thread 38" [_thread_blocked, id=3508, stack(0x00000053eea00000,0x00000053eeb00000)]
  0x000001c5d0349970 JavaThread "Unconstrained build operations Thread 39" [_thread_blocked, id=13664, stack(0x00000053eeb00000,0x00000053eec00000)]
  0x000001c5d0348fd0 JavaThread "Unconstrained build operations Thread 40" [_thread_blocked, id=4144, stack(0x00000053eec00000,0x00000053eed00000)]
  0x000001c5d0348b00 JavaThread "RMI Scheduler(0)" daemon [_thread_blocked, id=16996, stack(0x00000053eed00000,0x00000053eee00000)]
  0x000001c5d0348160 JavaThread "RMI GC Daemon" daemon [_thread_blocked, id=14924, stack(0x00000053eef00000,0x00000053ef000000)]
  0x000001c5d04affe0 JavaThread "RMI TCP Accept-0" daemon [_thread_in_native, id=8472, stack(0x00000053ef000000,0x00000053ef100000)]
  0x000001c5d04b0e50 JavaThread "RMI Reaper" [_thread_blocked, id=24688, stack(0x00000053ef100000,0x00000053ef200000)]
  0x000001c5d04b0980 JavaThread "RMI TCP Connection(2)-127.0.0.1" daemon [_thread_in_native, id=19500, stack(0x00000053ef200000,0x00000053ef300000)]
  0x000001c5d04b3000 JavaThread "Cache worker for Java compile cache (C:\Users\ss\.gradle\caches\7.3.3\javaCompile)" [_thread_blocked, id=15588, stack(0x00000053ead00000,0x00000053eae00000)]
  0x000001c5d04b04b0 JavaThread "File lock release action executor Thread 4" [_thread_blocked, id=20320, stack(0x00000053eb900000,0x00000053eba00000)]
  0x000001c5d04afb10 JavaThread "File lock release action executor Thread 5" [_thread_blocked, id=22728, stack(0x00000053eba00000,0x00000053ebb00000)]

Other Threads:
  0x000001c5cba52b70 VMThread "VM Thread" [stack: 0x00000053e8f00000,0x00000053e9000000] [id=12228] _threads_hazard_ptr=0x000001c5d0b6c020
  0x000001c5cc49c550 WatcherThread [stack: 0x00000053e9b00000,0x00000053e9c00000] [id=15640]
  0x000001c5ae150550 GCTaskThread "GC Thread#0" [stack: 0x00000053e8a00000,0x00000053e8b00000] [id=20364]
  0x000001c5ccadd6c0 GCTaskThread "GC Thread#1" [stack: 0x00000053e9d00000,0x00000053e9e00000] [id=1980]
  0x000001c5cc69f880 GCTaskThread "GC Thread#2" [stack: 0x00000053e9e00000,0x00000053e9f00000] [id=21468]
  0x000001c5cc69fb30 GCTaskThread "GC Thread#3" [stack: 0x00000053e9f00000,0x00000053ea000000] [id=19368]
  0x000001c5ae1623b0 ConcurrentGCThread "G1 Main Marker" [stack: 0x00000053e8b00000,0x00000053e8c00000] [id=12532]
  0x000001c5ae162cd0 ConcurrentGCThread "G1 Conc#0" [stack: 0x00000053e8c00000,0x00000053e8d00000] [id=12488]
  0x000001c5ae1cde40 ConcurrentGCThread "G1 Refine#0" [stack: 0x00000053e8d00000,0x00000053e8e00000] [id=7744]
  0x000001c5ae1ce770 ConcurrentGCThread "G1 Service" [stack: 0x00000053e8e00000,0x00000053e8f00000] [id=21580]

Threads with active compile tasks:
C2 CompilerThread0   170384 8750   !   4       java.util.concurrent.ConcurrentHashMap::computeIfAbsent (576 bytes)

VM state: synchronizing (normal execution)

VM Mutex/Monitor currently owned by a thread:  ([mutex/lock_event])
[0x000001c5ae0f3960] Threads_lock - owner thread: 0x000001c5cba52b70

Heap address: 0x0000000080000000, size: 2048 MB, Compressed Oops mode: 32-bit

CDS archive(s) mapped at: [0x0000000800000000-0x0000000800bd0000-0x0000000800bd0000), size 12386304, SharedBaseAddress: 0x0000000800000000, ArchiveRelocationMode: 0.
Compressed class space mapped at: 0x0000000800c00000-0x000000081a800000, reserved size: 432013312
Narrow klass base: 0x0000000800000000, Narrow klass shift: 0, Narrow klass range: 0x100000000

GC Precious Log:
 CPUs: 4 total, 4 available
 Memory: 16263M
 Large Page Support: Disabled
 NUMA Support: Disabled
 Compressed Oops: Enabled (32-bit)
 Heap Region Size: 1M
 Heap Min Capacity: 8M
 Heap Initial Capacity: 256M
 Heap Max Capacity: 2G
 Pre-touch: Disabled
 Parallel Workers: 4
 Concurrent Workers: 1
 Concurrent Refinement Workers: 4
 Periodic GC: Disabled

Heap:
 garbage-first heap   total 97280K, used 70041K [0x0000000080000000, 0x0000000100000000)
  region size 1024K, 12 young (12288K), 3 survivors (3072K)
 Metaspace       used 67133K, committed 67904K, reserved 487424K
  class space    used 9249K, committed 9600K, reserved 421888K

Heap Regions: E=young(eden), S=young(survivor), O=old, HS=humongous(starts), HC=humongous(continues), CS=collection set, F=free, OA=open archive, CA=closed archive, TAMS=top-at-mark-start (previous, next)
|   0|0x0000000080000000, 0x0000000080100000, 0x0000000080100000|100%|HS|  |TAMS 0x0000000080100000, 0x0000000080000000| Complete 
|   1|0x0000000080100000, 0x0000000080200000, 0x0000000080200000|100%|HC|  |TAMS 0x0000000080200000, 0x0000000080100000| Complete 
|   2|0x0000000080200000, 0x0000000080300000, 0x0000000080300000|100%|HC|  |TAMS 0x0000000080300000, 0x0000000080200000| Complete 
|   3|0x0000000080300000, 0x0000000080400000, 0x0000000080400000|100%| O|  |TAMS 0x0000000080400000, 0x0000000080300000| Untracked 
|   4|0x0000000080400000, 0x0000000080500000, 0x0000000080500000|100%| O|  |TAMS 0x0000000080500000, 0x0000000080400000| Untracked 
|   5|0x0000000080500000, 0x0000000080600000, 0x0000000080600000|100%| O|  |TAMS 0x0000000080600000, 0x0000000080500000| Untracked 
|   6|0x0000000080600000, 0x0000000080700000, 0x0000000080700000|100%| O|  |TAMS 0x0000000080700000, 0x0000000080600000| Untracked 
|   7|0x0000000080700000, 0x0000000080800000, 0x0000000080800000|100%| O|  |TAMS 0x0000000080800000, 0x0000000080700000| Untracked 
|   8|0x0000000080800000, 0x0000000080900000, 0x0000000080900000|100%| O|  |TAMS 0x0000000080900000, 0x0000000080800000| Untracked 
|   9|0x0000000080900000, 0x0000000080a00000, 0x0000000080a00000|100%| O|  |TAMS 0x0000000080a00000, 0x0000000080900000| Untracked 
|  10|0x0000000080a00000, 0x0000000080a00000, 0x0000000080b00000|  0%| F|  |TAMS 0x0000000080a00000, 0x0000000080a00000| Untracked 
|  11|0x0000000080b00000, 0x0000000080c00000, 0x0000000080c00000|100%| O|  |TAMS 0x0000000080c00000, 0x0000000080b00000| Untracked 
|  12|0x0000000080c00000, 0x0000000080d00000, 0x0000000080d00000|100%| O|  |TAMS 0x0000000080d00000, 0x0000000080c00000| Untracked 
|  13|0x0000000080d00000, 0x0000000080e00000, 0x0000000080e00000|100%| O|  |TAMS 0x0000000080e00000, 0x0000000080d00000| Untracked 
|  14|0x0000000080e00000, 0x0000000080f00000, 0x0000000080f00000|100%| O|  |TAMS 0x0000000080f00000, 0x0000000080e00000| Untracked 
|  15|0x0000000080f00000, 0x0000000081000000, 0x0000000081000000|100%| O|  |TAMS 0x0000000081000000, 0x0000000080f00000| Untracked 
|  16|0x0000000081000000, 0x0000000081100000, 0x0000000081100000|100%| O|  |TAMS 0x0000000081100000, 0x0000000081000000| Untracked 
|  17|0x0000000081100000, 0x0000000081200000, 0x0000000081200000|100%| O|  |TAMS 0x0000000081200000, 0x0000000081100000| Untracked 
|  18|0x0000000081200000, 0x0000000081300000, 0x0000000081300000|100%| O|  |TAMS 0x0000000081300000, 0x0000000081200000| Untracked 
|  19|0x0000000081300000, 0x0000000081400000, 0x0000000081400000|100%| O|  |TAMS 0x0000000081400000, 0x0000000081300000| Untracked 
|  20|0x0000000081400000, 0x0000000081500000, 0x0000000081500000|100%| O|  |TAMS 0x0000000081500000, 0x0000000081400000| Untracked 
|  21|0x0000000081500000, 0x0000000081600000, 0x0000000081600000|100%| O|  |TAMS 0x0000000081600000, 0x0000000081500000| Untracked 
|  22|0x0000000081600000, 0x0000000081700000, 0x0000000081700000|100%| O|  |TAMS 0x0000000081700000, 0x0000000081600000| Untracked 
|  23|0x0000000081700000, 0x0000000081800000, 0x0000000081800000|100%| O|  |TAMS 0x0000000081800000, 0x0000000081700000| Untracked 
|  24|0x0000000081800000, 0x0000000081900000, 0x0000000081900000|100%| O|  |TAMS 0x0000000081900000, 0x0000000081800000| Untracked 
|  25|0x0000000081900000, 0x0000000081a00000, 0x0000000081a00000|100%|HS|  |TAMS 0x0000000081a00000, 0x0000000081900000| Complete 
|  26|0x0000000081a00000, 0x0000000081b00000, 0x0000000081b00000|100%| O|  |TAMS 0x0000000081b00000, 0x0000000081a00000| Untracked 
|  27|0x0000000081b00000, 0x0000000081c00000, 0x0000000081c00000|100%| O|  |TAMS 0x0000000081c00000, 0x0000000081b00000| Complete 
|  28|0x0000000081c00000, 0x0000000081d00000, 0x0000000081d00000|100%|HS|  |TAMS 0x0000000081d00000, 0x0000000081c00000| Complete 
|  29|0x0000000081d00000, 0x0000000081e00000, 0x0000000081e00000|100%|HC|  |TAMS 0x0000000081e00000, 0x0000000081d00000| Complete 
|  30|0x0000000081e00000, 0x0000000081f00000, 0x0000000081f00000|100%|HC|  |TAMS 0x0000000081f00000, 0x0000000081e00000| Complete 
|  31|0x0000000081f00000, 0x0000000082000000, 0x0000000082000000|100%| O|  |TAMS 0x0000000082000000, 0x0000000081f00000| Untracked 
|  32|0x0000000082000000, 0x0000000082100000, 0x0000000082100000|100%| O|  |TAMS 0x0000000082100000, 0x0000000082000000| Untracked 
|  33|0x0000000082100000, 0x0000000082200000, 0x0000000082200000|100%| O|  |TAMS 0x0000000082200000, 0x0000000082100000| Untracked 
|  34|0x0000000082200000, 0x0000000082300000, 0x0000000082300000|100%| O|  |TAMS 0x0000000082300000, 0x0000000082200000| Untracked 
|  35|0x0000000082300000, 0x0000000082400000, 0x0000000082400000|100%| O|  |TAMS 0x0000000082400000, 0x0000000082300000| Untracked 
|  36|0x0000000082400000, 0x0000000082500000, 0x0000000082500000|100%| O|  |TAMS 0x0000000082500000, 0x0000000082400000| Untracked 
|  37|0x0000000082500000, 0x0000000082600000, 0x0000000082600000|100%| O|  |TAMS 0x0000000082600000, 0x0000000082500000| Untracked 
|  38|0x0000000082600000, 0x0000000082700000, 0x0000000082700000|100%| O|  |TAMS 0x0000000082700000, 0x0000000082600000| Untracked 
|  39|0x0000000082700000, 0x0000000082800000, 0x0000000082800000|100%| O|  |TAMS 0x0000000082800000, 0x0000000082700000| Untracked 
|  40|0x0000000082800000, 0x0000000082900000, 0x0000000082900000|100%| O|  |TAMS 0x0000000082900000, 0x0000000082800000| Untracked 
|  41|0x0000000082900000, 0x0000000082a00000, 0x0000000082a00000|100%| O|  |TAMS 0x0000000082a00000, 0x0000000082900000| Untracked 
|  42|0x0000000082a00000, 0x0000000082b00000, 0x0000000082b00000|100%| O|  |TAMS 0x0000000082b00000, 0x0000000082a00000| Untracked 
|  43|0x0000000082b00000, 0x0000000082c00000, 0x0000000082c00000|100%| O|  |TAMS 0x0000000082c00000, 0x0000000082b00000| Untracked 
|  44|0x0000000082c00000, 0x0000000082d00000, 0x0000000082d00000|100%| O|  |TAMS 0x0000000082d00000, 0x0000000082c00000| Untracked 
|  45|0x0000000082d00000, 0x0000000082e00000, 0x0000000082e00000|100%| O|  |TAMS 0x0000000082e00000, 0x0000000082d00000| Untracked 
|  46|0x0000000082e00000, 0x0000000082f00000, 0x0000000082f00000|100%| O|  |TAMS 0x0000000082f00000, 0x0000000082e00000| Untracked 
|  47|0x0000000082f00000, 0x0000000083000000, 0x0000000083000000|100%| O|  |TAMS 0x0000000083000000, 0x0000000082f00000| Untracked 
|  48|0x0000000083000000, 0x0000000083100000, 0x0000000083100000|100%| O|  |TAMS 0x0000000083100000, 0x0000000083000000| Untracked 
|  49|0x0000000083100000, 0x0000000083200000, 0x0000000083200000|100%| O|  |TAMS 0x0000000083200000, 0x0000000083100000| Untracked 
|  50|0x0000000083200000, 0x0000000083300000, 0x0000000083300000|100%| O|  |TAMS 0x0000000083300000, 0x0000000083200000| Untracked 
|  51|0x0000000083300000, 0x0000000083400000, 0x0000000083400000|100%| O|  |TAMS 0x0000000083400000, 0x0000000083300000| Untracked 
|  52|0x0000000083400000, 0x0000000083500000, 0x0000000083500000|100%| O|  |TAMS 0x0000000083500000, 0x0000000083400000| Untracked 
|  53|0x0000000083500000, 0x00000000835d3000, 0x0000000083600000| 82%| O|  |TAMS 0x00000000835d3000, 0x0000000083500000| Untracked 
|  54|0x0000000083600000, 0x0000000083700000, 0x0000000083700000|100%|HS|  |TAMS 0x0000000083600000, 0x0000000083600000| Complete 
|  55|0x0000000083700000, 0x0000000083800000, 0x0000000083800000|100%|HC|  |TAMS 0x0000000083700000, 0x0000000083700000| Complete 
|  56|0x0000000083800000, 0x0000000083900000, 0x0000000083900000|100%|HC|  |TAMS 0x0000000083800000, 0x0000000083800000| Complete 
|  57|0x0000000083900000, 0x0000000083a00000, 0x0000000083a00000|100%|HC|  |TAMS 0x0000000083900000, 0x0000000083900000| Complete 
|  58|0x0000000083a00000, 0x0000000083b00000, 0x0000000083b00000|100%|HC|  |TAMS 0x0000000083a00000, 0x0000000083a00000| Complete 
|  59|0x0000000083b00000, 0x0000000083b00000, 0x0000000083c00000|  0%| F|  |TAMS 0x0000000083b00000, 0x0000000083b00000| Untracked 
|  60|0x0000000083c00000, 0x0000000083c00000, 0x0000000083d00000|  0%| F|  |TAMS 0x0000000083c00000, 0x0000000083c00000| Untracked 
|  61|0x0000000083d00000, 0x0000000083d00000, 0x0000000083e00000|  0%| F|  |TAMS 0x0000000083d00000, 0x0000000083d00000| Untracked 
|  62|0x0000000083e00000, 0x0000000083e00000, 0x0000000083f00000|  0%| F|  |TAMS 0x0000000083e00000, 0x0000000083e00000| Untracked 
|  63|0x0000000083f00000, 0x0000000083f00000, 0x0000000084000000|  0%| F|  |TAMS 0x0000000083f00000, 0x0000000083f00000| Untracked 
|  64|0x0000000084000000, 0x0000000084000000, 0x0000000084100000|  0%| F|  |TAMS 0x0000000084000000, 0x0000000084000000| Untracked 
|  65|0x0000000084100000, 0x0000000084100000, 0x0000000084200000|  0%| F|  |TAMS 0x0000000084100000, 0x0000000084100000| Untracked 
|  66|0x0000000084200000, 0x0000000084200000, 0x0000000084300000|  0%| F|  |TAMS 0x0000000084200000, 0x0000000084200000| Untracked 
|  67|0x0000000084300000, 0x0000000084393540, 0x0000000084400000| 57%| S|CS|TAMS 0x0000000084300000, 0x0000000084300000| Complete 
|  68|0x0000000084400000, 0x0000000084500000, 0x0000000084500000|100%| S|CS|TAMS 0x0000000084400000, 0x0000000084400000| Complete 
|  69|0x0000000084500000, 0x0000000084600000, 0x0000000084600000|100%| S|CS|TAMS 0x0000000084500000, 0x0000000084500000| Complete 
|  70|0x0000000084600000, 0x0000000084600000, 0x0000000084700000|  0%| F|  |TAMS 0x0000000084600000, 0x0000000084600000| Untracked 
|  71|0x0000000084700000, 0x0000000084700000, 0x0000000084800000|  0%| F|  |TAMS 0x0000000084700000, 0x0000000084700000| Untracked 
|  72|0x0000000084800000, 0x0000000084800000, 0x0000000084900000|  0%| F|  |TAMS 0x0000000084800000, 0x0000000084800000| Untracked 
|  73|0x0000000084900000, 0x0000000084900000, 0x0000000084a00000|  0%| F|  |TAMS 0x0000000084900000, 0x0000000084900000| Untracked 
|  74|0x0000000084a00000, 0x0000000084a00000, 0x0000000084b00000|  0%| F|  |TAMS 0x0000000084a00000, 0x0000000084a00000| Untracked 
|  75|0x0000000084b00000, 0x0000000084b00000, 0x0000000084c00000|  0%| F|  |TAMS 0x0000000084b00000, 0x0000000084b00000| Untracked 
|  76|0x0000000084c00000, 0x0000000084c00000, 0x0000000084d00000|  0%| F|  |TAMS 0x0000000084c00000, 0x0000000084c00000| Untracked 
|  77|0x0000000084d00000, 0x0000000084d00000, 0x0000000084e00000|  0%| F|  |TAMS 0x0000000084d00000, 0x0000000084d00000| Untracked 
|  78|0x0000000084e00000, 0x0000000084e00000, 0x0000000084f00000|  0%| F|  |TAMS 0x0000000084e00000, 0x0000000084e00000| Untracked 
|  79|0x0000000084f00000, 0x0000000084f00000, 0x0000000085000000|  0%| F|  |TAMS 0x0000000084f00000, 0x0000000084f00000| Untracked 
|  80|0x0000000085000000, 0x0000000085000000, 0x0000000085100000|  0%| F|  |TAMS 0x0000000085000000, 0x0000000085000000| Untracked 
|  81|0x0000000085100000, 0x0000000085100000, 0x0000000085200000|  0%| F|  |TAMS 0x0000000085100000, 0x0000000085100000| Untracked 
| 141|0x0000000088d00000, 0x0000000088d00000, 0x0000000088e00000|  0%| F|  |TAMS 0x0000000088d00000, 0x0000000088d00000| Untracked 
| 142|0x0000000088e00000, 0x0000000088e00000, 0x0000000088f00000|  0%| F|  |TAMS 0x0000000088e00000, 0x0000000088e00000| Untracked 
| 143|0x0000000088f00000, 0x0000000088f00000, 0x0000000089000000|  0%| F|  |TAMS 0x0000000088f00000, 0x0000000088f00000| Untracked 
| 144|0x0000000089000000, 0x0000000089000000, 0x0000000089100000|  0%| F|  |TAMS 0x0000000089000000, 0x0000000089000000| Untracked 
| 145|0x0000000089100000, 0x000000008917d140, 0x0000000089200000| 48%| E|  |TAMS 0x0000000089100000, 0x0000000089100000| Complete 
| 146|0x0000000089200000, 0x0000000089300000, 0x0000000089300000|100%| E|CS|TAMS 0x0000000089200000, 0x0000000089200000| Complete 
| 147|0x0000000089300000, 0x0000000089400000, 0x0000000089400000|100%| E|CS|TAMS 0x0000000089300000, 0x0000000089300000| Complete 
| 148|0x0000000089400000, 0x0000000089500000, 0x0000000089500000|100%| E|CS|TAMS 0x0000000089400000, 0x0000000089400000| Complete 
| 149|0x0000000089500000, 0x0000000089600000, 0x0000000089600000|100%| E|CS|TAMS 0x0000000089500000, 0x0000000089500000| Complete 
| 150|0x0000000089600000, 0x0000000089700000, 0x0000000089700000|100%| E|CS|TAMS 0x0000000089600000, 0x0000000089600000| Complete 
| 151|0x0000000089700000, 0x0000000089800000, 0x0000000089800000|100%| E|CS|TAMS 0x0000000089700000, 0x0000000089700000| Complete 
| 254|0x000000008fe00000, 0x000000008ff00000, 0x000000008ff00000|100%| E|CS|TAMS 0x000000008fe00000, 0x000000008fe00000| Complete 
| 255|0x000000008ff00000, 0x0000000090000000, 0x0000000090000000|100%| E|CS|TAMS 0x000000008ff00000, 0x000000008ff00000| Complete 

Card table byte_map: [0x000001c5c4d80000,0x000001c5c5180000] _byte_map_base: 0x000001c5c4980000

Marking Bits (Prev, Next): (CMBitMap*) 0x000001c5ae150a70, (CMBitMap*) 0x000001c5ae150ab0
 Prev Bits: [0x000001c5c5580000, 0x000001c5c7580000)
 Next Bits: [0x000001c5c7580000, 0x000001c5c9580000)

Polling page: 0x000001c5ad8d0000

Metaspace:

Usage:
  Non-class:     56.53 MB used.
      Class:      9.03 MB used.
       Both:     65.56 MB used.

Virtual space:
  Non-class space:       64.00 MB reserved,      56.94 MB ( 89%) committed,  8 nodes.
      Class space:      412.00 MB reserved,       9.38 MB (  2%) committed,  1 nodes.
             Both:      476.00 MB reserved,      66.31 MB ( 14%) committed. 

Chunk freelists:
   Non-Class:  2.86 MB
       Class:  2.59 MB
        Both:  5.45 MB

MaxMetaspaceSize: 512.00 MB
CompressedClassSpaceSize: 412.00 MB
Initial GC threshold: 21.00 MB
Current GC threshold: 101.69 MB
CDS: on
MetaspaceReclaimPolicy: balanced
 - commit_granule_bytes: 65536.
 - commit_granule_words: 8192.
 - virtual_space_node_default_size: 1048576.
 - enlarge_chunks_in_place: 1.
 - new_chunks_are_fully_committed: 0.
 - uncommit_free_chunks: 1.
 - use_allocation_guard: 0.
 - handle_deallocations: 1.


Internal statistics:

num_allocs_failed_limit: 6.
num_arena_births: 890.
num_arena_deaths: 0.
num_vsnodes_births: 9.
num_vsnodes_deaths: 0.
num_space_committed: 1061.
num_space_uncommitted: 0.
num_chunks_returned_to_freelist: 6.
num_chunks_taken_from_freelist: 3570.
num_chunk_merges: 6.
num_chunk_splits: 2382.
num_chunks_enlarged: 1566.
num_purges: 0.
num_inconsistent_stats: 0.

CodeHeap 'non-profiled nmethods': size=120000Kb used=4690Kb max_used=4690Kb free=115309Kb
 bounds [0x000001c5bd450000, 0x000001c5bd8f0000, 0x000001c5c4980000]
CodeHeap 'profiled nmethods': size=120000Kb used=16021Kb max_used=16021Kb free=103978Kb
 bounds [0x000001c5b5980000, 0x000001c5b6930000, 0x000001c5bceb0000]
CodeHeap 'non-nmethods': size=5760Kb used=2384Kb max_used=2429Kb free=3375Kb
 bounds [0x000001c5bceb0000, 0x000001c5bd120000, 0x000001c5bd450000]
 total_blobs=8829 nmethods=7908 adapters=833
 compilation: enabled
              stopped_count=0, restarted_count=0
 full_count=0

Compilation events (20 events):
Event: 170.303 Thread 0x000001c5cba78c70 nmethod 8740 0x000001c5bd8e3f90 code [0x000001c5bd8e4120, 0x000001c5bd8e41f8]
Event: 170.304 Thread 0x000001c5cba78c70 8741       1       com.sun.tools.javac.util.UnsharedNameTable$NameImpl::getByteOffset (2 bytes)
Event: 170.304 Thread 0x000001c5cba78c70 nmethod 8741 0x000001c5bd8e4290 code [0x000001c5bd8e4420, 0x000001c5bd8e44f8]
Event: 170.304 Thread 0x000001c5cba78c70 8742       3       com.sun.tools.javac.util.UnsharedNameTable::fromUtf (224 bytes)
Event: 170.306 Thread 0x000001c5cba78c70 nmethod 8742 0x000001c5b6921490 code [0x000001c5b6921780, 0x000001c5b6922c58]
Event: 170.306 Thread 0x000001c5cba78c70 8743       3       com.sun.tools.javac.util.Convert::chars2utf (159 bytes)
Event: 170.306 Thread 0x000001c5cba78c70 nmethod 8743 0x000001c5b6923410 code [0x000001c5b69235e0, 0x000001c5b6923998]
Event: 170.307 Thread 0x000001c5cba78c70 8744       3       com.sun.tools.javac.util.UnsharedNameTable$NameImpl::getByteLength (6 bytes)
Event: 170.307 Thread 0x000001c5cba78c70 nmethod 8744 0x000001c5b6923c10 code [0x000001c5b6923da0, 0x000001c5b6923eb8]
Event: 170.309 Thread 0x000001c5cba78c70 8745       3       com.sun.tools.javac.util.Assert::checkNonNull (9 bytes)
Event: 170.309 Thread 0x000001c5cba78c70 nmethod 8745 0x000001c5b6923f90 code [0x000001c5b6924140, 0x000001c5b69243a8]
Event: 170.309 Thread 0x000001c5cba78c70 8746       3       com.sun.tools.javac.util.Name$Table::equals (44 bytes)
Event: 170.310 Thread 0x000001c5cba78c70 nmethod 8746 0x000001c5b6924510 code [0x000001c5b69246c0, 0x000001c5b6924938]
Event: 170.310 Thread 0x000001c5cba78c70 8747       1       com.sun.tools.javac.code.Symbol$PackageSymbol::getQualifiedName (5 bytes)
Event: 170.310 Thread 0x000001c5cba78c70 nmethod 8747 0x000001c5bd8e4590 code [0x000001c5bd8e4720, 0x000001c5bd8e47f8]
Event: 170.310 Thread 0x000001c5cba78c70 8748       3       com.sun.tools.javac.util.Name::lastIndexOf (42 bytes)
Event: 170.310 Thread 0x000001c5cba78c70 nmethod 8748 0x000001c5b6924a90 code [0x000001c5b6924c40, 0x000001c5b6924f58]
Event: 170.311 Thread 0x000001c5cba78c70 8749       3       com.sun.tools.javac.util.Name::getBytes (18 bytes)
Event: 170.311 Thread 0x000001c5cba78c70 nmethod 8749 0x000001c5b6925110 code [0x000001c5b69252c0, 0x000001c5b6925588]
Event: 170.321 Thread 0x000001c5cba762b0 8750   !   4       java.util.concurrent.ConcurrentHashMap::computeIfAbsent (576 bytes)

GC Heap History (20 events):
Event: 88.498 GC heap before
{Heap before GC invocations=16 (full 0):
 garbage-first heap   total 78848K, used 62843K [0x0000000080000000, 0x0000000100000000)
  region size 1024K, 20 young (20480K), 1 survivors (1024K)
 Metaspace       used 48087K, committed 48640K, reserved 471040K
  class space    used 6684K, committed 6912K, reserved 421888K
}
Event: 88.503 GC heap after
{Heap after GC invocations=17 (full 0):
 garbage-first heap   total 78848K, used 44424K [0x0000000080000000, 0x0000000100000000)
  region size 1024K, 2 young (2048K), 2 survivors (2048K)
 Metaspace       used 48087K, committed 48640K, reserved 471040K
  class space    used 6684K, committed 6912K, reserved 421888K
}
Event: 90.553 GC heap before
{Heap before GC invocations=18 (full 0):
 garbage-first heap   total 78848K, used 63880K [0x0000000080000000, 0x0000000100000000)
  region size 1024K, 21 young (21504K), 2 survivors (2048K)
 Metaspace       used 50752K, committed 51328K, reserved 471040K
  class space    used 7049K, committed 7296K, reserved 421888K
}
Event: 90.557 GC heap after
{Heap after GC invocations=19 (full 0):
 garbage-first heap   total 78848K, used 45054K [0x0000000080000000, 0x0000000100000000)
  region size 1024K, 2 young (2048K), 2 survivors (2048K)
 Metaspace       used 50752K, committed 51328K, reserved 471040K
  class space    used 7049K, committed 7296K, reserved 421888K
}
Event: 92.137 GC heap before
{Heap before GC invocations=19 (full 0):
 garbage-first heap   total 78848K, used 64510K [0x0000000080000000, 0x0000000100000000)
  region size 1024K, 21 young (21504K), 2 survivors (2048K)
 Metaspace       used 51917K, committed 52544K, reserved 471040K
  class space    used 7167K, committed 7424K, reserved 421888K
}
Event: 92.144 GC heap after
{Heap after GC invocations=20 (full 0):
 garbage-first heap   total 78848K, used 47578K [0x0000000080000000, 0x0000000100000000)
  region size 1024K, 3 young (3072K), 3 survivors (3072K)
 Metaspace       used 51917K, committed 52544K, reserved 471040K
  class space    used 7167K, committed 7424K, reserved 421888K
}
Event: 94.081 GC heap before
{Heap before GC invocations=21 (full 0):
 garbage-first heap   total 83968K, used 63962K [0x0000000080000000, 0x0000000100000000)
  region size 1024K, 19 young (19456K), 3 survivors (3072K)
 Metaspace       used 53706K, committed 54336K, reserved 471040K
  class space    used 7430K, committed 7680K, reserved 421888K
}
Event: 94.085 GC heap after
{Heap after GC invocations=22 (full 0):
 garbage-first heap   total 83968K, used 47530K [0x0000000080000000, 0x0000000100000000)
  region size 1024K, 2 young (2048K), 2 survivors (2048K)
 Metaspace       used 53706K, committed 54336K, reserved 471040K
  class space    used 7430K, committed 7680K, reserved 421888K
}
Event: 96.068 GC heap before
{Heap before GC invocations=22 (full 0):
 garbage-first heap   total 83968K, used 65962K [0x0000000080000000, 0x0000000100000000)
  region size 1024K, 21 young (21504K), 2 survivors (2048K)
 Metaspace       used 54687K, committed 55360K, reserved 471040K
  class space    used 7589K, committed 7872K, reserved 421888K
}
Event: 96.073 GC heap after
{Heap after GC invocations=23 (full 0):
 garbage-first heap   total 83968K, used 49020K [0x0000000080000000, 0x0000000100000000)
  region size 1024K, 3 young (3072K), 3 survivors (3072K)
 Metaspace       used 54687K, committed 55360K, reserved 471040K
  class space    used 7589K, committed 7872K, reserved 421888K
}
Event: 100.694 GC heap before
{Heap before GC invocations=24 (full 0):
 garbage-first heap   total 86016K, used 67452K [0x0000000080000000, 0x0000000100000000)
  region size 1024K, 21 young (21504K), 3 survivors (3072K)
 Metaspace       used 55960K, committed 56640K, reserved 471040K
  class space    used 7768K, committed 8064K, reserved 421888K
}
Event: 100.705 GC heap after
{Heap after GC invocations=25 (full 0):
 garbage-first heap   total 86016K, used 50460K [0x0000000080000000, 0x0000000100000000)
  region size 1024K, 2 young (2048K), 2 survivors (2048K)
 Metaspace       used 55960K, committed 56640K, reserved 471040K
  class space    used 7768K, committed 8064K, reserved 421888K
}
Event: 102.748 GC heap before
{Heap before GC invocations=25 (full 0):
 garbage-first heap   total 86016K, used 68892K [0x0000000080000000, 0x0000000100000000)
  region size 1024K, 21 young (21504K), 2 survivors (2048K)
 Metaspace       used 58000K, committed 58688K, reserved 479232K
  class space    used 8011K, committed 8320K, reserved 421888K
}
Event: 102.756 GC heap after
{Heap after GC invocations=26 (full 0):
 garbage-first heap   total 86016K, used 52596K [0x0000000080000000, 0x0000000100000000)
  region size 1024K, 3 young (3072K), 3 survivors (3072K)
 Metaspace       used 58000K, committed 58688K, reserved 479232K
  class space    used 8011K, committed 8320K, reserved 421888K
}
Event: 106.048 GC heap before
{Heap before GC invocations=27 (full 0):
 garbage-first heap   total 92160K, used 67956K [0x0000000080000000, 0x0000000100000000)
  region size 1024K, 19 young (19456K), 3 survivors (3072K)
 Metaspace       used 59246K, committed 59904K, reserved 479232K
  class space    used 8179K, committed 8512K, reserved 421888K
}
Event: 106.055 GC heap after
{Heap after GC invocations=28 (full 0):
 garbage-first heap   total 92160K, used 54265K [0x0000000080000000, 0x0000000100000000)
  region size 1024K, 2 young (2048K), 2 survivors (2048K)
 Metaspace       used 59246K, committed 59904K, reserved 479232K
  class space    used 8179K, committed 8512K, reserved 421888K
}
Event: 106.245 GC heap before
{Heap before GC invocations=28 (full 0):
 garbage-first heap   total 92160K, used 55289K [0x0000000080000000, 0x0000000100000000)
  region size 1024K, 4 young (4096K), 2 survivors (2048K)
 Metaspace       used 59608K, committed 60288K, reserved 479232K
  class space    used 8223K, committed 8512K, reserved 421888K
}
Event: 106.248 GC heap after
{Heap after GC invocations=29 (full 0):
 garbage-first heap   total 92160K, used 54430K [0x0000000080000000, 0x0000000100000000)
  region size 1024K, 1 young (1024K), 1 survivors (1024K)
 Metaspace       used 59608K, committed 60288K, reserved 479232K
  class space    used 8223K, committed 8512K, reserved 421888K
}
Event: 165.735 GC heap before
{Heap before GC invocations=29 (full 0):
 garbage-first heap   total 92160K, used 73886K [0x0000000080000000, 0x0000000100000000)
  region size 1024K, 20 young (20480K), 1 survivors (1024K)
 Metaspace       used 61683K, committed 62400K, reserved 479232K
  class space    used 8549K, committed 8896K, reserved 421888K
}
Event: 165.740 GC heap after
{Heap after GC invocations=30 (full 0):
 garbage-first heap   total 92160K, used 56729K [0x0000000080000000, 0x0000000100000000)
  region size 1024K, 3 young (3072K), 3 survivors (3072K)
 Metaspace       used 61683K, committed 62400K, reserved 479232K
  class space    used 8549K, committed 8896K, reserved 421888K
}

Deoptimization events (20 events):
Event: 167.223 Thread 0x000001c5ced40c60 DEOPT PACKING pc=0x000001c5bd86c75c sp=0x00000053ee1f7dd0
Event: 167.223 Thread 0x000001c5ced40c60 DEOPT UNPACKING pc=0x000001c5bcf023a3 sp=0x00000053ee1f7dd8 mode 2
Event: 167.223 Thread 0x000001c5ced40c60 DEOPT PACKING pc=0x000001c5b68608bc sp=0x00000053ee1f7a70
Event: 167.223 Thread 0x000001c5ced40c60 DEOPT UNPACKING pc=0x000001c5bcf02b43 sp=0x00000053ee1f6ff0 mode 0
Event: 167.632 Thread 0x000001c5ced40c60 Uncommon trap: trap_request=0xffffffde fr.pc=0x000001c5bd552bfc relative=0x00000000000014fc
Event: 167.632 Thread 0x000001c5ced40c60 Uncommon trap: reason=class_check action=maybe_recompile pc=0x000001c5bd552bfc method=java.util.zip.InflaterInputStream.read([BII)I @ 100 c2
Event: 167.632 Thread 0x000001c5ced40c60 DEOPT PACKING pc=0x000001c5bd552bfc sp=0x00000053ee1f7980
Event: 167.632 Thread 0x000001c5ced40c60 DEOPT UNPACKING pc=0x000001c5bcf023a3 sp=0x00000053ee1f79d0 mode 2
Event: 167.633 Thread 0x000001c5ced40c60 Uncommon trap: trap_request=0xffffffde fr.pc=0x000001c5bd552bfc relative=0x00000000000014fc
Event: 167.633 Thread 0x000001c5ced40c60 Uncommon trap: reason=class_check action=maybe_recompile pc=0x000001c5bd552bfc method=java.util.zip.InflaterInputStream.read([BII)I @ 100 c2
Event: 167.633 Thread 0x000001c5ced40c60 DEOPT PACKING pc=0x000001c5bd552bfc sp=0x00000053ee1f7980
Event: 167.633 Thread 0x000001c5ced40c60 DEOPT UNPACKING pc=0x000001c5bcf023a3 sp=0x00000053ee1f79d0 mode 2
Event: 167.633 Thread 0x000001c5ced40c60 Uncommon trap: trap_request=0xffffffde fr.pc=0x000001c5bd552bfc relative=0x00000000000014fc
Event: 167.633 Thread 0x000001c5ced40c60 Uncommon trap: reason=class_check action=maybe_recompile pc=0x000001c5bd552bfc method=java.util.zip.InflaterInputStream.read([BII)I @ 100 c2
Event: 167.633 Thread 0x000001c5ced40c60 DEOPT PACKING pc=0x000001c5bd552bfc sp=0x00000053ee1f7980
Event: 167.633 Thread 0x000001c5ced40c60 DEOPT UNPACKING pc=0x000001c5bcf023a3 sp=0x00000053ee1f79d0 mode 2
Event: 167.633 Thread 0x000001c5ced40c60 Uncommon trap: trap_request=0xffffffde fr.pc=0x000001c5bd552bfc relative=0x00000000000014fc
Event: 167.633 Thread 0x000001c5ced40c60 Uncommon trap: reason=class_check action=maybe_recompile pc=0x000001c5bd552bfc method=java.util.zip.InflaterInputStream.read([BII)I @ 100 c2
Event: 167.633 Thread 0x000001c5ced40c60 DEOPT PACKING pc=0x000001c5bd552bfc sp=0x00000053ee1f7980
Event: 167.633 Thread 0x000001c5ced40c60 DEOPT UNPACKING pc=0x000001c5bcf023a3 sp=0x00000053ee1f79d0 mode 2

Classes unloaded (0 events):
No events

Classes redefined (0 events):
No events

Internal exceptions (20 events):
Event: 106.708 Thread 0x000001c5ced40c60 Exception <a 'java/lang/NoSuchMethodError'{0x00000000896ed9a0}: static Lorg/jetbrains/kotlin/daemon/common/LoopbackNetworkInterface$ClientLoopbackSocketFactory;.<clinit>()V> (0x00000000896ed9a0) 
thrown [s\open\src\hotspot\share\prims\jni.cpp, line 1107]
Event: 106.732 Thread 0x000001c5ced40c60 Exception <a 'java/lang/NoSuchMethodError'{0x000000008952ff38}: 'java.lang.Object java.lang.invoke.DirectMethodHandle$Holder.invokeSpecial(java.lang.Object, java.lang.Object, java.lang.Object, int, java.lang.Object, java.lang.Object)'> (0x000000008952ff38) 
thrown [s\open\src\hotspot\share\interpreter\linkResolver.cpp, line 759]
Event: 106.733 Thread 0x000001c5ced40c60 Exception <a 'java/lang/NoSuchMethodError'{0x0000000089534720}: 'java.lang.Object java.lang.invoke.Invokers$Holder.linkToTargetMethod(java.lang.Object, int, java.lang.Object, java.lang.Object, java.lang.Object)'> (0x0000000089534720) 
thrown [s\open\src\hotspot\share\interpreter\linkResolver.cpp, line 759]
Event: 107.102 Thread 0x000001c5ced40c60 Exception <a 'java/lang/NoSuchMethodError'{0x0000000089555090}: static [Ljava/rmi/server/ObjID;.<clinit>()V> (0x0000000089555090) 
thrown [s\open\src\hotspot\share\prims\jni.cpp, line 1107]
Event: 107.108 Thread 0x000001c5ced40c60 Exception <a 'java/lang/NoSuchMethodError'{0x000000008958ce68}: static [B.<clinit>()V> (0x000000008958ce68) 
thrown [s\open\src\hotspot\share\prims\jni.cpp, line 1107]
Event: 107.115 Thread 0x000001c5d0348630 Exception <a 'java/lang/InterruptedException'{0x00000000895951b8}> (0x00000000895951b8) 
thrown [s\open\src\hotspot\share\runtime\objectMonitor.cpp, line 1671]
Event: 107.116 Thread 0x000001c5d0348630 Exception <a 'java/lang/NoSuchMethodError'{0x0000000089596618}: 'java.lang.Object java.lang.invoke.DirectMethodHandle$Holder.invokeSpecial(java.lang.Object, java.lang.Object, int, java.lang.Object, long)'> (0x0000000089596618) 
thrown [s\open\src\hotspot\share\interpreter\linkResolver.cpp, line 759]
Event: 107.116 Thread 0x000001c5d0348630 Exception <a 'java/lang/NoSuchMethodError'{0x00000000895de790}: 'java.lang.Object java.lang.invoke.DirectMethodHandle$Holder.newInvokeSpecial(java.lang.Object, java.lang.Object, int, java.lang.Object, long)'> (0x00000000895de790) 
thrown [s\open\src\hotspot\share\interpreter\linkResolver.cpp, line 759]
Event: 107.126 Thread 0x000001c5ced40c60 Exception <a 'java/lang/NoSuchMethodError'{0x00000000895ce460}: static Lorg/jetbrains/kotlin/daemon/common/CompileService$CallResult;.<clinit>()V> (0x00000000895ce460) 
thrown [s\open\src\hotspot\share\prims\jni.cpp, line 1107]
Event: 107.127 Thread 0x000001c5ced40c60 Exception <a 'java/lang/NoSuchMethodError'{0x00000000895f0078}: static Lorg/jetbrains/kotlin/daemon/common/CompileService$CallResult$Good;.<clinit>()V> (0x00000000895f0078) 
thrown [s\open\src\hotspot\share\prims\jni.cpp, line 1107]
Event: 107.129 Thread 0x000001c5ced40c60 Exception <a 'java/lang/NoSuchMethodError'{0x0000000089403c40}: static Lorg/jetbrains/kotlin/daemon/common/DaemonJVMOptions;.<clinit>()V> (0x0000000089403c40) 
thrown [s\open\src\hotspot\share\prims\jni.cpp, line 1107]
Event: 107.140 Thread 0x000001c5ced40c60 Exception <a 'java/lang/NoSuchMethodError'{0x00000000894490e8}: static Lorg/jetbrains/kotlin/daemon/common/CompileService$CallResult$Ok;.<clinit>()V> (0x00000000894490e8) 
thrown [s\open\src\hotspot\share\prims\jni.cpp, line 1107]
Event: 107.180 Thread 0x000001c5ced40c60 Exception <a 'java/lang/NoSuchMethodError'{0x0000000089323658}: static [Ljava/lang/String;.<clinit>()V> (0x0000000089323658) 
thrown [s\open\src\hotspot\share\prims\jni.cpp, line 1107]
Event: 107.189 Thread 0x000001c5ced40c60 Exception <a 'java/lang/NoSuchMethodError'{0x0000000089354968}: static [Ljava/lang/Integer;.<clinit>()V> (0x0000000089354968) 
thrown [s\open\src\hotspot\share\prims\jni.cpp, line 1107]
Event: 107.193 Thread 0x000001c5ced40c60 Exception <a 'java/lang/NoSuchMethodError'{0x000000008938e2c8}: static Lorg/jetbrains/kotlin/incremental/ClasspathChanges$NotAvailable;.<clinit>()V> (0x000000008938e2c8) 
thrown [s\open\src\hotspot\share\prims\jni.cpp, line 1107]
Event: 107.193 Thread 0x000001c5ced40c60 Exception <a 'java/lang/NoSuchMethodError'{0x0000000089394ef0}: static Lorg/jetbrains/kotlin/incremental/ClasspathChanges$NotAvailable;.<clinit>()V> (0x0000000089394ef0) 
thrown [s\open\src\hotspot\share\prims\jni.cpp, line 1107]
Event: 107.194 Thread 0x000001c5ced40c60 Exception <a 'java/lang/NoSuchMethodError'{0x000000008939bdc8}: static Lorg/jetbrains/kotlin/incremental/ClasspathChanges;.<clinit>()V> (0x000000008939bdc8) 
thrown [s\open\src\hotspot\share\prims\jni.cpp, line 1107]
Event: 165.561 Thread 0x000001c5ced40c60 Exception <a 'java/lang/NoSuchMethodError'{0x0000000084672a58}: 'void java.lang.invoke.DirectMethodHandle$Holder.invokeInterface(java.lang.Object, java.lang.Object, java.lang.Object, java.lang.Object)'> (0x0000000084672a58) 
thrown [s\open\src\hotspot\share\interpreter\linkResolver.cpp, line 759]
Event: 165.757 Thread 0x000001c5d0348630 Implicit null exception at 0x000001c5bd75c483 to 0x000001c5bd75c668
Event: 168.389 Thread 0x000001c5ced40c60 Exception <a 'java/lang/NoSuchMethodError'{0x00000000894b7100}: 'void java.lang.invoke.DirectMethodHandle$Holder.invokeVirtual(java.lang.Object, java.lang.Object, java.lang.Object, java.lang.Object)'> (0x00000000894b7100) 
thrown [s\open\src\hotspot\share\interpreter\linkResolver.cpp, line 759]

VM Operations (20 events):
Event: 164.705 Executing VM operation: HandshakeAllThreads
Event: 164.706 Executing VM operation: HandshakeAllThreads done
Event: 164.706 Executing VM operation: Cleanup
Event: 164.706 Executing VM operation: Cleanup done
Event: 165.286 Executing VM operation: HandshakeAllThreads
Event: 165.286 Executing VM operation: HandshakeAllThreads done
Event: 165.541 Executing VM operation: HandshakeAllThreads
Event: 165.542 Executing VM operation: HandshakeAllThreads done
Event: 165.735 Executing VM operation: G1CollectForAllocation
Event: 165.740 Executing VM operation: G1CollectForAllocation done
Event: 165.876 Executing VM operation: G1Concurrent
Event: 165.960 Executing VM operation: G1Concurrent done
Event: 166.023 Executing VM operation: G1Concurrent
Event: 166.150 Executing VM operation: G1Concurrent done
Event: 167.151 Executing VM operation: Cleanup
Event: 167.198 Executing VM operation: Cleanup done
Event: 167.221 Executing VM operation: HandshakeAllThreads
Event: 167.222 Executing VM operation: HandshakeAllThreads done
Event: 168.221 Executing VM operation: Cleanup
Event: 168.355 Executing VM operation: Cleanup done

Events (20 events):
Event: 166.471 loading class java/util/ResourceBundle$KeyElementReference
Event: 166.471 loading class java/util/ResourceBundle$CacheKeyReference
Event: 166.471 loading class java/util/ResourceBundle$CacheKeyReference done
Event: 166.471 loading class java/util/ResourceBundle$KeyElementReference done
Event: 166.472 loading class java/util/ResourceBundle$3
Event: 166.472 loading class java/util/ResourceBundle$3 done
Event: 166.479 loading class java/util/ResourceBundle$BundleReference
Event: 166.479 loading class java/util/ResourceBundle$BundleReference done
Event: 167.205 loading class java/util/ServiceLoader$ProviderSpliterator
Event: 167.205 loading class java/util/ServiceLoader$ProviderSpliterator done
Event: 167.226 loading class sun/nio/ch/ChannelInputStream
Event: 167.226 loading class sun/nio/ch/ChannelInputStream done
Event: 167.226 loading class java/util/jar/JarInputStream
Event: 167.226 loading class java/util/zip/ZipInputStream
Event: 167.226 loading class java/util/zip/ZipInputStream done
Event: 167.226 loading class java/util/jar/JarInputStream done
Event: 167.226 loading class java/io/PushbackInputStream
Event: 167.226 loading class java/io/PushbackInputStream done
Event: 169.084 Thread 0x000001c5d04b04b0 Thread added: 0x000001c5d04b04b0
Event: 169.204 Thread 0x000001c5d04afb10 Thread added: 0x000001c5d04afb10


Dynamic libraries:
0x00007ff734340000 - 0x00007ff734350000 	C:\Program Files\Java\jdk-17\bin\java.exe
0x00007ffa9d590000 - 0x00007ffa9d788000 	C:\Windows\SYSTEM32\ntdll.dll
0x00007ffa9b7a0000 - 0x00007ffa9b85f000 	C:\Windows\System32\KERNEL32.DLL
0x00007ffa9ad10000 - 0x00007ffa9b006000 	C:\Windows\System32\KERNELBASE.dll
0x00007ffa9b010000 - 0x00007ffa9b110000 	C:\Windows\System32\ucrtbase.dll
0x00007ffa7cd30000 - 0x00007ffa7cd49000 	C:\Program Files\Java\jdk-17\bin\jli.dll
0x00007ffa9bcb0000 - 0x00007ffa9bd5f000 	C:\Windows\System32\ADVAPI32.dll
0x00007ffa9bd90000 - 0x00007ffa9be2e000 	C:\Windows\System32\msvcrt.dll
0x00007ffa9bc10000 - 0x00007ffa9bcac000 	C:\Windows\System32\sechost.dll
0x00007ffa9d3c0000 - 0x00007ffa9d4e6000 	C:\Windows\System32\RPCRT4.dll
0x00007ffa9b600000 - 0x00007ffa9b79d000 	C:\Windows\System32\USER32.dll
0x00007ffa9b3c0000 - 0x00007ffa9b3e2000 	C:\Windows\System32\win32u.dll
0x00007ffa9bd60000 - 0x00007ffa9bd8c000 	C:\Windows\System32\GDI32.dll
0x00007ffa9b160000 - 0x00007ffa9b275000 	C:\Windows\System32\gdi32full.dll
0x00007ffa9b3f0000 - 0x00007ffa9b48d000 	C:\Windows\System32\msvcp_win.dll
0x00007ffa772c0000 - 0x00007ffa772db000 	C:\Program Files\Java\jdk-17\bin\VCRUNTIME140.dll
0x00007ffa77020000 - 0x00007ffa772ba000 	C:\Windows\WinSxS\amd64_microsoft.windows.common-controls_6595b64144ccf1df_6.0.19041.1110_none_60b5254171f9507e\COMCTL32.dll
0x00007ffa921b0000 - 0x00007ffa921ba000 	C:\Windows\SYSTEM32\VERSION.dll
0x00007ffa9c500000 - 0x00007ffa9c530000 	C:\Windows\System32\IMM32.DLL
0x00007ffa8bbd0000 - 0x00007ffa8bbdc000 	C:\Program Files\Java\jdk-17\bin\vcruntime140_1.dll
0x00007ffa57b90000 - 0x00007ffa57c1e000 	C:\Program Files\Java\jdk-17\bin\msvcp140.dll
0x00007ffa28ca0000 - 0x00007ffa2987d000 	C:\Program Files\Java\jdk-17\bin\server\jvm.dll
0x00007ffa9b5f0000 - 0x00007ffa9b5f8000 	C:\Windows\System32\PSAPI.DLL
0x00007ffa8af90000 - 0x00007ffa8af99000 	C:\Windows\SYSTEM32\WSOCK32.dll
0x00007ffa9c890000 - 0x00007ffa9c8fb000 	C:\Windows\System32\WS2_32.dll
0x00007ffa6ffa0000 - 0x00007ffa6ffc7000 	C:\Windows\SYSTEM32\WINMM.dll
0x00007ffa99490000 - 0x00007ffa994a2000 	C:\Windows\SYSTEM32\kernel.appcore.dll
0x00007ffa817a0000 - 0x00007ffa817aa000 	C:\Program Files\Java\jdk-17\bin\jimage.dll
0x00007ffa95870000 - 0x00007ffa95a54000 	C:\Windows\SYSTEM32\DBGHELP.DLL
0x00007ffa89080000 - 0x00007ffa890b4000 	C:\Windows\SYSTEM32\dbgcore.DLL
0x00007ffa9b330000 - 0x00007ffa9b3b2000 	C:\Windows\System32\bcryptPrimitives.dll
0x00007ffa73c90000 - 0x00007ffa73cb5000 	C:\Program Files\Java\jdk-17\bin\java.dll
0x00007ffa2df30000 - 0x00007ffa2e007000 	C:\Program Files\Java\jdk-17\bin\jsvml.dll
0x00007ffa9ca90000 - 0x00007ffa9d1d4000 	C:\Windows\System32\SHELL32.dll
0x00007ffa98cf0000 - 0x00007ffa99483000 	C:\Windows\SYSTEM32\windows.storage.dll
0x00007ffa9c530000 - 0x00007ffa9c884000 	C:\Windows\System32\combase.dll
0x00007ffa9a5e0000 - 0x00007ffa9a60e000 	C:\Windows\SYSTEM32\Wldp.dll
0x00007ffa9c450000 - 0x00007ffa9c4fd000 	C:\Windows\System32\SHCORE.dll
0x00007ffa9d360000 - 0x00007ffa9d3b5000 	C:\Windows\System32\shlwapi.dll
0x00007ffa9aba0000 - 0x00007ffa9abc5000 	C:\Windows\SYSTEM32\profapi.dll
0x00007ffa76800000 - 0x00007ffa76819000 	C:\Program Files\Java\jdk-17\bin\net.dll
0x00007ffa8fc50000 - 0x00007ffa8fd5a000 	C:\Windows\SYSTEM32\WINHTTP.dll
0x00007ffa9a340000 - 0x00007ffa9a3aa000 	C:\Windows\system32\mswsock.dll
0x00007ffa76300000 - 0x00007ffa76316000 	C:\Program Files\Java\jdk-17\bin\nio.dll
0x00007ffa76100000 - 0x00007ffa76118000 	C:\Program Files\Java\jdk-17\bin\zip.dll
0x00007ffa93720000 - 0x00007ffa93730000 	C:\Program Files\Java\jdk-17\bin\verify.dll
0x00007ffa72610000 - 0x00007ffa72637000 	C:\Users\ss\.gradle\native\e1d6ef7f7dcc3fd88c89a11ec53ec762bb8ba0a96d01ffa2cd45eb1d1d8dd5c5\windows-amd64\native-platform.dll
0x00007ffa68900000 - 0x00007ffa68a44000 	C:\Users\ss\.gradle\native\5664cfc778a61ccfe75a443a1ab52a65af34e5dc3c78e0209fed803814484fcb\windows-amd64\native-platform-file-events.dll
0x00007ffa92ba0000 - 0x00007ffa92baa000 	C:\Program Files\Java\jdk-17\bin\management.dll
0x00007ffa8d980000 - 0x00007ffa8d98b000 	C:\Program Files\Java\jdk-17\bin\management_ext.dll
0x00007ffa9a530000 - 0x00007ffa9a548000 	C:\Windows\SYSTEM32\CRYPTSP.dll
0x00007ffa99c50000 - 0x00007ffa99c84000 	C:\Windows\system32\rsaenh.dll
0x00007ffa9ace0000 - 0x00007ffa9ad07000 	C:\Windows\System32\bcrypt.dll
0x00007ffa9ab60000 - 0x00007ffa9ab8e000 	C:\Windows\SYSTEM32\USERENV.dll
0x00007ffa9a550000 - 0x00007ffa9a55c000 	C:\Windows\SYSTEM32\CRYPTBASE.dll
0x00007ffa9a030000 - 0x00007ffa9a06b000 	C:\Windows\SYSTEM32\IPHLPAPI.DLL
0x00007ffa9be50000 - 0x00007ffa9be58000 	C:\Windows\System32\NSI.dll
0x00007ffa905d0000 - 0x00007ffa905e7000 	C:\Windows\SYSTEM32\dhcpcsvc6.DLL
0x00007ffa906e0000 - 0x00007ffa906fd000 	C:\Windows\SYSTEM32\dhcpcsvc.DLL
0x00007ffa9a070000 - 0x00007ffa9a13a000 	C:\Windows\SYSTEM32\DNSAPI.dll
0x00007ffa774e0000 - 0x00007ffa774ed000 	C:\Program Files\Java\jdk-17\bin\sunmscapi.dll
0x00007ffa9b490000 - 0x00007ffa9b5ee000 	C:\Windows\System32\CRYPT32.dll
0x00007ffa9a650000 - 0x00007ffa9a678000 	C:\Windows\SYSTEM32\ncrypt.dll
0x00007ffa9a610000 - 0x00007ffa9a64b000 	C:\Windows\SYSTEM32\NTASN1.dll
0x00007ffa81790000 - 0x00007ffa81797000 	C:\Windows\system32\wshunix.dll
0x00007ffa813c0000 - 0x00007ffa813c7000 	C:\Program Files\Java\jdk-17\bin\rmi.dll

dbghelp: loaded successfully - version: 4.0.5 - missing functions: none
symbol engine: initialized successfully - sym options: 0x614 - pdb path: .;C:\Program Files\Java\jdk-17\bin;C:\Windows\SYSTEM32;C:\Windows\WinSxS\amd64_microsoft.windows.common-controls_6595b64144ccf1df_6.0.19041.1110_none_60b5254171f9507e;C:\Program Files\Java\jdk-17\bin\server;C:\Users\ss\.gradle\native\e1d6ef7f7dcc3fd88c89a11ec53ec762bb8ba0a96d01ffa2cd45eb1d1d8dd5c5\windows-amd64;C:\Users\ss\.gradle\native\5664cfc778a61ccfe75a443a1ab52a65af34e5dc3c78e0209fed803814484fcb\windows-amd64

VM Arguments:
jvm_args: -XX:MaxMetaspaceSize=512m --add-opens=java.base/java.util=ALL-UNNAMED --add-opens=java.base/java.lang=ALL-UNNAMED --add-opens=java.base/java.lang.invoke=ALL-UNNAMED --add-opens=java.base/java.util=ALL-UNNAMED --add-opens=java.prefs/java.util.prefs=ALL-UNNAMED --add-opens=java.prefs/java.util.prefs=ALL-UNNAMED --add-opens=java.base/java.nio.charset=ALL-UNNAMED --add-opens=java.base/java.net=ALL-UNNAMED --add-opens=java.base/java.util.concurrent.atomic=ALL-UNNAMED -Xmx2048m -Dfile.encoding=windows-1252 -Duser.country=IN -Duser.language=en -Duser.variant 
java_command: org.gradle.launcher.daemon.bootstrap.GradleDaemon 7.3.3
java_class_path (initial): C:\Users\ss\.gradle\wrapper\dists\gradle-7.3.3-all\4295vidhdd9hd3gbjyw1xqxpo\gradle-7.3.3\lib\gradle-launcher-7.3.3.jar
Launcher Type: SUN_STANDARD

[Global flags]
     intx CICompilerCount                          = 3                                         {product} {ergonomic}
   size_t CompressedClassSpaceSize                 = 432013312                                 {product} {ergonomic}
     uint ConcGCThreads                            = 1                                         {product} {ergonomic}
     uint G1ConcRefinementThreads                  = 4                                         {product} {ergonomic}
   size_t G1HeapRegionSize                         = 1048576                                   {product} {ergonomic}
    uintx GCDrainStackTargetSize                   = 64                                        {product} {ergonomic}
   size_t InitialHeapSize                          = 268435456                                 {product} {ergonomic}
   size_t MarkStackSize                            = 4194304                                   {product} {ergonomic}
   size_t MaxHeapSize                              = 2147483648                                {product} {command line}
   size_t MaxMetaspaceSize                         = 536870912                                 {product} {command line}
   size_t MaxNewSize                               = 1287651328                                {product} {ergonomic}
   size_t MinHeapDeltaBytes                        = 1048576                                   {product} {ergonomic}
   size_t MinHeapSize                              = 8388608                                   {product} {ergonomic}
    uintx NonNMethodCodeHeapSize                   = 5832780                                {pd product} {ergonomic}
    uintx NonProfiledCodeHeapSize                  = 122912730                              {pd product} {ergonomic}
    uintx ProfiledCodeHeapSize                     = 122912730                              {pd product} {ergonomic}
    uintx ReservedCodeCacheSize                    = 251658240                              {pd product} {ergonomic}
     bool SegmentedCodeCache                       = true                                      {product} {ergonomic}
   size_t SoftMaxHeapSize                          = 2147483648                             {manageable} {ergonomic}
     bool UseCompressedClassPointers               = true                           {product lp64_product} {ergonomic}
     bool UseCompressedOops                        = true                           {product lp64_product} {ergonomic}
     bool UseG1GC                                  = true                                      {product} {ergonomic}
     bool UseLargePagesIndividualAllocation        = false                                  {pd product} {ergonomic}

Logging:
Log output configuration:
 #0: stdout all=warning uptime,level,tags
 #1: stderr all=off uptime,level,tags

Environment Variables:
CLASSPATH=C:\Users\ss\Desktop\teachers-vision\android\\gradle\wrapper\gradle-wrapper.jar
PATH=C:\Users\ss\Desktop\teachers-vision\android\node_modules\.bin;C:\Users\ss\Desktop\teachers-vision\node_modules\.bin;C:\Users\ss\Desktop\node_modules\.bin;C:\Users\ss\node_modules\.bin;C:\Users\node_modules\.bin;C:\node_modules\.bin;C:\Program Files\nodejs;C:\Users\ss\Desktop\teachers-vision\node_modules\.bin;C:\Users\ss\Desktop\teachers-vision\node_modules\.bin;C:\Users\ss\Desktop\node_modules\.bin;C:\Users\ss\node_modules\.bin;C:\Users\node_modules\.bin;C:\node_modules\.bin;C:\Users\ss\AppData\Roaming\nvm\v16.16.0\node_modules\npm\node_modules\@npmcli\run-script\lib\node-gyp-bin;C:\Users\ss\Desktop\teachers-vision\node_modules\.bin;C:\Users\ss\Desktop\node_modules\.bin;C:\Users\ss\node_modules\.bin;C:\Users\node_modules\.bin;C:\node_modules\.bin;C:\Program Files\nodejs;C:\Users\ss\Desktop\teachers-vision\node_modules\.bin;C:\Users\ss\Desktop\teachers-vision\node_modules\.bin;C:\Users\ss\Desktop\node_modules\.bin;C:\Users\ss\node_modules\.bin;C:\Users\node_modules\.bin;C:\node_modules\.bin;C:\Users\ss\AppData\Roaming\nvm\v16.16.0\node_modules\npm\node_modules\@npmcli\run-script\lib\node-gyp-bin;C:\Program Files\Common Files\Oracle\Java\javapath;C:\Program Files (x86)\Common Files\Oracle\Java\javapath;C:\Program Files\Microsoft\jdk-11.0.18.10-hotspot\bin;C:\Program Files\Microsoft MPI\Bin\;C:\Windows\system32;C:\Windows;C:\Windows\System32\Wbem;C:\Windows\System32\WindowsPowerShell\v1.0\;C:\Windows\System32\OpenSSH\;C:\ProgramData\chocolatey\bin;C:\Users\ss\AppData\Local\Android\Sdk\platform-tools;C:\Program Files\Git\cmd;C:\Program Files\Microsoft SQL Server\150\Tools\Binn\;C:\Program Files (x86)\Microsoft SQL Server\160\Tools\Binn\;C:\Program Files\Microsoft SQL Server\160\Tools\Binn\;C:\Program Files\Microsoft SQL Server\Client SDK\ODBC\170\Tools\Binn\;C:\Program Files\Microsoft SQL Server\160\DTS\Binn\;C:\Program Files\dotnet\;C:\Program Files (x86)\dotnet\;C:\Program Files (x86)\Microsoft SQL Server\160\DTS\Binn\;C:\Program Files (x86)\Microsoft SQL Server\150
USERNAME=ss
LANG=en_US.UTF-8
OS=Windows_NT
PROCESSOR_IDENTIFIER=Intel64 Family 6 Model 142 Stepping 9, GenuineIntel



---------------  S Y S T E M  ---------------

OS:
 Windows 10 , 64 bit Build 19041 (10.0.19041.3155)
OS uptime: 5 days 6:13 hours

CPU: total 4 (initial active 4) (2 cores per cpu, 2 threads per core) family 6 model 142 stepping 9 microcode 0xb4, cx8, cmov, fxsr, ht, mmx, 3dnowpref, sse, sse2, sse3, ssse3, sse4.1, sse4.2, popcnt, lzcnt, tsc, tscinvbit, avx, avx2, aes, erms, clmul, bmi1, bmi2, adx, fma, vzeroupper, clflush, clflushopt

Memory: 4k page, system-wide physical 16263M (1304M free)
TotalPageFile size 23837M (AvailPageFile size 4M)
current process WorkingSet (physical memory assigned to process): 270M, peak: 276M
current process commit charge ("private bytes"): 306M, peak: 403M

vm_info: Java HotSpot(TM) 64-Bit Server VM (17.0.7+8-LTS-224) for windows-amd64 JRE (17.0.7+8-LTS-224), built on Feb 28 2023 23:03:02 by "mach5one" with MS VC++ 17.1 (VS2022)

END.
