#
# There is insufficient memory for the Java Runtime Environment to continue.
# Native memory allocation (mmap) failed to map 65536 bytes for Failed to commit metaspace.
# Possible reasons:
#   The system is out of physical RAM or swap space
#   The process is running with CompressedOops enabled, and the Java Heap may be blocking the growth of the native heap
# Possible solutions:
#   Reduce memory load on the system
#   Increase physical memory or swap space
#   Check if swap backing store is full
#   Decrease Java heap size (-Xmx/-Xms)
#   Decrease number of Java threads
#   Decrease Java thread stack sizes (-Xss)
#   Set larger code cache with -XX:ReservedCodeCacheSize=
#   JVM is running with Unscaled Compressed Oops mode in which the Java heap is
#     placed in the first 4GB address space. The Java Heap base address is the
#     maximum limit for the native heap growth. Please use -XX:HeapBaseMinAddress
#     to set the Java Heap base and to place the Java Heap above 4GB virtual address.
# This output file may be truncated or incomplete.
#
#  Out of Memory Error (virtualSpaceNode.cpp:110), pid=19460, tid=6356
#
# JRE version: Java(TM) SE Runtime Environment (17.0.7+8) (build 17.0.7+8-LTS-224)
# Java VM: Java HotSpot(TM) 64-Bit Server VM (17.0.7+8-LTS-224, mixed mode, sharing, tiered, compressed oops, compressed class ptrs, g1 gc, windows-amd64)
# No core dump will be written. Minidumps are not enabled by default on client versions of Windows
#

---------------  S U M M A R Y ------------

Command Line: -Xmx64m -Xms64m -Dorg.gradle.appname=gradlew org.gradle.wrapper.GradleWrapperMain app:installDebug -PreactNativeDevServerPort=8081

Host: Intel(R) Core(TM) i5-7200U CPU @ 2.50GHz, 4 cores, 15G,  Windows 10 , 64 bit Build 19041 (10.0.19041.3155)
Time: Mon Sep  4 17:40:19 2023 India Standard Time elapsed time: 6.799796 seconds (0d 0h 0m 6s)

---------------  T H R E A D  ---------------

Current thread (0x000001952a4b5380):  JavaThread "main" [_thread_in_vm, id=6356, stack(0x0000002e98500000,0x0000002e98600000)]

Stack: [0x0000002e98500000,0x0000002e98600000]
Native frames: (J=compiled Java code, j=interpreted, Vv=VM code, C=native code)
V  [jvm.dll+0x676a4a]
V  [jvm.dll+0x7d74f4]
V  [jvm.dll+0x7d8c9e]
V  [jvm.dll+0x7d9303]
V  [jvm.dll+0x2452c5]
V  [jvm.dll+0x7d35fb]
V  [jvm.dll+0x61ca36]
V  [jvm.dll+0x1bfbf7]
V  [jvm.dll+0x61f390]
V  [jvm.dll+0x61d3f6]
V  [jvm.dll+0x23ae21]
V  [jvm.dll+0x1ea127]
V  [jvm.dll+0x1dfdc1]
V  [jvm.dll+0x53cf0c]
V  [jvm.dll+0x752158]
V  [jvm.dll+0x752244]
V  [jvm.dll+0x40b12f]
V  [jvm.dll+0x411149]
C  [java.dll+0x17ec]

Java frames: (J=compiled Java code, j=interpreted, Vv=VM code)
J 726  java.lang.ClassLoader.defineClass1(Ljava/lang/ClassLoader;Ljava/lang/String;[BIILjava/security/ProtectionDomain;Ljava/lang/String;)Ljava/lang/Class; java.base@17.0.7 (0 bytes) @ 0x0000019539850f63 [0x0000019539850ea0+0x00000000000000c3]
J 925 c1 java.lang.ClassLoader.defineClass(Ljava/lang/String;[BIILjava/security/ProtectionDomain;)Ljava/lang/Class; java.base@17.0.7 (43 bytes) @ 0x0000019531ef7a54 [0x0000019531ef7700+0x0000000000000354]
J 740 c1 java.security.SecureClassLoader.defineClass(Ljava/lang/String;[BIILjava/security/CodeSource;)Ljava/lang/Class; java.base@17.0.7 (16 bytes) @ 0x0000019531e89c0c [0x0000019531e89b40+0x00000000000000cc]
J 855 c1 java.net.URLClassLoader.defineClass(Ljava/lang/String;Ljdk/internal/loader/Resource;)Ljava/lang/Class; java.base@17.0.7 (224 bytes) @ 0x0000019531ed6dc4 [0x0000019531ed5340+0x0000000000001a84]
J 724 c1 java.net.URLClassLoader$1.run()Ljava/lang/Class; java.base@17.0.7 (81 bytes) @ 0x0000019531e81a5c [0x0000019531e80e20+0x0000000000000c3c]
J 723 c1 java.net.URLClassLoader$1.run()Ljava/lang/Object; java.base@17.0.7 (5 bytes) @ 0x0000019531e80944 [0x0000019531e808c0+0x0000000000000084]
J 603 c1 java.security.AccessController.doPrivileged(Ljava/security/PrivilegedExceptionAction;Ljava/security/AccessControlContext;)Ljava/lang/Object; java.base@17.0.7 (26 bytes) @ 0x0000019531e4467c [0x0000019531e444a0+0x00000000000001dc]
J 680 c1 java.net.URLClassLoader.findClass(Ljava/lang/String;)Ljava/lang/Class; java.base@17.0.7 (47 bytes) @ 0x0000019531e6f61c [0x0000019531e6f480+0x000000000000019c]
J 573 c1 java.lang.ClassLoader.loadClass(Ljava/lang/String;Z)Ljava/lang/Class; java.base@17.0.7 (121 bytes) @ 0x0000019531e2e4f4 [0x0000019531e2df40+0x00000000000005b4]
J 559 c1 java.lang.ClassLoader.loadClass(Ljava/lang/String;)Ljava/lang/Class; java.base@17.0.7 (7 bytes) @ 0x0000019531e29dcc [0x0000019531e29cc0+0x000000000000010c]
v  ~StubRoutines::call_stub
j  org.gradle.launcher.daemon.protocol.DaemonMessageSerializer.create(Lorg/gradle/internal/serialize/Serializer;)Lorg/gradle/internal/serialize/Serializer;+230
j  org.gradle.launcher.daemon.client.DaemonClientServicesSupport.createDaemonConnector(Lorg/gradle/launcher/daemon/registry/DaemonRegistry;Lorg/gradle/internal/remote/internal/OutgoingConnector;Lorg/gradle/launcher/daemon/client/DaemonStarter;Lorg/gradle/internal/event/ListenerManager;Lorg/gradle/internal/logging/progress/ProgressLoggerFactory;Lorg/gradle/internal/serialize/Serializer;)Lorg/gradle/launcher/daemon/client/DaemonConnector;+23
v  ~StubRoutines::call_stub
j  jdk.internal.reflect.NativeMethodAccessorImpl.invoke0(Ljava/lang/reflect/Method;Ljava/lang/Object;[Ljava/lang/Object;)Ljava/lang/Object;+0 java.base@17.0.7
j  jdk.internal.reflect.NativeMethodAccessorImpl.invoke(Ljava/lang/Object;[Ljava/lang/Object;)Ljava/lang/Object;+133 java.base@17.0.7
j  jdk.internal.reflect.DelegatingMethodAccessorImpl.invoke(Ljava/lang/Object;[Ljava/lang/Object;)Ljava/lang/Object;+6 java.base@17.0.7
j  java.lang.reflect.Method.invoke(Ljava/lang/Object;[Ljava/lang/Object;)Ljava/lang/Object;+59 java.base@17.0.7
j  org.gradle.internal.reflect.JavaMethod.invoke(Ljava/lang/Object;[Ljava/lang/Object;)Ljava/lang/Object;+6
j  org.gradle.internal.service.ReflectionBasedServiceMethod.invoke(Ljava/lang/Object;[Ljava/lang/Object;)Ljava/lang/Object;+6
j  org.gradle.internal.service.DefaultServiceRegistry$FactoryMethodService.invokeMethod([Ljava/lang/Object;)Ljava/lang/Object;+9
j  org.gradle.internal.service.DefaultServiceRegistry$FactoryService.createServiceInstance()Ljava/lang/Object;+7
j  org.gradle.internal.service.DefaultServiceRegistry$ManagedObjectServiceProvider.getInstance()Ljava/lang/Object;+24
j  org.gradle.internal.service.DefaultServiceRegistry$SingletonService.get()Ljava/lang/Object;+1
j  org.gradle.internal.service.DefaultServiceRegistry.find(Ljava/lang/reflect/Type;)Ljava/lang/Object;+22
j  org.gradle.internal.service.DefaultServiceRegistry.get(Ljava/lang/reflect/Type;)Ljava/lang/Object;+2
j  org.gradle.internal.service.DefaultServiceRegistry.get(Ljava/lang/Class;)Ljava/lang/Object;+3
j  org.gradle.launcher.daemon.client.DaemonClientServicesSupport.createDaemonClient(Lorg/gradle/internal/id/IdGenerator;)Lorg/gradle/launcher/daemon/client/DaemonClient;+24
v  ~StubRoutines::call_stub
j  jdk.internal.reflect.NativeMethodAccessorImpl.invoke0(Ljava/lang/reflect/Method;Ljava/lang/Object;[Ljava/lang/Object;)Ljava/lang/Object;+0 java.base@17.0.7
j  jdk.internal.reflect.NativeMethodAccessorImpl.invoke(Ljava/lang/Object;[Ljava/lang/Object;)Ljava/lang/Object;+133 java.base@17.0.7
j  jdk.internal.reflect.DelegatingMethodAccessorImpl.invoke(Ljava/lang/Object;[Ljava/lang/Object;)Ljava/lang/Object;+6 java.base@17.0.7
j  java.lang.reflect.Method.invoke(Ljava/lang/Object;[Ljava/lang/Object;)Ljava/lang/Object;+59 java.base@17.0.7
j  org.gradle.internal.reflect.JavaMethod.invoke(Ljava/lang/Object;[Ljava/lang/Object;)Ljava/lang/Object;+6
j  org.gradle.internal.service.ReflectionBasedServiceMethod.invoke(Ljava/lang/Object;[Ljava/lang/Object;)Ljava/lang/Object;+6
j  org.gradle.internal.service.DefaultServiceRegistry$FactoryMethodService.invokeMethod([Ljava/lang/Object;)Ljava/lang/Object;+9
j  org.gradle.internal.service.DefaultServiceRegistry$FactoryService.createServiceInstance()Ljava/lang/Object;+7
j  org.gradle.internal.service.DefaultServiceRegistry$ManagedObjectServiceProvider.getInstance()Ljava/lang/Object;+24
j  org.gradle.internal.service.DefaultServiceRegistry$SingletonService.get()Ljava/lang/Object;+1
j  org.gradle.internal.service.DefaultServiceRegistry.find(Ljava/lang/reflect/Type;)Ljava/lang/Object;+22
j  org.gradle.internal.service.DefaultServiceRegistry.get(Ljava/lang/reflect/Type;)Ljava/lang/Object;+2
j  org.gradle.internal.service.DefaultServiceRegistry.get(Ljava/lang/Class;)Ljava/lang/Object;+3
j  org.gradle.launcher.cli.BuildActionsFactory.runBuildWithDaemon(Lorg/gradle/api/internal/StartParameterInternal;Lorg/gradle/launcher/daemon/configuration/DaemonParameters;)Ljava/lang/Runnable;+44
j  org.gradle.launcher.cli.BuildActionsFactory.createAction(Lorg/gradle/cli/CommandLineParser;Lorg/gradle/cli/ParsedCommandLine;)Ljava/lang/Runnable;+154
j  org.gradle.launcher.cli.DefaultCommandLineActionFactory$ParseAndBuildAction.createAction(Ljava/lang/Iterable;Lorg/gradle/cli/CommandLineParser;Lorg/gradle/cli/ParsedCommandLine;)Lorg/gradle/api/Action;+34
j  org.gradle.launcher.cli.DefaultCommandLineActionFactory$ParseAndBuildAction.execute(Lorg/gradle/launcher/bootstrap/ExecutionListener;)V+99
j  org.gradle.launcher.cli.DefaultCommandLineActionFactory$ParseAndBuildAction.execute(Ljava/lang/Object;)V+5
j  org.gradle.launcher.cli.DebugLoggerWarningAction.execute(Lorg/gradle/launcher/bootstrap/ExecutionListener;)V+9
j  org.gradle.launcher.cli.DebugLoggerWarningAction.execute(Ljava/lang/Object;)V+5
j  org.gradle.launcher.cli.WelcomeMessageAction.execute(Lorg/gradle/launcher/bootstrap/ExecutionListener;)V+211
j  org.gradle.launcher.cli.WelcomeMessageAction.execute(Ljava/lang/Object;)V+5
j  org.gradle.launcher.cli.NativeServicesInitializingAction.execute(Lorg/gradle/launcher/bootstrap/ExecutionListener;)V+35
j  org.gradle.launcher.cli.NativeServicesInitializingAction.execute(Ljava/lang/Object;)V+5
j  org.gradle.launcher.cli.ExceptionReportingAction.execute(Lorg/gradle/launcher/bootstrap/ExecutionListener;)V+5
j  org.gradle.launcher.cli.ExceptionReportingAction.execute(Ljava/lang/Object;)V+5
j  org.gradle.launcher.cli.DefaultCommandLineActionFactory$WithLogging.execute(Lorg/gradle/launcher/bootstrap/ExecutionListener;)V+257
j  org.gradle.launcher.Main.doAction([Ljava/lang/String;Lorg/gradle/launcher/bootstrap/ExecutionListener;)V+14
j  org.gradle.launcher.bootstrap.EntryPoint.run([Ljava/lang/String;)V+12
v  ~StubRoutines::call_stub
j  jdk.internal.reflect.NativeMethodAccessorImpl.invoke0(Ljava/lang/reflect/Method;Ljava/lang/Object;[Ljava/lang/Object;)Ljava/lang/Object;+0 java.base@17.0.7
j  jdk.internal.reflect.NativeMethodAccessorImpl.invoke(Ljava/lang/Object;[Ljava/lang/Object;)Ljava/lang/Object;+133 java.base@17.0.7
j  jdk.internal.reflect.DelegatingMethodAccessorImpl.invoke(Ljava/lang/Object;[Ljava/lang/Object;)Ljava/lang/Object;+6 java.base@17.0.7
j  java.lang.reflect.Method.invoke(Ljava/lang/Object;[Ljava/lang/Object;)Ljava/lang/Object;+59 java.base@17.0.7
j  org.gradle.launcher.bootstrap.ProcessBootstrap.runNoExit(Ljava/lang/String;[Ljava/lang/String;)V+161
j  org.gradle.launcher.bootstrap.ProcessBootstrap.run(Ljava/lang/String;[Ljava/lang/String;)V+3
j  org.gradle.launcher.GradleMain.main([Ljava/lang/String;)V+36
v  ~StubRoutines::call_stub
j  jdk.internal.reflect.NativeMethodAccessorImpl.invoke0(Ljava/lang/reflect/Method;Ljava/lang/Object;[Ljava/lang/Object;)Ljava/lang/Object;+0 java.base@17.0.7
j  jdk.internal.reflect.NativeMethodAccessorImpl.invoke(Ljava/lang/Object;[Ljava/lang/Object;)Ljava/lang/Object;+133 java.base@17.0.7
j  jdk.internal.reflect.DelegatingMethodAccessorImpl.invoke(Ljava/lang/Object;[Ljava/lang/Object;)Ljava/lang/Object;+6 java.base@17.0.7
j  java.lang.reflect.Method.invoke(Ljava/lang/Object;[Ljava/lang/Object;)Ljava/lang/Object;+59 java.base@17.0.7
j  org.gradle.wrapper.BootstrapMainStarter.start([Ljava/lang/String;Ljava/io/File;)V+105
j  org.gradle.wrapper.WrapperExecutor.execute([Ljava/lang/String;Lorg/gradle/wrapper/Install;Lorg/gradle/wrapper/BootstrapMainStarter;)V+14
j  org.gradle.wrapper.GradleWrapperMain.main([Ljava/lang/String;)V+190
v  ~StubRoutines::call_stub

---------------  P R O C E S S  ---------------

Threads class SMR info:
_java_thread_list=0x000001954489ff20, length=13, elements={
0x000001952a4b5380, 0x000001952a588150, 0x000001952a589d10, 0x000001954336af80,
0x000001954336bb30, 0x000001954336e4f0, 0x000001954336eea0, 0x0000019543372050,
0x0000019543374b00, 0x00000195433e0000, 0x000001954343a6a0, 0x000001954343ce10,
0x0000019544885d70
}

Java Threads: ( => current thread )
=>0x000001952a4b5380 JavaThread "main" [_thread_in_vm, id=6356, stack(0x0000002e98500000,0x0000002e98600000)]
  0x000001952a588150 JavaThread "Reference Handler" daemon [_thread_blocked, id=25620, stack(0x0000002e98d00000,0x0000002e98e00000)]
  0x000001952a589d10 JavaThread "Finalizer" daemon [_thread_blocked, id=21908, stack(0x0000002e98e00000,0x0000002e98f00000)]
  0x000001954336af80 JavaThread "Signal Dispatcher" daemon [_thread_blocked, id=26884, stack(0x0000002e98f00000,0x0000002e99000000)]
  0x000001954336bb30 JavaThread "Attach Listener" daemon [_thread_blocked, id=12568, stack(0x0000002e99000000,0x0000002e99100000)]
  0x000001954336e4f0 JavaThread "Service Thread" daemon [_thread_blocked, id=15532, stack(0x0000002e99100000,0x0000002e99200000)]
  0x000001954336eea0 JavaThread "Monitor Deflation Thread" daemon [_thread_blocked, id=9944, stack(0x0000002e99200000,0x0000002e99300000)]
  0x0000019543372050 JavaThread "C2 CompilerThread0" daemon [_thread_blocked, id=13752, stack(0x0000002e99300000,0x0000002e99400000)]
  0x0000019543374b00 JavaThread "C1 CompilerThread0" daemon [_thread_blocked, id=24772, stack(0x0000002e99400000,0x0000002e99500000)]
  0x00000195433e0000 JavaThread "Sweeper thread" daemon [_thread_blocked, id=27816, stack(0x0000002e99500000,0x0000002e99600000)]
  0x000001954343a6a0 JavaThread "Notification Thread" daemon [_thread_blocked, id=15040, stack(0x0000002e99600000,0x0000002e99700000)]
  0x000001954343ce10 JavaThread "Common-Cleaner" daemon [_thread_blocked, id=17956, stack(0x0000002e99800000,0x0000002e99900000)]
  0x0000019544885d70 JavaThread "pool-1-thread-1" [_thread_blocked, id=16372, stack(0x0000002e99c00000,0x0000002e99d00000)]

Other Threads:
  0x000001952a5804e0 VMThread "VM Thread" [stack: 0x0000002e98c00000,0x0000002e98d00000] [id=26160]
  0x000001954343ab70 WatcherThread [stack: 0x0000002e99700000,0x0000002e99800000] [id=17884]
  0x000001952a4d5010 GCTaskThread "GC Thread#0" [stack: 0x0000002e98700000,0x0000002e98800000] [id=27376]
  0x0000019544305010 GCTaskThread "GC Thread#1" [stack: 0x0000002e99900000,0x0000002e99a00000] [id=468]
  0x00000195444be8f0 GCTaskThread "GC Thread#2" [stack: 0x0000002e99a00000,0x0000002e99b00000] [id=2204]
  0x00000195444beba0 GCTaskThread "GC Thread#3" [stack: 0x0000002e99b00000,0x0000002e99c00000] [id=24900]
  0x000001952a4d6750 ConcurrentGCThread "G1 Main Marker" [stack: 0x0000002e98800000,0x0000002e98900000] [id=17380]
  0x000001952a4d7160 ConcurrentGCThread "G1 Conc#0" [stack: 0x0000002e98900000,0x0000002e98a00000] [id=12984]
  0x000001952a522c90 ConcurrentGCThread "G1 Refine#0" [stack: 0x0000002e98a00000,0x0000002e98b00000] [id=19892]
  0x000001952a5236b0 ConcurrentGCThread "G1 Service" [stack: 0x0000002e98b00000,0x0000002e98c00000] [id=27696]

Threads with active compile tasks:

VM state: not at safepoint (normal execution)

VM Mutex/Monitor currently owned by a thread:  ([mutex/lock_event])
[0x000001952a4af6b0] Metaspace_lock - owner thread: 0x000001952a4b5380

Heap address: 0x00000000fc000000, size: 64 MB, Compressed Oops mode: 32-bit

CDS archive(s) mapped at: [0x0000000800000000-0x0000000800bd0000-0x0000000800bd0000), size 12386304, SharedBaseAddress: 0x0000000800000000, ArchiveRelocationMode: 0.
Compressed class space mapped at: 0x0000000800c00000-0x0000000840c00000, reserved size: 1073741824
Narrow klass base: 0x0000000800000000, Narrow klass shift: 0, Narrow klass range: 0x100000000

GC Precious Log:
 CPUs: 4 total, 4 available
 Memory: 16263M
 Large Page Support: Disabled
 NUMA Support: Disabled
 Compressed Oops: Enabled (32-bit)
 Heap Region Size: 1M
 Heap Min Capacity: 64M
 Heap Initial Capacity: 64M
 Heap Max Capacity: 64M
 Pre-touch: Disabled
 Parallel Workers: 4
 Concurrent Workers: 1
 Concurrent Refinement Workers: 4
 Periodic GC: Disabled

Heap:
 garbage-first heap   total 65536K, used 11760K [0x00000000fc000000, 0x0000000100000000)
  region size 1024K, 6 young (6144K), 3 survivors (3072K)
 Metaspace       used 6045K, committed 6144K, reserved 1056768K
  class space    used 851K, committed 896K, reserved 1048576K

Heap Regions: E=young(eden), S=young(survivor), O=old, HS=humongous(starts), HC=humongous(continues), CS=collection set, F=free, OA=open archive, CA=closed archive, TAMS=top-at-mark-start (previous, next)
|   0|0x00000000fc000000, 0x00000000fc100000, 0x00000000fc100000|100%|HS|  |TAMS 0x00000000fc000000, 0x00000000fc000000| Complete 
|   1|0x00000000fc100000, 0x00000000fc200000, 0x00000000fc200000|100%|HC|  |TAMS 0x00000000fc100000, 0x00000000fc100000| Complete 
|   2|0x00000000fc200000, 0x00000000fc300000, 0x00000000fc300000|100%|HC|  |TAMS 0x00000000fc200000, 0x00000000fc200000| Complete 
|   3|0x00000000fc300000, 0x00000000fc400000, 0x00000000fc400000|100%| O|  |TAMS 0x00000000fc300000, 0x00000000fc300000| Untracked 
|   4|0x00000000fc400000, 0x00000000fc500000, 0x00000000fc500000|100%| O|  |TAMS 0x00000000fc400000, 0x00000000fc400000| Untracked 
|   5|0x00000000fc500000, 0x00000000fc600000, 0x00000000fc600000|100%| O|  |TAMS 0x00000000fc500000, 0x00000000fc500000| Untracked 
|   6|0x00000000fc600000, 0x00000000fc67c000, 0x00000000fc700000| 48%| O|  |TAMS 0x00000000fc600000, 0x00000000fc600000| Untracked 
|   7|0x00000000fc700000, 0x00000000fc700000, 0x00000000fc800000|  0%| F|  |TAMS 0x00000000fc700000, 0x00000000fc700000| Untracked 
|   8|0x00000000fc800000, 0x00000000fc800000, 0x00000000fc900000|  0%| F|  |TAMS 0x00000000fc800000, 0x00000000fc800000| Untracked 
|   9|0x00000000fc900000, 0x00000000fc900000, 0x00000000fca00000|  0%| F|  |TAMS 0x00000000fc900000, 0x00000000fc900000| Untracked 
|  10|0x00000000fca00000, 0x00000000fca00000, 0x00000000fcb00000|  0%| F|  |TAMS 0x00000000fca00000, 0x00000000fca00000| Untracked 
|  11|0x00000000fcb00000, 0x00000000fcb00000, 0x00000000fcc00000|  0%| F|  |TAMS 0x00000000fcb00000, 0x00000000fcb00000| Untracked 
|  12|0x00000000fcc00000, 0x00000000fcc00000, 0x00000000fcd00000|  0%| F|  |TAMS 0x00000000fcc00000, 0x00000000fcc00000| Untracked 
|  13|0x00000000fcd00000, 0x00000000fcd00000, 0x00000000fce00000|  0%| F|  |TAMS 0x00000000fcd00000, 0x00000000fcd00000| Untracked 
|  14|0x00000000fce00000, 0x00000000fce00000, 0x00000000fcf00000|  0%| F|  |TAMS 0x00000000fce00000, 0x00000000fce00000| Untracked 
|  15|0x00000000fcf00000, 0x00000000fcf00000, 0x00000000fd000000|  0%| F|  |TAMS 0x00000000fcf00000, 0x00000000fcf00000| Untracked 
|  16|0x00000000fd000000, 0x00000000fd000000, 0x00000000fd100000|  0%| F|  |TAMS 0x00000000fd000000, 0x00000000fd000000| Untracked 
|  17|0x00000000fd100000, 0x00000000fd100000, 0x00000000fd200000|  0%| F|  |TAMS 0x00000000fd100000, 0x00000000fd100000| Untracked 
|  18|0x00000000fd200000, 0x00000000fd200000, 0x00000000fd300000|  0%| F|  |TAMS 0x00000000fd200000, 0x00000000fd200000| Untracked 
|  19|0x00000000fd300000, 0x00000000fd300000, 0x00000000fd400000|  0%| F|  |TAMS 0x00000000fd300000, 0x00000000fd300000| Untracked 
|  20|0x00000000fd400000, 0x00000000fd400000, 0x00000000fd500000|  0%| F|  |TAMS 0x00000000fd400000, 0x00000000fd400000| Untracked 
|  21|0x00000000fd500000, 0x00000000fd500000, 0x00000000fd600000|  0%| F|  |TAMS 0x00000000fd500000, 0x00000000fd500000| Untracked 
|  22|0x00000000fd600000, 0x00000000fd600000, 0x00000000fd700000|  0%| F|  |TAMS 0x00000000fd600000, 0x00000000fd600000| Untracked 
|  23|0x00000000fd700000, 0x00000000fd700000, 0x00000000fd800000|  0%| F|  |TAMS 0x00000000fd700000, 0x00000000fd700000| Untracked 
|  24|0x00000000fd800000, 0x00000000fd800000, 0x00000000fd900000|  0%| F|  |TAMS 0x00000000fd800000, 0x00000000fd800000| Untracked 
|  25|0x00000000fd900000, 0x00000000fd900000, 0x00000000fda00000|  0%| F|  |TAMS 0x00000000fd900000, 0x00000000fd900000| Untracked 
|  26|0x00000000fda00000, 0x00000000fda00000, 0x00000000fdb00000|  0%| F|  |TAMS 0x00000000fda00000, 0x00000000fda00000| Untracked 
|  27|0x00000000fdb00000, 0x00000000fdb00000, 0x00000000fdc00000|  0%| F|  |TAMS 0x00000000fdb00000, 0x00000000fdb00000| Untracked 
|  28|0x00000000fdc00000, 0x00000000fdc00000, 0x00000000fdd00000|  0%| F|  |TAMS 0x00000000fdc00000, 0x00000000fdc00000| Untracked 
|  29|0x00000000fdd00000, 0x00000000fdd00000, 0x00000000fde00000|  0%| F|  |TAMS 0x00000000fdd00000, 0x00000000fdd00000| Untracked 
|  30|0x00000000fde00000, 0x00000000fde00000, 0x00000000fdf00000|  0%| F|  |TAMS 0x00000000fde00000, 0x00000000fde00000| Untracked 
|  31|0x00000000fdf00000, 0x00000000fdf00000, 0x00000000fe000000|  0%| F|  |TAMS 0x00000000fdf00000, 0x00000000fdf00000| Untracked 
|  32|0x00000000fe000000, 0x00000000fe000000, 0x00000000fe100000|  0%| F|  |TAMS 0x00000000fe000000, 0x00000000fe000000| Untracked 
|  33|0x00000000fe100000, 0x00000000fe100000, 0x00000000fe200000|  0%| F|  |TAMS 0x00000000fe100000, 0x00000000fe100000| Untracked 
|  34|0x00000000fe200000, 0x00000000fe200000, 0x00000000fe300000|  0%| F|  |TAMS 0x00000000fe200000, 0x00000000fe200000| Untracked 
|  35|0x00000000fe300000, 0x00000000fe300000, 0x00000000fe400000|  0%| F|  |TAMS 0x00000000fe300000, 0x00000000fe300000| Untracked 
|  36|0x00000000fe400000, 0x00000000fe400000, 0x00000000fe500000|  0%| F|  |TAMS 0x00000000fe400000, 0x00000000fe400000| Untracked 
|  37|0x00000000fe500000, 0x00000000fe500000, 0x00000000fe600000|  0%| F|  |TAMS 0x00000000fe500000, 0x00000000fe500000| Untracked 
|  38|0x00000000fe600000, 0x00000000fe600000, 0x00000000fe700000|  0%| F|  |TAMS 0x00000000fe600000, 0x00000000fe600000| Untracked 
|  39|0x00000000fe700000, 0x00000000fe700000, 0x00000000fe800000|  0%| F|  |TAMS 0x00000000fe700000, 0x00000000fe700000| Untracked 
|  40|0x00000000fe800000, 0x00000000fe800000, 0x00000000fe900000|  0%| F|  |TAMS 0x00000000fe800000, 0x00000000fe800000| Untracked 
|  41|0x00000000fe900000, 0x00000000fe900000, 0x00000000fea00000|  0%| F|  |TAMS 0x00000000fe900000, 0x00000000fe900000| Untracked 
|  42|0x00000000fea00000, 0x00000000fea00000, 0x00000000feb00000|  0%| F|  |TAMS 0x00000000fea00000, 0x00000000fea00000| Untracked 
|  43|0x00000000feb00000, 0x00000000feb00000, 0x00000000fec00000|  0%| F|  |TAMS 0x00000000feb00000, 0x00000000feb00000| Untracked 
|  44|0x00000000fec00000, 0x00000000fed00000, 0x00000000fed00000|100%| S|CS|TAMS 0x00000000fec00000, 0x00000000fec00000| Complete 
|  45|0x00000000fed00000, 0x00000000fee00000, 0x00000000fee00000|100%| S|CS|TAMS 0x00000000fed00000, 0x00000000fed00000| Complete 
|  46|0x00000000fee00000, 0x00000000fef00000, 0x00000000fef00000|100%| S|CS|TAMS 0x00000000fee00000, 0x00000000fee00000| Complete 
|  47|0x00000000fef00000, 0x00000000fef00000, 0x00000000ff000000|  0%| F|  |TAMS 0x00000000fef00000, 0x00000000fef00000| Untracked 
|  48|0x00000000ff000000, 0x00000000ff000000, 0x00000000ff100000|  0%| F|  |TAMS 0x00000000ff000000, 0x00000000ff000000| Untracked 
|  49|0x00000000ff100000, 0x00000000ff100000, 0x00000000ff200000|  0%| F|  |TAMS 0x00000000ff100000, 0x00000000ff100000| Untracked 
|  50|0x00000000ff200000, 0x00000000ff200000, 0x00000000ff300000|  0%| F|  |TAMS 0x00000000ff200000, 0x00000000ff200000| Untracked 
|  51|0x00000000ff300000, 0x00000000ff300000, 0x00000000ff400000|  0%| F|  |TAMS 0x00000000ff300000, 0x00000000ff300000| Untracked 
|  52|0x00000000ff400000, 0x00000000ff400000, 0x00000000ff500000|  0%| F|  |TAMS 0x00000000ff400000, 0x00000000ff400000| Untracked 
|  53|0x00000000ff500000, 0x00000000ff500000, 0x00000000ff600000|  0%| F|  |TAMS 0x00000000ff500000, 0x00000000ff500000| Untracked 
|  54|0x00000000ff600000, 0x00000000ff600000, 0x00000000ff700000|  0%| F|  |TAMS 0x00000000ff600000, 0x00000000ff600000| Untracked 
|  55|0x00000000ff700000, 0x00000000ff700000, 0x00000000ff800000|  0%| F|  |TAMS 0x00000000ff700000, 0x00000000ff700000| Untracked 
|  56|0x00000000ff800000, 0x00000000ff800000, 0x00000000ff900000|  0%| F|  |TAMS 0x00000000ff800000, 0x00000000ff800000| Untracked 
|  57|0x00000000ff900000, 0x00000000ff900000, 0x00000000ffa00000|  0%| F|  |TAMS 0x00000000ff900000, 0x00000000ff900000| Untracked 
|  58|0x00000000ffa00000, 0x00000000ffa00000, 0x00000000ffb00000|  0%| F|  |TAMS 0x00000000ffa00000, 0x00000000ffa00000| Untracked 
|  59|0x00000000ffb00000, 0x00000000ffb00000, 0x00000000ffc00000|  0%| F|  |TAMS 0x00000000ffb00000, 0x00000000ffb00000| Untracked 
|  60|0x00000000ffc00000, 0x00000000ffc00000, 0x00000000ffd00000|  0%| F|  |TAMS 0x00000000ffc00000, 0x00000000ffc00000| Untracked 
|  61|0x00000000ffd00000, 0x00000000ffd675f0, 0x00000000ffe00000| 40%| E|  |TAMS 0x00000000ffd00000, 0x00000000ffd00000| Complete 
|  62|0x00000000ffe00000, 0x00000000fff00000, 0x00000000fff00000|100%| E|CS|TAMS 0x00000000ffe00000, 0x00000000ffe00000| Complete 
|  63|0x00000000fff00000, 0x0000000100000000, 0x0000000100000000|100%| E|CS|TAMS 0x00000000fff00000, 0x00000000fff00000| Complete 

Card table byte_map: [0x00000195284a0000,0x00000195284c0000] _byte_map_base: 0x0000019527cc0000

Marking Bits (Prev, Next): (CMBitMap*) 0x000001952a4d5620, (CMBitMap*) 0x000001952a4d5660
 Prev Bits: [0x000001952a2b0000, 0x000001952a3b0000)
 Next Bits: [0x0000019540d40000, 0x0000019540e40000)

Polling page: 0x0000019528450000

Metaspace:

Usage:
  Non-class:      5.07 MB used.
      Class:    851.75 KB used.
       Both:      5.90 MB used.

Virtual space:
  Non-class space:        8.00 MB reserved,       5.12 MB ( 64%) committed,  1 nodes.
      Class space:        1.00 GB reserved,     896.00 KB ( <1%) committed,  1 nodes.
             Both:        1.01 GB reserved,       6.00 MB ( <1%) committed. 

Chunk freelists:
   Non-Class:  1.23 MB
       Class:  3.14 MB
        Both:  4.38 MB

MaxMetaspaceSize: unlimited
CompressedClassSpaceSize: 1.00 GB
Initial GC threshold: 21.00 MB
Current GC threshold: 21.00 MB
CDS: on
MetaspaceReclaimPolicy: balanced
 - commit_granule_bytes: 65536.
 - commit_granule_words: 8192.
 - virtual_space_node_default_size: 1048576.
 - enlarge_chunks_in_place: 1.
 - new_chunks_are_fully_committed: 0.
 - uncommit_free_chunks: 1.
 - use_allocation_guard: 0.
 - handle_deallocations: 1.


Internal statistics:

num_allocs_failed_limit: 0.
num_arena_births: 62.
num_arena_deaths: 0.
num_vsnodes_births: 2.
num_vsnodes_deaths: 0.
num_space_committed: 96.
num_space_uncommitted: 0.
num_chunks_returned_to_freelist: 0.
num_chunks_taken_from_freelist: 228.
num_chunk_merges: 0.
num_chunk_splits: 155.
num_chunks_enlarged: 129.
num_purges: 0.
num_inconsistent_stats: 0.

CodeHeap 'non-profiled nmethods': size=120000Kb used=413Kb max_used=413Kb free=119586Kb
 bounds [0x0000019539810000, 0x0000019539a80000, 0x0000019540d40000]
CodeHeap 'profiled nmethods': size=120000Kb used=1900Kb max_used=1900Kb free=118099Kb
 bounds [0x0000019531d40000, 0x0000019531fb0000, 0x0000019539270000]
CodeHeap 'non-nmethods': size=5760Kb used=1141Kb max_used=1164Kb free=4618Kb
 bounds [0x0000019539270000, 0x00000195394e0000, 0x0000019539810000]
 total_blobs=1457 nmethods=1026 adapters=344
 compilation: enabled
              stopped_count=0, restarted_count=0
 full_count=0

Compilation events (20 events):
Event: 6.606 Thread 0x0000019543372050 1011       4       java.util.concurrent.ConcurrentHashMap::putIfAbsent (8 bytes)
Event: 6.606 Thread 0x0000019543374b00 1021       3       java.lang.reflect.AccessibleObject::<init> (5 bytes)
Event: 6.607 Thread 0x0000019543374b00 nmethod 1021 0x0000019531f15f10 code [0x0000019531f160a0, 0x0000019531f161f8]
Event: 6.607 Thread 0x0000019543374b00 1022       3       java.lang.reflect.Executable::<init> (5 bytes)
Event: 6.607 Thread 0x0000019543372050 nmethod 1011 0x0000019539877190 code [0x0000019539877320, 0x00000195398773c8]
Event: 6.607 Thread 0x0000019543374b00 nmethod 1022 0x0000019531f16290 code [0x0000019531f16440, 0x0000019531f165f8]
Event: 6.607 Thread 0x0000019543374b00 1023       3       jdk.internal.org.objectweb.asm.MethodWriter::visitAbstractType (8 bytes)
Event: 6.608 Thread 0x0000019543374b00 nmethod 1023 0x0000019531f16710 code [0x0000019531f168a0, 0x0000019531f169d8]
Event: 6.608 Thread 0x0000019543374b00 1024       3       jdk.internal.org.objectweb.asm.MethodWriter::endCurrentBasicBlockWithNoSuccessor (94 bytes)
Event: 6.608 Thread 0x0000019543374b00 nmethod 1024 0x0000019531f16a90 code [0x0000019531f16c80, 0x0000019531f17308]
Event: 6.609 Thread 0x0000019543374b00 1025       3       jdk.internal.org.objectweb.asm.Type::getReturnTypeOffset (64 bytes)
Event: 6.611 Thread 0x0000019543374b00 nmethod 1025 0x0000019531f17510 code [0x0000019531f17840, 0x0000019531f18c18]
Event: 6.611 Thread 0x0000019543374b00 1026       3       jdk.internal.org.objectweb.asm.Frame::accept (264 bytes)
Event: 6.611 Thread 0x0000019543374b00 nmethod 1026 0x0000019531f19390 code [0x0000019531f195c0, 0x0000019531f19ef8]
Event: 6.611 Thread 0x0000019543374b00 1028       3       jdk.internal.org.objectweb.asm.ByteVector::putByteArray (49 bytes)
Event: 6.612 Thread 0x0000019543374b00 nmethod 1028 0x0000019531f1a290 code [0x0000019531f1a440, 0x0000019531f1a718]
Event: 6.612 Thread 0x0000019543374b00 1027       3       jdk.internal.org.objectweb.asm.Attribute::computeAttributesSize (62 bytes)
Event: 6.612 Thread 0x0000019543374b00 nmethod 1027 0x0000019531f1a810 code [0x0000019531f1a9e0, 0x0000019531f1ad08]
Event: 6.685 Thread 0x0000019543374b00 1029       3       java.util.TreeMap::setColor (10 bytes)
Event: 6.685 Thread 0x0000019543374b00 nmethod 1029 0x0000019531f1ae90 code [0x0000019531f1b020, 0x0000019531f1b158]

GC Heap History (4 events):
Event: 3.756 GC heap before
{Heap before GC invocations=0 (full 0):
 garbage-first heap   total 65536K, used 15360K [0x00000000fc000000, 0x0000000100000000)
  region size 1024K, 13 young (13312K), 0 survivors (0K)
 Metaspace       used 2031K, committed 2176K, reserved 1056768K
  class space    used 198K, committed 256K, reserved 1048576K
}
Event: 4.056 GC heap after
{Heap after GC invocations=1 (full 0):
 garbage-first heap   total 65536K, used 3384K [0x00000000fc000000, 0x0000000100000000)
  region size 1024K, 2 young (2048K), 2 survivors (2048K)
 Metaspace       used 2031K, committed 2176K, reserved 1056768K
  class space    used 198K, committed 256K, reserved 1048576K
}
Event: 6.423 GC heap before
{Heap before GC invocations=1 (full 0):
 garbage-first heap   total 65536K, used 20792K [0x00000000fc000000, 0x0000000100000000)
  region size 1024K, 17 young (17408K), 2 survivors (2048K)
 Metaspace       used 5577K, committed 5760K, reserved 1056768K
  class space    used 775K, committed 832K, reserved 1048576K
}
Event: 6.429 GC heap after
{Heap after GC invocations=2 (full 0):
 garbage-first heap   total 65536K, used 9712K [0x00000000fc000000, 0x0000000100000000)
  region size 1024K, 3 young (3072K), 3 survivors (3072K)
 Metaspace       used 5577K, committed 5760K, reserved 1056768K
  class space    used 775K, committed 832K, reserved 1048576K
}

Deoptimization events (20 events):
Event: 6.148 Thread 0x000001952a4b5380 DEOPT PACKING pc=0x0000019539846f00 sp=0x0000002e985fc8b0
Event: 6.148 Thread 0x000001952a4b5380 DEOPT UNPACKING pc=0x00000195392c23a3 sp=0x0000002e985fc888 mode 2
Event: 6.149 Thread 0x000001952a4b5380 Uncommon trap: trap_request=0xffffffde fr.pc=0x000001953986fd48 relative=0x0000000000000128
Event: 6.149 Thread 0x000001952a4b5380 Uncommon trap: reason=class_check action=maybe_recompile pc=0x000001953986fd48 method=jdk.internal.misc.Unsafe.allocateUninitializedArray(Ljava/lang/Class;I)Ljava/lang/Object; @ 51 c2
Event: 6.149 Thread 0x000001952a4b5380 DEOPT PACKING pc=0x000001953986fd48 sp=0x0000002e985fc570
Event: 6.149 Thread 0x000001952a4b5380 DEOPT UNPACKING pc=0x00000195392c23a3 sp=0x0000002e985fc4f8 mode 2
Event: 6.149 Thread 0x000001952a4b5380 Uncommon trap: trap_request=0xffffffde fr.pc=0x000001953986fd48 relative=0x0000000000000128
Event: 6.149 Thread 0x000001952a4b5380 Uncommon trap: reason=class_check action=maybe_recompile pc=0x000001953986fd48 method=jdk.internal.misc.Unsafe.allocateUninitializedArray(Ljava/lang/Class;I)Ljava/lang/Object; @ 51 c2
Event: 6.149 Thread 0x000001952a4b5380 DEOPT PACKING pc=0x000001953986fd48 sp=0x0000002e985fc390
Event: 6.149 Thread 0x000001952a4b5380 DEOPT UNPACKING pc=0x00000195392c23a3 sp=0x0000002e985fc318 mode 2
Event: 6.149 Thread 0x000001952a4b5380 Uncommon trap: trap_request=0xffffffde fr.pc=0x000001953986fd48 relative=0x0000000000000128
Event: 6.149 Thread 0x000001952a4b5380 Uncommon trap: reason=class_check action=maybe_recompile pc=0x000001953986fd48 method=jdk.internal.misc.Unsafe.allocateUninitializedArray(Ljava/lang/Class;I)Ljava/lang/Object; @ 51 c2
Event: 6.149 Thread 0x000001952a4b5380 DEOPT PACKING pc=0x000001953986fd48 sp=0x0000002e985fc390
Event: 6.149 Thread 0x000001952a4b5380 DEOPT UNPACKING pc=0x00000195392c23a3 sp=0x0000002e985fc318 mode 2
Event: 6.149 Thread 0x000001952a4b5380 Uncommon trap: trap_request=0xffffffde fr.pc=0x000001953986fd48 relative=0x0000000000000128
Event: 6.149 Thread 0x000001952a4b5380 Uncommon trap: reason=class_check action=maybe_recompile pc=0x000001953986fd48 method=jdk.internal.misc.Unsafe.allocateUninitializedArray(Ljava/lang/Class;I)Ljava/lang/Object; @ 51 c2
Event: 6.149 Thread 0x000001952a4b5380 DEOPT PACKING pc=0x000001953986fd48 sp=0x0000002e985fc500
Event: 6.149 Thread 0x000001952a4b5380 DEOPT UNPACKING pc=0x00000195392c23a3 sp=0x0000002e985fc488 mode 2
Event: 6.597 Thread 0x000001952a4b5380 DEOPT PACKING pc=0x0000019531e26d38 sp=0x0000002e985fad00
Event: 6.597 Thread 0x000001952a4b5380 DEOPT UNPACKING pc=0x00000195392c2b43 sp=0x0000002e985fa218 mode 0

Classes unloaded (0 events):
No events

Classes redefined (0 events):
No events

Internal exceptions (13 events):
Event: 2.138 Thread 0x000001952a4b5380 Exception <a 'java/lang/NoSuchMethodError'{0x00000000ffc5d470}: 'int java.lang.invoke.DirectMethodHandle$Holder.invokeStaticInit(java.lang.Object, java.lang.Object)'> (0x00000000ffc5d470) 
thrown [s\open\src\hotspot\share\interpreter\linkResolver.cpp, line 759]
Event: 5.018 Thread 0x000001952a4b5380 Exception <a 'java/lang/NoSuchMethodError'{0x00000000ff9b7378}: 'void java.lang.invoke.DirectMethodHandle$Holder.invokeStatic(java.lang.Object, java.lang.Object)'> (0x00000000ff9b7378) 
thrown [s\open\src\hotspot\share\interpreter\linkResolver.cpp, line 759]
Event: 5.123 Thread 0x000001952a4b5380 Exception <a 'java/lang/NoClassDefFoundError'{0x00000000ff83a300}: org/slf4j/impl/StaticMarkerBinder> (0x00000000ff83a300) 
thrown [s\open\src\hotspot\share\classfile\systemDictionary.cpp, line 245]
Event: 5.149 Thread 0x000001952a4b5380 Exception <a 'java/lang/NoSuchMethodError'{0x00000000ff8d5398}: 'java.lang.Object java.lang.invoke.DirectMethodHandle$Holder.invokeVirtual(java.lang.Object, java.lang.Object, java.lang.Object, java.lang.Object, java.lang.Object, java.lang.Object, java.lang.Object)'> (0x00000000ff8d5398) 
thrown [s\open\src\hotspot\share\interpreter\linkResolver.cpp, line 759]
Event: 5.161 Thread 0x000001952a4b5380 Exception <a 'java/lang/NoSuchMethodError'{0x00000000ff8e5ee8}: 'java.lang.Object java.lang.invoke.Invokers$Holder.invoker(java.lang.Object, java.lang.Object, java.lang.Object)'> (0x00000000ff8e5ee8) 
thrown [s\open\src\hotspot\share\interpreter\linkResolver.cpp, line 759]
Event: 5.163 Thread 0x000001952a4b5380 Exception <a 'java/lang/NoSuchMethodError'{0x00000000ff8eefb8}: 'java.lang.Object java.lang.invoke.DirectMethodHandle$Holder.invokeStatic(java.lang.Object, java.lang.Object, int)'> (0x00000000ff8eefb8) 
thrown [s\open\src\hotspot\share\interpreter\linkResolver.cpp, line 759]
Event: 5.165 Thread 0x000001952a4b5380 Exception <a 'java/lang/NoSuchMethodError'{0x00000000ff8faf08}: 'void java.lang.invoke.DelegatingMethodHandle$Holder.delegate(java.lang.Object, java.lang.Object, int, java.lang.Object)'> (0x00000000ff8faf08) 
thrown [s\open\src\hotspot\share\interpreter\linkResolver.cpp, line 759]
Event: 5.165 Thread 0x000001952a4b5380 Exception <a 'java/lang/NoSuchMethodError'{0x00000000ff8ff050}: 'int java.lang.invoke.DirectMethodHandle$Holder.invokeSpecial(java.lang.Object, java.lang.Object, java.lang.Object)'> (0x00000000ff8ff050) 
thrown [s\open\src\hotspot\share\interpreter\linkResolver.cpp, line 759]
Event: 5.216 Thread 0x000001952a4b5380 Exception <a 'java/lang/NoSuchMethodError'{0x00000000ff712628}: 'java.lang.Object java.lang.invoke.Invokers$Holder.invokeExact_MT(java.lang.Object, java.lang.Object, java.lang.Object, java.lang.Object)'> (0x00000000ff712628) 
thrown [s\open\src\hotspot\share\interpreter\linkResolver.cpp, line 759]
Event: 5.754 Thread 0x000001952a4b5380 Exception <a 'java/lang/NoSuchMethodError'{0x00000000ff4f5078}: 'java.lang.Object java.lang.invoke.DirectMethodHandle$Holder.invokeInterface(java.lang.Object, java.lang.Object, java.lang.Object)'> (0x00000000ff4f5078) 
thrown [s\open\src\hotspot\share\interpreter\linkResolver.cpp, line 759]
Event: 6.032 Thread 0x000001952a4b5380 Implicit null exception at 0x000001953985f631 to 0x000001953985fab4
Event: 6.032 Thread 0x000001952a4b5380 Implicit null exception at 0x00000195398501ac to 0x000001953985060c
Event: 6.135 Thread 0x000001952a4b5380 Exception <a 'java/lang/NoSuchMethodError'{0x00000000ff0a9018}: 'java.lang.Object java.lang.invoke.DirectMethodHandle$Holder.invokeStaticInit(java.lang.Object)'> (0x00000000ff0a9018) 
thrown [s\open\src\hotspot\share\interpreter\linkResolver.cpp, line 759]

VM Operations (20 events):
Event: 1.696 Executing VM operation: Cleanup
Event: 1.747 Executing VM operation: Cleanup done
Event: 2.748 Executing VM operation: Cleanup
Event: 2.748 Executing VM operation: Cleanup done
Event: 3.753 Executing VM operation: Cleanup
Event: 3.753 Executing VM operation: Cleanup done
Event: 3.756 Executing VM operation: G1CollectForAllocation
Event: 4.056 Executing VM operation: G1CollectForAllocation done
Event: 4.502 Executing VM operation: HandshakeAllThreads
Event: 4.502 Executing VM operation: HandshakeAllThreads done
Event: 5.046 Executing VM operation: HandshakeAllThreads
Event: 5.046 Executing VM operation: HandshakeAllThreads done
Event: 5.162 Executing VM operation: HandshakeAllThreads
Event: 5.162 Executing VM operation: HandshakeAllThreads done
Event: 5.162 Executing VM operation: Cleanup
Event: 5.162 Executing VM operation: Cleanup done
Event: 6.165 Executing VM operation: Cleanup
Event: 6.276 Executing VM operation: Cleanup done
Event: 6.423 Executing VM operation: G1CollectForAllocation
Event: 6.429 Executing VM operation: G1CollectForAllocation done

Events (20 events):
Event: 6.446 loading class sun/reflect/annotation/AnnotationType$1
Event: 6.446 loading class sun/reflect/annotation/AnnotationType$1 done
Event: 6.446 loading class java/lang/annotation/Retention
Event: 6.446 loading class java/lang/annotation/Retention done
Event: 6.446 loading class java/lang/annotation/Inherited
Event: 6.446 loading class java/lang/annotation/Inherited done
Event: 6.446 loading class java/lang/annotation/RetentionPolicy
Event: 6.446 loading class java/lang/annotation/RetentionPolicy done
Event: 6.447 loading class sun/reflect/annotation/AnnotationTypeMismatchExceptionProxy
Event: 6.447 loading class sun/reflect/annotation/ExceptionProxy
Event: 6.447 loading class sun/reflect/annotation/ExceptionProxy done
Event: 6.447 loading class sun/reflect/annotation/AnnotationTypeMismatchExceptionProxy done
Event: 6.447 loading class sun/reflect/annotation/AnnotationParser$1
Event: 6.447 loading class sun/reflect/annotation/AnnotationParser$1 done
Event: 6.447 loading class sun/reflect/annotation/AnnotationInvocationHandler
Event: 6.447 loading class sun/reflect/annotation/AnnotationInvocationHandler done
Event: 6.449 loading class java/lang/annotation/Target
Event: 6.449 loading class java/lang/annotation/Target done
Event: 6.596 loading class java/io/StreamCorruptedException
Event: 6.596 loading class java/io/StreamCorruptedException done


Dynamic libraries:
0x00007ff734340000 - 0x00007ff734350000 	C:\Program Files\Java\jdk-17\bin\java.exe
0x00007ffa9d590000 - 0x00007ffa9d788000 	C:\Windows\SYSTEM32\ntdll.dll
0x00007ffa9b7a0000 - 0x00007ffa9b85f000 	C:\Windows\System32\KERNEL32.DLL
0x00007ffa9ad10000 - 0x00007ffa9b006000 	C:\Windows\System32\KERNELBASE.dll
0x00007ffa9b010000 - 0x00007ffa9b110000 	C:\Windows\System32\ucrtbase.dll
0x00007ffa7cd30000 - 0x00007ffa7cd49000 	C:\Program Files\Java\jdk-17\bin\jli.dll
0x00007ffa9bcb0000 - 0x00007ffa9bd5f000 	C:\Windows\System32\ADVAPI32.dll
0x00007ffa9bd90000 - 0x00007ffa9be2e000 	C:\Windows\System32\msvcrt.dll
0x00007ffa9bc10000 - 0x00007ffa9bcac000 	C:\Windows\System32\sechost.dll
0x00007ffa9d3c0000 - 0x00007ffa9d4e6000 	C:\Windows\System32\RPCRT4.dll
0x00007ffa9b600000 - 0x00007ffa9b79d000 	C:\Windows\System32\USER32.dll
0x00007ffa9b3c0000 - 0x00007ffa9b3e2000 	C:\Windows\System32\win32u.dll
0x00007ffa9bd60000 - 0x00007ffa9bd8c000 	C:\Windows\System32\GDI32.dll
0x00007ffa9b160000 - 0x00007ffa9b275000 	C:\Windows\System32\gdi32full.dll
0x00007ffa9b3f0000 - 0x00007ffa9b48d000 	C:\Windows\System32\msvcp_win.dll
0x00007ffa772c0000 - 0x00007ffa772db000 	C:\Program Files\Java\jdk-17\bin\VCRUNTIME140.dll
0x00007ffa77020000 - 0x00007ffa772ba000 	C:\Windows\WinSxS\amd64_microsoft.windows.common-controls_6595b64144ccf1df_6.0.19041.1110_none_60b5254171f9507e\COMCTL32.dll
0x00007ffa921b0000 - 0x00007ffa921ba000 	C:\Windows\SYSTEM32\VERSION.dll
0x00007ffa9c500000 - 0x00007ffa9c530000 	C:\Windows\System32\IMM32.DLL
0x00007ffa8bbd0000 - 0x00007ffa8bbdc000 	C:\Program Files\Java\jdk-17\bin\vcruntime140_1.dll
0x00007ffa57b90000 - 0x00007ffa57c1e000 	C:\Program Files\Java\jdk-17\bin\msvcp140.dll
0x00007ffa28ca0000 - 0x00007ffa2987d000 	C:\Program Files\Java\jdk-17\bin\server\jvm.dll
0x00007ffa9b5f0000 - 0x00007ffa9b5f8000 	C:\Windows\System32\PSAPI.DLL
0x00007ffa8af90000 - 0x00007ffa8af99000 	C:\Windows\SYSTEM32\WSOCK32.dll
0x00007ffa9c890000 - 0x00007ffa9c8fb000 	C:\Windows\System32\WS2_32.dll
0x00007ffa6ffa0000 - 0x00007ffa6ffc7000 	C:\Windows\SYSTEM32\WINMM.dll
0x00007ffa99490000 - 0x00007ffa994a2000 	C:\Windows\SYSTEM32\kernel.appcore.dll
0x00007ffa817a0000 - 0x00007ffa817aa000 	C:\Program Files\Java\jdk-17\bin\jimage.dll
0x00007ffa95870000 - 0x00007ffa95a54000 	C:\Windows\SYSTEM32\DBGHELP.DLL
0x00007ffa89080000 - 0x00007ffa890b4000 	C:\Windows\SYSTEM32\dbgcore.DLL
0x00007ffa9b330000 - 0x00007ffa9b3b2000 	C:\Windows\System32\bcryptPrimitives.dll
0x00007ffa73c90000 - 0x00007ffa73cb5000 	C:\Program Files\Java\jdk-17\bin\java.dll
0x00007ffa2df30000 - 0x00007ffa2e007000 	C:\Program Files\Java\jdk-17\bin\jsvml.dll
0x00007ffa9ca90000 - 0x00007ffa9d1d4000 	C:\Windows\System32\SHELL32.dll
0x00007ffa98cf0000 - 0x00007ffa99483000 	C:\Windows\SYSTEM32\windows.storage.dll
0x00007ffa9c530000 - 0x00007ffa9c884000 	C:\Windows\System32\combase.dll
0x00007ffa9a5e0000 - 0x00007ffa9a60e000 	C:\Windows\SYSTEM32\Wldp.dll
0x00007ffa9c450000 - 0x00007ffa9c4fd000 	C:\Windows\System32\SHCORE.dll
0x00007ffa9d360000 - 0x00007ffa9d3b5000 	C:\Windows\System32\shlwapi.dll
0x00007ffa9aba0000 - 0x00007ffa9abc5000 	C:\Windows\SYSTEM32\profapi.dll
0x00007ffa76800000 - 0x00007ffa76819000 	C:\Program Files\Java\jdk-17\bin\net.dll
0x00007ffa8fc50000 - 0x00007ffa8fd5a000 	C:\Windows\SYSTEM32\WINHTTP.dll
0x00007ffa9a340000 - 0x00007ffa9a3aa000 	C:\Windows\system32\mswsock.dll
0x00007ffa76300000 - 0x00007ffa76316000 	C:\Program Files\Java\jdk-17\bin\nio.dll
0x00007ffa76100000 - 0x00007ffa76118000 	C:\Program Files\Java\jdk-17\bin\zip.dll
0x00007ffa93720000 - 0x00007ffa93730000 	C:\Program Files\Java\jdk-17\bin\verify.dll
0x00007ffa72610000 - 0x00007ffa72637000 	C:\Users\ss\.gradle\native\e1d6ef7f7dcc3fd88c89a11ec53ec762bb8ba0a96d01ffa2cd45eb1d1d8dd5c5\windows-amd64\native-platform.dll
0x00007ffa92ba0000 - 0x00007ffa92baa000 	C:\Program Files\Java\jdk-17\bin\management.dll
0x00007ffa8d980000 - 0x00007ffa8d98b000 	C:\Program Files\Java\jdk-17\bin\management_ext.dll

dbghelp: loaded successfully - version: 4.0.5 - missing functions: none
symbol engine: initialized successfully - sym options: 0x614 - pdb path: .;C:\Program Files\Java\jdk-17\bin;C:\Windows\SYSTEM32;C:\Windows\WinSxS\amd64_microsoft.windows.common-controls_6595b64144ccf1df_6.0.19041.1110_none_60b5254171f9507e;C:\Program Files\Java\jdk-17\bin\server;C:\Users\ss\.gradle\native\e1d6ef7f7dcc3fd88c89a11ec53ec762bb8ba0a96d01ffa2cd45eb1d1d8dd5c5\windows-amd64

VM Arguments:
jvm_args: -Xmx64m -Xms64m -Dorg.gradle.appname=gradlew 
java_command: org.gradle.wrapper.GradleWrapperMain app:installDebug -PreactNativeDevServerPort=8081
java_class_path (initial): C:\\Users\\ss\\Desktop\\teachers-vision\\android\\\\gradle\\wrapper\\gradle-wrapper.jar
Launcher Type: SUN_STANDARD

[Global flags]
     intx CICompilerCount                          = 3                                         {product} {ergonomic}
     uint ConcGCThreads                            = 1                                         {product} {ergonomic}
     uint G1ConcRefinementThreads                  = 4                                         {product} {ergonomic}
   size_t G1HeapRegionSize                         = 1048576                                   {product} {ergonomic}
    uintx GCDrainStackTargetSize                   = 64                                        {product} {ergonomic}
   size_t InitialHeapSize                          = 67108864                                  {product} {command line}
   size_t MarkStackSize                            = 4194304                                   {product} {ergonomic}
   size_t MaxHeapSize                              = 67108864                                  {product} {command line}
   size_t MaxNewSize                               = 39845888                                  {product} {ergonomic}
   size_t MinHeapDeltaBytes                        = 1048576                                   {product} {ergonomic}
   size_t MinHeapSize                              = 67108864                                  {product} {command line}
    uintx NonNMethodCodeHeapSize                   = 5832780                                {pd product} {ergonomic}
    uintx NonProfiledCodeHeapSize                  = 122912730                              {pd product} {ergonomic}
    uintx ProfiledCodeHeapSize                     = 122912730                              {pd product} {ergonomic}
    uintx ReservedCodeCacheSize                    = 251658240                              {pd product} {ergonomic}
     bool SegmentedCodeCache                       = true                                      {product} {ergonomic}
   size_t SoftMaxHeapSize                          = 67108864                               {manageable} {ergonomic}
     bool UseCompressedClassPointers               = true                           {product lp64_product} {ergonomic}
     bool UseCompressedOops                        = true                           {product lp64_product} {ergonomic}
     bool UseG1GC                                  = true                                      {product} {ergonomic}
     bool UseLargePagesIndividualAllocation        = false                                  {pd product} {ergonomic}

Logging:
Log output configuration:
 #0: stdout all=warning uptime,level,tags
 #1: stderr all=off uptime,level,tags

Environment Variables:
CLASSPATH=C:\Users\ss\Desktop\teachers-vision\android\\gradle\wrapper\gradle-wrapper.jar
PATH=C:\Users\ss\Desktop\teachers-vision\android\node_modules\.bin;C:\Users\ss\Desktop\teachers-vision\node_modules\.bin;C:\Users\ss\Desktop\node_modules\.bin;C:\Users\ss\node_modules\.bin;C:\Users\node_modules\.bin;C:\node_modules\.bin;C:\Program Files\nodejs;C:\Users\ss\Desktop\teachers-vision\node_modules\.bin;C:\Users\ss\Desktop\teachers-vision\node_modules\.bin;C:\Users\ss\Desktop\node_modules\.bin;C:\Users\ss\node_modules\.bin;C:\Users\node_modules\.bin;C:\node_modules\.bin;C:\Users\ss\AppData\Roaming\nvm\v16.16.0\node_modules\npm\node_modules\@npmcli\run-script\lib\node-gyp-bin;C:\Users\ss\Desktop\teachers-vision\node_modules\.bin;C:\Users\ss\Desktop\node_modules\.bin;C:\Users\ss\node_modules\.bin;C:\Users\node_modules\.bin;C:\node_modules\.bin;C:\Program Files\nodejs;C:\Users\ss\Desktop\teachers-vision\node_modules\.bin;C:\Users\ss\Desktop\teachers-vision\node_modules\.bin;C:\Users\ss\Desktop\node_modules\.bin;C:\Users\ss\node_modules\.bin;C:\Users\node_modules\.bin;C:\node_modules\.bin;C:\Users\ss\AppData\Roaming\nvm\v16.16.0\node_modules\npm\node_modules\@npmcli\run-script\lib\node-gyp-bin;C:\Program Files\Common Files\Oracle\Java\javapath;C:\Program Files (x86)\Common Files\Oracle\Java\javapath;C:\Program Files\Microsoft\jdk-11.0.18.10-hotspot\bin;C:\Program Files\Microsoft MPI\Bin\;C:\Windows\system32;C:\Windows;C:\Windows\System32\Wbem;C:\Windows\System32\WindowsPowerShell\v1.0\;C:\Windows\System32\OpenSSH\;C:\ProgramData\chocolatey\bin;C:\Users\ss\AppData\Local\Android\Sdk\platform-tools;C:\Program Files\Git\cmd;C:\Program Files\Microsoft SQL Server\150\Tools\Binn\;C:\Program Files (x86)\Microsoft SQL Server\160\Tools\Binn\;C:\Program Files\Microsoft SQL Server\160\Tools\Binn\;C:\Program Files\Microsoft SQL Server\Client SDK\ODBC\170\Tools\Binn\;C:\Program Files\Microsoft SQL Server\160\DTS\Binn\;C:\Program Files\dotnet\;C:\Program Files (x86)\dotnet\;C:\Program Files (x86)\Microsoft SQL Server\160\DTS\Binn\;C:\Program Files (x86)\Microsoft SQL Server\150
USERNAME=ss
LANG=en_US.UTF-8
OS=Windows_NT
PROCESSOR_IDENTIFIER=Intel64 Family 6 Model 142 Stepping 9, GenuineIntel



---------------  S Y S T E M  ---------------

OS:
 Windows 10 , 64 bit Build 19041 (10.0.19041.3155)
OS uptime: 5 days 6:32 hours

CPU: total 4 (initial active 4) (2 cores per cpu, 2 threads per core) family 6 model 142 stepping 9 microcode 0xb4, cx8, cmov, fxsr, ht, mmx, 3dnowpref, sse, sse2, sse3, ssse3, sse4.1, sse4.2, popcnt, lzcnt, tsc, tscinvbit, avx, avx2, aes, erms, clmul, bmi1, bmi2, adx, fma, vzeroupper, clflush, clflushopt

Memory: 4k page, system-wide physical 16263M (2068M free)
TotalPageFile size 23159M (AvailPageFile size 76M)
current process WorkingSet (physical memory assigned to process): 74M, peak: 74M
current process commit charge ("private bytes"): 150M, peak: 150M

vm_info: Java HotSpot(TM) 64-Bit Server VM (17.0.7+8-LTS-224) for windows-amd64 JRE (17.0.7+8-LTS-224), built on Feb 28 2023 23:03:02 by "mach5one" with MS VC++ 17.1 (VS2022)

END.
