#
# There is insufficient memory for the Java Runtime Environment to continue.
# Native memory allocation (mmap) failed to map 16777216 bytes for G1 virtual space
# Possible reasons:
#   The system is out of physical RAM or swap space
#   The process is running with CompressedOops enabled, and the Java Heap may be blocking the growth of the native heap
# Possible solutions:
#   Reduce memory load on the system
#   Increase physical memory or swap space
#   Check if swap backing store is full
#   Decrease Java heap size (-Xmx/-Xms)
#   Decrease number of Java threads
#   Decrease Java thread stack sizes (-Xss)
#   Set larger code cache with -XX:ReservedCodeCacheSize=
#   JVM is running with Unscaled Compressed Oops mode in which the Java heap is
#     placed in the first 4GB address space. The Java Heap base address is the
#     maximum limit for the native heap growth. Please use -XX:HeapBaseMinAddress
#     to set the Java Heap base and to place the Java Heap above 4GB virtual address.
# This output file may be truncated or incomplete.
#
#  Out of Memory Error (os_windows.cpp:3550), pid=20740, tid=20092
#
# JRE version: Java(TM) SE Runtime Environment (17.0.7+8) (build 17.0.7+8-LTS-224)
# Java VM: Java HotSpot(TM) 64-Bit Server VM (17.0.7+8-LTS-224, mixed mode, sharing, tiered, compressed oops, compressed class ptrs, g1 gc, windows-amd64)
# No core dump will be written. Minidumps are not enabled by default on client versions of Windows
#

---------------  S U M M A R Y ------------

Command Line: -XX:MaxMetaspaceSize=512m --add-opens=java.base/java.util=ALL-UNNAMED --add-opens=java.base/java.lang=ALL-UNNAMED --add-opens=java.base/java.lang.invoke=ALL-UNNAMED --add-opens=java.base/java.util=ALL-UNNAMED --add-opens=java.prefs/java.util.prefs=ALL-UNNAMED --add-opens=java.prefs/java.util.prefs=ALL-UNNAMED --add-opens=java.base/java.nio.charset=ALL-UNNAMED --add-opens=java.base/java.net=ALL-UNNAMED --add-opens=java.base/java.util.concurrent.atomic=ALL-UNNAMED -Xmx2048m -Dfile.encoding=windows-1252 -Duser.country=IN -Duser.language=en -Duser.variant org.gradle.launcher.daemon.bootstrap.GradleDaemon 7.3.3

Host: Intel(R) Core(TM) i5-7200U CPU @ 2.50GHz, 4 cores, 15G,  Windows 10 , 64 bit Build 19041 (10.0.19041.3155)
Time: Thu Sep 14 15:27:27 2023 India Standard Time elapsed time: 592.288907 seconds (0d 0h 9m 52s)

---------------  T H R E A D  ---------------

Current thread (0x0000020e573026a0):  VMThread "VM Thread" [stack: 0x000000fa09900000,0x000000fa09a00000] [id=20092]

Stack: [0x000000fa09900000,0x000000fa09a00000]
Native frames: (J=compiled Java code, j=interpreted, Vv=VM code, C=native code)
V  [jvm.dll+0x676a4a]
V  [jvm.dll+0x7d74f4]
V  [jvm.dll+0x7d8c9e]
V  [jvm.dll+0x7d9303]
V  [jvm.dll+0x2452c5]
V  [jvm.dll+0x6738f9]
V  [jvm.dll+0x668232]
V  [jvm.dll+0x302826]
V  [jvm.dll+0x309da6]
V  [jvm.dll+0x35952e]
V  [jvm.dll+0x35975f]
V  [jvm.dll+0x2d9a38]
V  [jvm.dll+0x2dcad6]
V  [jvm.dll+0x2e72d8]
V  [jvm.dll+0x31ad30]
V  [jvm.dll+0x7ddb0b]
V  [jvm.dll+0x7de844]
V  [jvm.dll+0x7ded5d]
V  [jvm.dll+0x7df134]
V  [jvm.dll+0x7df200]
V  [jvm.dll+0x78759a]
V  [jvm.dll+0x675875]
C  [ucrtbase.dll+0x21bb2]
C  [KERNEL32.DLL+0x17614]
C  [ntdll.dll+0x526b1]

VM_Operation (0x000000fa095ff8a0): G1Concurrent, mode: safepoint, requested by thread 0x0000020e37aa11d0


---------------  P R O C E S S  ---------------

Threads class SMR info:
_java_thread_list=0x0000020e5dcba360, length=85, elements={
0x0000020e37a38290, 0x0000020e57307200, 0x0000020e57307f80, 0x0000020e57323800,
0x0000020e573270e0, 0x0000020e573289b0, 0x0000020e57329270, 0x0000020e57329f10,
0x0000020e5732a8c0, 0x0000020e57d38010, 0x0000020e57d91200, 0x0000020e57d98700,
0x0000020e58ea9a50, 0x0000020e59253080, 0x0000020e5907ff20, 0x0000020e57e83ad0,
0x0000020e58b8d450, 0x0000020e590648a0, 0x0000020e59064d70, 0x0000020e5935f990,
0x0000020e5935ce40, 0x0000020e5935eb20, 0x0000020e5935c4a0, 0x0000020e5935d310,
0x0000020e5935f4c0, 0x0000020e5935dcb0, 0x0000020e5935d7e0, 0x0000020e5935e180,
0x0000020e5935e650, 0x0000020e5a9c7a20, 0x0000020e5a9c66e0, 0x0000020e5a9c5870,
0x0000020e5a9c1040, 0x0000020e5a9c1510, 0x0000020e5a9c6210, 0x0000020e5a9c4060,
0x0000020e5a9c31f0, 0x0000020e5a9c4ed0, 0x0000020e5a9c19e0, 0x0000020e5a9c7550,
0x0000020e5a9c1eb0, 0x0000020e5a9c3b90, 0x0000020e5a9c83c0, 0x0000020e5a9c2380,
0x0000020e5a9c2850, 0x0000020e5a9c2d20, 0x0000020e5a9c36c0, 0x0000020e5a9c4530,
0x0000020e5a9c4a00, 0x0000020e5a9c53a0, 0x0000020e5a91bf40, 0x0000020e5a91dc20,
0x0000020e5a917240, 0x0000020e5a91e0f0, 0x0000020e5a91ac00, 0x0000020e5a917710,
0x0000020e5a91c410, 0x0000020e5a9193f0, 0x0000020e5a9198c0, 0x0000020e5a91a730,
0x0000020e5a919d90, 0x0000020e5a91a260, 0x0000020e5a917be0, 0x0000020e5a91cdb0,
0x0000020e5a91b0d0, 0x0000020e5a91b5a0, 0x0000020e5a9180b0, 0x0000020e5a918580,
0x0000020e5a918a50, 0x0000020e5a91c8e0, 0x0000020e5a91d280, 0x0000020e5a91ba70,
0x0000020e5a918f20, 0x0000020e5a916d70, 0x0000020e5bd4a270, 0x0000020e5bd47250,
0x0000020e5bd47720, 0x0000020e5bd4c420, 0x0000020e5bd4ba80, 0x0000020e5bd4b0e0,
0x0000020e5bd4c8f0, 0x0000020e5bd45f10, 0x0000020e5bd48a60, 0x0000020e5bd48590,
0x0000020e5bd4bf50
}

Java Threads: ( => current thread )
  0x0000020e37a38290 JavaThread "main" [_thread_blocked, id=28448, stack(0x000000fa09200000,0x000000fa09300000)]
  0x0000020e57307200 JavaThread "Reference Handler" daemon [_thread_blocked, id=2836, stack(0x000000fa09a00000,0x000000fa09b00000)]
  0x0000020e57307f80 JavaThread "Finalizer" daemon [_thread_blocked, id=25296, stack(0x000000fa09b00000,0x000000fa09c00000)]
  0x0000020e57323800 JavaThread "Signal Dispatcher" daemon [_thread_blocked, id=9484, stack(0x000000fa09c00000,0x000000fa09d00000)]
  0x0000020e573270e0 JavaThread "Attach Listener" daemon [_thread_blocked, id=29688, stack(0x000000fa09d00000,0x000000fa09e00000)]
  0x0000020e573289b0 JavaThread "Service Thread" daemon [_thread_blocked, id=5904, stack(0x000000fa09e00000,0x000000fa09f00000)]
  0x0000020e57329270 JavaThread "Monitor Deflation Thread" daemon [_thread_blocked, id=18092, stack(0x000000fa09f00000,0x000000fa0a000000)]
  0x0000020e57329f10 JavaThread "C2 CompilerThread0" daemon [_thread_blocked, id=1520, stack(0x000000fa0a000000,0x000000fa0a100000)]
  0x0000020e5732a8c0 JavaThread "C1 CompilerThread0" daemon [_thread_blocked, id=3632, stack(0x000000fa0a100000,0x000000fa0a200000)]
  0x0000020e57d38010 JavaThread "Sweeper thread" daemon [_thread_blocked, id=22728, stack(0x000000fa0a200000,0x000000fa0a300000)]
  0x0000020e57d91200 JavaThread "Common-Cleaner" daemon [_thread_blocked, id=3760, stack(0x000000fa0a300000,0x000000fa0a400000)]
  0x0000020e57d98700 JavaThread "Notification Thread" daemon [_thread_blocked, id=21980, stack(0x000000fa0a400000,0x000000fa0a500000)]
  0x0000020e58ea9a50 JavaThread "Daemon health stats" [_thread_blocked, id=29764, stack(0x000000fa0a900000,0x000000fa0aa00000)]
  0x0000020e59253080 JavaThread "Incoming local TCP Connector on port 49718" [_thread_in_native, id=26504, stack(0x000000fa0aa00000,0x000000fa0ab00000)]
  0x0000020e5907ff20 JavaThread "Daemon periodic checks" [_thread_blocked, id=25564, stack(0x000000fa0ac00000,0x000000fa0ad00000)]
  0x0000020e57e83ad0 JavaThread "Daemon" [_thread_blocked, id=22644, stack(0x000000fa0ad00000,0x000000fa0ae00000)]
  0x0000020e58b8d450 JavaThread "Handler for socket connection from /127.0.0.1:49718 to /127.0.0.1:49719" [_thread_in_native, id=19012, stack(0x000000fa0ae00000,0x000000fa0af00000)]
  0x0000020e590648a0 JavaThread "Cancel handler" [_thread_blocked, id=7408, stack(0x000000fa0ab00000,0x000000fa0ac00000)]
  0x0000020e59064d70 JavaThread "Daemon worker" [_thread_blocked, id=8732, stack(0x000000fa0af00000,0x000000fa0b000000)]
  0x0000020e5935f990 JavaThread "Asynchronous log dispatcher for DefaultDaemonConnection: socket connection from /127.0.0.1:49718 to /127.0.0.1:49719" [_thread_blocked, id=10816, stack(0x000000fa0b000000,0x000000fa0b100000)]
  0x0000020e5935ce40 JavaThread "Daemon client event forwarder" [_thread_blocked, id=29364, stack(0x000000fa0b200000,0x000000fa0b300000)]
  0x0000020e5935eb20 JavaThread "Cache worker for journal cache (C:\Users\ss\.gradle\caches\journal-1)" [_thread_blocked, id=14640, stack(0x000000fa0b300000,0x000000fa0b400000)]
  0x0000020e5935c4a0 JavaThread "File lock request listener" [_thread_in_native, id=30416, stack(0x000000fa0b400000,0x000000fa0b500000)]
  0x0000020e5935d310 JavaThread "Cache worker for file hash cache (C:\Users\ss\.gradle\caches\7.3.3\fileHashes)" [_thread_blocked, id=10092, stack(0x000000fa0b600000,0x000000fa0b700000)]
  0x0000020e5935f4c0 JavaThread "Cache worker for file hash cache (C:\Users\ss\Desktop\teachers-vision\android\.gradle\7.3.3\fileHashes)" [_thread_blocked, id=18008, stack(0x000000fa0b700000,0x000000fa0b800000)]
  0x0000020e5935dcb0 JavaThread "File watcher server" daemon [_thread_in_native, id=30448, stack(0x000000fa0b800000,0x000000fa0b900000)]
  0x0000020e5935d7e0 JavaThread "File watcher consumer" daemon [_thread_blocked, id=23912, stack(0x000000fa0b900000,0x000000fa0ba00000)]
  0x0000020e5935e180 JavaThread "Cache worker for checksums cache (C:\Users\ss\Desktop\teachers-vision\android\.gradle\7.3.3\checksums)" [_thread_blocked, id=25972, stack(0x000000fa0ba00000,0x000000fa0bb00000)]
  0x0000020e5935e650 JavaThread "Cache worker for cache directory md-supplier (C:\Users\ss\.gradle\caches\7.3.3\md-supplier)" [_thread_blocked, id=4296, stack(0x000000fa0bb00000,0x000000fa0bc00000)]
  0x0000020e5a9c7a20 JavaThread "Cache worker for cache directory md-rule (C:\Users\ss\.gradle\caches\7.3.3\md-rule)" [_thread_blocked, id=27260, stack(0x000000fa0bc00000,0x000000fa0bd00000)]
  0x0000020e5a9c66e0 JavaThread "Cache worker for execution history cache (C:\Users\ss\.gradle\caches\7.3.3\executionHistory)" [_thread_blocked, id=23376, stack(0x000000fa0bd00000,0x000000fa0be00000)]
  0x0000020e5a9c5870 JavaThread "jar transforms" [_thread_blocked, id=14172, stack(0x000000fa0be00000,0x000000fa0bf00000)]
  0x0000020e5a9c1040 JavaThread "jar transforms Thread 2" [_thread_blocked, id=26612, stack(0x000000fa0c100000,0x000000fa0c200000)]
  0x0000020e5a9c1510 JavaThread "Cache worker for file content cache (C:\Users\ss\.gradle\caches\7.3.3\fileContent)" [_thread_blocked, id=18572, stack(0x000000fa0c200000,0x000000fa0c300000)]
  0x0000020e5a9c6210 JavaThread "jar transforms Thread 3" [_thread_blocked, id=14216, stack(0x000000fa0c500000,0x000000fa0c600000)]
  0x0000020e5a9c4060 JavaThread "jar transforms Thread 4" [_thread_blocked, id=11248, stack(0x000000fa0c600000,0x000000fa0c700000)]
  0x0000020e5a9c31f0 JavaThread "Cache worker for kotlin-dsl (C:\Users\ss\.gradle\caches\7.3.3\kotlin-dsl)" [_thread_blocked, id=24868, stack(0x000000fa09300000,0x000000fa09400000)]
  0x0000020e5a9c4ed0 JavaThread "Cache worker for dependencies-accessors (C:\Users\ss\Desktop\teachers-vision\android\.gradle\7.3.3\dependencies-accessors)" [_thread_blocked, id=20612, stack(0x000000fa09100000,0x000000fa09200000)]
  0x0000020e5a9c19e0 JavaThread "Cache worker for Build Output Cleanup Cache (C:\Users\ss\Desktop\teachers-vision\node_modules\react-native-gradle-plugin\.gradle\buildOutputCleanup)" [_thread_blocked, id=26804, stack(0x000000fa0c700000,0x000000fa0c800000)]
  0x0000020e5a9c7550 JavaThread "Unconstrained build operations" [_thread_blocked, id=24772, stack(0x000000fa0c300000,0x000000fa0c400000)]
  0x0000020e5a9c1eb0 JavaThread "Unconstrained build operations Thread 2" [_thread_blocked, id=16772, stack(0x000000fa0c800000,0x000000fa0c900000)]
  0x0000020e5a9c3b90 JavaThread "Unconstrained build operations Thread 3" [_thread_blocked, id=18564, stack(0x000000fa0c900000,0x000000fa0ca00000)]
  0x0000020e5a9c83c0 JavaThread "Unconstrained build operations Thread 4" [_thread_blocked, id=18568, stack(0x000000fa0ca00000,0x000000fa0cb00000)]
  0x0000020e5a9c2380 JavaThread "Unconstrained build operations Thread 5" [_thread_blocked, id=29028, stack(0x000000fa0cb00000,0x000000fa0cc00000)]
  0x0000020e5a9c2850 JavaThread "Unconstrained build operations Thread 6" [_thread_blocked, id=25692, stack(0x000000fa0cc00000,0x000000fa0cd00000)]
  0x0000020e5a9c2d20 JavaThread "Unconstrained build operations Thread 7" [_thread_blocked, id=10924, stack(0x000000fa0cd00000,0x000000fa0ce00000)]
  0x0000020e5a9c36c0 JavaThread "Unconstrained build operations Thread 8" [_thread_blocked, id=13036, stack(0x000000fa0ce00000,0x000000fa0cf00000)]
  0x0000020e5a9c4530 JavaThread "Unconstrained build operations Thread 9" [_thread_blocked, id=24864, stack(0x000000fa0cf00000,0x000000fa0d000000)]
  0x0000020e5a9c4a00 JavaThread "Unconstrained build operations Thread 10" [_thread_blocked, id=22700, stack(0x000000fa0d000000,0x000000fa0d100000)]
  0x0000020e5a9c53a0 JavaThread "Unconstrained build operations Thread 11" [_thread_blocked, id=27756, stack(0x000000fa0d100000,0x000000fa0d200000)]
  0x0000020e5a91bf40 JavaThread "Unconstrained build operations Thread 12" [_thread_blocked, id=16544, stack(0x000000fa0d200000,0x000000fa0d300000)]
  0x0000020e5a91dc20 JavaThread "Unconstrained build operations Thread 13" [_thread_blocked, id=13056, stack(0x000000fa0d300000,0x000000fa0d400000)]
  0x0000020e5a917240 JavaThread "Unconstrained build operations Thread 14" [_thread_blocked, id=16640, stack(0x000000fa0d400000,0x000000fa0d500000)]
  0x0000020e5a91e0f0 JavaThread "Unconstrained build operations Thread 15" [_thread_blocked, id=13456, stack(0x000000fa0d500000,0x000000fa0d600000)]
  0x0000020e5a91ac00 JavaThread "Unconstrained build operations Thread 16" [_thread_blocked, id=23320, stack(0x000000fa0d600000,0x000000fa0d700000)]
  0x0000020e5a917710 JavaThread "Unconstrained build operations Thread 17" [_thread_blocked, id=19540, stack(0x000000fa0d700000,0x000000fa0d800000)]
  0x0000020e5a91c410 JavaThread "Unconstrained build operations Thread 18" [_thread_blocked, id=14864, stack(0x000000fa0d800000,0x000000fa0d900000)]
  0x0000020e5a9193f0 JavaThread "Unconstrained build operations Thread 19" [_thread_blocked, id=21196, stack(0x000000fa0d900000,0x000000fa0da00000)]
  0x0000020e5a9198c0 JavaThread "Unconstrained build operations Thread 20" [_thread_blocked, id=4888, stack(0x000000fa0da00000,0x000000fa0db00000)]
  0x0000020e5a91a730 JavaThread "Unconstrained build operations Thread 21" [_thread_blocked, id=17040, stack(0x000000fa0db00000,0x000000fa0dc00000)]
  0x0000020e5a919d90 JavaThread "Unconstrained build operations Thread 22" [_thread_blocked, id=18900, stack(0x000000fa0dc00000,0x000000fa0dd00000)]
  0x0000020e5a91a260 JavaThread "Unconstrained build operations Thread 23" [_thread_blocked, id=27996, stack(0x000000fa0dd00000,0x000000fa0de00000)]
  0x0000020e5a917be0 JavaThread "Unconstrained build operations Thread 24" [_thread_blocked, id=12308, stack(0x000000fa0de00000,0x000000fa0df00000)]
  0x0000020e5a91cdb0 JavaThread "Unconstrained build operations Thread 25" [_thread_blocked, id=10492, stack(0x000000fa0df00000,0x000000fa0e000000)]
  0x0000020e5a91b0d0 JavaThread "Unconstrained build operations Thread 26" [_thread_blocked, id=8828, stack(0x000000fa0e000000,0x000000fa0e100000)]
  0x0000020e5a91b5a0 JavaThread "Unconstrained build operations Thread 27" [_thread_blocked, id=5816, stack(0x000000fa0e100000,0x000000fa0e200000)]
  0x0000020e5a9180b0 JavaThread "Unconstrained build operations Thread 28" [_thread_blocked, id=17744, stack(0x000000fa0e200000,0x000000fa0e300000)]
  0x0000020e5a918580 JavaThread "Unconstrained build operations Thread 29" [_thread_blocked, id=28912, stack(0x000000fa0e300000,0x000000fa0e400000)]
  0x0000020e5a918a50 JavaThread "Unconstrained build operations Thread 30" [_thread_blocked, id=19968, stack(0x000000fa0e400000,0x000000fa0e500000)]
  0x0000020e5a91c8e0 JavaThread "Unconstrained build operations Thread 31" [_thread_blocked, id=23416, stack(0x000000fa0e500000,0x000000fa0e600000)]
  0x0000020e5a91d280 JavaThread "Unconstrained build operations Thread 32" [_thread_blocked, id=28540, stack(0x000000fa0e600000,0x000000fa0e700000)]
  0x0000020e5a91ba70 JavaThread "Unconstrained build operations Thread 33" [_thread_blocked, id=17228, stack(0x000000fa0e700000,0x000000fa0e800000)]
  0x0000020e5a918f20 JavaThread "build event listener" [_thread_blocked, id=18324, stack(0x000000fa0e800000,0x000000fa0e900000)]
  0x0000020e5a916d70 JavaThread "Memory manager" [_thread_blocked, id=17676, stack(0x000000fa0e900000,0x000000fa0ea00000)]
  0x0000020e5bd4a270 JavaThread "Cache worker for Build Output Cleanup Cache (C:\Users\ss\Desktop\teachers-vision\android\.gradle\buildOutputCleanup)" [_thread_blocked, id=16304, stack(0x000000fa0eb00000,0x000000fa0ec00000)]
  0x0000020e5bd47250 JavaThread "Cache worker for execution history cache (C:\Users\ss\Desktop\teachers-vision\node_modules\react-native-gradle-plugin\.gradle\7.3.3\executionHistory)" [_thread_blocked, id=2888, stack(0x000000fa0f000000,0x000000fa0f100000)]
  0x0000020e5bd47720 JavaThread "Unconstrained build operations Thread 34" [_thread_blocked, id=7776, stack(0x000000fa0ea00000,0x000000fa0eb00000)]
  0x0000020e5bd4c420 JavaThread "Unconstrained build operations Thread 35" [_thread_blocked, id=7088, stack(0x000000fa0f100000,0x000000fa0f200000)]
  0x0000020e5bd4ba80 JavaThread "Unconstrained build operations Thread 36" [_thread_blocked, id=13096, stack(0x000000fa0f200000,0x000000fa0f300000)]
  0x0000020e5bd4b0e0 JavaThread "Unconstrained build operations Thread 37" [_thread_blocked, id=22000, stack(0x000000fa0f300000,0x000000fa0f400000)]
  0x0000020e5bd4c8f0 JavaThread "Unconstrained build operations Thread 38" [_thread_blocked, id=24956, stack(0x000000fa0f400000,0x000000fa0f500000)]
  0x0000020e5bd45f10 JavaThread "Unconstrained build operations Thread 39" [_thread_blocked, id=8580, stack(0x000000fa0f500000,0x000000fa0f600000)]
  0x0000020e5bd48a60 JavaThread "Unconstrained build operations Thread 40" [_thread_blocked, id=12120, stack(0x000000fa0f600000,0x000000fa0f700000)]
  0x0000020e5bd48590 JavaThread "File lock release action executor Thread 3" [_thread_blocked, id=16144, stack(0x000000fa0b100000,0x000000fa0b200000)]
  0x0000020e5bd4bf50 JavaThread "build event listener" [_thread_blocked, id=14536, stack(0x000000fa0b500000,0x000000fa0b600000)]

Other Threads:
=>0x0000020e573026a0 VMThread "VM Thread" [stack: 0x000000fa09900000,0x000000fa09a00000] [id=20092]
  0x0000020e57d9abe0 WatcherThread [stack: 0x000000fa0a500000,0x000000fa0a600000] [id=20940]
  0x0000020e37a90380 GCTaskThread "GC Thread#0" [stack: 0x000000fa09400000,0x000000fa09500000] [id=18840]
  0x0000020e58095530 GCTaskThread "GC Thread#1" [stack: 0x000000fa0a600000,0x000000fa0a700000] [id=16184]
  0x0000020e58586c50 GCTaskThread "GC Thread#2" [stack: 0x000000fa0a700000,0x000000fa0a800000] [id=26720]
  0x0000020e5800c010 GCTaskThread "GC Thread#3" [stack: 0x000000fa0a800000,0x000000fa0a900000] [id=3048]
  0x0000020e37aa11d0 ConcurrentGCThread "G1 Main Marker" [stack: 0x000000fa09500000,0x000000fa09600000] [id=23256]
  0x0000020e37aa1af0 ConcurrentGCThread "G1 Conc#0" [stack: 0x000000fa09600000,0x000000fa09700000] [id=28696]
  0x0000020e571be130 ConcurrentGCThread "G1 Refine#0" [stack: 0x000000fa09700000,0x000000fa09800000] [id=16560]
  0x0000020e5acf38b0 ConcurrentGCThread "G1 Refine#1" [stack: 0x000000fa0bf00000,0x000000fa0c000000] [id=8404]
  0x0000020e5acf3e70 ConcurrentGCThread "G1 Refine#2" [stack: 0x000000fa0c000000,0x000000fa0c100000] [id=20212]
  0x0000020e571be960 ConcurrentGCThread "G1 Service" [stack: 0x000000fa09800000,0x000000fa09900000] [id=28184]

Threads with active compile tasks:

VM state: at safepoint (normal execution)

VM Mutex/Monitor currently owned by a thread:  ([mutex/lock_event])
[0x0000020e37a334a0] Threads_lock - owner thread: 0x0000020e573026a0
[0x0000020e37a339b0] Heap_lock - owner thread: 0x0000020e37aa11d0

Heap address: 0x0000000080000000, size: 2048 MB, Compressed Oops mode: 32-bit

CDS archive(s) mapped at: [0x0000000800000000-0x0000000800bd0000-0x0000000800bd0000), size 12386304, SharedBaseAddress: 0x0000000800000000, ArchiveRelocationMode: 0.
Compressed class space mapped at: 0x0000000800c00000-0x000000081a800000, reserved size: 432013312
Narrow klass base: 0x0000000800000000, Narrow klass shift: 0, Narrow klass range: 0x100000000

GC Precious Log:
 CPUs: 4 total, 4 available
 Memory: 16263M
 Large Page Support: Disabled
 NUMA Support: Disabled
 Compressed Oops: Enabled (32-bit)
 Heap Region Size: 1M
 Heap Min Capacity: 8M
 Heap Initial Capacity: 256M
 Heap Max Capacity: 2G
 Pre-touch: Disabled
 Parallel Workers: 4
 Concurrent Workers: 1
 Concurrent Refinement Workers: 4
 Periodic GC: Disabled

Heap:
 garbage-first heap   total 142336K, used 114064K [0x0000000080000000, 0x0000000100000000)
  region size 1024K, 3 young (3072K), 2 survivors (2048K)
 Metaspace       used 85337K, committed 86528K, reserved 503808K
  class space    used 11740K, committed 12288K, reserved 421888K

Heap Regions: E=young(eden), S=young(survivor), O=old, HS=humongous(starts), HC=humongous(continues), CS=collection set, F=free, OA=open archive, CA=closed archive, TAMS=top-at-mark-start (previous, next)
|   0|0x0000000080000000, 0x0000000080100000, 0x0000000080100000|100%|HS|  |TAMS 0x0000000080100000, 0x0000000080000000| Complete 
|   1|0x0000000080100000, 0x0000000080200000, 0x0000000080200000|100%|HC|  |TAMS 0x0000000080200000, 0x0000000080100000| Complete 
|   2|0x0000000080200000, 0x0000000080300000, 0x0000000080300000|100%|HC|  |TAMS 0x0000000080300000, 0x0000000080200000| Complete 
|   3|0x0000000080300000, 0x0000000080400000, 0x0000000080400000|100%| O|  |TAMS 0x0000000080400000, 0x0000000080300000| Untracked 
|   4|0x0000000080400000, 0x0000000080500000, 0x0000000080500000|100%| O|  |TAMS 0x0000000080500000, 0x0000000080400000| Untracked 
|   5|0x0000000080500000, 0x0000000080600000, 0x0000000080600000|100%| O|  |TAMS 0x0000000080600000, 0x0000000080500000| Untracked 
|   6|0x0000000080600000, 0x0000000080700000, 0x0000000080700000|100%| O|  |TAMS 0x0000000080700000, 0x0000000080600000| Untracked 
|   7|0x0000000080700000, 0x0000000080800000, 0x0000000080800000|100%| O|  |TAMS 0x0000000080800000, 0x0000000080700000| Untracked 
|   8|0x0000000080800000, 0x0000000080900000, 0x0000000080900000|100%| O|  |TAMS 0x0000000080900000, 0x0000000080800000| Updating 
|   9|0x0000000080900000, 0x0000000080a00000, 0x0000000080a00000|100%| O|  |TAMS 0x0000000080a00000, 0x0000000080900000| Untracked 
|  10|0x0000000080a00000, 0x0000000080af8e00, 0x0000000080b00000| 97%| O|  |TAMS 0x0000000080af8e00, 0x0000000080a00000| Untracked 
|  11|0x0000000080b00000, 0x0000000080c00000, 0x0000000080c00000|100%| O|  |TAMS 0x0000000080c00000, 0x0000000080b00000| Updating 
|  12|0x0000000080c00000, 0x0000000080d00000, 0x0000000080d00000|100%| O|  |TAMS 0x0000000080d00000, 0x0000000080c00000| Untracked 
|  13|0x0000000080d00000, 0x0000000080e00000, 0x0000000080e00000|100%| O|  |TAMS 0x0000000080e00000, 0x0000000080d00000| Untracked 
|  14|0x0000000080e00000, 0x0000000080f00000, 0x0000000080f00000|100%| O|  |TAMS 0x0000000080f00000, 0x0000000080e00000| Untracked 
|  15|0x0000000080f00000, 0x0000000081000000, 0x0000000081000000|100%| O|  |TAMS 0x0000000081000000, 0x0000000080f00000| Untracked 
|  16|0x0000000081000000, 0x0000000081100000, 0x0000000081100000|100%| O|  |TAMS 0x0000000081100000, 0x0000000081000000| Untracked 
|  17|0x0000000081100000, 0x0000000081200000, 0x0000000081200000|100%| O|  |TAMS 0x0000000081200000, 0x0000000081100000| Untracked 
|  18|0x0000000081200000, 0x0000000081300000, 0x0000000081300000|100%| O|  |TAMS 0x0000000081300000, 0x0000000081200000| Untracked 
|  19|0x0000000081300000, 0x0000000081400000, 0x0000000081400000|100%| O|  |TAMS 0x0000000081400000, 0x0000000081300000| Untracked 
|  20|0x0000000081400000, 0x0000000081500000, 0x0000000081500000|100%| O|  |TAMS 0x0000000081500000, 0x0000000081400000| Untracked 
|  21|0x0000000081500000, 0x0000000081600000, 0x0000000081600000|100%| O|  |TAMS 0x0000000081600000, 0x0000000081500000| Updating 
|  22|0x0000000081600000, 0x0000000081700000, 0x0000000081700000|100%| O|  |TAMS 0x0000000081700000, 0x0000000081600000| Untracked 
|  23|0x0000000081700000, 0x0000000081800000, 0x0000000081800000|100%| O|  |TAMS 0x0000000081800000, 0x0000000081700000| Untracked 
|  24|0x0000000081800000, 0x0000000081900000, 0x0000000081900000|100%| O|  |TAMS 0x0000000081900000, 0x0000000081800000| Updating 
|  25|0x0000000081900000, 0x0000000081a00000, 0x0000000081a00000|100%| O|  |TAMS 0x0000000081a00000, 0x0000000081900000| Updating 
|  26|0x0000000081a00000, 0x0000000081b00000, 0x0000000081b00000|100%| O|  |TAMS 0x0000000081b00000, 0x0000000081a00000| Untracked 
|  27|0x0000000081b00000, 0x0000000081c00000, 0x0000000081c00000|100%| O|  |TAMS 0x0000000081c00000, 0x0000000081b00000| Untracked 
|  28|0x0000000081c00000, 0x0000000081d00000, 0x0000000081d00000|100%| O|  |TAMS 0x0000000081d00000, 0x0000000081c00000| Untracked 
|  29|0x0000000081d00000, 0x0000000081e00000, 0x0000000081e00000|100%| O|  |TAMS 0x0000000081e00000, 0x0000000081d00000| Untracked 
|  30|0x0000000081e00000, 0x0000000081f00000, 0x0000000081f00000|100%|HS|  |TAMS 0x0000000081f00000, 0x0000000081e00000| Complete 
|  31|0x0000000081f00000, 0x0000000082000000, 0x0000000082000000|100%| O|  |TAMS 0x0000000082000000, 0x0000000081f00000| Untracked 
|  32|0x0000000082000000, 0x0000000082100000, 0x0000000082100000|100%| O|  |TAMS 0x0000000082100000, 0x0000000082000000| Untracked 
|  33|0x0000000082100000, 0x0000000082200000, 0x0000000082200000|100%| O|  |TAMS 0x0000000082200000, 0x0000000082100000| Untracked 
|  34|0x0000000082200000, 0x0000000082300000, 0x0000000082300000|100%| O|  |TAMS 0x0000000082300000, 0x0000000082200000| Updating 
|  35|0x0000000082300000, 0x0000000082400000, 0x0000000082400000|100%|HS|  |TAMS 0x0000000082400000, 0x0000000082300000| Complete 
|  36|0x0000000082400000, 0x0000000082500000, 0x0000000082500000|100%| O|  |TAMS 0x0000000082500000, 0x0000000082400000| Untracked 
|  37|0x0000000082500000, 0x0000000082600000, 0x0000000082600000|100%|HS|  |TAMS 0x0000000082600000, 0x0000000082500000| Complete 
|  38|0x0000000082600000, 0x0000000082700000, 0x0000000082700000|100%|HC|  |TAMS 0x0000000082700000, 0x0000000082600000| Complete 
|  39|0x0000000082700000, 0x0000000082800000, 0x0000000082800000|100%|HC|  |TAMS 0x0000000082800000, 0x0000000082700000| Complete 
|  40|0x0000000082800000, 0x0000000082900000, 0x0000000082900000|100%| O|  |TAMS 0x0000000082900000, 0x0000000082800000| Untracked 
|  41|0x0000000082900000, 0x0000000082a00000, 0x0000000082a00000|100%| O|  |TAMS 0x0000000082a00000, 0x0000000082900000| Untracked 
|  42|0x0000000082a00000, 0x0000000082b00000, 0x0000000082b00000|100%| O|  |TAMS 0x0000000082b00000, 0x0000000082a00000| Untracked 
|  43|0x0000000082b00000, 0x0000000082c00000, 0x0000000082c00000|100%| O|  |TAMS 0x0000000082c00000, 0x0000000082b00000| Untracked 
|  44|0x0000000082c00000, 0x0000000082d00000, 0x0000000082d00000|100%| O|  |TAMS 0x0000000082d00000, 0x0000000082c00000| Updating 
|  45|0x0000000082d00000, 0x0000000082e00000, 0x0000000082e00000|100%| O|  |TAMS 0x0000000082e00000, 0x0000000082d00000| Untracked 
|  46|0x0000000082e00000, 0x0000000082f00000, 0x0000000082f00000|100%| O|  |TAMS 0x0000000082f00000, 0x0000000082e00000| Updating 
|  47|0x0000000082f00000, 0x0000000083000000, 0x0000000083000000|100%| O|  |TAMS 0x0000000083000000, 0x0000000082f00000| Untracked 
|  48|0x0000000083000000, 0x0000000083100000, 0x0000000083100000|100%| O|  |TAMS 0x0000000083100000, 0x0000000083000000| Updating 
|  49|0x0000000083100000, 0x0000000083200000, 0x0000000083200000|100%| O|  |TAMS 0x0000000083200000, 0x0000000083100000| Untracked 
|  50|0x0000000083200000, 0x0000000083300000, 0x0000000083300000|100%| O|  |TAMS 0x0000000083300000, 0x0000000083200000| Untracked 
|  51|0x0000000083300000, 0x0000000083400000, 0x0000000083400000|100%| O|  |TAMS 0x0000000083400000, 0x0000000083300000| Untracked 
|  52|0x0000000083400000, 0x0000000083500000, 0x0000000083500000|100%| O|  |TAMS 0x0000000083500000, 0x0000000083400000| Updating 
|  53|0x0000000083500000, 0x0000000083600000, 0x0000000083600000|100%| O|  |TAMS 0x0000000083600000, 0x0000000083500000| Untracked 
|  54|0x0000000083600000, 0x0000000083700000, 0x0000000083700000|100%|HS|  |TAMS 0x0000000083700000, 0x0000000083600000| Complete 
|  55|0x0000000083700000, 0x0000000083800000, 0x0000000083800000|100%| O|  |TAMS 0x0000000083800000, 0x0000000083700000| Untracked 
|  56|0x0000000083800000, 0x0000000083900000, 0x0000000083900000|100%|HS|  |TAMS 0x0000000083900000, 0x0000000083800000| Complete 
|  57|0x0000000083900000, 0x0000000083a00000, 0x0000000083a00000|100%|HS|  |TAMS 0x0000000083a00000, 0x0000000083900000| Complete 
|  58|0x0000000083a00000, 0x0000000083b00000, 0x0000000083b00000|100%|HC|  |TAMS 0x0000000083b00000, 0x0000000083a00000| Complete 
|  59|0x0000000083b00000, 0x0000000083c00000, 0x0000000083c00000|100%| O|  |TAMS 0x0000000083c00000, 0x0000000083b00000| Untracked 
|  60|0x0000000083c00000, 0x0000000083d00000, 0x0000000083d00000|100%| O|  |TAMS 0x0000000083d00000, 0x0000000083c00000| Untracked 
|  61|0x0000000083d00000, 0x0000000083e00000, 0x0000000083e00000|100%| O|  |TAMS 0x0000000083e00000, 0x0000000083d00000| Untracked 
|  62|0x0000000083e00000, 0x0000000083f00000, 0x0000000083f00000|100%| O|  |TAMS 0x0000000083f00000, 0x0000000083e00000| Untracked 
|  63|0x0000000083f00000, 0x0000000084000000, 0x0000000084000000|100%| O|  |TAMS 0x0000000084000000, 0x0000000083f00000| Untracked 
|  64|0x0000000084000000, 0x0000000084100000, 0x0000000084100000|100%| O|  |TAMS 0x0000000084100000, 0x0000000084000000| Untracked 
|  65|0x0000000084100000, 0x0000000084200000, 0x0000000084200000|100%| O|  |TAMS 0x0000000084200000, 0x0000000084100000| Updating 
|  66|0x0000000084200000, 0x0000000084300000, 0x0000000084300000|100%| O|  |TAMS 0x0000000084300000, 0x0000000084200000| Updating 
|  67|0x0000000084300000, 0x0000000084400000, 0x0000000084400000|100%| O|  |TAMS 0x0000000084400000, 0x0000000084300000| Untracked 
|  68|0x0000000084400000, 0x0000000084500000, 0x0000000084500000|100%| O|  |TAMS 0x0000000084500000, 0x0000000084400000| Untracked 
|  69|0x0000000084500000, 0x0000000084600000, 0x0000000084600000|100%| O|  |TAMS 0x0000000084600000, 0x0000000084500000| Untracked 
|  70|0x0000000084600000, 0x0000000084700000, 0x0000000084700000|100%| O|  |TAMS 0x0000000084700000, 0x0000000084600000| Updating 
|  71|0x0000000084700000, 0x0000000084800000, 0x0000000084800000|100%| O|  |TAMS 0x0000000084800000, 0x0000000084700000| Untracked 
|  72|0x0000000084800000, 0x0000000084900000, 0x0000000084900000|100%| O|  |TAMS 0x0000000084900000, 0x0000000084800000| Untracked 
|  73|0x0000000084900000, 0x0000000084a00000, 0x0000000084a00000|100%| O|  |TAMS 0x0000000084a00000, 0x0000000084900000| Untracked 
|  74|0x0000000084a00000, 0x0000000084b00000, 0x0000000084b00000|100%| O|  |TAMS 0x0000000084b00000, 0x0000000084a00000| Untracked 
|  75|0x0000000084b00000, 0x0000000084c00000, 0x0000000084c00000|100%| O|  |TAMS 0x0000000084c00000, 0x0000000084b00000| Untracked 
|  76|0x0000000084c00000, 0x0000000084d00000, 0x0000000084d00000|100%| O|  |TAMS 0x0000000084d00000, 0x0000000084c00000| Untracked 
|  77|0x0000000084d00000, 0x0000000084e00000, 0x0000000084e00000|100%| O|  |TAMS 0x0000000084e00000, 0x0000000084d00000| Updating 
|  78|0x0000000084e00000, 0x0000000084f00000, 0x0000000084f00000|100%| O|  |TAMS 0x0000000084f00000, 0x0000000084e00000| Untracked 
|  79|0x0000000084f00000, 0x0000000085000000, 0x0000000085000000|100%| O|  |TAMS 0x0000000085000000, 0x0000000084f00000| Updating 
|  80|0x0000000085000000, 0x0000000085100000, 0x0000000085100000|100%| O|  |TAMS 0x0000000085100000, 0x0000000085000000| Untracked 
|  81|0x0000000085100000, 0x0000000085200000, 0x0000000085200000|100%| O|  |TAMS 0x0000000085200000, 0x0000000085100000| Untracked 
|  82|0x0000000085200000, 0x0000000085300000, 0x0000000085300000|100%| O|  |TAMS 0x0000000085300000, 0x0000000085200000| Untracked 
|  83|0x0000000085300000, 0x0000000085400000, 0x0000000085400000|100%| O|  |TAMS 0x0000000085400000, 0x0000000085300000| Untracked 
|  84|0x0000000085400000, 0x0000000085500000, 0x0000000085500000|100%| O|  |TAMS 0x0000000085500000, 0x0000000085400000| Untracked 
|  85|0x0000000085500000, 0x0000000085600000, 0x0000000085600000|100%| O|  |TAMS 0x0000000085600000, 0x0000000085500000| Untracked 
|  86|0x0000000085600000, 0x0000000085700000, 0x0000000085700000|100%| O|  |TAMS 0x0000000085700000, 0x0000000085600000| Untracked 
|  87|0x0000000085700000, 0x0000000085800000, 0x0000000085800000|100%| O|  |TAMS 0x0000000085800000, 0x0000000085700000| Updating 
|  88|0x0000000085800000, 0x0000000085900000, 0x0000000085900000|100%| O|  |TAMS 0x0000000085900000, 0x0000000085800000| Untracked 
|  89|0x0000000085900000, 0x0000000085a00000, 0x0000000085a00000|100%| O|  |TAMS 0x0000000085a00000, 0x0000000085900000| Untracked 
|  90|0x0000000085a00000, 0x0000000085b00000, 0x0000000085b00000|100%| O|  |TAMS 0x0000000085b00000, 0x0000000085a00000| Untracked 
|  91|0x0000000085b00000, 0x0000000085c00000, 0x0000000085c00000|100%| O|  |TAMS 0x0000000085c00000, 0x0000000085b00000| Updating 
|  92|0x0000000085c00000, 0x0000000085d00000, 0x0000000085d00000|100%| O|  |TAMS 0x0000000085d00000, 0x0000000085c00000| Untracked 
|  93|0x0000000085d00000, 0x0000000085e00000, 0x0000000085e00000|100%| O|  |TAMS 0x0000000085e00000, 0x0000000085d00000| Updating 
|  94|0x0000000085e00000, 0x0000000085f00000, 0x0000000085f00000|100%| O|  |TAMS 0x0000000085f00000, 0x0000000085e00000| Untracked 
|  95|0x0000000085f00000, 0x0000000086000000, 0x0000000086000000|100%| O|  |TAMS 0x0000000086000000, 0x0000000085f00000| Untracked 
|  96|0x0000000086000000, 0x0000000086100000, 0x0000000086100000|100%| O|  |TAMS 0x0000000086100000, 0x0000000086000000| Untracked 
|  97|0x0000000086100000, 0x0000000086200000, 0x0000000086200000|100%| O|  |TAMS 0x0000000086200000, 0x0000000086100000| Updating 
|  98|0x0000000086200000, 0x0000000086300000, 0x0000000086300000|100%| O|  |TAMS 0x0000000086300000, 0x0000000086200000| Untracked 
|  99|0x0000000086300000, 0x0000000086400000, 0x0000000086400000|100%| O|  |TAMS 0x0000000086400000, 0x0000000086300000| Updating 
| 100|0x0000000086400000, 0x0000000086500000, 0x0000000086500000|100%| O|  |TAMS 0x0000000086500000, 0x0000000086400000| Untracked 
| 101|0x0000000086500000, 0x0000000086600000, 0x0000000086600000|100%| O|  |TAMS 0x0000000086600000, 0x0000000086500000| Untracked 
| 102|0x0000000086600000, 0x0000000086700000, 0x0000000086700000|100%| O|  |TAMS 0x0000000086700000, 0x0000000086600000| Updating 
| 103|0x0000000086700000, 0x0000000086800000, 0x0000000086800000|100%| O|  |TAMS 0x0000000086800000, 0x0000000086700000| Untracked 
| 104|0x0000000086800000, 0x0000000086900000, 0x0000000086900000|100%| O|  |TAMS 0x0000000086900000, 0x0000000086800000| Untracked 
| 105|0x0000000086900000, 0x0000000086a00000, 0x0000000086a00000|100%| O|  |TAMS 0x0000000086a00000, 0x0000000086900000| Updating 
| 106|0x0000000086a00000, 0x0000000086b00000, 0x0000000086b00000|100%| O|  |TAMS 0x0000000086b00000, 0x0000000086a00000| Untracked 
| 107|0x0000000086b00000, 0x0000000086c00000, 0x0000000086c00000|100%| O|  |TAMS 0x0000000086bf9800, 0x0000000086b00000| Updating 
| 108|0x0000000086c00000, 0x0000000086d00000, 0x0000000086d00000|100%| O|  |TAMS 0x0000000086c00000, 0x0000000086c00000| Untracked 
| 109|0x0000000086d00000, 0x0000000086d6b200, 0x0000000086e00000| 41%| O|  |TAMS 0x0000000086d00000, 0x0000000086d00000| Updating 
| 110|0x0000000086e00000, 0x0000000086e00000, 0x0000000086f00000|  0%| F|  |TAMS 0x0000000086e00000, 0x0000000086e00000| Untracked 
| 111|0x0000000086f00000, 0x0000000086f00000, 0x0000000087000000|  0%| F|  |TAMS 0x0000000086f00000, 0x0000000086f00000| Untracked 
| 112|0x0000000087000000, 0x0000000087000000, 0x0000000087100000|  0%| F|  |TAMS 0x0000000087000000, 0x0000000087000000| Untracked 
| 113|0x0000000087100000, 0x0000000087100000, 0x0000000087200000|  0%| F|  |TAMS 0x0000000087100000, 0x0000000087100000| Untracked 
| 114|0x0000000087200000, 0x0000000087200000, 0x0000000087300000|  0%| F|  |TAMS 0x0000000087200000, 0x0000000087200000| Untracked 
| 115|0x0000000087300000, 0x0000000087300000, 0x0000000087400000|  0%| F|  |TAMS 0x0000000087300000, 0x0000000087300000| Untracked 
| 116|0x0000000087400000, 0x0000000087400000, 0x0000000087500000|  0%| F|  |TAMS 0x0000000087400000, 0x0000000087400000| Untracked 
| 117|0x0000000087500000, 0x0000000087500000, 0x0000000087600000|  0%| F|  |TAMS 0x0000000087500000, 0x0000000087500000| Untracked 
| 118|0x0000000087600000, 0x0000000087600000, 0x0000000087700000|  0%| F|  |TAMS 0x0000000087600000, 0x0000000087600000| Untracked 
| 119|0x0000000087700000, 0x0000000087700000, 0x0000000087800000|  0%| F|  |TAMS 0x0000000087700000, 0x0000000087700000| Untracked 
| 120|0x0000000087800000, 0x0000000087800000, 0x0000000087900000|  0%| F|  |TAMS 0x0000000087800000, 0x0000000087800000| Untracked 
| 121|0x0000000087900000, 0x0000000087900000, 0x0000000087a00000|  0%| F|  |TAMS 0x0000000087900000, 0x0000000087900000| Untracked 
| 122|0x0000000087a00000, 0x0000000087a00000, 0x0000000087b00000|  0%| F|  |TAMS 0x0000000087a00000, 0x0000000087a00000| Untracked 
| 123|0x0000000087b00000, 0x0000000087b00000, 0x0000000087c00000|  0%| F|  |TAMS 0x0000000087b00000, 0x0000000087b00000| Untracked 
| 124|0x0000000087c00000, 0x0000000087c00000, 0x0000000087d00000|  0%| F|  |TAMS 0x0000000087c00000, 0x0000000087c00000| Untracked 
| 125|0x0000000087d00000, 0x0000000087e00000, 0x0000000087e00000|100%| S|CS|TAMS 0x0000000087d00000, 0x0000000087d00000| Complete 
| 126|0x0000000087e00000, 0x0000000087e00000, 0x0000000087f00000|  0%| F|  |TAMS 0x0000000087e00000, 0x0000000087e00000| Untracked 
| 143|0x0000000088f00000, 0x0000000088f00000, 0x0000000089000000|  0%| F|  |TAMS 0x0000000088f00000, 0x0000000088f00000| Untracked 
| 144|0x0000000089000000, 0x0000000089100000, 0x0000000089100000|100%| S|CS|TAMS 0x0000000089000000, 0x0000000089000000| Complete 
| 145|0x0000000089100000, 0x0000000089100000, 0x0000000089200000|  0%| F|  |TAMS 0x0000000089100000, 0x0000000089100000| Untracked 
| 146|0x0000000089200000, 0x0000000089200000, 0x0000000089300000|  0%| F|  |TAMS 0x0000000089200000, 0x0000000089200000| Untracked 
| 147|0x0000000089300000, 0x0000000089300000, 0x0000000089400000|  0%| F|  |TAMS 0x0000000089300000, 0x0000000089300000| Untracked 
| 148|0x0000000089400000, 0x0000000089400000, 0x0000000089500000|  0%| F|  |TAMS 0x0000000089400000, 0x0000000089400000| Untracked 
| 149|0x0000000089500000, 0x0000000089500000, 0x0000000089600000|  0%| F|  |TAMS 0x0000000089500000, 0x0000000089500000| Untracked 
| 150|0x0000000089600000, 0x0000000089600000, 0x0000000089700000|  0%| F|  |TAMS 0x0000000089600000, 0x0000000089600000| Untracked 
| 151|0x0000000089700000, 0x0000000089700000, 0x0000000089800000|  0%| F|  |TAMS 0x0000000089700000, 0x0000000089700000| Untracked 
| 152|0x0000000089800000, 0x0000000089800000, 0x0000000089900000|  0%| F|  |TAMS 0x0000000089800000, 0x0000000089800000| Untracked 
| 153|0x0000000089900000, 0x0000000089900000, 0x0000000089a00000|  0%| F|  |TAMS 0x0000000089900000, 0x0000000089900000| Untracked 
| 255|0x000000008ff00000, 0x000000008ffdc5e0, 0x0000000090000000| 86%| E|  |TAMS 0x000000008ff00000, 0x000000008ff00000| Complete 

Card table byte_map: [0x0000020e504d0000,0x0000020e508d0000] _byte_map_base: 0x0000020e500d0000

Marking Bits (Prev, Next): (CMBitMap*) 0x0000020e37a908a0, (CMBitMap*) 0x0000020e37a908e0
 Prev Bits: [0x0000020e50cd0000, 0x0000020e52cd0000)
 Next Bits: [0x0000020e52cd0000, 0x0000020e54cd0000)

Polling page: 0x0000020e37b10000

Metaspace:

Usage:
  Non-class:     71.87 MB used.
      Class:     11.47 MB used.
       Both:     83.34 MB used.

Virtual space:
  Non-class space:       80.00 MB reserved,      72.50 MB ( 91%) committed,  10 nodes.
      Class space:      412.00 MB reserved,      12.00 MB (  3%) committed,  1 nodes.
             Both:      492.00 MB reserved,      84.50 MB ( 17%) committed. 

Chunk freelists:
   Non-Class:  3.10 MB
       Class:  50.00 KB
        Both:  3.14 MB

MaxMetaspaceSize: 512.00 MB
CompressedClassSpaceSize: 412.00 MB
Initial GC threshold: 21.00 MB
Current GC threshold: 125.88 MB
CDS: on
MetaspaceReclaimPolicy: balanced
 - commit_granule_bytes: 65536.
 - commit_granule_words: 8192.
 - virtual_space_node_default_size: 1048576.
 - enlarge_chunks_in_place: 1.
 - new_chunks_are_fully_committed: 0.
 - uncommit_free_chunks: 1.
 - use_allocation_guard: 0.
 - handle_deallocations: 1.


Internal statistics:

num_allocs_failed_limit: 6.
num_arena_births: 1160.
num_arena_deaths: 0.
num_vsnodes_births: 11.
num_vsnodes_deaths: 0.
num_space_committed: 1352.
num_space_uncommitted: 0.
num_chunks_returned_to_freelist: 6.
num_chunks_taken_from_freelist: 4799.
num_chunk_merges: 6.
num_chunk_splits: 3160.
num_chunks_enlarged: 2055.
num_purges: 0.
num_inconsistent_stats: 0.

CodeHeap 'non-profiled nmethods': size=120000Kb used=7408Kb max_used=7408Kb free=112592Kb
 bounds [0x0000020e48560000, 0x0000020e48ca0000, 0x0000020e4fa90000]
CodeHeap 'profiled nmethods': size=120000Kb used=21881Kb max_used=21881Kb free=98118Kb
 bounds [0x0000020e40a90000, 0x0000020e41ff0000, 0x0000020e47fc0000]
CodeHeap 'non-nmethods': size=5760Kb used=2395Kb max_used=2526Kb free=3364Kb
 bounds [0x0000020e47fc0000, 0x0000020e48240000, 0x0000020e48560000]
 total_blobs=11723 nmethods=10796 adapters=838
 compilation: enabled
              stopped_count=0, restarted_count=0
 full_count=0

Compilation events (20 events):
Event: 592.009 Thread 0x0000020e5732a8c0 nmethod 12303 0x0000020e41feb910 code [0x0000020e41febaa0, 0x0000020e41febbe8]
Event: 592.010 Thread 0x0000020e5732a8c0 12304       3       org.gradle.internal.component.external.model.AbstractModuleComponentResolveMetadata::artifact (35 bytes)
Event: 592.010 Thread 0x0000020e5732a8c0 nmethod 12304 0x0000020e41febc90 code [0x0000020e41febe80, 0x0000020e41fec5f8]
Event: 592.010 Thread 0x0000020e57329f10 nmethod 12297 0x0000020e48c9b090 code [0x0000020e48c9b220, 0x0000020e48c9b2e8]
Event: 592.010 Thread 0x0000020e5732a8c0 12305       3       com.google.common.collect.SingletonImmutableSet::createAsList (8 bytes)
Event: 592.011 Thread 0x0000020e5732a8c0 nmethod 12305 0x0000020e41fec910 code [0x0000020e41fecb00, 0x0000020e41fed068]
Event: 592.011 Thread 0x0000020e57329f10 12306       4       java.util.Arrays$ArrayList::iterator (12 bytes)
Event: 592.012 Thread 0x0000020e57329f10 nmethod 12306 0x0000020e48c9b410 code [0x0000020e48c9b5a0, 0x0000020e48c9b678]
Event: 592.013 Thread 0x0000020e5732a8c0 12307       1       org.gradle.internal.operations.DefaultBuildOperationQueue::access$500 (5 bytes)
Event: 592.013 Thread 0x0000020e5732a8c0 nmethod 12307 0x0000020e48c9b710 code [0x0000020e48c9b8a0, 0x0000020e48c9b958]
Event: 592.013 Thread 0x0000020e5732a8c0 12308       1       com.google.common.cache.LocalCache$WeakValueReference::isLoading (2 bytes)
Event: 592.039 Thread 0x0000020e5732a8c0 nmethod 12308 0x0000020e48c9ba10 code [0x0000020e48c9bba0, 0x0000020e48c9bc78]
Event: 592.039 Thread 0x0000020e5732a8c0 12310       3       org.gradle.internal.resources.AbstractResourceLockRegistry$ThreadLockDetails::access$102 (7 bytes)
Event: 592.039 Thread 0x0000020e5732a8c0 nmethod 12310 0x0000020e41fed290 code [0x0000020e41fed420, 0x0000020e41fed518]
Event: 592.039 Thread 0x0000020e5732a8c0 12309       1       org.gradle.internal.operations.DefaultBuildOperationQueue::access$1100 (5 bytes)
Event: 592.039 Thread 0x0000020e5732a8c0 nmethod 12309 0x0000020e48c9bd10 code [0x0000020e48c9bea0, 0x0000020e48c9bf58]
Event: 592.236 Thread 0x0000020e5732a8c0 12311   !   3       org.gradle.cache.internal.DefaultMultiProcessSafePersistentIndexedCache::finishWork (39 bytes)
Event: 592.237 Thread 0x0000020e5732a8c0 nmethod 12311 0x0000020e41fed610 code [0x0000020e41fed820, 0x0000020e41fedf58]
Event: 592.237 Thread 0x0000020e5732a8c0 12312       3       org.gradle.cache.internal.DefaultMultiProcessSafePersistentIndexedCache::beforeLockRelease (1 bytes)
Event: 592.237 Thread 0x0000020e5732a8c0 nmethod 12312 0x0000020e41fee210 code [0x0000020e41fee3a0, 0x0000020e41fee4b8]

GC Heap History (20 events):
Event: 509.519 GC heap before
{Heap before GC invocations=52 (full 0):
 garbage-first heap   total 142336K, used 116722K [0x0000000080000000, 0x0000000100000000)
  region size 1024K, 34 young (34816K), 4 survivors (4096K)
 Metaspace       used 81096K, committed 82112K, reserved 495616K
  class space    used 11122K, committed 11584K, reserved 421888K
}
Event: 509.531 GC heap after
{Heap after GC invocations=53 (full 0):
 garbage-first heap   total 142336K, used 89519K [0x0000000080000000, 0x0000000100000000)
  region size 1024K, 3 young (3072K), 3 survivors (3072K)
 Metaspace       used 81096K, committed 82112K, reserved 495616K
  class space    used 11122K, committed 11584K, reserved 421888K
}
Event: 521.458 GC heap before
{Heap before GC invocations=53 (full 0):
 garbage-first heap   total 142336K, used 118191K [0x0000000080000000, 0x0000000100000000)
  region size 1024K, 31 young (31744K), 3 survivors (3072K)
 Metaspace       used 82107K, committed 83136K, reserved 495616K
  class space    used 11242K, committed 11712K, reserved 421888K
}
Event: 521.466 GC heap after
{Heap after GC invocations=54 (full 0):
 garbage-first heap   total 142336K, used 93825K [0x0000000080000000, 0x0000000100000000)
  region size 1024K, 4 young (4096K), 4 survivors (4096K)
 Metaspace       used 82107K, committed 83136K, reserved 495616K
  class space    used 11242K, committed 11712K, reserved 421888K
}
Event: 522.912 GC heap before
{Heap before GC invocations=54 (full 0):
 garbage-first heap   total 142336K, used 119425K [0x0000000080000000, 0x0000000100000000)
  region size 1024K, 29 young (29696K), 4 survivors (4096K)
 Metaspace       used 83747K, committed 84736K, reserved 495616K
  class space    used 11523K, committed 11968K, reserved 421888K
}
Event: 522.919 GC heap after
{Heap after GC invocations=55 (full 0):
 garbage-first heap   total 142336K, used 96194K [0x0000000080000000, 0x0000000100000000)
  region size 1024K, 3 young (3072K), 3 survivors (3072K)
 Metaspace       used 83747K, committed 84736K, reserved 495616K
  class space    used 11523K, committed 11968K, reserved 421888K
}
Event: 549.502 GC heap before
{Heap before GC invocations=55 (full 0):
 garbage-first heap   total 142336K, used 118722K [0x0000000080000000, 0x0000000100000000)
  region size 1024K, 26 young (26624K), 3 survivors (3072K)
 Metaspace       used 83969K, committed 84992K, reserved 495616K
  class space    used 11552K, committed 12032K, reserved 421888K
}
Event: 549.510 GC heap after
{Heap after GC invocations=56 (full 0):
 garbage-first heap   total 142336K, used 99539K [0x0000000080000000, 0x0000000100000000)
  region size 1024K, 4 young (4096K), 4 survivors (4096K)
 Metaspace       used 83969K, committed 84992K, reserved 495616K
  class space    used 11552K, committed 12032K, reserved 421888K
}
Event: 558.030 GC heap before
{Heap before GC invocations=56 (full 0):
 garbage-first heap   total 142336K, used 120019K [0x0000000080000000, 0x0000000100000000)
  region size 1024K, 24 young (24576K), 4 survivors (4096K)
 Metaspace       used 84195K, committed 85248K, reserved 495616K
  class space    used 11585K, committed 12096K, reserved 421888K
}
Event: 558.037 GC heap after
{Heap after GC invocations=57 (full 0):
 garbage-first heap   total 142336K, used 102613K [0x0000000080000000, 0x0000000100000000)
  region size 1024K, 3 young (3072K), 3 survivors (3072K)
 Metaspace       used 84195K, committed 85248K, reserved 495616K
  class space    used 11585K, committed 12096K, reserved 421888K
}
Event: 567.814 GC heap before
{Heap before GC invocations=57 (full 0):
 garbage-first heap   total 142336K, used 118997K [0x0000000080000000, 0x0000000100000000)
  region size 1024K, 20 young (20480K), 3 survivors (3072K)
 Metaspace       used 84438K, committed 85568K, reserved 503808K
  class space    used 11618K, committed 12096K, reserved 421888K
}
Event: 567.821 GC heap after
{Heap after GC invocations=58 (full 0):
 garbage-first heap   total 142336K, used 105588K [0x0000000080000000, 0x0000000100000000)
  region size 1024K, 3 young (3072K), 3 survivors (3072K)
 Metaspace       used 84438K, committed 85568K, reserved 503808K
  class space    used 11618K, committed 12096K, reserved 421888K
}
Event: 574.973 GC heap before
{Heap before GC invocations=58 (full 0):
 garbage-first heap   total 142336K, used 119924K [0x0000000080000000, 0x0000000100000000)
  region size 1024K, 17 young (17408K), 3 survivors (3072K)
 Metaspace       used 84669K, committed 85824K, reserved 503808K
  class space    used 11645K, committed 12160K, reserved 421888K
}
Event: 574.980 GC heap after
{Heap after GC invocations=59 (full 0):
 garbage-first heap   total 142336K, used 107631K [0x0000000080000000, 0x0000000100000000)
  region size 1024K, 3 young (3072K), 3 survivors (3072K)
 Metaspace       used 84669K, committed 85824K, reserved 503808K
  class space    used 11645K, committed 12160K, reserved 421888K
}
Event: 575.496 GC heap before
{Heap before GC invocations=59 (full 0):
 garbage-first heap   total 142336K, used 120943K [0x0000000080000000, 0x0000000100000000)
  region size 1024K, 16 young (16384K), 3 survivors (3072K)
 Metaspace       used 85021K, committed 86144K, reserved 503808K
  class space    used 11697K, committed 12224K, reserved 421888K
}
Event: 575.502 GC heap after
{Heap after GC invocations=60 (full 0):
 garbage-first heap   total 142336K, used 110205K [0x0000000080000000, 0x0000000100000000)
  region size 1024K, 2 young (2048K), 2 survivors (2048K)
 Metaspace       used 85021K, committed 86144K, reserved 503808K
  class space    used 11697K, committed 12224K, reserved 421888K
}
Event: 589.524 GC heap before
{Heap before GC invocations=60 (full 0):
 garbage-first heap   total 142336K, used 121469K [0x0000000080000000, 0x0000000100000000)
  region size 1024K, 13 young (13312K), 2 survivors (2048K)
 Metaspace       used 85149K, committed 86272K, reserved 503808K
  class space    used 11714K, committed 12224K, reserved 421888K
}
Event: 589.529 GC heap after
{Heap after GC invocations=61 (full 0):
 garbage-first heap   total 142336K, used 112081K [0x0000000080000000, 0x0000000100000000)
  region size 1024K, 2 young (2048K), 2 survivors (2048K)
 Metaspace       used 85149K, committed 86272K, reserved 503808K
  class space    used 11714K, committed 12224K, reserved 421888K
}
Event: 591.985 GC heap before
{Heap before GC invocations=61 (full 0):
 garbage-first heap   total 142336K, used 122321K [0x0000000080000000, 0x0000000100000000)
  region size 1024K, 12 young (12288K), 2 survivors (2048K)
 Metaspace       used 85316K, committed 86464K, reserved 503808K
  class space    used 11738K, committed 12288K, reserved 421888K
}
Event: 591.990 GC heap after
{Heap after GC invocations=62 (full 0):
 garbage-first heap   total 142336K, used 114064K [0x0000000080000000, 0x0000000100000000)
  region size 1024K, 2 young (2048K), 2 survivors (2048K)
 Metaspace       used 85316K, committed 86464K, reserved 503808K
  class space    used 11738K, committed 12288K, reserved 421888K
}

Deoptimization events (20 events):
Event: 575.424 Thread 0x0000020e59064d70 DEOPT PACKING pc=0x0000020e489c63b4 sp=0x000000fa0aff64a0
Event: 575.424 Thread 0x0000020e59064d70 DEOPT UNPACKING pc=0x0000020e480123a3 sp=0x000000fa0aff63f0 mode 2
Event: 575.424 Thread 0x0000020e59064d70 Uncommon trap: trap_request=0xffffff45 fr.pc=0x0000020e48a5372c relative=0x000000000000018c
Event: 575.424 Thread 0x0000020e59064d70 Uncommon trap: reason=unstable_if action=reinterpret pc=0x0000020e48a5372c method=org.apache.xerces.dom.DeferredDocumentImpl.clearChunkValue([[Ljava/lang/Object;II)Ljava/lang/String; @ 59 c2
Event: 575.424 Thread 0x0000020e59064d70 DEOPT PACKING pc=0x0000020e48a5372c sp=0x000000fa0aff6930
Event: 575.424 Thread 0x0000020e59064d70 DEOPT UNPACKING pc=0x0000020e480123a3 sp=0x000000fa0aff68d0 mode 2
Event: 575.473 Thread 0x0000020e59064d70 Uncommon trap: trap_request=0xffffff45 fr.pc=0x0000020e48794f20 relative=0x0000000000000160
Event: 575.473 Thread 0x0000020e59064d70 Uncommon trap: reason=unstable_if action=reinterpret pc=0x0000020e48794f20 method=java.io.BufferedInputStream.read1([BII)I @ 60 c2
Event: 575.473 Thread 0x0000020e59064d70 DEOPT PACKING pc=0x0000020e48794f20 sp=0x000000fa0aff6430
Event: 575.473 Thread 0x0000020e59064d70 DEOPT UNPACKING pc=0x0000020e480123a3 sp=0x000000fa0aff63f0 mode 2
Event: 579.311 Thread 0x0000020e59064d70 DEOPT PACKING pc=0x0000020e41520559 sp=0x000000fa0aff5240
Event: 579.311 Thread 0x0000020e59064d70 DEOPT UNPACKING pc=0x0000020e48012b43 sp=0x000000fa0aff4738 mode 0
Event: 589.272 Thread 0x0000020e59064d70 DEOPT PACKING pc=0x0000020e4147c769 sp=0x000000fa0aff5dd0
Event: 589.272 Thread 0x0000020e59064d70 DEOPT UNPACKING pc=0x0000020e48012b43 sp=0x000000fa0aff53d8 mode 0
Event: 589.533 Thread 0x0000020e59064d70 DEOPT PACKING pc=0x0000020e40fefd3d sp=0x000000fa0aff5440
Event: 589.533 Thread 0x0000020e59064d70 DEOPT UNPACKING pc=0x0000020e48012b43 sp=0x000000fa0aff4978 mode 0
Event: 589.549 Thread 0x0000020e59064d70 DEOPT PACKING pc=0x0000020e40fefd3d sp=0x000000fa0aff4e20
Event: 589.549 Thread 0x0000020e59064d70 DEOPT UNPACKING pc=0x0000020e48012b43 sp=0x000000fa0aff4358 mode 0
Event: 589.782 Thread 0x0000020e59064d70 DEOPT PACKING pc=0x0000020e4194eba7 sp=0x000000fa0aff1c10
Event: 589.782 Thread 0x0000020e59064d70 DEOPT UNPACKING pc=0x0000020e48012b43 sp=0x000000fa0aff10d8 mode 0

Classes unloaded (0 events):
No events

Classes redefined (0 events):
No events

Internal exceptions (20 events):
Event: 575.136 Thread 0x0000020e59064d70 Exception <a 'java/lang/ClassNotFoundException'{0x00000000895ed2c8}: build_3jprz6yylrxp7kid6c0dsn1kv$_run_closure3BeanInfo> (0x00000000895ed2c8) 
thrown [s\open\src\hotspot\share\classfile\systemDictionary.cpp, line 256]
Event: 575.137 Thread 0x0000020e59064d70 Exception <a 'java/lang/ClassNotFoundException'{0x00000000895f9840}: build_3jprz6yylrxp7kid6c0dsn1kv$_run_closure3Customizer> (0x00000000895f9840) 
thrown [s\open\src\hotspot\share\classfile\systemDictionary.cpp, line 256]
Event: 575.141 Thread 0x0000020e59064d70 Exception <a 'java/lang/ClassNotFoundException'{0x0000000089441ba0}: com/android/build/gradle/internal/dsl/TestOptions_DecoratedBeanInfo> (0x0000000089441ba0) 
thrown [s\open\src\hotspot\share\classfile\systemDictionary.cpp, line 256]
Event: 575.142 Thread 0x0000020e59064d70 Exception <a 'java/lang/ClassNotFoundException'{0x0000000089451688}: com/android/build/gradle/internal/dsl/TestOptionsBeanInfo> (0x0000000089451688) 
thrown [s\open\src\hotspot\share\classfile\systemDictionary.cpp, line 256]
Event: 575.143 Thread 0x0000020e59064d70 Exception <a 'java/lang/ClassNotFoundException'{0x00000000894606b0}: com/android/build/gradle/internal/dsl/TestOptionsCustomizer> (0x00000000894606b0) 
thrown [s\open\src\hotspot\share\classfile\systemDictionary.cpp, line 256]
Event: 575.144 Thread 0x0000020e59064d70 Exception <a 'java/lang/ClassNotFoundException'{0x0000000089488120}: com/android/build/gradle/internal/dsl/TestOptions_DecoratedCustomizer> (0x0000000089488120) 
thrown [s\open\src\hotspot\share\classfile\systemDictionary.cpp, line 256]
Event: 575.148 Thread 0x0000020e59064d70 Exception <a 'java/lang/ClassNotFoundException'{0x00000000894e49c0}: com/android/build/gradle/internal/dsl/TestOptions$UnitTestOptions_DecoratedBeanInfo> (0x00000000894e49c0) 
thrown [s\open\src\hotspot\share\classfile\systemDictionary.cpp, line 256]
Event: 575.149 Thread 0x0000020e59064d70 Exception <a 'java/lang/ClassNotFoundException'{0x00000000894f3bb8}: com/android/build/gradle/internal/dsl/TestOptions$UnitTestOptionsBeanInfo> (0x00000000894f3bb8) 
thrown [s\open\src\hotspot\share\classfile\systemDictionary.cpp, line 256]
Event: 575.150 Thread 0x0000020e59064d70 Exception <a 'java/lang/ClassNotFoundException'{0x0000000089302ff0}: com/android/build/gradle/internal/dsl/TestOptions$UnitTestOptionsCustomizer> (0x0000000089302ff0) 
thrown [s\open\src\hotspot\share\classfile\systemDictionary.cpp, line 256]
Event: 575.151 Thread 0x0000020e59064d70 Exception <a 'java/lang/ClassNotFoundException'{0x00000000893192d8}: com/android/build/gradle/internal/dsl/TestOptions$UnitTestOptions_DecoratedCustomizer> (0x00000000893192d8) 
thrown [s\open\src\hotspot\share\classfile\systemDictionary.cpp, line 256]
Event: 575.371 Thread 0x0000020e59064d70 Exception <a 'java/lang/NoClassDefFoundError'{0x0000000088f56508}: org/jetbrains/kotlin/gradle/plugin/KotlinBasePluginWrapper> (0x0000000088f56508) 
thrown [s\open\src\hotspot\share\oops\constantPool.cpp, line 835]
Event: 579.309 Thread 0x0000020e59064d70 Exception <a 'java/lang/ClassNotFoundException'{0x00000000898f06f8}: build_3gps30sw8ac2n36ejfdo9tlq0BeanInfo> (0x00000000898f06f8) 
thrown [s\open\src\hotspot\share\classfile\systemDictionary.cpp, line 256]
Event: 579.309 Thread 0x0000020e59064d70 Exception <a 'java/lang/ClassNotFoundException'{0x00000000898fb908}: build_3gps30sw8ac2n36ejfdo9tlq0Customizer> (0x00000000898fb908) 
thrown [s\open\src\hotspot\share\classfile\systemDictionary.cpp, line 256]
Event: 589.487 Thread 0x0000020e59064d70 Exception <a 'java/lang/ClassNotFoundException'{0x00000000892bbfd0}: build_3gps30sw8ac2n36ejfdo9tlq0BeanInfo> (0x00000000892bbfd0) 
thrown [s\open\src\hotspot\share\classfile\systemDictionary.cpp, line 256]
Event: 589.487 Thread 0x0000020e59064d70 Exception <a 'java/lang/ClassNotFoundException'{0x00000000892c3fa0}: build_3gps30sw8ac2n36ejfdo9tlq0Customizer> (0x00000000892c3fa0) 
thrown [s\open\src\hotspot\share\classfile\systemDictionary.cpp, line 256]
Event: 589.575 Thread 0x0000020e59064d70 Exception <a 'java/lang/ClassNotFoundException'{0x000000008972b138}: build_3gps30sw8ac2n36ejfdo9tlq0$_run_closure3BeanInfo> (0x000000008972b138) 
thrown [s\open\src\hotspot\share\classfile\systemDictionary.cpp, line 256]
Event: 589.575 Thread 0x0000020e59064d70 Exception <a 'java/lang/ClassNotFoundException'{0x00000000897376b0}: build_3gps30sw8ac2n36ejfdo9tlq0$_run_closure3Customizer> (0x00000000897376b0) 
thrown [s\open\src\hotspot\share\classfile\systemDictionary.cpp, line 256]
Event: 589.686 Thread 0x0000020e59064d70 Exception <a 'java/lang/NoClassDefFoundError'{0x00000000894be708}: org/jetbrains/kotlin/gradle/plugin/KotlinBasePluginWrapper> (0x00000000894be708) 
thrown [s\open\src\hotspot\share\oops\constantPool.cpp, line 835]
Event: 591.974 Thread 0x0000020e59064d70 Exception <a 'java/lang/ClassNotFoundException'{0x00000000891a11a8}: build_49lknfl9qo5gf5c5g54f8vdbiBeanInfo> (0x00000000891a11a8) 
thrown [s\open\src\hotspot\share\classfile\systemDictionary.cpp, line 256]
Event: 591.975 Thread 0x0000020e59064d70 Exception <a 'java/lang/ClassNotFoundException'{0x00000000891ac3b8}: build_49lknfl9qo5gf5c5g54f8vdbiCustomizer> (0x00000000891ac3b8) 
thrown [s\open\src\hotspot\share\classfile\systemDictionary.cpp, line 256]

VM Operations (20 events):
Event: 575.435 Executing VM operation: HandshakeAllThreads done
Event: 575.496 Executing VM operation: G1CollectForAllocation
Event: 575.502 Executing VM operation: G1CollectForAllocation done
Event: 576.516 Executing VM operation: Cleanup
Event: 576.516 Executing VM operation: Cleanup done
Event: 579.537 Executing VM operation: Cleanup
Event: 579.537 Executing VM operation: Cleanup done
Event: 583.576 Executing VM operation: Cleanup
Event: 583.577 Executing VM operation: Cleanup done
Event: 586.610 Executing VM operation: Cleanup
Event: 586.610 Executing VM operation: Cleanup done
Event: 589.524 Executing VM operation: G1CollectForAllocation
Event: 589.529 Executing VM operation: G1CollectForAllocation done
Event: 590.531 Executing VM operation: Cleanup
Event: 590.531 Executing VM operation: Cleanup done
Event: 591.545 Executing VM operation: Cleanup
Event: 591.561 Executing VM operation: Cleanup done
Event: 591.985 Executing VM operation: G1CollectForAllocation
Event: 591.991 Executing VM operation: G1CollectForAllocation done
Event: 592.280 Executing VM operation: G1Concurrent

Events (20 events):
Event: 520.870 Thread 0x0000020e5e4d0660 Thread added: 0x0000020e5e4d0660
Event: 521.669 Thread 0x0000020e5e4d0660 Thread exited: 0x0000020e5e4d0660
Event: 522.063 Thread 0x0000020e600026a0 Thread added: 0x0000020e600026a0
Event: 522.700 Thread 0x0000020e600026a0 Thread exited: 0x0000020e600026a0
Event: 535.137 Thread 0x0000020e600026a0 Thread added: 0x0000020e600026a0
Event: 540.333 Thread 0x0000020e600026a0 Thread exited: 0x0000020e600026a0
Event: 558.043 Thread 0x0000020e62180010 Thread added: 0x0000020e62180010
Event: 563.416 Thread 0x0000020e62180010 Thread exited: 0x0000020e62180010
Event: 567.940 Thread 0x0000020e5c5f2820 Thread added: 0x0000020e5c5f2820
Event: 569.297 Thread 0x0000020e5c5f2820 Thread exited: 0x0000020e5c5f2820
Event: 575.420 loading class java/net/HttpURLConnection
Event: 575.421 loading class java/net/HttpURLConnection done
Event: 575.421 loading class sun/net/ProgressMonitor
Event: 575.421 loading class sun/net/ProgressMonitor done
Event: 575.421 loading class sun/net/DefaultProgressMeteringPolicy
Event: 575.421 loading class sun/net/ProgressMeteringPolicy
Event: 575.421 loading class sun/net/ProgressMeteringPolicy done
Event: 575.421 loading class sun/net/DefaultProgressMeteringPolicy done
Event: 589.596 Thread 0x0000020e5b072080 Thread added: 0x0000020e5b072080
Event: 591.752 Thread 0x0000020e5b072080 Thread exited: 0x0000020e5b072080


Dynamic libraries:
0x00007ff649ef0000 - 0x00007ff649f00000 	C:\Program Files\Java\jdk-17\bin\java.exe
0x00007ffa90ab0000 - 0x00007ffa90ca8000 	C:\Windows\SYSTEM32\ntdll.dll
0x00007ffa8eeb0000 - 0x00007ffa8ef6f000 	C:\Windows\System32\KERNEL32.DLL
0x00007ffa8e320000 - 0x00007ffa8e616000 	C:\Windows\System32\KERNELBASE.dll
0x00007ffa8ea10000 - 0x00007ffa8eb10000 	C:\Windows\System32\ucrtbase.dll
0x00007ffa714f0000 - 0x00007ffa71509000 	C:\Program Files\Java\jdk-17\bin\jli.dll
0x00007ffa905c0000 - 0x00007ffa9066f000 	C:\Windows\System32\ADVAPI32.dll
0x00007ffa90690000 - 0x00007ffa9072e000 	C:\Windows\System32\msvcrt.dll
0x00007ffa909a0000 - 0x00007ffa90a3c000 	C:\Windows\System32\sechost.dll
0x00007ffa8ebd0000 - 0x00007ffa8ecf6000 	C:\Windows\System32\RPCRT4.dll
0x00007ffa8ed00000 - 0x00007ffa8ee9d000 	C:\Windows\System32\USER32.dll
0x00007ffa8e950000 - 0x00007ffa8e972000 	C:\Windows\System32\win32u.dll
0x00007ffa8fd90000 - 0x00007ffa8fdbc000 	C:\Windows\System32\GDI32.dll
0x00007ffa8e670000 - 0x00007ffa8e785000 	C:\Windows\System32\gdi32full.dll
0x00007ffa8e8b0000 - 0x00007ffa8e94d000 	C:\Windows\System32\msvcp_win.dll
0x00007ffa69870000 - 0x00007ffa6988b000 	C:\Program Files\Java\jdk-17\bin\VCRUNTIME140.dll
0x00007ffa6a860000 - 0x00007ffa6aafa000 	C:\Windows\WinSxS\amd64_microsoft.windows.common-controls_6595b64144ccf1df_6.0.19041.1110_none_60b5254171f9507e\COMCTL32.dll
0x00007ffa85600000 - 0x00007ffa8560a000 	C:\Windows\SYSTEM32\VERSION.dll
0x00007ffa90a40000 - 0x00007ffa90a70000 	C:\Windows\System32\IMM32.DLL
0x00007ffa7f3a0000 - 0x00007ffa7f3ac000 	C:\Program Files\Java\jdk-17\bin\vcruntime140_1.dll
0x00007ffa5b930000 - 0x00007ffa5b9be000 	C:\Program Files\Java\jdk-17\bin\msvcp140.dll
0x00007ff9f6400000 - 0x00007ff9f6fdd000 	C:\Program Files\Java\jdk-17\bin\server\jvm.dll
0x00007ffa8eea0000 - 0x00007ffa8eea8000 	C:\Windows\System32\PSAPI.DLL
0x00007ffa7dea0000 - 0x00007ffa7dea9000 	C:\Windows\SYSTEM32\WSOCK32.dll
0x00007ffa8fcc0000 - 0x00007ffa8fd2b000 	C:\Windows\System32\WS2_32.dll
0x00007ffa62d90000 - 0x00007ffa62db7000 	C:\Windows\SYSTEM32\WINMM.dll
0x00007ffa8c9c0000 - 0x00007ffa8c9d2000 	C:\Windows\SYSTEM32\kernel.appcore.dll
0x00007ffa7ddb0000 - 0x00007ffa7ddba000 	C:\Program Files\Java\jdk-17\bin\jimage.dll
0x00007ffa88d90000 - 0x00007ffa88f74000 	C:\Windows\SYSTEM32\DBGHELP.DLL
0x00007ffa7c6a0000 - 0x00007ffa7c6d4000 	C:\Windows\SYSTEM32\dbgcore.DLL
0x00007ffa8e980000 - 0x00007ffa8ea02000 	C:\Windows\System32\bcryptPrimitives.dll
0x00007ffa66310000 - 0x00007ffa66335000 	C:\Program Files\Java\jdk-17\bin\java.dll
0x00007ffa58170000 - 0x00007ffa58247000 	C:\Program Files\Java\jdk-17\bin\jsvml.dll
0x00007ffa8fdc0000 - 0x00007ffa90504000 	C:\Windows\System32\SHELL32.dll
0x00007ffa8c040000 - 0x00007ffa8c7d3000 	C:\Windows\SYSTEM32\windows.storage.dll
0x00007ffa8eff0000 - 0x00007ffa8f344000 	C:\Windows\System32\combase.dll
0x00007ffa8db00000 - 0x00007ffa8db2e000 	C:\Windows\SYSTEM32\Wldp.dll
0x00007ffa8eb10000 - 0x00007ffa8ebbd000 	C:\Windows\System32\SHCORE.dll
0x00007ffa8fae0000 - 0x00007ffa8fb35000 	C:\Windows\System32\shlwapi.dll
0x00007ffa8e0c0000 - 0x00007ffa8e0e5000 	C:\Windows\SYSTEM32\profapi.dll
0x00007ffa67260000 - 0x00007ffa67279000 	C:\Program Files\Java\jdk-17\bin\net.dll
0x00007ffa83710000 - 0x00007ffa8381a000 	C:\Windows\SYSTEM32\WINHTTP.dll
0x00007ffa8d860000 - 0x00007ffa8d8ca000 	C:\Windows\system32\mswsock.dll
0x00007ffa66bf0000 - 0x00007ffa66c06000 	C:\Program Files\Java\jdk-17\bin\nio.dll
0x00007ffa666a0000 - 0x00007ffa666b8000 	C:\Program Files\Java\jdk-17\bin\zip.dll
0x00007ffa86230000 - 0x00007ffa86240000 	C:\Program Files\Java\jdk-17\bin\verify.dll
0x00007ffa7f460000 - 0x00007ffa7f487000 	C:\Users\ss\.gradle\native\e1d6ef7f7dcc3fd88c89a11ec53ec762bb8ba0a96d01ffa2cd45eb1d1d8dd5c5\windows-amd64\native-platform.dll
0x00007ffa51060000 - 0x00007ffa511a4000 	C:\Users\ss\.gradle\native\5664cfc778a61ccfe75a443a1ab52a65af34e5dc3c78e0209fed803814484fcb\windows-amd64\native-platform-file-events.dll
0x00007ffa86770000 - 0x00007ffa8677a000 	C:\Program Files\Java\jdk-17\bin\management.dll
0x00007ffa857e0000 - 0x00007ffa857eb000 	C:\Program Files\Java\jdk-17\bin\management_ext.dll
0x00007ffa8da50000 - 0x00007ffa8da68000 	C:\Windows\SYSTEM32\CRYPTSP.dll
0x00007ffa8d170000 - 0x00007ffa8d1a4000 	C:\Windows\system32\rsaenh.dll
0x00007ffa8e2f0000 - 0x00007ffa8e317000 	C:\Windows\System32\bcrypt.dll
0x00007ffa8e080000 - 0x00007ffa8e0ae000 	C:\Windows\SYSTEM32\USERENV.dll
0x00007ffa8da70000 - 0x00007ffa8da7c000 	C:\Windows\SYSTEM32\CRYPTBASE.dll
0x00007ffa8d550000 - 0x00007ffa8d58b000 	C:\Windows\SYSTEM32\IPHLPAPI.DLL
0x00007ffa8f350000 - 0x00007ffa8f358000 	C:\Windows\System32\NSI.dll
0x00007ffa83af0000 - 0x00007ffa83b07000 	C:\Windows\SYSTEM32\dhcpcsvc6.DLL
0x00007ffa843e0000 - 0x00007ffa843fd000 	C:\Windows\SYSTEM32\dhcpcsvc.DLL
0x00007ffa8d590000 - 0x00007ffa8d65a000 	C:\Windows\SYSTEM32\DNSAPI.dll
0x00007ffa857d0000 - 0x00007ffa857dd000 	C:\Program Files\Java\jdk-17\bin\sunmscapi.dll
0x00007ffa8e190000 - 0x00007ffa8e2ee000 	C:\Windows\System32\CRYPT32.dll
0x00007ffa8db70000 - 0x00007ffa8db98000 	C:\Windows\SYSTEM32\ncrypt.dll
0x00007ffa8db30000 - 0x00007ffa8db6b000 	C:\Windows\SYSTEM32\NTASN1.dll
0x00007ffa5bc40000 - 0x00007ffa5bc47000 	C:\Windows\system32\wshunix.dll

dbghelp: loaded successfully - version: 4.0.5 - missing functions: none
symbol engine: initialized successfully - sym options: 0x614 - pdb path: .;C:\Program Files\Java\jdk-17\bin;C:\Windows\SYSTEM32;C:\Windows\WinSxS\amd64_microsoft.windows.common-controls_6595b64144ccf1df_6.0.19041.1110_none_60b5254171f9507e;C:\Program Files\Java\jdk-17\bin\server;C:\Users\ss\.gradle\native\e1d6ef7f7dcc3fd88c89a11ec53ec762bb8ba0a96d01ffa2cd45eb1d1d8dd5c5\windows-amd64;C:\Users\ss\.gradle\native\5664cfc778a61ccfe75a443a1ab52a65af34e5dc3c78e0209fed803814484fcb\windows-amd64

VM Arguments:
jvm_args: -XX:MaxMetaspaceSize=512m --add-opens=java.base/java.util=ALL-UNNAMED --add-opens=java.base/java.lang=ALL-UNNAMED --add-opens=java.base/java.lang.invoke=ALL-UNNAMED --add-opens=java.base/java.util=ALL-UNNAMED --add-opens=java.prefs/java.util.prefs=ALL-UNNAMED --add-opens=java.prefs/java.util.prefs=ALL-UNNAMED --add-opens=java.base/java.nio.charset=ALL-UNNAMED --add-opens=java.base/java.net=ALL-UNNAMED --add-opens=java.base/java.util.concurrent.atomic=ALL-UNNAMED -Xmx2048m -Dfile.encoding=windows-1252 -Duser.country=IN -Duser.language=en -Duser.variant 
java_command: org.gradle.launcher.daemon.bootstrap.GradleDaemon 7.3.3
java_class_path (initial): C:\Users\ss\.gradle\wrapper\dists\gradle-7.3.3-all\4295vidhdd9hd3gbjyw1xqxpo\gradle-7.3.3\lib\gradle-launcher-7.3.3.jar
Launcher Type: SUN_STANDARD

[Global flags]
     intx CICompilerCount                          = 3                                         {product} {ergonomic}
   size_t CompressedClassSpaceSize                 = 432013312                                 {product} {ergonomic}
     uint ConcGCThreads                            = 1                                         {product} {ergonomic}
     uint G1ConcRefinementThreads                  = 4                                         {product} {ergonomic}
   size_t G1HeapRegionSize                         = 1048576                                   {product} {ergonomic}
    uintx GCDrainStackTargetSize                   = 64                                        {product} {ergonomic}
   size_t InitialHeapSize                          = 268435456                                 {product} {ergonomic}
   size_t MarkStackSize                            = 4194304                                   {product} {ergonomic}
   size_t MaxHeapSize                              = 2147483648                                {product} {command line}
   size_t MaxMetaspaceSize                         = 536870912                                 {product} {command line}
   size_t MaxNewSize                               = 1287651328                                {product} {ergonomic}
   size_t MinHeapDeltaBytes                        = 1048576                                   {product} {ergonomic}
   size_t MinHeapSize                              = 8388608                                   {product} {ergonomic}
    uintx NonNMethodCodeHeapSize                   = 5832780                                {pd product} {ergonomic}
    uintx NonProfiledCodeHeapSize                  = 122912730                              {pd product} {ergonomic}
    uintx ProfiledCodeHeapSize                     = 122912730                              {pd product} {ergonomic}
    uintx ReservedCodeCacheSize                    = 251658240                              {pd product} {ergonomic}
     bool SegmentedCodeCache                       = true                                      {product} {ergonomic}
   size_t SoftMaxHeapSize                          = 2147483648                             {manageable} {ergonomic}
     bool UseCompressedClassPointers               = true                           {product lp64_product} {ergonomic}
     bool UseCompressedOops                        = true                           {product lp64_product} {ergonomic}
     bool UseG1GC                                  = true                                      {product} {ergonomic}
     bool UseLargePagesIndividualAllocation        = false                                  {pd product} {ergonomic}

Logging:
Log output configuration:
 #0: stdout all=warning uptime,level,tags
 #1: stderr all=off uptime,level,tags

Environment Variables:
CLASSPATH=C:\Users\ss\Desktop\teachers-vision\android\\gradle\wrapper\gradle-wrapper.jar
PATH=C:\Users\ss\Desktop\teachers-vision\android\node_modules\.bin;C:\Users\ss\Desktop\teachers-vision\node_modules\.bin;C:\Users\ss\Desktop\node_modules\.bin;C:\Users\ss\node_modules\.bin;C:\Users\node_modules\.bin;C:\node_modules\.bin;C:\Program Files\nodejs;C:\Users\ss\Desktop\teachers-vision\node_modules\.bin;C:\Users\ss\Desktop\teachers-vision\node_modules\.bin;C:\Users\ss\Desktop\node_modules\.bin;C:\Users\ss\node_modules\.bin;C:\Users\node_modules\.bin;C:\node_modules\.bin;C:\Users\ss\AppData\Roaming\nvm\v16.16.0\node_modules\npm\node_modules\@npmcli\run-script\lib\node-gyp-bin;C:\Users\ss\Desktop\teachers-vision\node_modules\.bin;C:\Users\ss\Desktop\node_modules\.bin;C:\Users\ss\node_modules\.bin;C:\Users\node_modules\.bin;C:\node_modules\.bin;C:\Program Files\nodejs;C:\Users\ss\Desktop\teachers-vision\node_modules\.bin;C:\Users\ss\Desktop\teachers-vision\node_modules\.bin;C:\Users\ss\Desktop\node_modules\.bin;C:\Users\ss\node_modules\.bin;C:\Users\node_modules\.bin;C:\node_modules\.bin;C:\Users\ss\AppData\Roaming\nvm\v16.16.0\node_modules\npm\node_modules\@npmcli\run-script\lib\node-gyp-bin;C:\Program Files\Common Files\Oracle\Java\javapath;C:\Program Files (x86)\Common Files\Oracle\Java\javapath;C:\Program Files\Microsoft\jdk-11.0.18.10-hotspot\bin;C:\Program Files\Microsoft MPI\Bin\;C:\Windows\system32;C:\Windows;C:\Windows\System32\Wbem;C:\Windows\System32\WindowsPowerShell\v1.0\;C:\Windows\System32\OpenSSH\;C:\ProgramData\chocolatey\bin;C:\Users\ss\AppData\Local\Android\Sdk\platform-tools;C:\Program Files\Git\cmd;C:\Program Files\Microsoft SQL Server\150\Tools\Binn\;C:\Program Files (x86)\Microsoft SQL Server\160\Tools\Binn\;C:\Program Files\Microsoft SQL Server\160\Tools\Binn\;C:\Program Files\Microsoft SQL Server\Client SDK\ODBC\170\Tools\Binn\;C:\Program Files\Microsoft SQL Server\160\DTS\Binn\;C:\Program Files\dotnet\;C:\Program Files (x86)\dotnet\;C:\Program Files (x86)\Microsoft SQL Server\160\DTS\Binn\;C:\Program Files (x86)\Microsoft SQL Server\150
USERNAME=ss
LANG=en_US.UTF-8
OS=Windows_NT
PROCESSOR_IDENTIFIER=Intel64 Family 6 Model 142 Stepping 9, GenuineIntel



---------------  S Y S T E M  ---------------

OS:
 Windows 10 , 64 bit Build 19041 (10.0.19041.3155)
OS uptime: 1 days 5:09 hours

CPU: total 4 (initial active 4) (2 cores per cpu, 2 threads per core) family 6 model 142 stepping 9 microcode 0xb4, cx8, cmov, fxsr, ht, mmx, 3dnowpref, sse, sse2, sse3, ssse3, sse4.1, sse4.2, popcnt, lzcnt, tsc, tscinvbit, avx, avx2, aes, erms, clmul, bmi1, bmi2, adx, fma, vzeroupper, clflush, clflushopt

Memory: 4k page, system-wide physical 16263M (377M free)
TotalPageFile size 24565M (AvailPageFile size 4M)
current process WorkingSet (physical memory assigned to process): 367M, peak: 377M
current process commit charge ("private bytes"): 410M, peak: 426M

vm_info: Java HotSpot(TM) 64-Bit Server VM (17.0.7+8-LTS-224) for windows-amd64 JRE (17.0.7+8-LTS-224), built on Feb 28 2023 23:03:02 by "mach5one" with MS VC++ 17.1 (VS2022)

END.
