#
# There is insufficient memory for the Java Runtime Environment to continue.
# Native memory allocation (malloc) failed to allocate 1181696 bytes for Chunk::new
# Possible reasons:
#   The system is out of physical RAM or swap space
#   The process is running with CompressedOops enabled, and the Java Heap may be blocking the growth of the native heap
# Possible solutions:
#   Reduce memory load on the system
#   Increase physical memory or swap space
#   Check if swap backing store is full
#   Decrease Java heap size (-Xmx/-Xms)
#   Decrease number of Java threads
#   Decrease Java thread stack sizes (-Xss)
#   Set larger code cache with -XX:ReservedCodeCacheSize=
#   JVM is running with Unscaled Compressed Oops mode in which the Java heap is
#     placed in the first 4GB address space. The Java Heap base address is the
#     maximum limit for the native heap growth. Please use -XX:HeapBaseMinAddress
#     to set the Java Heap base and to place the Java Heap above 4GB virtual address.
# This output file may be truncated or incomplete.
#
#  Out of Memory Error (arena.cpp:189), pid=24832, tid=15344
#
# JRE version: Java(TM) SE Runtime Environment (17.0.7+8) (build 17.0.7+8-LTS-224)
# Java VM: Java HotSpot(TM) 64-Bit Server VM (17.0.7+8-LTS-224, mixed mode, sharing, tiered, compressed oops, compressed class ptrs, g1 gc, windows-amd64)
# No core dump will be written. Minidumps are not enabled by default on client versions of Windows
#

---------------  S U M M A R Y ------------

Command Line: -XX:MaxMetaspaceSize=512m --add-opens=java.base/java.util=ALL-UNNAMED --add-opens=java.base/java.lang=ALL-UNNAMED --add-opens=java.base/java.lang.invoke=ALL-UNNAMED --add-opens=java.base/java.util=ALL-UNNAMED --add-opens=java.prefs/java.util.prefs=ALL-UNNAMED --add-opens=java.prefs/java.util.prefs=ALL-UNNAMED --add-opens=java.base/java.nio.charset=ALL-UNNAMED --add-opens=java.base/java.net=ALL-UNNAMED --add-opens=java.base/java.util.concurrent.atomic=ALL-UNNAMED -Xmx2048m -Dfile.encoding=windows-1252 -Duser.country=IN -Duser.language=en -Duser.variant org.gradle.launcher.daemon.bootstrap.GradleDaemon 7.3.3

Host: Intel(R) Core(TM) i5-7200U CPU @ 2.50GHz, 4 cores, 15G,  Windows 10 , 64 bit Build 19041 (10.0.19041.3155)
Time: Thu Sep 14 15:20:46 2023 India Standard Time elapsed time: 452.324436 seconds (0d 0h 7m 32s)

---------------  T H R E A D  ---------------

Current thread (0x000001b42891be70):  JavaThread "C2 CompilerThread0" daemon [_thread_in_native, id=15344, stack(0x0000009c6e700000,0x0000009c6e800000)]


Current CompileTask:
C2: 452324 9736 %     4       org.gradle.internal.instantiation.generator.AbstractClassGenerator::inspectType @ 341 (560 bytes)

Stack: [0x0000009c6e700000,0x0000009c6e800000]
Native frames: (J=compiled Java code, j=interpreted, Vv=VM code, C=native code)
V  [jvm.dll+0x676a4a]
V  [jvm.dll+0x7d74f4]
V  [jvm.dll+0x7d8c9e]
V  [jvm.dll+0x7d9303]
V  [jvm.dll+0x2452c5]
V  [jvm.dll+0xaaa2b]
V  [jvm.dll+0xaafcc]
V  [jvm.dll+0x2aac2f]
V  [jvm.dll+0x57f375]
V  [jvm.dll+0x2205f2]
V  [jvm.dll+0x2194b5]
V  [jvm.dll+0x216df9]
V  [jvm.dll+0x1a35e0]
V  [jvm.dll+0x226a6e]
V  [jvm.dll+0x224e15]
V  [jvm.dll+0x78d05c]
V  [jvm.dll+0x78759a]
V  [jvm.dll+0x675875]
C  [ucrtbase.dll+0x21bb2]
C  [KERNEL32.DLL+0x17614]
C  [ntdll.dll+0x526b1]


---------------  P R O C E S S  ---------------

Threads class SMR info:
_java_thread_list=0x000001b42f7f9510, length=85, elements={
0x000001b40af98290, 0x000001b4288f7c20, 0x000001b4288f89a0, 0x000001b428914760,
0x000001b428917030, 0x000001b428918900, 0x000001b42891b1d0, 0x000001b42891be70,
0x000001b42891e9f0, 0x000001b42894e6d0, 0x000001b429498c60, 0x000001b42949a140,
0x000001b42a0dd0e0, 0x000001b42a06a530, 0x000001b4298f7310, 0x000001b42ac8b5c0,
0x000001b42a544630, 0x000001b4294d9830, 0x000001b4294da6a0, 0x000001b4294d9d00,
0x000001b4294d84f0, 0x000001b4294d89c0, 0x000001b4294d71b0, 0x000001b4294da1d0,
0x000001b4294dab70, 0x000001b4294d7b50, 0x000001b4294d8020, 0x000001b4294d8e90,
0x000001b4294d9360, 0x000001b42aa94e10, 0x000001b42aa96150, 0x000001b42aa92c60,
0x000001b42aa90110, 0x000001b42aa97960, 0x000001b42aa90f80, 0x000001b42aa91df0,
0x000001b42aa93fa0, 0x000001b42aa91920, 0x000001b42aa96fc0, 0x000001b42aa92790,
0x000001b42aa93ad0, 0x000001b42aa94470, 0x000001b42aa952e0, 0x000001b42aa97490,
0x000001b42aa96620, 0x000001b42aa96af0, 0x000001b4294d7680, 0x000001b42c6b8a00,
0x000001b42c6b9d40, 0x000001b42c6b9870, 0x000001b42c6b93a0, 0x000001b42c6bc3c0,
0x000001b42c6babb0, 0x000001b42c6b5510, 0x000001b42c6ba210, 0x000001b42c6b59e0,
0x000001b42c6bba20, 0x000001b42c6b76c0, 0x000001b42c6bb080, 0x000001b42c6b8ed0,
0x000001b42c6bc890, 0x000001b42c6ba6e0, 0x000001b42c6b8530, 0x000001b42c6b8060,
0x000001b42c6b6d20, 0x000001b42c6bb550, 0x000001b42c6b6850, 0x000001b42c6b5040,
0x000001b42c6b5eb0, 0x000001b42c6bbef0, 0x000001b42c6b6380, 0x000001b42c6b71f0,
0x000001b42c6b7b90, 0x000001b42cb9cd60, 0x000001b42cb9f3e0, 0x000001b42cb9fd80,
0x000001b42cb9c3c0, 0x000001b42cb9a6e0, 0x000001b42cba0250, 0x000001b42cb98ed0,
0x000001b42cb993a0, 0x000001b42cb99d40, 0x000001b42cb9a210, 0x000001b42cb9ef10,
0x000001b42cb9c890
}

Java Threads: ( => current thread )
  0x000001b40af98290 JavaThread "main" [_thread_blocked, id=29320, stack(0x0000009c6d900000,0x0000009c6da00000)]
  0x000001b4288f7c20 JavaThread "Reference Handler" daemon [_thread_blocked, id=15708, stack(0x0000009c6e100000,0x0000009c6e200000)]
  0x000001b4288f89a0 JavaThread "Finalizer" daemon [_thread_blocked, id=29140, stack(0x0000009c6e200000,0x0000009c6e300000)]
  0x000001b428914760 JavaThread "Signal Dispatcher" daemon [_thread_blocked, id=7136, stack(0x0000009c6e300000,0x0000009c6e400000)]
  0x000001b428917030 JavaThread "Attach Listener" daemon [_thread_blocked, id=16688, stack(0x0000009c6e400000,0x0000009c6e500000)]
  0x000001b428918900 JavaThread "Service Thread" daemon [_thread_blocked, id=19056, stack(0x0000009c6e500000,0x0000009c6e600000)]
  0x000001b42891b1d0 JavaThread "Monitor Deflation Thread" daemon [_thread_blocked, id=16764, stack(0x0000009c6e600000,0x0000009c6e700000)]
=>0x000001b42891be70 JavaThread "C2 CompilerThread0" daemon [_thread_in_native, id=15344, stack(0x0000009c6e700000,0x0000009c6e800000)]
  0x000001b42891e9f0 JavaThread "C1 CompilerThread0" daemon [_thread_blocked, id=23844, stack(0x0000009c6e800000,0x0000009c6e900000)]
  0x000001b42894e6d0 JavaThread "Sweeper thread" daemon [_thread_blocked, id=22916, stack(0x0000009c6e900000,0x0000009c6ea00000)]
  0x000001b429498c60 JavaThread "Common-Cleaner" daemon [_thread_blocked, id=24064, stack(0x0000009c6ea00000,0x0000009c6eb00000)]
  0x000001b42949a140 JavaThread "Notification Thread" daemon [_thread_blocked, id=19836, stack(0x0000009c6eb00000,0x0000009c6ec00000)]
  0x000001b42a0dd0e0 JavaThread "Daemon health stats" [_thread_blocked, id=26080, stack(0x0000009c6f000000,0x0000009c6f100000)]
  0x000001b42a06a530 JavaThread "Incoming local TCP Connector on port 49644" [_thread_in_native, id=18012, stack(0x0000009c6f100000,0x0000009c6f200000)]
  0x000001b4298f7310 JavaThread "Daemon periodic checks" [_thread_blocked, id=30020, stack(0x0000009c6f200000,0x0000009c6f300000)]
  0x000001b42ac8b5c0 JavaThread "Daemon" [_thread_blocked, id=12024, stack(0x0000009c6f300000,0x0000009c6f400000)]
  0x000001b42a544630 JavaThread "Handler for socket connection from /127.0.0.1:49644 to /127.0.0.1:49645" [_thread_in_native, id=21952, stack(0x0000009c6f400000,0x0000009c6f500000)]
  0x000001b4294d9830 JavaThread "Cancel handler" [_thread_blocked, id=10652, stack(0x0000009c6f500000,0x0000009c6f600000)]
  0x000001b4294da6a0 JavaThread "Daemon worker" [_thread_in_Java, id=10564, stack(0x0000009c6f600000,0x0000009c6f700000)]
  0x000001b4294d9d00 JavaThread "Asynchronous log dispatcher for DefaultDaemonConnection: socket connection from /127.0.0.1:49644 to /127.0.0.1:49645" [_thread_blocked, id=22084, stack(0x0000009c6f700000,0x0000009c6f800000)]
  0x000001b4294d84f0 JavaThread "Stdin handler" [_thread_blocked, id=16092, stack(0x0000009c6f800000,0x0000009c6f900000)]
  0x000001b4294d89c0 JavaThread "Daemon client event forwarder" [_thread_blocked, id=3884, stack(0x0000009c6f900000,0x0000009c6fa00000)]
  0x000001b4294d71b0 JavaThread "Cache worker for journal cache (C:\Users\ss\.gradle\caches\journal-1)" [_thread_blocked, id=25420, stack(0x0000009c6fa00000,0x0000009c6fb00000)]
  0x000001b4294da1d0 JavaThread "File lock request listener" [_thread_in_native, id=23608, stack(0x0000009c6fb00000,0x0000009c6fc00000)]
  0x000001b4294dab70 JavaThread "Cache worker for file hash cache (C:\Users\ss\.gradle\caches\7.3.3\fileHashes)" [_thread_blocked, id=28304, stack(0x0000009c6fc00000,0x0000009c6fd00000)]
  0x000001b4294d7b50 JavaThread "Cache worker for file hash cache (C:\Users\ss\Desktop\teachers-vision\android\.gradle\7.3.3\fileHashes)" [_thread_blocked, id=11656, stack(0x0000009c6fe00000,0x0000009c6ff00000)]
  0x000001b4294d8020 JavaThread "File watcher server" daemon [_thread_in_native, id=4680, stack(0x0000009c6ff00000,0x0000009c70000000)]
  0x000001b4294d8e90 JavaThread "File watcher consumer" daemon [_thread_blocked, id=29256, stack(0x0000009c70000000,0x0000009c70100000)]
  0x000001b4294d9360 JavaThread "Cache worker for checksums cache (C:\Users\ss\Desktop\teachers-vision\android\.gradle\7.3.3\checksums)" [_thread_blocked, id=25264, stack(0x0000009c70100000,0x0000009c70200000)]
  0x000001b42aa94e10 JavaThread "Cache worker for cache directory md-supplier (C:\Users\ss\.gradle\caches\7.3.3\md-supplier)" [_thread_blocked, id=8816, stack(0x0000009c70200000,0x0000009c70300000)]
  0x000001b42aa96150 JavaThread "Cache worker for cache directory md-rule (C:\Users\ss\.gradle\caches\7.3.3\md-rule)" [_thread_blocked, id=25128, stack(0x0000009c70300000,0x0000009c70400000)]
  0x000001b42aa92c60 JavaThread "Cache worker for execution history cache (C:\Users\ss\.gradle\caches\7.3.3\executionHistory)" [_thread_blocked, id=2184, stack(0x0000009c70400000,0x0000009c70500000)]
  0x000001b42aa90110 JavaThread "jar transforms" [_thread_blocked, id=27344, stack(0x0000009c70500000,0x0000009c70600000)]
  0x000001b42aa97960 JavaThread "jar transforms Thread 2" [_thread_blocked, id=16044, stack(0x0000009c70600000,0x0000009c70700000)]
  0x000001b42aa90f80 JavaThread "Cache worker for file content cache (C:\Users\ss\.gradle\caches\7.3.3\fileContent)" [_thread_blocked, id=20292, stack(0x0000009c70700000,0x0000009c70800000)]
  0x000001b42aa91df0 JavaThread "jar transforms Thread 3" [_thread_blocked, id=4400, stack(0x0000009c70a00000,0x0000009c70b00000)]
  0x000001b42aa93fa0 JavaThread "jar transforms Thread 4" [_thread_blocked, id=24040, stack(0x0000009c70b00000,0x0000009c70c00000)]
  0x000001b42aa91920 JavaThread "Cache worker for kotlin-dsl (C:\Users\ss\.gradle\caches\7.3.3\kotlin-dsl)" [_thread_blocked, id=25704, stack(0x0000009c6d800000,0x0000009c6d900000)]
  0x000001b42aa96fc0 JavaThread "Cache worker for dependencies-accessors (C:\Users\ss\Desktop\teachers-vision\android\.gradle\7.3.3\dependencies-accessors)" [_thread_blocked, id=15172, stack(0x0000009c6da00000,0x0000009c6db00000)]
  0x000001b42aa92790 JavaThread "Cache worker for Build Output Cleanup Cache (C:\Users\ss\Desktop\teachers-vision\node_modules\react-native-gradle-plugin\.gradle\buildOutputCleanup)" [_thread_blocked, id=10340, stack(0x0000009c70c00000,0x0000009c70d00000)]
  0x000001b42aa93ad0 JavaThread "Unconstrained build operations" [_thread_blocked, id=11484, stack(0x0000009c70d00000,0x0000009c70e00000)]
  0x000001b42aa94470 JavaThread "Unconstrained build operations Thread 2" [_thread_blocked, id=29532, stack(0x0000009c70e00000,0x0000009c70f00000)]
  0x000001b42aa952e0 JavaThread "Unconstrained build operations Thread 3" [_thread_blocked, id=27020, stack(0x0000009c70f00000,0x0000009c71000000)]
  0x000001b42aa97490 JavaThread "Unconstrained build operations Thread 4" [_thread_blocked, id=20272, stack(0x0000009c71000000,0x0000009c71100000)]
  0x000001b42aa96620 JavaThread "Unconstrained build operations Thread 5" [_thread_blocked, id=23352, stack(0x0000009c71100000,0x0000009c71200000)]
  0x000001b42aa96af0 JavaThread "Unconstrained build operations Thread 6" [_thread_blocked, id=6388, stack(0x0000009c71200000,0x0000009c71300000)]
  0x000001b4294d7680 JavaThread "Unconstrained build operations Thread 7" [_thread_blocked, id=25612, stack(0x0000009c71300000,0x0000009c71400000)]
  0x000001b42c6b8a00 JavaThread "Unconstrained build operations Thread 8" [_thread_blocked, id=23388, stack(0x0000009c71400000,0x0000009c71500000)]
  0x000001b42c6b9d40 JavaThread "Unconstrained build operations Thread 9" [_thread_blocked, id=21372, stack(0x0000009c71500000,0x0000009c71600000)]
  0x000001b42c6b9870 JavaThread "Unconstrained build operations Thread 10" [_thread_blocked, id=16444, stack(0x0000009c71600000,0x0000009c71700000)]
  0x000001b42c6b93a0 JavaThread "Unconstrained build operations Thread 11" [_thread_blocked, id=20900, stack(0x0000009c71700000,0x0000009c71800000)]
  0x000001b42c6bc3c0 JavaThread "Unconstrained build operations Thread 12" [_thread_blocked, id=23796, stack(0x0000009c71800000,0x0000009c71900000)]
  0x000001b42c6babb0 JavaThread "Unconstrained build operations Thread 13" [_thread_blocked, id=27500, stack(0x0000009c71900000,0x0000009c71a00000)]
  0x000001b42c6b5510 JavaThread "Unconstrained build operations Thread 14" [_thread_blocked, id=19908, stack(0x0000009c71a00000,0x0000009c71b00000)]
  0x000001b42c6ba210 JavaThread "Unconstrained build operations Thread 15" [_thread_blocked, id=25188, stack(0x0000009c71b00000,0x0000009c71c00000)]
  0x000001b42c6b59e0 JavaThread "Unconstrained build operations Thread 16" [_thread_blocked, id=27264, stack(0x0000009c71c00000,0x0000009c71d00000)]
  0x000001b42c6bba20 JavaThread "Unconstrained build operations Thread 17" [_thread_blocked, id=25688, stack(0x0000009c71d00000,0x0000009c71e00000)]
  0x000001b42c6b76c0 JavaThread "Unconstrained build operations Thread 18" [_thread_blocked, id=15512, stack(0x0000009c71e00000,0x0000009c71f00000)]
  0x000001b42c6bb080 JavaThread "Unconstrained build operations Thread 19" [_thread_blocked, id=11360, stack(0x0000009c71f00000,0x0000009c72000000)]
  0x000001b42c6b8ed0 JavaThread "Unconstrained build operations Thread 20" [_thread_blocked, id=26232, stack(0x0000009c72000000,0x0000009c72100000)]
  0x000001b42c6bc890 JavaThread "Unconstrained build operations Thread 21" [_thread_blocked, id=28924, stack(0x0000009c72100000,0x0000009c72200000)]
  0x000001b42c6ba6e0 JavaThread "Unconstrained build operations Thread 22" [_thread_blocked, id=7148, stack(0x0000009c72200000,0x0000009c72300000)]
  0x000001b42c6b8530 JavaThread "Unconstrained build operations Thread 23" [_thread_blocked, id=26492, stack(0x0000009c72300000,0x0000009c72400000)]
  0x000001b42c6b8060 JavaThread "Unconstrained build operations Thread 24" [_thread_blocked, id=30072, stack(0x0000009c72400000,0x0000009c72500000)]
  0x000001b42c6b6d20 JavaThread "Unconstrained build operations Thread 25" [_thread_blocked, id=18652, stack(0x0000009c72500000,0x0000009c72600000)]
  0x000001b42c6bb550 JavaThread "Unconstrained build operations Thread 26" [_thread_blocked, id=18716, stack(0x0000009c72600000,0x0000009c72700000)]
  0x000001b42c6b6850 JavaThread "Unconstrained build operations Thread 27" [_thread_blocked, id=26168, stack(0x0000009c72700000,0x0000009c72800000)]
  0x000001b42c6b5040 JavaThread "Unconstrained build operations Thread 28" [_thread_blocked, id=6072, stack(0x0000009c72800000,0x0000009c72900000)]
  0x000001b42c6b5eb0 JavaThread "Unconstrained build operations Thread 29" [_thread_blocked, id=5200, stack(0x0000009c72900000,0x0000009c72a00000)]
  0x000001b42c6bbef0 JavaThread "Unconstrained build operations Thread 30" [_thread_blocked, id=21600, stack(0x0000009c72a00000,0x0000009c72b00000)]
  0x000001b42c6b6380 JavaThread "Unconstrained build operations Thread 31" [_thread_blocked, id=7948, stack(0x0000009c72b00000,0x0000009c72c00000)]
  0x000001b42c6b71f0 JavaThread "Unconstrained build operations Thread 32" [_thread_blocked, id=23192, stack(0x0000009c72c00000,0x0000009c72d00000)]
  0x000001b42c6b7b90 JavaThread "Unconstrained build operations Thread 33" [_thread_blocked, id=24752, stack(0x0000009c72d00000,0x0000009c72e00000)]
  0x000001b42cb9cd60 JavaThread "build event listener" [_thread_blocked, id=15600, stack(0x0000009c72e00000,0x0000009c72f00000)]
  0x000001b42cb9f3e0 JavaThread "Memory manager" [_thread_blocked, id=21424, stack(0x0000009c72f00000,0x0000009c73000000)]
  0x000001b42cb9fd80 JavaThread "Cache worker for Build Output Cleanup Cache (C:\Users\ss\Desktop\teachers-vision\android\.gradle\buildOutputCleanup)" [_thread_blocked, id=30716, stack(0x0000009c73000000,0x0000009c73100000)]
  0x000001b42cb9c3c0 JavaThread "Cache worker for execution history cache (C:\Users\ss\Desktop\teachers-vision\node_modules\react-native-gradle-plugin\.gradle\7.3.3\executionHistory)" [_thread_blocked, id=28060, stack(0x0000009c73500000,0x0000009c73600000)]
  0x000001b42cb9a6e0 JavaThread "Unconstrained build operations Thread 34" [_thread_blocked, id=29964, stack(0x0000009c73600000,0x0000009c73700000)]
  0x000001b42cba0250 JavaThread "Unconstrained build operations Thread 35" [_thread_blocked, id=2276, stack(0x0000009c73700000,0x0000009c73800000)]
  0x000001b42cb98ed0 JavaThread "Unconstrained build operations Thread 36" [_thread_blocked, id=30168, stack(0x0000009c73800000,0x0000009c73900000)]
  0x000001b42cb993a0 JavaThread "Unconstrained build operations Thread 37" [_thread_blocked, id=20288, stack(0x0000009c73900000,0x0000009c73a00000)]
  0x000001b42cb99d40 JavaThread "Unconstrained build operations Thread 38" [_thread_blocked, id=28216, stack(0x0000009c73a00000,0x0000009c73b00000)]
  0x000001b42cb9a210 JavaThread "Unconstrained build operations Thread 39" [_thread_blocked, id=28756, stack(0x0000009c73b00000,0x0000009c73c00000)]
  0x000001b42cb9ef10 JavaThread "Unconstrained build operations Thread 40" [_thread_blocked, id=18360, stack(0x0000009c73c00000,0x0000009c73d00000)]
  0x000001b42cb9c890 JavaThread "File lock release action executor Thread 5" [_thread_blocked, id=22180, stack(0x0000009c6fd00000,0x0000009c6fe00000)]

Other Threads:
  0x000001b4288f3580 VMThread "VM Thread" [stack: 0x0000009c6e000000,0x0000009c6e100000] [id=29300]
  0x000001b4294a0630 WatcherThread [stack: 0x0000009c6ec00000,0x0000009c6ed00000] [id=28692]
  0x000001b40aff0380 GCTaskThread "GC Thread#0" [stack: 0x0000009c6db00000,0x0000009c6dc00000] [id=24740]
  0x000001b4295a4560 GCTaskThread "GC Thread#1" [stack: 0x0000009c6ed00000,0x0000009c6ee00000] [id=18376]
  0x000001b4295a4810 GCTaskThread "GC Thread#2" [stack: 0x0000009c6ee00000,0x0000009c6ef00000] [id=23284]
  0x000001b4299a63f0 GCTaskThread "GC Thread#3" [stack: 0x0000009c6ef00000,0x0000009c6f000000] [id=19984]
  0x000001b40b0011d0 ConcurrentGCThread "G1 Main Marker" [stack: 0x0000009c6dc00000,0x0000009c6dd00000] [id=24540]
  0x000001b40b001af0 ConcurrentGCThread "G1 Conc#0" [stack: 0x0000009c6dd00000,0x0000009c6de00000] [id=21620]
  0x000001b4287ae130 ConcurrentGCThread "G1 Refine#0" [stack: 0x0000009c6de00000,0x0000009c6df00000] [id=17136]
  0x000001b4287ae960 ConcurrentGCThread "G1 Service" [stack: 0x0000009c6df00000,0x0000009c6e000000] [id=23128]

Threads with active compile tasks:
C2 CompilerThread0   452390 9736 %     4       org.gradle.internal.instantiation.generator.AbstractClassGenerator::inspectType @ 341 (560 bytes)

VM state: not at safepoint (normal execution)

VM Mutex/Monitor currently owned by a thread:  ([mutex/lock_event])
[0x000001b40af84b60] Metaspace_lock - owner thread: 0x000001b4294da6a0

Heap address: 0x0000000080000000, size: 2048 MB, Compressed Oops mode: 32-bit

CDS archive(s) mapped at: [0x0000000800000000-0x0000000800bd0000-0x0000000800bd0000), size 12386304, SharedBaseAddress: 0x0000000800000000, ArchiveRelocationMode: 0.
Compressed class space mapped at: 0x0000000800c00000-0x000000081a800000, reserved size: 432013312
Narrow klass base: 0x0000000800000000, Narrow klass shift: 0, Narrow klass range: 0x100000000

GC Precious Log:
 CPUs: 4 total, 4 available
 Memory: 16263M
 Large Page Support: Disabled
 NUMA Support: Disabled
 Compressed Oops: Enabled (32-bit)
 Heap Region Size: 1M
 Heap Min Capacity: 8M
 Heap Initial Capacity: 256M
 Heap Max Capacity: 2G
 Pre-touch: Disabled
 Parallel Workers: 4
 Concurrent Workers: 1
 Concurrent Refinement Workers: 4
 Periodic GC: Disabled

Heap:
 garbage-first heap   total 117760K, used 81977K [0x0000000080000000, 0x0000000100000000)
  region size 1024K, 11 young (11264K), 1 survivors (1024K)
 Metaspace       used 70232K, committed 70912K, reserved 487424K
  class space    used 9471K, committed 9792K, reserved 421888K

Heap Regions: E=young(eden), S=young(survivor), O=old, HS=humongous(starts), HC=humongous(continues), CS=collection set, F=free, OA=open archive, CA=closed archive, TAMS=top-at-mark-start (previous, next)
|   0|0x0000000080000000, 0x0000000080100000, 0x0000000080100000|100%|HS|  |TAMS 0x0000000080100000, 0x0000000080000000| Complete 
|   1|0x0000000080100000, 0x0000000080200000, 0x0000000080200000|100%|HC|  |TAMS 0x0000000080200000, 0x0000000080100000| Complete 
|   2|0x0000000080200000, 0x0000000080300000, 0x0000000080300000|100%|HC|  |TAMS 0x0000000080300000, 0x0000000080200000| Complete 
|   3|0x0000000080300000, 0x0000000080400000, 0x0000000080400000|100%| O|  |TAMS 0x0000000080400000, 0x0000000080300000| Untracked 
|   4|0x0000000080400000, 0x0000000080500000, 0x0000000080500000|100%| O|  |TAMS 0x0000000080500000, 0x0000000080400000| Untracked 
|   5|0x0000000080500000, 0x0000000080600000, 0x0000000080600000|100%| O|  |TAMS 0x0000000080600000, 0x0000000080500000| Untracked 
|   6|0x0000000080600000, 0x0000000080700000, 0x0000000080700000|100%| O|  |TAMS 0x0000000080700000, 0x0000000080600000| Untracked 
|   7|0x0000000080700000, 0x0000000080800000, 0x0000000080800000|100%| O|  |TAMS 0x0000000080800000, 0x0000000080700000| Untracked 
|   8|0x0000000080800000, 0x0000000080900000, 0x0000000080900000|100%| O|  |TAMS 0x0000000080900000, 0x0000000080800000| Untracked 
|   9|0x0000000080900000, 0x0000000080a00000, 0x0000000080a00000|100%| O|  |TAMS 0x0000000080a00000, 0x0000000080900000| Untracked 
|  10|0x0000000080a00000, 0x0000000080b00000, 0x0000000080b00000|100%| O|  |TAMS 0x0000000080a00000, 0x0000000080a00000| Untracked 
|  11|0x0000000080b00000, 0x0000000080c00000, 0x0000000080c00000|100%| O|  |TAMS 0x0000000080c00000, 0x0000000080b00000| Untracked 
|  12|0x0000000080c00000, 0x0000000080d00000, 0x0000000080d00000|100%| O|  |TAMS 0x0000000080d00000, 0x0000000080c00000| Untracked 
|  13|0x0000000080d00000, 0x0000000080e00000, 0x0000000080e00000|100%| O|  |TAMS 0x0000000080e00000, 0x0000000080d00000| Untracked 
|  14|0x0000000080e00000, 0x0000000080f00000, 0x0000000080f00000|100%| O|  |TAMS 0x0000000080f00000, 0x0000000080e00000| Untracked 
|  15|0x0000000080f00000, 0x0000000081000000, 0x0000000081000000|100%| O|  |TAMS 0x0000000081000000, 0x0000000080f00000| Untracked 
|  16|0x0000000081000000, 0x0000000081100000, 0x0000000081100000|100%| O|  |TAMS 0x0000000081100000, 0x0000000081000000| Untracked 
|  17|0x0000000081100000, 0x0000000081200000, 0x0000000081200000|100%| O|  |TAMS 0x0000000081200000, 0x0000000081100000| Untracked 
|  18|0x0000000081200000, 0x0000000081300000, 0x0000000081300000|100%| O|  |TAMS 0x0000000081300000, 0x0000000081200000| Untracked 
|  19|0x0000000081300000, 0x0000000081400000, 0x0000000081400000|100%| O|  |TAMS 0x0000000081400000, 0x0000000081300000| Untracked 
|  20|0x0000000081400000, 0x0000000081500000, 0x0000000081500000|100%| O|  |TAMS 0x0000000081500000, 0x0000000081400000| Untracked 
|  21|0x0000000081500000, 0x0000000081600000, 0x0000000081600000|100%| O|  |TAMS 0x0000000081600000, 0x0000000081500000| Untracked 
|  22|0x0000000081600000, 0x0000000081700000, 0x0000000081700000|100%| O|  |TAMS 0x0000000081700000, 0x0000000081600000| Untracked 
|  23|0x0000000081700000, 0x0000000081800000, 0x0000000081800000|100%| O|  |TAMS 0x0000000081800000, 0x0000000081700000| Untracked 
|  24|0x0000000081800000, 0x0000000081900000, 0x0000000081900000|100%| O|  |TAMS 0x0000000081900000, 0x0000000081800000| Untracked 
|  25|0x0000000081900000, 0x0000000081a00000, 0x0000000081a00000|100%| O|  |TAMS 0x0000000081a00000, 0x0000000081900000| Untracked 
|  26|0x0000000081a00000, 0x0000000081b00000, 0x0000000081b00000|100%| O|  |TAMS 0x0000000081b00000, 0x0000000081a00000| Untracked 
|  27|0x0000000081b00000, 0x0000000081c00000, 0x0000000081c00000|100%| O|  |TAMS 0x0000000081c00000, 0x0000000081b00000| Untracked 
|  28|0x0000000081c00000, 0x0000000081d00000, 0x0000000081d00000|100%| O|  |TAMS 0x0000000081d00000, 0x0000000081c00000| Untracked 
|  29|0x0000000081d00000, 0x0000000081e00000, 0x0000000081e00000|100%| O|  |TAMS 0x0000000081e00000, 0x0000000081d00000| Untracked 
|  30|0x0000000081e00000, 0x0000000081f00000, 0x0000000081f00000|100%| O|  |TAMS 0x0000000081f00000, 0x0000000081e00000| Untracked 
|  31|0x0000000081f00000, 0x0000000082000000, 0x0000000082000000|100%| O|  |TAMS 0x0000000082000000, 0x0000000081f00000| Untracked 
|  32|0x0000000082000000, 0x0000000082100000, 0x0000000082100000|100%| O|  |TAMS 0x0000000082100000, 0x0000000082000000| Untracked 
|  33|0x0000000082100000, 0x0000000082200000, 0x0000000082200000|100%| O|  |TAMS 0x0000000082200000, 0x0000000082100000| Untracked 
|  34|0x0000000082200000, 0x0000000082300000, 0x0000000082300000|100%|HS|  |TAMS 0x0000000082300000, 0x0000000082200000| Complete 
|  35|0x0000000082300000, 0x0000000082400000, 0x0000000082400000|100%|HS|  |TAMS 0x0000000082400000, 0x0000000082300000| Complete 
|  36|0x0000000082400000, 0x0000000082500000, 0x0000000082500000|100%|HC|  |TAMS 0x0000000082500000, 0x0000000082400000| Complete 
|  37|0x0000000082500000, 0x0000000082600000, 0x0000000082600000|100%|HC|  |TAMS 0x0000000082600000, 0x0000000082500000| Complete 
|  38|0x0000000082600000, 0x0000000082700000, 0x0000000082700000|100%| O|  |TAMS 0x0000000082700000, 0x0000000082600000| Untracked 
|  39|0x0000000082700000, 0x0000000082800000, 0x0000000082800000|100%| O|  |TAMS 0x0000000082800000, 0x0000000082700000| Untracked 
|  40|0x0000000082800000, 0x0000000082900000, 0x0000000082900000|100%| O|  |TAMS 0x0000000082900000, 0x0000000082800000| Untracked 
|  41|0x0000000082900000, 0x0000000082a00000, 0x0000000082a00000|100%| O|  |TAMS 0x0000000082a00000, 0x0000000082900000| Untracked 
|  42|0x0000000082a00000, 0x0000000082b00000, 0x0000000082b00000|100%| O|  |TAMS 0x0000000082b00000, 0x0000000082a00000| Untracked 
|  43|0x0000000082b00000, 0x0000000082c00000, 0x0000000082c00000|100%| O|  |TAMS 0x0000000082c00000, 0x0000000082b00000| Untracked 
|  44|0x0000000082c00000, 0x0000000082d00000, 0x0000000082d00000|100%| O|  |TAMS 0x0000000082d00000, 0x0000000082c00000| Untracked 
|  45|0x0000000082d00000, 0x0000000082e00000, 0x0000000082e00000|100%| O|  |TAMS 0x0000000082e00000, 0x0000000082d00000| Untracked 
|  46|0x0000000082e00000, 0x0000000082f00000, 0x0000000082f00000|100%| O|  |TAMS 0x0000000082f00000, 0x0000000082e00000| Untracked 
|  47|0x0000000082f00000, 0x0000000083000000, 0x0000000083000000|100%| O|  |TAMS 0x0000000082ff2a00, 0x0000000082f00000| Untracked 
|  48|0x0000000083000000, 0x0000000083000000, 0x0000000083100000|  0%| F|  |TAMS 0x0000000083000000, 0x0000000083000000| Untracked 
|  49|0x0000000083100000, 0x0000000083200000, 0x0000000083200000|100%| O|  |TAMS 0x0000000083200000, 0x0000000083100000| Untracked 
|  50|0x0000000083200000, 0x0000000083300000, 0x0000000083300000|100%| O|  |TAMS 0x0000000083300000, 0x0000000083200000| Untracked 
|  51|0x0000000083300000, 0x0000000083400000, 0x0000000083400000|100%| O|  |TAMS 0x0000000083400000, 0x0000000083300000| Untracked 
|  52|0x0000000083400000, 0x0000000083500000, 0x0000000083500000|100%| O|  |TAMS 0x0000000083500000, 0x0000000083400000| Untracked 
|  53|0x0000000083500000, 0x0000000083600000, 0x0000000083600000|100%| O|  |TAMS 0x0000000083600000, 0x0000000083500000| Untracked 
|  54|0x0000000083600000, 0x0000000083700000, 0x0000000083700000|100%| O|  |TAMS 0x0000000083700000, 0x0000000083600000| Untracked 
|  55|0x0000000083700000, 0x0000000083800000, 0x0000000083800000|100%|HS|  |TAMS 0x0000000083800000, 0x0000000083700000| Complete 
|  56|0x0000000083800000, 0x0000000083900000, 0x0000000083900000|100%|HS|  |TAMS 0x0000000083900000, 0x0000000083800000| Complete 
|  57|0x0000000083900000, 0x0000000083a00000, 0x0000000083a00000|100%|HS|  |TAMS 0x0000000083a00000, 0x0000000083900000| Complete 
|  58|0x0000000083a00000, 0x0000000083b00000, 0x0000000083b00000|100%|HS|  |TAMS 0x0000000083b00000, 0x0000000083a00000| Complete 
|  59|0x0000000083b00000, 0x0000000083c00000, 0x0000000083c00000|100%|HC|  |TAMS 0x0000000083c00000, 0x0000000083b00000| Complete 
|  60|0x0000000083c00000, 0x0000000083d00000, 0x0000000083d00000|100%| O|  |TAMS 0x0000000083d00000, 0x0000000083c00000| Untracked 
|  61|0x0000000083d00000, 0x0000000083e00000, 0x0000000083e00000|100%| O|  |TAMS 0x0000000083e00000, 0x0000000083d00000| Untracked 
|  62|0x0000000083e00000, 0x0000000083f00000, 0x0000000083f00000|100%| O|  |TAMS 0x0000000083f00000, 0x0000000083e00000| Untracked 
|  63|0x0000000083f00000, 0x0000000084000000, 0x0000000084000000|100%| O|  |TAMS 0x0000000084000000, 0x0000000083f00000| Untracked 
|  64|0x0000000084000000, 0x0000000084100000, 0x0000000084100000|100%| O|  |TAMS 0x0000000084100000, 0x0000000084000000| Untracked 
|  65|0x0000000084100000, 0x0000000084200000, 0x0000000084200000|100%| O|  |TAMS 0x0000000084200000, 0x0000000084100000| Untracked 
|  66|0x0000000084200000, 0x0000000084300000, 0x0000000084300000|100%| O|  |TAMS 0x0000000084300000, 0x0000000084200000| Untracked 
|  67|0x0000000084300000, 0x0000000084400000, 0x0000000084400000|100%| O|  |TAMS 0x0000000084300000, 0x0000000084300000| Untracked 
|  68|0x0000000084400000, 0x0000000084500000, 0x0000000084500000|100%| O|  |TAMS 0x0000000084400000, 0x0000000084400000| Untracked 
|  69|0x0000000084500000, 0x0000000084600000, 0x0000000084600000|100%| O|  |TAMS 0x0000000084500000, 0x0000000084500000| Untracked 
|  70|0x0000000084600000, 0x0000000084700000, 0x0000000084700000|100%| O|  |TAMS 0x0000000084600000, 0x0000000084600000| Untracked 
|  71|0x0000000084700000, 0x0000000084769200, 0x0000000084800000| 41%| O|  |TAMS 0x0000000084700000, 0x0000000084700000| Untracked 
|  72|0x0000000084800000, 0x0000000084800000, 0x0000000084900000|  0%| F|  |TAMS 0x0000000084800000, 0x0000000084800000| Untracked 
|  73|0x0000000084900000, 0x0000000084900000, 0x0000000084a00000|  0%| F|  |TAMS 0x0000000084900000, 0x0000000084900000| Untracked 
|  74|0x0000000084a00000, 0x0000000084a00000, 0x0000000084b00000|  0%| F|  |TAMS 0x0000000084a00000, 0x0000000084a00000| Untracked 
|  75|0x0000000084b00000, 0x0000000084b00000, 0x0000000084c00000|  0%| F|  |TAMS 0x0000000084b00000, 0x0000000084b00000| Untracked 
|  76|0x0000000084c00000, 0x0000000084c00000, 0x0000000084d00000|  0%| F|  |TAMS 0x0000000084c00000, 0x0000000084c00000| Untracked 
|  77|0x0000000084d00000, 0x0000000084d00000, 0x0000000084e00000|  0%| F|  |TAMS 0x0000000084d00000, 0x0000000084d00000| Untracked 
|  78|0x0000000084e00000, 0x0000000084e00000, 0x0000000084f00000|  0%| F|  |TAMS 0x0000000084e00000, 0x0000000084e00000| Untracked 
|  79|0x0000000084f00000, 0x0000000084f00000, 0x0000000085000000|  0%| F|  |TAMS 0x0000000084f00000, 0x0000000084f00000| Untracked 
|  80|0x0000000085000000, 0x0000000085000000, 0x0000000085100000|  0%| F|  |TAMS 0x0000000085000000, 0x0000000085000000| Untracked 
|  81|0x0000000085100000, 0x0000000085100000, 0x0000000085200000|  0%| F|  |TAMS 0x0000000085100000, 0x0000000085100000| Untracked 
|  82|0x0000000085200000, 0x0000000085200000, 0x0000000085300000|  0%| F|  |TAMS 0x0000000085200000, 0x0000000085200000| Untracked 
|  83|0x0000000085300000, 0x0000000085300000, 0x0000000085400000|  0%| F|  |TAMS 0x0000000085300000, 0x0000000085300000| Untracked 
|  84|0x0000000085400000, 0x0000000085400000, 0x0000000085500000|  0%| F|  |TAMS 0x0000000085400000, 0x0000000085400000| Untracked 
|  85|0x0000000085500000, 0x0000000085500000, 0x0000000085600000|  0%| F|  |TAMS 0x0000000085500000, 0x0000000085500000| Untracked 
|  86|0x0000000085600000, 0x0000000085600000, 0x0000000085700000|  0%| F|  |TAMS 0x0000000085600000, 0x0000000085600000| Untracked 
|  87|0x0000000085700000, 0x0000000085700000, 0x0000000085800000|  0%| F|  |TAMS 0x0000000085700000, 0x0000000085700000| Untracked 
|  88|0x0000000085800000, 0x0000000085800000, 0x0000000085900000|  0%| F|  |TAMS 0x0000000085800000, 0x0000000085800000| Untracked 
|  89|0x0000000085900000, 0x0000000085900000, 0x0000000085a00000|  0%| F|  |TAMS 0x0000000085900000, 0x0000000085900000| Untracked 
|  90|0x0000000085a00000, 0x0000000085a00000, 0x0000000085b00000|  0%| F|  |TAMS 0x0000000085a00000, 0x0000000085a00000| Untracked 
|  91|0x0000000085b00000, 0x0000000085b00000, 0x0000000085c00000|  0%| F|  |TAMS 0x0000000085b00000, 0x0000000085b00000| Untracked 
|  92|0x0000000085c00000, 0x0000000085c00000, 0x0000000085d00000|  0%| F|  |TAMS 0x0000000085c00000, 0x0000000085c00000| Untracked 
|  93|0x0000000085d00000, 0x0000000085d00000, 0x0000000085e00000|  0%| F|  |TAMS 0x0000000085d00000, 0x0000000085d00000| Untracked 
|  94|0x0000000085e00000, 0x0000000085e00000, 0x0000000085f00000|  0%| F|  |TAMS 0x0000000085e00000, 0x0000000085e00000| Untracked 
|  95|0x0000000085f00000, 0x0000000085f00000, 0x0000000086000000|  0%| F|  |TAMS 0x0000000085f00000, 0x0000000085f00000| Untracked 
|  96|0x0000000086000000, 0x0000000086000000, 0x0000000086100000|  0%| F|  |TAMS 0x0000000086000000, 0x0000000086000000| Untracked 
|  97|0x0000000086100000, 0x0000000086100000, 0x0000000086200000|  0%| F|  |TAMS 0x0000000086100000, 0x0000000086100000| Untracked 
|  98|0x0000000086200000, 0x0000000086200000, 0x0000000086300000|  0%| F|  |TAMS 0x0000000086200000, 0x0000000086200000| Untracked 
|  99|0x0000000086300000, 0x0000000086300000, 0x0000000086400000|  0%| F|  |TAMS 0x0000000086300000, 0x0000000086300000| Untracked 
| 100|0x0000000086400000, 0x0000000086400000, 0x0000000086500000|  0%| F|  |TAMS 0x0000000086400000, 0x0000000086400000| Untracked 
| 101|0x0000000086500000, 0x0000000086500000, 0x0000000086600000|  0%| F|  |TAMS 0x0000000086500000, 0x0000000086500000| Untracked 
| 102|0x0000000086600000, 0x0000000086600000, 0x0000000086700000|  0%| F|  |TAMS 0x0000000086600000, 0x0000000086600000| Untracked 
| 142|0x0000000088e00000, 0x0000000088e00000, 0x0000000088f00000|  0%| F|  |TAMS 0x0000000088e00000, 0x0000000088e00000| Untracked 
| 143|0x0000000088f00000, 0x0000000088f6d8f0, 0x0000000089000000| 42%| E|  |TAMS 0x0000000088f00000, 0x0000000088f00000| Complete 
| 144|0x0000000089000000, 0x0000000089100000, 0x0000000089100000|100%| E|CS|TAMS 0x0000000089000000, 0x0000000089000000| Complete 
| 145|0x0000000089100000, 0x0000000089200000, 0x0000000089200000|100%| E|CS|TAMS 0x0000000089100000, 0x0000000089100000| Complete 
| 146|0x0000000089200000, 0x0000000089300000, 0x0000000089300000|100%| E|CS|TAMS 0x0000000089200000, 0x0000000089200000| Complete 
| 147|0x0000000089300000, 0x0000000089400000, 0x0000000089400000|100%| E|CS|TAMS 0x0000000089300000, 0x0000000089300000| Complete 
| 148|0x0000000089400000, 0x0000000089500000, 0x0000000089500000|100%| E|CS|TAMS 0x0000000089400000, 0x0000000089400000| Complete 
| 149|0x0000000089500000, 0x0000000089600000, 0x0000000089600000|100%| E|CS|TAMS 0x0000000089500000, 0x0000000089500000| Complete 
| 150|0x0000000089600000, 0x0000000089700000, 0x0000000089700000|100%| E|CS|TAMS 0x0000000089600000, 0x0000000089600000| Complete 
| 151|0x0000000089700000, 0x0000000089800000, 0x0000000089800000|100%| E|CS|TAMS 0x0000000089700000, 0x0000000089700000| Complete 
| 152|0x0000000089800000, 0x00000000898a5360, 0x0000000089900000| 64%| S|CS|TAMS 0x0000000089800000, 0x0000000089800000| Complete 
| 255|0x000000008ff00000, 0x0000000090000000, 0x0000000090000000|100%| E|CS|TAMS 0x000000008ff00000, 0x000000008ff00000| Complete 

Card table byte_map: [0x000001b421c20000,0x000001b422020000] _byte_map_base: 0x000001b421820000

Marking Bits (Prev, Next): (CMBitMap*) 0x000001b40aff08a0, (CMBitMap*) 0x000001b40aff08e0
 Prev Bits: [0x000001b422420000, 0x000001b424420000)
 Next Bits: [0x000001b424420000, 0x000001b426420000)

Polling page: 0x000001b408de0000

Metaspace:

Usage:
  Non-class:     59.34 MB used.
      Class:      9.25 MB used.
       Both:     68.59 MB used.

Virtual space:
  Non-class space:       64.00 MB reserved,      59.69 MB ( 93%) committed,  8 nodes.
      Class space:      412.00 MB reserved,       9.56 MB (  2%) committed,  1 nodes.
             Both:      476.00 MB reserved,      69.25 MB ( 15%) committed. 

Chunk freelists:
   Non-Class:  3.55 MB
       Class:  2.41 MB
        Both:  5.95 MB

MaxMetaspaceSize: 512.00 MB
CompressedClassSpaceSize: 412.00 MB
Initial GC threshold: 21.00 MB
Current GC threshold: 108.69 MB
CDS: on
MetaspaceReclaimPolicy: balanced
 - commit_granule_bytes: 65536.
 - commit_granule_words: 8192.
 - virtual_space_node_default_size: 1048576.
 - enlarge_chunks_in_place: 1.
 - new_chunks_are_fully_committed: 0.
 - uncommit_free_chunks: 1.
 - use_allocation_guard: 0.
 - handle_deallocations: 1.


Internal statistics:

num_allocs_failed_limit: 6.
num_arena_births: 896.
num_arena_deaths: 0.
num_vsnodes_births: 9.
num_vsnodes_deaths: 0.
num_space_committed: 1108.
num_space_uncommitted: 0.
num_chunks_returned_to_freelist: 6.
num_chunks_taken_from_freelist: 3637.
num_chunk_merges: 6.
num_chunk_splits: 2443.
num_chunks_enlarged: 1659.
num_purges: 0.
num_inconsistent_stats: 0.

CodeHeap 'non-profiled nmethods': size=120000Kb used=5328Kb max_used=5328Kb free=114671Kb
 bounds [0x000001b41a2f0000, 0x000001b41a830000, 0x000001b421820000]
CodeHeap 'profiled nmethods': size=120000Kb used=18194Kb max_used=18194Kb free=101805Kb
 bounds [0x000001b412820000, 0x000001b4139f0000, 0x000001b419d50000]
CodeHeap 'non-nmethods': size=5760Kb used=2377Kb max_used=2453Kb free=3382Kb
 bounds [0x000001b419d50000, 0x000001b419fc0000, 0x000001b41a2f0000]
 total_blobs=9804 nmethods=8895 adapters=821
 compilation: enabled
              stopped_count=0, restarted_count=0
 full_count=0

Compilation events (20 events):
Event: 452.184 Thread 0x000001b42891e9f0 nmethod 9729 0x000001b4139dc910 code [0x000001b4139dcde0, 0x000001b4139df8a8]
Event: 452.184 Thread 0x000001b42891e9f0 9730       3       org.objectweb.asm.Type::getInternalName (16 bytes)
Event: 452.184 Thread 0x000001b42891e9f0 nmethod 9730 0x000001b4139e0890 code [0x000001b4139e0a40, 0x000001b4139e0b88]
Event: 452.184 Thread 0x000001b42891e9f0 9732       1       org.objectweb.asm.SymbolTable::getMajorVersion (5 bytes)
Event: 452.184 Thread 0x000001b42891e9f0 nmethod 9732 0x000001b41a823c10 code [0x000001b41a823da0, 0x000001b41a823e78]
Event: 452.184 Thread 0x000001b42891e9f0 9731       1       com.android.build.gradle.internal.dsl.decorator.DslDecorator$ManagedProperty::getBackingFieldName (5 bytes)
Event: 452.184 Thread 0x000001b42891e9f0 nmethod 9731 0x000001b41a823f10 code [0x000001b41a8240a0, 0x000001b41a824178]
Event: 452.188 Thread 0x000001b42891e9f0 9733       3       sun.reflect.generics.factory.CoreReflectionFactory::make (10 bytes)
Event: 452.188 Thread 0x000001b42891e9f0 nmethod 9733 0x000001b4139e0c90 code [0x000001b4139e0e40, 0x000001b4139e10f8]
Event: 452.188 Thread 0x000001b42891e9f0 9734       3       sun.reflect.generics.factory.CoreReflectionFactory::<init> (15 bytes)
Event: 452.189 Thread 0x000001b42891e9f0 nmethod 9734 0x000001b4139e1210 code [0x000001b4139e13c0, 0x000001b4139e15d8]
Event: 452.189 Thread 0x000001b42891e9f0 9735       3       sun.reflect.generics.reflectiveObjects.TypeVariableImpl::make (66 bytes)
Event: 452.189 Thread 0x000001b42891e9f0 nmethod 9735 0x000001b4139e1690 code [0x000001b4139e1920, 0x000001b4139e2668]
Event: 452.190 Thread 0x000001b42891be70 9736 %     4       org.gradle.internal.instantiation.generator.AbstractClassGenerator::inspectType @ 341 (560 bytes)
Event: 452.192 Thread 0x000001b42891e9f0 9737       3       org.objectweb.asm.SymbolTable::hash (12 bytes)
Event: 452.192 Thread 0x000001b42891e9f0 nmethod 9737 0x000001b4139e2a10 code [0x000001b4139e2ba0, 0x000001b4139e2ce8]
Event: 452.192 Thread 0x000001b42891e9f0 9738       3       org.objectweb.asm.SymbolTable$Entry::<init> (18 bytes)
Event: 452.192 Thread 0x000001b42891e9f0 nmethod 9738 0x000001b4139e2e10 code [0x000001b4139e2fc0, 0x000001b4139e3148]
Event: 452.195 Thread 0x000001b42891e9f0 9739       3       org.objectweb.asm.SymbolTable::addUninitializedType (103 bytes)
Event: 452.195 Thread 0x000001b42891e9f0 nmethod 9739 0x000001b4139e3210 code [0x000001b4139e3420, 0x000001b4139e39d8]

GC Heap History (20 events):
Event: 196.186 GC heap before
{Heap before GC invocations=32 (full 0):
 garbage-first heap   total 94208K, used 67849K [0x0000000080000000, 0x0000000100000000)
  region size 1024K, 18 young (18432K), 3 survivors (3072K)
 Metaspace       used 59255K, committed 59904K, reserved 479232K
  class space    used 8189K, committed 8512K, reserved 421888K
}
Event: 196.194 GC heap after
{Heap after GC invocations=33 (full 0):
 garbage-first heap   total 94208K, used 56836K [0x0000000080000000, 0x0000000100000000)
  region size 1024K, 3 young (3072K), 3 survivors (3072K)
 Metaspace       used 59255K, committed 59904K, reserved 479232K
  class space    used 8189K, committed 8512K, reserved 421888K
}
Event: 200.989 GC heap before
{Heap before GC invocations=33 (full 0):
 garbage-first heap   total 94208K, used 74244K [0x0000000080000000, 0x0000000100000000)
  region size 1024K, 21 young (21504K), 3 survivors (3072K)
 Metaspace       used 59449K, committed 60160K, reserved 479232K
  class space    used 8200K, committed 8512K, reserved 421888K
}
Event: 200.994 GC heap after
{Heap after GC invocations=34 (full 0):
 garbage-first heap   total 94208K, used 56138K [0x0000000080000000, 0x0000000100000000)
  region size 1024K, 1 young (1024K), 1 survivors (1024K)
 Metaspace       used 59449K, committed 60160K, reserved 479232K
  class space    used 8200K, committed 8512K, reserved 421888K
}
Event: 239.094 GC heap before
{Heap before GC invocations=35 (full 0):
 garbage-first heap   total 99328K, used 79690K [0x0000000080000000, 0x0000000100000000)
  region size 1024K, 20 young (20480K), 1 survivors (1024K)
 Metaspace       used 59623K, committed 60288K, reserved 479232K
  class space    used 8224K, committed 8512K, reserved 421888K
}
Event: 239.097 GC heap after
{Heap after GC invocations=36 (full 0):
 garbage-first heap   total 99328K, used 67300K [0x0000000080000000, 0x0000000100000000)
  region size 1024K, 3 young (3072K), 3 survivors (3072K)
 Metaspace       used 59623K, committed 60288K, reserved 479232K
  class space    used 8224K, committed 8512K, reserved 421888K
}
Event: 254.427 GC heap before
{Heap before GC invocations=36 (full 0):
 garbage-first heap   total 99328K, used 68324K [0x0000000080000000, 0x0000000100000000)
  region size 1024K, 4 young (4096K), 3 survivors (3072K)
 Metaspace       used 59659K, committed 60288K, reserved 479232K
  class space    used 8228K, committed 8512K, reserved 421888K
}
Event: 254.430 GC heap after
{Heap after GC invocations=37 (full 0):
 garbage-first heap   total 99328K, used 66929K [0x0000000080000000, 0x0000000100000000)
  region size 1024K, 1 young (1024K), 1 survivors (1024K)
 Metaspace       used 59659K, committed 60288K, reserved 479232K
  class space    used 8228K, committed 8512K, reserved 421888K
}
Event: 432.324 GC heap before
{Heap before GC invocations=37 (full 0):
 garbage-first heap   total 99328K, used 79217K [0x0000000080000000, 0x0000000100000000)
  region size 1024K, 13 young (13312K), 1 survivors (1024K)
 Metaspace       used 59927K, committed 60608K, reserved 479232K
  class space    used 8256K, committed 8576K, reserved 421888K
}
Event: 432.329 GC heap after
{Heap after GC invocations=38 (full 0):
 garbage-first heap   total 99328K, used 67708K [0x0000000080000000, 0x0000000100000000)
  region size 1024K, 1 young (1024K), 1 survivors (1024K)
 Metaspace       used 59927K, committed 60608K, reserved 479232K
  class space    used 8256K, committed 8576K, reserved 421888K
}
Event: 440.933 GC heap before
{Heap before GC invocations=39 (full 0):
 garbage-first heap   total 117760K, used 78972K [0x0000000080000000, 0x0000000100000000)
  region size 1024K, 12 young (12288K), 1 survivors (1024K)
 Metaspace       used 60832K, committed 61568K, reserved 479232K
  class space    used 8367K, committed 8704K, reserved 421888K
}
Event: 440.936 GC heap after
{Heap after GC invocations=40 (full 0):
 garbage-first heap   total 117760K, used 68181K [0x0000000080000000, 0x0000000100000000)
  region size 1024K, 2 young (2048K), 2 survivors (2048K)
 Metaspace       used 60832K, committed 61568K, reserved 479232K
  class space    used 8367K, committed 8704K, reserved 421888K
}
Event: 441.669 GC heap before
{Heap before GC invocations=40 (full 0):
 garbage-first heap   total 117760K, used 71253K [0x0000000080000000, 0x0000000100000000)
  region size 1024K, 5 young (5120K), 2 survivors (2048K)
 Metaspace       used 61263K, committed 61952K, reserved 479232K
  class space    used 8430K, committed 8768K, reserved 421888K
}
Event: 441.673 GC heap after
{Heap after GC invocations=41 (full 0):
 garbage-first heap   total 117760K, used 68256K [0x0000000080000000, 0x0000000100000000)
  region size 1024K, 1 young (1024K), 1 survivors (1024K)
 Metaspace       used 61263K, committed 61952K, reserved 479232K
  class space    used 8430K, committed 8768K, reserved 421888K
}
Event: 445.500 GC heap before
{Heap before GC invocations=41 (full 0):
 garbage-first heap   total 117760K, used 94880K [0x0000000080000000, 0x0000000100000000)
  region size 1024K, 28 young (28672K), 1 survivors (1024K)
 Metaspace       used 66084K, committed 66752K, reserved 487424K
  class space    used 8990K, committed 9280K, reserved 421888K
}
Event: 445.504 GC heap after
{Heap after GC invocations=42 (full 0):
 garbage-first heap   total 117760K, used 69164K [0x0000000080000000, 0x0000000100000000)
  region size 1024K, 2 young (2048K), 2 survivors (2048K)
 Metaspace       used 66084K, committed 66752K, reserved 487424K
  class space    used 8990K, committed 9280K, reserved 421888K
}
Event: 450.475 GC heap before
{Heap before GC invocations=43 (full 0):
 garbage-first heap   total 117760K, used 95788K [0x0000000080000000, 0x0000000100000000)
  region size 1024K, 29 young (29696K), 2 survivors (2048K)
 Metaspace       used 69193K, committed 69952K, reserved 487424K
  class space    used 9340K, committed 9664K, reserved 421888K
}
Event: 450.481 GC heap after
{Heap after GC invocations=44 (full 0):
 garbage-first heap   total 117760K, used 72521K [0x0000000080000000, 0x0000000100000000)
  region size 1024K, 4 young (4096K), 4 survivors (4096K)
 Metaspace       used 69193K, committed 69952K, reserved 487424K
  class space    used 9340K, committed 9664K, reserved 421888K
}
Event: 450.911 GC heap before
{Heap before GC invocations=44 (full 0):
 garbage-first heap   total 117760K, used 73545K [0x0000000080000000, 0x0000000100000000)
  region size 1024K, 5 young (5120K), 4 survivors (4096K)
 Metaspace       used 69294K, committed 70016K, reserved 487424K
  class space    used 9351K, committed 9664K, reserved 421888K
}
Event: 450.917 GC heap after
{Heap after GC invocations=45 (full 0):
 garbage-first heap   total 117760K, used 72761K [0x0000000080000000, 0x0000000100000000)
  region size 1024K, 1 young (1024K), 1 survivors (1024K)
 Metaspace       used 69294K, committed 70016K, reserved 487424K
  class space    used 9351K, committed 9664K, reserved 421888K
}

Deoptimization events (20 events):
Event: 449.790 Thread 0x000001b4294da6a0 DEOPT PACKING pc=0x000001b412b33912 sp=0x0000009c6f6f38c0
Event: 449.790 Thread 0x000001b4294da6a0 DEOPT UNPACKING pc=0x000001b419da2b43 sp=0x0000009c6f6f2d38 mode 0
Event: 449.791 Thread 0x000001b4294da6a0 DEOPT PACKING pc=0x000001b412b33912 sp=0x0000009c6f6f38c0
Event: 449.791 Thread 0x000001b4294da6a0 DEOPT UNPACKING pc=0x000001b419da2b43 sp=0x0000009c6f6f2d38 mode 0
Event: 449.921 Thread 0x000001b4294da6a0 DEOPT PACKING pc=0x000001b412b33912 sp=0x0000009c6f6f38c0
Event: 449.921 Thread 0x000001b4294da6a0 DEOPT UNPACKING pc=0x000001b419da2b43 sp=0x0000009c6f6f2d38 mode 0
Event: 449.921 Thread 0x000001b4294da6a0 DEOPT PACKING pc=0x000001b412b338d9 sp=0x0000009c6f6f38c0
Event: 449.921 Thread 0x000001b4294da6a0 DEOPT UNPACKING pc=0x000001b419da2b43 sp=0x0000009c6f6f2d38 mode 0
Event: 449.924 Thread 0x000001b4294da6a0 DEOPT PACKING pc=0x000001b412b33912 sp=0x0000009c6f6f38c0
Event: 449.924 Thread 0x000001b4294da6a0 DEOPT UNPACKING pc=0x000001b419da2b43 sp=0x0000009c6f6f2d38 mode 0
Event: 449.924 Thread 0x000001b4294da6a0 DEOPT PACKING pc=0x000001b412b338d9 sp=0x0000009c6f6f38c0
Event: 449.924 Thread 0x000001b4294da6a0 DEOPT UNPACKING pc=0x000001b419da2b43 sp=0x0000009c6f6f2d38 mode 0
Event: 449.962 Thread 0x000001b4294da6a0 Uncommon trap: trap_request=0xffffff45 fr.pc=0x000001b41a347398 relative=0x00000000000001f8
Event: 449.962 Thread 0x000001b4294da6a0 Uncommon trap: reason=unstable_if action=reinterpret pc=0x000001b41a347398 method=java.security.CodeSource.matchCerts(Ljava/security/CodeSource;Z)Z @ 11 c2
Event: 449.962 Thread 0x000001b4294da6a0 DEOPT PACKING pc=0x000001b41a347398 sp=0x0000009c6f6f2510
Event: 449.962 Thread 0x000001b4294da6a0 DEOPT UNPACKING pc=0x000001b419da23a3 sp=0x0000009c6f6f2430 mode 2
Event: 450.490 Thread 0x000001b4294da6a0 Uncommon trap: trap_request=0xffffff45 fr.pc=0x000001b41a6037ac relative=0x0000000000002e4c
Event: 450.490 Thread 0x000001b4294da6a0 Uncommon trap: reason=unstable_if action=reinterpret pc=0x000001b41a6037ac method=java.util.regex.Pattern.has(I)Z @ 6 c2
Event: 450.490 Thread 0x000001b4294da6a0 DEOPT PACKING pc=0x000001b41a6037ac sp=0x0000009c6f6f72c0
Event: 450.490 Thread 0x000001b4294da6a0 DEOPT UNPACKING pc=0x000001b419da23a3 sp=0x0000009c6f6f7240 mode 2

Classes unloaded (0 events):
No events

Classes redefined (0 events):
No events

Internal exceptions (20 events):
Event: 432.331 Thread 0x000001b4294da6a0 Exception <a 'java/lang/ClassNotFoundException'{0x000000008ffdbda0}: org/gradle/api/internal/plugins/DefaultPluginContainerBeanInfo> (0x000000008ffdbda0) 
thrown [s\open\src\hotspot\share\classfile\systemDictionary.cpp, line 256]
Event: 432.332 Thread 0x000001b4294da6a0 Exception <a 'java/lang/ClassNotFoundException'{0x000000008ffe8030}: org/gradle/api/internal/plugins/DefaultPluginCollectionBeanInfo> (0x000000008ffe8030) 
thrown [s\open\src\hotspot\share\classfile\systemDictionary.cpp, line 256]
Event: 432.332 Thread 0x000001b4294da6a0 Exception <a 'java/lang/ClassNotFoundException'{0x000000008fff3da0}: org/gradle/api/internal/DefaultDomainObjectSetBeanInfo> (0x000000008fff3da0) 
thrown [s\open\src\hotspot\share\classfile\systemDictionary.cpp, line 256]
Event: 432.339 Thread 0x000001b4294da6a0 Exception <a 'java/lang/ClassNotFoundException'{0x000000008ffffb60}: org/gradle/api/internal/DefaultDomainObjectSetCustomizer> (0x000000008ffffb60) 
thrown [s\open\src\hotspot\share\classfile\systemDictionary.cpp, line 256]
Event: 432.340 Thread 0x000001b4294da6a0 Exception <a 'java/lang/ClassNotFoundException'{0x000000008981a560}: org/gradle/api/internal/plugins/DefaultPluginCollectionCustomizer> (0x000000008981a560) 
thrown [s\open\src\hotspot\share\classfile\systemDictionary.cpp, line 256]
Event: 432.342 Thread 0x000001b4294da6a0 Exception <a 'java/lang/ClassNotFoundException'{0x00000000898505c0}: org/gradle/api/internal/plugins/DefaultPluginContainerCustomizer> (0x00000000898505c0) 
thrown [s\open\src\hotspot\share\classfile\systemDictionary.cpp, line 256]
Event: 439.490 Thread 0x000001b4294da6a0 Exception <a 'java/lang/ClassNotFoundException'{0x00000000895983c8}: build_9gazttr6fso6hawtmw9bhdim0BeanInfo> (0x00000000895983c8) 
thrown [s\open\src\hotspot\share\classfile\systemDictionary.cpp, line 256]
Event: 439.490 Thread 0x000001b4294da6a0 Exception <a 'java/lang/ClassNotFoundException'{0x000000008959e1d8}: build_9gazttr6fso6hawtmw9bhdim0Customizer> (0x000000008959e1d8) 
thrown [s\open\src\hotspot\share\classfile\systemDictionary.cpp, line 256]
Event: 448.273 Thread 0x000001b4294da6a0 Exception <a 'java/lang/ClassNotFoundException'{0x0000000088f43f90}: org/gradle/api/internal/artifacts/configurations/DefaultConfiguration_DecoratedBeanInfo> (0x0000000088f43f90) 
thrown [s\open\src\hotspot\share\classfile\systemDictionary.cpp, line 256]
Event: 448.274 Thread 0x000001b4294da6a0 Exception <a 'java/lang/ClassNotFoundException'{0x0000000088f5ae80}: org/gradle/api/internal/artifacts/configurations/DefaultConfigurationBeanInfo> (0x0000000088f5ae80) 
thrown [s\open\src\hotspot\share\classfile\systemDictionary.cpp, line 256]
Event: 448.275 Thread 0x000001b4294da6a0 Exception <a 'java/lang/ClassNotFoundException'{0x0000000088f6dce0}: org/gradle/api/internal/file/AbstractFileCollectionBeanInfo> (0x0000000088f6dce0) 
thrown [s\open\src\hotspot\share\classfile\systemDictionary.cpp, line 256]
Event: 448.275 Thread 0x000001b4294da6a0 Exception <a 'java/lang/ClassNotFoundException'{0x0000000088f80d50}: org/gradle/api/internal/file/AbstractFileCollectionCustomizer> (0x0000000088f80d50) 
thrown [s\open\src\hotspot\share\classfile\systemDictionary.cpp, line 256]
Event: 448.299 Thread 0x000001b4294da6a0 Exception <a 'java/lang/ClassNotFoundException'{0x0000000088faa150}: org/gradle/api/internal/artifacts/configurations/DefaultConfigurationCustomizer> (0x0000000088faa150) 
thrown [s\open\src\hotspot\share\classfile\systemDictionary.cpp, line 256]
Event: 448.312 Thread 0x000001b4294da6a0 Exception <a 'java/lang/ClassNotFoundException'{0x0000000088e20948}: org/gradle/api/internal/artifacts/configurations/DefaultConfiguration_DecoratedCustomizer> (0x0000000088e20948) 
thrown [s\open\src\hotspot\share\classfile\systemDictionary.cpp, line 256]
Event: 448.612 Thread 0x000001b4294da6a0 Exception <a 'java/lang/ClassNotFoundException'{0x0000000088ef3470}: org/gradle/api/internal/artifacts/ivyservice/resolutionstrategy/DefaultResolutionStrategy_DecoratedBeanInfo> (0x0000000088ef3470) 
thrown [s\open\src\hotspot\share\classfile\systemDictionary.cpp, line 256]
Event: 448.613 Thread 0x000001b4294da6a0 Exception <a 'java/lang/ClassNotFoundException'{0x000000008660cca8}: org/gradle/api/internal/artifacts/ivyservice/resolutionstrategy/DefaultResolutionStrategyBeanInfo> (0x000000008660cca8) 
thrown [s\open\src\hotspot\share\classfile\systemDictionary.cpp, line 256]
Event: 448.616 Thread 0x000001b4294da6a0 Exception <a 'java/lang/ClassNotFoundException'{0x0000000086625fe0}: org/gradle/api/internal/artifacts/ivyservice/resolutionstrategy/DefaultResolutionStrategyCustomizer> (0x0000000086625fe0) 
thrown [s\open\src\hotspot\share\classfile\systemDictionary.cpp, line 256]
Event: 448.621 Thread 0x000001b4294da6a0 Exception <a 'java/lang/ClassNotFoundException'{0x000000008666a490}: org/gradle/api/internal/artifacts/ivyservice/resolutionstrategy/DefaultResolutionStrategy_DecoratedCustomizer> (0x000000008666a490) 
thrown [s\open\src\hotspot\share\classfile\systemDictionary.cpp, line 256]
Event: 449.376 Thread 0x000001b4294da6a0 Implicit null exception at 0x000001b41a487c8c to 0x000001b41a487dc2
Event: 450.056 Thread 0x000001b4294da6a0 Exception <a 'sun/nio/fs/WindowsException'{0x0000000085bebfc0}> (0x0000000085bebfc0) 
thrown [s\open\src\hotspot\share\prims\jni.cpp, line 516]

VM Operations (20 events):
Event: 445.638 Executing VM operation: G1Concurrent
Event: 445.876 Executing VM operation: G1Concurrent done
Event: 445.934 Executing VM operation: G1Concurrent
Event: 445.961 Executing VM operation: G1Concurrent done
Event: 446.968 Executing VM operation: Cleanup
Event: 446.969 Executing VM operation: Cleanup done
Event: 447.978 Executing VM operation: Cleanup
Event: 448.017 Executing VM operation: Cleanup done
Event: 449.032 Executing VM operation: Cleanup
Event: 449.032 Executing VM operation: Cleanup done
Event: 449.055 Executing VM operation: HandshakeAllThreads
Event: 449.056 Executing VM operation: HandshakeAllThreads done
Event: 449.530 Executing VM operation: HandshakeAllThreads
Event: 449.530 Executing VM operation: HandshakeAllThreads done
Event: 450.475 Executing VM operation: G1CollectForAllocation
Event: 450.481 Executing VM operation: G1CollectForAllocation done
Event: 450.911 Executing VM operation: G1CollectForAllocation
Event: 450.917 Executing VM operation: G1CollectForAllocation done
Event: 451.922 Executing VM operation: Cleanup
Event: 451.922 Executing VM operation: Cleanup done

Events (20 events):
Event: 449.600 loading class sun/security/util/Length
Event: 449.600 loading class sun/security/util/Length done
Event: 449.600 loading class javax/crypto/SecretKey
Event: 449.697 loading class javax/crypto/SecretKey done
Event: 449.698 loading class java/util/Base64
Event: 449.698 loading class java/util/Base64 done
Event: 449.698 loading class java/util/Base64$Decoder
Event: 449.699 loading class java/util/Base64$Decoder done
Event: 449.699 loading class java/util/Base64$Encoder
Event: 449.700 loading class java/util/Base64$Encoder done
Event: 449.725 loading class java/util/jar/JarVerifier$VerifierStream
Event: 449.755 loading class java/util/jar/JarVerifier$VerifierStream done
Event: 449.756 loading class sun/security/util/ManifestEntryVerifier$SunProviderHolder
Event: 449.756 loading class sun/security/util/ManifestEntryVerifier$SunProviderHolder done
Event: 449.962 loading class java/security/KeyStore$ProtectionParameter
Event: 449.989 loading class java/security/KeyStore$ProtectionParameter done
Event: 450.027 loading class sun/nio/fs/WindowsException
Event: 450.056 loading class sun/nio/fs/WindowsException done
Event: 450.943 Thread 0x000001b42d380530 Thread added: 0x000001b42d380530
Event: 451.790 Thread 0x000001b42d380530 Thread exited: 0x000001b42d380530


Dynamic libraries:
0x00007ff649ef0000 - 0x00007ff649f00000 	C:\Program Files\Java\jdk-17\bin\java.exe
0x00007ffa90ab0000 - 0x00007ffa90ca8000 	C:\Windows\SYSTEM32\ntdll.dll
0x00007ffa8eeb0000 - 0x00007ffa8ef6f000 	C:\Windows\System32\KERNEL32.DLL
0x00007ffa8e320000 - 0x00007ffa8e616000 	C:\Windows\System32\KERNELBASE.dll
0x00007ffa8ea10000 - 0x00007ffa8eb10000 	C:\Windows\System32\ucrtbase.dll
0x00007ffa714f0000 - 0x00007ffa71509000 	C:\Program Files\Java\jdk-17\bin\jli.dll
0x00007ffa905c0000 - 0x00007ffa9066f000 	C:\Windows\System32\ADVAPI32.dll
0x00007ffa90690000 - 0x00007ffa9072e000 	C:\Windows\System32\msvcrt.dll
0x00007ffa909a0000 - 0x00007ffa90a3c000 	C:\Windows\System32\sechost.dll
0x00007ffa8ebd0000 - 0x00007ffa8ecf6000 	C:\Windows\System32\RPCRT4.dll
0x00007ffa8ed00000 - 0x00007ffa8ee9d000 	C:\Windows\System32\USER32.dll
0x00007ffa8e950000 - 0x00007ffa8e972000 	C:\Windows\System32\win32u.dll
0x00007ffa8fd90000 - 0x00007ffa8fdbc000 	C:\Windows\System32\GDI32.dll
0x00007ffa8e670000 - 0x00007ffa8e785000 	C:\Windows\System32\gdi32full.dll
0x00007ffa8e8b0000 - 0x00007ffa8e94d000 	C:\Windows\System32\msvcp_win.dll
0x00007ffa69870000 - 0x00007ffa6988b000 	C:\Program Files\Java\jdk-17\bin\VCRUNTIME140.dll
0x00007ffa6a860000 - 0x00007ffa6aafa000 	C:\Windows\WinSxS\amd64_microsoft.windows.common-controls_6595b64144ccf1df_6.0.19041.1110_none_60b5254171f9507e\COMCTL32.dll
0x00007ffa85600000 - 0x00007ffa8560a000 	C:\Windows\SYSTEM32\VERSION.dll
0x00007ffa90a40000 - 0x00007ffa90a70000 	C:\Windows\System32\IMM32.DLL
0x00007ffa7f3a0000 - 0x00007ffa7f3ac000 	C:\Program Files\Java\jdk-17\bin\vcruntime140_1.dll
0x00007ffa5b930000 - 0x00007ffa5b9be000 	C:\Program Files\Java\jdk-17\bin\msvcp140.dll
0x00007ff9f6400000 - 0x00007ff9f6fdd000 	C:\Program Files\Java\jdk-17\bin\server\jvm.dll
0x00007ffa8eea0000 - 0x00007ffa8eea8000 	C:\Windows\System32\PSAPI.DLL
0x00007ffa7dea0000 - 0x00007ffa7dea9000 	C:\Windows\SYSTEM32\WSOCK32.dll
0x00007ffa8fcc0000 - 0x00007ffa8fd2b000 	C:\Windows\System32\WS2_32.dll
0x00007ffa62d90000 - 0x00007ffa62db7000 	C:\Windows\SYSTEM32\WINMM.dll
0x00007ffa8c9c0000 - 0x00007ffa8c9d2000 	C:\Windows\SYSTEM32\kernel.appcore.dll
0x00007ffa7ddb0000 - 0x00007ffa7ddba000 	C:\Program Files\Java\jdk-17\bin\jimage.dll
0x00007ffa88d90000 - 0x00007ffa88f74000 	C:\Windows\SYSTEM32\DBGHELP.DLL
0x00007ffa7c6a0000 - 0x00007ffa7c6d4000 	C:\Windows\SYSTEM32\dbgcore.DLL
0x00007ffa8e980000 - 0x00007ffa8ea02000 	C:\Windows\System32\bcryptPrimitives.dll
0x00007ffa66310000 - 0x00007ffa66335000 	C:\Program Files\Java\jdk-17\bin\java.dll
0x00007ffa58170000 - 0x00007ffa58247000 	C:\Program Files\Java\jdk-17\bin\jsvml.dll
0x00007ffa8fdc0000 - 0x00007ffa90504000 	C:\Windows\System32\SHELL32.dll
0x00007ffa8c040000 - 0x00007ffa8c7d3000 	C:\Windows\SYSTEM32\windows.storage.dll
0x00007ffa8eff0000 - 0x00007ffa8f344000 	C:\Windows\System32\combase.dll
0x00007ffa8db00000 - 0x00007ffa8db2e000 	C:\Windows\SYSTEM32\Wldp.dll
0x00007ffa8eb10000 - 0x00007ffa8ebbd000 	C:\Windows\System32\SHCORE.dll
0x00007ffa8fae0000 - 0x00007ffa8fb35000 	C:\Windows\System32\shlwapi.dll
0x00007ffa8e0c0000 - 0x00007ffa8e0e5000 	C:\Windows\SYSTEM32\profapi.dll
0x00007ffa67260000 - 0x00007ffa67279000 	C:\Program Files\Java\jdk-17\bin\net.dll
0x00007ffa83710000 - 0x00007ffa8381a000 	C:\Windows\SYSTEM32\WINHTTP.dll
0x00007ffa8d860000 - 0x00007ffa8d8ca000 	C:\Windows\system32\mswsock.dll
0x00007ffa66bf0000 - 0x00007ffa66c06000 	C:\Program Files\Java\jdk-17\bin\nio.dll
0x00007ffa666a0000 - 0x00007ffa666b8000 	C:\Program Files\Java\jdk-17\bin\zip.dll
0x00007ffa86230000 - 0x00007ffa86240000 	C:\Program Files\Java\jdk-17\bin\verify.dll
0x00007ffa7f460000 - 0x00007ffa7f487000 	C:\Users\ss\.gradle\native\e1d6ef7f7dcc3fd88c89a11ec53ec762bb8ba0a96d01ffa2cd45eb1d1d8dd5c5\windows-amd64\native-platform.dll
0x00007ffa51060000 - 0x00007ffa511a4000 	C:\Users\ss\.gradle\native\5664cfc778a61ccfe75a443a1ab52a65af34e5dc3c78e0209fed803814484fcb\windows-amd64\native-platform-file-events.dll
0x00007ffa86770000 - 0x00007ffa8677a000 	C:\Program Files\Java\jdk-17\bin\management.dll
0x00007ffa857e0000 - 0x00007ffa857eb000 	C:\Program Files\Java\jdk-17\bin\management_ext.dll
0x00007ffa8da50000 - 0x00007ffa8da68000 	C:\Windows\SYSTEM32\CRYPTSP.dll
0x00007ffa8d170000 - 0x00007ffa8d1a4000 	C:\Windows\system32\rsaenh.dll
0x00007ffa8e2f0000 - 0x00007ffa8e317000 	C:\Windows\System32\bcrypt.dll
0x00007ffa8e080000 - 0x00007ffa8e0ae000 	C:\Windows\SYSTEM32\USERENV.dll
0x00007ffa8da70000 - 0x00007ffa8da7c000 	C:\Windows\SYSTEM32\CRYPTBASE.dll
0x00007ffa8d550000 - 0x00007ffa8d58b000 	C:\Windows\SYSTEM32\IPHLPAPI.DLL
0x00007ffa8f350000 - 0x00007ffa8f358000 	C:\Windows\System32\NSI.dll
0x00007ffa83af0000 - 0x00007ffa83b07000 	C:\Windows\SYSTEM32\dhcpcsvc6.DLL
0x00007ffa843e0000 - 0x00007ffa843fd000 	C:\Windows\SYSTEM32\dhcpcsvc.DLL
0x00007ffa8d590000 - 0x00007ffa8d65a000 	C:\Windows\SYSTEM32\DNSAPI.dll
0x00007ffa857d0000 - 0x00007ffa857dd000 	C:\Program Files\Java\jdk-17\bin\sunmscapi.dll
0x00007ffa8e190000 - 0x00007ffa8e2ee000 	C:\Windows\System32\CRYPT32.dll
0x00007ffa8db70000 - 0x00007ffa8db98000 	C:\Windows\SYSTEM32\ncrypt.dll
0x00007ffa8db30000 - 0x00007ffa8db6b000 	C:\Windows\SYSTEM32\NTASN1.dll
0x00007ffa5bc40000 - 0x00007ffa5bc47000 	C:\Windows\system32\wshunix.dll

dbghelp: loaded successfully - version: 4.0.5 - missing functions: none
symbol engine: initialized successfully - sym options: 0x614 - pdb path: .;C:\Program Files\Java\jdk-17\bin;C:\Windows\SYSTEM32;C:\Windows\WinSxS\amd64_microsoft.windows.common-controls_6595b64144ccf1df_6.0.19041.1110_none_60b5254171f9507e;C:\Program Files\Java\jdk-17\bin\server;C:\Users\ss\.gradle\native\e1d6ef7f7dcc3fd88c89a11ec53ec762bb8ba0a96d01ffa2cd45eb1d1d8dd5c5\windows-amd64;C:\Users\ss\.gradle\native\5664cfc778a61ccfe75a443a1ab52a65af34e5dc3c78e0209fed803814484fcb\windows-amd64

VM Arguments:
jvm_args: -XX:MaxMetaspaceSize=512m --add-opens=java.base/java.util=ALL-UNNAMED --add-opens=java.base/java.lang=ALL-UNNAMED --add-opens=java.base/java.lang.invoke=ALL-UNNAMED --add-opens=java.base/java.util=ALL-UNNAMED --add-opens=java.prefs/java.util.prefs=ALL-UNNAMED --add-opens=java.prefs/java.util.prefs=ALL-UNNAMED --add-opens=java.base/java.nio.charset=ALL-UNNAMED --add-opens=java.base/java.net=ALL-UNNAMED --add-opens=java.base/java.util.concurrent.atomic=ALL-UNNAMED -Xmx2048m -Dfile.encoding=windows-1252 -Duser.country=IN -Duser.language=en -Duser.variant 
java_command: org.gradle.launcher.daemon.bootstrap.GradleDaemon 7.3.3
java_class_path (initial): C:\Users\ss\.gradle\wrapper\dists\gradle-7.3.3-all\4295vidhdd9hd3gbjyw1xqxpo\gradle-7.3.3\lib\gradle-launcher-7.3.3.jar
Launcher Type: SUN_STANDARD

[Global flags]
     intx CICompilerCount                          = 3                                         {product} {ergonomic}
   size_t CompressedClassSpaceSize                 = 432013312                                 {product} {ergonomic}
     uint ConcGCThreads                            = 1                                         {product} {ergonomic}
     uint G1ConcRefinementThreads                  = 4                                         {product} {ergonomic}
   size_t G1HeapRegionSize                         = 1048576                                   {product} {ergonomic}
    uintx GCDrainStackTargetSize                   = 64                                        {product} {ergonomic}
   size_t InitialHeapSize                          = 268435456                                 {product} {ergonomic}
   size_t MarkStackSize                            = 4194304                                   {product} {ergonomic}
   size_t MaxHeapSize                              = 2147483648                                {product} {command line}
   size_t MaxMetaspaceSize                         = 536870912                                 {product} {command line}
   size_t MaxNewSize                               = 1287651328                                {product} {ergonomic}
   size_t MinHeapDeltaBytes                        = 1048576                                   {product} {ergonomic}
   size_t MinHeapSize                              = 8388608                                   {product} {ergonomic}
    uintx NonNMethodCodeHeapSize                   = 5832780                                {pd product} {ergonomic}
    uintx NonProfiledCodeHeapSize                  = 122912730                              {pd product} {ergonomic}
    uintx ProfiledCodeHeapSize                     = 122912730                              {pd product} {ergonomic}
    uintx ReservedCodeCacheSize                    = 251658240                              {pd product} {ergonomic}
     bool SegmentedCodeCache                       = true                                      {product} {ergonomic}
   size_t SoftMaxHeapSize                          = 2147483648                             {manageable} {ergonomic}
     bool UseCompressedClassPointers               = true                           {product lp64_product} {ergonomic}
     bool UseCompressedOops                        = true                           {product lp64_product} {ergonomic}
     bool UseG1GC                                  = true                                      {product} {ergonomic}
     bool UseLargePagesIndividualAllocation        = false                                  {pd product} {ergonomic}

Logging:
Log output configuration:
 #0: stdout all=warning uptime,level,tags
 #1: stderr all=off uptime,level,tags

Environment Variables:
CLASSPATH=C:\Users\ss\Desktop\teachers-vision\android\\gradle\wrapper\gradle-wrapper.jar
PATH=C:\Users\ss\Desktop\teachers-vision\android\node_modules\.bin;C:\Users\ss\Desktop\teachers-vision\node_modules\.bin;C:\Users\ss\Desktop\node_modules\.bin;C:\Users\ss\node_modules\.bin;C:\Users\node_modules\.bin;C:\node_modules\.bin;C:\Program Files\nodejs;C:\Users\ss\Desktop\teachers-vision\node_modules\.bin;C:\Users\ss\Desktop\teachers-vision\node_modules\.bin;C:\Users\ss\Desktop\node_modules\.bin;C:\Users\ss\node_modules\.bin;C:\Users\node_modules\.bin;C:\node_modules\.bin;C:\Users\ss\AppData\Roaming\nvm\v16.16.0\node_modules\npm\node_modules\@npmcli\run-script\lib\node-gyp-bin;C:\Users\ss\Desktop\teachers-vision\node_modules\.bin;C:\Users\ss\Desktop\node_modules\.bin;C:\Users\ss\node_modules\.bin;C:\Users\node_modules\.bin;C:\node_modules\.bin;C:\Program Files\nodejs;C:\Users\ss\Desktop\teachers-vision\node_modules\.bin;C:\Users\ss\Desktop\teachers-vision\node_modules\.bin;C:\Users\ss\Desktop\node_modules\.bin;C:\Users\ss\node_modules\.bin;C:\Users\node_modules\.bin;C:\node_modules\.bin;C:\Users\ss\AppData\Roaming\nvm\v16.16.0\node_modules\npm\node_modules\@npmcli\run-script\lib\node-gyp-bin;C:\Program Files\Common Files\Oracle\Java\javapath;C:\Program Files (x86)\Common Files\Oracle\Java\javapath;C:\Program Files\Microsoft\jdk-11.0.18.10-hotspot\bin;C:\Program Files\Microsoft MPI\Bin\;C:\Windows\system32;C:\Windows;C:\Windows\System32\Wbem;C:\Windows\System32\WindowsPowerShell\v1.0\;C:\Windows\System32\OpenSSH\;C:\ProgramData\chocolatey\bin;C:\Users\ss\AppData\Local\Android\Sdk\platform-tools;C:\Program Files\Git\cmd;C:\Program Files\Microsoft SQL Server\150\Tools\Binn\;C:\Program Files (x86)\Microsoft SQL Server\160\Tools\Binn\;C:\Program Files\Microsoft SQL Server\160\Tools\Binn\;C:\Program Files\Microsoft SQL Server\Client SDK\ODBC\170\Tools\Binn\;C:\Program Files\Microsoft SQL Server\160\DTS\Binn\;C:\Program Files\dotnet\;C:\Program Files (x86)\dotnet\;C:\Program Files (x86)\Microsoft SQL Server\160\DTS\Binn\;C:\Program Files (x86)\Microsoft SQL Server\150
USERNAME=ss
LANG=en_US.UTF-8
OS=Windows_NT
PROCESSOR_IDENTIFIER=Intel64 Family 6 Model 142 Stepping 9, GenuineIntel



---------------  S Y S T E M  ---------------

OS:
 Windows 10 , 64 bit Build 19041 (10.0.19041.3155)
OS uptime: 1 days 5:03 hours

CPU: total 4 (initial active 4) (2 cores per cpu, 2 threads per core) family 6 model 142 stepping 9 microcode 0xb4, cx8, cmov, fxsr, ht, mmx, 3dnowpref, sse, sse2, sse3, ssse3, sse4.1, sse4.2, popcnt, lzcnt, tsc, tscinvbit, avx, avx2, aes, erms, clmul, bmi1, bmi2, adx, fma, vzeroupper, clflush, clflushopt

Memory: 4k page, system-wide physical 16263M (625M free)
TotalPageFile size 24565M (AvailPageFile size 0M)
current process WorkingSet (physical memory assigned to process): 329M, peak: 333M
current process commit charge ("private bytes"): 365M, peak: 405M

vm_info: Java HotSpot(TM) 64-Bit Server VM (17.0.7+8-LTS-224) for windows-amd64 JRE (17.0.7+8-LTS-224), built on Feb 28 2023 23:03:02 by "mach5one" with MS VC++ 17.1 (VS2022)

END.
