#
# There is insufficient memory for the Java Runtime Environment to continue.
# Native memory allocation (mmap) failed to map 32505856 bytes for G1 virtual space
# Possible reasons:
#   The system is out of physical RAM or swap space
#   The process is running with CompressedOops enabled, and the Java Heap may be blocking the growth of the native heap
# Possible solutions:
#   Reduce memory load on the system
#   Increase physical memory or swap space
#   Check if swap backing store is full
#   Decrease Java heap size (-Xmx/-Xms)
#   Decrease number of Java threads
#   Decrease Java thread stack sizes (-Xss)
#   Set larger code cache with -XX:ReservedCodeCacheSize=
#   JVM is running with Unscaled Compressed Oops mode in which the Java heap is
#     placed in the first 4GB address space. The Java Heap base address is the
#     maximum limit for the native heap growth. Please use -XX:HeapBaseMinAddress
#     to set the Java Heap base and to place the Java Heap above 4GB virtual address.
# This output file may be truncated or incomplete.
#
#  Out of Memory Error (os_windows.cpp:3550), pid=17280, tid=8756
#
# JRE version: Java(TM) SE Runtime Environment (17.0.7+8) (build 17.0.7+8-LTS-224)
# Java VM: Java HotSpot(TM) 64-Bit Server VM (17.0.7+8-LTS-224, mixed mode, sharing, tiered, compressed oops, compressed class ptrs, g1 gc, windows-amd64)
# No core dump will be written. Minidumps are not enabled by default on client versions of Windows
#

---------------  S U M M A R Y ------------

Command Line: -XX:MaxMetaspaceSize=512m --add-opens=java.base/java.util=ALL-UNNAMED --add-opens=java.base/java.lang=ALL-UNNAMED --add-opens=java.base/java.lang.invoke=ALL-UNNAMED --add-opens=java.base/java.util=ALL-UNNAMED --add-opens=java.prefs/java.util.prefs=ALL-UNNAMED --add-opens=java.prefs/java.util.prefs=ALL-UNNAMED --add-opens=java.base/java.nio.charset=ALL-UNNAMED --add-opens=java.base/java.net=ALL-UNNAMED --add-opens=java.base/java.util.concurrent.atomic=ALL-UNNAMED -Xmx2048m -Dfile.encoding=windows-1252 -Duser.country=IN -Duser.language=en -Duser.variant org.gradle.launcher.daemon.bootstrap.GradleDaemon 7.3.3

Host: Intel(R) Core(TM) i5-7200U CPU @ 2.50GHz, 4 cores, 15G,  Windows 10 , 64 bit Build 19041 (10.0.19041.3155)
Time: Tue Sep 12 18:04:20 2023 India Standard Time elapsed time: 478.837103 seconds (0d 0h 7m 58s)

---------------  T H R E A D  ---------------

Current thread (0x000001ef22b02d10):  VMThread "VM Thread" [stack: 0x000000e570300000,0x000000e570400000] [id=8756]

Stack: [0x000000e570300000,0x000000e570400000]
Native frames: (J=compiled Java code, j=interpreted, Vv=VM code, C=native code)
V  [jvm.dll+0x676a4a]
V  [jvm.dll+0x7d74f4]
V  [jvm.dll+0x7d8c9e]
V  [jvm.dll+0x7d9303]
V  [jvm.dll+0x2452c5]
V  [jvm.dll+0x6738f9]
V  [jvm.dll+0x668232]
V  [jvm.dll+0x302826]
V  [jvm.dll+0x309da6]
V  [jvm.dll+0x35952e]
V  [jvm.dll+0x35975f]
V  [jvm.dll+0x2d9a38]
V  [jvm.dll+0x2dcad6]
V  [jvm.dll+0x2e72d8]
V  [jvm.dll+0x31ad30]
V  [jvm.dll+0x7ddb0b]
V  [jvm.dll+0x7de844]
V  [jvm.dll+0x7ded5d]
V  [jvm.dll+0x7df134]
V  [jvm.dll+0x7df200]
V  [jvm.dll+0x78759a]
V  [jvm.dll+0x675875]
C  [ucrtbase.dll+0x21bb2]
C  [KERNEL32.DLL+0x17614]
C  [ntdll.dll+0x526b1]

VM_Operation (0x000000e56ffff700): G1Concurrent, mode: safepoint, requested by thread 0x000001ef051f1ae0


---------------  P R O C E S S  ---------------

Threads class SMR info:
_java_thread_list=0x000001ef2bba0050, length=88, elements={
0x000001ef051892e0, 0x000001ef22b09b20, 0x000001ef22b0a5e0, 0x000001ef22b21700,
0x000001ef22b23fd0, 0x000001ef22b258a0, 0x000001ef22b26160, 0x000001ef22b26d50,
0x000001ef22b327c0, 0x000001ef22b59890, 0x000001ef2359c030, 0x000001ef2359c500,
0x000001ef24d5e240, 0x000001ef23969d60, 0x000001ef24453410, 0x000001ef2409b5a0,
0x000001ef235362e0, 0x000001ef24451ca0, 0x000001ef24452170, 0x000001ef247e1ca0,
0x000001ef247e0490, 0x000001ef247e17d0, 0x000001ef247e0e30, 0x000001ef247e1300,
0x000001ef247e0960, 0x000001ef247e2640, 0x000001ef247e2b10, 0x000001ef247e2fe0,
0x000001ef247df620, 0x000001ef247dfaf0, 0x000001ef26305870, 0x000001ef26307080,
0x000001ef263036c0, 0x000001ef263066e0, 0x000001ef26304ed0, 0x000001ef26304060,
0x000001ef26303b90, 0x000001ef26304530, 0x000001ef263053a0, 0x000001ef27c9feb0,
0x000001ef27ca3d40, 0x000001ef27ca0d20, 0x000001ef27ca46e0, 0x000001ef27ca6890,
0x000001ef27ca0380, 0x000001ef27c9f9e0, 0x000001ef27ca0850, 0x000001ef27ca2060,
0x000001ef27c9f040, 0x000001ef27ca5080, 0x000001ef27ca3870, 0x000001ef27ca2530,
0x000001ef27ca1b90, 0x000001ef27c9f510, 0x000001ef27ca2a00, 0x000001ef27ca4bb0,
0x000001ef27ca11f0, 0x000001ef27ca16c0, 0x000001ef27ca2ed0, 0x000001ef27ca4210,
0x000001ef27ca33a0, 0x000001ef27ca63c0, 0x000001ef27ca5550, 0x000001ef27ca5a20,
0x000001ef27ca5ef0, 0x000001ef2a8390b0, 0x000001ef2a836560, 0x000001ef2a8378a0,
0x000001ef2a83b260, 0x000001ef2a83a8c0, 0x000001ef2a836a30, 0x000001ef2a837d70,
0x000001ef2a83cf40, 0x000001ef2a83c0d0, 0x000001ef2a83c5a0, 0x000001ef2a83b730,
0x000001ef2a83ad90, 0x000001ef2a83ddb0, 0x000001ef2a838240, 0x000001ef2a838710,
0x000001ef2a838be0, 0x000001ef2a839f20, 0x000001ef2ba9b3b0, 0x000001ef2ba9a070,
0x000001ef2ba9fbe0, 0x000001ef2baa13f0, 0x000001ef2ba9bd50, 0x000001ef27f82dd0
}

Java Threads: ( => current thread )
  0x000001ef051892e0 JavaThread "main" [_thread_blocked, id=17884, stack(0x000000e56fc00000,0x000000e56fd00000)]
  0x000001ef22b09b20 JavaThread "Reference Handler" daemon [_thread_blocked, id=644, stack(0x000000e570400000,0x000000e570500000)]
  0x000001ef22b0a5e0 JavaThread "Finalizer" daemon [_thread_blocked, id=20040, stack(0x000000e570500000,0x000000e570600000)]
  0x000001ef22b21700 JavaThread "Signal Dispatcher" daemon [_thread_blocked, id=18956, stack(0x000000e570600000,0x000000e570700000)]
  0x000001ef22b23fd0 JavaThread "Attach Listener" daemon [_thread_blocked, id=7964, stack(0x000000e570700000,0x000000e570800000)]
  0x000001ef22b258a0 JavaThread "Service Thread" daemon [_thread_blocked, id=3464, stack(0x000000e570800000,0x000000e570900000)]
  0x000001ef22b26160 JavaThread "Monitor Deflation Thread" daemon [_thread_blocked, id=20064, stack(0x000000e570900000,0x000000e570a00000)]
  0x000001ef22b26d50 JavaThread "C2 CompilerThread0" daemon [_thread_blocked, id=14800, stack(0x000000e570a00000,0x000000e570b00000)]
  0x000001ef22b327c0 JavaThread "C1 CompilerThread0" daemon [_thread_blocked, id=19868, stack(0x000000e570b00000,0x000000e570c00000)]
  0x000001ef22b59890 JavaThread "Sweeper thread" daemon [_thread_blocked, id=6288, stack(0x000000e570c00000,0x000000e570d00000)]
  0x000001ef2359c030 JavaThread "Common-Cleaner" daemon [_thread_blocked, id=8992, stack(0x000000e570d00000,0x000000e570e00000)]
  0x000001ef2359c500 JavaThread "Notification Thread" daemon [_thread_blocked, id=12036, stack(0x000000e570e00000,0x000000e570f00000)]
  0x000001ef24d5e240 JavaThread "Daemon health stats" [_thread_blocked, id=18076, stack(0x000000e571300000,0x000000e571400000)]
  0x000001ef23969d60 JavaThread "Incoming local TCP Connector on port 65360" [_thread_in_native, id=15844, stack(0x000000e571400000,0x000000e571500000)]
  0x000001ef24453410 JavaThread "Daemon periodic checks" [_thread_blocked, id=19220, stack(0x000000e571500000,0x000000e571600000)]
  0x000001ef2409b5a0 JavaThread "Daemon" [_thread_blocked, id=10000, stack(0x000000e571600000,0x000000e571700000)]
  0x000001ef235362e0 JavaThread "Handler for socket connection from /127.0.0.1:65360 to /127.0.0.1:65363" [_thread_in_native, id=5304, stack(0x000000e571700000,0x000000e571800000)]
  0x000001ef24451ca0 JavaThread "Cancel handler" [_thread_blocked, id=14052, stack(0x000000e571800000,0x000000e571900000)]
  0x000001ef24452170 JavaThread "Daemon worker" [_thread_blocked, id=19668, stack(0x000000e571900000,0x000000e571a00000)]
  0x000001ef247e1ca0 JavaThread "Asynchronous log dispatcher for DefaultDaemonConnection: socket connection from /127.0.0.1:65360 to /127.0.0.1:65363" [_thread_blocked, id=4508, stack(0x000000e571a00000,0x000000e571b00000)]
  0x000001ef247e0490 JavaThread "Stdin handler" [_thread_blocked, id=16712, stack(0x000000e571b00000,0x000000e571c00000)]
  0x000001ef247e17d0 JavaThread "Daemon client event forwarder" [_thread_blocked, id=14820, stack(0x000000e571c00000,0x000000e571d00000)]
  0x000001ef247e0e30 JavaThread "Cache worker for journal cache (C:\Users\ss\.gradle\caches\journal-1)" [_thread_blocked, id=11128, stack(0x000000e571d00000,0x000000e571e00000)]
  0x000001ef247e1300 JavaThread "File lock request listener" [_thread_in_native, id=536, stack(0x000000e571e00000,0x000000e571f00000)]
  0x000001ef247e0960 JavaThread "Cache worker for file hash cache (C:\Users\ss\.gradle\caches\7.3.3\fileHashes)" [_thread_blocked, id=9092, stack(0x000000e572000000,0x000000e572100000)]
  0x000001ef247e2640 JavaThread "Cache worker for file hash cache (C:\Users\ss\Desktop\teachers-vision\android\.gradle\7.3.3\fileHashes)" [_thread_blocked, id=864, stack(0x000000e572100000,0x000000e572200000)]
  0x000001ef247e2b10 JavaThread "File watcher server" daemon [_thread_in_native, id=1324, stack(0x000000e572200000,0x000000e572300000)]
  0x000001ef247e2fe0 JavaThread "File watcher consumer" daemon [_thread_blocked, id=15116, stack(0x000000e572300000,0x000000e572400000)]
  0x000001ef247df620 JavaThread "Cache worker for checksums cache (C:\Users\ss\Desktop\teachers-vision\android\.gradle\7.3.3\checksums)" [_thread_blocked, id=19968, stack(0x000000e572400000,0x000000e572500000)]
  0x000001ef247dfaf0 JavaThread "Cache worker for cache directory md-supplier (C:\Users\ss\.gradle\caches\7.3.3\md-supplier)" [_thread_blocked, id=11916, stack(0x000000e572500000,0x000000e572600000)]
  0x000001ef26305870 JavaThread "Cache worker for cache directory md-rule (C:\Users\ss\.gradle\caches\7.3.3\md-rule)" [_thread_blocked, id=6468, stack(0x000000e572600000,0x000000e572700000)]
  0x000001ef26307080 JavaThread "Cache worker for execution history cache (C:\Users\ss\.gradle\caches\7.3.3\executionHistory)" [_thread_blocked, id=10428, stack(0x000000e572700000,0x000000e572800000)]
  0x000001ef263036c0 JavaThread "jar transforms" [_thread_blocked, id=20392, stack(0x000000e572800000,0x000000e572900000)]
  0x000001ef263066e0 JavaThread "jar transforms Thread 2" [_thread_blocked, id=20516, stack(0x000000e572900000,0x000000e572a00000)]
  0x000001ef26304ed0 JavaThread "Cache worker for file content cache (C:\Users\ss\.gradle\caches\7.3.3\fileContent)" [_thread_blocked, id=20668, stack(0x000000e572a00000,0x000000e572b00000)]
  0x000001ef26304060 JavaThread "jar transforms Thread 3" [_thread_blocked, id=13868, stack(0x000000e572d00000,0x000000e572e00000)]
  0x000001ef26303b90 JavaThread "jar transforms Thread 4" [_thread_blocked, id=20520, stack(0x000000e572e00000,0x000000e572f00000)]
  0x000001ef26304530 JavaThread "Cache worker for kotlin-dsl (C:\Users\ss\.gradle\caches\7.3.3\kotlin-dsl)" [_thread_blocked, id=19112, stack(0x000000e56fb00000,0x000000e56fc00000)]
  0x000001ef263053a0 JavaThread "Cache worker for dependencies-accessors (C:\Users\ss\Desktop\teachers-vision\android\.gradle\7.3.3\dependencies-accessors)" [_thread_blocked, id=1492, stack(0x000000e56fd00000,0x000000e56fe00000)]
  0x000001ef27c9feb0 JavaThread "Cache worker for Build Output Cleanup Cache (C:\Users\ss\Desktop\teachers-vision\node_modules\react-native-gradle-plugin\.gradle\buildOutputCleanup)" [_thread_blocked, id=18644, stack(0x000000e573000000,0x000000e573100000)]
  0x000001ef27ca3d40 JavaThread "Unconstrained build operations" [_thread_blocked, id=20740, stack(0x000000e572f00000,0x000000e573000000)]
  0x000001ef27ca0d20 JavaThread "Unconstrained build operations Thread 2" [_thread_blocked, id=18560, stack(0x000000e573100000,0x000000e573200000)]
  0x000001ef27ca46e0 JavaThread "Unconstrained build operations Thread 3" [_thread_blocked, id=5560, stack(0x000000e573200000,0x000000e573300000)]
  0x000001ef27ca6890 JavaThread "Unconstrained build operations Thread 4" [_thread_blocked, id=14744, stack(0x000000e573300000,0x000000e573400000)]
  0x000001ef27ca0380 JavaThread "Unconstrained build operations Thread 5" [_thread_blocked, id=20672, stack(0x000000e573400000,0x000000e573500000)]
  0x000001ef27c9f9e0 JavaThread "Unconstrained build operations Thread 6" [_thread_blocked, id=21184, stack(0x000000e573500000,0x000000e573600000)]
  0x000001ef27ca0850 JavaThread "Unconstrained build operations Thread 7" [_thread_blocked, id=21116, stack(0x000000e573600000,0x000000e573700000)]
  0x000001ef27ca2060 JavaThread "Unconstrained build operations Thread 8" [_thread_blocked, id=3892, stack(0x000000e573700000,0x000000e573800000)]
  0x000001ef27c9f040 JavaThread "Unconstrained build operations Thread 9" [_thread_blocked, id=8692, stack(0x000000e573800000,0x000000e573900000)]
  0x000001ef27ca5080 JavaThread "Unconstrained build operations Thread 10" [_thread_blocked, id=21068, stack(0x000000e573900000,0x000000e573a00000)]
  0x000001ef27ca3870 JavaThread "Unconstrained build operations Thread 11" [_thread_blocked, id=19188, stack(0x000000e573a00000,0x000000e573b00000)]
  0x000001ef27ca2530 JavaThread "Unconstrained build operations Thread 12" [_thread_blocked, id=20664, stack(0x000000e573b00000,0x000000e573c00000)]
  0x000001ef27ca1b90 JavaThread "Unconstrained build operations Thread 13" [_thread_blocked, id=12256, stack(0x000000e573c00000,0x000000e573d00000)]
  0x000001ef27c9f510 JavaThread "Unconstrained build operations Thread 14" [_thread_blocked, id=5488, stack(0x000000e573d00000,0x000000e573e00000)]
  0x000001ef27ca2a00 JavaThread "Unconstrained build operations Thread 15" [_thread_blocked, id=20912, stack(0x000000e573e00000,0x000000e573f00000)]
  0x000001ef27ca4bb0 JavaThread "Unconstrained build operations Thread 16" [_thread_blocked, id=21496, stack(0x000000e573f00000,0x000000e574000000)]
  0x000001ef27ca11f0 JavaThread "Unconstrained build operations Thread 17" [_thread_blocked, id=21376, stack(0x000000e574000000,0x000000e574100000)]
  0x000001ef27ca16c0 JavaThread "Unconstrained build operations Thread 18" [_thread_blocked, id=18292, stack(0x000000e574100000,0x000000e574200000)]
  0x000001ef27ca2ed0 JavaThread "Unconstrained build operations Thread 19" [_thread_blocked, id=21444, stack(0x000000e574200000,0x000000e574300000)]
  0x000001ef27ca4210 JavaThread "Unconstrained build operations Thread 20" [_thread_blocked, id=16704, stack(0x000000e574300000,0x000000e574400000)]
  0x000001ef27ca33a0 JavaThread "Unconstrained build operations Thread 21" [_thread_blocked, id=18700, stack(0x000000e574400000,0x000000e574500000)]
  0x000001ef27ca63c0 JavaThread "Unconstrained build operations Thread 22" [_thread_blocked, id=18696, stack(0x000000e574500000,0x000000e574600000)]
  0x000001ef27ca5550 JavaThread "Unconstrained build operations Thread 23" [_thread_blocked, id=11400, stack(0x000000e574600000,0x000000e574700000)]
  0x000001ef27ca5a20 JavaThread "Unconstrained build operations Thread 24" [_thread_blocked, id=21016, stack(0x000000e574700000,0x000000e574800000)]
  0x000001ef27ca5ef0 JavaThread "Unconstrained build operations Thread 25" [_thread_blocked, id=21100, stack(0x000000e574800000,0x000000e574900000)]
  0x000001ef2a8390b0 JavaThread "Unconstrained build operations Thread 26" [_thread_blocked, id=15484, stack(0x000000e574900000,0x000000e574a00000)]
  0x000001ef2a836560 JavaThread "Unconstrained build operations Thread 27" [_thread_blocked, id=20524, stack(0x000000e574a00000,0x000000e574b00000)]
  0x000001ef2a8378a0 JavaThread "Unconstrained build operations Thread 28" [_thread_blocked, id=20580, stack(0x000000e574b00000,0x000000e574c00000)]
  0x000001ef2a83b260 JavaThread "Unconstrained build operations Thread 29" [_thread_blocked, id=21264, stack(0x000000e574c00000,0x000000e574d00000)]
  0x000001ef2a83a8c0 JavaThread "Unconstrained build operations Thread 30" [_thread_blocked, id=8660, stack(0x000000e574d00000,0x000000e574e00000)]
  0x000001ef2a836a30 JavaThread "Unconstrained build operations Thread 31" [_thread_blocked, id=11360, stack(0x000000e574e00000,0x000000e574f00000)]
  0x000001ef2a837d70 JavaThread "Unconstrained build operations Thread 32" [_thread_blocked, id=19144, stack(0x000000e574f00000,0x000000e575000000)]
  0x000001ef2a83cf40 JavaThread "Unconstrained build operations Thread 33" [_thread_blocked, id=6720, stack(0x000000e575000000,0x000000e575100000)]
  0x000001ef2a83c0d0 JavaThread "build event listener" [_thread_blocked, id=21468, stack(0x000000e575200000,0x000000e575300000)]
  0x000001ef2a83c5a0 JavaThread "Memory manager" [_thread_blocked, id=2328, stack(0x000000e575300000,0x000000e575400000)]
  0x000001ef2a83b730 JavaThread "Cache worker for Build Output Cleanup Cache (C:\Users\ss\Desktop\teachers-vision\android\.gradle\buildOutputCleanup)" [_thread_blocked, id=21720, stack(0x000000e575100000,0x000000e575200000)]
  0x000001ef2a83ad90 JavaThread "Cache worker for execution history cache (C:\Users\ss\Desktop\teachers-vision\node_modules\react-native-gradle-plugin\.gradle\7.3.3\executionHistory)" [_thread_blocked, id=22220, stack(0x000000e575800000,0x000000e575900000)]
  0x000001ef2a83ddb0 JavaThread "Unconstrained build operations Thread 34" [_thread_blocked, id=22324, stack(0x000000e575900000,0x000000e575a00000)]
  0x000001ef2a838240 JavaThread "Unconstrained build operations Thread 35" [_thread_blocked, id=22328, stack(0x000000e575a00000,0x000000e575b00000)]
  0x000001ef2a838710 JavaThread "Unconstrained build operations Thread 36" [_thread_blocked, id=22332, stack(0x000000e575b00000,0x000000e575c00000)]
  0x000001ef2a838be0 JavaThread "Unconstrained build operations Thread 37" [_thread_blocked, id=22336, stack(0x000000e575c00000,0x000000e575d00000)]
  0x000001ef2a839f20 JavaThread "Unconstrained build operations Thread 38" [_thread_blocked, id=22408, stack(0x000000e575d00000,0x000000e575e00000)]
  0x000001ef2ba9b3b0 JavaThread "Unconstrained build operations Thread 39" [_thread_blocked, id=22412, stack(0x000000e575e00000,0x000000e575f00000)]
  0x000001ef2ba9a070 JavaThread "Unconstrained build operations Thread 40" [_thread_blocked, id=22416, stack(0x000000e575f00000,0x000000e576000000)]
  0x000001ef2ba9fbe0 JavaThread "File lock release action executor Thread 3" [_thread_blocked, id=23472, stack(0x000000e572b00000,0x000000e572c00000)]
  0x000001ef2baa13f0 JavaThread "build event listener" [_thread_blocked, id=23272, stack(0x000000e575400000,0x000000e575500000)]
  0x000001ef2ba9bd50 JavaThread "build event listener" [_thread_blocked, id=23768, stack(0x000000e571f00000,0x000000e572000000)]
  0x000001ef27f82dd0 JavaThread "C2 CompilerThread1" daemon [_thread_blocked, id=22380, stack(0x000000e572c00000,0x000000e572d00000)]

Other Threads:
=>0x000001ef22b02d10 VMThread "VM Thread" [stack: 0x000000e570300000,0x000000e570400000] [id=8756]
  0x000001ef2359ec00 WatcherThread [stack: 0x000000e570f00000,0x000000e571000000] [id=14492]
  0x000001ef051e0df0 GCTaskThread "GC Thread#0" [stack: 0x000000e56fe00000,0x000000e56ff00000] [id=1776]
  0x000001ef23c3d340 GCTaskThread "GC Thread#1" [stack: 0x000000e571000000,0x000000e571100000] [id=13452]
  0x000001ef23c3d5f0 GCTaskThread "GC Thread#2" [stack: 0x000000e571100000,0x000000e571200000] [id=6744]
  0x000001ef23b5ec90 GCTaskThread "GC Thread#3" [stack: 0x000000e571200000,0x000000e571300000] [id=5856]
  0x000001ef051f1ae0 ConcurrentGCThread "G1 Main Marker" [stack: 0x000000e56ff00000,0x000000e570000000] [id=8640]
  0x000001ef051f32b0 ConcurrentGCThread "G1 Conc#0" [stack: 0x000000e570000000,0x000000e570100000] [id=11396]
  0x000001ef0525d6b0 ConcurrentGCThread "G1 Refine#0" [stack: 0x000000e570100000,0x000000e570200000] [id=2824]
  0x000001ef229c0140 ConcurrentGCThread "G1 Service" [stack: 0x000000e570200000,0x000000e570300000] [id=1580]

Threads with active compile tasks:
C2 CompilerThread1   478904 13916   !   4       java.beans.PropertyDescriptor::findPropertyType (145 bytes)

VM state: at safepoint (normal execution)

VM Mutex/Monitor currently owned by a thread:  ([mutex/lock_event])
[0x000001ef05184190] Threads_lock - owner thread: 0x000001ef22b02d10
[0x000001ef05183920] Heap_lock - owner thread: 0x000001ef051f1ae0

Heap address: 0x0000000080000000, size: 2048 MB, Compressed Oops mode: 32-bit

CDS archive(s) mapped at: [0x0000000800000000-0x0000000800bd0000-0x0000000800bd0000), size 12386304, SharedBaseAddress: 0x0000000800000000, ArchiveRelocationMode: 0.
Compressed class space mapped at: 0x0000000800c00000-0x000000081a800000, reserved size: 432013312
Narrow klass base: 0x0000000800000000, Narrow klass shift: 0, Narrow klass range: 0x100000000

GC Precious Log:
 CPUs: 4 total, 4 available
 Memory: 16263M
 Large Page Support: Disabled
 NUMA Support: Disabled
 Compressed Oops: Enabled (32-bit)
 Heap Region Size: 1M
 Heap Min Capacity: 8M
 Heap Initial Capacity: 256M
 Heap Max Capacity: 2G
 Pre-touch: Disabled
 Parallel Workers: 4
 Concurrent Workers: 1
 Concurrent Refinement Workers: 4
 Periodic GC: Disabled

Heap:
 garbage-first heap   total 230400K, used 158657K [0x0000000080000000, 0x0000000100000000)
  region size 1024K, 10 young (10240K), 5 survivors (5120K)
 Metaspace       used 94140K, committed 95680K, reserved 512000K
  class space    used 12972K, committed 13696K, reserved 421888K

Heap Regions: E=young(eden), S=young(survivor), O=old, HS=humongous(starts), HC=humongous(continues), CS=collection set, F=free, OA=open archive, CA=closed archive, TAMS=top-at-mark-start (previous, next)
|   0|0x0000000080000000, 0x0000000080100000, 0x0000000080100000|100%|HS|  |TAMS 0x0000000080100000, 0x0000000080000000| Complete 
|   1|0x0000000080100000, 0x0000000080200000, 0x0000000080200000|100%|HC|  |TAMS 0x0000000080200000, 0x0000000080100000| Complete 
|   2|0x0000000080200000, 0x0000000080300000, 0x0000000080300000|100%|HC|  |TAMS 0x0000000080300000, 0x0000000080200000| Complete 
|   3|0x0000000080300000, 0x0000000080400000, 0x0000000080400000|100%| O|  |TAMS 0x0000000080400000, 0x0000000080300000| Untracked 
|   4|0x0000000080400000, 0x0000000080500000, 0x0000000080500000|100%| O|  |TAMS 0x0000000080500000, 0x0000000080400000| Untracked 
|   5|0x0000000080500000, 0x0000000080600000, 0x0000000080600000|100%| O|  |TAMS 0x0000000080600000, 0x0000000080500000| Untracked 
|   6|0x0000000080600000, 0x0000000080700000, 0x0000000080700000|100%| O|  |TAMS 0x0000000080700000, 0x0000000080600000| Untracked 
|   7|0x0000000080700000, 0x0000000080800000, 0x0000000080800000|100%| O|  |TAMS 0x0000000080800000, 0x0000000080700000| Untracked 
|   8|0x0000000080800000, 0x0000000080900000, 0x0000000080900000|100%| O|  |TAMS 0x0000000080900000, 0x0000000080800000| Updating 
|   9|0x0000000080900000, 0x0000000080a00000, 0x0000000080a00000|100%| O|  |TAMS 0x0000000080a00000, 0x0000000080900000| Untracked 
|  10|0x0000000080a00000, 0x0000000080b00000, 0x0000000080b00000|100%| O|  |TAMS 0x0000000080b00000, 0x0000000080a00000| Untracked 
|  11|0x0000000080b00000, 0x0000000080c00000, 0x0000000080c00000|100%| O|  |TAMS 0x0000000080c00000, 0x0000000080b00000| Untracked 
|  12|0x0000000080c00000, 0x0000000080d00000, 0x0000000080d00000|100%| O|  |TAMS 0x0000000080d00000, 0x0000000080c00000| Untracked 
|  13|0x0000000080d00000, 0x0000000080e00000, 0x0000000080e00000|100%| O|  |TAMS 0x0000000080e00000, 0x0000000080d00000| Untracked 
|  14|0x0000000080e00000, 0x0000000080f00000, 0x0000000080f00000|100%| O|  |TAMS 0x0000000080f00000, 0x0000000080e00000| Untracked 
|  15|0x0000000080f00000, 0x0000000081000000, 0x0000000081000000|100%| O|  |TAMS 0x0000000081000000, 0x0000000080f00000| Untracked 
|  16|0x0000000081000000, 0x0000000081100000, 0x0000000081100000|100%| O|  |TAMS 0x0000000081100000, 0x0000000081000000| Untracked 
|  17|0x0000000081100000, 0x0000000081200000, 0x0000000081200000|100%| O|  |TAMS 0x0000000081200000, 0x0000000081100000| Untracked 
|  18|0x0000000081200000, 0x0000000081300000, 0x0000000081300000|100%| O|  |TAMS 0x0000000081300000, 0x0000000081200000| Untracked 
|  19|0x0000000081300000, 0x0000000081400000, 0x0000000081400000|100%| O|  |TAMS 0x0000000081400000, 0x0000000081300000| Untracked 
|  20|0x0000000081400000, 0x0000000081500000, 0x0000000081500000|100%| O|  |TAMS 0x0000000081500000, 0x0000000081400000| Untracked 
|  21|0x0000000081500000, 0x0000000081600000, 0x0000000081600000|100%| O|  |TAMS 0x0000000081600000, 0x0000000081500000| Untracked 
|  22|0x0000000081600000, 0x0000000081700000, 0x0000000081700000|100%| O|  |TAMS 0x0000000081700000, 0x0000000081600000| Untracked 
|  23|0x0000000081700000, 0x0000000081800000, 0x0000000081800000|100%| O|  |TAMS 0x0000000081800000, 0x0000000081700000| Untracked 
|  24|0x0000000081800000, 0x0000000081900000, 0x0000000081900000|100%| O|  |TAMS 0x0000000081900000, 0x0000000081800000| Untracked 
|  25|0x0000000081900000, 0x0000000081a00000, 0x0000000081a00000|100%| O|  |TAMS 0x0000000081a00000, 0x0000000081900000| Untracked 
|  26|0x0000000081a00000, 0x0000000081b00000, 0x0000000081b00000|100%| O|  |TAMS 0x0000000081b00000, 0x0000000081a00000| Untracked 
|  27|0x0000000081b00000, 0x0000000081c00000, 0x0000000081c00000|100%| O|  |TAMS 0x0000000081c00000, 0x0000000081b00000| Untracked 
|  28|0x0000000081c00000, 0x0000000081d00000, 0x0000000081d00000|100%| O|  |TAMS 0x0000000081d00000, 0x0000000081c00000| Untracked 
|  29|0x0000000081d00000, 0x0000000081e00000, 0x0000000081e00000|100%| O|  |TAMS 0x0000000081e00000, 0x0000000081d00000| Untracked 
|  30|0x0000000081e00000, 0x0000000081f00000, 0x0000000081f00000|100%| O|  |TAMS 0x0000000081f00000, 0x0000000081e00000| Untracked 
|  31|0x0000000081f00000, 0x0000000082000000, 0x0000000082000000|100%| O|  |TAMS 0x0000000082000000, 0x0000000081f00000| Updating 
|  32|0x0000000082000000, 0x0000000082100000, 0x0000000082100000|100%| O|  |TAMS 0x0000000082100000, 0x0000000082000000| Updating 
|  33|0x0000000082100000, 0x0000000082200000, 0x0000000082200000|100%| O|  |TAMS 0x0000000082200000, 0x0000000082100000| Untracked 
|  34|0x0000000082200000, 0x0000000082300000, 0x0000000082300000|100%|HS|  |TAMS 0x0000000082300000, 0x0000000082200000| Complete 
|  35|0x0000000082300000, 0x0000000082400000, 0x0000000082400000|100%|HS|  |TAMS 0x0000000082400000, 0x0000000082300000| Complete 
|  36|0x0000000082400000, 0x0000000082500000, 0x0000000082500000|100%|HC|  |TAMS 0x0000000082500000, 0x0000000082400000| Complete 
|  37|0x0000000082500000, 0x0000000082600000, 0x0000000082600000|100%|HC|  |TAMS 0x0000000082600000, 0x0000000082500000| Complete 
|  38|0x0000000082600000, 0x0000000082700000, 0x0000000082700000|100%| O|  |TAMS 0x0000000082700000, 0x0000000082600000| Untracked 
|  39|0x0000000082700000, 0x0000000082800000, 0x0000000082800000|100%| O|  |TAMS 0x0000000082800000, 0x0000000082700000| Untracked 
|  40|0x0000000082800000, 0x0000000082900000, 0x0000000082900000|100%| O|  |TAMS 0x0000000082900000, 0x0000000082800000| Untracked 
|  41|0x0000000082900000, 0x0000000082a00000, 0x0000000082a00000|100%| O|  |TAMS 0x0000000082a00000, 0x0000000082900000| Untracked 
|  42|0x0000000082a00000, 0x0000000082b00000, 0x0000000082b00000|100%| O|  |TAMS 0x0000000082b00000, 0x0000000082a00000| Untracked 
|  43|0x0000000082b00000, 0x0000000082c00000, 0x0000000082c00000|100%| O|  |TAMS 0x0000000082c00000, 0x0000000082b00000| Untracked 
|  44|0x0000000082c00000, 0x0000000082d00000, 0x0000000082d00000|100%| O|  |TAMS 0x0000000082d00000, 0x0000000082c00000| Untracked 
|  45|0x0000000082d00000, 0x0000000082e00000, 0x0000000082e00000|100%| O|  |TAMS 0x0000000082e00000, 0x0000000082d00000| Untracked 
|  46|0x0000000082e00000, 0x0000000082f00000, 0x0000000082f00000|100%| O|  |TAMS 0x0000000082f00000, 0x0000000082e00000| Untracked 
|  47|0x0000000082f00000, 0x0000000083000000, 0x0000000083000000|100%| O|  |TAMS 0x0000000083000000, 0x0000000082f00000| Updating 
|  48|0x0000000083000000, 0x0000000083100000, 0x0000000083100000|100%| O|  |TAMS 0x0000000083100000, 0x0000000083000000| Updating 
|  49|0x0000000083100000, 0x0000000083200000, 0x0000000083200000|100%| O|  |TAMS 0x0000000083200000, 0x0000000083100000| Untracked 
|  50|0x0000000083200000, 0x0000000083300000, 0x0000000083300000|100%| O|  |TAMS 0x0000000083300000, 0x0000000083200000| Untracked 
|  51|0x0000000083300000, 0x0000000083400000, 0x0000000083400000|100%| O|  |TAMS 0x0000000083400000, 0x0000000083300000| Untracked 
|  52|0x0000000083400000, 0x0000000083500000, 0x0000000083500000|100%| O|  |TAMS 0x0000000083500000, 0x0000000083400000| Untracked 
|  53|0x0000000083500000, 0x0000000083600000, 0x0000000083600000|100%| O|  |TAMS 0x0000000083600000, 0x0000000083500000| Untracked 
|  54|0x0000000083600000, 0x0000000083700000, 0x0000000083700000|100%| O|  |TAMS 0x0000000083700000, 0x0000000083600000| Updating 
|  55|0x0000000083700000, 0x0000000083800000, 0x0000000083800000|100%| O|  |TAMS 0x0000000083800000, 0x0000000083700000| Untracked 
|  56|0x0000000083800000, 0x0000000083900000, 0x0000000083900000|100%|HS|  |TAMS 0x0000000083900000, 0x0000000083800000| Complete 
|  57|0x0000000083900000, 0x0000000083a00000, 0x0000000083a00000|100%|HS|  |TAMS 0x0000000083a00000, 0x0000000083900000| Complete 
|  58|0x0000000083a00000, 0x0000000083b00000, 0x0000000083b00000|100%|HS|  |TAMS 0x0000000083b00000, 0x0000000083a00000| Complete 
|  59|0x0000000083b00000, 0x0000000083c00000, 0x0000000083c00000|100%|HS|  |TAMS 0x0000000083c00000, 0x0000000083b00000| Complete 
|  60|0x0000000083c00000, 0x0000000083d00000, 0x0000000083d00000|100%|HC|  |TAMS 0x0000000083d00000, 0x0000000083c00000| Complete 
|  61|0x0000000083d00000, 0x0000000083e00000, 0x0000000083e00000|100%| O|  |TAMS 0x0000000083e00000, 0x0000000083d00000| Updating 
|  62|0x0000000083e00000, 0x0000000083f00000, 0x0000000083f00000|100%| O|  |TAMS 0x0000000083f00000, 0x0000000083e00000| Untracked 
|  63|0x0000000083f00000, 0x0000000084000000, 0x0000000084000000|100%| O|  |TAMS 0x0000000084000000, 0x0000000083f00000| Untracked 
|  64|0x0000000084000000, 0x0000000084100000, 0x0000000084100000|100%| O|  |TAMS 0x0000000084100000, 0x0000000084000000| Updating 
|  65|0x0000000084100000, 0x0000000084200000, 0x0000000084200000|100%| O|  |TAMS 0x0000000084200000, 0x0000000084100000| Untracked 
|  66|0x0000000084200000, 0x0000000084300000, 0x0000000084300000|100%| O|  |TAMS 0x0000000084300000, 0x0000000084200000| Untracked 
|  67|0x0000000084300000, 0x0000000084400000, 0x0000000084400000|100%| O|  |TAMS 0x0000000084400000, 0x0000000084300000| Untracked 
|  68|0x0000000084400000, 0x0000000084500000, 0x0000000084500000|100%| O|  |TAMS 0x0000000084500000, 0x0000000084400000| Untracked 
|  69|0x0000000084500000, 0x0000000084600000, 0x0000000084600000|100%| O|  |TAMS 0x0000000084600000, 0x0000000084500000| Untracked 
|  70|0x0000000084600000, 0x0000000084700000, 0x0000000084700000|100%| O|  |TAMS 0x0000000084700000, 0x0000000084600000| Untracked 
|  71|0x0000000084700000, 0x0000000084800000, 0x0000000084800000|100%| O|  |TAMS 0x0000000084800000, 0x0000000084700000| Untracked 
|  72|0x0000000084800000, 0x0000000084900000, 0x0000000084900000|100%| O|  |TAMS 0x0000000084900000, 0x0000000084800000| Untracked 
|  73|0x0000000084900000, 0x0000000084a00000, 0x0000000084a00000|100%| O|  |TAMS 0x0000000084a00000, 0x0000000084900000| Untracked 
|  74|0x0000000084a00000, 0x0000000084b00000, 0x0000000084b00000|100%| O|  |TAMS 0x0000000084b00000, 0x0000000084a00000| Untracked 
|  75|0x0000000084b00000, 0x0000000084c00000, 0x0000000084c00000|100%| O|  |TAMS 0x0000000084c00000, 0x0000000084b00000| Updating 
|  76|0x0000000084c00000, 0x0000000084d00000, 0x0000000084d00000|100%| O|  |TAMS 0x0000000084d00000, 0x0000000084c00000| Untracked 
|  77|0x0000000084d00000, 0x0000000084e00000, 0x0000000084e00000|100%| O|  |TAMS 0x0000000084e00000, 0x0000000084d00000| Untracked 
|  78|0x0000000084e00000, 0x0000000084f00000, 0x0000000084f00000|100%| O|  |TAMS 0x0000000084f00000, 0x0000000084e00000| Untracked 
|  79|0x0000000084f00000, 0x0000000085000000, 0x0000000085000000|100%| O|  |TAMS 0x0000000085000000, 0x0000000084f00000| Untracked 
|  80|0x0000000085000000, 0x0000000085100000, 0x0000000085100000|100%| O|  |TAMS 0x0000000085100000, 0x0000000085000000| Updating 
|  81|0x0000000085100000, 0x0000000085200000, 0x0000000085200000|100%| O|  |TAMS 0x0000000085200000, 0x0000000085100000| Untracked 
|  82|0x0000000085200000, 0x0000000085300000, 0x0000000085300000|100%| O|  |TAMS 0x0000000085300000, 0x0000000085200000| Untracked 
|  83|0x0000000085300000, 0x0000000085400000, 0x0000000085400000|100%| O|  |TAMS 0x0000000085400000, 0x0000000085300000| Untracked 
|  84|0x0000000085400000, 0x0000000085500000, 0x0000000085500000|100%| O|  |TAMS 0x0000000085500000, 0x0000000085400000| Untracked 
|  85|0x0000000085500000, 0x0000000085600000, 0x0000000085600000|100%| O|  |TAMS 0x0000000085600000, 0x0000000085500000| Untracked 
|  86|0x0000000085600000, 0x0000000085700000, 0x0000000085700000|100%| O|  |TAMS 0x0000000085700000, 0x0000000085600000| Untracked 
|  87|0x0000000085700000, 0x0000000085800000, 0x0000000085800000|100%| O|  |TAMS 0x0000000085800000, 0x0000000085700000| Untracked 
|  88|0x0000000085800000, 0x0000000085900000, 0x0000000085900000|100%| O|  |TAMS 0x0000000085900000, 0x0000000085800000| Untracked 
|  89|0x0000000085900000, 0x0000000085a00000, 0x0000000085a00000|100%| O|  |TAMS 0x0000000085a00000, 0x0000000085900000| Updating 
|  90|0x0000000085a00000, 0x0000000085b00000, 0x0000000085b00000|100%| O|  |TAMS 0x0000000085b00000, 0x0000000085a00000| Untracked 
|  91|0x0000000085b00000, 0x0000000085c00000, 0x0000000085c00000|100%| O|  |TAMS 0x0000000085c00000, 0x0000000085b00000| Untracked 
|  92|0x0000000085c00000, 0x0000000085d00000, 0x0000000085d00000|100%| O|  |TAMS 0x0000000085d00000, 0x0000000085c00000| Updating 
|  93|0x0000000085d00000, 0x0000000085e00000, 0x0000000085e00000|100%| O|  |TAMS 0x0000000085e00000, 0x0000000085d00000| Untracked 
|  94|0x0000000085e00000, 0x0000000085f00000, 0x0000000085f00000|100%| O|  |TAMS 0x0000000085f00000, 0x0000000085e00000| Untracked 
|  95|0x0000000085f00000, 0x0000000086000000, 0x0000000086000000|100%| O|  |TAMS 0x0000000086000000, 0x0000000085f00000| Untracked 
|  96|0x0000000086000000, 0x0000000086100000, 0x0000000086100000|100%| O|  |TAMS 0x0000000086100000, 0x0000000086000000| Untracked 
|  97|0x0000000086100000, 0x0000000086200000, 0x0000000086200000|100%| O|  |TAMS 0x0000000086200000, 0x0000000086100000| Untracked 
|  98|0x0000000086200000, 0x0000000086300000, 0x0000000086300000|100%| O|  |TAMS 0x0000000086300000, 0x0000000086200000| Untracked 
|  99|0x0000000086300000, 0x0000000086400000, 0x0000000086400000|100%| O|  |TAMS 0x0000000086400000, 0x0000000086300000| Untracked 
| 100|0x0000000086400000, 0x0000000086500000, 0x0000000086500000|100%| O|  |TAMS 0x0000000086500000, 0x0000000086400000| Untracked 
| 101|0x0000000086500000, 0x0000000086600000, 0x0000000086600000|100%| O|  |TAMS 0x0000000086600000, 0x0000000086500000| Untracked 
| 102|0x0000000086600000, 0x0000000086700000, 0x0000000086700000|100%| O|  |TAMS 0x0000000086700000, 0x0000000086600000| Untracked 
| 103|0x0000000086700000, 0x0000000086800000, 0x0000000086800000|100%| O|  |TAMS 0x0000000086800000, 0x0000000086700000| Updating 
| 104|0x0000000086800000, 0x0000000086900000, 0x0000000086900000|100%| O|  |TAMS 0x0000000086900000, 0x0000000086800000| Untracked 
| 105|0x0000000086900000, 0x0000000086a00000, 0x0000000086a00000|100%| O|  |TAMS 0x0000000086a00000, 0x0000000086900000| Untracked 
| 106|0x0000000086a00000, 0x0000000086b00000, 0x0000000086b00000|100%| O|  |TAMS 0x0000000086b00000, 0x0000000086a00000| Untracked 
| 107|0x0000000086b00000, 0x0000000086c00000, 0x0000000086c00000|100%| O|  |TAMS 0x0000000086c00000, 0x0000000086b00000| Untracked 
| 108|0x0000000086c00000, 0x0000000086d00000, 0x0000000086d00000|100%| O|  |TAMS 0x0000000086d00000, 0x0000000086c00000| Untracked 
| 109|0x0000000086d00000, 0x0000000086e00000, 0x0000000086e00000|100%| O|  |TAMS 0x0000000086e00000, 0x0000000086d00000| Updating 
| 110|0x0000000086e00000, 0x0000000086f00000, 0x0000000086f00000|100%| O|  |TAMS 0x0000000086f00000, 0x0000000086e00000| Untracked 
| 111|0x0000000086f00000, 0x0000000087000000, 0x0000000087000000|100%| O|  |TAMS 0x0000000087000000, 0x0000000086f00000| Untracked 
| 112|0x0000000087000000, 0x0000000087100000, 0x0000000087100000|100%| O|  |TAMS 0x0000000087100000, 0x0000000087000000| Untracked 
| 113|0x0000000087100000, 0x0000000087200000, 0x0000000087200000|100%| O|  |TAMS 0x0000000087200000, 0x0000000087100000| Untracked 
| 114|0x0000000087200000, 0x0000000087300000, 0x0000000087300000|100%| O|  |TAMS 0x0000000087300000, 0x0000000087200000| Untracked 
| 115|0x0000000087300000, 0x0000000087400000, 0x0000000087400000|100%| O|  |TAMS 0x0000000087400000, 0x0000000087300000| Updating 
| 116|0x0000000087400000, 0x0000000087500000, 0x0000000087500000|100%| O|  |TAMS 0x0000000087500000, 0x0000000087400000| Untracked 
| 117|0x0000000087500000, 0x0000000087600000, 0x0000000087600000|100%| O|  |TAMS 0x0000000087600000, 0x0000000087500000| Untracked 
| 118|0x0000000087600000, 0x0000000087700000, 0x0000000087700000|100%| O|  |TAMS 0x0000000087700000, 0x0000000087600000| Untracked 
| 119|0x0000000087700000, 0x0000000087800000, 0x0000000087800000|100%| O|  |TAMS 0x0000000087800000, 0x0000000087700000| Untracked 
| 120|0x0000000087800000, 0x0000000087900000, 0x0000000087900000|100%| O|  |TAMS 0x0000000087900000, 0x0000000087800000| Untracked 
| 121|0x0000000087900000, 0x0000000087a00000, 0x0000000087a00000|100%| O|  |TAMS 0x0000000087a00000, 0x0000000087900000| Untracked 
| 122|0x0000000087a00000, 0x0000000087b00000, 0x0000000087b00000|100%| O|  |TAMS 0x0000000087b00000, 0x0000000087a00000| Untracked 
| 123|0x0000000087b00000, 0x0000000087c00000, 0x0000000087c00000|100%| O|  |TAMS 0x0000000087c00000, 0x0000000087b00000| Updating 
| 124|0x0000000087c00000, 0x0000000087d00000, 0x0000000087d00000|100%| O|  |TAMS 0x0000000087d00000, 0x0000000087c00000| Untracked 
| 125|0x0000000087d00000, 0x0000000087e00000, 0x0000000087e00000|100%| O|  |TAMS 0x0000000087e00000, 0x0000000087d00000| Untracked 
| 126|0x0000000087e00000, 0x0000000087f00000, 0x0000000087f00000|100%| O|  |TAMS 0x0000000087f00000, 0x0000000087e00000| Untracked 
| 127|0x0000000087f00000, 0x0000000088000000, 0x0000000088000000|100%| O|  |TAMS 0x0000000088000000, 0x0000000087f00000| Untracked 
| 128|0x0000000088000000, 0x0000000088100000, 0x0000000088100000|100%| O|  |TAMS 0x0000000088100000, 0x0000000088000000| Updating 
| 129|0x0000000088100000, 0x0000000088200000, 0x0000000088200000|100%| O|  |TAMS 0x0000000088200000, 0x0000000088100000| Untracked 
| 130|0x0000000088200000, 0x0000000088300000, 0x0000000088300000|100%| O|  |TAMS 0x0000000088300000, 0x0000000088200000| Untracked 
| 131|0x0000000088300000, 0x0000000088400000, 0x0000000088400000|100%| O|  |TAMS 0x0000000088400000, 0x0000000088300000| Untracked 
| 132|0x0000000088400000, 0x0000000088500000, 0x0000000088500000|100%| O|  |TAMS 0x0000000088500000, 0x0000000088400000| Untracked 
| 133|0x0000000088500000, 0x0000000088600000, 0x0000000088600000|100%| O|  |TAMS 0x0000000088600000, 0x0000000088500000| Updating 
| 134|0x0000000088600000, 0x0000000088700000, 0x0000000088700000|100%| O|  |TAMS 0x0000000088700000, 0x0000000088600000| Untracked 
| 135|0x0000000088700000, 0x0000000088800000, 0x0000000088800000|100%| O|  |TAMS 0x0000000088800000, 0x0000000088700000| Untracked 
| 136|0x0000000088800000, 0x0000000088900000, 0x0000000088900000|100%| O|  |TAMS 0x0000000088900000, 0x0000000088800000| Untracked 
| 137|0x0000000088900000, 0x0000000088a00000, 0x0000000088a00000|100%| O|  |TAMS 0x0000000088a00000, 0x0000000088900000| Updating 
| 138|0x0000000088a00000, 0x0000000088b00000, 0x0000000088b00000|100%| O|  |TAMS 0x0000000088b00000, 0x0000000088a00000| Untracked 
| 139|0x0000000088b00000, 0x0000000088c00000, 0x0000000088c00000|100%| O|  |TAMS 0x0000000088c00000, 0x0000000088b00000| Untracked 
| 140|0x0000000088c00000, 0x0000000088d00000, 0x0000000088d00000|100%| O|  |TAMS 0x0000000088d00000, 0x0000000088c00000| Untracked 
| 141|0x0000000088d00000, 0x0000000088e00000, 0x0000000088e00000|100%| O|  |TAMS 0x0000000088da3000, 0x0000000088d00000| Untracked 
| 142|0x0000000088e00000, 0x0000000088f00000, 0x0000000088f00000|100%| O|  |TAMS 0x0000000088e00000, 0x0000000088e00000| Untracked 
| 143|0x0000000088f00000, 0x0000000089000000, 0x0000000089000000|100%| O|  |TAMS 0x0000000088f00000, 0x0000000088f00000| Untracked 
| 144|0x0000000089000000, 0x0000000089100000, 0x0000000089100000|100%| O|  |TAMS 0x0000000089000000, 0x0000000089000000| Untracked 
| 145|0x0000000089100000, 0x00000000891f0400, 0x0000000089200000| 93%| O|  |TAMS 0x0000000089100000, 0x0000000089100000| Untracked 
| 146|0x0000000089200000, 0x0000000089200000, 0x0000000089300000|  0%| F|  |TAMS 0x0000000089200000, 0x0000000089200000| Untracked 
| 147|0x0000000089300000, 0x0000000089300000, 0x0000000089400000|  0%| F|  |TAMS 0x0000000089300000, 0x0000000089300000| Untracked 
| 148|0x0000000089400000, 0x0000000089400000, 0x0000000089500000|  0%| F|  |TAMS 0x0000000089400000, 0x0000000089400000| Untracked 
| 149|0x0000000089500000, 0x0000000089500000, 0x0000000089600000|  0%| F|  |TAMS 0x0000000089500000, 0x0000000089500000| Untracked 
| 150|0x0000000089600000, 0x0000000089600000, 0x0000000089700000|  0%| F|  |TAMS 0x0000000089600000, 0x0000000089600000| Untracked 
| 151|0x0000000089700000, 0x0000000089700000, 0x0000000089800000|  0%| F|  |TAMS 0x0000000089700000, 0x0000000089700000| Untracked 
| 152|0x0000000089800000, 0x0000000089800000, 0x0000000089900000|  0%| F|  |TAMS 0x0000000089800000, 0x0000000089800000| Untracked 
| 153|0x0000000089900000, 0x0000000089900000, 0x0000000089a00000|  0%| F|  |TAMS 0x0000000089900000, 0x0000000089900000| Untracked 
| 154|0x0000000089a00000, 0x0000000089a00000, 0x0000000089b00000|  0%| F|  |TAMS 0x0000000089a00000, 0x0000000089a00000| Untracked 
| 155|0x0000000089b00000, 0x0000000089b00000, 0x0000000089c00000|  0%| F|  |TAMS 0x0000000089b00000, 0x0000000089b00000| Untracked 
| 156|0x0000000089c00000, 0x0000000089c00000, 0x0000000089d00000|  0%| F|  |TAMS 0x0000000089c00000, 0x0000000089c00000| Untracked 
| 157|0x0000000089d00000, 0x0000000089d00000, 0x0000000089e00000|  0%| F|  |TAMS 0x0000000089d00000, 0x0000000089d00000| Untracked 
| 158|0x0000000089e00000, 0x0000000089e00000, 0x0000000089f00000|  0%| F|  |TAMS 0x0000000089e00000, 0x0000000089e00000| Untracked 
| 159|0x0000000089f00000, 0x0000000089f00000, 0x000000008a000000|  0%| F|  |TAMS 0x0000000089f00000, 0x0000000089f00000| Untracked 
| 160|0x000000008a000000, 0x000000008a000000, 0x000000008a100000|  0%| F|  |TAMS 0x000000008a000000, 0x000000008a000000| Untracked 
| 161|0x000000008a100000, 0x000000008a100000, 0x000000008a200000|  0%| F|  |TAMS 0x000000008a100000, 0x000000008a100000| Untracked 
| 162|0x000000008a200000, 0x000000008a200000, 0x000000008a300000|  0%| F|  |TAMS 0x000000008a200000, 0x000000008a200000| Untracked 
| 163|0x000000008a300000, 0x000000008a300000, 0x000000008a400000|  0%| F|  |TAMS 0x000000008a300000, 0x000000008a300000| Untracked 
| 164|0x000000008a400000, 0x000000008a400000, 0x000000008a500000|  0%| F|  |TAMS 0x000000008a400000, 0x000000008a400000| Untracked 
| 165|0x000000008a500000, 0x000000008a500000, 0x000000008a600000|  0%| F|  |TAMS 0x000000008a500000, 0x000000008a500000| Untracked 
| 166|0x000000008a600000, 0x000000008a600000, 0x000000008a700000|  0%| F|  |TAMS 0x000000008a600000, 0x000000008a600000| Untracked 
| 167|0x000000008a700000, 0x000000008a700000, 0x000000008a800000|  0%| F|  |TAMS 0x000000008a700000, 0x000000008a700000| Untracked 
| 168|0x000000008a800000, 0x000000008a800000, 0x000000008a900000|  0%| F|  |TAMS 0x000000008a800000, 0x000000008a800000| Untracked 
| 169|0x000000008a900000, 0x000000008a900000, 0x000000008aa00000|  0%| F|  |TAMS 0x000000008a900000, 0x000000008a900000| Untracked 
| 170|0x000000008aa00000, 0x000000008aa00000, 0x000000008ab00000|  0%| F|  |TAMS 0x000000008aa00000, 0x000000008aa00000| Untracked 
| 171|0x000000008ab00000, 0x000000008ab00000, 0x000000008ac00000|  0%| F|  |TAMS 0x000000008ab00000, 0x000000008ab00000| Untracked 
| 172|0x000000008ac00000, 0x000000008ac00000, 0x000000008ad00000|  0%| F|  |TAMS 0x000000008ac00000, 0x000000008ac00000| Untracked 
| 173|0x000000008ad00000, 0x000000008ad00000, 0x000000008ae00000|  0%| F|  |TAMS 0x000000008ad00000, 0x000000008ad00000| Untracked 
| 174|0x000000008ae00000, 0x000000008ae00000, 0x000000008af00000|  0%| F|  |TAMS 0x000000008ae00000, 0x000000008ae00000| Untracked 
| 175|0x000000008af00000, 0x000000008af00000, 0x000000008b000000|  0%| F|  |TAMS 0x000000008af00000, 0x000000008af00000| Untracked 
| 176|0x000000008b000000, 0x000000008b100000, 0x000000008b100000|100%| S|CS|TAMS 0x000000008b000000, 0x000000008b000000| Complete 
| 177|0x000000008b100000, 0x000000008b200000, 0x000000008b200000|100%| S|CS|TAMS 0x000000008b100000, 0x000000008b100000| Complete 
| 178|0x000000008b200000, 0x000000008b200000, 0x000000008b300000|  0%| F|  |TAMS 0x000000008b200000, 0x000000008b200000| Untracked 
| 179|0x000000008b300000, 0x000000008b300000, 0x000000008b400000|  0%| F|  |TAMS 0x000000008b300000, 0x000000008b300000| Untracked 
| 180|0x000000008b400000, 0x000000008b400000, 0x000000008b500000|  0%| F|  |TAMS 0x000000008b400000, 0x000000008b400000| Untracked 
| 181|0x000000008b500000, 0x000000008b500000, 0x000000008b600000|  0%| F|  |TAMS 0x000000008b500000, 0x000000008b500000| Untracked 
| 182|0x000000008b600000, 0x000000008b700000, 0x000000008b700000|100%| S|CS|TAMS 0x000000008b600000, 0x000000008b600000| Complete 
| 183|0x000000008b700000, 0x000000008b800000, 0x000000008b800000|100%| S|CS|TAMS 0x000000008b700000, 0x000000008b700000| Complete 
| 184|0x000000008b800000, 0x000000008b900000, 0x000000008b900000|100%| S|CS|TAMS 0x000000008b800000, 0x000000008b800000| Complete 
| 185|0x000000008b900000, 0x000000008b900000, 0x000000008ba00000|  0%| F|  |TAMS 0x000000008b900000, 0x000000008b900000| Untracked 
| 186|0x000000008ba00000, 0x000000008ba00000, 0x000000008bb00000|  0%| F|  |TAMS 0x000000008ba00000, 0x000000008ba00000| Untracked 
| 187|0x000000008bb00000, 0x000000008bb00000, 0x000000008bc00000|  0%| F|  |TAMS 0x000000008bb00000, 0x000000008bb00000| Untracked 
| 188|0x000000008bc00000, 0x000000008bc00000, 0x000000008bd00000|  0%| F|  |TAMS 0x000000008bc00000, 0x000000008bc00000| Untracked 
| 189|0x000000008bd00000, 0x000000008bd00000, 0x000000008be00000|  0%| F|  |TAMS 0x000000008bd00000, 0x000000008bd00000| Untracked 
| 190|0x000000008be00000, 0x000000008be00000, 0x000000008bf00000|  0%| F|  |TAMS 0x000000008be00000, 0x000000008be00000| Untracked 
| 191|0x000000008bf00000, 0x000000008bf00000, 0x000000008c000000|  0%| F|  |TAMS 0x000000008bf00000, 0x000000008bf00000| Untracked 
| 192|0x000000008c000000, 0x000000008c000000, 0x000000008c100000|  0%| F|  |TAMS 0x000000008c000000, 0x000000008c000000| Untracked 
| 193|0x000000008c100000, 0x000000008c100000, 0x000000008c200000|  0%| F|  |TAMS 0x000000008c100000, 0x000000008c100000| Untracked 
| 194|0x000000008c200000, 0x000000008c200000, 0x000000008c300000|  0%| F|  |TAMS 0x000000008c200000, 0x000000008c200000| Untracked 
| 195|0x000000008c300000, 0x000000008c300000, 0x000000008c400000|  0%| F|  |TAMS 0x000000008c300000, 0x000000008c300000| Untracked 
| 196|0x000000008c400000, 0x000000008c400000, 0x000000008c500000|  0%| F|  |TAMS 0x000000008c400000, 0x000000008c400000| Untracked 
| 197|0x000000008c500000, 0x000000008c500000, 0x000000008c600000|  0%| F|  |TAMS 0x000000008c500000, 0x000000008c500000| Untracked 
| 198|0x000000008c600000, 0x000000008c600000, 0x000000008c700000|  0%| F|  |TAMS 0x000000008c600000, 0x000000008c600000| Untracked 
| 199|0x000000008c700000, 0x000000008c700000, 0x000000008c800000|  0%| F|  |TAMS 0x000000008c700000, 0x000000008c700000| Untracked 
| 200|0x000000008c800000, 0x000000008c800000, 0x000000008c900000|  0%| F|  |TAMS 0x000000008c800000, 0x000000008c800000| Untracked 
| 201|0x000000008c900000, 0x000000008c900000, 0x000000008ca00000|  0%| F|  |TAMS 0x000000008c900000, 0x000000008c900000| Untracked 
| 202|0x000000008ca00000, 0x000000008ca00000, 0x000000008cb00000|  0%| F|  |TAMS 0x000000008ca00000, 0x000000008ca00000| Untracked 
| 203|0x000000008cb00000, 0x000000008cb00000, 0x000000008cc00000|  0%| F|  |TAMS 0x000000008cb00000, 0x000000008cb00000| Untracked 
| 204|0x000000008cc00000, 0x000000008cc00000, 0x000000008cd00000|  0%| F|  |TAMS 0x000000008cc00000, 0x000000008cc00000| Untracked 
| 205|0x000000008cd00000, 0x000000008cd00000, 0x000000008ce00000|  0%| F|  |TAMS 0x000000008cd00000, 0x000000008cd00000| Untracked 
| 206|0x000000008ce00000, 0x000000008ce00000, 0x000000008cf00000|  0%| F|  |TAMS 0x000000008ce00000, 0x000000008ce00000| Untracked 
| 207|0x000000008cf00000, 0x000000008cf00000, 0x000000008d000000|  0%| F|  |TAMS 0x000000008cf00000, 0x000000008cf00000| Untracked 
| 208|0x000000008d000000, 0x000000008d000000, 0x000000008d100000|  0%| F|  |TAMS 0x000000008d000000, 0x000000008d000000| Untracked 
| 209|0x000000008d100000, 0x000000008d100000, 0x000000008d200000|  0%| F|  |TAMS 0x000000008d100000, 0x000000008d100000| Untracked 
| 210|0x000000008d200000, 0x000000008d200000, 0x000000008d300000|  0%| F|  |TAMS 0x000000008d200000, 0x000000008d200000| Untracked 
| 211|0x000000008d300000, 0x000000008d300000, 0x000000008d400000|  0%| F|  |TAMS 0x000000008d300000, 0x000000008d300000| Untracked 
| 212|0x000000008d400000, 0x000000008d400000, 0x000000008d500000|  0%| F|  |TAMS 0x000000008d400000, 0x000000008d400000| Untracked 
| 213|0x000000008d500000, 0x000000008d500000, 0x000000008d600000|  0%| F|  |TAMS 0x000000008d500000, 0x000000008d500000| Untracked 
| 214|0x000000008d600000, 0x000000008d600000, 0x000000008d700000|  0%| F|  |TAMS 0x000000008d600000, 0x000000008d600000| Untracked 
| 215|0x000000008d700000, 0x000000008d700000, 0x000000008d800000|  0%| F|  |TAMS 0x000000008d700000, 0x000000008d700000| Untracked 
| 216|0x000000008d800000, 0x000000008d800000, 0x000000008d900000|  0%| F|  |TAMS 0x000000008d800000, 0x000000008d800000| Untracked 
| 217|0x000000008d900000, 0x000000008d900000, 0x000000008da00000|  0%| F|  |TAMS 0x000000008d900000, 0x000000008d900000| Untracked 
| 218|0x000000008da00000, 0x000000008da00000, 0x000000008db00000|  0%| F|  |TAMS 0x000000008da00000, 0x000000008da00000| Untracked 
| 219|0x000000008db00000, 0x000000008db00000, 0x000000008dc00000|  0%| F|  |TAMS 0x000000008db00000, 0x000000008db00000| Untracked 
| 220|0x000000008dc00000, 0x000000008dc80800, 0x000000008dd00000| 50%| E|  |TAMS 0x000000008dc00000, 0x000000008dc00000| Complete 
| 221|0x000000008dd00000, 0x000000008de00000, 0x000000008de00000|100%| E|CS|TAMS 0x000000008dd00000, 0x000000008dd00000| Complete 
| 222|0x000000008de00000, 0x000000008df00000, 0x000000008df00000|100%| E|CS|TAMS 0x000000008de00000, 0x000000008de00000| Complete 
| 223|0x000000008df00000, 0x000000008e000000, 0x000000008e000000|100%| E|CS|TAMS 0x000000008df00000, 0x000000008df00000| Complete 
| 255|0x000000008ff00000, 0x0000000090000000, 0x0000000090000000|100%| E|CS|TAMS 0x000000008ff00000, 0x000000008ff00000| Complete 

Card table byte_map: [0x000001ef1be10000,0x000001ef1c210000] _byte_map_base: 0x000001ef1ba10000

Marking Bits (Prev, Next): (CMBitMap*) 0x000001ef051e11f0, (CMBitMap*) 0x000001ef051e11b0
 Prev Bits: [0x000001ef1e610000, 0x000001ef20610000)
 Next Bits: [0x000001ef1c610000, 0x000001ef1e610000)

Polling page: 0x000001ef03070000

Metaspace:

Usage:
  Non-class:     79.27 MB used.
      Class:     12.67 MB used.
       Both:     91.93 MB used.

Virtual space:
  Non-class space:       88.00 MB reserved,      80.06 MB ( 91%) committed,  11 nodes.
      Class space:      412.00 MB reserved,      13.38 MB (  3%) committed,  1 nodes.
             Both:      500.00 MB reserved,      93.44 MB ( 19%) committed. 

Chunk freelists:
   Non-Class:  3.77 MB
       Class:  2.67 MB
        Both:  6.44 MB

MaxMetaspaceSize: 512.00 MB
CompressedClassSpaceSize: 412.00 MB
Initial GC threshold: 21.00 MB
Current GC threshold: 144.19 MB
CDS: on
MetaspaceReclaimPolicy: balanced
 - commit_granule_bytes: 65536.
 - commit_granule_words: 8192.
 - virtual_space_node_default_size: 1048576.
 - enlarge_chunks_in_place: 1.
 - new_chunks_are_fully_committed: 0.
 - uncommit_free_chunks: 1.
 - use_allocation_guard: 0.
 - handle_deallocations: 1.


Internal statistics:

num_allocs_failed_limit: 6.
num_arena_births: 1554.
num_arena_deaths: 0.
num_vsnodes_births: 12.
num_vsnodes_deaths: 0.
num_space_committed: 1495.
num_space_uncommitted: 0.
num_chunks_returned_to_freelist: 6.
num_chunks_taken_from_freelist: 5845.
num_chunk_merges: 6.
num_chunk_splits: 3751.
num_chunks_enlarged: 2311.
num_purges: 0.
num_inconsistent_stats: 0.

CodeHeap 'non-profiled nmethods': size=120000Kb used=8751Kb max_used=9014Kb free=111248Kb
 bounds [0x000001ef144e0000, 0x000001ef14dc0000, 0x000001ef1ba10000]
CodeHeap 'profiled nmethods': size=120000Kb used=23162Kb max_used=25684Kb free=96838Kb
 bounds [0x000001ef0ca10000, 0x000001ef0e330000, 0x000001ef13f40000]
CodeHeap 'non-nmethods': size=5760Kb used=2407Kb max_used=2494Kb free=3352Kb
 bounds [0x000001ef13f40000, 0x000001ef141e0000, 0x000001ef144e0000]
 total_blobs=12569 nmethods=11625 adapters=854
 compilation: enabled
              stopped_count=0, restarted_count=0
 full_count=0

Compilation events (20 events):
Event: 478.675 Thread 0x000001ef22b327c0 13911       1       com.android.build.gradle.internal.dsl.TestOptions::getUnitTests (5 bytes)
Event: 478.675 Thread 0x000001ef22b327c0 nmethod 13911 0x000001ef14bf7510 code [0x000001ef14bf76a0, 0x000001ef14bf7778]
Event: 478.683 Thread 0x000001ef22b327c0 13912  s!   3       groovy.lang.MetaClassImpl::reinitialize (28 bytes)
Event: 478.683 Thread 0x000001ef22b327c0 nmethod 13912 0x000001ef0ca5c010 code [0x000001ef0ca5c1e0, 0x000001ef0ca5c598]
Event: 478.683 Thread 0x000001ef22b327c0 13913       3       groovy.lang.MetaClassImpl::fillMethodIndex (86 bytes)
Event: 478.684 Thread 0x000001ef22b327c0 nmethod 13913 0x000001ef0cbc5a10 code [0x000001ef0cbc5ca0, 0x000001ef0cbc67e8]
Event: 478.684 Thread 0x000001ef22b327c0 13914       3       groovy.lang.MetaClassImpl$$Lambda$300/0x0000000800f973a8::<init> (10 bytes)
Event: 478.684 Thread 0x000001ef22b327c0 nmethod 13914 0x000001ef0ca89290 code [0x000001ef0ca89420, 0x000001ef0ca895d8]
Event: 478.684 Thread 0x000001ef22b327c0 13915       3       groovy.lang.MetaClassImpl$$Lambda$300/0x0000000800f973a8::run (8 bytes)
Event: 478.684 Thread 0x000001ef22b327c0 nmethod 13915 0x000001ef0cb80890 code [0x000001ef0cb80a40, 0x000001ef0cb80be8]
Event: 478.687 Thread 0x000001ef22b327c0 13917       3       groovy.lang.MetaClassImpl::setupProperties (298 bytes)
Event: 478.690 Thread 0x000001ef22b327c0 nmethod 13917 0x000001ef0d295c90 code [0x000001ef0d296260, 0x000001ef0d299b28]
Event: 478.690 Thread 0x000001ef27f82dd0 13916   !   4       java.beans.PropertyDescriptor::findPropertyType (145 bytes)
Event: 478.710 Thread 0x000001ef22b26d50 nmethod 13894 0x000001ef14dada90 code [0x000001ef14dae100, 0x000001ef14db70c0]
Event: 478.711 Thread 0x000001ef22b26d50 13895 %     4       org.codehaus.groovy.runtime.metaclass.MetaMethodIndex::copyNonPrivateNonNewMetaMethods @ 5 (24 bytes)
Event: 478.722 Thread 0x000001ef22b26d50 nmethod 13895% 0x000001ef146f4490 code [0x000001ef146f4660, 0x000001ef146f4d70]
Event: 478.722 Thread 0x000001ef22b26d50 13906       4       org.gradle.internal.operations.DefaultBuildOperationExecutor::run (11 bytes)
Event: 478.741 Thread 0x000001ef22b26d50 nmethod 13906 0x000001ef1498c490 code [0x000001ef1498c680, 0x000001ef1498cf90]
Event: 478.741 Thread 0x000001ef22b26d50 13898       4       jdk.internal.org.objectweb.asm.MethodWriter::visitFieldInsn (258 bytes)
Event: 478.748 Thread 0x000001ef22b26d50 nmethod 13898 0x000001ef147fe710 code [0x000001ef147fe8e0, 0x000001ef147feda8]

GC Heap History (20 events):
Event: 372.130 GC heap before
{Heap before GC invocations=59 (full 0):
 garbage-first heap   total 193536K, used 148835K [0x0000000080000000, 0x0000000100000000)
  region size 1024K, 43 young (44032K), 7 survivors (7168K)
 Metaspace       used 85713K, committed 86912K, reserved 503808K
  class space    used 11777K, committed 12352K, reserved 421888K
}
Event: 372.145 GC heap after
{Heap after GC invocations=60 (full 0):
 garbage-first heap   total 193536K, used 118784K [0x0000000080000000, 0x0000000100000000)
  region size 1024K, 6 young (6144K), 6 survivors (6144K)
 Metaspace       used 85713K, committed 86912K, reserved 503808K
  class space    used 11777K, committed 12352K, reserved 421888K
}
Event: 372.173 GC heap before
{Heap before GC invocations=60 (full 0):
 garbage-first heap   total 193536K, used 121856K [0x0000000080000000, 0x0000000100000000)
  region size 1024K, 9 young (9216K), 6 survivors (6144K)
 Metaspace       used 85719K, committed 86912K, reserved 503808K
  class space    used 11777K, committed 12352K, reserved 421888K
}
Event: 372.187 GC heap after
{Heap after GC invocations=61 (full 0):
 garbage-first heap   total 193536K, used 120046K [0x0000000080000000, 0x0000000100000000)
  region size 1024K, 2 young (2048K), 2 survivors (2048K)
 Metaspace       used 85719K, committed 86912K, reserved 503808K
  class space    used 11777K, committed 12352K, reserved 421888K
}
Event: 394.707 GC heap before
{Heap before GC invocations=61 (full 0):
 garbage-first heap   total 193536K, used 156910K [0x0000000080000000, 0x0000000100000000)
  region size 1024K, 38 young (38912K), 2 survivors (2048K)
 Metaspace       used 86161K, committed 87424K, reserved 503808K
  class space    used 11839K, committed 12416K, reserved 421888K
}
Event: 394.716 GC heap after
{Heap after GC invocations=62 (full 0):
 garbage-first heap   total 193536K, used 125952K [0x0000000080000000, 0x0000000100000000)
  region size 1024K, 5 young (5120K), 5 survivors (5120K)
 Metaspace       used 86161K, committed 87424K, reserved 503808K
  class space    used 11839K, committed 12416K, reserved 421888K
}
Event: 422.971 GC heap before
{Heap before GC invocations=62 (full 0):
 garbage-first heap   total 193536K, used 158720K [0x0000000080000000, 0x0000000100000000)
  region size 1024K, 37 young (37888K), 5 survivors (5120K)
 Metaspace       used 86618K, committed 87936K, reserved 503808K
  class space    used 11904K, committed 12480K, reserved 421888K
}
Event: 422.993 GC heap after
{Heap after GC invocations=63 (full 0):
 garbage-first heap   total 193536K, used 131629K [0x0000000080000000, 0x0000000100000000)
  region size 1024K, 5 young (5120K), 5 survivors (5120K)
 Metaspace       used 86618K, committed 87936K, reserved 503808K
  class space    used 11904K, committed 12480K, reserved 421888K
}
Event: 433.751 GC heap before
{Heap before GC invocations=63 (full 0):
 garbage-first heap   total 193536K, used 160301K [0x0000000080000000, 0x0000000100000000)
  region size 1024K, 33 young (33792K), 5 survivors (5120K)
 Metaspace       used 87130K, committed 88576K, reserved 503808K
  class space    used 11990K, committed 12672K, reserved 421888K
}
Event: 433.764 GC heap after
{Heap after GC invocations=64 (full 0):
 garbage-first heap   total 193536K, used 136940K [0x0000000080000000, 0x0000000100000000)
  region size 1024K, 5 young (5120K), 5 survivors (5120K)
 Metaspace       used 87130K, committed 88576K, reserved 503808K
  class space    used 11990K, committed 12672K, reserved 421888K
}
Event: 442.928 GC heap before
{Heap before GC invocations=65 (full 0):
 garbage-first heap   total 230400K, used 158444K [0x0000000080000000, 0x0000000100000000)
  region size 1024K, 26 young (26624K), 5 survivors (5120K)
 Metaspace       used 88599K, committed 90048K, reserved 503808K
  class space    used 12188K, committed 12864K, reserved 421888K
}
Event: 442.938 GC heap after
{Heap after GC invocations=66 (full 0):
 garbage-first heap   total 230400K, used 139706K [0x0000000080000000, 0x0000000100000000)
  region size 1024K, 3 young (3072K), 3 survivors (3072K)
 Metaspace       used 88599K, committed 90048K, reserved 503808K
  class space    used 12188K, committed 12864K, reserved 421888K
}
Event: 460.458 GC heap before
{Heap before GC invocations=66 (full 0):
 garbage-first heap   total 230400K, used 147898K [0x0000000080000000, 0x0000000100000000)
  region size 1024K, 11 young (11264K), 3 survivors (3072K)
 Metaspace       used 88932K, committed 90432K, reserved 503808K
  class space    used 12224K, committed 12928K, reserved 421888K
}
Event: 460.464 GC heap after
{Heap after GC invocations=67 (full 0):
 garbage-first heap   total 230400K, used 139925K [0x0000000080000000, 0x0000000100000000)
  region size 1024K, 2 young (2048K), 2 survivors (2048K)
 Metaspace       used 88932K, committed 90432K, reserved 503808K
  class space    used 12224K, committed 12928K, reserved 421888K
}
Event: 465.521 GC heap before
{Heap before GC invocations=67 (full 0):
 garbage-first heap   total 230400K, used 186005K [0x0000000080000000, 0x0000000100000000)
  region size 1024K, 47 young (48128K), 2 survivors (2048K)
 Metaspace       used 90484K, committed 92032K, reserved 503808K
  class space    used 12476K, committed 13184K, reserved 421888K
}
Event: 465.529 GC heap after
{Heap after GC invocations=68 (full 0):
 garbage-first heap   total 230400K, used 144970K [0x0000000080000000, 0x0000000100000000)
  region size 1024K, 6 young (6144K), 6 survivors (6144K)
 Metaspace       used 90484K, committed 92032K, reserved 503808K
  class space    used 12476K, committed 13184K, reserved 421888K
}
Event: 473.906 GC heap before
{Heap before GC invocations=68 (full 0):
 garbage-first heap   total 230400K, used 189002K [0x0000000080000000, 0x0000000100000000)
  region size 1024K, 49 young (50176K), 6 survivors (6144K)
 Metaspace       used 92862K, committed 94400K, reserved 503808K
  class space    used 12793K, committed 13504K, reserved 421888K
}
Event: 473.917 GC heap after
{Heap after GC invocations=69 (full 0):
 garbage-first heap   total 230400K, used 149879K [0x0000000080000000, 0x0000000100000000)
  region size 1024K, 5 young (5120K), 5 survivors (5120K)
 Metaspace       used 92862K, committed 94400K, reserved 503808K
  class space    used 12793K, committed 13504K, reserved 421888K
}
Event: 478.339 GC heap before
{Heap before GC invocations=69 (full 0):
 garbage-first heap   total 230400K, used 190839K [0x0000000080000000, 0x0000000100000000)
  region size 1024K, 45 young (46080K), 5 survivors (5120K)
 Metaspace       used 94030K, committed 95552K, reserved 512000K
  class space    used 12959K, committed 13632K, reserved 421888K
}
Event: 478.349 GC heap after
{Heap after GC invocations=70 (full 0):
 garbage-first heap   total 230400K, used 154561K [0x0000000080000000, 0x0000000100000000)
  region size 1024K, 5 young (5120K), 5 survivors (5120K)
 Metaspace       used 94030K, committed 95552K, reserved 512000K
  class space    used 12959K, committed 13632K, reserved 421888K
}

Deoptimization events (20 events):
Event: 477.519 Thread 0x000001ef24452170 Uncommon trap: trap_request=0xffffff45 fr.pc=0x000001ef14821c08 relative=0x0000000000001808
Event: 477.519 Thread 0x000001ef24452170 Uncommon trap: reason=unstable_if action=reinterpret pc=0x000001ef14821c08 method=org.objectweb.asm.Type.getArgumentsAndReturnSizes(Ljava/lang/String;)I @ 117 c2
Event: 477.519 Thread 0x000001ef24452170 DEOPT PACKING pc=0x000001ef14821c08 sp=0x000000e5719f5950
Event: 477.519 Thread 0x000001ef24452170 DEOPT UNPACKING pc=0x000001ef13f923a3 sp=0x000000e5719f5808 mode 2
Event: 477.519 Thread 0x000001ef24452170 Uncommon trap: trap_request=0xffffff45 fr.pc=0x000001ef148379e0 relative=0x0000000000000760
Event: 477.519 Thread 0x000001ef24452170 Uncommon trap: reason=unstable_if action=reinterpret pc=0x000001ef148379e0 method=org.objectweb.asm.Frame.getAbstractTypeFromDescriptor(Lorg/objectweb/asm/SymbolTable;Ljava/lang/String;I)I @ 5 c2
Event: 477.519 Thread 0x000001ef24452170 DEOPT PACKING pc=0x000001ef148379e0 sp=0x000000e5719f57d0
Event: 477.519 Thread 0x000001ef24452170 DEOPT UNPACKING pc=0x000001ef13f923a3 sp=0x000000e5719f5790 mode 2
Event: 477.519 Thread 0x000001ef24452170 Uncommon trap: trap_request=0xffffff45 fr.pc=0x000001ef145487c8 relative=0x0000000000000448
Event: 477.519 Thread 0x000001ef24452170 Uncommon trap: reason=unstable_if action=reinterpret pc=0x000001ef145487c8 method=org.objectweb.asm.Type.getArgumentsAndReturnSizes(Ljava/lang/String;)I @ 19 c2
Event: 477.519 Thread 0x000001ef24452170 DEOPT PACKING pc=0x000001ef145487c8 sp=0x000000e5719f5790
Event: 477.519 Thread 0x000001ef24452170 DEOPT UNPACKING pc=0x000001ef13f923a3 sp=0x000000e5719f5710 mode 2
Event: 477.519 Thread 0x000001ef24452170 Uncommon trap: trap_request=0xffffff45 fr.pc=0x000001ef14a91cb4 relative=0x0000000000000114
Event: 477.519 Thread 0x000001ef24452170 Uncommon trap: reason=unstable_if action=reinterpret pc=0x000001ef14a91cb4 method=org.objectweb.asm.Type.getOpcode(I)I @ 136 c2
Event: 477.519 Thread 0x000001ef24452170 DEOPT PACKING pc=0x000001ef14a91cb4 sp=0x000000e5719f5a30
Event: 477.519 Thread 0x000001ef24452170 DEOPT UNPACKING pc=0x000001ef13f923a3 sp=0x000000e5719f59c0 mode 2
Event: 478.657 Thread 0x000001ef24452170 Uncommon trap: trap_request=0xffffff45 fr.pc=0x000001ef1479e2f0 relative=0x0000000000000530
Event: 478.657 Thread 0x000001ef24452170 Uncommon trap: reason=unstable_if action=reinterpret pc=0x000001ef1479e2f0 method=java.lang.StringLatin1.regionMatchesCI([BI[BII)Z @ 72 c2
Event: 478.657 Thread 0x000001ef24452170 DEOPT PACKING pc=0x000001ef1479e2f0 sp=0x000000e5719f2ab0
Event: 478.657 Thread 0x000001ef24452170 DEOPT UNPACKING pc=0x000001ef13f923a3 sp=0x000000e5719f2920 mode 2

Classes unloaded (0 events):
No events

Classes redefined (0 events):
No events

Internal exceptions (20 events):
Event: 477.237 Thread 0x000001ef24452170 Exception <a 'java/lang/ClassNotFoundException'{0x000000008c1a5518}: com/android/build/gradle/tasks/GenerateTestConfig_DecoratedBeanInfo> (0x000000008c1a5518) 
thrown [s\open\src\hotspot\share\classfile\systemDictionary.cpp, line 256]
Event: 477.238 Thread 0x000001ef24452170 Exception <a 'java/lang/ClassNotFoundException'{0x000000008c1b5658}: com/android/build/gradle/tasks/GenerateTestConfigBeanInfo> (0x000000008c1b5658) 
thrown [s\open\src\hotspot\share\classfile\systemDictionary.cpp, line 256]
Event: 477.238 Thread 0x000001ef24452170 Exception <a 'java/lang/ClassNotFoundException'{0x000000008c1c5778}: com/android/build/gradle/tasks/GenerateTestConfigCustomizer> (0x000000008c1c5778) 
thrown [s\open\src\hotspot\share\classfile\systemDictionary.cpp, line 256]
Event: 477.240 Thread 0x000001ef24452170 Exception <a 'java/lang/ClassNotFoundException'{0x000000008c1e7610}: com/android/build/gradle/tasks/GenerateTestConfig_DecoratedCustomizer> (0x000000008c1e7610) 
thrown [s\open\src\hotspot\share\classfile\systemDictionary.cpp, line 256]
Event: 478.318 Thread 0x000001ef24452170 Exception <a 'java/lang/ClassNotFoundException'{0x000000008ba77048}: com/android/build/gradle/tasks/factory/AndroidUnitTest_DecoratedBeanInfo> (0x000000008ba77048) 
thrown [s\open\src\hotspot\share\classfile\systemDictionary.cpp, line 256]
Event: 478.319 Thread 0x000001ef24452170 Exception <a 'java/lang/ClassNotFoundException'{0x000000008ba874a0}: com/android/build/gradle/tasks/factory/AndroidUnitTestBeanInfo> (0x000000008ba874a0) 
thrown [s\open\src\hotspot\share\classfile\systemDictionary.cpp, line 256]
Event: 478.321 Thread 0x000001ef24452170 Exception <a 'java/lang/ClassNotFoundException'{0x000000008baa66c0}: org/gradle/api/tasks/testing/TestBeanInfo> (0x000000008baa66c0) 
thrown [s\open\src\hotspot\share\classfile\systemDictionary.cpp, line 256]
Event: 478.322 Thread 0x000001ef24452170 Exception <a 'java/lang/ClassNotFoundException'{0x000000008bac5da8}: org/gradle/api/tasks/testing/AbstractTestTaskBeanInfo> (0x000000008bac5da8) 
thrown [s\open\src\hotspot\share\classfile\systemDictionary.cpp, line 256]
Event: 478.324 Thread 0x000001ef24452170 Exception <a 'java/lang/ClassNotFoundException'{0x000000008bae52f8}: org/gradle/api/tasks/testing/AbstractTestTaskCustomizer> (0x000000008bae52f8) 
thrown [s\open\src\hotspot\share\classfile\systemDictionary.cpp, line 256]
Event: 478.331 Thread 0x000001ef24452170 Exception <a 'java/lang/ClassNotFoundException'{0x000000008b9236b0}: org/gradle/api/tasks/testing/TestCustomizer> (0x000000008b9236b0) 
thrown [s\open\src\hotspot\share\classfile\systemDictionary.cpp, line 256]
Event: 478.336 Thread 0x000001ef24452170 Exception <a 'java/lang/ClassNotFoundException'{0x000000008b9b7af0}: com/android/build/gradle/tasks/factory/AndroidUnitTestCustomizer> (0x000000008b9b7af0) 
thrown [s\open\src\hotspot\share\classfile\systemDictionary.cpp, line 256]
Event: 478.339 Thread 0x000001ef24452170 Exception <a 'java/lang/ClassNotFoundException'{0x000000008b9e55a8}: com/android/build/gradle/tasks/factory/AndroidUnitTest_DecoratedCustomizer> (0x000000008b9e55a8) 
thrown [s\open\src\hotspot\share\classfile\systemDictionary.cpp, line 256]
Event: 478.364 Thread 0x000001ef24452170 Exception <a 'java/lang/ClassNotFoundException'{0x000000008df29690}: org/gradle/api/internal/tasks/testing/logging/DefaultTestLoggingContainer_DecoratedBeanInfo> (0x000000008df29690) 
thrown [s\open\src\hotspot\share\classfile\systemDictionary.cpp, line 256]
Event: 478.366 Thread 0x000001ef24452170 Exception <a 'java/lang/ClassNotFoundException'{0x000000008df4a210}: org/gradle/api/internal/tasks/testing/logging/DefaultTestLoggingContainerBeanInfo> (0x000000008df4a210) 
thrown [s\open\src\hotspot\share\classfile\systemDictionary.cpp, line 256]
Event: 478.368 Thread 0x000001ef24452170 Exception <a 'java/lang/ClassNotFoundException'{0x000000008df6a5a0}: org/gradle/api/internal/tasks/testing/logging/DefaultTestLoggingContainerCustomizer> (0x000000008df6a5a0) 
thrown [s\open\src\hotspot\share\classfile\systemDictionary.cpp, line 256]
Event: 478.370 Thread 0x000001ef24452170 Exception <a 'java/lang/ClassNotFoundException'{0x000000008dfb2e50}: org/gradle/api/internal/tasks/testing/logging/DefaultTestLoggingContainer_DecoratedCustomizer> (0x000000008dfb2e50) 
thrown [s\open\src\hotspot\share\classfile\systemDictionary.cpp, line 256]
Event: 478.684 Thread 0x000001ef24452170 Exception <a 'java/lang/ClassNotFoundException'{0x000000008ddb9590}: com/android/build/gradle/internal/lint/LintModelWriterTask_DecoratedBeanInfo> (0x000000008ddb9590) 
thrown [s\open\src\hotspot\share\classfile\systemDictionary.cpp, line 256]
Event: 478.685 Thread 0x000001ef24452170 Exception <a 'java/lang/ClassNotFoundException'{0x000000008ddc9820}: com/android/build/gradle/internal/lint/LintModelWriterTaskBeanInfo> (0x000000008ddc9820) 
thrown [s\open\src\hotspot\share\classfile\systemDictionary.cpp, line 256]
Event: 478.685 Thread 0x000001ef24452170 Exception <a 'java/lang/ClassNotFoundException'{0x000000008ddd9a90}: com/android/build/gradle/internal/lint/LintModelWriterTaskCustomizer> (0x000000008ddd9a90) 
thrown [s\open\src\hotspot\share\classfile\systemDictionary.cpp, line 256]
Event: 478.687 Thread 0x000001ef24452170 Exception <a 'java/lang/ClassNotFoundException'{0x000000008ddfea10}: com/android/build/gradle/internal/lint/LintModelWriterTask_DecoratedCustomizer> (0x000000008ddfea10) 
thrown [s\open\src\hotspot\share\classfile\systemDictionary.cpp, line 256]

VM Operations (20 events):
Event: 470.862 Executing VM operation: Cleanup done
Event: 471.876 Executing VM operation: Cleanup
Event: 472.107 Executing VM operation: Cleanup done
Event: 473.111 Executing VM operation: Cleanup
Event: 473.111 Executing VM operation: Cleanup done
Event: 473.906 Executing VM operation: G1CollectForAllocation
Event: 473.917 Executing VM operation: G1CollectForAllocation done
Event: 475.940 Executing VM operation: Cleanup
Event: 475.988 Executing VM operation: Cleanup done
Event: 476.420 Executing VM operation: HandshakeAllThreads
Event: 476.478 Executing VM operation: HandshakeAllThreads done
Event: 477.273 Executing VM operation: HandshakeAllThreads
Event: 477.524 Executing VM operation: HandshakeAllThreads done
Event: 477.524 Executing VM operation: Cleanup
Event: 477.540 Executing VM operation: Cleanup done
Event: 477.600 Executing VM operation: HandshakeAllThreads
Event: 477.914 Executing VM operation: HandshakeAllThreads done
Event: 478.339 Executing VM operation: G1CollectForAllocation
Event: 478.349 Executing VM operation: G1CollectForAllocation done
Event: 478.820 Executing VM operation: G1Concurrent

Events (20 events):
Event: 477.932 Thread 0x000001ef22b59890 flushing nmethod 0x000001ef0dcf2190
Event: 477.933 Thread 0x000001ef22b59890 flushing nmethod 0x000001ef0dd31390
Event: 477.933 Thread 0x000001ef22b59890 flushing nmethod 0x000001ef0ddb3a90
Event: 477.933 Thread 0x000001ef22b59890 flushing nmethod 0x000001ef0de18a90
Event: 477.933 Thread 0x000001ef22b59890 flushing nmethod 0x000001ef0de1b010
Event: 477.934 Thread 0x000001ef22b59890 flushing nmethod 0x000001ef0deb0e90
Event: 477.934 Thread 0x000001ef22b59890 flushing nmethod 0x000001ef0deb5010
Event: 477.934 Thread 0x000001ef22b59890 flushing nmethod 0x000001ef0debc290
Event: 477.935 Thread 0x000001ef22b59890 flushing nmethod 0x000001ef0e032b90
Event: 477.935 Thread 0x000001ef22b59890 flushing nmethod 0x000001ef0e033390
Event: 477.935 Thread 0x000001ef22b59890 flushing nmethod 0x000001ef0e160210
Event: 477.936 Thread 0x000001ef22b59890 flushing nmethod 0x000001ef0e174810
Event: 477.936 Thread 0x000001ef22b59890 flushing nmethod 0x000001ef0e183810
Event: 477.936 Thread 0x000001ef22b59890 flushing nmethod 0x000001ef0e1b4f90
Event: 477.936 Thread 0x000001ef22b59890 flushing nmethod 0x000001ef0e1d3d10
Event: 477.936 Thread 0x000001ef22b59890 flushing nmethod 0x000001ef0e23d090
Event: 477.936 Thread 0x000001ef22b59890 flushing nmethod 0x000001ef0e23d410
Event: 477.936 Thread 0x000001ef22b59890 flushing nmethod 0x000001ef0e246e10
Event: 477.936 Thread 0x000001ef22b59890 flushing nmethod 0x000001ef0e247890
Event: 478.690 Thread 0x000001ef27f82dd0 Thread added: 0x000001ef27f82dd0


Dynamic libraries:
0x00007ff74da50000 - 0x00007ff74da60000 	C:\Program Files\Java\jdk-17\bin\java.exe
0x00007ff8795b0000 - 0x00007ff8797a8000 	C:\Windows\SYSTEM32\ntdll.dll
0x00007ff878cc0000 - 0x00007ff878d7f000 	C:\Windows\System32\KERNEL32.DLL
0x00007ff876ea0000 - 0x00007ff877196000 	C:\Windows\System32\KERNELBASE.dll
0x00007ff8771a0000 - 0x00007ff8772a0000 	C:\Windows\System32\ucrtbase.dll
0x00007ff86dd00000 - 0x00007ff86dd19000 	C:\Program Files\Java\jdk-17\bin\jli.dll
0x00007ff8789f0000 - 0x00007ff878a9f000 	C:\Windows\System32\ADVAPI32.dll
0x00007ff8780d0000 - 0x00007ff87816e000 	C:\Windows\System32\msvcrt.dll
0x00007ff878d80000 - 0x00007ff878e1c000 	C:\Windows\System32\sechost.dll
0x00007ff878ad0000 - 0x00007ff878bf6000 	C:\Windows\System32\RPCRT4.dll
0x00007ff877660000 - 0x00007ff8777fd000 	C:\Windows\System32\USER32.dll
0x00007ff877500000 - 0x00007ff877522000 	C:\Windows\System32\win32u.dll
0x00007ff877610000 - 0x00007ff87763c000 	C:\Windows\System32\GDI32.dll
0x00007ff877340000 - 0x00007ff877455000 	C:\Windows\System32\gdi32full.dll
0x00007ff8772a0000 - 0x00007ff87733d000 	C:\Windows\System32\msvcp_win.dll
0x00007ff86d9b0000 - 0x00007ff86d9cb000 	C:\Program Files\Java\jdk-17\bin\VCRUNTIME140.dll
0x00007ff85a8b0000 - 0x00007ff85ab4a000 	C:\Windows\WinSxS\amd64_microsoft.windows.common-controls_6595b64144ccf1df_6.0.19041.1110_none_60b5254171f9507e\COMCTL32.dll
0x00007ff86e0e0000 - 0x00007ff86e0ea000 	C:\Windows\SYSTEM32\VERSION.dll
0x00007ff878aa0000 - 0x00007ff878ad0000 	C:\Windows\System32\IMM32.DLL
0x00007ff86d970000 - 0x00007ff86d97c000 	C:\Program Files\Java\jdk-17\bin\vcruntime140_1.dll
0x00007ff849d30000 - 0x00007ff849dbe000 	C:\Program Files\Java\jdk-17\bin\msvcp140.dll
0x00007fffe4100000 - 0x00007fffe4cdd000 	C:\Program Files\Java\jdk-17\bin\server\jvm.dll
0x00007ff8789e0000 - 0x00007ff8789e8000 	C:\Windows\System32\PSAPI.DLL
0x00007ff86d210000 - 0x00007ff86d219000 	C:\Windows\SYSTEM32\WSOCK32.dll
0x00007ff877ff0000 - 0x00007ff87805b000 	C:\Windows\System32\WS2_32.dll
0x00007ff850550000 - 0x00007ff850577000 	C:\Windows\SYSTEM32\WINMM.dll
0x00007ff875510000 - 0x00007ff875522000 	C:\Windows\SYSTEM32\kernel.appcore.dll
0x00007ff85d390000 - 0x00007ff85d39a000 	C:\Program Files\Java\jdk-17\bin\jimage.dll
0x00007ff871870000 - 0x00007ff871a54000 	C:\Windows\SYSTEM32\DBGHELP.DLL
0x00007ff865260000 - 0x00007ff865294000 	C:\Windows\SYSTEM32\dbgcore.DLL
0x00007ff877580000 - 0x00007ff877602000 	C:\Windows\System32\bcryptPrimitives.dll
0x00007ff84ef10000 - 0x00007ff84ef35000 	C:\Program Files\Java\jdk-17\bin\java.dll
0x00007ff849850000 - 0x00007ff849927000 	C:\Program Files\Java\jdk-17\bin\jsvml.dll
0x00007ff878e20000 - 0x00007ff879564000 	C:\Windows\System32\SHELL32.dll
0x00007ff874d10000 - 0x00007ff8754a3000 	C:\Windows\SYSTEM32\windows.storage.dll
0x00007ff878240000 - 0x00007ff878594000 	C:\Windows\System32\combase.dll
0x00007ff876600000 - 0x00007ff87662e000 	C:\Windows\SYSTEM32\Wldp.dll
0x00007ff8785a0000 - 0x00007ff87864d000 	C:\Windows\System32\SHCORE.dll
0x00007ff878c00000 - 0x00007ff878c55000 	C:\Windows\System32\shlwapi.dll
0x00007ff876bc0000 - 0x00007ff876be5000 	C:\Windows\SYSTEM32\profapi.dll
0x00007ff84a260000 - 0x00007ff84a279000 	C:\Program Files\Java\jdk-17\bin\net.dll
0x00007ff86bec0000 - 0x00007ff86bfca000 	C:\Windows\SYSTEM32\WINHTTP.dll
0x00007ff876360000 - 0x00007ff8763ca000 	C:\Windows\system32\mswsock.dll
0x00007ff84a240000 - 0x00007ff84a256000 	C:\Program Files\Java\jdk-17\bin\nio.dll
0x00007ff84a220000 - 0x00007ff84a238000 	C:\Program Files\Java\jdk-17\bin\zip.dll
0x00007ff86f6f0000 - 0x00007ff86f700000 	C:\Program Files\Java\jdk-17\bin\verify.dll
0x00007ff845650000 - 0x00007ff845677000 	C:\Users\ss\.gradle\native\e1d6ef7f7dcc3fd88c89a11ec53ec762bb8ba0a96d01ffa2cd45eb1d1d8dd5c5\windows-amd64\native-platform.dll
0x00007ff853550000 - 0x00007ff853694000 	C:\Users\ss\.gradle\native\5664cfc778a61ccfe75a443a1ab52a65af34e5dc3c78e0209fed803814484fcb\windows-amd64\native-platform-file-events.dll
0x00007ff851c90000 - 0x00007ff851c9a000 	C:\Program Files\Java\jdk-17\bin\management.dll
0x00007ff84da70000 - 0x00007ff84da7b000 	C:\Program Files\Java\jdk-17\bin\management_ext.dll
0x00007ff876550000 - 0x00007ff876568000 	C:\Windows\SYSTEM32\CRYPTSP.dll
0x00007ff875c70000 - 0x00007ff875ca4000 	C:\Windows\system32\rsaenh.dll
0x00007ff877460000 - 0x00007ff877487000 	C:\Windows\System32\bcrypt.dll
0x00007ff876b80000 - 0x00007ff876bae000 	C:\Windows\SYSTEM32\USERENV.dll
0x00007ff876570000 - 0x00007ff87657c000 	C:\Windows\SYSTEM32\CRYPTBASE.dll
0x00007ff876050000 - 0x00007ff87608b000 	C:\Windows\SYSTEM32\IPHLPAPI.DLL
0x00007ff878060000 - 0x00007ff878068000 	C:\Windows\System32\NSI.dll
0x00007ff86c6a0000 - 0x00007ff86c6b7000 	C:\Windows\SYSTEM32\dhcpcsvc6.DLL
0x00007ff86cf20000 - 0x00007ff86cf3d000 	C:\Windows\SYSTEM32\dhcpcsvc.DLL
0x00007ff876090000 - 0x00007ff87615a000 	C:\Windows\SYSTEM32\DNSAPI.dll
0x00007ff84d1a0000 - 0x00007ff84d1ad000 	C:\Program Files\Java\jdk-17\bin\sunmscapi.dll
0x00007ff876c90000 - 0x00007ff876dee000 	C:\Windows\System32\CRYPT32.dll
0x00007ff876670000 - 0x00007ff876698000 	C:\Windows\SYSTEM32\ncrypt.dll
0x00007ff876630000 - 0x00007ff87666b000 	C:\Windows\SYSTEM32\NTASN1.dll
0x00007ff846620000 - 0x00007ff846627000 	C:\Windows\system32\wshunix.dll

dbghelp: loaded successfully - version: 4.0.5 - missing functions: none
symbol engine: initialized successfully - sym options: 0x614 - pdb path: .;C:\Program Files\Java\jdk-17\bin;C:\Windows\SYSTEM32;C:\Windows\WinSxS\amd64_microsoft.windows.common-controls_6595b64144ccf1df_6.0.19041.1110_none_60b5254171f9507e;C:\Program Files\Java\jdk-17\bin\server;C:\Users\ss\.gradle\native\e1d6ef7f7dcc3fd88c89a11ec53ec762bb8ba0a96d01ffa2cd45eb1d1d8dd5c5\windows-amd64;C:\Users\ss\.gradle\native\5664cfc778a61ccfe75a443a1ab52a65af34e5dc3c78e0209fed803814484fcb\windows-amd64

VM Arguments:
jvm_args: -XX:MaxMetaspaceSize=512m --add-opens=java.base/java.util=ALL-UNNAMED --add-opens=java.base/java.lang=ALL-UNNAMED --add-opens=java.base/java.lang.invoke=ALL-UNNAMED --add-opens=java.base/java.util=ALL-UNNAMED --add-opens=java.prefs/java.util.prefs=ALL-UNNAMED --add-opens=java.prefs/java.util.prefs=ALL-UNNAMED --add-opens=java.base/java.nio.charset=ALL-UNNAMED --add-opens=java.base/java.net=ALL-UNNAMED --add-opens=java.base/java.util.concurrent.atomic=ALL-UNNAMED -Xmx2048m -Dfile.encoding=windows-1252 -Duser.country=IN -Duser.language=en -Duser.variant 
java_command: org.gradle.launcher.daemon.bootstrap.GradleDaemon 7.3.3
java_class_path (initial): C:\Users\ss\.gradle\wrapper\dists\gradle-7.3.3-all\4295vidhdd9hd3gbjyw1xqxpo\gradle-7.3.3\lib\gradle-launcher-7.3.3.jar
Launcher Type: SUN_STANDARD

[Global flags]
     intx CICompilerCount                          = 3                                         {product} {ergonomic}
   size_t CompressedClassSpaceSize                 = 432013312                                 {product} {ergonomic}
     uint ConcGCThreads                            = 1                                         {product} {ergonomic}
     uint G1ConcRefinementThreads                  = 4                                         {product} {ergonomic}
   size_t G1HeapRegionSize                         = 1048576                                   {product} {ergonomic}
    uintx GCDrainStackTargetSize                   = 64                                        {product} {ergonomic}
   size_t InitialHeapSize                          = 268435456                                 {product} {ergonomic}
   size_t MarkStackSize                            = 4194304                                   {product} {ergonomic}
   size_t MaxHeapSize                              = 2147483648                                {product} {command line}
   size_t MaxMetaspaceSize                         = 536870912                                 {product} {command line}
   size_t MaxNewSize                               = 1287651328                                {product} {ergonomic}
   size_t MinHeapDeltaBytes                        = 1048576                                   {product} {ergonomic}
   size_t MinHeapSize                              = 8388608                                   {product} {ergonomic}
    uintx NonNMethodCodeHeapSize                   = 5832780                                {pd product} {ergonomic}
    uintx NonProfiledCodeHeapSize                  = 122912730                              {pd product} {ergonomic}
    uintx ProfiledCodeHeapSize                     = 122912730                              {pd product} {ergonomic}
    uintx ReservedCodeCacheSize                    = 251658240                              {pd product} {ergonomic}
     bool SegmentedCodeCache                       = true                                      {product} {ergonomic}
   size_t SoftMaxHeapSize                          = 2147483648                             {manageable} {ergonomic}
     bool UseCompressedClassPointers               = true                           {product lp64_product} {ergonomic}
     bool UseCompressedOops                        = true                           {product lp64_product} {ergonomic}
     bool UseG1GC                                  = true                                      {product} {ergonomic}
     bool UseLargePagesIndividualAllocation        = false                                  {pd product} {ergonomic}

Logging:
Log output configuration:
 #0: stdout all=warning uptime,level,tags
 #1: stderr all=off uptime,level,tags

Environment Variables:
CLASSPATH=C:\Users\ss\Desktop\teachers-vision\android\\gradle\wrapper\gradle-wrapper.jar
PATH=C:\Users\ss\Desktop\teachers-vision\android\node_modules\.bin;C:\Users\ss\Desktop\teachers-vision\node_modules\.bin;C:\Users\ss\Desktop\node_modules\.bin;C:\Users\ss\node_modules\.bin;C:\Users\node_modules\.bin;C:\node_modules\.bin;C:\Program Files\nodejs;C:\Users\ss\Desktop\teachers-vision\node_modules\.bin;C:\Users\ss\Desktop\teachers-vision\node_modules\.bin;C:\Users\ss\Desktop\node_modules\.bin;C:\Users\ss\node_modules\.bin;C:\Users\node_modules\.bin;C:\node_modules\.bin;C:\Users\ss\AppData\Roaming\nvm\v16.16.0\node_modules\npm\node_modules\@npmcli\run-script\lib\node-gyp-bin;C:\Users\ss\Desktop\teachers-vision\node_modules\.bin;C:\Users\ss\Desktop\node_modules\.bin;C:\Users\ss\node_modules\.bin;C:\Users\node_modules\.bin;C:\node_modules\.bin;C:\Program Files\nodejs;C:\Users\ss\Desktop\teachers-vision\node_modules\.bin;C:\Users\ss\Desktop\teachers-vision\node_modules\.bin;C:\Users\ss\Desktop\node_modules\.bin;C:\Users\ss\node_modules\.bin;C:\Users\node_modules\.bin;C:\node_modules\.bin;C:\Users\ss\AppData\Roaming\nvm\v16.16.0\node_modules\npm\node_modules\@npmcli\run-script\lib\node-gyp-bin;C:\Program Files\Common Files\Oracle\Java\javapath;C:\Program Files (x86)\Common Files\Oracle\Java\javapath;C:\Program Files\Microsoft\jdk-11.0.18.10-hotspot\bin;C:\Program Files\Microsoft MPI\Bin\;C:\Windows\system32;C:\Windows;C:\Windows\System32\Wbem;C:\Windows\System32\WindowsPowerShell\v1.0\;C:\Windows\System32\OpenSSH\;C:\ProgramData\chocolatey\bin;C:\Users\ss\AppData\Local\Android\Sdk\platform-tools;C:\Program Files\Git\cmd;C:\Program Files\Microsoft SQL Server\150\Tools\Binn\;C:\Program Files (x86)\Microsoft SQL Server\160\Tools\Binn\;C:\Program Files\Microsoft SQL Server\160\Tools\Binn\;C:\Program Files\Microsoft SQL Server\Client SDK\ODBC\170\Tools\Binn\;C:\Program Files\Microsoft SQL Server\160\DTS\Binn\;C:\Program Files\dotnet\;C:\Program Files (x86)\dotnet\;C:\Program Files (x86)\Microsoft SQL Server\160\DTS\Binn\;C:\Program Files (x86)\Microsoft SQL Server\150
USERNAME=ss
LANG=en_US.UTF-8
OS=Windows_NT
PROCESSOR_IDENTIFIER=Intel64 Family 6 Model 142 Stepping 9, GenuineIntel



---------------  S Y S T E M  ---------------

OS:
 Windows 10 , 64 bit Build 19041 (10.0.19041.3155)
OS uptime: 7 days 7:58 hours

CPU: total 4 (initial active 4) (2 cores per cpu, 2 threads per core) family 6 model 142 stepping 9 microcode 0xb4, cx8, cmov, fxsr, ht, mmx, 3dnowpref, sse, sse2, sse3, ssse3, sse4.1, sse4.2, popcnt, lzcnt, tsc, tscinvbit, avx, avx2, aes, erms, clmul, bmi1, bmi2, adx, fma, vzeroupper, clflush, clflushopt

Memory: 4k page, system-wide physical 16263M (450M free)
TotalPageFile size 27101M (AvailPageFile size 18M)
current process WorkingSet (physical memory assigned to process): 482M, peak: 483M
current process commit charge ("private bytes"): 521M, peak: 552M

vm_info: Java HotSpot(TM) 64-Bit Server VM (17.0.7+8-LTS-224) for windows-amd64 JRE (17.0.7+8-LTS-224), built on Feb 28 2023 23:03:02 by "mach5one" with MS VC++ 17.1 (VS2022)

END.
