#
# There is insufficient memory for the Java Runtime Environment to continue.
# Native memory allocation (mmap) failed to map 94371840 bytes for G1 virtual space
# Possible reasons:
#   The system is out of physical RAM or swap space
#   The process is running with CompressedOops enabled, and the Java Heap may be blocking the growth of the native heap
# Possible solutions:
#   Reduce memory load on the system
#   Increase physical memory or swap space
#   Check if swap backing store is full
#   Decrease Java heap size (-Xmx/-Xms)
#   Decrease number of Java threads
#   Decrease Java thread stack sizes (-Xss)
#   Set larger code cache with -XX:ReservedCodeCacheSize=
#   JVM is running with Unscaled Compressed Oops mode in which the Java heap is
#     placed in the first 4GB address space. The Java Heap base address is the
#     maximum limit for the native heap growth. Please use -XX:HeapBaseMinAddress
#     to set the Java Heap base and to place the Java Heap above 4GB virtual address.
# This output file may be truncated or incomplete.
#
#  Out of Memory Error (os_windows.cpp:3550), pid=1824, tid=26124
#
# JRE version: Java(TM) SE Runtime Environment (17.0.7+8) (build 17.0.7+8-LTS-224)
# Java VM: Java HotSpot(TM) 64-Bit Server VM (17.0.7+8-LTS-224, mixed mode, sharing, tiered, compressed oops, compressed class ptrs, g1 gc, windows-amd64)
# No core dump will be written. Minidumps are not enabled by default on client versions of Windows
#

---------------  S U M M A R Y ------------

Command Line: -XX:MaxMetaspaceSize=512m --add-opens=java.base/java.util=ALL-UNNAMED --add-opens=java.base/java.lang=ALL-UNNAMED --add-opens=java.base/java.lang.invoke=ALL-UNNAMED --add-opens=java.base/java.util=ALL-UNNAMED --add-opens=java.prefs/java.util.prefs=ALL-UNNAMED --add-opens=java.prefs/java.util.prefs=ALL-UNNAMED --add-opens=java.base/java.nio.charset=ALL-UNNAMED --add-opens=java.base/java.net=ALL-UNNAMED --add-opens=java.base/java.util.concurrent.atomic=ALL-UNNAMED -Xmx2048m -Dfile.encoding=windows-1252 -Duser.country=IN -Duser.language=en -Duser.variant org.gradle.launcher.daemon.bootstrap.GradleDaemon 7.3.3

Host: Intel(R) Core(TM) i5-7200U CPU @ 2.50GHz, 4 cores, 15G,  Windows 10 , 64 bit Build 19041 (10.0.19041.3155)
Time: Thu Sep 14 15:30:05 2023 India Standard Time elapsed time: 749.257803 seconds (0d 0h 12m 29s)

---------------  T H R E A D  ---------------

Current thread (0x000001cc169526a0):  VMThread "VM Thread" [stack: 0x00000041d0200000,0x00000041d0300000] [id=26124]

Stack: [0x00000041d0200000,0x00000041d0300000]
Native frames: (J=compiled Java code, j=interpreted, Vv=VM code, C=native code)
V  [jvm.dll+0x676a4a]
V  [jvm.dll+0x7d74f4]
V  [jvm.dll+0x7d8c9e]
V  [jvm.dll+0x7d9303]
V  [jvm.dll+0x2452c5]
V  [jvm.dll+0x6738f9]
V  [jvm.dll+0x668232]
V  [jvm.dll+0x302826]
V  [jvm.dll+0x309da6]
V  [jvm.dll+0x35952e]
V  [jvm.dll+0x35975f]
V  [jvm.dll+0x2d9a38]
V  [jvm.dll+0x2dcad6]
V  [jvm.dll+0x2e72d8]
V  [jvm.dll+0x31ad30]
V  [jvm.dll+0x7ddb0b]
V  [jvm.dll+0x7de844]
V  [jvm.dll+0x7ded5d]
V  [jvm.dll+0x7df134]
V  [jvm.dll+0x7df200]
V  [jvm.dll+0x78759a]
V  [jvm.dll+0x675875]
C  [ucrtbase.dll+0x21bb2]
C  [KERNEL32.DLL+0x17614]
C  [ntdll.dll+0x526b1]

VM_Operation (0x00000041cfeff520): G1Concurrent, mode: safepoint, requested by thread 0x000001cc78fa11d0


---------------  P R O C E S S  ---------------

Threads class SMR info:
_java_thread_list=0x000001cc2169c140, length=88, elements={
0x000001cc78f38290, 0x000001cc16957200, 0x000001cc16957f80, 0x000001cc16971530,
0x000001cc16974e10, 0x000001cc169766e0, 0x000001cc16976fa0, 0x000001cc16977c40,
0x000001cc1697a600, 0x000001cc17445910, 0x000001cc175051e0, 0x000001cc17508d00,
0x000001cc182a6be0, 0x000001cc19ebeec0, 0x000001cc188815e0, 0x000001cc186dfea0,
0x000001cc197cf820, 0x000001cc174b65c0, 0x000001cc174b5c20, 0x000001cc174b6a90,
0x000001cc174b6f60, 0x000001cc174b60f0, 0x000001cc18472ed0, 0x000001cc184793e0,
0x000001cc184746e0, 0x000001cc18478a40, 0x000001cc184733a0, 0x000001cc18472060,
0x000001cc18472a00, 0x000001cc18473d40, 0x000001cc184780a0, 0x000001cc184798b0,
0x000001cc18475550, 0x000001cc18475a20, 0x000001cc18477230, 0x000001cc18478570,
0x000001cc1774d000, 0x000001cc1774bcc0, 0x000001cc1774ae50, 0x000001cc1774c660,
0x000001cc17749fe0, 0x000001cc1774cb30, 0x000001cc1774b320, 0x000001cc1774d4d0,
0x000001cc1774b7f0, 0x000001cc17749b10, 0x000001cc1774a980, 0x000001cc19fe23d0,
0x000001cc19fe3be0, 0x000001cc19fdea10, 0x000001cc19fe1090, 0x000001cc19fe1560,
0x000001cc19fe0bc0, 0x000001cc19fe53f0, 0x000001cc19fdfd50, 0x000001cc19fe3710,
0x000001cc19fe58c0, 0x000001cc19fe3240, 0x000001cc19fe40b0, 0x000001cc19fe4580,
0x000001cc19fe4a50, 0x000001cc19fde540, 0x000001cc19fdf880, 0x000001cc19fe1a30,
0x000001cc19fe1f00, 0x000001cc19fde070, 0x000001cc19fdeee0, 0x000001cc19fe4f20,
0x000001cc19fe28a0, 0x000001cc19fdf3b0, 0x000001cc19fe0220, 0x000001cc19fe06f0,
0x000001cc19fe2d70, 0x000001cc1ac823e0, 0x000001cc1ac86c10, 0x000001cc1ac81f10,
0x000001cc1ac888f0, 0x000001cc1ac84f30, 0x000001cc1ac88dc0, 0x000001cc1ac828b0,
0x000001cc1ac81a40, 0x000001cc1ac85400, 0x000001cc1ac858d0, 0x000001cc1cc64300,
0x000001cc1ac840c0, 0x000001cc1cd2a010, 0x000001cc1cd2a4e0, 0x000001cc1cd2d9d0
}

Java Threads: ( => current thread )
  0x000001cc78f38290 JavaThread "main" [_thread_blocked, id=18676, stack(0x00000041cfb00000,0x00000041cfc00000)]
  0x000001cc16957200 JavaThread "Reference Handler" daemon [_thread_blocked, id=22448, stack(0x00000041d0300000,0x00000041d0400000)]
  0x000001cc16957f80 JavaThread "Finalizer" daemon [_thread_blocked, id=5476, stack(0x00000041d0400000,0x00000041d0500000)]
  0x000001cc16971530 JavaThread "Signal Dispatcher" daemon [_thread_blocked, id=18816, stack(0x00000041d0500000,0x00000041d0600000)]
  0x000001cc16974e10 JavaThread "Attach Listener" daemon [_thread_blocked, id=4728, stack(0x00000041d0600000,0x00000041d0700000)]
  0x000001cc169766e0 JavaThread "Service Thread" daemon [_thread_blocked, id=5424, stack(0x00000041d0700000,0x00000041d0800000)]
  0x000001cc16976fa0 JavaThread "Monitor Deflation Thread" daemon [_thread_blocked, id=27780, stack(0x00000041d0800000,0x00000041d0900000)]
  0x000001cc16977c40 JavaThread "C2 CompilerThread0" daemon [_thread_blocked, id=29976, stack(0x00000041d0900000,0x00000041d0a00000)]
  0x000001cc1697a600 JavaThread "C1 CompilerThread0" daemon [_thread_blocked, id=28948, stack(0x00000041d0a00000,0x00000041d0b00000)]
  0x000001cc17445910 JavaThread "Sweeper thread" daemon [_thread_blocked, id=19664, stack(0x00000041d0b00000,0x00000041d0c00000)]
  0x000001cc175051e0 JavaThread "Common-Cleaner" daemon [_thread_blocked, id=20128, stack(0x00000041d0c00000,0x00000041d0d00000)]
  0x000001cc17508d00 JavaThread "Notification Thread" daemon [_thread_blocked, id=24968, stack(0x00000041d0d00000,0x00000041d0e00000)]
  0x000001cc182a6be0 JavaThread "Daemon health stats" [_thread_blocked, id=6344, stack(0x00000041d0f00000,0x00000041d1000000)]
  0x000001cc19ebeec0 JavaThread "Incoming local TCP Connector on port 49723" [_thread_in_native, id=2168, stack(0x00000041d1300000,0x00000041d1400000)]
  0x000001cc188815e0 JavaThread "Daemon periodic checks" [_thread_blocked, id=25728, stack(0x00000041d1400000,0x00000041d1500000)]
  0x000001cc186dfea0 JavaThread "Daemon" [_thread_blocked, id=12180, stack(0x00000041d1500000,0x00000041d1600000)]
  0x000001cc197cf820 JavaThread "Handler for socket connection from /127.0.0.1:49723 to /127.0.0.1:49725" [_thread_in_native, id=22896, stack(0x00000041d1600000,0x00000041d1700000)]
  0x000001cc174b65c0 JavaThread "Cancel handler" [_thread_blocked, id=27688, stack(0x00000041d1700000,0x00000041d1800000)]
  0x000001cc174b5c20 JavaThread "Daemon worker" [_thread_blocked, id=12012, stack(0x00000041d1800000,0x00000041d1900000)]
  0x000001cc174b6a90 JavaThread "Asynchronous log dispatcher for DefaultDaemonConnection: socket connection from /127.0.0.1:49723 to /127.0.0.1:49725" [_thread_blocked, id=3292, stack(0x00000041d1900000,0x00000041d1a00000)]
  0x000001cc174b6f60 JavaThread "Daemon client event forwarder" [_thread_blocked, id=18124, stack(0x00000041d1b00000,0x00000041d1c00000)]
  0x000001cc174b60f0 JavaThread "Cache worker for journal cache (C:\Users\ss\.gradle\caches\journal-1)" [_thread_blocked, id=18892, stack(0x00000041d1c00000,0x00000041d1d00000)]
  0x000001cc18472ed0 JavaThread "File lock request listener" [_thread_in_native, id=3420, stack(0x00000041d1d00000,0x00000041d1e00000)]
  0x000001cc184793e0 JavaThread "Cache worker for file hash cache (C:\Users\ss\.gradle\caches\7.3.3\fileHashes)" [_thread_blocked, id=11244, stack(0x00000041d1f00000,0x00000041d2000000)]
  0x000001cc184746e0 JavaThread "Cache worker for file hash cache (C:\Users\ss\Desktop\teachers-vision\android\.gradle\7.3.3\fileHashes)" [_thread_blocked, id=16632, stack(0x00000041d2000000,0x00000041d2100000)]
  0x000001cc18478a40 JavaThread "File watcher server" daemon [_thread_in_native, id=12032, stack(0x00000041d2100000,0x00000041d2200000)]
  0x000001cc184733a0 JavaThread "File watcher consumer" daemon [_thread_blocked, id=19096, stack(0x00000041d2200000,0x00000041d2300000)]
  0x000001cc18472060 JavaThread "Cache worker for checksums cache (C:\Users\ss\Desktop\teachers-vision\android\.gradle\7.3.3\checksums)" [_thread_blocked, id=8768, stack(0x00000041d2300000,0x00000041d2400000)]
  0x000001cc18472a00 JavaThread "Cache worker for cache directory md-supplier (C:\Users\ss\.gradle\caches\7.3.3\md-supplier)" [_thread_blocked, id=23876, stack(0x00000041d2400000,0x00000041d2500000)]
  0x000001cc18473d40 JavaThread "Cache worker for cache directory md-rule (C:\Users\ss\.gradle\caches\7.3.3\md-rule)" [_thread_blocked, id=15736, stack(0x00000041d2500000,0x00000041d2600000)]
  0x000001cc184780a0 JavaThread "Cache worker for execution history cache (C:\Users\ss\.gradle\caches\7.3.3\executionHistory)" [_thread_blocked, id=28328, stack(0x00000041d2600000,0x00000041d2700000)]
  0x000001cc184798b0 JavaThread "jar transforms" [_thread_blocked, id=6660, stack(0x00000041d2800000,0x00000041d2900000)]
  0x000001cc18475550 JavaThread "jar transforms Thread 2" [_thread_blocked, id=18196, stack(0x00000041d2900000,0x00000041d2a00000)]
  0x000001cc18475a20 JavaThread "Cache worker for file content cache (C:\Users\ss\.gradle\caches\7.3.3\fileContent)" [_thread_blocked, id=24988, stack(0x00000041d2a00000,0x00000041d2b00000)]
  0x000001cc18477230 JavaThread "jar transforms Thread 3" [_thread_blocked, id=27608, stack(0x00000041d2d00000,0x00000041d2e00000)]
  0x000001cc18478570 JavaThread "jar transforms Thread 4" [_thread_blocked, id=28936, stack(0x00000041d2e00000,0x00000041d2f00000)]
  0x000001cc1774d000 JavaThread "Cache worker for kotlin-dsl (C:\Users\ss\.gradle\caches\7.3.3\kotlin-dsl)" [_thread_blocked, id=12420, stack(0x00000041cfa00000,0x00000041cfb00000)]
  0x000001cc1774bcc0 JavaThread "Cache worker for dependencies-accessors (C:\Users\ss\Desktop\teachers-vision\android\.gradle\7.3.3\dependencies-accessors)" [_thread_blocked, id=29504, stack(0x00000041cfc00000,0x00000041cfd00000)]
  0x000001cc1774ae50 JavaThread "Cache worker for Build Output Cleanup Cache (C:\Users\ss\Desktop\teachers-vision\node_modules\react-native-gradle-plugin\.gradle\buildOutputCleanup)" [_thread_blocked, id=6084, stack(0x00000041d2f00000,0x00000041d3000000)]
  0x000001cc1774c660 JavaThread "Unconstrained build operations" [_thread_blocked, id=21528, stack(0x00000041d2b00000,0x00000041d2c00000)]
  0x000001cc17749fe0 JavaThread "Unconstrained build operations Thread 2" [_thread_blocked, id=12312, stack(0x00000041d3000000,0x00000041d3100000)]
  0x000001cc1774cb30 JavaThread "Unconstrained build operations Thread 3" [_thread_blocked, id=8084, stack(0x00000041d3100000,0x00000041d3200000)]
  0x000001cc1774b320 JavaThread "Unconstrained build operations Thread 4" [_thread_blocked, id=15212, stack(0x00000041d3200000,0x00000041d3300000)]
  0x000001cc1774d4d0 JavaThread "Unconstrained build operations Thread 5" [_thread_blocked, id=29828, stack(0x00000041d3300000,0x00000041d3400000)]
  0x000001cc1774b7f0 JavaThread "Unconstrained build operations Thread 6" [_thread_blocked, id=18152, stack(0x00000041d3400000,0x00000041d3500000)]
  0x000001cc17749b10 JavaThread "Unconstrained build operations Thread 7" [_thread_blocked, id=18696, stack(0x00000041d3500000,0x00000041d3600000)]
  0x000001cc1774a980 JavaThread "Unconstrained build operations Thread 8" [_thread_blocked, id=21880, stack(0x00000041d3600000,0x00000041d3700000)]
  0x000001cc19fe23d0 JavaThread "Unconstrained build operations Thread 9" [_thread_blocked, id=15920, stack(0x00000041d3700000,0x00000041d3800000)]
  0x000001cc19fe3be0 JavaThread "Unconstrained build operations Thread 10" [_thread_blocked, id=29772, stack(0x00000041d3800000,0x00000041d3900000)]
  0x000001cc19fdea10 JavaThread "Unconstrained build operations Thread 11" [_thread_blocked, id=12216, stack(0x00000041d3900000,0x00000041d3a00000)]
  0x000001cc19fe1090 JavaThread "Unconstrained build operations Thread 12" [_thread_blocked, id=27524, stack(0x00000041d3a00000,0x00000041d3b00000)]
  0x000001cc19fe1560 JavaThread "Unconstrained build operations Thread 13" [_thread_blocked, id=26160, stack(0x00000041d3b00000,0x00000041d3c00000)]
  0x000001cc19fe0bc0 JavaThread "Unconstrained build operations Thread 14" [_thread_blocked, id=25108, stack(0x00000041d3c00000,0x00000041d3d00000)]
  0x000001cc19fe53f0 JavaThread "Unconstrained build operations Thread 15" [_thread_blocked, id=10476, stack(0x00000041d3d00000,0x00000041d3e00000)]
  0x000001cc19fdfd50 JavaThread "Unconstrained build operations Thread 16" [_thread_blocked, id=19120, stack(0x00000041d3e00000,0x00000041d3f00000)]
  0x000001cc19fe3710 JavaThread "Unconstrained build operations Thread 17" [_thread_blocked, id=26296, stack(0x00000041d3f00000,0x00000041d4000000)]
  0x000001cc19fe58c0 JavaThread "Unconstrained build operations Thread 18" [_thread_blocked, id=9988, stack(0x00000041d4000000,0x00000041d4100000)]
  0x000001cc19fe3240 JavaThread "Unconstrained build operations Thread 19" [_thread_blocked, id=22540, stack(0x00000041d4100000,0x00000041d4200000)]
  0x000001cc19fe40b0 JavaThread "Unconstrained build operations Thread 20" [_thread_blocked, id=15364, stack(0x00000041d4200000,0x00000041d4300000)]
  0x000001cc19fe4580 JavaThread "Unconstrained build operations Thread 21" [_thread_blocked, id=21580, stack(0x00000041d4300000,0x00000041d4400000)]
  0x000001cc19fe4a50 JavaThread "Unconstrained build operations Thread 22" [_thread_blocked, id=3832, stack(0x00000041d4400000,0x00000041d4500000)]
  0x000001cc19fde540 JavaThread "Unconstrained build operations Thread 23" [_thread_blocked, id=18768, stack(0x00000041d4500000,0x00000041d4600000)]
  0x000001cc19fdf880 JavaThread "Unconstrained build operations Thread 24" [_thread_blocked, id=30576, stack(0x00000041d4600000,0x00000041d4700000)]
  0x000001cc19fe1a30 JavaThread "Unconstrained build operations Thread 25" [_thread_blocked, id=11044, stack(0x00000041d4700000,0x00000041d4800000)]
  0x000001cc19fe1f00 JavaThread "Unconstrained build operations Thread 26" [_thread_blocked, id=24452, stack(0x00000041d4800000,0x00000041d4900000)]
  0x000001cc19fde070 JavaThread "Unconstrained build operations Thread 27" [_thread_blocked, id=26908, stack(0x00000041d4900000,0x00000041d4a00000)]
  0x000001cc19fdeee0 JavaThread "Unconstrained build operations Thread 28" [_thread_blocked, id=12144, stack(0x00000041d4a00000,0x00000041d4b00000)]
  0x000001cc19fe4f20 JavaThread "Unconstrained build operations Thread 29" [_thread_blocked, id=9036, stack(0x00000041d4b00000,0x00000041d4c00000)]
  0x000001cc19fe28a0 JavaThread "Unconstrained build operations Thread 30" [_thread_blocked, id=29164, stack(0x00000041d4c00000,0x00000041d4d00000)]
  0x000001cc19fdf3b0 JavaThread "Unconstrained build operations Thread 31" [_thread_blocked, id=25932, stack(0x00000041d4d00000,0x00000041d4e00000)]
  0x000001cc19fe0220 JavaThread "Unconstrained build operations Thread 32" [_thread_blocked, id=12780, stack(0x00000041d4e00000,0x00000041d4f00000)]
  0x000001cc19fe06f0 JavaThread "Unconstrained build operations Thread 33" [_thread_blocked, id=8136, stack(0x00000041d4f00000,0x00000041d5000000)]
  0x000001cc19fe2d70 JavaThread "build event listener" [_thread_blocked, id=4892, stack(0x00000041d5000000,0x00000041d5100000)]
  0x000001cc1ac823e0 JavaThread "Memory manager" [_thread_blocked, id=24724, stack(0x00000041d5100000,0x00000041d5200000)]
  0x000001cc1ac86c10 JavaThread "Cache worker for Build Output Cleanup Cache (C:\Users\ss\Desktop\teachers-vision\android\.gradle\buildOutputCleanup)" [_thread_blocked, id=26136, stack(0x00000041d5200000,0x00000041d5300000)]
  0x000001cc1ac81f10 JavaThread "Cache worker for execution history cache (C:\Users\ss\Desktop\teachers-vision\node_modules\react-native-gradle-plugin\.gradle\7.3.3\executionHistory)" [_thread_blocked, id=25040, stack(0x00000041d5700000,0x00000041d5800000)]
  0x000001cc1ac888f0 JavaThread "Unconstrained build operations Thread 34" [_thread_blocked, id=2336, stack(0x00000041d5800000,0x00000041d5900000)]
  0x000001cc1ac84f30 JavaThread "Unconstrained build operations Thread 35" [_thread_blocked, id=4852, stack(0x00000041d5900000,0x00000041d5a00000)]
  0x000001cc1ac88dc0 JavaThread "Unconstrained build operations Thread 36" [_thread_blocked, id=23180, stack(0x00000041d5a00000,0x00000041d5b00000)]
  0x000001cc1ac828b0 JavaThread "Unconstrained build operations Thread 37" [_thread_blocked, id=30476, stack(0x00000041d5b00000,0x00000041d5c00000)]
  0x000001cc1ac81a40 JavaThread "Unconstrained build operations Thread 38" [_thread_blocked, id=13616, stack(0x00000041d5c00000,0x00000041d5d00000)]
  0x000001cc1ac85400 JavaThread "Unconstrained build operations Thread 39" [_thread_blocked, id=17560, stack(0x00000041d5d00000,0x00000041d5e00000)]
  0x000001cc1ac858d0 JavaThread "Unconstrained build operations Thread 40" [_thread_blocked, id=7892, stack(0x00000041d5e00000,0x00000041d5f00000)]
  0x000001cc1cc64300 JavaThread "File lock release action executor Thread 3" [_thread_blocked, id=8584, stack(0x00000041d1a00000,0x00000041d1b00000)]
  0x000001cc1ac840c0 JavaThread "build event listener" [_thread_blocked, id=8792, stack(0x00000041d2c00000,0x00000041d2d00000)]
  0x000001cc1cd2a010 JavaThread "build event listener" [_thread_blocked, id=6032, stack(0x00000041d1e00000,0x00000041d1f00000)]
  0x000001cc1cd2a4e0 JavaThread "File lock release action executor Thread 5" [_thread_blocked, id=13096, stack(0x00000041d5300000,0x00000041d5400000)]
  0x000001cc1cd2d9d0 JavaThread "build event listener" [_thread_blocked, id=21472, stack(0x00000041d5400000,0x00000041d5500000)]

Other Threads:
=>0x000001cc169526a0 VMThread "VM Thread" [stack: 0x00000041d0200000,0x00000041d0300000] [id=26124]
  0x000001cc1750b1e0 WatcherThread [stack: 0x00000041d0e00000,0x00000041d0f00000] [id=16416]
  0x000001cc78f90380 GCTaskThread "GC Thread#0" [stack: 0x00000041cfd00000,0x00000041cfe00000] [id=1296]
  0x000001cc17798740 GCTaskThread "GC Thread#1" [stack: 0x00000041d1000000,0x00000041d1100000] [id=10572]
  0x000001cc177989f0 GCTaskThread "GC Thread#2" [stack: 0x00000041d1100000,0x00000041d1200000] [id=10808]
  0x000001cc17798ca0 GCTaskThread "GC Thread#3" [stack: 0x00000041d1200000,0x00000041d1300000] [id=6276]
  0x000001cc78fa11d0 ConcurrentGCThread "G1 Main Marker" [stack: 0x00000041cfe00000,0x00000041cff00000] [id=17216]
  0x000001cc78fa1af0 ConcurrentGCThread "G1 Conc#0" [stack: 0x00000041cff00000,0x00000041d0000000] [id=5288]
  0x000001cc1680e130 ConcurrentGCThread "G1 Refine#0" [stack: 0x00000041d0000000,0x00000041d0100000] [id=9908]
  0x000001cc17f5aad0 ConcurrentGCThread "G1 Refine#1" [stack: 0x00000041d2700000,0x00000041d2800000] [id=24088]
  0x000001cc1680e960 ConcurrentGCThread "G1 Service" [stack: 0x00000041d0100000,0x00000041d0200000] [id=11160]

Threads with active compile tasks:
C2 CompilerThread0   749358 15704       4       org.gradle.api.internal.artifacts.ivyservice.resolutionstrategy.DefaultResolutionStrategy::<init> (36 bytes)

VM state: at safepoint (normal execution)

VM Mutex/Monitor currently owned by a thread:  ([mutex/lock_event])
[0x000001cc78f33800] Threads_lock - owner thread: 0x000001cc169526a0
[0x000001cc78f331d0] Heap_lock - owner thread: 0x000001cc78fa11d0

Heap address: 0x0000000080000000, size: 2048 MB, Compressed Oops mode: 32-bit

CDS archive(s) mapped at: [0x0000000800000000-0x0000000800bd0000-0x0000000800bd0000), size 12386304, SharedBaseAddress: 0x0000000800000000, ArchiveRelocationMode: 0.
Compressed class space mapped at: 0x0000000800c00000-0x000000081a800000, reserved size: 432013312
Narrow klass base: 0x0000000800000000, Narrow klass shift: 0, Narrow klass range: 0x100000000

GC Precious Log:
 CPUs: 4 total, 4 available
 Memory: 16263M
 Large Page Support: Disabled
 NUMA Support: Disabled
 Compressed Oops: Enabled (32-bit)
 Heap Region Size: 1M
 Heap Min Capacity: 8M
 Heap Initial Capacity: 256M
 Heap Max Capacity: 2G
 Pre-touch: Disabled
 Parallel Workers: 4
 Concurrent Workers: 1
 Concurrent Refinement Workers: 4
 Periodic GC: Disabled

Heap:
 garbage-first heap   total 319488K, used 245116K [0x0000000080000000, 0x0000000100000000)
  region size 1024K, 23 young (23552K), 4 survivors (4096K)
 Metaspace       used 102414K, committed 104320K, reserved 512000K
  class space    used 14127K, committed 14976K, reserved 421888K

Heap Regions: E=young(eden), S=young(survivor), O=old, HS=humongous(starts), HC=humongous(continues), CS=collection set, F=free, OA=open archive, CA=closed archive, TAMS=top-at-mark-start (previous, next)
|   0|0x0000000080000000, 0x0000000080100000, 0x0000000080100000|100%|HS|  |TAMS 0x0000000080100000, 0x0000000080000000| Complete 
|   1|0x0000000080100000, 0x0000000080200000, 0x0000000080200000|100%|HC|  |TAMS 0x0000000080200000, 0x0000000080100000| Complete 
|   2|0x0000000080200000, 0x0000000080300000, 0x0000000080300000|100%|HC|  |TAMS 0x0000000080300000, 0x0000000080200000| Complete 
|   3|0x0000000080300000, 0x0000000080400000, 0x0000000080400000|100%| O|  |TAMS 0x0000000080400000, 0x0000000080300000| Untracked 
|   4|0x0000000080400000, 0x0000000080500000, 0x0000000080500000|100%| O|  |TAMS 0x0000000080500000, 0x0000000080400000| Untracked 
|   5|0x0000000080500000, 0x0000000080600000, 0x0000000080600000|100%| O|  |TAMS 0x0000000080600000, 0x0000000080500000| Untracked 
|   6|0x0000000080600000, 0x0000000080700000, 0x0000000080700000|100%| O|  |TAMS 0x0000000080700000, 0x0000000080600000| Untracked 
|   7|0x0000000080700000, 0x0000000080800000, 0x0000000080800000|100%| O|  |TAMS 0x0000000080800000, 0x0000000080700000| Untracked 
|   8|0x0000000080800000, 0x0000000080900000, 0x0000000080900000|100%| O|  |TAMS 0x0000000080900000, 0x0000000080800000| Untracked 
|   9|0x0000000080900000, 0x0000000080a00000, 0x0000000080a00000|100%| O|  |TAMS 0x0000000080a00000, 0x0000000080900000| Updating 
|  10|0x0000000080a00000, 0x0000000080b00000, 0x0000000080b00000|100%| O|  |TAMS 0x0000000080b00000, 0x0000000080a00000| Untracked 
|  11|0x0000000080b00000, 0x0000000080c00000, 0x0000000080c00000|100%| O|  |TAMS 0x0000000080c00000, 0x0000000080b00000| Untracked 
|  12|0x0000000080c00000, 0x0000000080d00000, 0x0000000080d00000|100%| O|  |TAMS 0x0000000080d00000, 0x0000000080c00000| Untracked 
|  13|0x0000000080d00000, 0x0000000080e00000, 0x0000000080e00000|100%| O|  |TAMS 0x0000000080e00000, 0x0000000080d00000| Untracked 
|  14|0x0000000080e00000, 0x0000000080f00000, 0x0000000080f00000|100%| O|  |TAMS 0x0000000080f00000, 0x0000000080e00000| Untracked 
|  15|0x0000000080f00000, 0x0000000081000000, 0x0000000081000000|100%| O|  |TAMS 0x0000000081000000, 0x0000000080f00000| Untracked 
|  16|0x0000000081000000, 0x0000000081100000, 0x0000000081100000|100%| O|  |TAMS 0x0000000081100000, 0x0000000081000000| Untracked 
|  17|0x0000000081100000, 0x0000000081200000, 0x0000000081200000|100%| O|  |TAMS 0x0000000081200000, 0x0000000081100000| Untracked 
|  18|0x0000000081200000, 0x0000000081300000, 0x0000000081300000|100%| O|  |TAMS 0x0000000081300000, 0x0000000081200000| Untracked 
|  19|0x0000000081300000, 0x0000000081400000, 0x0000000081400000|100%| O|  |TAMS 0x0000000081400000, 0x0000000081300000| Untracked 
|  20|0x0000000081400000, 0x0000000081500000, 0x0000000081500000|100%| O|  |TAMS 0x0000000081500000, 0x0000000081400000| Untracked 
|  21|0x0000000081500000, 0x0000000081600000, 0x0000000081600000|100%| O|  |TAMS 0x0000000081600000, 0x0000000081500000| Updating 
|  22|0x0000000081600000, 0x0000000081700000, 0x0000000081700000|100%| O|  |TAMS 0x0000000081700000, 0x0000000081600000| Untracked 
|  23|0x0000000081700000, 0x0000000081800000, 0x0000000081800000|100%| O|  |TAMS 0x0000000081800000, 0x0000000081700000| Untracked 
|  24|0x0000000081800000, 0x0000000081900000, 0x0000000081900000|100%| O|  |TAMS 0x0000000081900000, 0x0000000081800000| Updating 
|  25|0x0000000081900000, 0x0000000081a00000, 0x0000000081a00000|100%| O|  |TAMS 0x0000000081a00000, 0x0000000081900000| Updating 
|  26|0x0000000081a00000, 0x0000000081b00000, 0x0000000081b00000|100%| O|  |TAMS 0x0000000081b00000, 0x0000000081a00000| Untracked 
|  27|0x0000000081b00000, 0x0000000081c00000, 0x0000000081c00000|100%| O|  |TAMS 0x0000000081c00000, 0x0000000081b00000| Untracked 
|  28|0x0000000081c00000, 0x0000000081d00000, 0x0000000081d00000|100%| O|  |TAMS 0x0000000081d00000, 0x0000000081c00000| Untracked 
|  29|0x0000000081d00000, 0x0000000081e00000, 0x0000000081e00000|100%| O|  |TAMS 0x0000000081e00000, 0x0000000081d00000| Untracked 
|  30|0x0000000081e00000, 0x0000000081f00000, 0x0000000081f00000|100%| O|  |TAMS 0x0000000081f00000, 0x0000000081e00000| Untracked 
|  31|0x0000000081f00000, 0x0000000082000000, 0x0000000082000000|100%| O|  |TAMS 0x0000000082000000, 0x0000000081f00000| Updating 
|  32|0x0000000082000000, 0x0000000082100000, 0x0000000082100000|100%| O|  |TAMS 0x0000000082100000, 0x0000000082000000| Untracked 
|  33|0x0000000082100000, 0x0000000082200000, 0x0000000082200000|100%| O|  |TAMS 0x0000000082200000, 0x0000000082100000| Updating 
|  34|0x0000000082200000, 0x0000000082300000, 0x0000000082300000|100%|HS|  |TAMS 0x0000000082300000, 0x0000000082200000| Complete 
|  35|0x0000000082300000, 0x0000000082400000, 0x0000000082400000|100%| O|  |TAMS 0x0000000082400000, 0x0000000082300000| Untracked 
|  36|0x0000000082400000, 0x0000000082500000, 0x0000000082500000|100%| O|  |TAMS 0x0000000082500000, 0x0000000082400000| Untracked 
|  37|0x0000000082500000, 0x0000000082600000, 0x0000000082600000|100%|HS|  |TAMS 0x0000000082600000, 0x0000000082500000| Complete 
|  38|0x0000000082600000, 0x0000000082700000, 0x0000000082700000|100%|HC|  |TAMS 0x0000000082700000, 0x0000000082600000| Complete 
|  39|0x0000000082700000, 0x0000000082800000, 0x0000000082800000|100%|HC|  |TAMS 0x0000000082800000, 0x0000000082700000| Complete 
|  40|0x0000000082800000, 0x0000000082900000, 0x0000000082900000|100%| O|  |TAMS 0x0000000082900000, 0x0000000082800000| Untracked 
|  41|0x0000000082900000, 0x0000000082a00000, 0x0000000082a00000|100%| O|  |TAMS 0x0000000082a00000, 0x0000000082900000| Untracked 
|  42|0x0000000082a00000, 0x0000000082b00000, 0x0000000082b00000|100%| O|  |TAMS 0x0000000082b00000, 0x0000000082a00000| Untracked 
|  43|0x0000000082b00000, 0x0000000082c00000, 0x0000000082c00000|100%| O|  |TAMS 0x0000000082c00000, 0x0000000082b00000| Untracked 
|  44|0x0000000082c00000, 0x0000000082d00000, 0x0000000082d00000|100%| O|  |TAMS 0x0000000082d00000, 0x0000000082c00000| Untracked 
|  45|0x0000000082d00000, 0x0000000082e00000, 0x0000000082e00000|100%| O|  |TAMS 0x0000000082e00000, 0x0000000082d00000| Untracked 
|  46|0x0000000082e00000, 0x0000000082f00000, 0x0000000082f00000|100%| O|  |TAMS 0x0000000082f00000, 0x0000000082e00000| Untracked 
|  47|0x0000000082f00000, 0x0000000083000000, 0x0000000083000000|100%| O|  |TAMS 0x0000000083000000, 0x0000000082f00000| Untracked 
|  48|0x0000000083000000, 0x0000000083100000, 0x0000000083100000|100%| O|  |TAMS 0x0000000083100000, 0x0000000083000000| Untracked 
|  49|0x0000000083100000, 0x0000000083200000, 0x0000000083200000|100%| O|  |TAMS 0x0000000083200000, 0x0000000083100000| Untracked 
|  50|0x0000000083200000, 0x0000000083300000, 0x0000000083300000|100%| O|  |TAMS 0x0000000083300000, 0x0000000083200000| Untracked 
|  51|0x0000000083300000, 0x0000000083400000, 0x0000000083400000|100%| O|  |TAMS 0x0000000083400000, 0x0000000083300000| Untracked 
|  52|0x0000000083400000, 0x0000000083500000, 0x0000000083500000|100%| O|  |TAMS 0x0000000083500000, 0x0000000083400000| Untracked 
|  53|0x0000000083500000, 0x0000000083600000, 0x0000000083600000|100%| O|  |TAMS 0x0000000083600000, 0x0000000083500000| Untracked 
|  54|0x0000000083600000, 0x0000000083700000, 0x0000000083700000|100%| O|  |TAMS 0x0000000083700000, 0x0000000083600000| Untracked 
|  55|0x0000000083700000, 0x0000000083800000, 0x0000000083800000|100%|HS|  |TAMS 0x0000000083800000, 0x0000000083700000| Complete 
|  56|0x0000000083800000, 0x0000000083900000, 0x0000000083900000|100%|HS|  |TAMS 0x0000000083900000, 0x0000000083800000| Complete 
|  57|0x0000000083900000, 0x0000000083a00000, 0x0000000083a00000|100%|HS|  |TAMS 0x0000000083a00000, 0x0000000083900000| Complete 
|  58|0x0000000083a00000, 0x0000000083b00000, 0x0000000083b00000|100%| O|  |TAMS 0x0000000083b00000, 0x0000000083a00000| Untracked 
|  59|0x0000000083b00000, 0x0000000083c00000, 0x0000000083c00000|100%| O|  |TAMS 0x0000000083c00000, 0x0000000083b00000| Untracked 
|  60|0x0000000083c00000, 0x0000000083d00000, 0x0000000083d00000|100%| O|  |TAMS 0x0000000083d00000, 0x0000000083c00000| Updating 
|  61|0x0000000083d00000, 0x0000000083e00000, 0x0000000083e00000|100%|HS|  |TAMS 0x0000000083e00000, 0x0000000083d00000| Complete 
|  62|0x0000000083e00000, 0x0000000083f00000, 0x0000000083f00000|100%|HC|  |TAMS 0x0000000083f00000, 0x0000000083e00000| Complete 
|  63|0x0000000083f00000, 0x0000000084000000, 0x0000000084000000|100%| O|  |TAMS 0x0000000084000000, 0x0000000083f00000| Untracked 
|  64|0x0000000084000000, 0x0000000084100000, 0x0000000084100000|100%| O|  |TAMS 0x0000000084100000, 0x0000000084000000| Untracked 
|  65|0x0000000084100000, 0x0000000084200000, 0x0000000084200000|100%| O|  |TAMS 0x0000000084200000, 0x0000000084100000| Untracked 
|  66|0x0000000084200000, 0x0000000084300000, 0x0000000084300000|100%| O|  |TAMS 0x0000000084300000, 0x0000000084200000| Untracked 
|  67|0x0000000084300000, 0x0000000084400000, 0x0000000084400000|100%| O|  |TAMS 0x0000000084400000, 0x0000000084300000| Untracked 
|  68|0x0000000084400000, 0x0000000084500000, 0x0000000084500000|100%| O|  |TAMS 0x0000000084500000, 0x0000000084400000| Untracked 
|  69|0x0000000084500000, 0x0000000084600000, 0x0000000084600000|100%| O|  |TAMS 0x0000000084600000, 0x0000000084500000| Untracked 
|  70|0x0000000084600000, 0x0000000084700000, 0x0000000084700000|100%| O|  |TAMS 0x0000000084700000, 0x0000000084600000| Untracked 
|  71|0x0000000084700000, 0x0000000084800000, 0x0000000084800000|100%| O|  |TAMS 0x0000000084800000, 0x0000000084700000| Untracked 
|  72|0x0000000084800000, 0x0000000084900000, 0x0000000084900000|100%| O|  |TAMS 0x0000000084900000, 0x0000000084800000| Untracked 
|  73|0x0000000084900000, 0x0000000084a00000, 0x0000000084a00000|100%| O|  |TAMS 0x0000000084a00000, 0x0000000084900000| Untracked 
|  74|0x0000000084a00000, 0x0000000084b00000, 0x0000000084b00000|100%| O|  |TAMS 0x0000000084b00000, 0x0000000084a00000| Untracked 
|  75|0x0000000084b00000, 0x0000000084c00000, 0x0000000084c00000|100%| O|  |TAMS 0x0000000084c00000, 0x0000000084b00000| Untracked 
|  76|0x0000000084c00000, 0x0000000084d00000, 0x0000000084d00000|100%| O|  |TAMS 0x0000000084d00000, 0x0000000084c00000| Untracked 
|  77|0x0000000084d00000, 0x0000000084e00000, 0x0000000084e00000|100%| O|  |TAMS 0x0000000084e00000, 0x0000000084d00000| Updating 
|  78|0x0000000084e00000, 0x0000000084f00000, 0x0000000084f00000|100%| O|  |TAMS 0x0000000084f00000, 0x0000000084e00000| Untracked 
|  79|0x0000000084f00000, 0x0000000085000000, 0x0000000085000000|100%| O|  |TAMS 0x0000000085000000, 0x0000000084f00000| Untracked 
|  80|0x0000000085000000, 0x0000000085100000, 0x0000000085100000|100%| O|  |TAMS 0x0000000085100000, 0x0000000085000000| Untracked 
|  81|0x0000000085100000, 0x0000000085200000, 0x0000000085200000|100%| O|  |TAMS 0x0000000085200000, 0x0000000085100000| Untracked 
|  82|0x0000000085200000, 0x0000000085300000, 0x0000000085300000|100%| O|  |TAMS 0x0000000085300000, 0x0000000085200000| Untracked 
|  83|0x0000000085300000, 0x0000000085400000, 0x0000000085400000|100%| O|  |TAMS 0x0000000085400000, 0x0000000085300000| Untracked 
|  84|0x0000000085400000, 0x0000000085500000, 0x0000000085500000|100%| O|  |TAMS 0x0000000085500000, 0x0000000085400000| Untracked 
|  85|0x0000000085500000, 0x0000000085600000, 0x0000000085600000|100%| O|  |TAMS 0x0000000085600000, 0x0000000085500000| Untracked 
|  86|0x0000000085600000, 0x0000000085700000, 0x0000000085700000|100%| O|  |TAMS 0x0000000085700000, 0x0000000085600000| Updating 
|  87|0x0000000085700000, 0x0000000085800000, 0x0000000085800000|100%| O|  |TAMS 0x0000000085800000, 0x0000000085700000| Untracked 
|  88|0x0000000085800000, 0x0000000085900000, 0x0000000085900000|100%| O|  |TAMS 0x0000000085900000, 0x0000000085800000| Untracked 
|  89|0x0000000085900000, 0x0000000085a00000, 0x0000000085a00000|100%| O|  |TAMS 0x0000000085a00000, 0x0000000085900000| Untracked 
|  90|0x0000000085a00000, 0x0000000085b00000, 0x0000000085b00000|100%| O|  |TAMS 0x0000000085b00000, 0x0000000085a00000| Untracked 
|  91|0x0000000085b00000, 0x0000000085c00000, 0x0000000085c00000|100%| O|  |TAMS 0x0000000085c00000, 0x0000000085b00000| Untracked 
|  92|0x0000000085c00000, 0x0000000085d00000, 0x0000000085d00000|100%| O|  |TAMS 0x0000000085d00000, 0x0000000085c00000| Untracked 
|  93|0x0000000085d00000, 0x0000000085e00000, 0x0000000085e00000|100%| O|  |TAMS 0x0000000085e00000, 0x0000000085d00000| Untracked 
|  94|0x0000000085e00000, 0x0000000085f00000, 0x0000000085f00000|100%| O|  |TAMS 0x0000000085f00000, 0x0000000085e00000| Untracked 
|  95|0x0000000085f00000, 0x0000000086000000, 0x0000000086000000|100%| O|  |TAMS 0x0000000086000000, 0x0000000085f00000| Untracked 
|  96|0x0000000086000000, 0x0000000086100000, 0x0000000086100000|100%| O|  |TAMS 0x0000000086100000, 0x0000000086000000| Untracked 
|  97|0x0000000086100000, 0x0000000086200000, 0x0000000086200000|100%| O|  |TAMS 0x0000000086200000, 0x0000000086100000| Untracked 
|  98|0x0000000086200000, 0x0000000086300000, 0x0000000086300000|100%| O|  |TAMS 0x0000000086300000, 0x0000000086200000| Untracked 
|  99|0x0000000086300000, 0x0000000086400000, 0x0000000086400000|100%| O|  |TAMS 0x0000000086400000, 0x0000000086300000| Untracked 
| 100|0x0000000086400000, 0x0000000086500000, 0x0000000086500000|100%| O|  |TAMS 0x0000000086500000, 0x0000000086400000| Updating 
| 101|0x0000000086500000, 0x0000000086600000, 0x0000000086600000|100%| O|  |TAMS 0x0000000086600000, 0x0000000086500000| Untracked 
| 102|0x0000000086600000, 0x0000000086700000, 0x0000000086700000|100%| O|  |TAMS 0x0000000086700000, 0x0000000086600000| Untracked 
| 103|0x0000000086700000, 0x0000000086800000, 0x0000000086800000|100%| O|  |TAMS 0x0000000086800000, 0x0000000086700000| Untracked 
| 104|0x0000000086800000, 0x0000000086900000, 0x0000000086900000|100%| O|  |TAMS 0x0000000086900000, 0x0000000086800000| Untracked 
| 105|0x0000000086900000, 0x0000000086a00000, 0x0000000086a00000|100%| O|  |TAMS 0x0000000086a00000, 0x0000000086900000| Untracked 
| 106|0x0000000086a00000, 0x0000000086b00000, 0x0000000086b00000|100%| O|  |TAMS 0x0000000086b00000, 0x0000000086a00000| Untracked 
| 107|0x0000000086b00000, 0x0000000086c00000, 0x0000000086c00000|100%| O|  |TAMS 0x0000000086c00000, 0x0000000086b00000| Untracked 
| 108|0x0000000086c00000, 0x0000000086d00000, 0x0000000086d00000|100%| O|  |TAMS 0x0000000086d00000, 0x0000000086c00000| Untracked 
| 109|0x0000000086d00000, 0x0000000086e00000, 0x0000000086e00000|100%| O|  |TAMS 0x0000000086e00000, 0x0000000086d00000| Updating 
| 110|0x0000000086e00000, 0x0000000086f00000, 0x0000000086f00000|100%| O|  |TAMS 0x0000000086f00000, 0x0000000086e00000| Updating 
| 111|0x0000000086f00000, 0x0000000087000000, 0x0000000087000000|100%| O|  |TAMS 0x0000000087000000, 0x0000000086f00000| Untracked 
| 112|0x0000000087000000, 0x0000000087100000, 0x0000000087100000|100%| O|  |TAMS 0x0000000087100000, 0x0000000087000000| Untracked 
| 113|0x0000000087100000, 0x0000000087200000, 0x0000000087200000|100%| O|  |TAMS 0x0000000087200000, 0x0000000087100000| Untracked 
| 114|0x0000000087200000, 0x0000000087300000, 0x0000000087300000|100%| O|  |TAMS 0x0000000087300000, 0x0000000087200000| Updating 
| 115|0x0000000087300000, 0x0000000087400000, 0x0000000087400000|100%| O|  |TAMS 0x0000000087400000, 0x0000000087300000| Untracked 
| 116|0x0000000087400000, 0x0000000087500000, 0x0000000087500000|100%| O|  |TAMS 0x0000000087500000, 0x0000000087400000| Untracked 
| 117|0x0000000087500000, 0x0000000087600000, 0x0000000087600000|100%| O|  |TAMS 0x0000000087600000, 0x0000000087500000| Untracked 
| 118|0x0000000087600000, 0x0000000087700000, 0x0000000087700000|100%| O|  |TAMS 0x0000000087700000, 0x0000000087600000| Untracked 
| 119|0x0000000087700000, 0x0000000087800000, 0x0000000087800000|100%| O|  |TAMS 0x0000000087800000, 0x0000000087700000| Untracked 
| 120|0x0000000087800000, 0x0000000087900000, 0x0000000087900000|100%| O|  |TAMS 0x0000000087900000, 0x0000000087800000| Untracked 
| 121|0x0000000087900000, 0x0000000087a00000, 0x0000000087a00000|100%| O|  |TAMS 0x0000000087a00000, 0x0000000087900000| Untracked 
| 122|0x0000000087a00000, 0x0000000087b00000, 0x0000000087b00000|100%| O|  |TAMS 0x0000000087b00000, 0x0000000087a00000| Untracked 
| 123|0x0000000087b00000, 0x0000000087c00000, 0x0000000087c00000|100%| O|  |TAMS 0x0000000087c00000, 0x0000000087b00000| Untracked 
| 124|0x0000000087c00000, 0x0000000087d00000, 0x0000000087d00000|100%| O|  |TAMS 0x0000000087d00000, 0x0000000087c00000| Untracked 
| 125|0x0000000087d00000, 0x0000000087e00000, 0x0000000087e00000|100%| O|  |TAMS 0x0000000087e00000, 0x0000000087d00000| Updating 
| 126|0x0000000087e00000, 0x0000000087f00000, 0x0000000087f00000|100%| O|  |TAMS 0x0000000087f00000, 0x0000000087e00000| Untracked 
| 127|0x0000000087f00000, 0x0000000088000000, 0x0000000088000000|100%| O|  |TAMS 0x0000000088000000, 0x0000000087f00000| Untracked 
| 128|0x0000000088000000, 0x0000000088100000, 0x0000000088100000|100%| O|  |TAMS 0x0000000088100000, 0x0000000088000000| Untracked 
| 129|0x0000000088100000, 0x0000000088200000, 0x0000000088200000|100%| O|  |TAMS 0x0000000088200000, 0x0000000088100000| Untracked 
| 130|0x0000000088200000, 0x0000000088300000, 0x0000000088300000|100%| O|  |TAMS 0x0000000088300000, 0x0000000088200000| Untracked 
| 131|0x0000000088300000, 0x0000000088400000, 0x0000000088400000|100%| O|  |TAMS 0x0000000088400000, 0x0000000088300000| Untracked 
| 132|0x0000000088400000, 0x0000000088500000, 0x0000000088500000|100%| O|  |TAMS 0x0000000088500000, 0x0000000088400000| Untracked 
| 133|0x0000000088500000, 0x0000000088600000, 0x0000000088600000|100%| O|  |TAMS 0x0000000088600000, 0x0000000088500000| Untracked 
| 134|0x0000000088600000, 0x0000000088700000, 0x0000000088700000|100%| O|  |TAMS 0x0000000088700000, 0x0000000088600000| Untracked 
| 135|0x0000000088700000, 0x0000000088800000, 0x0000000088800000|100%| O|  |TAMS 0x0000000088800000, 0x0000000088700000| Untracked 
| 136|0x0000000088800000, 0x0000000088900000, 0x0000000088900000|100%| O|  |TAMS 0x0000000088900000, 0x0000000088800000| Untracked 
| 137|0x0000000088900000, 0x0000000088a00000, 0x0000000088a00000|100%|HS|  |TAMS 0x0000000088a00000, 0x0000000088900000| Complete 
| 138|0x0000000088a00000, 0x0000000088b00000, 0x0000000088b00000|100%| O|  |TAMS 0x0000000088b00000, 0x0000000088a00000| Untracked 
| 139|0x0000000088b00000, 0x0000000088c00000, 0x0000000088c00000|100%| O|  |TAMS 0x0000000088c00000, 0x0000000088b00000| Untracked 
| 140|0x0000000088c00000, 0x0000000088d00000, 0x0000000088d00000|100%| O|  |TAMS 0x0000000088d00000, 0x0000000088c00000| Untracked 
| 141|0x0000000088d00000, 0x0000000088e00000, 0x0000000088e00000|100%| O|  |TAMS 0x0000000088e00000, 0x0000000088d00000| Untracked 
| 142|0x0000000088e00000, 0x0000000088f00000, 0x0000000088f00000|100%| O|  |TAMS 0x0000000088f00000, 0x0000000088e00000| Untracked 
| 143|0x0000000088f00000, 0x0000000089000000, 0x0000000089000000|100%| O|  |TAMS 0x0000000089000000, 0x0000000088f00000| Untracked 
| 144|0x0000000089000000, 0x0000000089100000, 0x0000000089100000|100%| O|  |TAMS 0x0000000089100000, 0x0000000089000000| Untracked 
| 145|0x0000000089100000, 0x0000000089200000, 0x0000000089200000|100%| O|  |TAMS 0x0000000089200000, 0x0000000089100000| Untracked 
| 146|0x0000000089200000, 0x0000000089300000, 0x0000000089300000|100%| O|  |TAMS 0x0000000089300000, 0x0000000089200000| Untracked 
| 147|0x0000000089300000, 0x0000000089400000, 0x0000000089400000|100%| O|  |TAMS 0x0000000089400000, 0x0000000089300000| Untracked 
| 148|0x0000000089400000, 0x0000000089500000, 0x0000000089500000|100%| O|  |TAMS 0x0000000089500000, 0x0000000089400000| Updating 
| 149|0x0000000089500000, 0x0000000089600000, 0x0000000089600000|100%| O|  |TAMS 0x0000000089600000, 0x0000000089500000| Untracked 
| 150|0x0000000089600000, 0x0000000089700000, 0x0000000089700000|100%| O|  |TAMS 0x0000000089700000, 0x0000000089600000| Untracked 
| 151|0x0000000089700000, 0x0000000089800000, 0x0000000089800000|100%| O|  |TAMS 0x0000000089800000, 0x0000000089700000| Untracked 
| 152|0x0000000089800000, 0x0000000089900000, 0x0000000089900000|100%| O|  |TAMS 0x0000000089900000, 0x0000000089800000| Untracked 
| 153|0x0000000089900000, 0x0000000089a00000, 0x0000000089a00000|100%| O|  |TAMS 0x0000000089a00000, 0x0000000089900000| Updating 
| 154|0x0000000089a00000, 0x0000000089b00000, 0x0000000089b00000|100%| O|  |TAMS 0x0000000089b00000, 0x0000000089a00000| Untracked 
| 155|0x0000000089b00000, 0x0000000089c00000, 0x0000000089c00000|100%| O|  |TAMS 0x0000000089c00000, 0x0000000089b00000| Untracked 
| 156|0x0000000089c00000, 0x0000000089d00000, 0x0000000089d00000|100%| O|  |TAMS 0x0000000089d00000, 0x0000000089c00000| Untracked 
| 157|0x0000000089d00000, 0x0000000089e00000, 0x0000000089e00000|100%| O|  |TAMS 0x0000000089e00000, 0x0000000089d00000| Untracked 
| 158|0x0000000089e00000, 0x0000000089f00000, 0x0000000089f00000|100%| O|  |TAMS 0x0000000089f00000, 0x0000000089e00000| Updating 
| 159|0x0000000089f00000, 0x000000008a000000, 0x000000008a000000|100%| O|  |TAMS 0x000000008a000000, 0x0000000089f00000| Untracked 
| 160|0x000000008a000000, 0x000000008a100000, 0x000000008a100000|100%|HS|  |TAMS 0x000000008a100000, 0x000000008a000000| Complete 
| 161|0x000000008a100000, 0x000000008a200000, 0x000000008a200000|100%| O|  |TAMS 0x000000008a200000, 0x000000008a100000| Untracked 
| 162|0x000000008a200000, 0x000000008a300000, 0x000000008a300000|100%| O|  |TAMS 0x000000008a300000, 0x000000008a200000| Untracked 
| 163|0x000000008a300000, 0x000000008a400000, 0x000000008a400000|100%| O|  |TAMS 0x000000008a400000, 0x000000008a300000| Untracked 
| 164|0x000000008a400000, 0x000000008a500000, 0x000000008a500000|100%| O|  |TAMS 0x000000008a500000, 0x000000008a400000| Untracked 
| 165|0x000000008a500000, 0x000000008a600000, 0x000000008a600000|100%| O|  |TAMS 0x000000008a600000, 0x000000008a500000| Untracked 
| 166|0x000000008a600000, 0x000000008a700000, 0x000000008a700000|100%| O|  |TAMS 0x000000008a700000, 0x000000008a600000| Untracked 
| 167|0x000000008a700000, 0x000000008a800000, 0x000000008a800000|100%| O|  |TAMS 0x000000008a800000, 0x000000008a700000| Untracked 
| 168|0x000000008a800000, 0x000000008a900000, 0x000000008a900000|100%| O|  |TAMS 0x000000008a900000, 0x000000008a800000| Untracked 
| 169|0x000000008a900000, 0x000000008aa00000, 0x000000008aa00000|100%| O|  |TAMS 0x000000008aa00000, 0x000000008a900000| Updating 
| 170|0x000000008aa00000, 0x000000008ab00000, 0x000000008ab00000|100%| O|  |TAMS 0x000000008ab00000, 0x000000008aa00000| Untracked 
| 171|0x000000008ab00000, 0x000000008ac00000, 0x000000008ac00000|100%| O|  |TAMS 0x000000008ac00000, 0x000000008ab00000| Untracked 
| 172|0x000000008ac00000, 0x000000008ad00000, 0x000000008ad00000|100%| O|  |TAMS 0x000000008ad00000, 0x000000008ac00000| Untracked 
| 173|0x000000008ad00000, 0x000000008ae00000, 0x000000008ae00000|100%| O|  |TAMS 0x000000008ae00000, 0x000000008ad00000| Untracked 
| 174|0x000000008ae00000, 0x000000008af00000, 0x000000008af00000|100%| O|  |TAMS 0x000000008af00000, 0x000000008ae00000| Untracked 
| 175|0x000000008af00000, 0x000000008b000000, 0x000000008b000000|100%| O|  |TAMS 0x000000008b000000, 0x000000008af00000| Untracked 
| 176|0x000000008b000000, 0x000000008b100000, 0x000000008b100000|100%| O|  |TAMS 0x000000008b100000, 0x000000008b000000| Untracked 
| 177|0x000000008b100000, 0x000000008b200000, 0x000000008b200000|100%| O|  |TAMS 0x000000008b200000, 0x000000008b100000| Updating 
| 178|0x000000008b200000, 0x000000008b300000, 0x000000008b300000|100%| O|  |TAMS 0x000000008b300000, 0x000000008b200000| Updating 
| 179|0x000000008b300000, 0x000000008b400000, 0x000000008b400000|100%|HS|  |TAMS 0x000000008b400000, 0x000000008b300000| Complete 
| 180|0x000000008b400000, 0x000000008b500000, 0x000000008b500000|100%|HC|  |TAMS 0x000000008b500000, 0x000000008b400000| Complete 
| 181|0x000000008b500000, 0x000000008b600000, 0x000000008b600000|100%|HS|  |TAMS 0x000000008b600000, 0x000000008b500000| Complete 
| 182|0x000000008b600000, 0x000000008b700000, 0x000000008b700000|100%|HC|  |TAMS 0x000000008b700000, 0x000000008b600000| Complete 
| 183|0x000000008b700000, 0x000000008b800000, 0x000000008b800000|100%| O|  |TAMS 0x000000008b800000, 0x000000008b700000| Untracked 
| 184|0x000000008b800000, 0x000000008b900000, 0x000000008b900000|100%| O|  |TAMS 0x000000008b900000, 0x000000008b800000| Untracked 
| 185|0x000000008b900000, 0x000000008ba00000, 0x000000008ba00000|100%| O|  |TAMS 0x000000008ba00000, 0x000000008b900000| Untracked 
| 186|0x000000008ba00000, 0x000000008bb00000, 0x000000008bb00000|100%| O|  |TAMS 0x000000008bb00000, 0x000000008ba00000| Untracked 
| 187|0x000000008bb00000, 0x000000008bc00000, 0x000000008bc00000|100%| O|  |TAMS 0x000000008bc00000, 0x000000008bb00000| Untracked 
| 188|0x000000008bc00000, 0x000000008bd00000, 0x000000008bd00000|100%| O|  |TAMS 0x000000008bd00000, 0x000000008bc00000| Untracked 
| 189|0x000000008bd00000, 0x000000008be00000, 0x000000008be00000|100%| O|  |TAMS 0x000000008be00000, 0x000000008bd00000| Untracked 
| 190|0x000000008be00000, 0x000000008bf00000, 0x000000008bf00000|100%| O|  |TAMS 0x000000008bf00000, 0x000000008be00000| Untracked 
| 191|0x000000008bf00000, 0x000000008c000000, 0x000000008c000000|100%| O|  |TAMS 0x000000008c000000, 0x000000008bf00000| Updating 
| 192|0x000000008c000000, 0x000000008c100000, 0x000000008c100000|100%| O|  |TAMS 0x000000008c100000, 0x000000008c000000| Updating 
| 193|0x000000008c100000, 0x000000008c200000, 0x000000008c200000|100%| O|  |TAMS 0x000000008c200000, 0x000000008c100000| Untracked 
| 194|0x000000008c200000, 0x000000008c300000, 0x000000008c300000|100%| O|  |TAMS 0x000000008c300000, 0x000000008c200000| Untracked 
| 195|0x000000008c300000, 0x000000008c400000, 0x000000008c400000|100%| O|  |TAMS 0x000000008c400000, 0x000000008c300000| Updating 
| 196|0x000000008c400000, 0x000000008c500000, 0x000000008c500000|100%| O|  |TAMS 0x000000008c500000, 0x000000008c400000| Untracked 
| 197|0x000000008c500000, 0x000000008c600000, 0x000000008c600000|100%| O|  |TAMS 0x000000008c600000, 0x000000008c500000| Updating 
| 198|0x000000008c600000, 0x000000008c700000, 0x000000008c700000|100%| O|  |TAMS 0x000000008c700000, 0x000000008c600000| Updating 
| 199|0x000000008c700000, 0x000000008c800000, 0x000000008c800000|100%| O|  |TAMS 0x000000008c800000, 0x000000008c700000| Updating 
| 200|0x000000008c800000, 0x000000008c900000, 0x000000008c900000|100%|HS|  |TAMS 0x000000008c900000, 0x000000008c800000| Complete 
| 201|0x000000008c900000, 0x000000008ca00000, 0x000000008ca00000|100%|HC|  |TAMS 0x000000008ca00000, 0x000000008c900000| Complete 
| 202|0x000000008ca00000, 0x000000008cb00000, 0x000000008cb00000|100%|HC|  |TAMS 0x000000008cb00000, 0x000000008ca00000| Complete 
| 203|0x000000008cb00000, 0x000000008cc00000, 0x000000008cc00000|100%| O|  |TAMS 0x000000008cc00000, 0x000000008cb00000| Untracked 
| 204|0x000000008cc00000, 0x000000008cd00000, 0x000000008cd00000|100%| O|  |TAMS 0x000000008cd00000, 0x000000008cc00000| Updating 
| 205|0x000000008cd00000, 0x000000008ce00000, 0x000000008ce00000|100%|HS|  |TAMS 0x000000008ce00000, 0x000000008cd00000| Complete 
| 206|0x000000008ce00000, 0x000000008cf00000, 0x000000008cf00000|100%| O|  |TAMS 0x000000008ce00000, 0x000000008ce00000| Untracked 
| 207|0x000000008cf00000, 0x000000008d000000, 0x000000008d000000|100%| O|  |TAMS 0x000000008cf00000, 0x000000008cf00000| Untracked 
| 208|0x000000008d000000, 0x000000008d100000, 0x000000008d100000|100%| O|  |TAMS 0x000000008d000000, 0x000000008d000000| Untracked 
| 209|0x000000008d100000, 0x000000008d200000, 0x000000008d200000|100%| O|  |TAMS 0x000000008d100000, 0x000000008d100000| Untracked 
| 210|0x000000008d200000, 0x000000008d300000, 0x000000008d300000|100%| O|  |TAMS 0x000000008d200000, 0x000000008d200000| Untracked 
| 211|0x000000008d300000, 0x000000008d400000, 0x000000008d400000|100%| O|  |TAMS 0x000000008d300000, 0x000000008d300000| Untracked 
| 212|0x000000008d400000, 0x000000008d500000, 0x000000008d500000|100%| O|  |TAMS 0x000000008d400000, 0x000000008d400000| Untracked 
| 213|0x000000008d500000, 0x000000008d600000, 0x000000008d600000|100%| O|  |TAMS 0x000000008d500000, 0x000000008d500000| Untracked 
| 214|0x000000008d600000, 0x000000008d6f7200, 0x000000008d700000| 96%| O|  |TAMS 0x000000008d600000, 0x000000008d600000| Untracked 
| 215|0x000000008d700000, 0x000000008d800000, 0x000000008d800000|100%|HS|  |TAMS 0x000000008d700000, 0x000000008d700000| Complete 
| 216|0x000000008d800000, 0x000000008d900000, 0x000000008d900000|100%|HC|  |TAMS 0x000000008d800000, 0x000000008d800000| Complete 
| 217|0x000000008d900000, 0x000000008da00000, 0x000000008da00000|100%|HC|  |TAMS 0x000000008d900000, 0x000000008d900000| Complete 
| 218|0x000000008da00000, 0x000000008da00000, 0x000000008db00000|  0%| F|  |TAMS 0x000000008da00000, 0x000000008da00000| Untracked 
| 219|0x000000008db00000, 0x000000008db00000, 0x000000008dc00000|  0%| F|  |TAMS 0x000000008db00000, 0x000000008db00000| Untracked 
| 220|0x000000008dc00000, 0x000000008dc00000, 0x000000008dd00000|  0%| F|  |TAMS 0x000000008dc00000, 0x000000008dc00000| Untracked 
| 221|0x000000008dd00000, 0x000000008dd00000, 0x000000008de00000|  0%| F|  |TAMS 0x000000008dd00000, 0x000000008dd00000| Untracked 
| 222|0x000000008de00000, 0x000000008de00000, 0x000000008df00000|  0%| F|  |TAMS 0x000000008de00000, 0x000000008de00000| Untracked 
| 223|0x000000008df00000, 0x000000008df00000, 0x000000008e000000|  0%| F|  |TAMS 0x000000008df00000, 0x000000008df00000| Untracked 
| 224|0x000000008e000000, 0x000000008e000000, 0x000000008e100000|  0%| F|  |TAMS 0x000000008e000000, 0x000000008e000000| Untracked 
| 225|0x000000008e100000, 0x000000008e100000, 0x000000008e200000|  0%| F|  |TAMS 0x000000008e100000, 0x000000008e100000| Untracked 
| 226|0x000000008e200000, 0x000000008e200000, 0x000000008e300000|  0%| F|  |TAMS 0x000000008e200000, 0x000000008e200000| Untracked 
| 227|0x000000008e300000, 0x000000008e300000, 0x000000008e400000|  0%| F|  |TAMS 0x000000008e300000, 0x000000008e300000| Untracked 
| 228|0x000000008e400000, 0x000000008e400000, 0x000000008e500000|  0%| F|  |TAMS 0x000000008e400000, 0x000000008e400000| Untracked 
| 229|0x000000008e500000, 0x000000008e500000, 0x000000008e600000|  0%| F|  |TAMS 0x000000008e500000, 0x000000008e500000| Untracked 
| 230|0x000000008e600000, 0x000000008e600000, 0x000000008e700000|  0%| F|  |TAMS 0x000000008e600000, 0x000000008e600000| Untracked 
| 231|0x000000008e700000, 0x000000008e700000, 0x000000008e800000|  0%| F|  |TAMS 0x000000008e700000, 0x000000008e700000| Untracked 
| 232|0x000000008e800000, 0x000000008e800000, 0x000000008e900000|  0%| F|  |TAMS 0x000000008e800000, 0x000000008e800000| Untracked 
| 233|0x000000008e900000, 0x000000008e900000, 0x000000008ea00000|  0%| F|  |TAMS 0x000000008e900000, 0x000000008e900000| Untracked 
| 234|0x000000008ea00000, 0x000000008ea00000, 0x000000008eb00000|  0%| F|  |TAMS 0x000000008ea00000, 0x000000008ea00000| Untracked 
| 235|0x000000008eb00000, 0x000000008eb00000, 0x000000008ec00000|  0%| F|  |TAMS 0x000000008eb00000, 0x000000008eb00000| Untracked 
| 236|0x000000008ec00000, 0x000000008ec00000, 0x000000008ed00000|  0%| F|  |TAMS 0x000000008ec00000, 0x000000008ec00000| Untracked 
| 237|0x000000008ed00000, 0x000000008ed00000, 0x000000008ee00000|  0%| F|  |TAMS 0x000000008ed00000, 0x000000008ed00000| Untracked 
| 238|0x000000008ee00000, 0x000000008ee00000, 0x000000008ef00000|  0%| F|  |TAMS 0x000000008ee00000, 0x000000008ee00000| Untracked 
| 239|0x000000008ef00000, 0x000000008ef00000, 0x000000008f000000|  0%| F|  |TAMS 0x000000008ef00000, 0x000000008ef00000| Untracked 
| 240|0x000000008f000000, 0x000000008f000000, 0x000000008f100000|  0%| F|  |TAMS 0x000000008f000000, 0x000000008f000000| Untracked 
| 241|0x000000008f100000, 0x000000008f100000, 0x000000008f200000|  0%| F|  |TAMS 0x000000008f100000, 0x000000008f100000| Untracked 
| 242|0x000000008f200000, 0x000000008f200000, 0x000000008f300000|  0%| F|  |TAMS 0x000000008f200000, 0x000000008f200000| Untracked 
| 243|0x000000008f300000, 0x000000008f300000, 0x000000008f400000|  0%| F|  |TAMS 0x000000008f300000, 0x000000008f300000| Untracked 
| 244|0x000000008f400000, 0x000000008f400000, 0x000000008f500000|  0%| F|  |TAMS 0x000000008f400000, 0x000000008f400000| Untracked 
| 245|0x000000008f500000, 0x000000008f500000, 0x000000008f600000|  0%| F|  |TAMS 0x000000008f500000, 0x000000008f500000| Untracked 
| 246|0x000000008f600000, 0x000000008f600000, 0x000000008f700000|  0%| F|  |TAMS 0x000000008f600000, 0x000000008f600000| Untracked 
| 247|0x000000008f700000, 0x000000008f700000, 0x000000008f800000|  0%| F|  |TAMS 0x000000008f700000, 0x000000008f700000| Untracked 
| 248|0x000000008f800000, 0x000000008f800000, 0x000000008f900000|  0%| F|  |TAMS 0x000000008f800000, 0x000000008f800000| Untracked 
| 249|0x000000008f900000, 0x000000008f900000, 0x000000008fa00000|  0%| F|  |TAMS 0x000000008f900000, 0x000000008f900000| Untracked 
| 250|0x000000008fa00000, 0x000000008fa00000, 0x000000008fb00000|  0%| F|  |TAMS 0x000000008fa00000, 0x000000008fa00000| Untracked 
| 251|0x000000008fb00000, 0x000000008fb00000, 0x000000008fc00000|  0%| F|  |TAMS 0x000000008fb00000, 0x000000008fb00000| Untracked 
| 252|0x000000008fc00000, 0x000000008fc00000, 0x000000008fd00000|  0%| F|  |TAMS 0x000000008fc00000, 0x000000008fc00000| Untracked 
| 253|0x000000008fd00000, 0x000000008fd00000, 0x000000008fe00000|  0%| F|  |TAMS 0x000000008fd00000, 0x000000008fd00000| Untracked 
| 254|0x000000008fe00000, 0x000000008fe00000, 0x000000008ff00000|  0%| F|  |TAMS 0x000000008fe00000, 0x000000008fe00000| Untracked 
| 255|0x000000008ff00000, 0x000000008ff00000, 0x0000000090000000|  0%| F|  |TAMS 0x000000008ff00000, 0x000000008ff00000| Untracked 
| 256|0x0000000090000000, 0x0000000090000000, 0x0000000090100000|  0%| F|  |TAMS 0x0000000090000000, 0x0000000090000000| Untracked 
| 257|0x0000000090100000, 0x0000000090100000, 0x0000000090200000|  0%| F|  |TAMS 0x0000000090100000, 0x0000000090100000| Untracked 
| 258|0x0000000090200000, 0x0000000090200000, 0x0000000090300000|  0%| F|  |TAMS 0x0000000090200000, 0x0000000090200000| Untracked 
| 259|0x0000000090300000, 0x0000000090300000, 0x0000000090400000|  0%| F|  |TAMS 0x0000000090300000, 0x0000000090300000| Untracked 
| 260|0x0000000090400000, 0x0000000090400000, 0x0000000090500000|  0%| F|  |TAMS 0x0000000090400000, 0x0000000090400000| Untracked 
| 261|0x0000000090500000, 0x0000000090500000, 0x0000000090600000|  0%| F|  |TAMS 0x0000000090500000, 0x0000000090500000| Untracked 
| 262|0x0000000090600000, 0x0000000090600000, 0x0000000090700000|  0%| F|  |TAMS 0x0000000090600000, 0x0000000090600000| Untracked 
| 263|0x0000000090700000, 0x0000000090700000, 0x0000000090800000|  0%| F|  |TAMS 0x0000000090700000, 0x0000000090700000| Untracked 
| 264|0x0000000090800000, 0x0000000090800000, 0x0000000090900000|  0%| F|  |TAMS 0x0000000090800000, 0x0000000090800000| Untracked 
| 265|0x0000000090900000, 0x0000000090900000, 0x0000000090a00000|  0%| F|  |TAMS 0x0000000090900000, 0x0000000090900000| Untracked 
| 266|0x0000000090a00000, 0x0000000090a00000, 0x0000000090b00000|  0%| F|  |TAMS 0x0000000090a00000, 0x0000000090a00000| Untracked 
| 267|0x0000000090b00000, 0x0000000090b00000, 0x0000000090c00000|  0%| F|  |TAMS 0x0000000090b00000, 0x0000000090b00000| Untracked 
| 268|0x0000000090c00000, 0x0000000090c00000, 0x0000000090d00000|  0%| F|  |TAMS 0x0000000090c00000, 0x0000000090c00000| Untracked 
| 269|0x0000000090d00000, 0x0000000090d00000, 0x0000000090e00000|  0%| F|  |TAMS 0x0000000090d00000, 0x0000000090d00000| Untracked 
| 270|0x0000000090e00000, 0x0000000090e00000, 0x0000000090f00000|  0%| F|  |TAMS 0x0000000090e00000, 0x0000000090e00000| Untracked 
| 271|0x0000000090f00000, 0x0000000090f00000, 0x0000000091000000|  0%| F|  |TAMS 0x0000000090f00000, 0x0000000090f00000| Untracked 
| 272|0x0000000091000000, 0x0000000091000000, 0x0000000091100000|  0%| F|  |TAMS 0x0000000091000000, 0x0000000091000000| Untracked 
| 273|0x0000000091100000, 0x0000000091100000, 0x0000000091200000|  0%| F|  |TAMS 0x0000000091100000, 0x0000000091100000| Untracked 
| 274|0x0000000091200000, 0x0000000091200000, 0x0000000091300000|  0%| F|  |TAMS 0x0000000091200000, 0x0000000091200000| Untracked 
| 275|0x0000000091300000, 0x0000000091300000, 0x0000000091400000|  0%| F|  |TAMS 0x0000000091300000, 0x0000000091300000| Untracked 
| 276|0x0000000091400000, 0x0000000091400000, 0x0000000091500000|  0%| F|  |TAMS 0x0000000091400000, 0x0000000091400000| Untracked 
| 277|0x0000000091500000, 0x0000000091500000, 0x0000000091600000|  0%| F|  |TAMS 0x0000000091500000, 0x0000000091500000| Untracked 
| 278|0x0000000091600000, 0x0000000091600000, 0x0000000091700000|  0%| F|  |TAMS 0x0000000091600000, 0x0000000091600000| Untracked 
| 279|0x0000000091700000, 0x0000000091700000, 0x0000000091800000|  0%| F|  |TAMS 0x0000000091700000, 0x0000000091700000| Untracked 
| 280|0x0000000091800000, 0x0000000091800000, 0x0000000091900000|  0%| F|  |TAMS 0x0000000091800000, 0x0000000091800000| Untracked 
| 281|0x0000000091900000, 0x0000000091900000, 0x0000000091a00000|  0%| F|  |TAMS 0x0000000091900000, 0x0000000091900000| Untracked 
| 282|0x0000000091a00000, 0x0000000091a00000, 0x0000000091b00000|  0%| F|  |TAMS 0x0000000091a00000, 0x0000000091a00000| Untracked 
| 283|0x0000000091b00000, 0x0000000091b00000, 0x0000000091c00000|  0%| F|  |TAMS 0x0000000091b00000, 0x0000000091b00000| Untracked 
| 284|0x0000000091c00000, 0x0000000091c00000, 0x0000000091d00000|  0%| F|  |TAMS 0x0000000091c00000, 0x0000000091c00000| Untracked 
| 285|0x0000000091d00000, 0x0000000091d00000, 0x0000000091e00000|  0%| F|  |TAMS 0x0000000091d00000, 0x0000000091d00000| Untracked 
| 286|0x0000000091e00000, 0x0000000091e00000, 0x0000000091f00000|  0%| F|  |TAMS 0x0000000091e00000, 0x0000000091e00000| Untracked 
| 287|0x0000000091f00000, 0x0000000091f00000, 0x0000000092000000|  0%| F|  |TAMS 0x0000000091f00000, 0x0000000091f00000| Untracked 
| 288|0x0000000092000000, 0x0000000092000000, 0x0000000092100000|  0%| F|  |TAMS 0x0000000092000000, 0x0000000092000000| Untracked 
| 289|0x0000000092100000, 0x0000000092200000, 0x0000000092200000|100%| E|  |TAMS 0x0000000092100000, 0x0000000092100000| Complete 
| 290|0x0000000092200000, 0x0000000092300000, 0x0000000092300000|100%| E|CS|TAMS 0x0000000092200000, 0x0000000092200000| Complete 
| 291|0x0000000092300000, 0x0000000092368080, 0x0000000092400000| 40%| S|CS|TAMS 0x0000000092300000, 0x0000000092300000| Complete 
| 292|0x0000000092400000, 0x0000000092500000, 0x0000000092500000|100%| S|CS|TAMS 0x0000000092400000, 0x0000000092400000| Complete 
| 293|0x0000000092500000, 0x0000000092600000, 0x0000000092600000|100%| S|CS|TAMS 0x0000000092500000, 0x0000000092500000| Complete 
| 294|0x0000000092600000, 0x0000000092700000, 0x0000000092700000|100%| S|CS|TAMS 0x0000000092600000, 0x0000000092600000| Complete 
| 295|0x0000000092700000, 0x0000000092800000, 0x0000000092800000|100%| E|CS|TAMS 0x0000000092700000, 0x0000000092700000| Complete 
| 296|0x0000000092800000, 0x0000000092900000, 0x0000000092900000|100%| E|CS|TAMS 0x0000000092800000, 0x0000000092800000| Complete 
| 297|0x0000000092900000, 0x0000000092a00000, 0x0000000092a00000|100%| E|CS|TAMS 0x0000000092900000, 0x0000000092900000| Complete 
| 298|0x0000000092a00000, 0x0000000092b00000, 0x0000000092b00000|100%| E|CS|TAMS 0x0000000092a00000, 0x0000000092a00000| Complete 
| 299|0x0000000092b00000, 0x0000000092c00000, 0x0000000092c00000|100%| E|CS|TAMS 0x0000000092b00000, 0x0000000092b00000| Complete 
| 300|0x0000000092c00000, 0x0000000092d00000, 0x0000000092d00000|100%| E|CS|TAMS 0x0000000092c00000, 0x0000000092c00000| Complete 
| 301|0x0000000092d00000, 0x0000000092e00000, 0x0000000092e00000|100%| E|CS|TAMS 0x0000000092d00000, 0x0000000092d00000| Complete 
| 302|0x0000000092e00000, 0x0000000092f00000, 0x0000000092f00000|100%| E|CS|TAMS 0x0000000092e00000, 0x0000000092e00000| Complete 
| 303|0x0000000092f00000, 0x0000000093000000, 0x0000000093000000|100%| E|CS|TAMS 0x0000000092f00000, 0x0000000092f00000| Complete 
| 304|0x0000000093000000, 0x0000000093100000, 0x0000000093100000|100%| E|CS|TAMS 0x0000000093000000, 0x0000000093000000| Complete 
| 305|0x0000000093100000, 0x0000000093200000, 0x0000000093200000|100%| E|CS|TAMS 0x0000000093100000, 0x0000000093100000| Complete 
| 306|0x0000000093200000, 0x0000000093300000, 0x0000000093300000|100%| E|CS|TAMS 0x0000000093200000, 0x0000000093200000| Complete 
| 307|0x0000000093300000, 0x0000000093400000, 0x0000000093400000|100%| E|CS|TAMS 0x0000000093300000, 0x0000000093300000| Complete 
| 308|0x0000000093400000, 0x0000000093500000, 0x0000000093500000|100%| E|CS|TAMS 0x0000000093400000, 0x0000000093400000| Complete 
| 309|0x0000000093500000, 0x0000000093600000, 0x0000000093600000|100%| E|CS|TAMS 0x0000000093500000, 0x0000000093500000| Complete 
| 310|0x0000000093600000, 0x0000000093700000, 0x0000000093700000|100%| E|CS|TAMS 0x0000000093600000, 0x0000000093600000| Complete 
| 311|0x0000000093700000, 0x0000000093800000, 0x0000000093800000|100%| E|CS|TAMS 0x0000000093700000, 0x0000000093700000| Complete 

Card table byte_map: [0x000001cc79410000,0x000001cc79810000] _byte_map_base: 0x000001cc79010000

Marking Bits (Prev, Next): (CMBitMap*) 0x000001cc78f908e0, (CMBitMap*) 0x000001cc78f908a0
 Prev Bits: [0x000001cc7bc10000, 0x000001cc7dc10000)
 Next Bits: [0x000001cc79c10000, 0x000001cc7bc10000)

Polling page: 0x000001cc76f00000

Metaspace:

Usage:
  Non-class:     86.22 MB used.
      Class:     13.80 MB used.
       Both:    100.01 MB used.

Virtual space:
  Non-class space:       88.00 MB reserved,      87.25 MB (>99%) committed,  11 nodes.
      Class space:      412.00 MB reserved,      14.62 MB (  4%) committed,  1 nodes.
             Both:      500.00 MB reserved,     101.88 MB ( 20%) committed. 

Chunk freelists:
   Non-Class:  624.00 KB
       Class:  1.42 MB
        Both:  2.03 MB

MaxMetaspaceSize: 512.00 MB
CompressedClassSpaceSize: 412.00 MB
Initial GC threshold: 21.00 MB
Current GC threshold: 162.81 MB
CDS: on
MetaspaceReclaimPolicy: balanced
 - commit_granule_bytes: 65536.
 - commit_granule_words: 8192.
 - virtual_space_node_default_size: 1048576.
 - enlarge_chunks_in_place: 1.
 - new_chunks_are_fully_committed: 0.
 - uncommit_free_chunks: 1.
 - use_allocation_guard: 0.
 - handle_deallocations: 1.


Internal statistics:

num_allocs_failed_limit: 6.
num_arena_births: 1872.
num_arena_deaths: 0.
num_vsnodes_births: 12.
num_vsnodes_deaths: 0.
num_space_committed: 1630.
num_space_uncommitted: 0.
num_chunks_returned_to_freelist: 6.
num_chunks_taken_from_freelist: 6660.
num_chunk_merges: 6.
num_chunk_splits: 4272.
num_chunks_enlarged: 2642.
num_purges: 0.
num_inconsistent_stats: 0.

CodeHeap 'non-profiled nmethods': size=120000Kb used=10949Kb max_used=10949Kb free=109051Kb
 bounds [0x000001cc0f280000, 0x000001cc0fd40000, 0x000001cc167b0000]
CodeHeap 'profiled nmethods': size=120000Kb used=27376Kb max_used=27376Kb free=92623Kb
 bounds [0x000001cc077b0000, 0x000001cc09270000, 0x000001cc0ece0000]
CodeHeap 'non-nmethods': size=5760Kb used=2406Kb max_used=2526Kb free=3353Kb
 bounds [0x000001cc0ece0000, 0x000001cc0ef60000, 0x000001cc0f280000]
 total_blobs=14307 nmethods=13364 adapters=855
 compilation: enabled
              stopped_count=0, restarted_count=0
 full_count=0

Compilation events (20 events):
Event: 749.078 Thread 0x000001cc1697a600 nmethod 15702 0x000001cc09269310 code [0x000001cc092694c0, 0x000001cc092697a8]
Event: 749.081 Thread 0x000001cc16977c40 15703       4       org.gradle.api.internal.artifacts.ivyservice.dependencysubstitution.DefaultDependencySubstitutions::<init> (57 bytes)
Event: 749.084 Thread 0x000001cc1697a600 15707       3       com.android.build.gradle.internal.dsl.TestOptions_Decorated::getUnitTests (39 bytes)
Event: 749.085 Thread 0x000001cc1697a600 nmethod 15707 0x000001cc09269890 code [0x000001cc09269a60, 0x000001cc09269dd8]
Event: 749.085 Thread 0x000001cc1697a600 15708       3       com.android.build.api.artifact.impl.ArtifactsImpl::use (54 bytes)
Event: 749.086 Thread 0x000001cc1697a600 nmethod 15708 0x000001cc09269f10 code [0x000001cc0926a140, 0x000001cc0926a8e8]
Event: 749.086 Thread 0x000001cc1697a600 15709       3       com.android.build.api.artifact.impl.ArtifactsImpl::addRequest (19 bytes)
Event: 749.086 Thread 0x000001cc1697a600 nmethod 15709 0x000001cc0926ac10 code [0x000001cc0926ae20, 0x000001cc0926b4a8]
Event: 749.086 Thread 0x000001cc1697a600 15710       3       com.android.build.api.artifact.impl.TaskBasedOperationImpl::closeRequest (5 bytes)
Event: 749.087 Thread 0x000001cc1697a600 nmethod 15710 0x000001cc0926b710 code [0x000001cc0926b8e0, 0x000001cc0926bc68]
Event: 749.089 Thread 0x000001cc1697a600 15711       3       com.android.build.gradle.internal.scope.VariantScopeImpl::consumesFeatureJars (50 bytes)
Event: 749.089 Thread 0x000001cc1697a600 nmethod 15711 0x000001cc0926be10 code [0x000001cc0926c040, 0x000001cc0926c9c8]
Event: 749.094 Thread 0x000001cc16977c40 nmethod 15703 0x000001cc0fd2f910 code [0x000001cc0fd2fa80, 0x000001cc0fd303f8]
Event: 749.094 Thread 0x000001cc16977c40 15705       4       org.gradle.api.internal.artifacts.ivyservice.dependencysubstitution.DefaultDependencySubstitutions::<init> (23 bytes)
Event: 749.101 Thread 0x000001cc1697a600 15712       3       com.android.build.gradle.internal.api.ApkVariantOutputImpl_Decorated::getAsDynamicObject (37 bytes)
Event: 749.102 Thread 0x000001cc1697a600 nmethod 15712 0x000001cc0926cd10 code [0x000001cc0926cf00, 0x000001cc0926d4c8]
Event: 749.112 Thread 0x000001cc16977c40 nmethod 15705 0x000001cc0fd30490 code [0x000001cc0fd30620, 0x000001cc0fd31278]
Event: 749.112 Thread 0x000001cc16977c40 15704       4       org.gradle.api.internal.artifacts.ivyservice.resolutionstrategy.DefaultResolutionStrategy::<init> (36 bytes)
Event: 749.206 Thread 0x000001cc1697a600 15713       3       org.jetbrains.kotlin.gradle.plugin.PropertiesProvider::property (51 bytes)
Event: 749.206 Thread 0x000001cc1697a600 nmethod 15713 0x000001cc0926d690 code [0x000001cc0926d920, 0x000001cc0926e8d8]

GC Heap History (20 events):
Event: 664.239 GC heap before
{Heap before GC invocations=79 (full 0):
 garbage-first heap   total 235520K, used 195541K [0x0000000080000000, 0x0000000100000000)
  region size 1024K, 48 young (49152K), 6 survivors (6144K)
 Metaspace       used 94927K, committed 96384K, reserved 512000K
  class space    used 13069K, committed 13760K, reserved 421888K
}
Event: 664.249 GC heap after
{Heap after GC invocations=80 (full 0):
 garbage-first heap   total 235520K, used 157696K [0x0000000080000000, 0x0000000100000000)
  region size 1024K, 5 young (5120K), 5 survivors (5120K)
 Metaspace       used 94927K, committed 96384K, reserved 512000K
  class space    used 13069K, committed 13760K, reserved 421888K
}
Event: 668.662 GC heap before
{Heap before GC invocations=81 (full 0):
 garbage-first heap   total 270336K, used 193536K [0x0000000080000000, 0x0000000100000000)
  region size 1024K, 41 young (41984K), 5 survivors (5120K)
 Metaspace       used 96202K, committed 97664K, reserved 512000K
  class space    used 13258K, committed 13952K, reserved 421888K
}
Event: 668.674 GC heap after
{Heap after GC invocations=82 (full 0):
 garbage-first heap   total 270336K, used 161790K [0x0000000080000000, 0x0000000100000000)
  region size 1024K, 5 young (5120K), 5 survivors (5120K)
 Metaspace       used 96202K, committed 97664K, reserved 512000K
  class space    used 13258K, committed 13952K, reserved 421888K
}
Event: 669.808 GC heap before
{Heap before GC invocations=82 (full 0):
 garbage-first heap   total 270336K, used 169982K [0x0000000080000000, 0x0000000100000000)
  region size 1024K, 13 young (13312K), 5 survivors (5120K)
 Metaspace       used 96371K, committed 97856K, reserved 512000K
  class space    used 13288K, committed 13952K, reserved 421888K
}
Event: 669.837 GC heap after
{Heap after GC invocations=83 (full 0):
 garbage-first heap   total 270336K, used 163279K [0x0000000080000000, 0x0000000100000000)
  region size 1024K, 2 young (2048K), 2 survivors (2048K)
 Metaspace       used 96371K, committed 97856K, reserved 512000K
  class space    used 13288K, committed 13952K, reserved 421888K
}
Event: 680.209 GC heap before
{Heap before GC invocations=83 (full 0):
 garbage-first heap   total 270336K, used 221647K [0x0000000080000000, 0x0000000100000000)
  region size 1024K, 59 young (60416K), 2 survivors (2048K)
 Metaspace       used 96921K, committed 98496K, reserved 512000K
  class space    used 13366K, committed 14080K, reserved 421888K
}
Event: 680.228 GC heap after
{Heap after GC invocations=84 (full 0):
 garbage-first heap   total 270336K, used 173056K [0x0000000080000000, 0x0000000100000000)
  region size 1024K, 8 young (8192K), 8 survivors (8192K)
 Metaspace       used 96921K, committed 98496K, reserved 512000K
  class space    used 13366K, committed 14080K, reserved 421888K
}
Event: 707.277 GC heap before
{Heap before GC invocations=84 (full 0):
 garbage-first heap   total 270336K, used 223232K [0x0000000080000000, 0x0000000100000000)
  region size 1024K, 57 young (58368K), 8 survivors (8192K)
 Metaspace       used 97881K, committed 99520K, reserved 512000K
  class space    used 13514K, committed 14272K, reserved 421888K
}
Event: 707.298 GC heap after
{Heap after GC invocations=85 (full 0):
 garbage-first heap   total 270336K, used 181607K [0x0000000080000000, 0x0000000100000000)
  region size 1024K, 8 young (8192K), 8 survivors (8192K)
 Metaspace       used 97881K, committed 99520K, reserved 512000K
  class space    used 13514K, committed 14272K, reserved 421888K
}
Event: 718.060 GC heap before
{Heap before GC invocations=85 (full 0):
 garbage-first heap   total 270336K, used 222567K [0x0000000080000000, 0x0000000100000000)
  region size 1024K, 49 young (50176K), 8 survivors (8192K)
 Metaspace       used 98322K, committed 100032K, reserved 512000K
  class space    used 13573K, committed 14336K, reserved 421888K
}
Event: 718.082 GC heap after
{Heap after GC invocations=86 (full 0):
 garbage-first heap   total 270336K, used 190152K [0x0000000080000000, 0x0000000100000000)
  region size 1024K, 7 young (7168K), 7 survivors (7168K)
 Metaspace       used 98322K, committed 100032K, reserved 512000K
  class space    used 13573K, committed 14336K, reserved 421888K
}
Event: 728.412 GC heap before
{Heap before GC invocations=87 (full 0):
 garbage-first heap   total 319488K, used 224968K [0x0000000080000000, 0x0000000100000000)
  region size 1024K, 38 young (38912K), 7 survivors (7168K)
 Metaspace       used 98529K, committed 100288K, reserved 512000K
  class space    used 13604K, committed 14400K, reserved 421888K
}
Event: 728.427 GC heap after
{Heap after GC invocations=88 (full 0):
 garbage-first heap   total 319488K, used 202155K [0x0000000080000000, 0x0000000100000000)
  region size 1024K, 5 young (5120K), 5 survivors (5120K)
 Metaspace       used 98529K, committed 100288K, reserved 512000K
  class space    used 13604K, committed 14400K, reserved 421888K
}
Event: 734.673 GC heap before
{Heap before GC invocations=88 (full 0):
 garbage-first heap   total 319488K, used 212395K [0x0000000080000000, 0x0000000100000000)
  region size 1024K, 15 young (15360K), 5 survivors (5120K)
 Metaspace       used 98576K, committed 100352K, reserved 512000K
  class space    used 13610K, committed 14400K, reserved 421888K
}
Event: 734.686 GC heap after
{Heap after GC invocations=89 (full 0):
 garbage-first heap   total 319488K, used 203961K [0x0000000080000000, 0x0000000100000000)
  region size 1024K, 2 young (2048K), 2 survivors (2048K)
 Metaspace       used 98576K, committed 100352K, reserved 512000K
  class space    used 13610K, committed 14400K, reserved 421888K
}
Event: 743.722 GC heap before
{Heap before GC invocations=89 (full 0):
 garbage-first heap   total 319488K, used 264377K [0x0000000080000000, 0x0000000100000000)
  region size 1024K, 57 young (58368K), 2 survivors (2048K)
 Metaspace       used 100728K, committed 102528K, reserved 512000K
  class space    used 13906K, committed 14720K, reserved 421888K
}
Event: 743.733 GC heap after
{Heap after GC invocations=90 (full 0):
 garbage-first heap   total 319488K, used 218112K [0x0000000080000000, 0x0000000100000000)
  region size 1024K, 8 young (8192K), 8 survivors (8192K)
 Metaspace       used 100728K, committed 102528K, reserved 512000K
  class space    used 13906K, committed 14720K, reserved 421888K
}
Event: 748.507 GC heap before
{Heap before GC invocations=90 (full 0):
 garbage-first heap   total 319488K, used 235520K [0x0000000080000000, 0x0000000100000000)
  region size 1024K, 25 young (25600K), 8 survivors (8192K)
 Metaspace       used 100858K, committed 102720K, reserved 512000K
  class space    used 13923K, committed 14784K, reserved 421888K
}
Event: 748.517 GC heap after
{Heap after GC invocations=91 (full 0):
 garbage-first heap   total 319488K, used 223612K [0x0000000080000000, 0x0000000100000000)
  region size 1024K, 4 young (4096K), 4 survivors (4096K)
 Metaspace       used 100858K, committed 102720K, reserved 512000K
  class space    used 13923K, committed 14784K, reserved 421888K
}

Deoptimization events (20 events):
Event: 738.340 Thread 0x000001cc174b5c20 Uncommon trap: trap_request=0xffffff45 fr.pc=0x000001cc0fa3b738 relative=0x0000000000003f38
Event: 738.340 Thread 0x000001cc174b5c20 Uncommon trap: reason=unstable_if action=reinterpret pc=0x000001cc0fa3b738 method=java.util.zip.ZipFile$Source.isSignatureRelated(II)Z @ 136 c2
Event: 738.340 Thread 0x000001cc174b5c20 DEOPT PACKING pc=0x000001cc0fa3b738 sp=0x00000041d18f9670
Event: 738.340 Thread 0x000001cc174b5c20 DEOPT UNPACKING pc=0x000001cc0ed323a3 sp=0x00000041d18f95c8 mode 2
Event: 738.390 Thread 0x000001cc174b5c20 DEOPT PACKING pc=0x000001cc091f0269 sp=0x00000041d18f95e0
Event: 738.390 Thread 0x000001cc174b5c20 DEOPT UNPACKING pc=0x000001cc0ed32b43 sp=0x00000041d18f8b60 mode 0
Event: 738.612 Thread 0x000001cc174b5c20 Uncommon trap: trap_request=0xffffff45 fr.pc=0x000001cc0f9e00b0 relative=0x0000000000002810
Event: 738.612 Thread 0x000001cc174b5c20 Uncommon trap: reason=unstable_if action=reinterpret pc=0x000001cc0f9e00b0 method=kotlin.collections.CollectionsKt___CollectionsKt.joinToString$default(Ljava/lang/Iterable;Ljava/lang/CharSequence;Ljava/lang/CharSequence;Ljava/lang/CharSequence;ILjava/lang
Event: 738.612 Thread 0x000001cc174b5c20 DEOPT PACKING pc=0x000001cc0f9e00b0 sp=0x00000041d18f9b00
Event: 738.612 Thread 0x000001cc174b5c20 DEOPT UNPACKING pc=0x000001cc0ed323a3 sp=0x00000041d18f9b40 mode 2
Event: 739.258 Thread 0x000001cc174b5c20 Uncommon trap: trap_request=0xffffffc6 fr.pc=0x000001cc0fbbd0d0 relative=0x0000000000001d90
Event: 739.258 Thread 0x000001cc174b5c20 Uncommon trap: reason=bimorphic_or_optimized_type_check action=maybe_recompile pc=0x000001cc0fbbd0d0 method=org.gradle.internal.event.BroadcastDispatch.add(Ljava/lang/String;Lorg/gradle/api/Action;)Lorg/gradle/internal/event/BroadcastDispatch; @ 22 c2
Event: 739.258 Thread 0x000001cc174b5c20 DEOPT PACKING pc=0x000001cc0fbbd0d0 sp=0x00000041d18f9860
Event: 739.258 Thread 0x000001cc174b5c20 DEOPT UNPACKING pc=0x000001cc0ed323a3 sp=0x00000041d18f9858 mode 2
Event: 739.258 Thread 0x000001cc174b5c20 Uncommon trap: trap_request=0xffffffde fr.pc=0x000001cc0fbbd0ec relative=0x0000000000001dac
Event: 739.258 Thread 0x000001cc174b5c20 Uncommon trap: reason=class_check action=maybe_recompile pc=0x000001cc0fbbd0ec method=org.gradle.internal.event.BroadcastDispatch$SingletonDispatch.add(Ljava/lang/Object;Lorg/gradle/internal/dispatch/Dispatch;)Lorg/gradle/internal/event/BroadcastDispatch;
Event: 739.258 Thread 0x000001cc174b5c20 DEOPT PACKING pc=0x000001cc0fbbd0ec sp=0x00000041d18f9860
Event: 739.258 Thread 0x000001cc174b5c20 DEOPT UNPACKING pc=0x000001cc0ed323a3 sp=0x00000041d18f97e8 mode 2
Event: 748.560 Thread 0x000001cc174b5c20 DEOPT PACKING pc=0x000001cc091f0269 sp=0x00000041d18f95a0
Event: 748.560 Thread 0x000001cc174b5c20 DEOPT UNPACKING pc=0x000001cc0ed32b43 sp=0x00000041d18f8b20 mode 0

Classes unloaded (0 events):
No events

Classes redefined (0 events):
No events

Internal exceptions (20 events):
Event: 746.056 Thread 0x000001cc174b5c20 Exception <a 'java/lang/ClassNotFoundException'{0x00000000931ee0a0}: build_5gvod46ezxjxspujg5f3whykyBeanInfo> (0x00000000931ee0a0) 
thrown [s\open\src\hotspot\share\classfile\systemDictionary.cpp, line 256]
Event: 746.056 Thread 0x000001cc174b5c20 Exception <a 'java/lang/ClassNotFoundException'{0x00000000931f3bd8}: build_5gvod46ezxjxspujg5f3whykyCustomizer> (0x00000000931f3bd8) 
thrown [s\open\src\hotspot\share\classfile\systemDictionary.cpp, line 256]
Event: 746.059 Thread 0x000001cc174b5c20 Exception <a 'java/lang/ClassNotFoundException'{0x00000000930bee68}: build_5gvod46ezxjxspujg5f3whyky$_run_closure1BeanInfo> (0x00000000930bee68) 
thrown [s\open\src\hotspot\share\classfile\systemDictionary.cpp, line 256]
Event: 746.060 Thread 0x000001cc174b5c20 Exception <a 'java/lang/ClassNotFoundException'{0x00000000930c5cc0}: build_5gvod46ezxjxspujg5f3whyky$_run_closure1Customizer> (0x00000000930c5cc0) 
thrown [s\open\src\hotspot\share\classfile\systemDictionary.cpp, line 256]
Event: 748.472 Thread 0x000001cc174b5c20 Exception <a 'java/lang/ClassNotFoundException'{0x000000009282c0d0}: build_5gvod46ezxjxspujg5f3whykyBeanInfo> (0x000000009282c0d0) 
thrown [s\open\src\hotspot\share\classfile\systemDictionary.cpp, line 256]
Event: 748.472 Thread 0x000001cc174b5c20 Exception <a 'java/lang/ClassNotFoundException'{0x0000000092831ba8}: build_5gvod46ezxjxspujg5f3whykyCustomizer> (0x0000000092831ba8) 
thrown [s\open\src\hotspot\share\classfile\systemDictionary.cpp, line 256]
Event: 749.025 Thread 0x000001cc174b5c20 Exception <a 'java/lang/ClassNotFoundException'{0x0000000092ba0ab8}: org/jetbrains/kotlin/gradle/targets/js/npm/DefaultNpmDependencyExtensionBeanInfo> (0x0000000092ba0ab8) 
thrown [s\open\src\hotspot\share\classfile\systemDictionary.cpp, line 256]
Event: 749.026 Thread 0x000001cc174b5c20 Exception <a 'java/lang/ClassNotFoundException'{0x0000000092baa6e8}: org/jetbrains/kotlin/gradle/targets/js/npm/DefaultNpmDependencyExtensionCustomizer> (0x0000000092baa6e8) 
thrown [s\open\src\hotspot\share\classfile\systemDictionary.cpp, line 256]
Event: 749.032 Thread 0x000001cc174b5c20 Exception <a 'java/lang/ClassNotFoundException'{0x0000000092a0d850}: org/jetbrains/kotlin/gradle/targets/js/npm/NpmDependencyExtensionKt$defaultNpmDependencyDelegate$1BeanInfo> (0x0000000092a0d850) 
thrown [s\open\src\hotspot\share\classfile\systemDictionary.cpp, line 256]
Event: 749.032 Thread 0x000001cc174b5c20 Exception <a 'java/lang/ClassNotFoundException'{0x0000000092a174c8}: org/jetbrains/kotlin/gradle/targets/js/npm/NpmDependencyExtensionDelegateBeanInfo> (0x0000000092a174c8) 
thrown [s\open\src\hotspot\share\classfile\systemDictionary.cpp, line 256]
Event: 749.032 Thread 0x000001cc174b5c20 Exception <a 'java/lang/ClassNotFoundException'{0x0000000092a21118}: org/jetbrains/kotlin/gradle/targets/js/npm/NpmDependencyExtensionDelegateCustomizer> (0x0000000092a21118) 
thrown [s\open\src\hotspot\share\classfile\systemDictionary.cpp, line 256]
Event: 749.034 Thread 0x000001cc174b5c20 Exception <a 'java/lang/ClassNotFoundException'{0x0000000092a42090}: org/jetbrains/kotlin/gradle/targets/js/npm/NpmDependencyExtensionKt$defaultNpmDependencyDelegate$1Customizer> (0x0000000092a42090) 
thrown [s\open\src\hotspot\share\classfile\systemDictionary.cpp, line 256]
Event: 749.037 Thread 0x000001cc174b5c20 Exception <a 'java/lang/ClassNotFoundException'{0x0000000092a73518}: org/jetbrains/kotlin/gradle/targets/js/npm/DefaultDevNpmDependencyExtensionBeanInfo> (0x0000000092a73518) 
thrown [s\open\src\hotspot\share\classfile\systemDictionary.cpp, line 256]
Event: 749.037 Thread 0x000001cc174b5c20 Exception <a 'java/lang/ClassNotFoundException'{0x0000000092a7d168}: org/jetbrains/kotlin/gradle/targets/js/npm/DefaultDevNpmDependencyExtensionCustomizer> (0x0000000092a7d168) 
thrown [s\open\src\hotspot\share\classfile\systemDictionary.cpp, line 256]
Event: 749.040 Thread 0x000001cc174b5c20 Exception <a 'java/lang/ClassNotFoundException'{0x0000000092ab39e0}: org/jetbrains/kotlin/gradle/targets/js/npm/DefaultPeerNpmDependencyExtensionBeanInfo> (0x0000000092ab39e0) 
thrown [s\open\src\hotspot\share\classfile\systemDictionary.cpp, line 256]
Event: 749.041 Thread 0x000001cc174b5c20 Exception <a 'java/lang/ClassNotFoundException'{0x0000000092abd638}: org/jetbrains/kotlin/gradle/targets/js/npm/DefaultPeerNpmDependencyExtensionCustomizer> (0x0000000092abd638) 
thrown [s\open\src\hotspot\share\classfile\systemDictionary.cpp, line 256]
Event: 749.044 Thread 0x000001cc174b5c20 Exception <a 'java/lang/ClassNotFoundException'{0x0000000092af9fa0}: org/jetbrains/kotlin/gradle/targets/js/npm/DefaultPeerNpmDependencyExtension$delegate$1BeanInfo> (0x0000000092af9fa0) 
thrown [s\open\src\hotspot\share\classfile\systemDictionary.cpp, line 256]
Event: 749.045 Thread 0x000001cc174b5c20 Exception <a 'java/lang/ClassNotFoundException'{0x00000000929042b8}: org/jetbrains/kotlin/gradle/targets/js/npm/DefaultPeerNpmDependencyExtension$delegate$1Customizer> (0x00000000929042b8) 
thrown [s\open\src\hotspot\share\classfile\systemDictionary.cpp, line 256]
Event: 749.055 Thread 0x000001cc174b5c20 Exception <a 'java/lang/ClassNotFoundException'{0x0000000092969c40}: build_5gvod46ezxjxspujg5f3whyky$_run_closure1BeanInfo> (0x0000000092969c40) 
thrown [s\open\src\hotspot\share\classfile\systemDictionary.cpp, line 256]
Event: 749.056 Thread 0x000001cc174b5c20 Exception <a 'java/lang/ClassNotFoundException'{0x0000000092970fa8}: build_5gvod46ezxjxspujg5f3whyky$_run_closure1Customizer> (0x0000000092970fa8) 
thrown [s\open\src\hotspot\share\classfile\systemDictionary.cpp, line 256]

VM Operations (20 events):
Event: 737.157 Executing VM operation: HandshakeAllThreads done
Event: 738.169 Executing VM operation: Cleanup
Event: 738.169 Executing VM operation: Cleanup done
Event: 739.174 Executing VM operation: Cleanup
Event: 739.191 Executing VM operation: Cleanup done
Event: 740.193 Executing VM operation: Cleanup
Event: 740.193 Executing VM operation: Cleanup done
Event: 742.211 Executing VM operation: Cleanup
Event: 742.211 Executing VM operation: Cleanup done
Event: 743.722 Executing VM operation: G1CollectForAllocation
Event: 743.733 Executing VM operation: G1CollectForAllocation done
Event: 745.754 Executing VM operation: Cleanup
Event: 745.754 Executing VM operation: Cleanup done
Event: 746.767 Executing VM operation: Cleanup
Event: 746.767 Executing VM operation: Cleanup done
Event: 747.775 Executing VM operation: Cleanup
Event: 747.775 Executing VM operation: Cleanup done
Event: 748.507 Executing VM operation: G1TryInitiateConcMark
Event: 748.518 Executing VM operation: G1TryInitiateConcMark done
Event: 749.207 Executing VM operation: G1Concurrent

Events (20 events):
Event: 737.165 Thread 0x000001cc17445910 flushing nmethod 0x000001cc0793aa10
Event: 737.167 Thread 0x000001cc17445910 flushing nmethod 0x000001cc07cc1b10
Event: 737.168 Thread 0x000001cc17445910 flushing nmethod 0x000001cc07de8d10
Event: 737.168 Thread 0x000001cc17445910 flushing nmethod 0x000001cc07e21790
Event: 737.170 Thread 0x000001cc17445910 flushing nmethod 0x000001cc0803d410
Event: 737.170 Thread 0x000001cc17445910 flushing nmethod 0x000001cc08041b90
Event: 737.170 Thread 0x000001cc17445910 flushing nmethod 0x000001cc08093810
Event: 737.171 Thread 0x000001cc17445910 flushing nmethod 0x000001cc08161810
Event: 737.171 Thread 0x000001cc17445910 flushing nmethod 0x000001cc0817e390
Event: 737.171 Thread 0x000001cc17445910 flushing nmethod 0x000001cc0817e890
Event: 737.171 Thread 0x000001cc17445910 flushing nmethod 0x000001cc08181910
Event: 737.171 Thread 0x000001cc17445910 flushing nmethod 0x000001cc08292e90
Event: 737.172 Thread 0x000001cc17445910 flushing nmethod 0x000001cc0830c190
Event: 737.172 Thread 0x000001cc17445910 flushing nmethod 0x000001cc0832cf10
Event: 737.181 Thread 0x000001cc17445910 flushing nmethod 0x000001cc08f81b90
Event: 737.181 Thread 0x000001cc17445910 flushing nmethod 0x000001cc08f82310
Event: 737.181 Thread 0x000001cc17445910 flushing nmethod 0x000001cc08fbb190
Event: 737.182 Thread 0x000001cc17445910 flushing nmethod 0x000001cc09058810
Event: 737.182 Thread 0x000001cc17445910 flushing nmethod 0x000001cc09062d90
Event: 748.732 Thread 0x000001cc1cd2d9d0 Thread added: 0x000001cc1cd2d9d0


Dynamic libraries:
0x00007ff649ef0000 - 0x00007ff649f00000 	C:\Program Files\Java\jdk-17\bin\java.exe
0x00007ffa90ab0000 - 0x00007ffa90ca8000 	C:\Windows\SYSTEM32\ntdll.dll
0x00007ffa8eeb0000 - 0x00007ffa8ef6f000 	C:\Windows\System32\KERNEL32.DLL
0x00007ffa8e320000 - 0x00007ffa8e616000 	C:\Windows\System32\KERNELBASE.dll
0x00007ffa8ea10000 - 0x00007ffa8eb10000 	C:\Windows\System32\ucrtbase.dll
0x00007ffa714f0000 - 0x00007ffa71509000 	C:\Program Files\Java\jdk-17\bin\jli.dll
0x00007ffa905c0000 - 0x00007ffa9066f000 	C:\Windows\System32\ADVAPI32.dll
0x00007ffa90690000 - 0x00007ffa9072e000 	C:\Windows\System32\msvcrt.dll
0x00007ffa909a0000 - 0x00007ffa90a3c000 	C:\Windows\System32\sechost.dll
0x00007ffa8ebd0000 - 0x00007ffa8ecf6000 	C:\Windows\System32\RPCRT4.dll
0x00007ffa8ed00000 - 0x00007ffa8ee9d000 	C:\Windows\System32\USER32.dll
0x00007ffa8e950000 - 0x00007ffa8e972000 	C:\Windows\System32\win32u.dll
0x00007ffa8fd90000 - 0x00007ffa8fdbc000 	C:\Windows\System32\GDI32.dll
0x00007ffa8e670000 - 0x00007ffa8e785000 	C:\Windows\System32\gdi32full.dll
0x00007ffa8e8b0000 - 0x00007ffa8e94d000 	C:\Windows\System32\msvcp_win.dll
0x00007ffa69870000 - 0x00007ffa6988b000 	C:\Program Files\Java\jdk-17\bin\VCRUNTIME140.dll
0x00007ffa6a860000 - 0x00007ffa6aafa000 	C:\Windows\WinSxS\amd64_microsoft.windows.common-controls_6595b64144ccf1df_6.0.19041.1110_none_60b5254171f9507e\COMCTL32.dll
0x00007ffa85600000 - 0x00007ffa8560a000 	C:\Windows\SYSTEM32\VERSION.dll
0x00007ffa90a40000 - 0x00007ffa90a70000 	C:\Windows\System32\IMM32.DLL
0x00007ffa7f3a0000 - 0x00007ffa7f3ac000 	C:\Program Files\Java\jdk-17\bin\vcruntime140_1.dll
0x00007ffa5b930000 - 0x00007ffa5b9be000 	C:\Program Files\Java\jdk-17\bin\msvcp140.dll
0x00007ff9f6400000 - 0x00007ff9f6fdd000 	C:\Program Files\Java\jdk-17\bin\server\jvm.dll
0x00007ffa8eea0000 - 0x00007ffa8eea8000 	C:\Windows\System32\PSAPI.DLL
0x00007ffa7dea0000 - 0x00007ffa7dea9000 	C:\Windows\SYSTEM32\WSOCK32.dll
0x00007ffa8fcc0000 - 0x00007ffa8fd2b000 	C:\Windows\System32\WS2_32.dll
0x00007ffa62d90000 - 0x00007ffa62db7000 	C:\Windows\SYSTEM32\WINMM.dll
0x00007ffa8c9c0000 - 0x00007ffa8c9d2000 	C:\Windows\SYSTEM32\kernel.appcore.dll
0x00007ffa7ddb0000 - 0x00007ffa7ddba000 	C:\Program Files\Java\jdk-17\bin\jimage.dll
0x00007ffa88d90000 - 0x00007ffa88f74000 	C:\Windows\SYSTEM32\DBGHELP.DLL
0x00007ffa7c6a0000 - 0x00007ffa7c6d4000 	C:\Windows\SYSTEM32\dbgcore.DLL
0x00007ffa8e980000 - 0x00007ffa8ea02000 	C:\Windows\System32\bcryptPrimitives.dll
0x00007ffa66310000 - 0x00007ffa66335000 	C:\Program Files\Java\jdk-17\bin\java.dll
0x00007ffa58170000 - 0x00007ffa58247000 	C:\Program Files\Java\jdk-17\bin\jsvml.dll
0x00007ffa8fdc0000 - 0x00007ffa90504000 	C:\Windows\System32\SHELL32.dll
0x00007ffa8c040000 - 0x00007ffa8c7d3000 	C:\Windows\SYSTEM32\windows.storage.dll
0x00007ffa8eff0000 - 0x00007ffa8f344000 	C:\Windows\System32\combase.dll
0x00007ffa8db00000 - 0x00007ffa8db2e000 	C:\Windows\SYSTEM32\Wldp.dll
0x00007ffa8eb10000 - 0x00007ffa8ebbd000 	C:\Windows\System32\SHCORE.dll
0x00007ffa8fae0000 - 0x00007ffa8fb35000 	C:\Windows\System32\shlwapi.dll
0x00007ffa8e0c0000 - 0x00007ffa8e0e5000 	C:\Windows\SYSTEM32\profapi.dll
0x00007ffa67260000 - 0x00007ffa67279000 	C:\Program Files\Java\jdk-17\bin\net.dll
0x00007ffa83710000 - 0x00007ffa8381a000 	C:\Windows\SYSTEM32\WINHTTP.dll
0x00007ffa8d860000 - 0x00007ffa8d8ca000 	C:\Windows\system32\mswsock.dll
0x00007ffa66bf0000 - 0x00007ffa66c06000 	C:\Program Files\Java\jdk-17\bin\nio.dll
0x00007ffa666a0000 - 0x00007ffa666b8000 	C:\Program Files\Java\jdk-17\bin\zip.dll
0x00007ffa86230000 - 0x00007ffa86240000 	C:\Program Files\Java\jdk-17\bin\verify.dll
0x00007ffa7f460000 - 0x00007ffa7f487000 	C:\Users\ss\.gradle\native\e1d6ef7f7dcc3fd88c89a11ec53ec762bb8ba0a96d01ffa2cd45eb1d1d8dd5c5\windows-amd64\native-platform.dll
0x00007ffa51060000 - 0x00007ffa511a4000 	C:\Users\ss\.gradle\native\5664cfc778a61ccfe75a443a1ab52a65af34e5dc3c78e0209fed803814484fcb\windows-amd64\native-platform-file-events.dll
0x00007ffa86770000 - 0x00007ffa8677a000 	C:\Program Files\Java\jdk-17\bin\management.dll
0x00007ffa857e0000 - 0x00007ffa857eb000 	C:\Program Files\Java\jdk-17\bin\management_ext.dll
0x00007ffa8da50000 - 0x00007ffa8da68000 	C:\Windows\SYSTEM32\CRYPTSP.dll
0x00007ffa8d170000 - 0x00007ffa8d1a4000 	C:\Windows\system32\rsaenh.dll
0x00007ffa8e2f0000 - 0x00007ffa8e317000 	C:\Windows\System32\bcrypt.dll
0x00007ffa8e080000 - 0x00007ffa8e0ae000 	C:\Windows\SYSTEM32\USERENV.dll
0x00007ffa8da70000 - 0x00007ffa8da7c000 	C:\Windows\SYSTEM32\CRYPTBASE.dll
0x00007ffa8d550000 - 0x00007ffa8d58b000 	C:\Windows\SYSTEM32\IPHLPAPI.DLL
0x00007ffa8f350000 - 0x00007ffa8f358000 	C:\Windows\System32\NSI.dll
0x00007ffa83af0000 - 0x00007ffa83b07000 	C:\Windows\SYSTEM32\dhcpcsvc6.DLL
0x00007ffa843e0000 - 0x00007ffa843fd000 	C:\Windows\SYSTEM32\dhcpcsvc.DLL
0x00007ffa8d590000 - 0x00007ffa8d65a000 	C:\Windows\SYSTEM32\DNSAPI.dll
0x00007ffa857d0000 - 0x00007ffa857dd000 	C:\Program Files\Java\jdk-17\bin\sunmscapi.dll
0x00007ffa8e190000 - 0x00007ffa8e2ee000 	C:\Windows\System32\CRYPT32.dll
0x00007ffa8db70000 - 0x00007ffa8db98000 	C:\Windows\SYSTEM32\ncrypt.dll
0x00007ffa8db30000 - 0x00007ffa8db6b000 	C:\Windows\SYSTEM32\NTASN1.dll
0x00007ffa5bc40000 - 0x00007ffa5bc47000 	C:\Windows\system32\wshunix.dll

dbghelp: loaded successfully - version: 4.0.5 - missing functions: none
symbol engine: initialized successfully - sym options: 0x614 - pdb path: .;C:\Program Files\Java\jdk-17\bin;C:\Windows\SYSTEM32;C:\Windows\WinSxS\amd64_microsoft.windows.common-controls_6595b64144ccf1df_6.0.19041.1110_none_60b5254171f9507e;C:\Program Files\Java\jdk-17\bin\server;C:\Users\ss\.gradle\native\e1d6ef7f7dcc3fd88c89a11ec53ec762bb8ba0a96d01ffa2cd45eb1d1d8dd5c5\windows-amd64;C:\Users\ss\.gradle\native\5664cfc778a61ccfe75a443a1ab52a65af34e5dc3c78e0209fed803814484fcb\windows-amd64

VM Arguments:
jvm_args: -XX:MaxMetaspaceSize=512m --add-opens=java.base/java.util=ALL-UNNAMED --add-opens=java.base/java.lang=ALL-UNNAMED --add-opens=java.base/java.lang.invoke=ALL-UNNAMED --add-opens=java.base/java.util=ALL-UNNAMED --add-opens=java.prefs/java.util.prefs=ALL-UNNAMED --add-opens=java.prefs/java.util.prefs=ALL-UNNAMED --add-opens=java.base/java.nio.charset=ALL-UNNAMED --add-opens=java.base/java.net=ALL-UNNAMED --add-opens=java.base/java.util.concurrent.atomic=ALL-UNNAMED -Xmx2048m -Dfile.encoding=windows-1252 -Duser.country=IN -Duser.language=en -Duser.variant 
java_command: org.gradle.launcher.daemon.bootstrap.GradleDaemon 7.3.3
java_class_path (initial): C:\Users\ss\.gradle\wrapper\dists\gradle-7.3.3-all\4295vidhdd9hd3gbjyw1xqxpo\gradle-7.3.3\lib\gradle-launcher-7.3.3.jar
Launcher Type: SUN_STANDARD

[Global flags]
     intx CICompilerCount                          = 3                                         {product} {ergonomic}
   size_t CompressedClassSpaceSize                 = 432013312                                 {product} {ergonomic}
     uint ConcGCThreads                            = 1                                         {product} {ergonomic}
     uint G1ConcRefinementThreads                  = 4                                         {product} {ergonomic}
   size_t G1HeapRegionSize                         = 1048576                                   {product} {ergonomic}
    uintx GCDrainStackTargetSize                   = 64                                        {product} {ergonomic}
   size_t InitialHeapSize                          = 268435456                                 {product} {ergonomic}
   size_t MarkStackSize                            = 4194304                                   {product} {ergonomic}
   size_t MaxHeapSize                              = 2147483648                                {product} {command line}
   size_t MaxMetaspaceSize                         = 536870912                                 {product} {command line}
   size_t MaxNewSize                               = 1287651328                                {product} {ergonomic}
   size_t MinHeapDeltaBytes                        = 1048576                                   {product} {ergonomic}
   size_t MinHeapSize                              = 8388608                                   {product} {ergonomic}
    uintx NonNMethodCodeHeapSize                   = 5832780                                {pd product} {ergonomic}
    uintx NonProfiledCodeHeapSize                  = 122912730                              {pd product} {ergonomic}
    uintx ProfiledCodeHeapSize                     = 122912730                              {pd product} {ergonomic}
    uintx ReservedCodeCacheSize                    = 251658240                              {pd product} {ergonomic}
     bool SegmentedCodeCache                       = true                                      {product} {ergonomic}
   size_t SoftMaxHeapSize                          = 2147483648                             {manageable} {ergonomic}
     bool UseCompressedClassPointers               = true                           {product lp64_product} {ergonomic}
     bool UseCompressedOops                        = true                           {product lp64_product} {ergonomic}
     bool UseG1GC                                  = true                                      {product} {ergonomic}
     bool UseLargePagesIndividualAllocation        = false                                  {pd product} {ergonomic}

Logging:
Log output configuration:
 #0: stdout all=warning uptime,level,tags
 #1: stderr all=off uptime,level,tags

Environment Variables:
CLASSPATH=C:\Users\ss\Desktop\teachers-vision\android\\gradle\wrapper\gradle-wrapper.jar
PATH=C:\Users\ss\Desktop\teachers-vision\android\node_modules\.bin;C:\Users\ss\Desktop\teachers-vision\node_modules\.bin;C:\Users\ss\Desktop\node_modules\.bin;C:\Users\ss\node_modules\.bin;C:\Users\node_modules\.bin;C:\node_modules\.bin;C:\Program Files\nodejs;C:\Users\ss\Desktop\teachers-vision\node_modules\.bin;C:\Users\ss\Desktop\teachers-vision\node_modules\.bin;C:\Users\ss\Desktop\node_modules\.bin;C:\Users\ss\node_modules\.bin;C:\Users\node_modules\.bin;C:\node_modules\.bin;C:\Users\ss\AppData\Roaming\nvm\v16.16.0\node_modules\npm\node_modules\@npmcli\run-script\lib\node-gyp-bin;C:\Users\ss\Desktop\teachers-vision\node_modules\.bin;C:\Users\ss\Desktop\node_modules\.bin;C:\Users\ss\node_modules\.bin;C:\Users\node_modules\.bin;C:\node_modules\.bin;C:\Program Files\nodejs;C:\Users\ss\Desktop\teachers-vision\node_modules\.bin;C:\Users\ss\Desktop\teachers-vision\node_modules\.bin;C:\Users\ss\Desktop\node_modules\.bin;C:\Users\ss\node_modules\.bin;C:\Users\node_modules\.bin;C:\node_modules\.bin;C:\Users\ss\AppData\Roaming\nvm\v16.16.0\node_modules\npm\node_modules\@npmcli\run-script\lib\node-gyp-bin;C:\Program Files\Common Files\Oracle\Java\javapath;C:\Program Files (x86)\Common Files\Oracle\Java\javapath;C:\Program Files\Microsoft\jdk-11.0.18.10-hotspot\bin;C:\Program Files\Microsoft MPI\Bin\;C:\Windows\system32;C:\Windows;C:\Windows\System32\Wbem;C:\Windows\System32\WindowsPowerShell\v1.0\;C:\Windows\System32\OpenSSH\;C:\ProgramData\chocolatey\bin;C:\Users\ss\AppData\Local\Android\Sdk\platform-tools;C:\Program Files\Git\cmd;C:\Program Files\Microsoft SQL Server\150\Tools\Binn\;C:\Program Files (x86)\Microsoft SQL Server\160\Tools\Binn\;C:\Program Files\Microsoft SQL Server\160\Tools\Binn\;C:\Program Files\Microsoft SQL Server\Client SDK\ODBC\170\Tools\Binn\;C:\Program Files\Microsoft SQL Server\160\DTS\Binn\;C:\Program Files\dotnet\;C:\Program Files (x86)\dotnet\;C:\Program Files (x86)\Microsoft SQL Server\160\DTS\Binn\;C:\Program Files (x86)\Microsoft SQL Server\150
USERNAME=ss
LANG=en_US.UTF-8
OS=Windows_NT
PROCESSOR_IDENTIFIER=Intel64 Family 6 Model 142 Stepping 9, GenuineIntel



---------------  S Y S T E M  ---------------

OS:
 Windows 10 , 64 bit Build 19041 (10.0.19041.3155)
OS uptime: 1 days 5:12 hours

CPU: total 4 (initial active 4) (2 cores per cpu, 2 threads per core) family 6 model 142 stepping 9 microcode 0xb4, cx8, cmov, fxsr, ht, mmx, 3dnowpref, sse, sse2, sse3, ssse3, sse4.1, sse4.2, popcnt, lzcnt, tsc, tscinvbit, avx, avx2, aes, erms, clmul, bmi1, bmi2, adx, fma, vzeroupper, clflush, clflushopt

Memory: 4k page, system-wide physical 16263M (562M free)
TotalPageFile size 24565M (AvailPageFile size 11M)
current process WorkingSet (physical memory assigned to process): 594M, peak: 595M
current process commit charge ("private bytes"): 635M, peak: 725M

vm_info: Java HotSpot(TM) 64-Bit Server VM (17.0.7+8-LTS-224) for windows-amd64 JRE (17.0.7+8-LTS-224), built on Feb 28 2023 23:03:02 by "mach5one" with MS VC++ 17.1 (VS2022)

END.
