#
# There is insufficient memory for the Java Runtime Environment to continue.
# Native memory allocation (malloc) failed to allocate 32744 bytes for ChunkPool::allocate
# Possible reasons:
#   The system is out of physical RAM or swap space
#   The process is running with CompressedOops enabled, and the Java Heap may be blocking the growth of the native heap
# Possible solutions:
#   Reduce memory load on the system
#   Increase physical memory or swap space
#   Check if swap backing store is full
#   Decrease Java heap size (-Xmx/-Xms)
#   Decrease number of Java threads
#   Decrease Java thread stack sizes (-Xss)
#   Set larger code cache with -XX:ReservedCodeCacheSize=
#   JVM is running with Unscaled Compressed Oops mode in which the Java heap is
#     placed in the first 4GB address space. The Java Heap base address is the
#     maximum limit for the native heap growth. Please use -XX:HeapBaseMinAddress
#     to set the Java Heap base and to place the Java Heap above 4GB virtual address.
# This output file may be truncated or incomplete.
#
#  Out of Memory Error (arena.cpp:78), pid=29508, tid=20248
#
# JRE version: Java(TM) SE Runtime Environment (17.0.7+8) (build 17.0.7+8-LTS-224)
# Java VM: Java HotSpot(TM) 64-Bit Server VM (17.0.7+8-LTS-224, mixed mode, sharing, tiered, compressed oops, compressed class ptrs, g1 gc, windows-amd64)
# No core dump will be written. Minidumps are not enabled by default on client versions of Windows
#

---------------  S U M M A R Y ------------

Command Line: -Xmx64m -Xms64m -Dorg.gradle.appname=gradlew org.gradle.wrapper.GradleWrapperMain app:installDebug -PreactNativeDevServerPort=8081

Host: Intel(R) Core(TM) i5-7200U CPU @ 2.50GHz, 4 cores, 15G,  Windows 10 , 64 bit Build 19041 (10.0.19041.3155)
Time: Thu Sep 14 13:25:27 2023 India Standard Time elapsed time: 15.087927 seconds (0d 0h 0m 15s)

---------------  T H R E A D  ---------------

Current thread (0x0000026aaf772c20):  JavaThread "C2 CompilerThread0" daemon [_thread_in_native, id=20248, stack(0x000000d1ea200000,0x000000d1ea300000)]


Current CompileTask:
C2:  15088 1401       4       java.lang.Character::charCount (12 bytes)

Stack: [0x000000d1ea200000,0x000000d1ea300000]
Native frames: (J=compiled Java code, j=interpreted, Vv=VM code, C=native code)
V  [jvm.dll+0x676a4a]
V  [jvm.dll+0x7d74f4]
V  [jvm.dll+0x7d8c9e]
V  [jvm.dll+0x7d9303]
V  [jvm.dll+0x2452c5]
V  [jvm.dll+0xaac80]
V  [jvm.dll+0xaafcc]
V  [jvm.dll+0x11cf85]
V  [jvm.dll+0x6a0388]
V  [jvm.dll+0x1bb627]
V  [jvm.dll+0x217c27]
V  [jvm.dll+0x216f01]
V  [jvm.dll+0x1a35e0]
V  [jvm.dll+0x226a6e]
V  [jvm.dll+0x224e15]
V  [jvm.dll+0x78d05c]
V  [jvm.dll+0x78759a]
V  [jvm.dll+0x675875]
C  [ucrtbase.dll+0x21bb2]
C  [KERNEL32.DLL+0x17614]
C  [ntdll.dll+0x526b1]


---------------  P R O C E S S  ---------------

Threads class SMR info:
_java_thread_list=0x0000026ab111ce00, length=15, elements={
0x0000026a968b3f60, 0x0000026a96988b20, 0x0000026a96989990, 0x0000026aaf76c750,
0x0000026aaf76e710, 0x0000026aaf7710d0, 0x0000026aaf771a80, 0x0000026aaf772c20,
0x0000026aaf7cc2d0, 0x0000026aaf7ec860, 0x0000026ab042fab0, 0x0000026ab0432220,
0x0000026ab0fee200, 0x0000026ab0859e90, 0x0000026ab06270a0
}
_to_delete_list=0x0000026ab111c2c0, length=16, elements={
0x0000026a968b3f60, 0x0000026a96988b20, 0x0000026a96989990, 0x0000026aaf76c750,
0x0000026aaf76e710, 0x0000026aaf7710d0, 0x0000026aaf771a80, 0x0000026aaf772c20,
0x0000026aaf7cc2d0, 0x0000026aaf7ec860, 0x0000026ab042fab0, 0x0000026ab0432220,
0x0000026ab0fee200, 0x0000026ab0859e90, 0x0000026ab0626bd0, 0x0000026ab06270a0
}

Java Threads: ( => current thread )
  0x0000026a968b3f60 JavaThread "main" [_thread_blocked, id=28324, stack(0x000000d1e9400000,0x000000d1e9500000)]
  0x0000026a96988b20 JavaThread "Reference Handler" daemon [_thread_blocked, id=11776, stack(0x000000d1e9c00000,0x000000d1e9d00000)]
  0x0000026a96989990 JavaThread "Finalizer" daemon [_thread_blocked, id=6184, stack(0x000000d1e9d00000,0x000000d1e9e00000)]
  0x0000026aaf76c750 JavaThread "Signal Dispatcher" daemon [_thread_blocked, id=28912, stack(0x000000d1e9e00000,0x000000d1e9f00000)]
  0x0000026aaf76e710 JavaThread "Attach Listener" daemon [_thread_blocked, id=28916, stack(0x000000d1e9f00000,0x000000d1ea000000)]
  0x0000026aaf7710d0 JavaThread "Service Thread" daemon [_thread_blocked, id=28920, stack(0x000000d1ea000000,0x000000d1ea100000)]
  0x0000026aaf771a80 JavaThread "Monitor Deflation Thread" daemon [_thread_blocked, id=28924, stack(0x000000d1ea100000,0x000000d1ea200000)]
=>0x0000026aaf772c20 JavaThread "C2 CompilerThread0" daemon [_thread_in_native, id=20248, stack(0x000000d1ea200000,0x000000d1ea300000)]
  0x0000026aaf7cc2d0 JavaThread "C1 CompilerThread0" daemon [_thread_blocked, id=3524, stack(0x000000d1ea300000,0x000000d1ea400000)]
  0x0000026aaf7ec860 JavaThread "Sweeper thread" daemon [_thread_blocked, id=10148, stack(0x000000d1ea400000,0x000000d1ea500000)]
  0x0000026ab042fab0 JavaThread "Notification Thread" daemon [_thread_blocked, id=29012, stack(0x000000d1ea500000,0x000000d1ea600000)]
  0x0000026ab0432220 JavaThread "Common-Cleaner" daemon [_thread_blocked, id=22120, stack(0x000000d1ea700000,0x000000d1ea800000)]
  0x0000026ab0fee200 JavaThread "pool-1-thread-1" [_thread_blocked, id=7472, stack(0x000000d1eab00000,0x000000d1eac00000)]
  0x0000026ab0859e90 JavaThread "Exec process" [_thread_in_native, id=29540, stack(0x000000d1eac00000,0x000000d1ead00000)]
  0x0000026ab06270a0 JavaThread "Exec process Thread 2" [_thread_blocked, id=15948, stack(0x000000d1eae00000,0x000000d1eaf00000)]

Other Threads:
  0x0000026a96980eb0 VMThread "VM Thread" [stack: 0x000000d1e9b00000,0x000000d1e9c00000] [id=24756]
  0x0000026ab0431f90 WatcherThread [stack: 0x000000d1ea600000,0x000000d1ea700000] [id=1196]
  0x0000026a968d4d20 GCTaskThread "GC Thread#0" [stack: 0x000000d1e9600000,0x000000d1e9700000] [id=21900]
  0x0000026ab07066e0 GCTaskThread "GC Thread#1" [stack: 0x000000d1ea800000,0x000000d1ea900000] [id=17644]
  0x0000026ab09c47d0 GCTaskThread "GC Thread#2" [stack: 0x000000d1ea900000,0x000000d1eaa00000] [id=29652]
  0x0000026ab081a360 GCTaskThread "GC Thread#3" [stack: 0x000000d1eaa00000,0x000000d1eab00000] [id=27228]
  0x0000026a968d6460 ConcurrentGCThread "G1 Main Marker" [stack: 0x000000d1e9700000,0x000000d1e9800000] [id=17600]
  0x0000026a968d6e70 ConcurrentGCThread "G1 Conc#0" [stack: 0x000000d1e9800000,0x000000d1e9900000] [id=12624]
  0x0000026a969229a0 ConcurrentGCThread "G1 Refine#0" [stack: 0x000000d1e9900000,0x000000d1e9a00000] [id=27200]
  0x0000026a969233c0 ConcurrentGCThread "G1 Service" [stack: 0x000000d1e9a00000,0x000000d1e9b00000] [id=21972]

Threads with active compile tasks:
C2 CompilerThread0    15122 1401       4       java.lang.Character::charCount (12 bytes)

VM state: not at safepoint (normal execution)

VM Mutex/Monitor currently owned by a thread: None

Heap address: 0x00000000fc000000, size: 64 MB, Compressed Oops mode: 32-bit

CDS archive(s) mapped at: [0x0000000800000000-0x0000000800bd0000-0x0000000800bd0000), size 12386304, SharedBaseAddress: 0x0000000800000000, ArchiveRelocationMode: 0.
Compressed class space mapped at: 0x0000000800c00000-0x0000000840c00000, reserved size: 1073741824
Narrow klass base: 0x0000000800000000, Narrow klass shift: 0, Narrow klass range: 0x100000000

GC Precious Log:
 CPUs: 4 total, 4 available
 Memory: 16263M
 Large Page Support: Disabled
 NUMA Support: Disabled
 Compressed Oops: Enabled (32-bit)
 Heap Region Size: 1M
 Heap Min Capacity: 64M
 Heap Initial Capacity: 64M
 Heap Max Capacity: 64M
 Pre-touch: Disabled
 Parallel Workers: 4
 Concurrent Workers: 1
 Concurrent Refinement Workers: 4
 Periodic GC: Disabled

Heap:
 garbage-first heap   total 65536K, used 21244K [0x00000000fc000000, 0x0000000100000000)
  region size 1024K, 15 young (15360K), 3 survivors (3072K)
 Metaspace       used 7997K, committed 8256K, reserved 1056768K
  class space    used 1068K, committed 1152K, reserved 1048576K

Heap Regions: E=young(eden), S=young(survivor), O=old, HS=humongous(starts), HC=humongous(continues), CS=collection set, F=free, OA=open archive, CA=closed archive, TAMS=top-at-mark-start (previous, next)
|   0|0x00000000fc000000, 0x00000000fc100000, 0x00000000fc100000|100%|HS|  |TAMS 0x00000000fc000000, 0x00000000fc000000| Complete 
|   1|0x00000000fc100000, 0x00000000fc200000, 0x00000000fc200000|100%|HC|  |TAMS 0x00000000fc100000, 0x00000000fc100000| Complete 
|   2|0x00000000fc200000, 0x00000000fc300000, 0x00000000fc300000|100%|HC|  |TAMS 0x00000000fc200000, 0x00000000fc200000| Complete 
|   3|0x00000000fc300000, 0x00000000fc400000, 0x00000000fc400000|100%| O|  |TAMS 0x00000000fc300000, 0x00000000fc300000| Untracked 
|   4|0x00000000fc400000, 0x00000000fc500000, 0x00000000fc500000|100%| O|  |TAMS 0x00000000fc400000, 0x00000000fc400000| Untracked 
|   5|0x00000000fc500000, 0x00000000fc600000, 0x00000000fc600000|100%| O|  |TAMS 0x00000000fc500000, 0x00000000fc500000| Untracked 
|   6|0x00000000fc600000, 0x00000000fc6bf000, 0x00000000fc700000| 74%| O|  |TAMS 0x00000000fc600000, 0x00000000fc600000| Untracked 
|   7|0x00000000fc700000, 0x00000000fc700000, 0x00000000fc800000|  0%| F|  |TAMS 0x00000000fc700000, 0x00000000fc700000| Untracked 
|   8|0x00000000fc800000, 0x00000000fc800000, 0x00000000fc900000|  0%| F|  |TAMS 0x00000000fc800000, 0x00000000fc800000| Untracked 
|   9|0x00000000fc900000, 0x00000000fc900000, 0x00000000fca00000|  0%| F|  |TAMS 0x00000000fc900000, 0x00000000fc900000| Untracked 
|  10|0x00000000fca00000, 0x00000000fca00000, 0x00000000fcb00000|  0%| F|  |TAMS 0x00000000fca00000, 0x00000000fca00000| Untracked 
|  11|0x00000000fcb00000, 0x00000000fcb00000, 0x00000000fcc00000|  0%| F|  |TAMS 0x00000000fcb00000, 0x00000000fcb00000| Untracked 
|  12|0x00000000fcc00000, 0x00000000fcc00000, 0x00000000fcd00000|  0%| F|  |TAMS 0x00000000fcc00000, 0x00000000fcc00000| Untracked 
|  13|0x00000000fcd00000, 0x00000000fcd00000, 0x00000000fce00000|  0%| F|  |TAMS 0x00000000fcd00000, 0x00000000fcd00000| Untracked 
|  14|0x00000000fce00000, 0x00000000fce00000, 0x00000000fcf00000|  0%| F|  |TAMS 0x00000000fce00000, 0x00000000fce00000| Untracked 
|  15|0x00000000fcf00000, 0x00000000fcf00000, 0x00000000fd000000|  0%| F|  |TAMS 0x00000000fcf00000, 0x00000000fcf00000| Untracked 
|  16|0x00000000fd000000, 0x00000000fd000000, 0x00000000fd100000|  0%| F|  |TAMS 0x00000000fd000000, 0x00000000fd000000| Untracked 
|  17|0x00000000fd100000, 0x00000000fd100000, 0x00000000fd200000|  0%| F|  |TAMS 0x00000000fd100000, 0x00000000fd100000| Untracked 
|  18|0x00000000fd200000, 0x00000000fd200000, 0x00000000fd300000|  0%| F|  |TAMS 0x00000000fd200000, 0x00000000fd200000| Untracked 
|  19|0x00000000fd300000, 0x00000000fd300000, 0x00000000fd400000|  0%| F|  |TAMS 0x00000000fd300000, 0x00000000fd300000| Untracked 
|  20|0x00000000fd400000, 0x00000000fd400000, 0x00000000fd500000|  0%| F|  |TAMS 0x00000000fd400000, 0x00000000fd400000| Untracked 
|  21|0x00000000fd500000, 0x00000000fd500000, 0x00000000fd600000|  0%| F|  |TAMS 0x00000000fd500000, 0x00000000fd500000| Untracked 
|  22|0x00000000fd600000, 0x00000000fd600000, 0x00000000fd700000|  0%| F|  |TAMS 0x00000000fd600000, 0x00000000fd600000| Untracked 
|  23|0x00000000fd700000, 0x00000000fd700000, 0x00000000fd800000|  0%| F|  |TAMS 0x00000000fd700000, 0x00000000fd700000| Untracked 
|  24|0x00000000fd800000, 0x00000000fd800000, 0x00000000fd900000|  0%| F|  |TAMS 0x00000000fd800000, 0x00000000fd800000| Untracked 
|  25|0x00000000fd900000, 0x00000000fd900000, 0x00000000fda00000|  0%| F|  |TAMS 0x00000000fd900000, 0x00000000fd900000| Untracked 
|  26|0x00000000fda00000, 0x00000000fda00000, 0x00000000fdb00000|  0%| F|  |TAMS 0x00000000fda00000, 0x00000000fda00000| Untracked 
|  27|0x00000000fdb00000, 0x00000000fdb00000, 0x00000000fdc00000|  0%| F|  |TAMS 0x00000000fdb00000, 0x00000000fdb00000| Untracked 
|  28|0x00000000fdc00000, 0x00000000fdc00000, 0x00000000fdd00000|  0%| F|  |TAMS 0x00000000fdc00000, 0x00000000fdc00000| Untracked 
|  29|0x00000000fdd00000, 0x00000000fdd00000, 0x00000000fde00000|  0%| F|  |TAMS 0x00000000fdd00000, 0x00000000fdd00000| Untracked 
|  30|0x00000000fde00000, 0x00000000fde00000, 0x00000000fdf00000|  0%| F|  |TAMS 0x00000000fde00000, 0x00000000fde00000| Untracked 
|  31|0x00000000fdf00000, 0x00000000fdf00000, 0x00000000fe000000|  0%| F|  |TAMS 0x00000000fdf00000, 0x00000000fdf00000| Untracked 
|  32|0x00000000fe000000, 0x00000000fe000000, 0x00000000fe100000|  0%| F|  |TAMS 0x00000000fe000000, 0x00000000fe000000| Untracked 
|  33|0x00000000fe100000, 0x00000000fe100000, 0x00000000fe200000|  0%| F|  |TAMS 0x00000000fe100000, 0x00000000fe100000| Untracked 
|  34|0x00000000fe200000, 0x00000000fe200000, 0x00000000fe300000|  0%| F|  |TAMS 0x00000000fe200000, 0x00000000fe200000| Untracked 
|  35|0x00000000fe300000, 0x00000000fe300000, 0x00000000fe400000|  0%| F|  |TAMS 0x00000000fe300000, 0x00000000fe300000| Untracked 
|  36|0x00000000fe400000, 0x00000000fe400000, 0x00000000fe500000|  0%| F|  |TAMS 0x00000000fe400000, 0x00000000fe400000| Untracked 
|  37|0x00000000fe500000, 0x00000000fe500000, 0x00000000fe600000|  0%| F|  |TAMS 0x00000000fe500000, 0x00000000fe500000| Untracked 
|  38|0x00000000fe600000, 0x00000000fe600000, 0x00000000fe700000|  0%| F|  |TAMS 0x00000000fe600000, 0x00000000fe600000| Untracked 
|  39|0x00000000fe700000, 0x00000000fe700000, 0x00000000fe800000|  0%| F|  |TAMS 0x00000000fe700000, 0x00000000fe700000| Untracked 
|  40|0x00000000fe800000, 0x00000000fe800000, 0x00000000fe900000|  0%| F|  |TAMS 0x00000000fe800000, 0x00000000fe800000| Untracked 
|  41|0x00000000fe900000, 0x00000000fe900000, 0x00000000fea00000|  0%| F|  |TAMS 0x00000000fe900000, 0x00000000fe900000| Untracked 
|  42|0x00000000fea00000, 0x00000000fea00000, 0x00000000feb00000|  0%| F|  |TAMS 0x00000000fea00000, 0x00000000fea00000| Untracked 
|  43|0x00000000feb00000, 0x00000000feb00000, 0x00000000fec00000|  0%| F|  |TAMS 0x00000000feb00000, 0x00000000feb00000| Untracked 
|  44|0x00000000fec00000, 0x00000000fed00000, 0x00000000fed00000|100%| S|CS|TAMS 0x00000000fec00000, 0x00000000fec00000| Complete 
|  45|0x00000000fed00000, 0x00000000fee00000, 0x00000000fee00000|100%| S|CS|TAMS 0x00000000fed00000, 0x00000000fed00000| Complete 
|  46|0x00000000fee00000, 0x00000000fef00000, 0x00000000fef00000|100%| S|CS|TAMS 0x00000000fee00000, 0x00000000fee00000| Complete 
|  47|0x00000000fef00000, 0x00000000fef00000, 0x00000000ff000000|  0%| F|  |TAMS 0x00000000fef00000, 0x00000000fef00000| Untracked 
|  48|0x00000000ff000000, 0x00000000ff000000, 0x00000000ff100000|  0%| F|  |TAMS 0x00000000ff000000, 0x00000000ff000000| Untracked 
|  49|0x00000000ff100000, 0x00000000ff100000, 0x00000000ff200000|  0%| F|  |TAMS 0x00000000ff100000, 0x00000000ff100000| Untracked 
|  50|0x00000000ff200000, 0x00000000ff200000, 0x00000000ff300000|  0%| F|  |TAMS 0x00000000ff200000, 0x00000000ff200000| Untracked 
|  51|0x00000000ff300000, 0x00000000ff300000, 0x00000000ff400000|  0%| F|  |TAMS 0x00000000ff300000, 0x00000000ff300000| Untracked 
|  52|0x00000000ff400000, 0x00000000ff467f68, 0x00000000ff500000| 40%| E|  |TAMS 0x00000000ff400000, 0x00000000ff400000| Complete 
|  53|0x00000000ff500000, 0x00000000ff600000, 0x00000000ff600000|100%| E|CS|TAMS 0x00000000ff500000, 0x00000000ff500000| Complete 
|  54|0x00000000ff600000, 0x00000000ff700000, 0x00000000ff700000|100%| E|CS|TAMS 0x00000000ff600000, 0x00000000ff600000| Complete 
|  55|0x00000000ff700000, 0x00000000ff800000, 0x00000000ff800000|100%| E|CS|TAMS 0x00000000ff700000, 0x00000000ff700000| Complete 
|  56|0x00000000ff800000, 0x00000000ff900000, 0x00000000ff900000|100%| E|CS|TAMS 0x00000000ff800000, 0x00000000ff800000| Complete 
|  57|0x00000000ff900000, 0x00000000ffa00000, 0x00000000ffa00000|100%| E|CS|TAMS 0x00000000ff900000, 0x00000000ff900000| Complete 
|  58|0x00000000ffa00000, 0x00000000ffb00000, 0x00000000ffb00000|100%| E|CS|TAMS 0x00000000ffa00000, 0x00000000ffa00000| Complete 
|  59|0x00000000ffb00000, 0x00000000ffc00000, 0x00000000ffc00000|100%| E|CS|TAMS 0x00000000ffb00000, 0x00000000ffb00000| Complete 
|  60|0x00000000ffc00000, 0x00000000ffd00000, 0x00000000ffd00000|100%| E|CS|TAMS 0x00000000ffc00000, 0x00000000ffc00000| Complete 
|  61|0x00000000ffd00000, 0x00000000ffe00000, 0x00000000ffe00000|100%| E|CS|TAMS 0x00000000ffd00000, 0x00000000ffd00000| Complete 
|  62|0x00000000ffe00000, 0x00000000fff00000, 0x00000000fff00000|100%| E|CS|TAMS 0x00000000ffe00000, 0x00000000ffe00000| Complete 
|  63|0x00000000fff00000, 0x0000000100000000, 0x0000000100000000|100%| E|CS|TAMS 0x00000000fff00000, 0x00000000fff00000| Complete 

Card table byte_map: [0x0000026a966e0000,0x0000026a96700000] _byte_map_base: 0x0000026a95f00000

Marking Bits (Prev, Next): (CMBitMap*) 0x0000026a968d5330, (CMBitMap*) 0x0000026a968d5370
 Prev Bits: [0x0000026a96720000, 0x0000026a96820000)
 Next Bits: [0x0000026aad140000, 0x0000026aad240000)

Polling page: 0x0000026a94a50000

Metaspace:

Usage:
  Non-class:      6.77 MB used.
      Class:      1.04 MB used.
       Both:      7.81 MB used.

Virtual space:
  Non-class space:        8.00 MB reserved,       6.94 MB ( 87%) committed,  1 nodes.
      Class space:        1.00 GB reserved,       1.12 MB ( <1%) committed,  1 nodes.
             Both:        1.01 GB reserved,       8.06 MB ( <1%) committed. 

Chunk freelists:
   Non-Class:  504.00 KB
       Class:  2.88 MB
        Both:  3.38 MB

MaxMetaspaceSize: unlimited
CompressedClassSpaceSize: 1.00 GB
Initial GC threshold: 21.00 MB
Current GC threshold: 21.00 MB
CDS: on
MetaspaceReclaimPolicy: balanced
 - commit_granule_bytes: 65536.
 - commit_granule_words: 8192.
 - virtual_space_node_default_size: 1048576.
 - enlarge_chunks_in_place: 1.
 - new_chunks_are_fully_committed: 0.
 - uncommit_free_chunks: 1.
 - use_allocation_guard: 0.
 - handle_deallocations: 1.


Internal statistics:

num_allocs_failed_limit: 0.
num_arena_births: 86.
num_arena_deaths: 0.
num_vsnodes_births: 2.
num_vsnodes_deaths: 0.
num_space_committed: 129.
num_space_uncommitted: 0.
num_chunks_returned_to_freelist: 0.
num_chunks_taken_from_freelist: 292.
num_chunk_merges: 0.
num_chunk_splits: 197.
num_chunks_enlarged: 163.
num_purges: 0.
num_inconsistent_stats: 0.

CodeHeap 'non-profiled nmethods': size=120000Kb used=576Kb max_used=576Kb free=119423Kb
 bounds [0x0000026aa5c10000, 0x0000026aa5e80000, 0x0000026aad140000]
CodeHeap 'profiled nmethods': size=120000Kb used=2700Kb max_used=2700Kb free=117299Kb
 bounds [0x0000026a9e140000, 0x0000026a9e3f0000, 0x0000026aa5670000]
CodeHeap 'non-nmethods': size=5760Kb used=1169Kb max_used=1187Kb free=4590Kb
 bounds [0x0000026aa5670000, 0x0000026aa58e0000, 0x0000026aa5c10000]
 total_blobs=1855 nmethods=1388 adapters=380
 compilation: enabled
              stopped_count=0, restarted_count=0
 full_count=0

Compilation events (20 events):
Event: 13.215 Thread 0x0000026aaf7cc2d0 nmethod 1391 0x0000026aa5c9fd10 code [0x0000026aa5c9fea0, 0x0000026aa5c9ff78]
Event: 13.747 Thread 0x0000026aaf7cc2d0 1392       1       org.gradle.internal.logging.events.UpdateNowEvent::getTimestamp (5 bytes)
Event: 13.747 Thread 0x0000026aaf7cc2d0 nmethod 1392 0x0000026aa5ca0010 code [0x0000026aa5ca01a0, 0x0000026aa5ca0278]
Event: 13.747 Thread 0x0000026aaf7cc2d0 1393       3       java.util.concurrent.ThreadPoolExecutor::isShutdown (12 bytes)
Event: 13.747 Thread 0x0000026aaf7cc2d0 nmethod 1393 0x0000026a9e3dff10 code [0x0000026a9e3e00c0, 0x0000026a9e3e02b8]
Event: 13.747 Thread 0x0000026aaf7cc2d0 1394       3       java.util.concurrent.ScheduledThreadPoolExecutor::canRunInCurrentRunState (61 bytes)
Event: 13.748 Thread 0x0000026aaf7cc2d0 nmethod 1394 0x0000026a9e3e0390 code [0x0000026a9e3e05a0, 0x0000026a9e3e0da8]
Event: 15.085 Thread 0x0000026aaf7cc2d0 1395       3       java.util.regex.Pattern::qtype (39 bytes)
Event: 15.085 Thread 0x0000026aaf7cc2d0 nmethod 1395 0x0000026a9e3e1010 code [0x0000026a9e3e11e0, 0x0000026a9e3e1468]
Event: 15.085 Thread 0x0000026aaf7cc2d0 1396       3       java.util.regex.Pattern::has (15 bytes)
Event: 15.085 Thread 0x0000026aaf7cc2d0 nmethod 1396 0x0000026a9e3e1590 code [0x0000026a9e3e1720, 0x0000026a9e3e1898]
Event: 15.086 Thread 0x0000026aaf7cc2d0 1397       3       java.util.regex.Matcher::getTextLength (10 bytes)
Event: 15.086 Thread 0x0000026aaf7cc2d0 nmethod 1397 0x0000026a9e3e1910 code [0x0000026a9e3e1ac0, 0x0000026a9e3e1c88]
Event: 15.086 Thread 0x0000026aaf7cc2d0 1398       3       java.util.regex.Pattern$$Lambda$7/0x0000000800c57188::is (5 bytes)
Event: 15.086 Thread 0x0000026aaf7cc2d0 nmethod 1398 0x0000026a9e3e1d90 code [0x0000026a9e3e1f40, 0x0000026a9e3e21b8]
Event: 15.086 Thread 0x0000026aaf7cc2d0 1400       3       java.lang.Character::isWhitespace (9 bytes)
Event: 15.086 Thread 0x0000026aaf772c20 1401       4       java.lang.Character::charCount (12 bytes)
Event: 15.086 Thread 0x0000026aaf7cc2d0 nmethod 1400 0x0000026a9e3e2290 code [0x0000026a9e3e2440, 0x0000026a9e3e2638]
Event: 15.086 Thread 0x0000026aaf7cc2d0 1399       3       java.util.regex.Pattern::lambda$DOT$4 (34 bytes)
Event: 15.086 Thread 0x0000026aaf7cc2d0 nmethod 1399 0x0000026a9e3e2710 code [0x0000026a9e3e28a0, 0x0000026a9e3e2a98]

GC Heap History (4 events):
Event: 3.645 GC heap before
{Heap before GC invocations=0 (full 0):
 garbage-first heap   total 65536K, used 15360K [0x00000000fc000000, 0x0000000100000000)
  region size 1024K, 13 young (13312K), 0 survivors (0K)
 Metaspace       used 2044K, committed 2240K, reserved 1056768K
  class space    used 198K, committed 256K, reserved 1048576K
}
Event: 3.904 GC heap after
{Heap after GC invocations=1 (full 0):
 garbage-first heap   total 65536K, used 3444K [0x00000000fc000000, 0x0000000100000000)
  region size 1024K, 2 young (2048K), 2 survivors (2048K)
 Metaspace       used 2044K, committed 2240K, reserved 1056768K
  class space    used 198K, committed 256K, reserved 1048576K
}
Event: 6.271 GC heap before
{Heap before GC invocations=1 (full 0):
 garbage-first heap   total 65536K, used 21876K [0x00000000fc000000, 0x0000000100000000)
  region size 1024K, 17 young (17408K), 2 survivors (2048K)
 Metaspace       used 5575K, committed 5760K, reserved 1056768K
  class space    used 774K, committed 832K, reserved 1048576K
}
Event: 6.275 GC heap after
{Heap after GC invocations=2 (full 0):
 garbage-first heap   total 65536K, used 9980K [0x00000000fc000000, 0x0000000100000000)
  region size 1024K, 3 young (3072K), 3 survivors (3072K)
 Metaspace       used 5575K, committed 5760K, reserved 1056768K
  class space    used 774K, committed 832K, reserved 1048576K
}

Deoptimization events (20 events):
Event: 9.787 Thread 0x0000026a968b3f60 DEOPT PACKING pc=0x0000026a9e201589 sp=0x000000d1e94fcdb0
Event: 9.787 Thread 0x0000026a968b3f60 DEOPT UNPACKING pc=0x0000026aa56c2b43 sp=0x000000d1e94fc2a8 mode 0
Event: 9.925 Thread 0x0000026a968b3f60 DEOPT PACKING pc=0x0000026a9e346508 sp=0x000000d1e94fcbd0
Event: 9.925 Thread 0x0000026a968b3f60 DEOPT UNPACKING pc=0x0000026aa56c2b43 sp=0x000000d1e94fc0d8 mode 0
Event: 10.580 Thread 0x0000026ab0859e90 Uncommon trap: trap_request=0xffffff45 fr.pc=0x0000026aa5c66a48 relative=0x0000000000000048
Event: 10.580 Thread 0x0000026ab0859e90 Uncommon trap: reason=unstable_if action=reinterpret pc=0x0000026aa5c66a48 method=java.lang.CharacterData.of(I)Ljava/lang/CharacterData; @ 4 c2
Event: 10.580 Thread 0x0000026ab0859e90 DEOPT PACKING pc=0x0000026aa5c66a48 sp=0x000000d1eacfe3a0
Event: 10.580 Thread 0x0000026ab0859e90 DEOPT UNPACKING pc=0x0000026aa56c23a3 sp=0x000000d1eacfe338 mode 2
Event: 10.968 Thread 0x0000026ab0859e90 Uncommon trap: trap_request=0xffffff45 fr.pc=0x0000026aa5c662e8 relative=0x0000000000000528
Event: 10.968 Thread 0x0000026ab0859e90 Uncommon trap: reason=unstable_if action=reinterpret pc=0x0000026aa5c662e8 method=java.lang.AbstractStringBuilder.putStringAt(ILjava/lang/String;II)V @ 8 c2
Event: 10.968 Thread 0x0000026ab0859e90 DEOPT PACKING pc=0x0000026aa5c662e8 sp=0x000000d1eacfec80
Event: 10.968 Thread 0x0000026ab0859e90 DEOPT UNPACKING pc=0x0000026aa56c23a3 sp=0x000000d1eacfeb08 mode 2
Event: 10.968 Thread 0x0000026ab0859e90 Uncommon trap: trap_request=0xffffff45 fr.pc=0x0000026aa5c4a3d0 relative=0x0000000000000510
Event: 10.968 Thread 0x0000026ab0859e90 Uncommon trap: reason=unstable_if action=reinterpret pc=0x0000026aa5c4a3d0 method=java.lang.AbstractStringBuilder.putStringAt(ILjava/lang/String;II)V @ 8 c2
Event: 10.968 Thread 0x0000026ab0859e90 DEOPT PACKING pc=0x0000026aa5c4a3d0 sp=0x000000d1eacfec10
Event: 10.968 Thread 0x0000026ab0859e90 DEOPT UNPACKING pc=0x0000026aa56c23a3 sp=0x000000d1eacfeb00 mode 2
Event: 15.085 Thread 0x0000026ab0859e90 Uncommon trap: trap_request=0xffffff45 fr.pc=0x0000026aa5c1d404 relative=0x0000000000000084
Event: 15.085 Thread 0x0000026ab0859e90 Uncommon trap: reason=unstable_if action=reinterpret pc=0x0000026aa5c1d404 method=java.lang.String.codePointAt(I)I @ 4 c2
Event: 15.085 Thread 0x0000026ab0859e90 DEOPT PACKING pc=0x0000026aa5c1d404 sp=0x000000d1eacfec20
Event: 15.085 Thread 0x0000026ab0859e90 DEOPT UNPACKING pc=0x0000026aa56c23a3 sp=0x000000d1eacfebb8 mode 2

Classes unloaded (0 events):
No events

Classes redefined (0 events):
No events

Internal exceptions (20 events):
Event: 4.813 Thread 0x0000026a968b3f60 Exception <a 'java/lang/NoSuchMethodError'{0x00000000ff9aba68}: 'void java.lang.invoke.DirectMethodHandle$Holder.invokeStatic(java.lang.Object, java.lang.Object)'> (0x00000000ff9aba68) 
thrown [s\open\src\hotspot\share\interpreter\linkResolver.cpp, line 759]
Event: 4.949 Thread 0x0000026a968b3f60 Exception <a 'java/lang/NoClassDefFoundError'{0x00000000ff830680}: org/slf4j/impl/StaticMarkerBinder> (0x00000000ff830680) 
thrown [s\open\src\hotspot\share\classfile\systemDictionary.cpp, line 245]
Event: 5.081 Thread 0x0000026a968b3f60 Exception <a 'java/lang/NoSuchMethodError'{0x00000000ff8cce68}: 'java.lang.Object java.lang.invoke.DirectMethodHandle$Holder.invokeVirtual(java.lang.Object, java.lang.Object, java.lang.Object, java.lang.Object, java.lang.Object, java.lang.Object, java.lang.Object)'> (0x00000000ff8cce68) 
thrown [s\open\src\hotspot\share\interpreter\linkResolver.cpp, line 759]
Event: 5.086 Thread 0x0000026a968b3f60 Exception <a 'java/lang/NoSuchMethodError'{0x00000000ff8dd9b8}: 'java.lang.Object java.lang.invoke.Invokers$Holder.invoker(java.lang.Object, java.lang.Object, java.lang.Object)'> (0x00000000ff8dd9b8) 
thrown [s\open\src\hotspot\share\interpreter\linkResolver.cpp, line 759]
Event: 5.089 Thread 0x0000026a968b3f60 Exception <a 'java/lang/NoSuchMethodError'{0x00000000ff8e6a88}: 'java.lang.Object java.lang.invoke.DirectMethodHandle$Holder.invokeStatic(java.lang.Object, java.lang.Object, int)'> (0x00000000ff8e6a88) 
thrown [s\open\src\hotspot\share\interpreter\linkResolver.cpp, line 759]
Event: 5.093 Thread 0x0000026a968b3f60 Exception <a 'java/lang/NoSuchMethodError'{0x00000000ff8f29c8}: 'void java.lang.invoke.DelegatingMethodHandle$Holder.delegate(java.lang.Object, java.lang.Object, int, java.lang.Object)'> (0x00000000ff8f29c8) 
thrown [s\open\src\hotspot\share\interpreter\linkResolver.cpp, line 759]
Event: 5.095 Thread 0x0000026a968b3f60 Exception <a 'java/lang/NoSuchMethodError'{0x00000000ff8f6b10}: 'int java.lang.invoke.DirectMethodHandle$Holder.invokeSpecial(java.lang.Object, java.lang.Object, java.lang.Object)'> (0x00000000ff8f6b10) 
thrown [s\open\src\hotspot\share\interpreter\linkResolver.cpp, line 759]
Event: 5.101 Thread 0x0000026a968b3f60 Exception <a 'java/lang/NoSuchMethodError'{0x00000000ff70a110}: 'java.lang.Object java.lang.invoke.Invokers$Holder.invokeExact_MT(java.lang.Object, java.lang.Object, java.lang.Object, java.lang.Object)'> (0x00000000ff70a110) 
thrown [s\open\src\hotspot\share\interpreter\linkResolver.cpp, line 759]
Event: 5.672 Thread 0x0000026a968b3f60 Exception <a 'java/lang/NoSuchMethodError'{0x00000000ff4d5768}: 'java.lang.Object java.lang.invoke.DirectMethodHandle$Holder.invokeInterface(java.lang.Object, java.lang.Object, java.lang.Object)'> (0x00000000ff4d5768) 
thrown [s\open\src\hotspot\share\interpreter\linkResolver.cpp, line 759]
Event: 5.836 Thread 0x0000026a968b3f60 Implicit null exception at 0x0000026aa5c670ac to 0x0000026aa5c6750c
Event: 5.836 Thread 0x0000026a968b3f60 Implicit null exception at 0x0000026aa5c4f52c to 0x0000026aa5c4f978
Event: 6.011 Thread 0x0000026a968b3f60 Exception <a 'java/lang/NoSuchMethodError'{0x00000000ff0ae650}: 'java.lang.Object java.lang.invoke.DirectMethodHandle$Holder.invokeStaticInit(java.lang.Object)'> (0x00000000ff0ae650) 
thrown [s\open\src\hotspot\share\interpreter\linkResolver.cpp, line 759]
Event: 6.632 Thread 0x0000026a968b3f60 Exception <a 'java/lang/NoSuchMethodError'{0x00000000ffdaed50}: 'java.lang.Object java.lang.invoke.DirectMethodHandle$Holder.invokeStaticInit(java.lang.Object, int, int, int, int)'> (0x00000000ffdaed50) 
thrown [s\open\src\hotspot\share\interpreter\linkResolver.cpp, line 759]
Event: 7.089 Thread 0x0000026a968b3f60 Exception <a 'java/lang/NoSuchMethodError'{0x00000000ffde2e30}: 'java.lang.Object java.lang.invoke.DirectMethodHandle$Holder.invokeStaticInit(java.lang.Object, java.lang.Object, int, int, int, int)'> (0x00000000ffde2e30) 
thrown [s\open\src\hotspot\share\interpreter\linkResolver.cpp, line 759]
Event: 8.917 Thread 0x0000026a968b3f60 Exception <a 'java/lang/NoSuchMethodError'{0x00000000ffc10a10}: 'void java.lang.invoke.DirectMethodHandle$Holder.invokeStatic(java.lang.Object, java.lang.Object, java.lang.Object)'> (0x00000000ffc10a10) 
thrown [s\open\src\hotspot\share\interpreter\linkResolver.cpp, line 759]
Event: 10.557 Thread 0x0000026ab0859e90 Exception <a 'java/lang/NoSuchMethodError'{0x00000000ff579a78}: 'void java.lang.invoke.DirectMethodHandle$Holder.invokeStatic(java.lang.Object, long)'> (0x00000000ff579a78) 
thrown [s\open\src\hotspot\share\interpreter\linkResolver.cpp, line 759]
Event: 10.558 Thread 0x0000026ab0859e90 Exception <a 'java/lang/NoSuchMethodError'{0x00000000ff57f3d0}: 'java.lang.Object java.lang.invoke.DirectMethodHandle$Holder.newInvokeSpecial(java.lang.Object, long)'> (0x00000000ff57f3d0) 
thrown [s\open\src\hotspot\share\interpreter\linkResolver.cpp, line 759]
Event: 10.561 Thread 0x0000026ab0859e90 Exception <a 'java/lang/NoSuchMethodError'{0x00000000ff58a578}: 'java.lang.Object java.lang.invoke.DirectMethodHandle$Holder.invokeStaticInit(java.lang.Object, java.lang.Object, long, java.lang.Object)'> (0x00000000ff58a578) 
thrown [s\open\src\hotspot\share\interpreter\linkResolver.cpp, line 759]
Event: 10.562 Thread 0x0000026ab0859e90 Exception <a 'java/lang/NoSuchMethodError'{0x00000000ff590c38}: 'java.lang.Object java.lang.invoke.DirectMethodHandle$Holder.newInvokeSpecial(java.lang.Object, java.lang.Object, long)'> (0x00000000ff590c38) 
thrown [s\open\src\hotspot\share\interpreter\linkResolver.cpp, line 759]
Event: 10.563 Thread 0x0000026ab0859e90 Exception <a 'java/lang/NoSuchMethodError'{0x00000000ff594f28}: 'java.lang.Object java.lang.invoke.Invokers$Holder.linkToTargetMethod(java.lang.Object, long, java.lang.Object)'> (0x00000000ff594f28) 
thrown [s\open\src\hotspot\share\interpreter\linkResolver.cpp, line 759]

VM Operations (20 events):
Event: 6.102 Executing VM operation: Cleanup
Event: 6.181 Executing VM operation: Cleanup done
Event: 6.271 Executing VM operation: G1CollectForAllocation
Event: 6.275 Executing VM operation: G1CollectForAllocation done
Event: 6.643 Executing VM operation: HandshakeAllThreads
Event: 6.643 Executing VM operation: HandshakeAllThreads done
Event: 7.022 Executing VM operation: HandshakeAllThreads
Event: 7.022 Executing VM operation: HandshakeAllThreads done
Event: 8.034 Executing VM operation: Cleanup
Event: 8.035 Executing VM operation: Cleanup done
Event: 9.045 Executing VM operation: Cleanup
Event: 9.045 Executing VM operation: Cleanup done
Event: 9.053 Executing VM operation: HandshakeAllThreads
Event: 9.053 Executing VM operation: HandshakeAllThreads done
Event: 10.057 Executing VM operation: Cleanup
Event: 10.057 Executing VM operation: Cleanup done
Event: 10.580 Executing VM operation: HandshakeAllThreads
Event: 10.965 Executing VM operation: HandshakeAllThreads done
Event: 11.975 Executing VM operation: Cleanup
Event: 11.975 Executing VM operation: Cleanup done

Events (20 events):
Event: 10.570 loading class java/util/Scanner done
Event: 10.572 loading class java/util/Scanner$PatternLRUCache
Event: 10.572 loading class java/util/Scanner$PatternLRUCache done
Event: 10.573 loading class sun/util/resources/LocaleData$CommonResourceBundleProvider
Event: 10.574 loading class sun/util/resources/LocaleData$LocaleDataResourceBundleProvider
Event: 10.574 loading class java/util/spi/ResourceBundleProvider
Event: 10.574 loading class java/util/spi/ResourceBundleProvider done
Event: 10.574 loading class sun/util/resources/LocaleData$LocaleDataResourceBundleProvider done
Event: 10.574 loading class sun/util/resources/LocaleData$CommonResourceBundleProvider done
Event: 10.574 loading class sun/text/resources/cldr/FormatData_en
Event: 10.575 loading class sun/text/resources/cldr/FormatData_en done
Event: 10.575 loading class sun/util/resources/Bundles$2
Event: 10.575 loading class sun/util/resources/Bundles$2 done
Event: 10.575 loading class java/lang/InstantiationException
Event: 10.575 loading class java/lang/InstantiationException done
Event: 10.958 Thread 0x0000026ab0626bd0 Thread exited: 0x0000026ab0626bd0
Event: 10.968 loading class java/io/PrintWriter
Event: 10.968 loading class java/io/PrintWriter done
Event: 15.085 loading class java/util/regex/Matcher$ImmutableMatchResult
Event: 15.085 loading class java/util/regex/Matcher$ImmutableMatchResult done


Dynamic libraries:
0x00007ff649ef0000 - 0x00007ff649f00000 	C:\Program Files\Java\jdk-17\bin\java.exe
0x00007ffa90ab0000 - 0x00007ffa90ca8000 	C:\Windows\SYSTEM32\ntdll.dll
0x00007ffa8eeb0000 - 0x00007ffa8ef6f000 	C:\Windows\System32\KERNEL32.DLL
0x00007ffa8e320000 - 0x00007ffa8e616000 	C:\Windows\System32\KERNELBASE.dll
0x00007ffa8ea10000 - 0x00007ffa8eb10000 	C:\Windows\System32\ucrtbase.dll
0x00007ffa714f0000 - 0x00007ffa71509000 	C:\Program Files\Java\jdk-17\bin\jli.dll
0x00007ffa905c0000 - 0x00007ffa9066f000 	C:\Windows\System32\ADVAPI32.dll
0x00007ffa90690000 - 0x00007ffa9072e000 	C:\Windows\System32\msvcrt.dll
0x00007ffa909a0000 - 0x00007ffa90a3c000 	C:\Windows\System32\sechost.dll
0x00007ffa8ebd0000 - 0x00007ffa8ecf6000 	C:\Windows\System32\RPCRT4.dll
0x00007ffa8ed00000 - 0x00007ffa8ee9d000 	C:\Windows\System32\USER32.dll
0x00007ffa8e950000 - 0x00007ffa8e972000 	C:\Windows\System32\win32u.dll
0x00007ffa8fd90000 - 0x00007ffa8fdbc000 	C:\Windows\System32\GDI32.dll
0x00007ffa8e670000 - 0x00007ffa8e785000 	C:\Windows\System32\gdi32full.dll
0x00007ffa8e8b0000 - 0x00007ffa8e94d000 	C:\Windows\System32\msvcp_win.dll
0x00007ffa69870000 - 0x00007ffa6988b000 	C:\Program Files\Java\jdk-17\bin\VCRUNTIME140.dll
0x00007ffa6a860000 - 0x00007ffa6aafa000 	C:\Windows\WinSxS\amd64_microsoft.windows.common-controls_6595b64144ccf1df_6.0.19041.1110_none_60b5254171f9507e\COMCTL32.dll
0x00007ffa85600000 - 0x00007ffa8560a000 	C:\Windows\SYSTEM32\VERSION.dll
0x00007ffa90a40000 - 0x00007ffa90a70000 	C:\Windows\System32\IMM32.DLL
0x00007ffa7f3a0000 - 0x00007ffa7f3ac000 	C:\Program Files\Java\jdk-17\bin\vcruntime140_1.dll
0x00007ffa5b930000 - 0x00007ffa5b9be000 	C:\Program Files\Java\jdk-17\bin\msvcp140.dll
0x00007ff9f6400000 - 0x00007ff9f6fdd000 	C:\Program Files\Java\jdk-17\bin\server\jvm.dll
0x00007ffa8eea0000 - 0x00007ffa8eea8000 	C:\Windows\System32\PSAPI.DLL
0x00007ffa7dea0000 - 0x00007ffa7dea9000 	C:\Windows\SYSTEM32\WSOCK32.dll
0x00007ffa8fcc0000 - 0x00007ffa8fd2b000 	C:\Windows\System32\WS2_32.dll
0x00007ffa62d90000 - 0x00007ffa62db7000 	C:\Windows\SYSTEM32\WINMM.dll
0x00007ffa8c9c0000 - 0x00007ffa8c9d2000 	C:\Windows\SYSTEM32\kernel.appcore.dll
0x00007ffa7ddb0000 - 0x00007ffa7ddba000 	C:\Program Files\Java\jdk-17\bin\jimage.dll
0x00007ffa88d90000 - 0x00007ffa88f74000 	C:\Windows\SYSTEM32\DBGHELP.DLL
0x00007ffa7c6a0000 - 0x00007ffa7c6d4000 	C:\Windows\SYSTEM32\dbgcore.DLL
0x00007ffa8e980000 - 0x00007ffa8ea02000 	C:\Windows\System32\bcryptPrimitives.dll
0x00007ffa66310000 - 0x00007ffa66335000 	C:\Program Files\Java\jdk-17\bin\java.dll
0x00007ffa58170000 - 0x00007ffa58247000 	C:\Program Files\Java\jdk-17\bin\jsvml.dll
0x00007ffa8fdc0000 - 0x00007ffa90504000 	C:\Windows\System32\SHELL32.dll
0x00007ffa8c040000 - 0x00007ffa8c7d3000 	C:\Windows\SYSTEM32\windows.storage.dll
0x00007ffa8eff0000 - 0x00007ffa8f344000 	C:\Windows\System32\combase.dll
0x00007ffa8db00000 - 0x00007ffa8db2e000 	C:\Windows\SYSTEM32\Wldp.dll
0x00007ffa8eb10000 - 0x00007ffa8ebbd000 	C:\Windows\System32\SHCORE.dll
0x00007ffa8fae0000 - 0x00007ffa8fb35000 	C:\Windows\System32\shlwapi.dll
0x00007ffa8e0c0000 - 0x00007ffa8e0e5000 	C:\Windows\SYSTEM32\profapi.dll
0x00007ffa67260000 - 0x00007ffa67279000 	C:\Program Files\Java\jdk-17\bin\net.dll
0x00007ffa83710000 - 0x00007ffa8381a000 	C:\Windows\SYSTEM32\WINHTTP.dll
0x00007ffa8d860000 - 0x00007ffa8d8ca000 	C:\Windows\system32\mswsock.dll
0x00007ffa66bf0000 - 0x00007ffa66c06000 	C:\Program Files\Java\jdk-17\bin\nio.dll
0x00007ffa666a0000 - 0x00007ffa666b8000 	C:\Program Files\Java\jdk-17\bin\zip.dll
0x00007ffa86230000 - 0x00007ffa86240000 	C:\Program Files\Java\jdk-17\bin\verify.dll
0x00007ffa7f460000 - 0x00007ffa7f487000 	C:\Users\ss\.gradle\native\e1d6ef7f7dcc3fd88c89a11ec53ec762bb8ba0a96d01ffa2cd45eb1d1d8dd5c5\windows-amd64\native-platform.dll
0x00007ffa86770000 - 0x00007ffa8677a000 	C:\Program Files\Java\jdk-17\bin\management.dll
0x00007ffa857e0000 - 0x00007ffa857eb000 	C:\Program Files\Java\jdk-17\bin\management_ext.dll
0x00007ffa8da50000 - 0x00007ffa8da68000 	C:\Windows\SYSTEM32\CRYPTSP.dll
0x00007ffa8d170000 - 0x00007ffa8d1a4000 	C:\Windows\system32\rsaenh.dll
0x00007ffa8e2f0000 - 0x00007ffa8e317000 	C:\Windows\System32\bcrypt.dll
0x00007ffa8e080000 - 0x00007ffa8e0ae000 	C:\Windows\SYSTEM32\USERENV.dll
0x00007ffa8da70000 - 0x00007ffa8da7c000 	C:\Windows\SYSTEM32\CRYPTBASE.dll
0x00007ffa8d550000 - 0x00007ffa8d58b000 	C:\Windows\SYSTEM32\IPHLPAPI.DLL
0x00007ffa8f350000 - 0x00007ffa8f358000 	C:\Windows\System32\NSI.dll
0x00007ffa83af0000 - 0x00007ffa83b07000 	C:\Windows\SYSTEM32\dhcpcsvc6.DLL
0x00007ffa843e0000 - 0x00007ffa843fd000 	C:\Windows\SYSTEM32\dhcpcsvc.DLL
0x00007ffa8d590000 - 0x00007ffa8d65a000 	C:\Windows\SYSTEM32\DNSAPI.dll

dbghelp: loaded successfully - version: 4.0.5 - missing functions: none
symbol engine: initialized successfully - sym options: 0x614 - pdb path: .;C:\Program Files\Java\jdk-17\bin;C:\Windows\SYSTEM32;C:\Windows\WinSxS\amd64_microsoft.windows.common-controls_6595b64144ccf1df_6.0.19041.1110_none_60b5254171f9507e;C:\Program Files\Java\jdk-17\bin\server;C:\Users\ss\.gradle\native\e1d6ef7f7dcc3fd88c89a11ec53ec762bb8ba0a96d01ffa2cd45eb1d1d8dd5c5\windows-amd64

VM Arguments:
jvm_args: -Xmx64m -Xms64m -Dorg.gradle.appname=gradlew 
java_command: org.gradle.wrapper.GradleWrapperMain app:installDebug -PreactNativeDevServerPort=8081
java_class_path (initial): C:\\Users\\ss\\Desktop\\teachers-vision\\android\\\\gradle\\wrapper\\gradle-wrapper.jar
Launcher Type: SUN_STANDARD

[Global flags]
     intx CICompilerCount                          = 3                                         {product} {ergonomic}
     uint ConcGCThreads                            = 1                                         {product} {ergonomic}
     uint G1ConcRefinementThreads                  = 4                                         {product} {ergonomic}
   size_t G1HeapRegionSize                         = 1048576                                   {product} {ergonomic}
    uintx GCDrainStackTargetSize                   = 64                                        {product} {ergonomic}
   size_t InitialHeapSize                          = 67108864                                  {product} {command line}
   size_t MarkStackSize                            = 4194304                                   {product} {ergonomic}
   size_t MaxHeapSize                              = 67108864                                  {product} {command line}
   size_t MaxNewSize                               = 39845888                                  {product} {ergonomic}
   size_t MinHeapDeltaBytes                        = 1048576                                   {product} {ergonomic}
   size_t MinHeapSize                              = 67108864                                  {product} {command line}
    uintx NonNMethodCodeHeapSize                   = 5832780                                {pd product} {ergonomic}
    uintx NonProfiledCodeHeapSize                  = 122912730                              {pd product} {ergonomic}
    uintx ProfiledCodeHeapSize                     = 122912730                              {pd product} {ergonomic}
    uintx ReservedCodeCacheSize                    = 251658240                              {pd product} {ergonomic}
     bool SegmentedCodeCache                       = true                                      {product} {ergonomic}
   size_t SoftMaxHeapSize                          = 67108864                               {manageable} {ergonomic}
     bool UseCompressedClassPointers               = true                           {product lp64_product} {ergonomic}
     bool UseCompressedOops                        = true                           {product lp64_product} {ergonomic}
     bool UseG1GC                                  = true                                      {product} {ergonomic}
     bool UseLargePagesIndividualAllocation        = false                                  {pd product} {ergonomic}

Logging:
Log output configuration:
 #0: stdout all=warning uptime,level,tags
 #1: stderr all=off uptime,level,tags

Environment Variables:
CLASSPATH=C:\Users\ss\Desktop\teachers-vision\android\\gradle\wrapper\gradle-wrapper.jar
PATH=C:\Users\ss\Desktop\teachers-vision\android\node_modules\.bin;C:\Users\ss\Desktop\teachers-vision\node_modules\.bin;C:\Users\ss\Desktop\node_modules\.bin;C:\Users\ss\node_modules\.bin;C:\Users\node_modules\.bin;C:\node_modules\.bin;C:\Program Files\nodejs;C:\Users\ss\Desktop\teachers-vision\node_modules\.bin;C:\Users\ss\Desktop\teachers-vision\node_modules\.bin;C:\Users\ss\Desktop\node_modules\.bin;C:\Users\ss\node_modules\.bin;C:\Users\node_modules\.bin;C:\node_modules\.bin;C:\Users\ss\AppData\Roaming\nvm\v16.16.0\node_modules\npm\node_modules\@npmcli\run-script\lib\node-gyp-bin;C:\Users\ss\Desktop\teachers-vision\node_modules\.bin;C:\Users\ss\Desktop\node_modules\.bin;C:\Users\ss\node_modules\.bin;C:\Users\node_modules\.bin;C:\node_modules\.bin;C:\Program Files\nodejs;C:\Users\ss\Desktop\teachers-vision\node_modules\.bin;C:\Users\ss\Desktop\teachers-vision\node_modules\.bin;C:\Users\ss\Desktop\node_modules\.bin;C:\Users\ss\node_modules\.bin;C:\Users\node_modules\.bin;C:\node_modules\.bin;C:\Users\ss\AppData\Roaming\nvm\v16.16.0\node_modules\npm\node_modules\@npmcli\run-script\lib\node-gyp-bin;C:\Program Files\Common Files\Oracle\Java\javapath;C:\Program Files (x86)\Common Files\Oracle\Java\javapath;C:\Program Files\Microsoft\jdk-11.0.18.10-hotspot\bin;C:\Program Files\Microsoft MPI\Bin\;C:\Windows\system32;C:\Windows;C:\Windows\System32\Wbem;C:\Windows\System32\WindowsPowerShell\v1.0\;C:\Windows\System32\OpenSSH\;C:\ProgramData\chocolatey\bin;C:\Users\ss\AppData\Local\Android\Sdk\platform-tools;C:\Program Files\Git\cmd;C:\Program Files\Microsoft SQL Server\150\Tools\Binn\;C:\Program Files (x86)\Microsoft SQL Server\160\Tools\Binn\;C:\Program Files\Microsoft SQL Server\160\Tools\Binn\;C:\Program Files\Microsoft SQL Server\Client SDK\ODBC\170\Tools\Binn\;C:\Program Files\Microsoft SQL Server\160\DTS\Binn\;C:\Program Files\dotnet\;C:\Program Files (x86)\dotnet\;C:\Program Files (x86)\Microsoft SQL Server\160\DTS\Binn\;C:\Program Files (x86)\Microsoft SQL Server\150
USERNAME=ss
LANG=en_US.UTF-8
OS=Windows_NT
PROCESSOR_IDENTIFIER=Intel64 Family 6 Model 142 Stepping 9, GenuineIntel



---------------  S Y S T E M  ---------------

OS:
 Windows 10 , 64 bit Build 19041 (10.0.19041.3155)
OS uptime: 1 days 3:07 hours

CPU: total 4 (initial active 4) (2 cores per cpu, 2 threads per core) family 6 model 142 stepping 9 microcode 0xb4, cx8, cmov, fxsr, ht, mmx, 3dnowpref, sse, sse2, sse3, ssse3, sse4.1, sse4.2, popcnt, lzcnt, tsc, tscinvbit, avx, avx2, aes, erms, clmul, bmi1, bmi2, adx, fma, vzeroupper, clflush, clflushopt

Memory: 4k page, system-wide physical 16263M (917M free)
TotalPageFile size 25038M (AvailPageFile size 0M)
current process WorkingSet (physical memory assigned to process): 77M, peak: 80M
current process commit charge ("private bytes"): 152M, peak: 154M

vm_info: Java HotSpot(TM) 64-Bit Server VM (17.0.7+8-LTS-224) for windows-amd64 JRE (17.0.7+8-LTS-224), built on Feb 28 2023 23:03:02 by "mach5one" with MS VC++ 17.1 (VS2022)

END.
