#
# There is insufficient memory for the Java Runtime Environment to continue.
# Native memory allocation (malloc) failed to allocate 32744 bytes for ChunkPool::allocate
# Possible reasons:
#   The system is out of physical RAM or swap space
#   The process is running with CompressedOops enabled, and the Java Heap may be blocking the growth of the native heap
# Possible solutions:
#   Reduce memory load on the system
#   Increase physical memory or swap space
#   Check if swap backing store is full
#   Decrease Java heap size (-Xmx/-Xms)
#   Decrease number of Java threads
#   Decrease Java thread stack sizes (-Xss)
#   Set larger code cache with -XX:ReservedCodeCacheSize=
#   JVM is running with Unscaled Compressed Oops mode in which the Java heap is
#     placed in the first 4GB address space. The Java Heap base address is the
#     maximum limit for the native heap growth. Please use -XX:HeapBaseMinAddress
#     to set the Java Heap base and to place the Java Heap above 4GB virtual address.
# This output file may be truncated or incomplete.
#
#  Out of Memory Error (arena.cpp:78), pid=9404, tid=18724
#
# JRE version: Java(TM) SE Runtime Environment (17.0.7+8) (build 17.0.7+8-LTS-224)
# Java VM: Java HotSpot(TM) 64-Bit Server VM (17.0.7+8-LTS-224, mixed mode, sharing, tiered, compressed oops, compressed class ptrs, g1 gc, windows-amd64)
# No core dump will be written. Minidumps are not enabled by default on client versions of Windows
#

---------------  S U M M A R Y ------------

Command Line: -Xmx64m -Xms64m -Dorg.gradle.appname=gradlew org.gradle.wrapper.GradleWrapperMain app:installDebug -PreactNativeDevServerPort=8081

Host: Intel(R) Core(TM) i5-7200U CPU @ 2.50GHz, 4 cores, 15G,  Windows 10 , 64 bit Build 19041 (10.0.19041.3155)
Time: Fri Sep  1 14:00:13 2023 India Standard Time elapsed time: 1297.210653 seconds (0d 0h 21m 37s)

---------------  T H R E A D  ---------------

Current thread (0x0000015b9ec84e00):  JavaThread "main" [_thread_in_vm, id=18724, stack(0x0000001bd2100000,0x0000001bd2200000)]

Stack: [0x0000001bd2100000,0x0000001bd2200000]
Native frames: (J=compiled Java code, j=interpreted, Vv=VM code, C=native code)
V  [jvm.dll+0x676a4a]
V  [jvm.dll+0x7d74f4]
V  [jvm.dll+0x7d8c9e]
V  [jvm.dll+0x7d9303]
V  [jvm.dll+0x2452c5]
V  [jvm.dll+0xaac80]
V  [jvm.dll+0xaafcc]
V  [jvm.dll+0x1e8e21]
V  [jvm.dll+0x1e9c75]
V  [jvm.dll+0x1ea5bb]
V  [jvm.dll+0x1dfdc1]
V  [jvm.dll+0x53cf0c]
V  [jvm.dll+0x752158]
V  [jvm.dll+0x752244]
V  [jvm.dll+0x40b12f]
V  [jvm.dll+0x411149]
C  [java.dll+0x17ec]

Java frames: (J=compiled Java code, j=interpreted, Vv=VM code)
J 773  java.lang.ClassLoader.defineClass1(Ljava/lang/ClassLoader;Ljava/lang/String;[BIILjava/security/ProtectionDomain;Ljava/lang/String;)Ljava/lang/Class; java.base@17.0.7 (0 bytes) @ 0x0000015baf806c63 [0x0000015baf806ba0+0x00000000000000c3]
J 929 c1 java.lang.ClassLoader.defineClass(Ljava/lang/String;[BIILjava/security/ProtectionDomain;)Ljava/lang/Class; java.base@17.0.7 (43 bytes) @ 0x0000015ba7eab7d4 [0x0000015ba7eab480+0x0000000000000354]
J 857 c1 java.security.SecureClassLoader.defineClass(Ljava/lang/String;[BIILjava/security/CodeSource;)Ljava/lang/Class; java.base@17.0.7 (16 bytes) @ 0x0000015ba7e8d58c [0x0000015ba7e8d4c0+0x00000000000000cc]
J 852 c1 java.net.URLClassLoader.defineClass(Ljava/lang/String;Ljdk/internal/loader/Resource;)Ljava/lang/Class; java.base@17.0.7 (224 bytes) @ 0x0000015ba7e88ac4 [0x0000015ba7e87040+0x0000000000001a84]
J 739 c1 java.net.URLClassLoader$1.run()Ljava/lang/Class; java.base@17.0.7 (81 bytes) @ 0x0000015ba7e3c1dc [0x0000015ba7e3b5a0+0x0000000000000c3c]
J 738 c1 java.net.URLClassLoader$1.run()Ljava/lang/Object; java.base@17.0.7 (5 bytes) @ 0x0000015ba7e3b0c4 [0x0000015ba7e3b040+0x0000000000000084]
J 622 c1 java.security.AccessController.doPrivileged(Ljava/security/PrivilegedExceptionAction;Ljava/security/AccessControlContext;)Ljava/lang/Object; java.base@17.0.7 (26 bytes) @ 0x0000015ba7dff0fc [0x0000015ba7dfef20+0x00000000000001dc]
J 695 c1 java.net.URLClassLoader.findClass(Ljava/lang/String;)Ljava/lang/Class; java.base@17.0.7 (47 bytes) @ 0x0000015ba7e2b21c [0x0000015ba7e2b080+0x000000000000019c]
J 588 c1 java.lang.ClassLoader.loadClass(Ljava/lang/String;Z)Ljava/lang/Class; java.base@17.0.7 (121 bytes) @ 0x0000015ba7de4cf4 [0x0000015ba7de4740+0x00000000000005b4]
J 573 c1 java.lang.ClassLoader.loadClass(Ljava/lang/String;)Ljava/lang/Class; java.base@17.0.7 (7 bytes) @ 0x0000015ba7ddf84c [0x0000015ba7ddf740+0x000000000000010c]
v  ~StubRoutines::call_stub
j  com.google.common.collect.Lists.reverse(Ljava/util/List;)Ljava/util/List;+16
j  org.gradle.util.internal.LimitedDescription.toString()Ljava/lang/String;+25
j  org.gradle.util.internal.GFileUtils.tail(Ljava/io/File;I)Ljava/lang/String;+62
j  org.gradle.launcher.daemon.diagnostics.DaemonDiagnostics.tailDaemonLog()Ljava/lang/String;+6
j  org.gradle.launcher.daemon.diagnostics.DaemonDiagnostics.describe()Ljava/lang/String;+37
j  org.gradle.launcher.daemon.client.DaemonClient.handleDaemonDisappearance(Lorg/gradle/launcher/daemon/protocol/Build;Lorg/gradle/launcher/daemon/diagnostics/DaemonDiagnostics;)Lorg/gradle/launcher/daemon/protocol/Result;+15
j  org.gradle.launcher.daemon.client.DaemonClient.monitorBuild(Lorg/gradle/launcher/daemon/protocol/Build;Lorg/gradle/launcher/daemon/diagnostics/DaemonDiagnostics;Lorg/gradle/internal/remote/internal/Connection;Lorg/gradle/initialization/BuildCancellationToken;Lorg/gradle/initialization/BuildEventConsumer;)Ljava/lang/Object;+111
j  org.gradle.launcher.daemon.client.DaemonClient.executeBuild(Lorg/gradle/launcher/daemon/protocol/Build;Lorg/gradle/launcher/daemon/client/DaemonClientConnection;Lorg/gradle/initialization/BuildCancellationToken;Lorg/gradle/initialization/BuildEventConsumer;)Lorg/gradle/launcher/exec/BuildActionResult;+128
j  org.gradle.launcher.daemon.client.DaemonClient.execute(Lorg/gradle/internal/invocation/BuildAction;Lorg/gradle/launcher/exec/BuildActionParameters;Lorg/gradle/initialization/BuildRequestContext;)Lorg/gradle/launcher/exec/BuildActionResult;+272
j  org.gradle.launcher.daemon.client.DaemonClient.execute(Lorg/gradle/internal/invocation/BuildAction;Ljava/lang/Object;Ljava/lang/Object;)Lorg/gradle/launcher/exec/BuildActionResult;+10
j  org.gradle.launcher.cli.RunBuildAction.run()V+74
j  org.gradle.internal.Actions$RunnableActionAdapter.execute(Ljava/lang/Object;)V+4
j  org.gradle.launcher.cli.DefaultCommandLineActionFactory$ParseAndBuildAction.execute(Lorg/gradle/launcher/bootstrap/ExecutionListener;)V+124
j  org.gradle.launcher.cli.DefaultCommandLineActionFactory$ParseAndBuildAction.execute(Ljava/lang/Object;)V+5
j  org.gradle.launcher.cli.DebugLoggerWarningAction.execute(Lorg/gradle/launcher/bootstrap/ExecutionListener;)V+9
j  org.gradle.launcher.cli.DebugLoggerWarningAction.execute(Ljava/lang/Object;)V+5
j  org.gradle.launcher.cli.WelcomeMessageAction.execute(Lorg/gradle/launcher/bootstrap/ExecutionListener;)V+211
j  org.gradle.launcher.cli.WelcomeMessageAction.execute(Ljava/lang/Object;)V+5
j  org.gradle.launcher.cli.NativeServicesInitializingAction.execute(Lorg/gradle/launcher/bootstrap/ExecutionListener;)V+35
j  org.gradle.launcher.cli.NativeServicesInitializingAction.execute(Ljava/lang/Object;)V+5
j  org.gradle.launcher.cli.ExceptionReportingAction.execute(Lorg/gradle/launcher/bootstrap/ExecutionListener;)V+5
j  org.gradle.launcher.cli.ExceptionReportingAction.execute(Ljava/lang/Object;)V+5
j  org.gradle.launcher.cli.DefaultCommandLineActionFactory$WithLogging.execute(Lorg/gradle/launcher/bootstrap/ExecutionListener;)V+257
j  org.gradle.launcher.Main.doAction([Ljava/lang/String;Lorg/gradle/launcher/bootstrap/ExecutionListener;)V+14
j  org.gradle.launcher.bootstrap.EntryPoint.run([Ljava/lang/String;)V+12
v  ~StubRoutines::call_stub
j  jdk.internal.reflect.NativeMethodAccessorImpl.invoke0(Ljava/lang/reflect/Method;Ljava/lang/Object;[Ljava/lang/Object;)Ljava/lang/Object;+0 java.base@17.0.7
j  jdk.internal.reflect.NativeMethodAccessorImpl.invoke(Ljava/lang/Object;[Ljava/lang/Object;)Ljava/lang/Object;+133 java.base@17.0.7
j  jdk.internal.reflect.DelegatingMethodAccessorImpl.invoke(Ljava/lang/Object;[Ljava/lang/Object;)Ljava/lang/Object;+6 java.base@17.0.7
j  java.lang.reflect.Method.invoke(Ljava/lang/Object;[Ljava/lang/Object;)Ljava/lang/Object;+59 java.base@17.0.7
j  org.gradle.launcher.bootstrap.ProcessBootstrap.runNoExit(Ljava/lang/String;[Ljava/lang/String;)V+161
j  org.gradle.launcher.bootstrap.ProcessBootstrap.run(Ljava/lang/String;[Ljava/lang/String;)V+3
j  org.gradle.launcher.GradleMain.main([Ljava/lang/String;)V+36
v  ~StubRoutines::call_stub
j  jdk.internal.reflect.NativeMethodAccessorImpl.invoke0(Ljava/lang/reflect/Method;Ljava/lang/Object;[Ljava/lang/Object;)Ljava/lang/Object;+0 java.base@17.0.7
j  jdk.internal.reflect.NativeMethodAccessorImpl.invoke(Ljava/lang/Object;[Ljava/lang/Object;)Ljava/lang/Object;+133 java.base@17.0.7
j  jdk.internal.reflect.DelegatingMethodAccessorImpl.invoke(Ljava/lang/Object;[Ljava/lang/Object;)Ljava/lang/Object;+6 java.base@17.0.7
j  java.lang.reflect.Method.invoke(Ljava/lang/Object;[Ljava/lang/Object;)Ljava/lang/Object;+59 java.base@17.0.7
j  org.gradle.wrapper.BootstrapMainStarter.start([Ljava/lang/String;Ljava/io/File;)V+105
j  org.gradle.wrapper.WrapperExecutor.execute([Ljava/lang/String;Lorg/gradle/wrapper/Install;Lorg/gradle/wrapper/BootstrapMainStarter;)V+14
j  org.gradle.wrapper.GradleWrapperMain.main([Ljava/lang/String;)V+190
v  ~StubRoutines::call_stub

---------------  P R O C E S S  ---------------

Threads class SMR info:
_java_thread_list=0x0000015bbb455350, length=13, elements={
0x0000015b9ec84e00, 0x0000015b9ed579e0, 0x0000015b9ed58ff0, 0x0000015bb9aaebf0,
0x0000015bb9aaf7a0, 0x0000015bb9ab2160, 0x0000015bb9ab2b10, 0x0000015bb9ab3cb0,
0x0000015bb9b1a200, 0x0000015bb9b1d820, 0x0000015bba528540, 0x0000015bba530bf0,
0x0000015bbad46f40
}

Java Threads: ( => current thread )
=>0x0000015b9ec84e00 JavaThread "main" [_thread_in_vm, id=18724, stack(0x0000001bd2100000,0x0000001bd2200000)]
  0x0000015b9ed579e0 JavaThread "Reference Handler" daemon [_thread_blocked, id=15964, stack(0x0000001bd2800000,0x0000001bd2900000)]
  0x0000015b9ed58ff0 JavaThread "Finalizer" daemon [_thread_blocked, id=17724, stack(0x0000001bd2900000,0x0000001bd2a00000)]
  0x0000015bb9aaebf0 JavaThread "Signal Dispatcher" daemon [_thread_blocked, id=14384, stack(0x0000001bd2a00000,0x0000001bd2b00000)]
  0x0000015bb9aaf7a0 JavaThread "Attach Listener" daemon [_thread_blocked, id=6840, stack(0x0000001bd2b00000,0x0000001bd2c00000)]
  0x0000015bb9ab2160 JavaThread "Service Thread" daemon [_thread_blocked, id=11488, stack(0x0000001bd2c00000,0x0000001bd2d00000)]
  0x0000015bb9ab2b10 JavaThread "Monitor Deflation Thread" daemon [_thread_blocked, id=12696, stack(0x0000001bd2d00000,0x0000001bd2e00000)]
  0x0000015bb9ab3cb0 JavaThread "C2 CompilerThread0" daemon [_thread_blocked, id=8684, stack(0x0000001bd2e00000,0x0000001bd2f00000)]
  0x0000015bb9b1a200 JavaThread "C1 CompilerThread0" daemon [_thread_blocked, id=9872, stack(0x0000001bd2f00000,0x0000001bd3000000)]
  0x0000015bb9b1d820 JavaThread "Sweeper thread" daemon [_thread_blocked, id=13652, stack(0x0000001bd3000000,0x0000001bd3100000)]
  0x0000015bba528540 JavaThread "Notification Thread" daemon [_thread_blocked, id=19072, stack(0x0000001bd3100000,0x0000001bd3200000)]
  0x0000015bba530bf0 JavaThread "Common-Cleaner" daemon [_thread_blocked, id=19540, stack(0x0000001bd3300000,0x0000001bd3400000)]
  0x0000015bbad46f40 JavaThread "pool-1-thread-1" [_thread_blocked, id=2324, stack(0x0000001bd3700000,0x0000001bd3800000)]

Other Threads:
  0x0000015b9ed4fd60 VMThread "VM Thread" [stack: 0x0000001bd2700000,0x0000001bd2800000] [id=19436]
  0x0000015bb9b86950 WatcherThread [stack: 0x0000001bd3200000,0x0000001bd3300000] [id=7760]
  0x0000015b9eca5bc0 GCTaskThread "GC Thread#0" [stack: 0x0000001bd2200000,0x0000001bd2300000] [id=15432]
  0x0000015bba89df90 GCTaskThread "GC Thread#1" [stack: 0x0000001bd3400000,0x0000001bd3500000] [id=21420]
  0x0000015bba8a12d0 GCTaskThread "GC Thread#2" [stack: 0x0000001bd3500000,0x0000001bd3600000] [id=18636]
  0x0000015bba8a1580 GCTaskThread "GC Thread#3" [stack: 0x0000001bd3600000,0x0000001bd3700000] [id=7692]
  0x0000015b9eca7300 ConcurrentGCThread "G1 Main Marker" [stack: 0x0000001bd2300000,0x0000001bd2400000] [id=19060]
  0x0000015b9eca7d10 ConcurrentGCThread "G1 Conc#0" [stack: 0x0000001bd2400000,0x0000001bd2500000] [id=13016]
  0x0000015b9ecf3860 ConcurrentGCThread "G1 Refine#0" [stack: 0x0000001bd2500000,0x0000001bd2600000] [id=12748]
  0x0000015b9ecf5290 ConcurrentGCThread "G1 Service" [stack: 0x0000001bd2600000,0x0000001bd2700000] [id=3400]

Threads with active compile tasks:

VM state: not at safepoint (normal execution)

VM Mutex/Monitor currently owned by a thread: None

Heap address: 0x00000000fc000000, size: 64 MB, Compressed Oops mode: 32-bit

CDS archive(s) mapped at: [0x0000000800000000-0x0000000800bd0000-0x0000000800bd0000), size 12386304, SharedBaseAddress: 0x0000000800000000, ArchiveRelocationMode: 0.
Compressed class space mapped at: 0x0000000800c00000-0x0000000840c00000, reserved size: 1073741824
Narrow klass base: 0x0000000800000000, Narrow klass shift: 0, Narrow klass range: 0x100000000

GC Precious Log:
 CPUs: 4 total, 4 available
 Memory: 16263M
 Large Page Support: Disabled
 NUMA Support: Disabled
 Compressed Oops: Enabled (32-bit)
 Heap Region Size: 1M
 Heap Min Capacity: 64M
 Heap Initial Capacity: 64M
 Heap Max Capacity: 64M
 Pre-touch: Disabled
 Parallel Workers: 4
 Concurrent Workers: 1
 Concurrent Refinement Workers: 4
 Periodic GC: Disabled

Heap:
 garbage-first heap   total 65536K, used 13822K [0x00000000fc000000, 0x0000000100000000)
  region size 1024K, 5 young (5120K), 2 survivors (2048K)
 Metaspace       used 9454K, committed 9600K, reserved 1064960K
  class space    used 1209K, committed 1280K, reserved 1048576K

Heap Regions: E=young(eden), S=young(survivor), O=old, HS=humongous(starts), HC=humongous(continues), CS=collection set, F=free, OA=open archive, CA=closed archive, TAMS=top-at-mark-start (previous, next)
|   0|0x00000000fc000000, 0x00000000fc100000, 0x00000000fc100000|100%|HS|  |TAMS 0x00000000fc000000, 0x00000000fc000000| Complete 
|   1|0x00000000fc100000, 0x00000000fc200000, 0x00000000fc200000|100%|HC|  |TAMS 0x00000000fc100000, 0x00000000fc100000| Complete 
|   2|0x00000000fc200000, 0x00000000fc300000, 0x00000000fc300000|100%|HC|  |TAMS 0x00000000fc200000, 0x00000000fc200000| Complete 
|   3|0x00000000fc300000, 0x00000000fc400000, 0x00000000fc400000|100%| O|  |TAMS 0x00000000fc300000, 0x00000000fc300000| Untracked 
|   4|0x00000000fc400000, 0x00000000fc500000, 0x00000000fc500000|100%| O|  |TAMS 0x00000000fc400000, 0x00000000fc400000| Untracked 
|   5|0x00000000fc500000, 0x00000000fc600000, 0x00000000fc600000|100%| O|  |TAMS 0x00000000fc500000, 0x00000000fc500000| Untracked 
|   6|0x00000000fc600000, 0x00000000fc700000, 0x00000000fc700000|100%| O|  |TAMS 0x00000000fc600000, 0x00000000fc600000| Untracked 
|   7|0x00000000fc700000, 0x00000000fc800000, 0x00000000fc800000|100%| O|  |TAMS 0x00000000fc700000, 0x00000000fc700000| Untracked 
|   8|0x00000000fc800000, 0x00000000fc900000, 0x00000000fc900000|100%| O|  |TAMS 0x00000000fc800000, 0x00000000fc800000| Untracked 
|   9|0x00000000fc900000, 0x00000000fc985e00, 0x00000000fca00000| 52%| O|  |TAMS 0x00000000fc900000, 0x00000000fc900000| Untracked 
|  10|0x00000000fca00000, 0x00000000fca00000, 0x00000000fcb00000|  0%| F|  |TAMS 0x00000000fca00000, 0x00000000fca00000| Untracked 
|  11|0x00000000fcb00000, 0x00000000fcb00000, 0x00000000fcc00000|  0%| F|  |TAMS 0x00000000fcb00000, 0x00000000fcb00000| Untracked 
|  12|0x00000000fcc00000, 0x00000000fcc00000, 0x00000000fcd00000|  0%| F|  |TAMS 0x00000000fcc00000, 0x00000000fcc00000| Untracked 
|  13|0x00000000fcd00000, 0x00000000fcd00000, 0x00000000fce00000|  0%| F|  |TAMS 0x00000000fcd00000, 0x00000000fcd00000| Untracked 
|  14|0x00000000fce00000, 0x00000000fce00000, 0x00000000fcf00000|  0%| F|  |TAMS 0x00000000fce00000, 0x00000000fce00000| Untracked 
|  15|0x00000000fcf00000, 0x00000000fcf00000, 0x00000000fd000000|  0%| F|  |TAMS 0x00000000fcf00000, 0x00000000fcf00000| Untracked 
|  16|0x00000000fd000000, 0x00000000fd000000, 0x00000000fd100000|  0%| F|  |TAMS 0x00000000fd000000, 0x00000000fd000000| Untracked 
|  17|0x00000000fd100000, 0x00000000fd100000, 0x00000000fd200000|  0%| F|  |TAMS 0x00000000fd100000, 0x00000000fd100000| Untracked 
|  18|0x00000000fd200000, 0x00000000fd200000, 0x00000000fd300000|  0%| F|  |TAMS 0x00000000fd200000, 0x00000000fd200000| Untracked 
|  19|0x00000000fd300000, 0x00000000fd300000, 0x00000000fd400000|  0%| F|  |TAMS 0x00000000fd300000, 0x00000000fd300000| Untracked 
|  20|0x00000000fd400000, 0x00000000fd400000, 0x00000000fd500000|  0%| F|  |TAMS 0x00000000fd400000, 0x00000000fd400000| Untracked 
|  21|0x00000000fd500000, 0x00000000fd500000, 0x00000000fd600000|  0%| F|  |TAMS 0x00000000fd500000, 0x00000000fd500000| Untracked 
|  22|0x00000000fd600000, 0x00000000fd600000, 0x00000000fd700000|  0%| F|  |TAMS 0x00000000fd600000, 0x00000000fd600000| Untracked 
|  23|0x00000000fd700000, 0x00000000fd700000, 0x00000000fd800000|  0%| F|  |TAMS 0x00000000fd700000, 0x00000000fd700000| Untracked 
|  24|0x00000000fd800000, 0x00000000fd800000, 0x00000000fd900000|  0%| F|  |TAMS 0x00000000fd800000, 0x00000000fd800000| Untracked 
|  25|0x00000000fd900000, 0x00000000fd900000, 0x00000000fda00000|  0%| F|  |TAMS 0x00000000fd900000, 0x00000000fd900000| Untracked 
|  26|0x00000000fda00000, 0x00000000fda00000, 0x00000000fdb00000|  0%| F|  |TAMS 0x00000000fda00000, 0x00000000fda00000| Untracked 
|  27|0x00000000fdb00000, 0x00000000fdb00000, 0x00000000fdc00000|  0%| F|  |TAMS 0x00000000fdb00000, 0x00000000fdb00000| Untracked 
|  28|0x00000000fdc00000, 0x00000000fdc00000, 0x00000000fdd00000|  0%| F|  |TAMS 0x00000000fdc00000, 0x00000000fdc00000| Untracked 
|  29|0x00000000fdd00000, 0x00000000fdd00000, 0x00000000fde00000|  0%| F|  |TAMS 0x00000000fdd00000, 0x00000000fdd00000| Untracked 
|  30|0x00000000fde00000, 0x00000000fde00000, 0x00000000fdf00000|  0%| F|  |TAMS 0x00000000fde00000, 0x00000000fde00000| Untracked 
|  31|0x00000000fdf00000, 0x00000000fdf00000, 0x00000000fe000000|  0%| F|  |TAMS 0x00000000fdf00000, 0x00000000fdf00000| Untracked 
|  32|0x00000000fe000000, 0x00000000fe000000, 0x00000000fe100000|  0%| F|  |TAMS 0x00000000fe000000, 0x00000000fe000000| Untracked 
|  33|0x00000000fe100000, 0x00000000fe100000, 0x00000000fe200000|  0%| F|  |TAMS 0x00000000fe100000, 0x00000000fe100000| Untracked 
|  34|0x00000000fe200000, 0x00000000fe200000, 0x00000000fe300000|  0%| F|  |TAMS 0x00000000fe200000, 0x00000000fe200000| Untracked 
|  35|0x00000000fe300000, 0x00000000fe300000, 0x00000000fe400000|  0%| F|  |TAMS 0x00000000fe300000, 0x00000000fe300000| Untracked 
|  36|0x00000000fe400000, 0x00000000fe400000, 0x00000000fe500000|  0%| F|  |TAMS 0x00000000fe400000, 0x00000000fe400000| Untracked 
|  37|0x00000000fe500000, 0x00000000fe500000, 0x00000000fe600000|  0%| F|  |TAMS 0x00000000fe500000, 0x00000000fe500000| Untracked 
|  38|0x00000000fe600000, 0x00000000fe600000, 0x00000000fe700000|  0%| F|  |TAMS 0x00000000fe600000, 0x00000000fe600000| Untracked 
|  39|0x00000000fe700000, 0x00000000fe7f9a08, 0x00000000fe800000| 97%| S|CS|TAMS 0x00000000fe700000, 0x00000000fe700000| Complete 
|  40|0x00000000fe800000, 0x00000000fe900000, 0x00000000fe900000|100%| S|CS|TAMS 0x00000000fe800000, 0x00000000fe800000| Complete 
|  41|0x00000000fe900000, 0x00000000fe900000, 0x00000000fea00000|  0%| F|  |TAMS 0x00000000fe900000, 0x00000000fe900000| Untracked 
|  42|0x00000000fea00000, 0x00000000fea00000, 0x00000000feb00000|  0%| F|  |TAMS 0x00000000fea00000, 0x00000000fea00000| Untracked 
|  43|0x00000000feb00000, 0x00000000feb00000, 0x00000000fec00000|  0%| F|  |TAMS 0x00000000feb00000, 0x00000000feb00000| Untracked 
|  44|0x00000000fec00000, 0x00000000fec00000, 0x00000000fed00000|  0%| F|  |TAMS 0x00000000fec00000, 0x00000000fec00000| Untracked 
|  45|0x00000000fed00000, 0x00000000fed00000, 0x00000000fee00000|  0%| F|  |TAMS 0x00000000fed00000, 0x00000000fed00000| Untracked 
|  46|0x00000000fee00000, 0x00000000fee00000, 0x00000000fef00000|  0%| F|  |TAMS 0x00000000fee00000, 0x00000000fee00000| Untracked 
|  47|0x00000000fef00000, 0x00000000fef00000, 0x00000000ff000000|  0%| F|  |TAMS 0x00000000fef00000, 0x00000000fef00000| Untracked 
|  48|0x00000000ff000000, 0x00000000ff000000, 0x00000000ff100000|  0%| F|  |TAMS 0x00000000ff000000, 0x00000000ff000000| Untracked 
|  49|0x00000000ff100000, 0x00000000ff100000, 0x00000000ff200000|  0%| F|  |TAMS 0x00000000ff100000, 0x00000000ff100000| Untracked 
|  50|0x00000000ff200000, 0x00000000ff200000, 0x00000000ff300000|  0%| F|  |TAMS 0x00000000ff200000, 0x00000000ff200000| Untracked 
|  51|0x00000000ff300000, 0x00000000ff300000, 0x00000000ff400000|  0%| F|  |TAMS 0x00000000ff300000, 0x00000000ff300000| Untracked 
|  52|0x00000000ff400000, 0x00000000ff400000, 0x00000000ff500000|  0%| F|  |TAMS 0x00000000ff400000, 0x00000000ff400000| Untracked 
|  53|0x00000000ff500000, 0x00000000ff500000, 0x00000000ff600000|  0%| F|  |TAMS 0x00000000ff500000, 0x00000000ff500000| Untracked 
|  54|0x00000000ff600000, 0x00000000ff600000, 0x00000000ff700000|  0%| F|  |TAMS 0x00000000ff600000, 0x00000000ff600000| Untracked 
|  55|0x00000000ff700000, 0x00000000ff700000, 0x00000000ff800000|  0%| F|  |TAMS 0x00000000ff700000, 0x00000000ff700000| Untracked 
|  56|0x00000000ff800000, 0x00000000ff800000, 0x00000000ff900000|  0%| F|  |TAMS 0x00000000ff800000, 0x00000000ff800000| Untracked 
|  57|0x00000000ff900000, 0x00000000ff900000, 0x00000000ffa00000|  0%| F|  |TAMS 0x00000000ff900000, 0x00000000ff900000| Untracked 
|  58|0x00000000ffa00000, 0x00000000ffa00000, 0x00000000ffb00000|  0%| F|  |TAMS 0x00000000ffa00000, 0x00000000ffa00000| Untracked 
|  59|0x00000000ffb00000, 0x00000000ffb00000, 0x00000000ffc00000|  0%| F|  |TAMS 0x00000000ffb00000, 0x00000000ffb00000| Untracked 
|  60|0x00000000ffc00000, 0x00000000ffc00000, 0x00000000ffd00000|  0%| F|  |TAMS 0x00000000ffc00000, 0x00000000ffc00000| Untracked 
|  61|0x00000000ffd00000, 0x00000000ffd75070, 0x00000000ffe00000| 45%| E|  |TAMS 0x00000000ffd00000, 0x00000000ffd00000| Complete 
|  62|0x00000000ffe00000, 0x00000000fff00000, 0x00000000fff00000|100%| E|CS|TAMS 0x00000000ffe00000, 0x00000000ffe00000| Complete 
|  63|0x00000000fff00000, 0x0000000100000000, 0x0000000100000000|100%| E|CS|TAMS 0x00000000fff00000, 0x00000000fff00000| Complete 

Card table byte_map: [0x0000015bb7330000,0x0000015bb7350000] _byte_map_base: 0x0000015bb6b50000

Marking Bits (Prev, Next): (CMBitMap*) 0x0000015b9eca61d0, (CMBitMap*) 0x0000015b9eca6210
 Prev Bits: [0x0000015bb7370000, 0x0000015bb7470000)
 Next Bits: [0x0000015bb7470000, 0x0000015bb7570000)

Polling page: 0x0000015b9ed60000

Metaspace:

Usage:
  Non-class:      8.05 MB used.
      Class:      1.18 MB used.
       Both:      9.23 MB used.

Virtual space:
  Non-class space:       16.00 MB reserved,       8.12 MB ( 51%) committed,  2 nodes.
      Class space:        1.00 GB reserved,       1.25 MB ( <1%) committed,  1 nodes.
             Both:        1.02 GB reserved,       9.38 MB ( <1%) committed. 

Chunk freelists:
   Non-Class:  2.94 MB
       Class:  2.58 MB
        Both:  5.51 MB

MaxMetaspaceSize: unlimited
CompressedClassSpaceSize: 1.00 GB
Initial GC threshold: 21.00 MB
Current GC threshold: 21.00 MB
CDS: on
MetaspaceReclaimPolicy: balanced
 - commit_granule_bytes: 65536.
 - commit_granule_words: 8192.
 - virtual_space_node_default_size: 1048576.
 - enlarge_chunks_in_place: 1.
 - new_chunks_are_fully_committed: 0.
 - uncommit_free_chunks: 1.
 - use_allocation_guard: 0.
 - handle_deallocations: 1.


Internal statistics:

num_allocs_failed_limit: 0.
num_arena_births: 90.
num_arena_deaths: 0.
num_vsnodes_births: 3.
num_vsnodes_deaths: 0.
num_space_committed: 150.
num_space_uncommitted: 0.
num_chunks_returned_to_freelist: 0.
num_chunks_taken_from_freelist: 332.
num_chunk_merges: 0.
num_chunk_splits: 217.
num_chunks_enlarged: 174.
num_purges: 0.
num_inconsistent_stats: 0.

CodeHeap 'non-profiled nmethods': size=120000Kb used=814Kb max_used=814Kb free=119185Kb
 bounds [0x0000015baf7c0000, 0x0000015bafa30000, 0x0000015bb6cf0000]
CodeHeap 'profiled nmethods': size=120000Kb used=3565Kb max_used=3565Kb free=116434Kb
 bounds [0x0000015ba7cf0000, 0x0000015ba8070000, 0x0000015baf220000]
CodeHeap 'non-nmethods': size=5760Kb used=1175Kb max_used=1229Kb free=4584Kb
 bounds [0x0000015baf220000, 0x0000015baf490000, 0x0000015baf7c0000]
 total_blobs=2344 nmethods=1869 adapters=388
 compilation: enabled
              stopped_count=0, restarted_count=0
 full_count=0

Compilation events (20 events):
Event: 1128.566 Thread 0x0000015bb9b1a200 nmethod 1863 0x0000015ba8069610 code [0x0000015ba80698a0, 0x0000015ba806a4b8]
Event: 1128.682 Thread 0x0000015bb9ab3cb0 1864       4       org.gradle.internal.logging.text.AbstractStyledTextOutput::doStyleChange (1 bytes)
Event: 1128.683 Thread 0x0000015bb9ab3cb0 nmethod 1864 0x0000015baf885d90 code [0x0000015baf885f00, 0x0000015baf885f78]
Event: 1128.697 Thread 0x0000015bb9ab3cb0 1865       4       java.lang.AbstractStringBuilder::append (45 bytes)
Event: 1128.707 Thread 0x0000015bb9ab3cb0 nmethod 1865 0x0000015baf886090 code [0x0000015baf886240, 0x0000015baf886aa8]
Event: 1128.787 Thread 0x0000015bb9ab3cb0 1866  s    4       java.lang.Throwable::fillInStackTrace (29 bytes)
Event: 1128.790 Thread 0x0000015bb9ab3cb0 nmethod 1866 0x0000015baf886e90 code [0x0000015baf887020, 0x0000015baf8873c8]
Event: 1146.678 Thread 0x0000015bb9ab3cb0 1867       4       java.util.ArrayList$Itr::next (66 bytes)
Event: 1146.680 Thread 0x0000015bb9ab3cb0 nmethod 1867 0x0000015baf887490 code [0x0000015baf887620, 0x0000015baf887778]
Event: 1185.881 Thread 0x0000015bb9ab3cb0 1869       4       java.nio.CharBuffer::arrayOffset (35 bytes)
Event: 1185.882 Thread 0x0000015bb9ab3cb0 nmethod 1869 0x0000015baf887d10 code [0x0000015baf887e80, 0x0000015baf887f38]
Event: 1261.621 Thread 0x0000015bb9ab3cb0 1870       4       java.util.HashMap::afterNodeRemoval (1 bytes)
Event: 1261.621 Thread 0x0000015bb9ab3cb0 nmethod 1870 0x0000015baf888010 code [0x0000015baf888180, 0x0000015baf8881f8]
Event: 1281.190 Thread 0x0000015bb9ab3cb0 1871       4       org.gradle.internal.serialize.DefaultSerializerRegistry$TaggedTypeSerializer::read (69 bytes)
Event: 1281.203 Thread 0x0000015bb9ab3cb0 nmethod 1871 0x0000015baf888310 code [0x0000015baf888500, 0x0000015baf888dc0]
Event: 1297.197 Thread 0x0000015bb9b1a200 1872       1       java.util.LinkedList::size (5 bytes)
Event: 1297.197 Thread 0x0000015bb9b1a200 nmethod 1872 0x0000015baf889590 code [0x0000015baf889720, 0x0000015baf8897f8]
Event: 1297.198 Thread 0x0000015bb9ab3cb0 1873 % !   4       java.io.BufferedReader::readLine @ 139 (327 bytes)
Event: 1297.200 Thread 0x0000015bb9b1a200 1874       3       java.util.LinkedList::checkPositionIndex (22 bytes)
Event: 1297.201 Thread 0x0000015bb9b1a200 nmethod 1874 0x0000015ba806aa10 code [0x0000015ba806ac60, 0x0000015ba806b3c8]

GC Heap History (6 events):
Event: 4.500 GC heap before
{Heap before GC invocations=0 (full 0):
 garbage-first heap   total 65536K, used 15360K [0x00000000fc000000, 0x0000000100000000)
  region size 1024K, 13 young (13312K), 0 survivors (0K)
 Metaspace       used 2048K, committed 2240K, reserved 1056768K
  class space    used 198K, committed 256K, reserved 1048576K
}
Event: 4.931 GC heap after
{Heap after GC invocations=1 (full 0):
 garbage-first heap   total 65536K, used 3648K [0x00000000fc000000, 0x0000000100000000)
  region size 1024K, 2 young (2048K), 2 survivors (2048K)
 Metaspace       used 2048K, committed 2240K, reserved 1056768K
  class space    used 198K, committed 256K, reserved 1048576K
}
Event: 7.932 GC heap before
{Heap before GC invocations=1 (full 0):
 garbage-first heap   total 65536K, used 22080K [0x00000000fc000000, 0x0000000100000000)
  region size 1024K, 17 young (17408K), 2 survivors (2048K)
 Metaspace       used 5581K, committed 5760K, reserved 1056768K
  class space    used 774K, committed 832K, reserved 1048576K
}
Event: 7.935 GC heap after
{Heap after GC invocations=2 (full 0):
 garbage-first heap   total 65536K, used 9940K [0x00000000fc000000, 0x0000000100000000)
  region size 1024K, 3 young (3072K), 3 survivors (3072K)
 Metaspace       used 5581K, committed 5760K, reserved 1056768K
  class space    used 774K, committed 832K, reserved 1048576K
}
Event: 1146.786 GC heap before
{Heap before GC invocations=2 (full 0):
 garbage-first heap   total 65536K, used 30420K [0x00000000fc000000, 0x0000000100000000)
  region size 1024K, 23 young (23552K), 3 survivors (3072K)
 Metaspace       used 9430K, committed 9600K, reserved 1064960K
  class space    used 1207K, committed 1280K, reserved 1048576K
}
Event: 1146.817 GC heap after
{Heap after GC invocations=3 (full 0):
 garbage-first heap   total 65536K, used 11774K [0x00000000fc000000, 0x0000000100000000)
  region size 1024K, 2 young (2048K), 2 survivors (2048K)
 Metaspace       used 9430K, committed 9600K, reserved 1064960K
  class space    used 1207K, committed 1280K, reserved 1048576K
}

Deoptimization events (20 events):
Event: 642.683 Thread 0x0000015bbad46f40 Uncommon trap: trap_request=0xffffff45 fr.pc=0x0000015baf85cf6c relative=0x000000000000048c
Event: 642.683 Thread 0x0000015bbad46f40 Uncommon trap: reason=unstable_if action=reinterpret pc=0x0000015baf85cf6c method=org.gradle.internal.logging.sink.GroupingProgressLogEventGenerator$OperationGroup.maybeFlushOutput(J)V @ 26 c2
Event: 642.683 Thread 0x0000015bbad46f40 DEOPT PACKING pc=0x0000015baf85cf6c sp=0x0000001bd37ff140
Event: 642.683 Thread 0x0000015bbad46f40 DEOPT UNPACKING pc=0x0000015baf2723a3 sp=0x0000001bd37ff090 mode 2
Event: 644.771 Thread 0x0000015bbad46f40 Uncommon trap: trap_request=0xffffff45 fr.pc=0x0000015baf85fd0c relative=0x00000000000011cc
Event: 644.771 Thread 0x0000015bbad46f40 Uncommon trap: reason=unstable_if action=reinterpret pc=0x0000015baf85fd0c method=org.gradle.internal.logging.sink.GroupingProgressLogEventGenerator$OperationGroup.maybeFlushOutput(J)V @ 26 c2
Event: 644.771 Thread 0x0000015bbad46f40 DEOPT PACKING pc=0x0000015baf85fd0c sp=0x0000001bd37ff340
Event: 644.771 Thread 0x0000015bbad46f40 DEOPT UNPACKING pc=0x0000015baf2723a3 sp=0x0000001bd37ff090 mode 2
Event: 1004.566 Thread 0x0000015bbad46f40 Uncommon trap: trap_request=0xffffff45 fr.pc=0x0000015baf86f050 relative=0x0000000000000550
Event: 1004.566 Thread 0x0000015bbad46f40 Uncommon trap: reason=unstable_if action=reinterpret pc=0x0000015baf86f050 method=org.gradle.internal.logging.text.AbstractLineChoppingStyledTextOutput$2.execute(Lorg/gradle/internal/logging/text/AbstractLineChoppingStyledTextOutput$StateContext;)V @ 34 c
Event: 1004.566 Thread 0x0000015bbad46f40 DEOPT PACKING pc=0x0000015baf86f050 sp=0x0000001bd37fef30
Event: 1004.566 Thread 0x0000015bbad46f40 DEOPT UNPACKING pc=0x0000015baf2723a3 sp=0x0000001bd37fedb8 mode 2
Event: 1004.567 Thread 0x0000015bbad46f40 Uncommon trap: trap_request=0xffffff45 fr.pc=0x0000015baf86d948 relative=0x0000000000000568
Event: 1004.567 Thread 0x0000015bbad46f40 Uncommon trap: reason=unstable_if action=reinterpret pc=0x0000015baf86d948 method=org.gradle.internal.logging.text.AbstractLineChoppingStyledTextOutput$2.execute(Lorg/gradle/internal/logging/text/AbstractLineChoppingStyledTextOutput$StateContext;)V @ 34 c
Event: 1004.567 Thread 0x0000015bbad46f40 DEOPT PACKING pc=0x0000015baf86d948 sp=0x0000001bd37feea0
Event: 1004.567 Thread 0x0000015bbad46f40 DEOPT UNPACKING pc=0x0000015baf2723a3 sp=0x0000001bd37feda0 mode 2
Event: 1297.167 Thread 0x0000015b9ec84e00 Uncommon trap: trap_request=0xffffff45 fr.pc=0x0000015baf888ae0 relative=0x00000000000005e0
Event: 1297.167 Thread 0x0000015b9ec84e00 Uncommon trap: reason=unstable_if action=reinterpret pc=0x0000015baf888ae0 method=com.esotericsoftware.kryo.io.Input.require(I)I @ 180 c2
Event: 1297.167 Thread 0x0000015b9ec84e00 DEOPT PACKING pc=0x0000015baf888ae0 sp=0x0000001bd21fd390
Event: 1297.167 Thread 0x0000015b9ec84e00 DEOPT UNPACKING pc=0x0000015baf2723a3 sp=0x0000001bd21fd190 mode 2

Classes unloaded (0 events):
No events

Classes redefined (0 events):
No events

Internal exceptions (20 events):
Event: 1293.612 Thread 0x0000015bbad46f40 Exception <a 'java/io/IOException'{0x00000000ffd4e968}> (0x00000000ffd4e968) 
thrown [s\open\src\hotspot\share\prims\jni.cpp, line 516]
Event: 1297.091 Thread 0x0000015bbad46f40 Exception <a 'java/io/IOException'{0x00000000ffd4fc68}> (0x00000000ffd4fc68) 
thrown [s\open\src\hotspot\share\prims\jni.cpp, line 516]
Event: 1297.091 Thread 0x0000015bbad46f40 Exception <a 'java/io/IOException'{0x00000000ffd50220}> (0x00000000ffd50220) 
thrown [s\open\src\hotspot\share\prims\jni.cpp, line 516]
Event: 1297.091 Thread 0x0000015bbad46f40 Exception <a 'java/io/IOException'{0x00000000ffd505f0}> (0x00000000ffd505f0) 
thrown [s\open\src\hotspot\share\prims\jni.cpp, line 516]
Event: 1297.091 Thread 0x0000015bbad46f40 Exception <a 'java/io/IOException'{0x00000000ffd50ba8}> (0x00000000ffd50ba8) 
thrown [s\open\src\hotspot\share\prims\jni.cpp, line 516]
Event: 1297.091 Thread 0x0000015bbad46f40 Exception <a 'java/io/IOException'{0x00000000ffd50f68}> (0x00000000ffd50f68) 
thrown [s\open\src\hotspot\share\prims\jni.cpp, line 516]
Event: 1297.091 Thread 0x0000015bbad46f40 Exception <a 'java/io/IOException'{0x00000000ffd51520}> (0x00000000ffd51520) 
thrown [s\open\src\hotspot\share\prims\jni.cpp, line 516]
Event: 1297.091 Thread 0x0000015bbad46f40 Exception <a 'java/io/IOException'{0x00000000ffd51ef0}> (0x00000000ffd51ef0) 
thrown [s\open\src\hotspot\share\prims\jni.cpp, line 516]
Event: 1297.091 Thread 0x0000015bbad46f40 Exception <a 'java/io/IOException'{0x00000000ffd524a8}> (0x00000000ffd524a8) 
thrown [s\open\src\hotspot\share\prims\jni.cpp, line 516]
Event: 1297.091 Thread 0x0000015bbad46f40 Exception <a 'java/io/IOException'{0x00000000ffd52878}> (0x00000000ffd52878) 
thrown [s\open\src\hotspot\share\prims\jni.cpp, line 516]
Event: 1297.091 Thread 0x0000015bbad46f40 Exception <a 'java/io/IOException'{0x00000000ffd52e30}> (0x00000000ffd52e30) 
thrown [s\open\src\hotspot\share\prims\jni.cpp, line 516]
Event: 1297.091 Thread 0x0000015bbad46f40 Exception <a 'java/io/IOException'{0x00000000ffd531f0}> (0x00000000ffd531f0) 
thrown [s\open\src\hotspot\share\prims\jni.cpp, line 516]
Event: 1297.091 Thread 0x0000015bbad46f40 Exception <a 'java/io/IOException'{0x00000000ffd537a8}> (0x00000000ffd537a8) 
thrown [s\open\src\hotspot\share\prims\jni.cpp, line 516]
Event: 1297.091 Thread 0x0000015bbad46f40 Exception <a 'java/io/IOException'{0x00000000ffd54298}> (0x00000000ffd54298) 
thrown [s\open\src\hotspot\share\prims\jni.cpp, line 516]
Event: 1297.091 Thread 0x0000015bbad46f40 Exception <a 'java/io/IOException'{0x00000000ffd54850}> (0x00000000ffd54850) 
thrown [s\open\src\hotspot\share\prims\jni.cpp, line 516]
Event: 1297.091 Thread 0x0000015bbad46f40 Exception <a 'java/io/IOException'{0x00000000ffd54c20}> (0x00000000ffd54c20) 
thrown [s\open\src\hotspot\share\prims\jni.cpp, line 516]
Event: 1297.091 Thread 0x0000015bbad46f40 Exception <a 'java/io/IOException'{0x00000000ffd551d8}> (0x00000000ffd551d8) 
thrown [s\open\src\hotspot\share\prims\jni.cpp, line 516]
Event: 1297.091 Thread 0x0000015bbad46f40 Exception <a 'java/io/IOException'{0x00000000ffd55598}> (0x00000000ffd55598) 
thrown [s\open\src\hotspot\share\prims\jni.cpp, line 516]
Event: 1297.091 Thread 0x0000015bbad46f40 Exception <a 'java/io/IOException'{0x00000000ffd55b50}> (0x00000000ffd55b50) 
thrown [s\open\src\hotspot\share\prims\jni.cpp, line 516]
Event: 1297.167 Thread 0x0000015b9ec84e00 Exception <a 'sun/net/ConnectionResetException'{0x00000000fff728e8}: Connection reset> (0x00000000fff728e8) 
thrown [s\open\src\hotspot\share\prims\jni.cpp, line 535]

VM Operations (20 events):
Event: 1045.175 Executing VM operation: Cleanup
Event: 1045.175 Executing VM operation: Cleanup done
Event: 1047.200 Executing VM operation: Cleanup
Event: 1047.200 Executing VM operation: Cleanup done
Event: 1049.214 Executing VM operation: Cleanup
Event: 1049.214 Executing VM operation: Cleanup done
Event: 1050.228 Executing VM operation: Cleanup
Event: 1050.228 Executing VM operation: Cleanup done
Event: 1052.245 Executing VM operation: Cleanup
Event: 1052.245 Executing VM operation: Cleanup done
Event: 1099.673 Executing VM operation: Cleanup
Event: 1099.673 Executing VM operation: Cleanup done
Event: 1101.693 Executing VM operation: Cleanup
Event: 1101.693 Executing VM operation: Cleanup done
Event: 1128.949 Executing VM operation: Cleanup
Event: 1128.949 Executing VM operation: Cleanup done
Event: 1146.782 Executing VM operation: G1CollectForAllocation
Event: 1146.817 Executing VM operation: G1CollectForAllocation done
Event: 1281.882 Executing VM operation: Cleanup
Event: 1281.882 Executing VM operation: Cleanup done

Events (20 events):
Event: 642.663 loading class jdk/internal/logger/LazyLoggers$LazyLoggerFactories
Event: 642.663 loading class jdk/internal/logger/LazyLoggers$LazyLoggerFactories done
Event: 642.664 loading class jdk/internal/logger/LoggerFinderLoader
Event: 642.664 loading class jdk/internal/logger/LoggerFinderLoader done
Event: 642.665 loading class sun/util/logging/internal/LoggingProviderImpl$JULWrapper
Event: 642.665 loading class sun/util/logging/PlatformLogger$ConfigurableBridge$LoggerConfiguration
Event: 642.665 loading class sun/util/logging/PlatformLogger$ConfigurableBridge$LoggerConfiguration done
Event: 642.665 loading class sun/util/logging/internal/LoggingProviderImpl$JULWrapper done
Event: 642.665 loading class java/io/ObjectInputFilter
Event: 642.665 loading class java/io/ObjectInputFilter done
Event: 642.666 loading class java/io/ObjectInputFilter$Config$BuiltinFilterFactory
Event: 642.666 loading class java/io/ObjectInputFilter$Config$BuiltinFilterFactory done
Event: 642.666 loading class jdk/internal/access/JavaObjectInputFilterAccess
Event: 642.666 loading class jdk/internal/access/JavaObjectInputFilterAccess done
Event: 642.667 loading class java/lang/System$Logger$Level
Event: 642.667 loading class java/lang/System$Logger$Level done
Event: 642.667 loading class java/io/Bits
Event: 642.667 loading class java/io/Bits done
Event: 1297.167 loading class sun/net/ConnectionResetException
Event: 1297.167 loading class sun/net/ConnectionResetException done


Dynamic libraries:
0x00007ff734340000 - 0x00007ff734350000 	C:\Program Files\Java\jdk-17\bin\java.exe
0x00007ffa9d590000 - 0x00007ffa9d788000 	C:\Windows\SYSTEM32\ntdll.dll
0x00007ffa9b7a0000 - 0x00007ffa9b85f000 	C:\Windows\System32\KERNEL32.DLL
0x00007ffa9ad10000 - 0x00007ffa9b006000 	C:\Windows\System32\KERNELBASE.dll
0x00007ffa9b010000 - 0x00007ffa9b110000 	C:\Windows\System32\ucrtbase.dll
0x00007ffa7cd30000 - 0x00007ffa7cd49000 	C:\Program Files\Java\jdk-17\bin\jli.dll
0x00007ffa9bcb0000 - 0x00007ffa9bd5f000 	C:\Windows\System32\ADVAPI32.dll
0x00007ffa9bd90000 - 0x00007ffa9be2e000 	C:\Windows\System32\msvcrt.dll
0x00007ffa9bc10000 - 0x00007ffa9bcac000 	C:\Windows\System32\sechost.dll
0x00007ffa9d3c0000 - 0x00007ffa9d4e6000 	C:\Windows\System32\RPCRT4.dll
0x00007ffa9b600000 - 0x00007ffa9b79d000 	C:\Windows\System32\USER32.dll
0x00007ffa9b3c0000 - 0x00007ffa9b3e2000 	C:\Windows\System32\win32u.dll
0x00007ffa9bd60000 - 0x00007ffa9bd8c000 	C:\Windows\System32\GDI32.dll
0x00007ffa9b160000 - 0x00007ffa9b275000 	C:\Windows\System32\gdi32full.dll
0x00007ffa9b3f0000 - 0x00007ffa9b48d000 	C:\Windows\System32\msvcp_win.dll
0x00007ffa772c0000 - 0x00007ffa772db000 	C:\Program Files\Java\jdk-17\bin\VCRUNTIME140.dll
0x00007ffa77020000 - 0x00007ffa772ba000 	C:\Windows\WinSxS\amd64_microsoft.windows.common-controls_6595b64144ccf1df_6.0.19041.1110_none_60b5254171f9507e\COMCTL32.dll
0x00007ffa921b0000 - 0x00007ffa921ba000 	C:\Windows\SYSTEM32\VERSION.dll
0x00007ffa9c500000 - 0x00007ffa9c530000 	C:\Windows\System32\IMM32.DLL
0x00007ffa8bbd0000 - 0x00007ffa8bbdc000 	C:\Program Files\Java\jdk-17\bin\vcruntime140_1.dll
0x00007ffa57b90000 - 0x00007ffa57c1e000 	C:\Program Files\Java\jdk-17\bin\msvcp140.dll
0x00007ffa28ca0000 - 0x00007ffa2987d000 	C:\Program Files\Java\jdk-17\bin\server\jvm.dll
0x00007ffa9b5f0000 - 0x00007ffa9b5f8000 	C:\Windows\System32\PSAPI.DLL
0x00007ffa8af90000 - 0x00007ffa8af99000 	C:\Windows\SYSTEM32\WSOCK32.dll
0x00007ffa9c890000 - 0x00007ffa9c8fb000 	C:\Windows\System32\WS2_32.dll
0x00007ffa6ffa0000 - 0x00007ffa6ffc7000 	C:\Windows\SYSTEM32\WINMM.dll
0x00007ffa99490000 - 0x00007ffa994a2000 	C:\Windows\SYSTEM32\kernel.appcore.dll
0x00007ffa817a0000 - 0x00007ffa817aa000 	C:\Program Files\Java\jdk-17\bin\jimage.dll
0x00007ffa95870000 - 0x00007ffa95a54000 	C:\Windows\SYSTEM32\DBGHELP.DLL
0x00007ffa89080000 - 0x00007ffa890b4000 	C:\Windows\SYSTEM32\dbgcore.DLL
0x00007ffa9b330000 - 0x00007ffa9b3b2000 	C:\Windows\System32\bcryptPrimitives.dll
0x00007ffa73c90000 - 0x00007ffa73cb5000 	C:\Program Files\Java\jdk-17\bin\java.dll
0x00007ffa2df30000 - 0x00007ffa2e007000 	C:\Program Files\Java\jdk-17\bin\jsvml.dll
0x00007ffa9ca90000 - 0x00007ffa9d1d4000 	C:\Windows\System32\SHELL32.dll
0x00007ffa98cf0000 - 0x00007ffa99483000 	C:\Windows\SYSTEM32\windows.storage.dll
0x00007ffa9c530000 - 0x00007ffa9c884000 	C:\Windows\System32\combase.dll
0x00007ffa9a5e0000 - 0x00007ffa9a60e000 	C:\Windows\SYSTEM32\Wldp.dll
0x00007ffa9c450000 - 0x00007ffa9c4fd000 	C:\Windows\System32\SHCORE.dll
0x00007ffa9d360000 - 0x00007ffa9d3b5000 	C:\Windows\System32\shlwapi.dll
0x00007ffa9aba0000 - 0x00007ffa9abc5000 	C:\Windows\SYSTEM32\profapi.dll
0x00007ffa76800000 - 0x00007ffa76819000 	C:\Program Files\Java\jdk-17\bin\net.dll
0x00007ffa8fc50000 - 0x00007ffa8fd5a000 	C:\Windows\SYSTEM32\WINHTTP.dll
0x00007ffa9a340000 - 0x00007ffa9a3aa000 	C:\Windows\system32\mswsock.dll
0x00007ffa76300000 - 0x00007ffa76316000 	C:\Program Files\Java\jdk-17\bin\nio.dll
0x00007ffa76100000 - 0x00007ffa76118000 	C:\Program Files\Java\jdk-17\bin\zip.dll
0x00007ffa93720000 - 0x00007ffa93730000 	C:\Program Files\Java\jdk-17\bin\verify.dll
0x00007ffa72610000 - 0x00007ffa72637000 	C:\Users\ss\.gradle\native\e1d6ef7f7dcc3fd88c89a11ec53ec762bb8ba0a96d01ffa2cd45eb1d1d8dd5c5\windows-amd64\native-platform.dll
0x00007ffa92ba0000 - 0x00007ffa92baa000 	C:\Program Files\Java\jdk-17\bin\management.dll
0x00007ffa8d980000 - 0x00007ffa8d98b000 	C:\Program Files\Java\jdk-17\bin\management_ext.dll
0x00007ffa9a530000 - 0x00007ffa9a548000 	C:\Windows\SYSTEM32\CRYPTSP.dll
0x00007ffa99c50000 - 0x00007ffa99c84000 	C:\Windows\system32\rsaenh.dll
0x00007ffa9ace0000 - 0x00007ffa9ad07000 	C:\Windows\System32\bcrypt.dll
0x00007ffa9ab60000 - 0x00007ffa9ab8e000 	C:\Windows\SYSTEM32\USERENV.dll
0x00007ffa9a550000 - 0x00007ffa9a55c000 	C:\Windows\SYSTEM32\CRYPTBASE.dll
0x00007ffa9a030000 - 0x00007ffa9a06b000 	C:\Windows\SYSTEM32\IPHLPAPI.DLL
0x00007ffa9be50000 - 0x00007ffa9be58000 	C:\Windows\System32\NSI.dll
0x00007ffa905d0000 - 0x00007ffa905e7000 	C:\Windows\SYSTEM32\dhcpcsvc6.DLL
0x00007ffa906e0000 - 0x00007ffa906fd000 	C:\Windows\SYSTEM32\dhcpcsvc.DLL
0x00007ffa9a070000 - 0x00007ffa9a13a000 	C:\Windows\SYSTEM32\DNSAPI.dll
0x00007ffa774e0000 - 0x00007ffa774ed000 	C:\Program Files\Java\jdk-17\bin\sunmscapi.dll
0x00007ffa9b490000 - 0x00007ffa9b5ee000 	C:\Windows\System32\CRYPT32.dll
0x00007ffa9a650000 - 0x00007ffa9a678000 	C:\Windows\SYSTEM32\ncrypt.dll
0x00007ffa9a610000 - 0x00007ffa9a64b000 	C:\Windows\SYSTEM32\NTASN1.dll
0x00007ffa81790000 - 0x00007ffa81797000 	C:\Windows\system32\wshunix.dll

dbghelp: loaded successfully - version: 4.0.5 - missing functions: none
symbol engine: initialized successfully - sym options: 0x614 - pdb path: .;C:\Program Files\Java\jdk-17\bin;C:\Windows\SYSTEM32;C:\Windows\WinSxS\amd64_microsoft.windows.common-controls_6595b64144ccf1df_6.0.19041.1110_none_60b5254171f9507e;C:\Program Files\Java\jdk-17\bin\server;C:\Users\ss\.gradle\native\e1d6ef7f7dcc3fd88c89a11ec53ec762bb8ba0a96d01ffa2cd45eb1d1d8dd5c5\windows-amd64

VM Arguments:
jvm_args: -Xmx64m -Xms64m -Dorg.gradle.appname=gradlew 
java_command: org.gradle.wrapper.GradleWrapperMain app:installDebug -PreactNativeDevServerPort=8081
java_class_path (initial): C:\\Users\\ss\\Desktop\\teachers-vision\\android\\\\gradle\\wrapper\\gradle-wrapper.jar
Launcher Type: SUN_STANDARD

[Global flags]
     intx CICompilerCount                          = 3                                         {product} {ergonomic}
     uint ConcGCThreads                            = 1                                         {product} {ergonomic}
     uint G1ConcRefinementThreads                  = 4                                         {product} {ergonomic}
   size_t G1HeapRegionSize                         = 1048576                                   {product} {ergonomic}
    uintx GCDrainStackTargetSize                   = 64                                        {product} {ergonomic}
   size_t InitialHeapSize                          = 67108864                                  {product} {command line}
   size_t MarkStackSize                            = 4194304                                   {product} {ergonomic}
   size_t MaxHeapSize                              = 67108864                                  {product} {command line}
   size_t MaxNewSize                               = 39845888                                  {product} {ergonomic}
   size_t MinHeapDeltaBytes                        = 1048576                                   {product} {ergonomic}
   size_t MinHeapSize                              = 67108864                                  {product} {command line}
    uintx NonNMethodCodeHeapSize                   = 5832780                                {pd product} {ergonomic}
    uintx NonProfiledCodeHeapSize                  = 122912730                              {pd product} {ergonomic}
    uintx ProfiledCodeHeapSize                     = 122912730                              {pd product} {ergonomic}
    uintx ReservedCodeCacheSize                    = 251658240                              {pd product} {ergonomic}
     bool SegmentedCodeCache                       = true                                      {product} {ergonomic}
   size_t SoftMaxHeapSize                          = 67108864                               {manageable} {ergonomic}
     bool UseCompressedClassPointers               = true                           {product lp64_product} {ergonomic}
     bool UseCompressedOops                        = true                           {product lp64_product} {ergonomic}
     bool UseG1GC                                  = true                                      {product} {ergonomic}
     bool UseLargePagesIndividualAllocation        = false                                  {pd product} {ergonomic}

Logging:
Log output configuration:
 #0: stdout all=warning uptime,level,tags
 #1: stderr all=off uptime,level,tags

Environment Variables:
CLASSPATH=C:\Users\ss\Desktop\teachers-vision\android\\gradle\wrapper\gradle-wrapper.jar
PATH=C:\Users\ss\Desktop\teachers-vision\android\node_modules\.bin;C:\Users\ss\Desktop\teachers-vision\node_modules\.bin;C:\Users\ss\Desktop\node_modules\.bin;C:\Users\ss\node_modules\.bin;C:\Users\node_modules\.bin;C:\node_modules\.bin;C:\Program Files\nodejs;C:\Users\ss\Desktop\teachers-vision\node_modules\.bin;C:\Users\ss\Desktop\teachers-vision\node_modules\.bin;C:\Users\ss\Desktop\node_modules\.bin;C:\Users\ss\node_modules\.bin;C:\Users\node_modules\.bin;C:\node_modules\.bin;C:\Users\ss\AppData\Roaming\nvm\v16.16.0\node_modules\npm\node_modules\@npmcli\run-script\lib\node-gyp-bin;C:\Users\ss\Desktop\teachers-vision\node_modules\.bin;C:\Users\ss\Desktop\node_modules\.bin;C:\Users\ss\node_modules\.bin;C:\Users\node_modules\.bin;C:\node_modules\.bin;C:\Program Files\nodejs;C:\Users\ss\Desktop\teachers-vision\node_modules\.bin;C:\Users\ss\Desktop\teachers-vision\node_modules\.bin;C:\Users\ss\Desktop\node_modules\.bin;C:\Users\ss\node_modules\.bin;C:\Users\node_modules\.bin;C:\node_modules\.bin;C:\Users\ss\AppData\Roaming\nvm\v16.16.0\node_modules\npm\node_modules\@npmcli\run-script\lib\node-gyp-bin;C:\Program Files\Common Files\Oracle\Java\javapath;C:\Program Files (x86)\Common Files\Oracle\Java\javapath;C:\Program Files\Microsoft\jdk-11.0.18.10-hotspot\bin;C:\Program Files\Microsoft MPI\Bin\;C:\Windows\system32;C:\Windows;C:\Windows\System32\Wbem;C:\Windows\System32\WindowsPowerShell\v1.0\;C:\Windows\System32\OpenSSH\;C:\ProgramData\chocolatey\bin;C:\Users\ss\AppData\Local\Android\Sdk\platform-tools;C:\Program Files\Git\cmd;C:\Program Files\Microsoft SQL Server\150\Tools\Binn\;C:\Program Files (x86)\Microsoft SQL Server\160\Tools\Binn\;C:\Program Files\Microsoft SQL Server\160\Tools\Binn\;C:\Program Files\Microsoft SQL Server\Client SDK\ODBC\170\Tools\Binn\;C:\Program Files\Microsoft SQL Server\160\DTS\Binn\;C:\Program Files\dotnet\;C:\Program Files (x86)\dotnet\;C:\Program Files (x86)\Microsoft SQL Server\160\DTS\Binn\;C:\Program Files (x86)\Microsoft SQL Server\150
USERNAME=ss
LANG=en_US.UTF-8
OS=Windows_NT
PROCESSOR_IDENTIFIER=Intel64 Family 6 Model 142 Stepping 9, GenuineIntel



---------------  S Y S T E M  ---------------

OS:
 Windows 10 , 64 bit Build 19041 (10.0.19041.3155)
OS uptime: 2 days 2:52 hours

CPU: total 4 (initial active 4) (2 cores per cpu, 2 threads per core) family 6 model 142 stepping 9 microcode 0xb4, cx8, cmov, fxsr, ht, mmx, 3dnowpref, sse, sse2, sse3, ssse3, sse4.1, sse4.2, popcnt, lzcnt, tsc, tscinvbit, avx, avx2, aes, erms, clmul, bmi1, bmi2, adx, fma, vzeroupper, clflush, clflushopt

Memory: 4k page, system-wide physical 16263M (1439M free)
TotalPageFile size 22772M (AvailPageFile size 831M)
current process WorkingSet (physical memory assigned to process): 64M, peak: 83M
current process commit charge ("private bytes"): 156M, peak: 167M

vm_info: Java HotSpot(TM) 64-Bit Server VM (17.0.7+8-LTS-224) for windows-amd64 JRE (17.0.7+8-LTS-224), built on Feb 28 2023 23:03:02 by "mach5one" with MS VC++ 17.1 (VS2022)

END.
