#
# There is insufficient memory for the Java Runtime Environment to continue.
# Native memory allocation (malloc) failed to allocate 1028736 bytes for Chunk::new
# Possible reasons:
#   The system is out of physical RAM or swap space
#   The process is running with CompressedOops enabled, and the Java Heap may be blocking the growth of the native heap
# Possible solutions:
#   Reduce memory load on the system
#   Increase physical memory or swap space
#   Check if swap backing store is full
#   Decrease Java heap size (-Xmx/-Xms)
#   Decrease number of Java threads
#   Decrease Java thread stack sizes (-Xss)
#   Set larger code cache with -XX:ReservedCodeCacheSize=
#   JVM is running with Unscaled Compressed Oops mode in which the Java heap is
#     placed in the first 4GB address space. The Java Heap base address is the
#     maximum limit for the native heap growth. Please use -XX:HeapBaseMinAddress
#     to set the Java Heap base and to place the Java Heap above 4GB virtual address.
# This output file may be truncated or incomplete.
#
#  Out of Memory Error (arena.cpp:189), pid=24104, tid=23064
#
# JRE version: Java(TM) SE Runtime Environment (17.0.7+8) (build 17.0.7+8-LTS-224)
# Java VM: Java HotSpot(TM) 64-Bit Server VM (17.0.7+8-LTS-224, mixed mode, sharing, tiered, compressed oops, compressed class ptrs, g1 gc, windows-amd64)
# No core dump will be written. Minidumps are not enabled by default on client versions of Windows
#

---------------  S U M M A R Y ------------

Command Line: -XX:MaxMetaspaceSize=512m --add-opens=java.base/java.util=ALL-UNNAMED --add-opens=java.base/java.lang=ALL-UNNAMED --add-opens=java.base/java.lang.invoke=ALL-UNNAMED --add-opens=java.base/java.util=ALL-UNNAMED --add-opens=java.prefs/java.util.prefs=ALL-UNNAMED --add-opens=java.prefs/java.util.prefs=ALL-UNNAMED --add-opens=java.base/java.nio.charset=ALL-UNNAMED --add-opens=java.base/java.net=ALL-UNNAMED --add-opens=java.base/java.util.concurrent.atomic=ALL-UNNAMED -Xmx2048m -Dfile.encoding=windows-1252 -Duser.country=IN -Duser.language=en -Duser.variant org.gradle.launcher.daemon.bootstrap.GradleDaemon 7.3.3

Host: Intel(R) Core(TM) i5-7200U CPU @ 2.50GHz, 4 cores, 15G,  Windows 10 , 64 bit Build 19041 (10.0.19041.3155)
Time: Tue Sep 12 18:13:22 2023 India Standard Time elapsed time: 194.477934 seconds (0d 0h 3m 14s)

---------------  T H R E A D  ---------------

Current thread (0x0000020b7eba6d70):  JavaThread "C2 CompilerThread0" daemon [_thread_in_native, id=23064, stack(0x000000bb02500000,0x000000bb02600000)]


Current CompileTask:
C2: 194478 8704       4       org.codehaus.groovy.vmplugin.v9.Java9::checkCanSetAccessible (137 bytes)

Stack: [0x000000bb02500000,0x000000bb02600000]
Native frames: (J=compiled Java code, j=interpreted, Vv=VM code, C=native code)
V  [jvm.dll+0x676a4a]
V  [jvm.dll+0x7d74f4]
V  [jvm.dll+0x7d8c9e]
V  [jvm.dll+0x7d9303]
V  [jvm.dll+0x2452c5]
V  [jvm.dll+0xaaa2b]
V  [jvm.dll+0xaafcc]
V  [jvm.dll+0x36141e]
V  [jvm.dll+0x32bba1]
V  [jvm.dll+0x32b03a]
V  [jvm.dll+0x217acf]
V  [jvm.dll+0x216f01]
V  [jvm.dll+0x1a35e0]
V  [jvm.dll+0x226a6e]
V  [jvm.dll+0x224e15]
V  [jvm.dll+0x78d05c]
V  [jvm.dll+0x78759a]
V  [jvm.dll+0x675875]
C  [ucrtbase.dll+0x21bb2]
C  [KERNEL32.DLL+0x17614]
C  [ntdll.dll+0x526b1]


---------------  P R O C E S S  ---------------

Threads class SMR info:
_java_thread_list=0x0000020b0842b090, length=85, elements={
0x0000020b652292e0, 0x0000020b7eb89b40, 0x0000020b7eb8a600, 0x0000020b7eba1720,
0x0000020b7eba3ff0, 0x0000020b7eba58c0, 0x0000020b7eba6180, 0x0000020b7eba6d70,
0x0000020b7eba9730, 0x0000020b7f53bb00, 0x0000020b7f606890, 0x0000020b7f608fa0,
0x0000020b04ca8880, 0x0000020b04aa68c0, 0x0000020b7f5a0180, 0x0000020b0533c570,
0x0000020b7f8792f0, 0x0000020b04b3a5a0, 0x0000020b04b3b8e0, 0x0000020b04b388c0,
0x0000020b04b38d90, 0x0000020b04b3bdb0, 0x0000020b04b3a0d0, 0x0000020b04b3b410,
0x0000020b04b3af40, 0x0000020b04b3c280, 0x0000020b04b39260, 0x0000020b04b3aa70,
0x0000020b04b39730, 0x0000020b04b39c00, 0x0000020b043bb120, 0x0000020b043bd2d0,
0x0000020b043ba780, 0x0000020b043bd7a0, 0x0000020b043b8aa0, 0x0000020b043bbac0,
0x0000020b043b6dc0, 0x0000020b043b7290, 0x0000020b043b9de0, 0x0000020b043b7c30,
0x0000020b043b85d0, 0x0000020b043bbf90, 0x0000020b043b8100, 0x0000020b043b8f70,
0x0000020b043b9440, 0x0000020b043b9910, 0x0000020b043ba2b0, 0x0000020b043bac50,
0x0000020b043bc460, 0x0000020b043bce00, 0x0000020b053428f0, 0x0000020b0533e0c0,
0x0000020b0533d250, 0x0000020b0533e590, 0x0000020b05343760, 0x0000020b05343c30,
0x0000020b053410e0, 0x0000020b05342420, 0x0000020b0533ea60, 0x0000020b05340270,
0x0000020b05340740, 0x0000020b0533f8d0, 0x0000020b0533f400, 0x0000020b05341a80,
0x0000020b0533fda0, 0x0000020b05341f50, 0x0000020b05340c10, 0x0000020b0533ef30,
0x0000020b053445d0, 0x0000020b0533d720, 0x0000020b05342dc0, 0x0000020b053415b0,
0x0000020b0533dbf0, 0x0000020b05344100, 0x0000020b0533cd80, 0x0000020b046bf090,
0x0000020b046bb6d0, 0x0000020b046bc070, 0x0000020b046c08a0, 0x0000020b046c03d0,
0x0000020b046c0d70, 0x0000020b046c1240, 0x0000020b046bd880, 0x0000020b046bb200,
0x0000020b046bad30
}

Java Threads: ( => current thread )
  0x0000020b652292e0 JavaThread "main" [_thread_blocked, id=22232, stack(0x000000bb01700000,0x000000bb01800000)]
  0x0000020b7eb89b40 JavaThread "Reference Handler" daemon [_thread_blocked, id=6824, stack(0x000000bb01f00000,0x000000bb02000000)]
  0x0000020b7eb8a600 JavaThread "Finalizer" daemon [_thread_blocked, id=8660, stack(0x000000bb02000000,0x000000bb02100000)]
  0x0000020b7eba1720 JavaThread "Signal Dispatcher" daemon [_thread_blocked, id=21588, stack(0x000000bb02100000,0x000000bb02200000)]
  0x0000020b7eba3ff0 JavaThread "Attach Listener" daemon [_thread_blocked, id=18104, stack(0x000000bb02200000,0x000000bb02300000)]
  0x0000020b7eba58c0 JavaThread "Service Thread" daemon [_thread_blocked, id=23836, stack(0x000000bb02300000,0x000000bb02400000)]
  0x0000020b7eba6180 JavaThread "Monitor Deflation Thread" daemon [_thread_blocked, id=18788, stack(0x000000bb02400000,0x000000bb02500000)]
=>0x0000020b7eba6d70 JavaThread "C2 CompilerThread0" daemon [_thread_in_native, id=23064, stack(0x000000bb02500000,0x000000bb02600000)]
  0x0000020b7eba9730 JavaThread "C1 CompilerThread0" daemon [_thread_blocked, id=6940, stack(0x000000bb02600000,0x000000bb02700000)]
  0x0000020b7f53bb00 JavaThread "Sweeper thread" daemon [_thread_blocked, id=16652, stack(0x000000bb02700000,0x000000bb02800000)]
  0x0000020b7f606890 JavaThread "Common-Cleaner" daemon [_thread_blocked, id=3628, stack(0x000000bb02800000,0x000000bb02900000)]
  0x0000020b7f608fa0 JavaThread "Notification Thread" daemon [_thread_blocked, id=24296, stack(0x000000bb02900000,0x000000bb02a00000)]
  0x0000020b04ca8880 JavaThread "Daemon health stats" [_thread_blocked, id=18920, stack(0x000000bb02e00000,0x000000bb02f00000)]
  0x0000020b04aa68c0 JavaThread "Incoming local TCP Connector on port 49164" [_thread_in_native, id=8756, stack(0x000000bb02f00000,0x000000bb03000000)]
  0x0000020b7f5a0180 JavaThread "Daemon periodic checks" [_thread_blocked, id=21044, stack(0x000000bb03000000,0x000000bb03100000)]
  0x0000020b0533c570 JavaThread "Daemon" [_thread_blocked, id=23924, stack(0x000000bb03100000,0x000000bb03200000)]
  0x0000020b7f8792f0 JavaThread "Handler for socket connection from /127.0.0.1:49164 to /127.0.0.1:49165" [_thread_in_native, id=10188, stack(0x000000bb03200000,0x000000bb03300000)]
  0x0000020b04b3a5a0 JavaThread "Cancel handler" [_thread_blocked, id=20172, stack(0x000000bb03300000,0x000000bb03400000)]
  0x0000020b04b3b8e0 JavaThread "Daemon worker" [_thread_in_vm, id=24416, stack(0x000000bb03400000,0x000000bb03500000)]
  0x0000020b04b388c0 JavaThread "Asynchronous log dispatcher for DefaultDaemonConnection: socket connection from /127.0.0.1:49164 to /127.0.0.1:49165" [_thread_blocked, id=12672, stack(0x000000bb03500000,0x000000bb03600000)]
  0x0000020b04b38d90 JavaThread "Stdin handler" [_thread_blocked, id=21852, stack(0x000000bb03600000,0x000000bb03700000)]
  0x0000020b04b3bdb0 JavaThread "Daemon client event forwarder" [_thread_blocked, id=17524, stack(0x000000bb03700000,0x000000bb03800000)]
  0x0000020b04b3a0d0 JavaThread "Cache worker for journal cache (C:\Users\ss\.gradle\caches\journal-1)" [_thread_blocked, id=22076, stack(0x000000bb03800000,0x000000bb03900000)]
  0x0000020b04b3b410 JavaThread "File lock request listener" [_thread_in_native, id=13016, stack(0x000000bb03900000,0x000000bb03a00000)]
  0x0000020b04b3af40 JavaThread "Cache worker for file hash cache (C:\Users\ss\.gradle\caches\7.3.3\fileHashes)" [_thread_blocked, id=16828, stack(0x000000bb03a00000,0x000000bb03b00000)]
  0x0000020b04b3c280 JavaThread "File lock release action executor" [_thread_in_Java, id=13136, stack(0x000000bb03b00000,0x000000bb03c00000)]
  0x0000020b04b39260 JavaThread "Cache worker for file hash cache (C:\Users\ss\Desktop\teachers-vision\android\.gradle\7.3.3\fileHashes)" [_thread_blocked, id=24292, stack(0x000000bb03d00000,0x000000bb03e00000)]
  0x0000020b04b3aa70 JavaThread "File watcher server" daemon [_thread_in_native, id=22288, stack(0x000000bb03c00000,0x000000bb03d00000)]
  0x0000020b04b39730 JavaThread "File watcher consumer" daemon [_thread_blocked, id=18216, stack(0x000000bb03e00000,0x000000bb03f00000)]
  0x0000020b04b39c00 JavaThread "Cache worker for checksums cache (C:\Users\ss\Desktop\teachers-vision\android\.gradle\7.3.3\checksums)" [_thread_blocked, id=22360, stack(0x000000bb03f00000,0x000000bb04000000)]
  0x0000020b043bb120 JavaThread "Cache worker for cache directory md-supplier (C:\Users\ss\.gradle\caches\7.3.3\md-supplier)" [_thread_blocked, id=22584, stack(0x000000bb04000000,0x000000bb04100000)]
  0x0000020b043bd2d0 JavaThread "Cache worker for cache directory md-rule (C:\Users\ss\.gradle\caches\7.3.3\md-rule)" [_thread_blocked, id=22024, stack(0x000000bb04100000,0x000000bb04200000)]
  0x0000020b043ba780 JavaThread "Cache worker for execution history cache (C:\Users\ss\.gradle\caches\7.3.3\executionHistory)" [_thread_blocked, id=8284, stack(0x000000bb04200000,0x000000bb04300000)]
  0x0000020b043bd7a0 JavaThread "jar transforms" [_thread_blocked, id=22804, stack(0x000000bb04400000,0x000000bb04500000)]
  0x0000020b043b8aa0 JavaThread "jar transforms Thread 2" [_thread_blocked, id=21996, stack(0x000000bb04300000,0x000000bb04400000)]
  0x0000020b043bbac0 JavaThread "Cache worker for file content cache (C:\Users\ss\.gradle\caches\7.3.3\fileContent)" [_thread_blocked, id=3852, stack(0x000000bb04500000,0x000000bb04600000)]
  0x0000020b043b6dc0 JavaThread "jar transforms Thread 3" [_thread_blocked, id=18984, stack(0x000000bb04800000,0x000000bb04900000)]
  0x0000020b043b7290 JavaThread "jar transforms Thread 4" [_thread_blocked, id=10652, stack(0x000000bb04900000,0x000000bb04a00000)]
  0x0000020b043b9de0 JavaThread "Cache worker for kotlin-dsl (C:\Users\ss\.gradle\caches\7.3.3\kotlin-dsl)" [_thread_blocked, id=23620, stack(0x000000bb01600000,0x000000bb01700000)]
  0x0000020b043b7c30 JavaThread "Cache worker for dependencies-accessors (C:\Users\ss\Desktop\teachers-vision\android\.gradle\7.3.3\dependencies-accessors)" [_thread_blocked, id=3192, stack(0x000000bb01800000,0x000000bb01900000)]
  0x0000020b043b85d0 JavaThread "Cache worker for Build Output Cleanup Cache (C:\Users\ss\Desktop\teachers-vision\node_modules\react-native-gradle-plugin\.gradle\buildOutputCleanup)" [_thread_blocked, id=1132, stack(0x000000bb04a00000,0x000000bb04b00000)]
  0x0000020b043bbf90 JavaThread "Unconstrained build operations" [_thread_blocked, id=21800, stack(0x000000bb04b00000,0x000000bb04c00000)]
  0x0000020b043b8100 JavaThread "Unconstrained build operations Thread 2" [_thread_blocked, id=19128, stack(0x000000bb04c00000,0x000000bb04d00000)]
  0x0000020b043b8f70 JavaThread "Unconstrained build operations Thread 3" [_thread_blocked, id=11956, stack(0x000000bb04d00000,0x000000bb04e00000)]
  0x0000020b043b9440 JavaThread "Unconstrained build operations Thread 4" [_thread_blocked, id=15252, stack(0x000000bb04e00000,0x000000bb04f00000)]
  0x0000020b043b9910 JavaThread "Unconstrained build operations Thread 5" [_thread_blocked, id=20516, stack(0x000000bb04f00000,0x000000bb05000000)]
  0x0000020b043ba2b0 JavaThread "Unconstrained build operations Thread 6" [_thread_blocked, id=24028, stack(0x000000bb05000000,0x000000bb05100000)]
  0x0000020b043bac50 JavaThread "Unconstrained build operations Thread 7" [_thread_blocked, id=22144, stack(0x000000bb05100000,0x000000bb05200000)]
  0x0000020b043bc460 JavaThread "Unconstrained build operations Thread 8" [_thread_blocked, id=22844, stack(0x000000bb05200000,0x000000bb05300000)]
  0x0000020b043bce00 JavaThread "Unconstrained build operations Thread 9" [_thread_blocked, id=1408, stack(0x000000bb05300000,0x000000bb05400000)]
  0x0000020b053428f0 JavaThread "Unconstrained build operations Thread 10" [_thread_blocked, id=12980, stack(0x000000bb05400000,0x000000bb05500000)]
  0x0000020b0533e0c0 JavaThread "Unconstrained build operations Thread 11" [_thread_blocked, id=19724, stack(0x000000bb05500000,0x000000bb05600000)]
  0x0000020b0533d250 JavaThread "Unconstrained build operations Thread 12" [_thread_blocked, id=11476, stack(0x000000bb05600000,0x000000bb05700000)]
  0x0000020b0533e590 JavaThread "Unconstrained build operations Thread 13" [_thread_blocked, id=1620, stack(0x000000bb05700000,0x000000bb05800000)]
  0x0000020b05343760 JavaThread "Unconstrained build operations Thread 14" [_thread_blocked, id=24168, stack(0x000000bb05800000,0x000000bb05900000)]
  0x0000020b05343c30 JavaThread "Unconstrained build operations Thread 15" [_thread_blocked, id=22080, stack(0x000000bb05900000,0x000000bb05a00000)]
  0x0000020b053410e0 JavaThread "Unconstrained build operations Thread 16" [_thread_blocked, id=23820, stack(0x000000bb05a00000,0x000000bb05b00000)]
  0x0000020b05342420 JavaThread "Unconstrained build operations Thread 17" [_thread_blocked, id=22452, stack(0x000000bb05b00000,0x000000bb05c00000)]
  0x0000020b0533ea60 JavaThread "Unconstrained build operations Thread 18" [_thread_blocked, id=11568, stack(0x000000bb05c00000,0x000000bb05d00000)]
  0x0000020b05340270 JavaThread "Unconstrained build operations Thread 19" [_thread_blocked, id=18560, stack(0x000000bb05d00000,0x000000bb05e00000)]
  0x0000020b05340740 JavaThread "Unconstrained build operations Thread 20" [_thread_blocked, id=21960, stack(0x000000bb05e00000,0x000000bb05f00000)]
  0x0000020b0533f8d0 JavaThread "Unconstrained build operations Thread 21" [_thread_blocked, id=12696, stack(0x000000bb05f00000,0x000000bb06000000)]
  0x0000020b0533f400 JavaThread "Unconstrained build operations Thread 22" [_thread_blocked, id=10348, stack(0x000000bb06000000,0x000000bb06100000)]
  0x0000020b05341a80 JavaThread "Unconstrained build operations Thread 23" [_thread_blocked, id=19760, stack(0x000000bb06100000,0x000000bb06200000)]
  0x0000020b0533fda0 JavaThread "Unconstrained build operations Thread 24" [_thread_blocked, id=23888, stack(0x000000bb06200000,0x000000bb06300000)]
  0x0000020b05341f50 JavaThread "Unconstrained build operations Thread 25" [_thread_blocked, id=22964, stack(0x000000bb06300000,0x000000bb06400000)]
  0x0000020b05340c10 JavaThread "Unconstrained build operations Thread 26" [_thread_blocked, id=23484, stack(0x000000bb06400000,0x000000bb06500000)]
  0x0000020b0533ef30 JavaThread "Unconstrained build operations Thread 27" [_thread_blocked, id=23576, stack(0x000000bb06500000,0x000000bb06600000)]
  0x0000020b053445d0 JavaThread "Unconstrained build operations Thread 28" [_thread_blocked, id=2292, stack(0x000000bb06600000,0x000000bb06700000)]
  0x0000020b0533d720 JavaThread "Unconstrained build operations Thread 29" [_thread_blocked, id=23732, stack(0x000000bb06700000,0x000000bb06800000)]
  0x0000020b05342dc0 JavaThread "Unconstrained build operations Thread 30" [_thread_blocked, id=21644, stack(0x000000bb06800000,0x000000bb06900000)]
  0x0000020b053415b0 JavaThread "Unconstrained build operations Thread 31" [_thread_blocked, id=3716, stack(0x000000bb06900000,0x000000bb06a00000)]
  0x0000020b0533dbf0 JavaThread "Unconstrained build operations Thread 32" [_thread_blocked, id=2808, stack(0x000000bb06a00000,0x000000bb06b00000)]
  0x0000020b05344100 JavaThread "Unconstrained build operations Thread 33" [_thread_blocked, id=5112, stack(0x000000bb06b00000,0x000000bb06c00000)]
  0x0000020b0533cd80 JavaThread "Memory manager" [_thread_blocked, id=13780, stack(0x000000bb06c00000,0x000000bb06d00000)]
  0x0000020b046bf090 JavaThread "Cache worker for Build Output Cleanup Cache (C:\Users\ss\Desktop\teachers-vision\android\.gradle\buildOutputCleanup)" [_thread_blocked, id=14584, stack(0x000000bb04600000,0x000000bb04700000)]
  0x0000020b046bb6d0 JavaThread "included builds" [_thread_blocked, id=24480, stack(0x000000bb06f00000,0x000000bb07000000)]
  0x0000020b046bc070 JavaThread "Cache worker for execution history cache (C:\Users\ss\Desktop\teachers-vision\node_modules\react-native-gradle-plugin\.gradle\7.3.3\executionHistory)" [_thread_blocked, id=4692, stack(0x000000bb07300000,0x000000bb07400000)]
  0x0000020b046c08a0 JavaThread "Unconstrained build operations Thread 34" [_thread_blocked, id=23436, stack(0x000000bb06e00000,0x000000bb06f00000)]
  0x0000020b046c03d0 JavaThread "Unconstrained build operations Thread 35" [_thread_blocked, id=17728, stack(0x000000bb07400000,0x000000bb07500000)]
  0x0000020b046c0d70 JavaThread "Unconstrained build operations Thread 36" [_thread_blocked, id=18732, stack(0x000000bb07500000,0x000000bb07600000)]
  0x0000020b046c1240 JavaThread "Unconstrained build operations Thread 37" [_thread_blocked, id=24100, stack(0x000000bb07600000,0x000000bb07700000)]
  0x0000020b046bd880 JavaThread "Unconstrained build operations Thread 38" [_thread_blocked, id=8940, stack(0x000000bb07700000,0x000000bb07800000)]
  0x0000020b046bb200 JavaThread "Unconstrained build operations Thread 39" [_thread_blocked, id=22888, stack(0x000000bb07800000,0x000000bb07900000)]
  0x0000020b046bad30 JavaThread "Unconstrained build operations Thread 40" [_thread_blocked, id=19648, stack(0x000000bb07900000,0x000000bb07a00000)]

Other Threads:
  0x0000020b7eb7fee0 VMThread "VM Thread" [stack: 0x000000bb01e00000,0x000000bb01f00000] [id=3328]
  0x0000020b7f609470 WatcherThread [stack: 0x000000bb02a00000,0x000000bb02b00000] [id=12324]
  0x0000020b65280df0 GCTaskThread "GC Thread#0" [stack: 0x000000bb01900000,0x000000bb01a00000] [id=23044]
  0x0000020b042fe8e0 GCTaskThread "GC Thread#1" [stack: 0x000000bb02b00000,0x000000bb02c00000] [id=18580]
  0x0000020b7f8bc8d0 GCTaskThread "GC Thread#2" [stack: 0x000000bb02c00000,0x000000bb02d00000] [id=22544]
  0x0000020b7f8bcb80 GCTaskThread "GC Thread#3" [stack: 0x000000bb02d00000,0x000000bb02e00000] [id=7684]
  0x0000020b65291ae0 ConcurrentGCThread "G1 Main Marker" [stack: 0x000000bb01a00000,0x000000bb01b00000] [id=20076]
  0x0000020b652922a0 ConcurrentGCThread "G1 Conc#0" [stack: 0x000000bb01b00000,0x000000bb01c00000] [id=9992]
  0x0000020b652fd6b0 ConcurrentGCThread "G1 Refine#0" [stack: 0x000000bb01c00000,0x000000bb01d00000] [id=1040]
  0x0000020b652fde80 ConcurrentGCThread "G1 Service" [stack: 0x000000bb01d00000,0x000000bb01e00000] [id=12912]

Threads with active compile tasks:
C2 CompilerThread0   194520 8704       4       org.codehaus.groovy.vmplugin.v9.Java9::checkCanSetAccessible (137 bytes)
C1 CompilerThread0   194520 8734       3       java.net.Inet6Address$Inet6AddressHolder::hashCode (68 bytes)

VM state: not at safepoint (normal execution)

VM Mutex/Monitor currently owned by a thread:  ([mutex/lock_event])
[0x0000020b652233c0] CodeCache_lock - owner thread: 0x0000020b04b3b8e0
[0x0000020b652247c0] Compile_lock - owner thread: 0x0000020b04b3b8e0

Heap address: 0x0000000080000000, size: 2048 MB, Compressed Oops mode: 32-bit

CDS archive(s) mapped at: [0x0000000800000000-0x0000000800bd0000-0x0000000800bd0000), size 12386304, SharedBaseAddress: 0x0000000800000000, ArchiveRelocationMode: 0.
Compressed class space mapped at: 0x0000000800c00000-0x000000081a800000, reserved size: 432013312
Narrow klass base: 0x0000000800000000, Narrow klass shift: 0, Narrow klass range: 0x100000000

GC Precious Log:
 CPUs: 4 total, 4 available
 Memory: 16263M
 Large Page Support: Disabled
 NUMA Support: Disabled
 Compressed Oops: Enabled (32-bit)
 Heap Region Size: 1M
 Heap Min Capacity: 8M
 Heap Initial Capacity: 256M
 Heap Max Capacity: 2G
 Pre-touch: Disabled
 Parallel Workers: 4
 Concurrent Workers: 1
 Concurrent Refinement Workers: 4
 Periodic GC: Disabled

Heap:
 garbage-first heap   total 102400K, used 78538K [0x0000000080000000, 0x0000000100000000)
  region size 1024K, 14 young (14336K), 1 survivors (1024K)
 Metaspace       used 59823K, committed 60544K, reserved 479232K
  class space    used 8285K, committed 8640K, reserved 421888K

Heap Regions: E=young(eden), S=young(survivor), O=old, HS=humongous(starts), HC=humongous(continues), CS=collection set, F=free, OA=open archive, CA=closed archive, TAMS=top-at-mark-start (previous, next)
|   0|0x0000000080000000, 0x0000000080100000, 0x0000000080100000|100%|HS|  |TAMS 0x0000000080100000, 0x0000000080000000| Complete 
|   1|0x0000000080100000, 0x0000000080200000, 0x0000000080200000|100%|HC|  |TAMS 0x0000000080200000, 0x0000000080100000| Complete 
|   2|0x0000000080200000, 0x0000000080300000, 0x0000000080300000|100%|HC|  |TAMS 0x0000000080300000, 0x0000000080200000| Complete 
|   3|0x0000000080300000, 0x0000000080400000, 0x0000000080400000|100%| O|  |TAMS 0x0000000080400000, 0x0000000080300000| Untracked 
|   4|0x0000000080400000, 0x0000000080500000, 0x0000000080500000|100%| O|  |TAMS 0x0000000080500000, 0x0000000080400000| Untracked 
|   5|0x0000000080500000, 0x0000000080600000, 0x0000000080600000|100%| O|  |TAMS 0x0000000080600000, 0x0000000080500000| Untracked 
|   6|0x0000000080600000, 0x0000000080700000, 0x0000000080700000|100%| O|  |TAMS 0x0000000080700000, 0x0000000080600000| Untracked 
|   7|0x0000000080700000, 0x0000000080800000, 0x0000000080800000|100%| O|  |TAMS 0x0000000080800000, 0x0000000080700000| Untracked 
|   8|0x0000000080800000, 0x0000000080900000, 0x0000000080900000|100%| O|  |TAMS 0x0000000080900000, 0x0000000080800000| Untracked 
|   9|0x0000000080900000, 0x0000000080a00000, 0x0000000080a00000|100%| O|  |TAMS 0x0000000080a00000, 0x0000000080900000| Untracked 
|  10|0x0000000080a00000, 0x0000000080b00000, 0x0000000080b00000|100%| O|  |TAMS 0x0000000080b00000, 0x0000000080a00000| Untracked 
|  11|0x0000000080b00000, 0x0000000080c00000, 0x0000000080c00000|100%| O|  |TAMS 0x0000000080c00000, 0x0000000080b00000| Untracked 
|  12|0x0000000080c00000, 0x0000000080d00000, 0x0000000080d00000|100%| O|  |TAMS 0x0000000080d00000, 0x0000000080c00000| Untracked 
|  13|0x0000000080d00000, 0x0000000080e00000, 0x0000000080e00000|100%| O|  |TAMS 0x0000000080e00000, 0x0000000080d00000| Untracked 
|  14|0x0000000080e00000, 0x0000000080f00000, 0x0000000080f00000|100%| O|  |TAMS 0x0000000080f00000, 0x0000000080e00000| Untracked 
|  15|0x0000000080f00000, 0x0000000081000000, 0x0000000081000000|100%| O|  |TAMS 0x0000000081000000, 0x0000000080f00000| Untracked 
|  16|0x0000000081000000, 0x0000000081100000, 0x0000000081100000|100%| O|  |TAMS 0x0000000081100000, 0x0000000081000000| Untracked 
|  17|0x0000000081100000, 0x0000000081200000, 0x0000000081200000|100%| O|  |TAMS 0x0000000081200000, 0x0000000081100000| Untracked 
|  18|0x0000000081200000, 0x0000000081300000, 0x0000000081300000|100%| O|  |TAMS 0x0000000081300000, 0x0000000081200000| Untracked 
|  19|0x0000000081300000, 0x0000000081400000, 0x0000000081400000|100%| O|  |TAMS 0x0000000081400000, 0x0000000081300000| Untracked 
|  20|0x0000000081400000, 0x0000000081500000, 0x0000000081500000|100%| O|  |TAMS 0x0000000081500000, 0x0000000081400000| Untracked 
|  21|0x0000000081500000, 0x0000000081600000, 0x0000000081600000|100%| O|  |TAMS 0x0000000081600000, 0x0000000081500000| Untracked 
|  22|0x0000000081600000, 0x0000000081700000, 0x0000000081700000|100%| O|  |TAMS 0x0000000081700000, 0x0000000081600000| Untracked 
|  23|0x0000000081700000, 0x0000000081800000, 0x0000000081800000|100%| O|  |TAMS 0x0000000081800000, 0x0000000081700000| Untracked 
|  24|0x0000000081800000, 0x0000000081900000, 0x0000000081900000|100%| O|  |TAMS 0x0000000081900000, 0x0000000081800000| Untracked 
|  25|0x0000000081900000, 0x0000000081a00000, 0x0000000081a00000|100%| O|  |TAMS 0x0000000081a00000, 0x0000000081900000| Untracked 
|  26|0x0000000081a00000, 0x0000000081a00000, 0x0000000081b00000|  0%| F|  |TAMS 0x0000000081a00000, 0x0000000081a00000| Untracked 
|  27|0x0000000081b00000, 0x0000000081c00000, 0x0000000081c00000|100%| O|  |TAMS 0x0000000081c00000, 0x0000000081b00000| Untracked 
|  28|0x0000000081c00000, 0x0000000081d00000, 0x0000000081d00000|100%| O|  |TAMS 0x0000000081d00000, 0x0000000081c00000| Untracked 
|  29|0x0000000081d00000, 0x0000000081e00000, 0x0000000081e00000|100%| O|  |TAMS 0x0000000081e00000, 0x0000000081d00000| Untracked 
|  30|0x0000000081e00000, 0x0000000081f00000, 0x0000000081f00000|100%| O|  |TAMS 0x0000000081f00000, 0x0000000081e00000| Untracked 
|  31|0x0000000081f00000, 0x0000000082000000, 0x0000000082000000|100%| O|  |TAMS 0x0000000082000000, 0x0000000081f00000| Untracked 
|  32|0x0000000082000000, 0x0000000082100000, 0x0000000082100000|100%| O|  |TAMS 0x0000000082100000, 0x0000000082000000| Untracked 
|  33|0x0000000082100000, 0x0000000082200000, 0x0000000082200000|100%| O|  |TAMS 0x0000000082200000, 0x0000000082100000| Untracked 
|  34|0x0000000082200000, 0x0000000082300000, 0x0000000082300000|100%| O|  |TAMS 0x0000000082300000, 0x0000000082200000| Untracked 
|  35|0x0000000082300000, 0x0000000082400000, 0x0000000082400000|100%|HS|  |TAMS 0x0000000082400000, 0x0000000082300000| Complete 
|  36|0x0000000082400000, 0x0000000082500000, 0x0000000082500000|100%| O|  |TAMS 0x0000000082500000, 0x0000000082400000| Untracked 
|  37|0x0000000082500000, 0x0000000082600000, 0x0000000082600000|100%|HS|  |TAMS 0x0000000082600000, 0x0000000082500000| Complete 
|  38|0x0000000082600000, 0x0000000082700000, 0x0000000082700000|100%|HC|  |TAMS 0x0000000082700000, 0x0000000082600000| Complete 
|  39|0x0000000082700000, 0x0000000082800000, 0x0000000082800000|100%|HC|  |TAMS 0x0000000082800000, 0x0000000082700000| Complete 
|  40|0x0000000082800000, 0x0000000082900000, 0x0000000082900000|100%| O|  |TAMS 0x0000000082900000, 0x0000000082800000| Untracked 
|  41|0x0000000082900000, 0x0000000082a00000, 0x0000000082a00000|100%| O|  |TAMS 0x0000000082a00000, 0x0000000082900000| Untracked 
|  42|0x0000000082a00000, 0x0000000082b00000, 0x0000000082b00000|100%| O|  |TAMS 0x0000000082b00000, 0x0000000082a00000| Untracked 
|  43|0x0000000082b00000, 0x0000000082c00000, 0x0000000082c00000|100%| O|  |TAMS 0x0000000082c00000, 0x0000000082b00000| Untracked 
|  44|0x0000000082c00000, 0x0000000082d00000, 0x0000000082d00000|100%|HS|  |TAMS 0x0000000082c00000, 0x0000000082c00000| Complete 
|  45|0x0000000082d00000, 0x0000000082e00000, 0x0000000082e00000|100%| O|  |TAMS 0x0000000082e00000, 0x0000000082d00000| Untracked 
|  46|0x0000000082e00000, 0x0000000082f00000, 0x0000000082f00000|100%| O|  |TAMS 0x0000000082f00000, 0x0000000082e00000| Untracked 
|  47|0x0000000082f00000, 0x0000000083000000, 0x0000000083000000|100%| O|  |TAMS 0x0000000083000000, 0x0000000082f00000| Untracked 
|  48|0x0000000083000000, 0x0000000083100000, 0x0000000083100000|100%| O|  |TAMS 0x0000000083100000, 0x0000000083000000| Untracked 
|  49|0x0000000083100000, 0x0000000083200000, 0x0000000083200000|100%| O|  |TAMS 0x0000000083200000, 0x0000000083100000| Untracked 
|  50|0x0000000083200000, 0x0000000083300000, 0x0000000083300000|100%| O|  |TAMS 0x0000000083300000, 0x0000000083200000| Untracked 
|  51|0x0000000083300000, 0x0000000083400000, 0x0000000083400000|100%| O|  |TAMS 0x0000000083400000, 0x0000000083300000| Untracked 
|  52|0x0000000083400000, 0x0000000083500000, 0x0000000083500000|100%| O|  |TAMS 0x0000000083500000, 0x0000000083400000| Untracked 
|  53|0x0000000083500000, 0x0000000083600000, 0x0000000083600000|100%| O|  |TAMS 0x0000000083600000, 0x0000000083500000| Untracked 
|  54|0x0000000083600000, 0x0000000083700000, 0x0000000083700000|100%| O|  |TAMS 0x00000000836c3000, 0x0000000083600000| Untracked 
|  55|0x0000000083700000, 0x0000000083800000, 0x0000000083800000|100%|HS|  |TAMS 0x0000000083700000, 0x0000000083700000| Complete 
|  56|0x0000000083800000, 0x0000000083900000, 0x0000000083900000|100%|HS|  |TAMS 0x0000000083800000, 0x0000000083800000| Complete 
|  57|0x0000000083900000, 0x0000000083a00000, 0x0000000083a00000|100%| O|  |TAMS 0x0000000083900000, 0x0000000083900000| Untracked 
|  58|0x0000000083a00000, 0x0000000083b00000, 0x0000000083b00000|100%| O|  |TAMS 0x0000000083a00000, 0x0000000083a00000| Untracked 
|  59|0x0000000083b00000, 0x0000000083c00000, 0x0000000083c00000|100%| O|  |TAMS 0x0000000083b00000, 0x0000000083b00000| Untracked 
|  60|0x0000000083c00000, 0x0000000083d00000, 0x0000000083d00000|100%| O|  |TAMS 0x0000000083c00000, 0x0000000083c00000| Untracked 
|  61|0x0000000083d00000, 0x0000000083e00000, 0x0000000083e00000|100%| O|  |TAMS 0x0000000083d00000, 0x0000000083d00000| Untracked 
|  62|0x0000000083e00000, 0x0000000083eb2a08, 0x0000000083f00000| 69%| O|  |TAMS 0x0000000083e00000, 0x0000000083e00000| Untracked 
|  63|0x0000000083f00000, 0x0000000084000000, 0x0000000084000000|100%|HS|  |TAMS 0x0000000083f00000, 0x0000000083f00000| Complete 
|  64|0x0000000084000000, 0x0000000084100000, 0x0000000084100000|100%|HC|  |TAMS 0x0000000084000000, 0x0000000084000000| Complete 
|  65|0x0000000084100000, 0x0000000084100000, 0x0000000084200000|  0%| F|  |TAMS 0x0000000084100000, 0x0000000084100000| Untracked 
|  66|0x0000000084200000, 0x0000000084200000, 0x0000000084300000|  0%| F|  |TAMS 0x0000000084200000, 0x0000000084200000| Untracked 
|  67|0x0000000084300000, 0x0000000084300000, 0x0000000084400000|  0%| F|  |TAMS 0x0000000084300000, 0x0000000084300000| Untracked 
|  68|0x0000000084400000, 0x0000000084400000, 0x0000000084500000|  0%| F|  |TAMS 0x0000000084400000, 0x0000000084400000| Untracked 
|  69|0x0000000084500000, 0x0000000084500000, 0x0000000084600000|  0%| F|  |TAMS 0x0000000084500000, 0x0000000084500000| Untracked 
|  70|0x0000000084600000, 0x0000000084600000, 0x0000000084700000|  0%| F|  |TAMS 0x0000000084600000, 0x0000000084600000| Untracked 
|  71|0x0000000084700000, 0x0000000084700000, 0x0000000084800000|  0%| F|  |TAMS 0x0000000084700000, 0x0000000084700000| Untracked 
|  72|0x0000000084800000, 0x0000000084800000, 0x0000000084900000|  0%| F|  |TAMS 0x0000000084800000, 0x0000000084800000| Untracked 
|  73|0x0000000084900000, 0x0000000084900000, 0x0000000084a00000|  0%| F|  |TAMS 0x0000000084900000, 0x0000000084900000| Untracked 
|  74|0x0000000084a00000, 0x0000000084a00000, 0x0000000084b00000|  0%| F|  |TAMS 0x0000000084a00000, 0x0000000084a00000| Untracked 
|  75|0x0000000084b00000, 0x0000000084b00000, 0x0000000084c00000|  0%| F|  |TAMS 0x0000000084b00000, 0x0000000084b00000| Untracked 
|  76|0x0000000084c00000, 0x0000000084c00000, 0x0000000084d00000|  0%| F|  |TAMS 0x0000000084c00000, 0x0000000084c00000| Untracked 
|  77|0x0000000084d00000, 0x0000000084d00000, 0x0000000084e00000|  0%| F|  |TAMS 0x0000000084d00000, 0x0000000084d00000| Untracked 
|  78|0x0000000084e00000, 0x0000000084e00000, 0x0000000084f00000|  0%| F|  |TAMS 0x0000000084e00000, 0x0000000084e00000| Untracked 
|  79|0x0000000084f00000, 0x0000000084f00000, 0x0000000085000000|  0%| F|  |TAMS 0x0000000084f00000, 0x0000000084f00000| Untracked 
|  80|0x0000000085000000, 0x0000000085000000, 0x0000000085100000|  0%| F|  |TAMS 0x0000000085000000, 0x0000000085000000| Untracked 
|  81|0x0000000085100000, 0x0000000085100000, 0x0000000085200000|  0%| F|  |TAMS 0x0000000085100000, 0x0000000085100000| Untracked 
|  82|0x0000000085200000, 0x0000000085200000, 0x0000000085300000|  0%| F|  |TAMS 0x0000000085200000, 0x0000000085200000| Untracked 
|  83|0x0000000085300000, 0x0000000085300000, 0x0000000085400000|  0%| F|  |TAMS 0x0000000085300000, 0x0000000085300000| Untracked 
|  84|0x0000000085400000, 0x0000000085400000, 0x0000000085500000|  0%| F|  |TAMS 0x0000000085400000, 0x0000000085400000| Untracked 
|  85|0x0000000085500000, 0x0000000085500000, 0x0000000085600000|  0%| F|  |TAMS 0x0000000085500000, 0x0000000085500000| Untracked 
|  86|0x0000000085600000, 0x000000008568b7c8, 0x0000000085700000| 54%| E|  |TAMS 0x0000000085600000, 0x0000000085600000| Complete 
| 142|0x0000000088e00000, 0x0000000088f00000, 0x0000000088f00000|100%| E|CS|TAMS 0x0000000088e00000, 0x0000000088e00000| Complete 
| 143|0x0000000088f00000, 0x0000000089000000, 0x0000000089000000|100%| E|CS|TAMS 0x0000000088f00000, 0x0000000088f00000| Complete 
| 144|0x0000000089000000, 0x0000000089100000, 0x0000000089100000|100%| E|CS|TAMS 0x0000000089000000, 0x0000000089000000| Complete 
| 145|0x0000000089100000, 0x0000000089200000, 0x0000000089200000|100%| E|CS|TAMS 0x0000000089100000, 0x0000000089100000| Complete 
| 146|0x0000000089200000, 0x0000000089300000, 0x0000000089300000|100%| E|CS|TAMS 0x0000000089200000, 0x0000000089200000| Complete 
| 147|0x0000000089300000, 0x0000000089400000, 0x0000000089400000|100%| E|CS|TAMS 0x0000000089300000, 0x0000000089300000| Complete 
| 148|0x0000000089400000, 0x0000000089500000, 0x0000000089500000|100%| E|CS|TAMS 0x0000000089400000, 0x0000000089400000| Complete 
| 149|0x0000000089500000, 0x0000000089600000, 0x0000000089600000|100%| E|CS|TAMS 0x0000000089500000, 0x0000000089500000| Complete 
| 150|0x0000000089600000, 0x0000000089700000, 0x0000000089700000|100%| E|CS|TAMS 0x0000000089600000, 0x0000000089600000| Complete 
| 151|0x0000000089700000, 0x0000000089800000, 0x0000000089800000|100%| E|CS|TAMS 0x0000000089700000, 0x0000000089700000| Complete 
| 152|0x0000000089800000, 0x0000000089900000, 0x0000000089900000|100%| S|CS|TAMS 0x0000000089800000, 0x0000000089800000| Complete 
| 153|0x0000000089900000, 0x0000000089a00000, 0x0000000089a00000|100%| E|CS|TAMS 0x0000000089900000, 0x0000000089900000| Complete 
| 255|0x000000008ff00000, 0x0000000090000000, 0x0000000090000000|100%| E|CS|TAMS 0x000000008ff00000, 0x000000008ff00000| Complete 

Card table byte_map: [0x0000020b7beb0000,0x0000020b7c2b0000] _byte_map_base: 0x0000020b7bab0000

Marking Bits (Prev, Next): (CMBitMap*) 0x0000020b652811f0, (CMBitMap*) 0x0000020b652811b0
 Prev Bits: [0x0000020b00000000, 0x0000020b02000000)
 Next Bits: [0x0000020b7c6b0000, 0x0000020b7e6b0000)

Polling page: 0x0000020b633d0000

Metaspace:

Usage:
  Non-class:     50.33 MB used.
      Class:      8.09 MB used.
       Both:     58.42 MB used.

Virtual space:
  Non-class space:       56.00 MB reserved,      50.69 MB ( 91%) committed,  7 nodes.
      Class space:      412.00 MB reserved,       8.44 MB (  2%) committed,  1 nodes.
             Both:      468.00 MB reserved,      59.12 MB ( 13%) committed. 

Chunk freelists:
   Non-Class:  1.26 MB
       Class:  3.42 MB
        Both:  4.68 MB

MaxMetaspaceSize: 512.00 MB
CompressedClassSpaceSize: 412.00 MB
Initial GC threshold: 21.00 MB
Current GC threshold: 97.75 MB
CDS: on
MetaspaceReclaimPolicy: balanced
 - commit_granule_bytes: 65536.
 - commit_granule_words: 8192.
 - virtual_space_node_default_size: 1048576.
 - enlarge_chunks_in_place: 1.
 - new_chunks_are_fully_committed: 0.
 - uncommit_free_chunks: 1.
 - use_allocation_guard: 0.
 - handle_deallocations: 1.


Internal statistics:

num_allocs_failed_limit: 6.
num_arena_births: 816.
num_arena_deaths: 0.
num_vsnodes_births: 8.
num_vsnodes_deaths: 0.
num_space_committed: 946.
num_space_uncommitted: 0.
num_chunks_returned_to_freelist: 6.
num_chunks_taken_from_freelist: 3242.
num_chunk_merges: 6.
num_chunk_splits: 2123.
num_chunks_enlarged: 1369.
num_purges: 0.
num_inconsistent_stats: 0.

CodeHeap 'non-profiled nmethods': size=120000Kb used=4188Kb max_used=4188Kb free=115811Kb
 bounds [0x0000020b74580000, 0x0000020b749a0000, 0x0000020b7bab0000]
CodeHeap 'profiled nmethods': size=120000Kb used=15859Kb max_used=15859Kb free=104140Kb
 bounds [0x0000020b6cab0000, 0x0000020b6da30000, 0x0000020b73fe0000]
CodeHeap 'non-nmethods': size=5760Kb used=2359Kb max_used=2431Kb free=3400Kb
 bounds [0x0000020b73fe0000, 0x0000020b74250000, 0x0000020b74580000]
 total_blobs=8761 nmethods=7874 adapters=799
 compilation: enabled
              stopped_count=0, restarted_count=0
 full_count=0

Compilation events (20 events):
Event: 194.424 Thread 0x0000020b7eba9730 8724       3       java.lang.Module::getLayer (43 bytes)
Event: 194.424 Thread 0x0000020b7eba9730 nmethod 8724 0x0000020b6da29290 code [0x0000020b6da29460, 0x0000020b6da29828]
Event: 194.424 Thread 0x0000020b7eba9730 8722       1       java.lang.Module::getName (5 bytes)
Event: 194.424 Thread 0x0000020b7eba9730 nmethod 8722 0x0000020b74996890 code [0x0000020b74996a20, 0x0000020b74996af8]
Event: 194.425 Thread 0x0000020b7eba9730 8725       1       java.lang.StackTraceElement::getClassName (5 bytes)
Event: 194.425 Thread 0x0000020b7eba9730 nmethod 8725 0x0000020b74996b90 code [0x0000020b74996d20, 0x0000020b74996df8]
Event: 194.426 Thread 0x0000020b7eba9730 8726       3       org.codehaus.groovy.runtime.StackTraceUtils::isApplicationClass (84 bytes)
Event: 194.427 Thread 0x0000020b7eba9730 nmethod 8726 0x0000020b6da29910 code [0x0000020b6da29b60, 0x0000020b6da2a5d8]
Event: 194.435 Thread 0x0000020b7eba9730 8727       2       org.gradle.internal.logging.text.AbstractLineChoppingStyledTextOutput::access$900 (4 bytes)
Event: 194.436 Thread 0x0000020b7eba9730 nmethod 8727 0x0000020b6da2a910 code [0x0000020b6da2aaa0, 0x0000020b6da2ab98]
Event: 194.436 Thread 0x0000020b7eba9730 8728       2       org.gradle.internal.logging.text.AbstractLineChoppingStyledTextOutput$1::execute (9 bytes)
Event: 194.436 Thread 0x0000020b7eba9730 nmethod 8728 0x0000020b6da2ac10 code [0x0000020b6da2ada0, 0x0000020b6da2af08]
Event: 194.436 Thread 0x0000020b7eba9730 8729       2       org.gradle.internal.logging.text.AbstractLineChoppingStyledTextOutput$1::execute (140 bytes)
Event: 194.437 Thread 0x0000020b7eba9730 nmethod 8729 0x0000020b6da2b010 code [0x0000020b6da2b240, 0x0000020b6da2b718]
Event: 194.437 Thread 0x0000020b7eba9730 8730       2       org.gradle.internal.logging.text.AbstractLineChoppingStyledTextOutput$2::execute (77 bytes)
Event: 194.437 Thread 0x0000020b7eba9730 nmethod 8730 0x0000020b6da2bb90 code [0x0000020b6da2bda0, 0x0000020b6da2c188]
Event: 194.438 Thread 0x0000020b7eba9730 8731       3       org.gradle.internal.logging.text.AbstractStyledTextOutput::style (20 bytes)
Event: 194.438 Thread 0x0000020b7eba9730 nmethod 8731 0x0000020b6da2c410 code [0x0000020b6da2c5c0, 0x0000020b6da2c828]
Event: 194.439 Thread 0x0000020b7eba9730 8732       2       org.gradle.internal.logging.text.AbstractLineChoppingStyledTextOutput$StateContext::setState (10 bytes)
Event: 194.439 Thread 0x0000020b7eba9730 nmethod 8732 0x0000020b6da2c910 code [0x0000020b6da2caa0, 0x0000020b6da2cbf8]

GC Heap History (20 events):
Event: 130.275 GC heap before
{Heap before GC invocations=24 (full 0):
 garbage-first heap   total 81920K, used 64315K [0x0000000080000000, 0x0000000100000000)
  region size 1024K, 19 young (19456K), 2 survivors (2048K)
 Metaspace       used 51847K, committed 52416K, reserved 471040K
  class space    used 7166K, committed 7424K, reserved 421888K
}
Event: 130.280 GC heap after
{Heap after GC invocations=25 (full 0):
 garbage-first heap   total 81920K, used 49293K [0x0000000080000000, 0x0000000100000000)
  region size 1024K, 3 young (3072K), 3 survivors (3072K)
 Metaspace       used 51847K, committed 52416K, reserved 471040K
  class space    used 7166K, committed 7424K, reserved 421888K
}
Event: 132.751 GC heap before
{Heap before GC invocations=25 (full 0):
 garbage-first heap   total 81920K, used 66701K [0x0000000080000000, 0x0000000100000000)
  region size 1024K, 20 young (20480K), 3 survivors (3072K)
 Metaspace       used 53743K, committed 54336K, reserved 471040K
  class space    used 7438K, committed 7680K, reserved 421888K
}
Event: 132.756 GC heap after
{Heap after GC invocations=26 (full 0):
 garbage-first heap   total 81920K, used 50163K [0x0000000080000000, 0x0000000100000000)
  region size 1024K, 2 young (2048K), 2 survivors (2048K)
 Metaspace       used 53743K, committed 54336K, reserved 471040K
  class space    used 7438K, committed 7680K, reserved 421888K
}
Event: 133.685 GC heap before
{Heap before GC invocations=27 (full 0):
 garbage-first heap   total 94208K, used 65523K [0x0000000080000000, 0x0000000100000000)
  region size 1024K, 17 young (17408K), 2 survivors (2048K)
 Metaspace       used 54498K, committed 55104K, reserved 471040K
  class space    used 7569K, committed 7808K, reserved 421888K
}
Event: 133.689 GC heap after
{Heap after GC invocations=28 (full 0):
 garbage-first heap   total 94208K, used 51016K [0x0000000080000000, 0x0000000100000000)
  region size 1024K, 3 young (3072K), 3 survivors (3072K)
 Metaspace       used 54498K, committed 55104K, reserved 471040K
  class space    used 7569K, committed 7808K, reserved 421888K
}
Event: 133.703 GC heap before
{Heap before GC invocations=28 (full 0):
 garbage-first heap   total 94208K, used 52040K [0x0000000080000000, 0x0000000100000000)
  region size 1024K, 4 young (4096K), 3 survivors (3072K)
 Metaspace       used 54559K, committed 55168K, reserved 471040K
  class space    used 7579K, committed 7808K, reserved 421888K
}
Event: 133.707 GC heap after
{Heap after GC invocations=29 (full 0):
 garbage-first heap   total 94208K, used 50461K [0x0000000080000000, 0x0000000100000000)
  region size 1024K, 1 young (1024K), 1 survivors (1024K)
 Metaspace       used 54559K, committed 55168K, reserved 471040K
  class space    used 7579K, committed 7808K, reserved 421888K
}
Event: 136.281 GC heap before
{Heap before GC invocations=29 (full 0):
 garbage-first heap   total 94208K, used 74013K [0x0000000080000000, 0x0000000100000000)
  region size 1024K, 24 young (24576K), 1 survivors (1024K)
 Metaspace       used 56140K, committed 56832K, reserved 471040K
  class space    used 7817K, committed 8128K, reserved 421888K
}
Event: 136.287 GC heap after
{Heap after GC invocations=30 (full 0):
 garbage-first heap   total 94208K, used 53834K [0x0000000080000000, 0x0000000100000000)
  region size 1024K, 3 young (3072K), 3 survivors (3072K)
 Metaspace       used 56140K, committed 56832K, reserved 471040K
  class space    used 7817K, committed 8128K, reserved 421888K
}
Event: 139.208 GC heap before
{Heap before GC invocations=31 (full 0):
 garbage-first heap   total 94208K, used 74314K [0x0000000080000000, 0x0000000100000000)
  region size 1024K, 24 young (24576K), 3 survivors (3072K)
 Metaspace       used 58179K, committed 58880K, reserved 479232K
  class space    used 8050K, committed 8384K, reserved 421888K
}
Event: 139.219 GC heap after
{Heap after GC invocations=32 (full 0):
 garbage-first heap   total 94208K, used 56042K [0x0000000080000000, 0x0000000100000000)
  region size 1024K, 3 young (3072K), 3 survivors (3072K)
 Metaspace       used 58179K, committed 58880K, reserved 479232K
  class space    used 8050K, committed 8384K, reserved 421888K
}
Event: 139.243 GC heap before
{Heap before GC invocations=32 (full 0):
 garbage-first heap   total 94208K, used 57066K [0x0000000080000000, 0x0000000100000000)
  region size 1024K, 4 young (4096K), 3 survivors (3072K)
 Metaspace       used 58278K, committed 58944K, reserved 479232K
  class space    used 8063K, committed 8384K, reserved 421888K
}
Event: 139.247 GC heap after
{Heap after GC invocations=33 (full 0):
 garbage-first heap   total 94208K, used 55438K [0x0000000080000000, 0x0000000100000000)
  region size 1024K, 1 young (1024K), 1 survivors (1024K)
 Metaspace       used 58278K, committed 58944K, reserved 479232K
  class space    used 8063K, committed 8384K, reserved 421888K
}
Event: 145.281 GC heap before
{Heap before GC invocations=33 (full 0):
 garbage-first heap   total 94208K, used 73870K [0x0000000080000000, 0x0000000100000000)
  region size 1024K, 20 young (20480K), 1 survivors (1024K)
 Metaspace       used 59301K, committed 59968K, reserved 479232K
  class space    used 8213K, committed 8512K, reserved 421888K
}
Event: 145.285 GC heap after
{Heap after GC invocations=34 (full 0):
 garbage-first heap   total 94208K, used 56837K [0x0000000080000000, 0x0000000100000000)
  region size 1024K, 2 young (2048K), 2 survivors (2048K)
 Metaspace       used 59301K, committed 59968K, reserved 479232K
  class space    used 8213K, committed 8512K, reserved 421888K
}
Event: 148.133 GC heap before
{Heap before GC invocations=35 (full 0):
 garbage-first heap   total 102400K, used 78341K [0x0000000080000000, 0x0000000100000000)
  region size 1024K, 21 young (21504K), 2 survivors (2048K)
 Metaspace       used 59421K, committed 60096K, reserved 479232K
  class space    used 8219K, committed 8512K, reserved 421888K
}
Event: 148.137 GC heap after
{Heap after GC invocations=36 (full 0):
 garbage-first heap   total 102400K, used 63181K [0x0000000080000000, 0x0000000100000000)
  region size 1024K, 3 young (3072K), 3 survivors (3072K)
 Metaspace       used 59421K, committed 60096K, reserved 479232K
  class space    used 8219K, committed 8512K, reserved 421888K
}
Event: 148.192 GC heap before
{Heap before GC invocations=36 (full 0):
 garbage-first heap   total 102400K, used 65229K [0x0000000080000000, 0x0000000100000000)
  region size 1024K, 5 young (5120K), 3 survivors (3072K)
 Metaspace       used 59421K, committed 60096K, reserved 479232K
  class space    used 8219K, committed 8512K, reserved 421888K
}
Event: 148.195 GC heap after
{Heap after GC invocations=37 (full 0):
 garbage-first heap   total 102400K, used 64202K [0x0000000080000000, 0x0000000100000000)
  region size 1024K, 1 young (1024K), 1 survivors (1024K)
 Metaspace       used 59421K, committed 60096K, reserved 479232K
  class space    used 8219K, committed 8512K, reserved 421888K
}

Deoptimization events (20 events):
Event: 148.075 Thread 0x0000020b04b3b8e0 Uncommon trap: trap_request=0xffffffc6 fr.pc=0x0000020b7472bb58 relative=0x0000000000003cf8
Event: 148.075 Thread 0x0000020b04b3b8e0 Uncommon trap: reason=bimorphic_or_optimized_type_check action=maybe_recompile pc=0x0000020b7472bb58 method=java.util.AbstractCollection.addAll(Ljava/util/Collection;)Z @ 29 c2
Event: 148.075 Thread 0x0000020b04b3b8e0 DEOPT PACKING pc=0x0000020b7472bb58 sp=0x000000bb034f94a0
Event: 148.075 Thread 0x0000020b04b3b8e0 DEOPT UNPACKING pc=0x0000020b740323a3 sp=0x000000bb034f9490 mode 2
Event: 194.396 Thread 0x0000020b04b3b8e0 Uncommon trap: trap_request=0xffffff45 fr.pc=0x0000020b746fdccc relative=0x000000000000088c
Event: 194.396 Thread 0x0000020b04b3b8e0 Uncommon trap: reason=unstable_if action=reinterpret pc=0x0000020b746fdccc method=java.util.WeakHashMap.matchesKey(Ljava/util/WeakHashMap$Entry;Ljava/lang/Object;)Z @ 5 c2
Event: 194.396 Thread 0x0000020b04b3b8e0 DEOPT PACKING pc=0x0000020b746fdccc sp=0x000000bb034f6620
Event: 194.396 Thread 0x0000020b04b3b8e0 DEOPT UNPACKING pc=0x0000020b740323a3 sp=0x000000bb034f6588 mode 2
Event: 194.425 Thread 0x0000020b04b3b8e0 Uncommon trap: trap_request=0xffffff45 fr.pc=0x0000020b7493d8e0 relative=0x00000000000033a0
Event: 194.425 Thread 0x0000020b04b3b8e0 Uncommon trap: reason=unstable_if action=reinterpret pc=0x0000020b7493d8e0 method=java.util.regex.Matcher.search(I)Z @ 76 c2
Event: 194.425 Thread 0x0000020b04b3b8e0 DEOPT PACKING pc=0x0000020b7493d8e0 sp=0x000000bb034fc180
Event: 194.425 Thread 0x0000020b04b3b8e0 DEOPT UNPACKING pc=0x0000020b740323a3 sp=0x000000bb034fc0b8 mode 2
Event: 194.425 Thread 0x0000020b04b3b8e0 Uncommon trap: trap_request=0xffffff45 fr.pc=0x0000020b7483b4e8 relative=0x0000000000000688
Event: 194.425 Thread 0x0000020b04b3b8e0 Uncommon trap: reason=unstable_if action=reinterpret pc=0x0000020b7483b4e8 method=java.util.regex.Matcher.search(I)Z @ 76 c2
Event: 194.425 Thread 0x0000020b04b3b8e0 DEOPT PACKING pc=0x0000020b7483b4e8 sp=0x000000bb034fc140
Event: 194.425 Thread 0x0000020b04b3b8e0 DEOPT UNPACKING pc=0x0000020b740323a3 sp=0x000000bb034fc0a8 mode 2
Event: 194.425 Thread 0x0000020b04b3b8e0 Uncommon trap: trap_request=0xffffff45 fr.pc=0x0000020b747ee810 relative=0x0000000000000630
Event: 194.425 Thread 0x0000020b04b3b8e0 Uncommon trap: reason=unstable_if action=reinterpret pc=0x0000020b747ee810 method=java.util.regex.Matcher.search(I)Z @ 76 c2
Event: 194.425 Thread 0x0000020b04b3b8e0 DEOPT PACKING pc=0x0000020b747ee810 sp=0x000000bb034fc0d0
Event: 194.425 Thread 0x0000020b04b3b8e0 DEOPT UNPACKING pc=0x0000020b740323a3 sp=0x000000bb034fc0b0 mode 2

Classes unloaded (0 events):
No events

Classes redefined (0 events):
No events

Internal exceptions (20 events):
Event: 148.315 Thread 0x0000020b04b3b8e0 Exception <a 'java/lang/ClassNotFoundException'{0x00000000895d5038}: org/gradle/api/internal/artifacts/repositories/AbstractResolutionAwareArtifactRepositoryCustomizer> (0x00000000895d5038) 
thrown [s\open\src\hotspot\share\classfile\systemDictionary.cpp, line 256]
Event: 148.317 Thread 0x0000020b04b3b8e0 Exception <a 'java/lang/ClassNotFoundException'{0x00000000895fd578}: org/gradle/api/internal/artifacts/repositories/AbstractAuthenticationSupportedRepositoryCustomizer> (0x00000000895fd578) 
thrown [s\open\src\hotspot\share\classfile\systemDictionary.cpp, line 256]
Event: 148.319 Thread 0x0000020b04b3b8e0 Exception <a 'java/lang/ClassNotFoundException'{0x000000008942e118}: org/gradle/api/internal/artifacts/repositories/DefaultMavenArtifactRepositoryCustomizer> (0x000000008942e118) 
thrown [s\open\src\hotspot\share\classfile\systemDictionary.cpp, line 256]
Event: 148.385 Thread 0x0000020b04b3b8e0 Exception <a 'java/lang/ClassNotFoundException'{0x0000000089464bc8}: org/gradle/api/internal/artifacts/repositories/DefaultMavenArtifactRepository_DecoratedCustomizer> (0x0000000089464bc8) 
thrown [s\open\src\hotspot\share\classfile\systemDictionary.cpp, line 256]
Event: 155.136 Thread 0x0000020b04b3b8e0 Exception <a 'java/lang/ClassNotFoundException'{0x000000008936d2a8}: org/gradle/api/internal/artifacts/repositories/DefaultMavenRepositoryContentDescriptorBeanInfo> (0x000000008936d2a8) 
thrown [s\open\src\hotspot\share\classfile\systemDictionary.cpp, line 256]
Event: 155.137 Thread 0x0000020b04b3b8e0 Exception <a 'java/lang/ClassNotFoundException'{0x000000008938ec70}: org/gradle/api/internal/artifacts/repositories/DefaultRepositoryContentDescriptorBeanInfo> (0x000000008938ec70) 
thrown [s\open\src\hotspot\share\classfile\systemDictionary.cpp, line 256]
Event: 155.139 Thread 0x0000020b04b3b8e0 Exception <a 'java/lang/ClassNotFoundException'{0x00000000893b08b8}: org/gradle/api/internal/artifacts/repositories/DefaultRepositoryContentDescriptorCustomizer> (0x00000000893b08b8) 
thrown [s\open\src\hotspot\share\classfile\systemDictionary.cpp, line 256]
Event: 155.142 Thread 0x0000020b04b3b8e0 Exception <a 'java/lang/ClassNotFoundException'{0x00000000893de450}: org/gradle/api/internal/artifacts/repositories/DefaultMavenRepositoryContentDescriptorCustomizer> (0x00000000893de450) 
thrown [s\open\src\hotspot\share\classfile\systemDictionary.cpp, line 256]
Event: 194.380 Thread 0x0000020b04b3b8e0 Exception <a 'java/io/IOException'{0x000000008907e1b0}: CreateProcess error=1455, The paging file is too small for this operation to complete> (0x000000008907e1b0) 
thrown [s\open\src\hotspot\share\prims\jni.cpp, line 535]
Event: 194.380 Thread 0x0000020b04b3b8e0 Exception <a 'java/lang/reflect/InvocationTargetException'{0x0000000089081ca0}> (0x0000000089081ca0) 
thrown [s\open\src\hotspot\share\runtime\reflection.cpp, line 1121]
Event: 194.381 Thread 0x0000020b04b3b8e0 Exception <a 'java/lang/reflect/InvocationTargetException'{0x000000008908c580}> (0x000000008908c580) 
thrown [s\open\src\hotspot\share\runtime\reflection.cpp, line 1121]
Event: 194.381 Thread 0x0000020b04b3b8e0 Exception <a 'java/lang/reflect/InvocationTargetException'{0x000000008908f058}> (0x000000008908f058) 
thrown [s\open\src\hotspot\share\runtime\reflection.cpp, line 1121]
Event: 194.381 Thread 0x0000020b04b3b8e0 Exception <a 'java/lang/reflect/InvocationTargetException'{0x0000000089091b30}> (0x0000000089091b30) 
thrown [s\open\src\hotspot\share\runtime\reflection.cpp, line 1121]
Event: 194.381 Thread 0x0000020b04b3b8e0 Exception <a 'java/lang/reflect/InvocationTargetException'{0x00000000890954c8}> (0x00000000890954c8) 
thrown [s\open\src\hotspot\share\runtime\reflection.cpp, line 1121]
Event: 194.392 Thread 0x0000020b04b3b8e0 Exception <a 'java/lang/ClassNotFoundException'{0x0000000088fe4768}: org/gradle/api/internal/plugins/DefaultPluginContainerBeanInfo> (0x0000000088fe4768) 
thrown [s\open\src\hotspot\share\classfile\systemDictionary.cpp, line 256]
Event: 194.392 Thread 0x0000020b04b3b8e0 Exception <a 'java/lang/ClassNotFoundException'{0x0000000088ff0818}: org/gradle/api/internal/plugins/DefaultPluginCollectionBeanInfo> (0x0000000088ff0818) 
thrown [s\open\src\hotspot\share\classfile\systemDictionary.cpp, line 256]
Event: 194.393 Thread 0x0000020b04b3b8e0 Exception <a 'java/lang/ClassNotFoundException'{0x0000000088ffc5e8}: org/gradle/api/internal/DefaultDomainObjectSetBeanInfo> (0x0000000088ffc5e8) 
thrown [s\open\src\hotspot\share\classfile\systemDictionary.cpp, line 256]
Event: 194.393 Thread 0x0000020b04b3b8e0 Exception <a 'java/lang/ClassNotFoundException'{0x0000000088e08910}: org/gradle/api/internal/DefaultDomainObjectSetCustomizer> (0x0000000088e08910) 
thrown [s\open\src\hotspot\share\classfile\systemDictionary.cpp, line 256]
Event: 194.395 Thread 0x0000020b04b3b8e0 Exception <a 'java/lang/ClassNotFoundException'{0x0000000088e22d80}: org/gradle/api/internal/plugins/DefaultPluginCollectionCustomizer> (0x0000000088e22d80) 
thrown [s\open\src\hotspot\share\classfile\systemDictionary.cpp, line 256]
Event: 194.396 Thread 0x0000020b04b3b8e0 Exception <a 'java/lang/ClassNotFoundException'{0x0000000088e57d88}: org/gradle/api/internal/plugins/DefaultPluginContainerCustomizer> (0x0000000088e57d88) 
thrown [s\open\src\hotspot\share\classfile\systemDictionary.cpp, line 256]

VM Operations (20 events):
Event: 150.199 Executing VM operation: Cleanup
Event: 150.199 Executing VM operation: Cleanup done
Event: 152.226 Executing VM operation: Cleanup
Event: 152.226 Executing VM operation: Cleanup done
Event: 155.236 Executing VM operation: Cleanup
Event: 155.236 Executing VM operation: Cleanup done
Event: 170.380 Executing VM operation: Cleanup
Event: 170.381 Executing VM operation: Cleanup done
Event: 178.419 Executing VM operation: Cleanup
Event: 178.419 Executing VM operation: Cleanup done
Event: 183.475 Executing VM operation: Cleanup
Event: 183.475 Executing VM operation: Cleanup done
Event: 185.485 Executing VM operation: Cleanup
Event: 185.485 Executing VM operation: Cleanup done
Event: 194.383 Executing VM operation: HandshakeAllThreads
Event: 194.383 Executing VM operation: HandshakeAllThreads done
Event: 194.383 Executing VM operation: Cleanup
Event: 194.383 Executing VM operation: Cleanup done
Event: 194.386 Executing VM operation: HandshakeAllThreads
Event: 194.386 Executing VM operation: HandshakeAllThreads done

Events (20 events):
Event: 144.145 loading class java/util/concurrent/ConcurrentLinkedQueue$Itr
Event: 144.145 loading class java/util/concurrent/ConcurrentLinkedQueue$Itr done
Event: 145.307 Thread 0x0000020b7f53bb00 flushing nmethod 0x0000020b6cd92290
Event: 145.895 Thread 0x0000020b078d9c60 Thread added: 0x0000020b078d9c60
Event: 146.926 Thread 0x0000020b078d9c60 Thread exited: 0x0000020b078d9c60
Event: 194.384 loading class java/util/AbstractList$RandomAccessSubList
Event: 194.384 loading class java/util/AbstractList$SubList
Event: 194.384 loading class java/util/AbstractList$SubList done
Event: 194.385 loading class java/util/AbstractList$RandomAccessSubList done
Event: 194.385 loading class java/util/AbstractList$SubList$1
Event: 194.385 loading class java/util/AbstractList$SubList$1 done
Event: 194.385 loading class java/util/AbstractList$ListItr
Event: 194.385 loading class java/util/AbstractList$ListItr done
Event: 194.405 loading class java/lang/Math$RandomNumberGeneratorHolder
Event: 194.406 loading class java/lang/Math$RandomNumberGeneratorHolder done
Event: 194.422 loading class java/lang/StackTraceElement$HashedModules
Event: 194.422 loading class java/lang/StackTraceElement$HashedModules done
Event: 194.425 loading class java/util/logging/LogRecord
Event: 194.426 loading class java/util/logging/LogRecord done
Event: 194.428 Thread 0x0000020b05343290 Thread exited: 0x0000020b05343290


Dynamic libraries:
0x00007ff74da50000 - 0x00007ff74da60000 	C:\Program Files\Java\jdk-17\bin\java.exe
0x00007ff8795b0000 - 0x00007ff8797a8000 	C:\Windows\SYSTEM32\ntdll.dll
0x00007ff878cc0000 - 0x00007ff878d7f000 	C:\Windows\System32\KERNEL32.DLL
0x00007ff876ea0000 - 0x00007ff877196000 	C:\Windows\System32\KERNELBASE.dll
0x00007ff8771a0000 - 0x00007ff8772a0000 	C:\Windows\System32\ucrtbase.dll
0x00007ff86dd00000 - 0x00007ff86dd19000 	C:\Program Files\Java\jdk-17\bin\jli.dll
0x00007ff8789f0000 - 0x00007ff878a9f000 	C:\Windows\System32\ADVAPI32.dll
0x00007ff8780d0000 - 0x00007ff87816e000 	C:\Windows\System32\msvcrt.dll
0x00007ff878d80000 - 0x00007ff878e1c000 	C:\Windows\System32\sechost.dll
0x00007ff878ad0000 - 0x00007ff878bf6000 	C:\Windows\System32\RPCRT4.dll
0x00007ff877660000 - 0x00007ff8777fd000 	C:\Windows\System32\USER32.dll
0x00007ff877500000 - 0x00007ff877522000 	C:\Windows\System32\win32u.dll
0x00007ff877610000 - 0x00007ff87763c000 	C:\Windows\System32\GDI32.dll
0x00007ff877340000 - 0x00007ff877455000 	C:\Windows\System32\gdi32full.dll
0x00007ff8772a0000 - 0x00007ff87733d000 	C:\Windows\System32\msvcp_win.dll
0x00007ff86d9b0000 - 0x00007ff86d9cb000 	C:\Program Files\Java\jdk-17\bin\VCRUNTIME140.dll
0x00007ff85a8b0000 - 0x00007ff85ab4a000 	C:\Windows\WinSxS\amd64_microsoft.windows.common-controls_6595b64144ccf1df_6.0.19041.1110_none_60b5254171f9507e\COMCTL32.dll
0x00007ff86e0e0000 - 0x00007ff86e0ea000 	C:\Windows\SYSTEM32\VERSION.dll
0x00007ff878aa0000 - 0x00007ff878ad0000 	C:\Windows\System32\IMM32.DLL
0x00007ff86d970000 - 0x00007ff86d97c000 	C:\Program Files\Java\jdk-17\bin\vcruntime140_1.dll
0x00007ff849d30000 - 0x00007ff849dbe000 	C:\Program Files\Java\jdk-17\bin\msvcp140.dll
0x00007fffe4100000 - 0x00007fffe4cdd000 	C:\Program Files\Java\jdk-17\bin\server\jvm.dll
0x00007ff8789e0000 - 0x00007ff8789e8000 	C:\Windows\System32\PSAPI.DLL
0x00007ff86d210000 - 0x00007ff86d219000 	C:\Windows\SYSTEM32\WSOCK32.dll
0x00007ff877ff0000 - 0x00007ff87805b000 	C:\Windows\System32\WS2_32.dll
0x00007ff850550000 - 0x00007ff850577000 	C:\Windows\SYSTEM32\WINMM.dll
0x00007ff875510000 - 0x00007ff875522000 	C:\Windows\SYSTEM32\kernel.appcore.dll
0x00007ff85d390000 - 0x00007ff85d39a000 	C:\Program Files\Java\jdk-17\bin\jimage.dll
0x00007ff871870000 - 0x00007ff871a54000 	C:\Windows\SYSTEM32\DBGHELP.DLL
0x00007ff865260000 - 0x00007ff865294000 	C:\Windows\SYSTEM32\dbgcore.DLL
0x00007ff877580000 - 0x00007ff877602000 	C:\Windows\System32\bcryptPrimitives.dll
0x00007ff84ef10000 - 0x00007ff84ef35000 	C:\Program Files\Java\jdk-17\bin\java.dll
0x00007ff849850000 - 0x00007ff849927000 	C:\Program Files\Java\jdk-17\bin\jsvml.dll
0x00007ff878e20000 - 0x00007ff879564000 	C:\Windows\System32\SHELL32.dll
0x00007ff874d10000 - 0x00007ff8754a3000 	C:\Windows\SYSTEM32\windows.storage.dll
0x00007ff878240000 - 0x00007ff878594000 	C:\Windows\System32\combase.dll
0x00007ff876600000 - 0x00007ff87662e000 	C:\Windows\SYSTEM32\Wldp.dll
0x00007ff8785a0000 - 0x00007ff87864d000 	C:\Windows\System32\SHCORE.dll
0x00007ff878c00000 - 0x00007ff878c55000 	C:\Windows\System32\shlwapi.dll
0x00007ff876bc0000 - 0x00007ff876be5000 	C:\Windows\SYSTEM32\profapi.dll
0x00007ff84a260000 - 0x00007ff84a279000 	C:\Program Files\Java\jdk-17\bin\net.dll
0x00007ff86bec0000 - 0x00007ff86bfca000 	C:\Windows\SYSTEM32\WINHTTP.dll
0x00007ff876360000 - 0x00007ff8763ca000 	C:\Windows\system32\mswsock.dll
0x00007ff84a240000 - 0x00007ff84a256000 	C:\Program Files\Java\jdk-17\bin\nio.dll
0x00007ff84a220000 - 0x00007ff84a238000 	C:\Program Files\Java\jdk-17\bin\zip.dll
0x00007ff86f6f0000 - 0x00007ff86f700000 	C:\Program Files\Java\jdk-17\bin\verify.dll
0x00007ff845650000 - 0x00007ff845677000 	C:\Users\ss\.gradle\native\e1d6ef7f7dcc3fd88c89a11ec53ec762bb8ba0a96d01ffa2cd45eb1d1d8dd5c5\windows-amd64\native-platform.dll
0x00007ff853550000 - 0x00007ff853694000 	C:\Users\ss\.gradle\native\5664cfc778a61ccfe75a443a1ab52a65af34e5dc3c78e0209fed803814484fcb\windows-amd64\native-platform-file-events.dll
0x00007ff851c90000 - 0x00007ff851c9a000 	C:\Program Files\Java\jdk-17\bin\management.dll
0x00007ff84da70000 - 0x00007ff84da7b000 	C:\Program Files\Java\jdk-17\bin\management_ext.dll
0x00007ff876550000 - 0x00007ff876568000 	C:\Windows\SYSTEM32\CRYPTSP.dll
0x00007ff875c70000 - 0x00007ff875ca4000 	C:\Windows\system32\rsaenh.dll
0x00007ff877460000 - 0x00007ff877487000 	C:\Windows\System32\bcrypt.dll
0x00007ff876b80000 - 0x00007ff876bae000 	C:\Windows\SYSTEM32\USERENV.dll
0x00007ff876570000 - 0x00007ff87657c000 	C:\Windows\SYSTEM32\CRYPTBASE.dll
0x00007ff876050000 - 0x00007ff87608b000 	C:\Windows\SYSTEM32\IPHLPAPI.DLL
0x00007ff878060000 - 0x00007ff878068000 	C:\Windows\System32\NSI.dll
0x00007ff86c6a0000 - 0x00007ff86c6b7000 	C:\Windows\SYSTEM32\dhcpcsvc6.DLL
0x00007ff86cf20000 - 0x00007ff86cf3d000 	C:\Windows\SYSTEM32\dhcpcsvc.DLL
0x00007ff876090000 - 0x00007ff87615a000 	C:\Windows\SYSTEM32\DNSAPI.dll
0x00007ff84d1a0000 - 0x00007ff84d1ad000 	C:\Program Files\Java\jdk-17\bin\sunmscapi.dll
0x00007ff876c90000 - 0x00007ff876dee000 	C:\Windows\System32\CRYPT32.dll
0x00007ff876670000 - 0x00007ff876698000 	C:\Windows\SYSTEM32\ncrypt.dll
0x00007ff876630000 - 0x00007ff87666b000 	C:\Windows\SYSTEM32\NTASN1.dll
0x00007ff846620000 - 0x00007ff846627000 	C:\Windows\system32\wshunix.dll

dbghelp: loaded successfully - version: 4.0.5 - missing functions: none
symbol engine: initialized successfully - sym options: 0x614 - pdb path: .;C:\Program Files\Java\jdk-17\bin;C:\Windows\SYSTEM32;C:\Windows\WinSxS\amd64_microsoft.windows.common-controls_6595b64144ccf1df_6.0.19041.1110_none_60b5254171f9507e;C:\Program Files\Java\jdk-17\bin\server;C:\Users\ss\.gradle\native\e1d6ef7f7dcc3fd88c89a11ec53ec762bb8ba0a96d01ffa2cd45eb1d1d8dd5c5\windows-amd64;C:\Users\ss\.gradle\native\5664cfc778a61ccfe75a443a1ab52a65af34e5dc3c78e0209fed803814484fcb\windows-amd64

VM Arguments:
jvm_args: -XX:MaxMetaspaceSize=512m --add-opens=java.base/java.util=ALL-UNNAMED --add-opens=java.base/java.lang=ALL-UNNAMED --add-opens=java.base/java.lang.invoke=ALL-UNNAMED --add-opens=java.base/java.util=ALL-UNNAMED --add-opens=java.prefs/java.util.prefs=ALL-UNNAMED --add-opens=java.prefs/java.util.prefs=ALL-UNNAMED --add-opens=java.base/java.nio.charset=ALL-UNNAMED --add-opens=java.base/java.net=ALL-UNNAMED --add-opens=java.base/java.util.concurrent.atomic=ALL-UNNAMED -Xmx2048m -Dfile.encoding=windows-1252 -Duser.country=IN -Duser.language=en -Duser.variant 
java_command: org.gradle.launcher.daemon.bootstrap.GradleDaemon 7.3.3
java_class_path (initial): C:\Users\ss\.gradle\wrapper\dists\gradle-7.3.3-all\4295vidhdd9hd3gbjyw1xqxpo\gradle-7.3.3\lib\gradle-launcher-7.3.3.jar
Launcher Type: SUN_STANDARD

[Global flags]
     intx CICompilerCount                          = 3                                         {product} {ergonomic}
   size_t CompressedClassSpaceSize                 = 432013312                                 {product} {ergonomic}
     uint ConcGCThreads                            = 1                                         {product} {ergonomic}
     uint G1ConcRefinementThreads                  = 4                                         {product} {ergonomic}
   size_t G1HeapRegionSize                         = 1048576                                   {product} {ergonomic}
    uintx GCDrainStackTargetSize                   = 64                                        {product} {ergonomic}
   size_t InitialHeapSize                          = 268435456                                 {product} {ergonomic}
   size_t MarkStackSize                            = 4194304                                   {product} {ergonomic}
   size_t MaxHeapSize                              = 2147483648                                {product} {command line}
   size_t MaxMetaspaceSize                         = 536870912                                 {product} {command line}
   size_t MaxNewSize                               = 1287651328                                {product} {ergonomic}
   size_t MinHeapDeltaBytes                        = 1048576                                   {product} {ergonomic}
   size_t MinHeapSize                              = 8388608                                   {product} {ergonomic}
    uintx NonNMethodCodeHeapSize                   = 5832780                                {pd product} {ergonomic}
    uintx NonProfiledCodeHeapSize                  = 122912730                              {pd product} {ergonomic}
    uintx ProfiledCodeHeapSize                     = 122912730                              {pd product} {ergonomic}
    uintx ReservedCodeCacheSize                    = 251658240                              {pd product} {ergonomic}
     bool SegmentedCodeCache                       = true                                      {product} {ergonomic}
   size_t SoftMaxHeapSize                          = 2147483648                             {manageable} {ergonomic}
     bool UseCompressedClassPointers               = true                           {product lp64_product} {ergonomic}
     bool UseCompressedOops                        = true                           {product lp64_product} {ergonomic}
     bool UseG1GC                                  = true                                      {product} {ergonomic}
     bool UseLargePagesIndividualAllocation        = false                                  {pd product} {ergonomic}

Logging:
Log output configuration:
 #0: stdout all=warning uptime,level,tags
 #1: stderr all=off uptime,level,tags

Environment Variables:
CLASSPATH=C:\Users\ss\Desktop\teachers-vision\android\\gradle\wrapper\gradle-wrapper.jar
PATH=C:\Users\ss\Desktop\teachers-vision\android\node_modules\.bin;C:\Users\ss\Desktop\teachers-vision\node_modules\.bin;C:\Users\ss\Desktop\node_modules\.bin;C:\Users\ss\node_modules\.bin;C:\Users\node_modules\.bin;C:\node_modules\.bin;C:\Program Files\nodejs;C:\Users\ss\Desktop\teachers-vision\node_modules\.bin;C:\Users\ss\Desktop\teachers-vision\node_modules\.bin;C:\Users\ss\Desktop\node_modules\.bin;C:\Users\ss\node_modules\.bin;C:\Users\node_modules\.bin;C:\node_modules\.bin;C:\Users\ss\AppData\Roaming\nvm\v16.16.0\node_modules\npm\node_modules\@npmcli\run-script\lib\node-gyp-bin;C:\Users\ss\Desktop\teachers-vision\node_modules\.bin;C:\Users\ss\Desktop\node_modules\.bin;C:\Users\ss\node_modules\.bin;C:\Users\node_modules\.bin;C:\node_modules\.bin;C:\Program Files\nodejs;C:\Users\ss\Desktop\teachers-vision\node_modules\.bin;C:\Users\ss\Desktop\teachers-vision\node_modules\.bin;C:\Users\ss\Desktop\node_modules\.bin;C:\Users\ss\node_modules\.bin;C:\Users\node_modules\.bin;C:\node_modules\.bin;C:\Users\ss\AppData\Roaming\nvm\v16.16.0\node_modules\npm\node_modules\@npmcli\run-script\lib\node-gyp-bin;C:\Program Files\Common Files\Oracle\Java\javapath;C:\Program Files (x86)\Common Files\Oracle\Java\javapath;C:\Program Files\Microsoft\jdk-11.0.18.10-hotspot\bin;C:\Program Files\Microsoft MPI\Bin\;C:\Windows\system32;C:\Windows;C:\Windows\System32\Wbem;C:\Windows\System32\WindowsPowerShell\v1.0\;C:\Windows\System32\OpenSSH\;C:\ProgramData\chocolatey\bin;C:\Users\ss\AppData\Local\Android\Sdk\platform-tools;C:\Program Files\Git\cmd;C:\Program Files\Microsoft SQL Server\150\Tools\Binn\;C:\Program Files (x86)\Microsoft SQL Server\160\Tools\Binn\;C:\Program Files\Microsoft SQL Server\160\Tools\Binn\;C:\Program Files\Microsoft SQL Server\Client SDK\ODBC\170\Tools\Binn\;C:\Program Files\Microsoft SQL Server\160\DTS\Binn\;C:\Program Files\dotnet\;C:\Program Files (x86)\dotnet\;C:\Program Files (x86)\Microsoft SQL Server\160\DTS\Binn\;C:\Program Files (x86)\Microsoft SQL Server\150
USERNAME=ss
LANG=en_US.UTF-8
OS=Windows_NT
PROCESSOR_IDENTIFIER=Intel64 Family 6 Model 142 Stepping 9, GenuineIntel



---------------  S Y S T E M  ---------------

OS:
 Windows 10 , 64 bit Build 19041 (10.0.19041.3155)
OS uptime: 7 days 8:07 hours

CPU: total 4 (initial active 4) (2 cores per cpu, 2 threads per core) family 6 model 142 stepping 9 microcode 0xb4, cx8, cmov, fxsr, ht, mmx, 3dnowpref, sse, sse2, sse3, ssse3, sse4.1, sse4.2, popcnt, lzcnt, tsc, tscinvbit, avx, avx2, aes, erms, clmul, bmi1, bmi2, adx, fma, vzeroupper, clflush, clflushopt

Memory: 4k page, system-wide physical 16263M (649M free)
TotalPageFile size 27101M (AvailPageFile size 15M)
current process WorkingSet (physical memory assigned to process): 277M, peak: 280M
current process commit charge ("private bytes"): 313M, peak: 405M

vm_info: Java HotSpot(TM) 64-Bit Server VM (17.0.7+8-LTS-224) for windows-amd64 JRE (17.0.7+8-LTS-224), built on Feb 28 2023 23:03:02 by "mach5one" with MS VC++ 17.1 (VS2022)

END.
