#
# There is insufficient memory for the Java Runtime Environment to continue.
# Native memory allocation (mmap) failed to map 65536 bytes for Failed to commit metaspace.
# Possible reasons:
#   The system is out of physical RAM or swap space
#   The process is running with CompressedOops enabled, and the Java Heap may be blocking the growth of the native heap
# Possible solutions:
#   Reduce memory load on the system
#   Increase physical memory or swap space
#   Check if swap backing store is full
#   Decrease Java heap size (-Xmx/-Xms)
#   Decrease number of Java threads
#   Decrease Java thread stack sizes (-Xss)
#   Set larger code cache with -XX:ReservedCodeCacheSize=
#   JVM is running with Unscaled Compressed Oops mode in which the Java heap is
#     placed in the first 4GB address space. The Java Heap base address is the
#     maximum limit for the native heap growth. Please use -XX:HeapBaseMinAddress
#     to set the Java Heap base and to place the Java Heap above 4GB virtual address.
# This output file may be truncated or incomplete.
#
#  Out of Memory Error (virtualSpaceNode.cpp:110), pid=9528, tid=23572
#
# JRE version: Java(TM) SE Runtime Environment (17.0.7+8) (build 17.0.7+8-LTS-224)
# Java VM: Java HotSpot(TM) 64-Bit Server VM (17.0.7+8-LTS-224, mixed mode, sharing, tiered, compressed oops, compressed class ptrs, g1 gc, windows-amd64)
# No core dump will be written. Minidumps are not enabled by default on client versions of Windows
#

---------------  S U M M A R Y ------------

Command Line: -XX:MaxMetaspaceSize=512m --add-opens=java.base/java.util=ALL-UNNAMED --add-opens=java.base/java.lang=ALL-UNNAMED --add-opens=java.base/java.lang.invoke=ALL-UNNAMED --add-opens=java.base/java.util=ALL-UNNAMED --add-opens=java.prefs/java.util.prefs=ALL-UNNAMED --add-opens=java.prefs/java.util.prefs=ALL-UNNAMED --add-opens=java.base/java.nio.charset=ALL-UNNAMED --add-opens=java.base/java.net=ALL-UNNAMED --add-opens=java.base/java.util.concurrent.atomic=ALL-UNNAMED -Xmx2048m -Dfile.encoding=windows-1252 -Duser.country=IN -Duser.language=en -Duser.variant org.gradle.launcher.daemon.bootstrap.GradleDaemon 7.3.3

Host: Intel(R) Core(TM) i5-7200U CPU @ 2.50GHz, 4 cores, 15G,  Windows 10 , 64 bit Build 19041 (10.0.19041.3155)
Time: Thu Sep 14 13:25:27 2023 India Standard Time elapsed time: 61.951835 seconds (0d 0h 1m 1s)

---------------  T H R E A D  ---------------

Current thread (0x0000019164036610):  JavaThread "Daemon worker" [_thread_in_vm, id=23572, stack(0x0000006056700000,0x0000006056800000)]

Stack: [0x0000006056700000,0x0000006056800000]
Native frames: (J=compiled Java code, j=interpreted, Vv=VM code, C=native code)
V  [jvm.dll+0x676a4a]
V  [jvm.dll+0x7d74f4]
V  [jvm.dll+0x7d8c9e]
V  [jvm.dll+0x7d9303]
V  [jvm.dll+0x2452c5]
V  [jvm.dll+0x7d35fb]
V  [jvm.dll+0x61ca36]
V  [jvm.dll+0x61ca9a]
V  [jvm.dll+0x61f2bd]
V  [jvm.dll+0x61d3f6]
V  [jvm.dll+0x23ae21]
V  [jvm.dll+0x1ea127]
V  [jvm.dll+0x1dfdc1]
V  [jvm.dll+0x53cf0c]
V  [jvm.dll+0x1f06da]
V  [jvm.dll+0x75156d]
V  [jvm.dll+0x752953]
V  [jvm.dll+0x752c88]
V  [jvm.dll+0x23d78b]
V  [jvm.dll+0x23d9df]
V  [jvm.dll+0x55b008]
V  [jvm.dll+0x55ded7]
V  [jvm.dll+0x380e01]
V  [jvm.dll+0x38045f]
C  0x000001915390a5ec

Java frames: (J=compiled Java code, j=interpreted, Vv=VM code)
j  java.lang.StackTraceElement.isHashedInJavaBase(Ljava/lang/Module;)Z+19 java.base@17.0.7
j  java.lang.StackTraceElement.computeFormat()V+33 java.base@17.0.7
j  java.lang.StackTraceElement.of(Ljava/lang/Throwable;I)[Ljava/lang/StackTraceElement;+57 java.base@17.0.7
j  java.lang.Throwable.getOurStackTrace()[Ljava/lang/StackTraceElement;+30 java.base@17.0.7
j  java.lang.Throwable.getStackTrace()[Ljava/lang/StackTraceElement;+1 java.base@17.0.7
j  org.gradle.initialization.exception.DefaultExceptionAnalyser.transform(Ljava/lang/Throwable;)Ljava/lang/Throwable;+60
j  org.gradle.initialization.exception.DefaultExceptionAnalyser.collectFailures(Ljava/lang/Throwable;Ljava/util/Collection;)V+154
j  org.gradle.initialization.exception.MultipleBuildFailuresExceptionAnalyser.transform(Ljava/util/List;)Ljava/lang/RuntimeException;+122
j  org.gradle.initialization.exception.StackTraceSanitizingExceptionAnalyser.transform(Ljava/util/List;)Ljava/lang/RuntimeException;+5
j  org.gradle.internal.buildtree.DefaultBuildTreeFinishExecutor.finishBuildTree(Ljava/util/List;)Ljava/lang/RuntimeException;+29
j  org.gradle.internal.buildtree.DefaultBuildTreeLifecycleController.lambda$runBuild$4(Ljava/util/function/Supplier;)Ljava/lang/Object;+27
j  org.gradle.internal.buildtree.DefaultBuildTreeLifecycleController$$Lambda$190+0x0000000800ebcbd0.get()Ljava/lang/Object;+8
j  org.gradle.internal.build.StateTransitionController.lambda$transition$0(Ljava/util/function/Supplier;)Lorg/gradle/internal/build/ExecutionResult;+1
j  org.gradle.internal.build.StateTransitionController$$Lambda$191+0x0000000800ebcdf0.get()Ljava/lang/Object;+4
j  org.gradle.internal.build.StateTransitionController.doTransition(Lorg/gradle/internal/build/StateTransitionController$State;Lorg/gradle/internal/build/StateTransitionController$State;Ljava/util/function/Supplier;)Lorg/gradle/internal/build/ExecutionResult;+162
j  org.gradle.internal.build.StateTransitionController.transition(Lorg/gradle/internal/build/StateTransitionController$State;Lorg/gradle/internal/build/StateTransitionController$State;Ljava/util/function/Supplier;)Ljava/lang/Object;+15
j  org.gradle.internal.buildtree.DefaultBuildTreeLifecycleController.runBuild(Ljava/util/function/Supplier;)Ljava/lang/Object;+17
j  org.gradle.internal.buildtree.DefaultBuildTreeLifecycleController.scheduleAndRunTasks()V+7
j  org.gradle.tooling.internal.provider.ExecuteBuildActionRunner.run(Lorg/gradle/internal/invocation/BuildAction;Lorg/gradle/internal/buildtree/BuildTreeLifecycleController;)Lorg/gradle/internal/buildtree/BuildActionRunner$Result;+12
j  org.gradle.launcher.exec.ChainingBuildActionRunner.run(Lorg/gradle/internal/invocation/BuildAction;Lorg/gradle/internal/buildtree/BuildTreeLifecycleController;)Lorg/gradle/internal/buildtree/BuildActionRunner$Result;+34
j  org.gradle.internal.buildtree.ProblemReportingBuildActionRunner.run(Lorg/gradle/internal/invocation/BuildAction;Lorg/gradle/internal/buildtree/BuildTreeLifecycleController;)Lorg/gradle/internal/buildtree/BuildActionRunner$Result;+12
j  org.gradle.launcher.exec.BuildOutcomeReportingBuildActionRunner.run(Lorg/gradle/internal/invocation/BuildAction;Lorg/gradle/internal/buildtree/BuildTreeLifecycleController;)Lorg/gradle/internal/buildtree/BuildActionRunner$Result;+81
j  org.gradle.tooling.internal.provider.FileSystemWatchingBuildActionRunner.run(Lorg/gradle/internal/invocation/BuildAction;Lorg/gradle/internal/buildtree/BuildTreeLifecycleController;)Lorg/gradle/internal/buildtree/BuildActionRunner$Result;+246
j  org.gradle.launcher.exec.BuildCompletionNotifyingBuildActionRunner.run(Lorg/gradle/internal/invocation/BuildAction;Lorg/gradle/internal/buildtree/BuildTreeLifecycleController;)Lorg/gradle/internal/buildtree/BuildActionRunner$Result;+6
j  org.gradle.launcher.exec.RootBuildLifecycleBuildActionExecutor.lambda$execute$0(Lorg/gradle/internal/invocation/BuildAction;Lorg/gradle/internal/buildtree/BuildTreeLifecycleController;)Lorg/gradle/internal/buildtree/BuildActionRunner$Result;+6
j  org.gradle.launcher.exec.RootBuildLifecycleBuildActionExecutor$$Lambda$149+0x0000000800ea5370.apply(Ljava/lang/Object;)Ljava/lang/Object;+12
j  org.gradle.composite.internal.DefaultRootBuildState.run(Ljava/util/function/Function;)Ljava/lang/Object;+87
j  org.gradle.launcher.exec.RootBuildLifecycleBuildActionExecutor.execute(Lorg/gradle/internal/invocation/BuildAction;Lorg/gradle/internal/buildtree/BuildTreeContext;)Lorg/gradle/internal/buildtree/BuildActionRunner$Result;+28
j  org.gradle.internal.buildtree.DefaultBuildTreeContext.execute(Lorg/gradle/internal/invocation/BuildAction;)Lorg/gradle/internal/buildtree/BuildActionRunner$Result;+64
j  org.gradle.launcher.exec.BuildTreeLifecycleBuildActionExecutor.lambda$execute$0(Lorg/gradle/internal/invocation/BuildAction;Lorg/gradle/internal/buildtree/BuildTreeContext;)Lorg/gradle/internal/buildtree/BuildActionRunner$Result;+2
j  org.gradle.launcher.exec.BuildTreeLifecycleBuildActionExecutor$$Lambda$98+0x0000000800dbf340.apply(Ljava/lang/Object;)Ljava/lang/Object;+8
j  org.gradle.internal.buildtree.BuildTreeState.run(Ljava/util/function/Function;)Ljava/lang/Object;+5
j  org.gradle.launcher.exec.BuildTreeLifecycleBuildActionExecutor.execute(Lorg/gradle/internal/invocation/BuildAction;Lorg/gradle/internal/session/BuildSessionContext;)Lorg/gradle/internal/buildtree/BuildActionRunner$Result;+176
j  org.gradle.launcher.exec.RunAsBuildOperationBuildActionExecutor$3.call(Lorg/gradle/internal/operations/BuildOperationContext;)Lorg/gradle/internal/buildtree/BuildActionRunner$Result;+25
j  org.gradle.launcher.exec.RunAsBuildOperationBuildActionExecutor$3.call(Lorg/gradle/internal/operations/BuildOperationContext;)Ljava/lang/Object;+2
j  org.gradle.internal.operations.DefaultBuildOperationRunner$CallableBuildOperationWorker.execute(Lorg/gradle/internal/operations/CallableBuildOperation;Lorg/gradle/internal/operations/BuildOperationContext;)V+3
j  org.gradle.internal.operations.DefaultBuildOperationRunner$CallableBuildOperationWorker.execute(Lorg/gradle/internal/operations/BuildOperation;Lorg/gradle/internal/operations/BuildOperationContext;)V+6
j  org.gradle.internal.operations.DefaultBuildOperationRunner$2.execute(Lorg/gradle/internal/operations/BuildOperationDescriptor;Lorg/gradle/internal/operations/BuildOperationState;Lorg/gradle/internal/operations/BuildOperationState;Lorg/gradle/internal/operations/DefaultBuildOperationRunner$ReadableBuildOperationContext;Lorg/gradle/internal/operations/DefaultBuildOperationRunner$BuildOperationExecutionListener;)Lorg/gradle/internal/operations/BuildOperation;+22
j  org.gradle.internal.operations.DefaultBuildOperationRunner$2.execute(Lorg/gradle/internal/operations/BuildOperationDescriptor;Lorg/gradle/internal/operations/BuildOperationState;Lorg/gradle/internal/operations/BuildOperationState;Lorg/gradle/internal/operations/DefaultBuildOperationRunner$ReadableBuildOperationContext;Lorg/gradle/internal/operations/DefaultBuildOperationRunner$BuildOperationExecutionListener;)Ljava/lang/Object;+8
j  org.gradle.internal.operations.DefaultBuildOperationRunner.execute(Lorg/gradle/internal/operations/BuildOperationDescriptor$Builder;Lorg/gradle/internal/operations/BuildOperationState;Lorg/gradle/internal/operations/DefaultBuildOperationRunner$BuildOperationExecution;)Ljava/lang/Object;+141
j  org.gradle.internal.operations.DefaultBuildOperationRunner.execute(Lorg/gradle/internal/operations/BuildOperation;Lorg/gradle/internal/operations/BuildOperationWorker;Lorg/gradle/internal/operations/BuildOperationState;)V+18
j  org.gradle.internal.operations.DefaultBuildOperationRunner.call(Lorg/gradle/internal/operations/CallableBuildOperation;)Ljava/lang/Object;+16
j  org.gradle.internal.operations.DefaultBuildOperationExecutor.call(Lorg/gradle/internal/operations/CallableBuildOperation;)Ljava/lang/Object;+5
j  org.gradle.launcher.exec.RunAsBuildOperationBuildActionExecutor.execute(Lorg/gradle/internal/invocation/BuildAction;Lorg/gradle/internal/session/BuildSessionContext;)Lorg/gradle/internal/buildtree/BuildActionRunner$Result;+23
j  org.gradle.launcher.exec.RunAsWorkerThreadBuildActionExecutor.lambda$execute$0(Lorg/gradle/internal/invocation/BuildAction;Lorg/gradle/internal/session/BuildSessionContext;)Lorg/gradle/internal/buildtree/BuildActionRunner$Result;+6
j  org.gradle.launcher.exec.RunAsWorkerThreadBuildActionExecutor$$Lambda$97+0x0000000800db3d50.create()Ljava/lang/Object;+12
j  org.gradle.internal.work.DefaultWorkerLeaseService.withLocks(Ljava/lang/Iterable;Lorg/gradle/internal/Factory;)Ljava/lang/Object;+26
j  org.gradle.launcher.exec.RunAsWorkerThreadBuildActionExecutor.execute(Lorg/gradle/internal/invocation/BuildAction;Lorg/gradle/internal/session/BuildSessionContext;)Lorg/gradle/internal/buildtree/BuildActionRunner$Result;+24
j  org.gradle.tooling.internal.provider.ContinuousBuildActionExecutor.execute(Lorg/gradle/internal/invocation/BuildAction;Lorg/gradle/internal/session/BuildSessionContext;)Lorg/gradle/internal/buildtree/BuildActionRunner$Result;+58
j  org.gradle.tooling.internal.provider.SubscribableBuildActionExecutor.execute(Lorg/gradle/internal/invocation/BuildAction;Lorg/gradle/internal/session/BuildSessionContext;)Lorg/gradle/internal/buildtree/BuildActionRunner$Result;+30
j  org.gradle.internal.session.DefaultBuildSessionContext.execute(Lorg/gradle/internal/invocation/BuildAction;)Lorg/gradle/internal/buildtree/BuildActionRunner$Result;+64
j  org.gradle.tooling.internal.provider.BuildSessionLifecycleBuildActionExecuter$ActionImpl.apply(Lorg/gradle/internal/session/BuildSessionContext;)Lorg/gradle/launcher/exec/BuildActionResult;+6
j  org.gradle.tooling.internal.provider.BuildSessionLifecycleBuildActionExecuter$ActionImpl.apply(Ljava/lang/Object;)Ljava/lang/Object;+5
j  org.gradle.internal.session.BuildSessionState.run(Ljava/util/function/Function;)Ljava/lang/Object;+5
j  org.gradle.tooling.internal.provider.BuildSessionLifecycleBuildActionExecuter.execute(Lorg/gradle/internal/invocation/BuildAction;Lorg/gradle/launcher/exec/BuildActionParameters;Lorg/gradle/initialization/BuildRequestContext;)Lorg/gradle/launcher/exec/BuildActionResult;+95
j  org.gradle.tooling.internal.provider.BuildSessionLifecycleBuildActionExecuter.execute(Lorg/gradle/internal/invocation/BuildAction;Ljava/lang/Object;Ljava/lang/Object;)Lorg/gradle/launcher/exec/BuildActionResult;+10
j  org.gradle.tooling.internal.provider.GradleThreadBuildActionExecuter.execute(Lorg/gradle/internal/invocation/BuildAction;Lorg/gradle/launcher/exec/BuildActionParameters;Lorg/gradle/initialization/BuildRequestContext;)Lorg/gradle/launcher/exec/BuildActionResult;+10
j  org.gradle.tooling.internal.provider.GradleThreadBuildActionExecuter.execute(Lorg/gradle/internal/invocation/BuildAction;Ljava/lang/Object;Ljava/lang/Object;)Lorg/gradle/launcher/exec/BuildActionResult;+10
j  org.gradle.tooling.internal.provider.StartParamsValidatingActionExecuter.execute(Lorg/gradle/internal/invocation/BuildAction;Lorg/gradle/launcher/exec/BuildActionParameters;Lorg/gradle/initialization/BuildRequestContext;)Lorg/gradle/launcher/exec/BuildActionResult;+177
j  org.gradle.tooling.internal.provider.StartParamsValidatingActionExecuter.execute(Lorg/gradle/internal/invocation/BuildAction;Ljava/lang/Object;Ljava/lang/Object;)Lorg/gradle/launcher/exec/BuildActionResult;+10
j  org.gradle.tooling.internal.provider.SessionFailureReportingActionExecuter.execute(Lorg/gradle/internal/invocation/BuildAction;Lorg/gradle/launcher/exec/BuildActionParameters;Lorg/gradle/initialization/BuildRequestContext;)Lorg/gradle/launcher/exec/BuildActionResult;+7
j  org.gradle.tooling.internal.provider.SessionFailureReportingActionExecuter.execute(Lorg/gradle/internal/invocation/BuildAction;Ljava/lang/Object;Ljava/lang/Object;)Lorg/gradle/launcher/exec/BuildActionResult;+10
j  org.gradle.tooling.internal.provider.SetupLoggingActionExecuter.execute(Lorg/gradle/internal/invocation/BuildAction;Lorg/gradle/launcher/exec/BuildActionParameters;Lorg/gradle/initialization/BuildRequestContext;)Lorg/gradle/launcher/exec/BuildActionResult;+50
j  org.gradle.tooling.internal.provider.SetupLoggingActionExecuter.execute(Lorg/gradle/internal/invocation/BuildAction;Ljava/lang/Object;Ljava/lang/Object;)Lorg/gradle/launcher/exec/BuildActionResult;+10
j  org.gradle.launcher.daemon.server.exec.ExecuteBuild.doBuild(Lorg/gradle/launcher/daemon/server/api/DaemonCommandExecution;Lorg/gradle/launcher/daemon/protocol/Build;)V+117
j  org.gradle.launcher.daemon.server.exec.BuildCommandOnly.execute(Lorg/gradle/launcher/daemon/server/api/DaemonCommandExecution;)V+49
j  org.gradle.launcher.daemon.server.api.DaemonCommandExecution.proceed()Z+23
j  org.gradle.launcher.daemon.server.exec.WatchForDisconnection.execute(Lorg/gradle/launcher/daemon/server/api/DaemonCommandExecution;)V+19
j  org.gradle.launcher.daemon.server.api.DaemonCommandExecution.proceed()Z+23
j  org.gradle.launcher.daemon.server.exec.ResetDeprecationLogger.execute(Lorg/gradle/launcher/daemon/server/api/DaemonCommandExecution;)V+7
j  org.gradle.launcher.daemon.server.api.DaemonCommandExecution.proceed()Z+23
j  org.gradle.launcher.daemon.server.exec.RequestStopIfSingleUsedDaemon.execute(Lorg/gradle/launcher/daemon/server/api/DaemonCommandExecution;)V+33
j  org.gradle.launcher.daemon.server.api.DaemonCommandExecution.proceed()Z+23
j  org.gradle.launcher.daemon.server.exec.ForwardClientInput$2.create()Ljava/lang/Void;+4
j  org.gradle.launcher.daemon.server.exec.ForwardClientInput$2.create()Ljava/lang/Object;+1
j  org.gradle.util.internal.Swapper.swap(Ljava/lang/Object;Lorg/gradle/internal/Factory;)Ljava/lang/Object;+21
j  org.gradle.launcher.daemon.server.exec.ForwardClientInput.execute(Lorg/gradle/launcher/daemon/server/api/DaemonCommandExecution;)V+63
j  org.gradle.launcher.daemon.server.api.DaemonCommandExecution.proceed()Z+23
j  org.gradle.launcher.daemon.server.exec.LogAndCheckHealth.execute(Lorg/gradle/launcher/daemon/server/api/DaemonCommandExecution;)V+28
j  org.gradle.launcher.daemon.server.api.DaemonCommandExecution.proceed()Z+23
j  org.gradle.launcher.daemon.server.exec.LogToClient.doBuild(Lorg/gradle/launcher/daemon/server/api/DaemonCommandExecution;Lorg/gradle/launcher/daemon/protocol/Build;)V+87
j  org.gradle.launcher.daemon.server.exec.BuildCommandOnly.execute(Lorg/gradle/launcher/daemon/server/api/DaemonCommandExecution;)V+49
j  org.gradle.launcher.daemon.server.api.DaemonCommandExecution.proceed()Z+23
j  org.gradle.launcher.daemon.server.exec.EstablishBuildEnvironment.doBuild(Lorg/gradle/launcher/daemon/server/api/DaemonCommandExecution;Lorg/gradle/launcher/daemon/protocol/Build;)V+356
j  org.gradle.launcher.daemon.server.exec.BuildCommandOnly.execute(Lorg/gradle/launcher/daemon/server/api/DaemonCommandExecution;)V+49
j  org.gradle.launcher.daemon.server.api.DaemonCommandExecution.proceed()Z+23
j  org.gradle.launcher.daemon.server.exec.StartBuildOrRespondWithBusy$1.run()V+44
j  org.gradle.launcher.daemon.server.DaemonStateCoordinator$1.run()V+4
j  org.gradle.internal.concurrent.ExecutorPolicy$CatchAndRecordFailures.onExecute(Ljava/lang/Runnable;)V+1
j  org.gradle.internal.concurrent.ManagedExecutorImpl$1.run()V+25
j  java.util.concurrent.ThreadPoolExecutor.runWorker(Ljava/util/concurrent/ThreadPoolExecutor$Worker;)V+92 java.base@17.0.7
j  java.util.concurrent.ThreadPoolExecutor$Worker.run()V+5 java.base@17.0.7
j  org.gradle.internal.concurrent.ThreadFactoryImpl$ManagedThreadRunnable.run()V+7
j  java.lang.Thread.run()V+11 java.base@17.0.7
v  ~StubRoutines::call_stub

---------------  P R O C E S S  ---------------

Threads class SMR info:
_java_thread_list=0x0000019164821660, length=38, elements={
0x0000019144b38290, 0x00000191624a7200, 0x00000191624a7f80, 0x00000191624c1530,
0x00000191624c4e10, 0x00000191624c66e0, 0x00000191624c6fa0, 0x00000191624c7c40,
0x00000191624ca600, 0x00000191630387b0, 0x000001916309a140, 0x000001916309d630,
0x000001916470e810, 0x000001916340dcb0, 0x0000019163a972f0, 0x0000019163888a40,
0x00000191638896b0, 0x0000019164033f90, 0x0000019164036610, 0x0000019164036ae0,
0x0000019164034460, 0x0000019164037950, 0x0000019164036fb0, 0x0000019164035c70,
0x0000019164034e00, 0x00000191640352d0, 0x0000019164036140, 0x00000191640357a0,
0x0000019164037480, 0x0000019164034930, 0x00000191659c1d20, 0x00000191659c3060,
0x00000191659bfb70, 0x00000191659c3530, 0x00000191659c0eb0, 0x00000191659c43a0,
0x00000191659c1380, 0x00000191659c21f0
}

Java Threads: ( => current thread )
  0x0000019144b38290 JavaThread "main" [_thread_blocked, id=9592, stack(0x0000006054a00000,0x0000006054b00000)]
  0x00000191624a7200 JavaThread "Reference Handler" daemon [_thread_blocked, id=21540, stack(0x0000006055200000,0x0000006055300000)]
  0x00000191624a7f80 JavaThread "Finalizer" daemon [_thread_blocked, id=10812, stack(0x0000006055300000,0x0000006055400000)]
  0x00000191624c1530 JavaThread "Signal Dispatcher" daemon [_thread_blocked, id=27988, stack(0x0000006055400000,0x0000006055500000)]
  0x00000191624c4e10 JavaThread "Attach Listener" daemon [_thread_blocked, id=27312, stack(0x0000006055500000,0x0000006055600000)]
  0x00000191624c66e0 JavaThread "Service Thread" daemon [_thread_blocked, id=28200, stack(0x0000006055600000,0x0000006055700000)]
  0x00000191624c6fa0 JavaThread "Monitor Deflation Thread" daemon [_thread_blocked, id=20528, stack(0x0000006055700000,0x0000006055800000)]
  0x00000191624c7c40 JavaThread "C2 CompilerThread0" daemon [_thread_blocked, id=4040, stack(0x0000006055800000,0x0000006055900000)]
  0x00000191624ca600 JavaThread "C1 CompilerThread0" daemon [_thread_blocked, id=15344, stack(0x0000006055900000,0x0000006055a00000)]
  0x00000191630387b0 JavaThread "Sweeper thread" daemon [_thread_blocked, id=26284, stack(0x0000006055a00000,0x0000006055b00000)]
  0x000001916309a140 JavaThread "Common-Cleaner" daemon [_thread_blocked, id=18204, stack(0x0000006055b00000,0x0000006055c00000)]
  0x000001916309d630 JavaThread "Notification Thread" daemon [_thread_blocked, id=20400, stack(0x0000006055c00000,0x0000006055d00000)]
  0x000001916470e810 JavaThread "Daemon health stats" [_thread_blocked, id=18932, stack(0x0000006056100000,0x0000006056200000)]
  0x000001916340dcb0 JavaThread "Incoming local TCP Connector on port 65217" [_thread_in_native, id=23832, stack(0x0000006056200000,0x0000006056300000)]
  0x0000019163a972f0 JavaThread "Daemon periodic checks" [_thread_blocked, id=22800, stack(0x0000006056300000,0x0000006056400000)]
  0x0000019163888a40 JavaThread "Daemon" [_thread_blocked, id=2308, stack(0x0000006056400000,0x0000006056500000)]
  0x00000191638896b0 JavaThread "Handler for socket connection from /127.0.0.1:65217 to /127.0.0.1:65218" [_thread_in_native, id=22772, stack(0x0000006056500000,0x0000006056600000)]
  0x0000019164033f90 JavaThread "Cancel handler" [_thread_blocked, id=13308, stack(0x0000006056600000,0x0000006056700000)]
=>0x0000019164036610 JavaThread "Daemon worker" [_thread_in_vm, id=23572, stack(0x0000006056700000,0x0000006056800000)]
  0x0000019164036ae0 JavaThread "Asynchronous log dispatcher for DefaultDaemonConnection: socket connection from /127.0.0.1:65217 to /127.0.0.1:65218" [_thread_blocked, id=16544, stack(0x0000006056800000,0x0000006056900000)]
  0x0000019164034460 JavaThread "Stdin handler" [_thread_blocked, id=21944, stack(0x0000006056900000,0x0000006056a00000)]
  0x0000019164037950 JavaThread "Daemon client event forwarder" [_thread_blocked, id=4452, stack(0x0000006056a00000,0x0000006056b00000)]
  0x0000019164036fb0 JavaThread "Cache worker for journal cache (C:\Users\ss\.gradle\caches\journal-1)" [_thread_blocked, id=25668, stack(0x0000006056b00000,0x0000006056c00000)]
  0x0000019164035c70 JavaThread "File lock request listener" [_thread_in_native, id=21644, stack(0x0000006056c00000,0x0000006056d00000)]
  0x0000019164034e00 JavaThread "Cache worker for file hash cache (C:\Users\ss\.gradle\caches\7.3.3\fileHashes)" [_thread_blocked, id=14568, stack(0x0000006056d00000,0x0000006056e00000)]
  0x00000191640352d0 JavaThread "Cache worker for file hash cache (C:\Users\ss\Desktop\teachers-vision\android\.gradle\7.3.3\fileHashes)" [_thread_blocked, id=25112, stack(0x0000006056e00000,0x0000006056f00000)]
  0x0000019164036140 JavaThread "File watcher server" daemon [_thread_in_native, id=13920, stack(0x0000006056f00000,0x0000006057000000)]
  0x00000191640357a0 JavaThread "File watcher consumer" daemon [_thread_blocked, id=4736, stack(0x0000006057000000,0x0000006057100000)]
  0x0000019164037480 JavaThread "File lock release action executor" [_thread_blocked, id=2052, stack(0x0000006057100000,0x0000006057200000)]
  0x0000019164034930 JavaThread "Cache worker for checksums cache (C:\Users\ss\Desktop\teachers-vision\android\.gradle\7.3.3\checksums)" [_thread_blocked, id=22876, stack(0x0000006057200000,0x0000006057300000)]
  0x00000191659c1d20 JavaThread "Cache worker for cache directory md-supplier (C:\Users\ss\.gradle\caches\7.3.3\md-supplier)" [_thread_blocked, id=16684, stack(0x0000006057300000,0x0000006057400000)]
  0x00000191659c3060 JavaThread "Cache worker for cache directory md-rule (C:\Users\ss\.gradle\caches\7.3.3\md-rule)" [_thread_blocked, id=7000, stack(0x0000006057400000,0x0000006057500000)]
  0x00000191659bfb70 JavaThread "Cache worker for execution history cache (C:\Users\ss\.gradle\caches\7.3.3\executionHistory)" [_thread_blocked, id=15580, stack(0x0000006057600000,0x0000006057700000)]
  0x00000191659c3530 JavaThread "jar transforms" [_thread_blocked, id=15384, stack(0x0000006057500000,0x0000006057600000)]
  0x00000191659c0eb0 JavaThread "jar transforms Thread 2" [_thread_blocked, id=24288, stack(0x0000006057800000,0x0000006057900000)]
  0x00000191659c43a0 JavaThread "Cache worker for file content cache (C:\Users\ss\.gradle\caches\7.3.3\fileContent)" [_thread_blocked, id=23336, stack(0x0000006057700000,0x0000006057800000)]
  0x00000191659c1380 JavaThread "jar transforms Thread 3" [_thread_blocked, id=29020, stack(0x0000006057900000,0x0000006057a00000)]
  0x00000191659c21f0 JavaThread "jar transforms Thread 4" [_thread_blocked, id=29116, stack(0x0000006057a00000,0x0000006057b00000)]

Other Threads:
  0x00000191624a26a0 VMThread "VM Thread" [stack: 0x0000006055100000,0x0000006055200000] [id=22724]
  0x000001916309fb10 WatcherThread [stack: 0x0000006055d00000,0x0000006055e00000] [id=24844]
  0x0000019144b90380 GCTaskThread "GC Thread#0" [stack: 0x0000006054c00000,0x0000006054d00000] [id=21792]
  0x0000019163717f90 GCTaskThread "GC Thread#1" [stack: 0x0000006055e00000,0x0000006055f00000] [id=16764]
  0x0000019163718240 GCTaskThread "GC Thread#2" [stack: 0x0000006055f00000,0x0000006056000000] [id=18772]
  0x000001916336c0c0 GCTaskThread "GC Thread#3" [stack: 0x0000006056000000,0x0000006056100000] [id=21548]
  0x0000019144ba11d0 ConcurrentGCThread "G1 Main Marker" [stack: 0x0000006054d00000,0x0000006054e00000] [id=16820]
  0x0000019144ba1af0 ConcurrentGCThread "G1 Conc#0" [stack: 0x0000006054e00000,0x0000006054f00000] [id=28340]
  0x000001916235e130 ConcurrentGCThread "G1 Refine#0" [stack: 0x0000006054f00000,0x0000006055000000] [id=24012]
  0x000001916235e960 ConcurrentGCThread "G1 Service" [stack: 0x0000006055000000,0x0000006055100000] [id=17968]

Threads with active compile tasks:

VM state: not at safepoint (normal execution)

VM Mutex/Monitor currently owned by a thread:  ([mutex/lock_event])
[0x0000019144b256a0] Metaspace_lock - owner thread: 0x0000019164036610

Heap address: 0x0000000080000000, size: 2048 MB, Compressed Oops mode: 32-bit

CDS archive(s) mapped at: [0x0000000800000000-0x0000000800bd0000-0x0000000800bd0000), size 12386304, SharedBaseAddress: 0x0000000800000000, ArchiveRelocationMode: 0.
Compressed class space mapped at: 0x0000000800c00000-0x000000081a800000, reserved size: 432013312
Narrow klass base: 0x0000000800000000, Narrow klass shift: 0, Narrow klass range: 0x100000000

GC Precious Log:
 CPUs: 4 total, 4 available
 Memory: 16263M
 Large Page Support: Disabled
 NUMA Support: Disabled
 Compressed Oops: Enabled (32-bit)
 Heap Region Size: 1M
 Heap Min Capacity: 8M
 Heap Initial Capacity: 256M
 Heap Max Capacity: 2G
 Pre-touch: Disabled
 Parallel Workers: 4
 Concurrent Workers: 1
 Concurrent Refinement Workers: 4
 Periodic GC: Disabled

Heap:
 garbage-first heap   total 71680K, used 33714K [0x0000000080000000, 0x0000000100000000)
  region size 1024K, 8 young (8192K), 2 survivors (2048K)
 Metaspace       used 31592K, committed 32000K, reserved 454656K
  class space    used 4324K, committed 4544K, reserved 421888K

Heap Regions: E=young(eden), S=young(survivor), O=old, HS=humongous(starts), HC=humongous(continues), CS=collection set, F=free, OA=open archive, CA=closed archive, TAMS=top-at-mark-start (previous, next)
|   0|0x0000000080000000, 0x0000000080100000, 0x0000000080100000|100%|HS|  |TAMS 0x0000000080100000, 0x0000000080000000| Complete 
|   1|0x0000000080100000, 0x0000000080200000, 0x0000000080200000|100%|HC|  |TAMS 0x0000000080200000, 0x0000000080100000| Complete 
|   2|0x0000000080200000, 0x0000000080300000, 0x0000000080300000|100%|HC|  |TAMS 0x0000000080300000, 0x0000000080200000| Complete 
|   3|0x0000000080300000, 0x0000000080400000, 0x0000000080400000|100%| O|  |TAMS 0x0000000080400000, 0x0000000080300000| Untracked 
|   4|0x0000000080400000, 0x0000000080500000, 0x0000000080500000|100%| O|  |TAMS 0x0000000080500000, 0x0000000080400000| Untracked 
|   5|0x0000000080500000, 0x0000000080600000, 0x0000000080600000|100%| O|  |TAMS 0x0000000080600000, 0x0000000080500000| Untracked 
|   6|0x0000000080600000, 0x0000000080700000, 0x0000000080700000|100%| O|  |TAMS 0x0000000080700000, 0x0000000080600000| Untracked 
|   7|0x0000000080700000, 0x0000000080800000, 0x0000000080800000|100%| O|  |TAMS 0x0000000080700000, 0x0000000080700000| Untracked 
|   8|0x0000000080800000, 0x0000000080900000, 0x0000000080900000|100%| O|  |TAMS 0x0000000080900000, 0x0000000080800000| Untracked 
|   9|0x0000000080900000, 0x0000000080a00000, 0x0000000080a00000|100%| O|  |TAMS 0x0000000080a00000, 0x0000000080900000| Untracked 
|  10|0x0000000080a00000, 0x0000000080a5d200, 0x0000000080b00000| 36%| O|  |TAMS 0x0000000080a5d200, 0x0000000080a00000| Untracked 
|  11|0x0000000080b00000, 0x0000000080c00000, 0x0000000080c00000|100%| O|  |TAMS 0x0000000080b00000, 0x0000000080b00000| Untracked 
|  12|0x0000000080c00000, 0x0000000080d00000, 0x0000000080d00000|100%| O|  |TAMS 0x0000000080c00000, 0x0000000080c00000| Untracked 
|  13|0x0000000080d00000, 0x0000000080e00000, 0x0000000080e00000|100%| O|  |TAMS 0x0000000080d00000, 0x0000000080d00000| Untracked 
|  14|0x0000000080e00000, 0x0000000080f00000, 0x0000000080f00000|100%| O|  |TAMS 0x0000000080e00000, 0x0000000080e00000| Untracked 
|  15|0x0000000080f00000, 0x0000000081000000, 0x0000000081000000|100%| O|  |TAMS 0x0000000080f00000, 0x0000000080f00000| Untracked 
|  16|0x0000000081000000, 0x0000000081100000, 0x0000000081100000|100%| O|  |TAMS 0x0000000081000000, 0x0000000081000000| Untracked 
|  17|0x0000000081100000, 0x0000000081200000, 0x0000000081200000|100%| O|  |TAMS 0x0000000081100000, 0x0000000081100000| Untracked 
|  18|0x0000000081200000, 0x0000000081300000, 0x0000000081300000|100%| O|  |TAMS 0x0000000081200000, 0x0000000081200000| Untracked 
|  19|0x0000000081300000, 0x0000000081400000, 0x0000000081400000|100%| O|  |TAMS 0x0000000081300000, 0x0000000081300000| Untracked 
|  20|0x0000000081400000, 0x0000000081500000, 0x0000000081500000|100%| O|  |TAMS 0x0000000081400000, 0x0000000081400000| Untracked 
|  21|0x0000000081500000, 0x0000000081600000, 0x0000000081600000|100%| O|  |TAMS 0x0000000081500000, 0x0000000081500000| Untracked 
|  22|0x0000000081600000, 0x0000000081700000, 0x0000000081700000|100%| O|  |TAMS 0x0000000081600000, 0x0000000081600000| Untracked 
|  23|0x0000000081700000, 0x0000000081800000, 0x0000000081800000|100%| O|  |TAMS 0x0000000081700000, 0x0000000081700000| Untracked 
|  24|0x0000000081800000, 0x000000008188f600, 0x0000000081900000| 56%| O|  |TAMS 0x0000000081800000, 0x0000000081800000| Untracked 
|  25|0x0000000081900000, 0x0000000081900000, 0x0000000081a00000|  0%| F|  |TAMS 0x0000000081900000, 0x0000000081900000| Untracked 
|  26|0x0000000081a00000, 0x0000000081a00000, 0x0000000081b00000|  0%| F|  |TAMS 0x0000000081a00000, 0x0000000081a00000| Untracked 
|  27|0x0000000081b00000, 0x0000000081b00000, 0x0000000081c00000|  0%| F|  |TAMS 0x0000000081b00000, 0x0000000081b00000| Untracked 
|  28|0x0000000081c00000, 0x0000000081c00000, 0x0000000081d00000|  0%| F|  |TAMS 0x0000000081c00000, 0x0000000081c00000| Untracked 
|  29|0x0000000081d00000, 0x0000000081d00000, 0x0000000081e00000|  0%| F|  |TAMS 0x0000000081d00000, 0x0000000081d00000| Untracked 
|  30|0x0000000081e00000, 0x0000000081f00000, 0x0000000081f00000|100%| O|  |TAMS 0x0000000081e00000, 0x0000000081e00000| Untracked 
|  31|0x0000000081f00000, 0x0000000082000000, 0x0000000082000000|100%| O|  |TAMS 0x0000000081f00000, 0x0000000081f00000| Untracked 
|  32|0x0000000082000000, 0x0000000082000000, 0x0000000082100000|  0%| F|  |TAMS 0x0000000082000000, 0x0000000082000000| Untracked 
|  33|0x0000000082100000, 0x0000000082100000, 0x0000000082200000|  0%| F|  |TAMS 0x0000000082100000, 0x0000000082100000| Untracked 
|  34|0x0000000082200000, 0x0000000082200000, 0x0000000082300000|  0%| F|  |TAMS 0x0000000082200000, 0x0000000082200000| Untracked 
|  35|0x0000000082300000, 0x0000000082300000, 0x0000000082400000|  0%| F|  |TAMS 0x0000000082300000, 0x0000000082300000| Untracked 
|  36|0x0000000082400000, 0x0000000082400000, 0x0000000082500000|  0%| F|  |TAMS 0x0000000082400000, 0x0000000082400000| Untracked 
|  37|0x0000000082500000, 0x0000000082500000, 0x0000000082600000|  0%| F|  |TAMS 0x0000000082500000, 0x0000000082500000| Untracked 
|  38|0x0000000082600000, 0x0000000082600000, 0x0000000082700000|  0%| F|  |TAMS 0x0000000082600000, 0x0000000082600000| Untracked 
|  39|0x0000000082700000, 0x0000000082800000, 0x0000000082800000|100%| S|CS|TAMS 0x0000000082700000, 0x0000000082700000| Complete 
|  40|0x0000000082800000, 0x0000000082900000, 0x0000000082900000|100%| S|CS|TAMS 0x0000000082800000, 0x0000000082800000| Complete 
|  41|0x0000000082900000, 0x0000000082900000, 0x0000000082a00000|  0%| F|  |TAMS 0x0000000082900000, 0x0000000082900000| Untracked 
|  42|0x0000000082a00000, 0x0000000082a00000, 0x0000000082b00000|  0%| F|  |TAMS 0x0000000082a00000, 0x0000000082a00000| Untracked 
|  43|0x0000000082b00000, 0x0000000082b00000, 0x0000000082c00000|  0%| F|  |TAMS 0x0000000082b00000, 0x0000000082b00000| Untracked 
|  44|0x0000000082c00000, 0x0000000082c00000, 0x0000000082d00000|  0%| F|  |TAMS 0x0000000082c00000, 0x0000000082c00000| Untracked 
|  45|0x0000000082d00000, 0x0000000082d00000, 0x0000000082e00000|  0%| F|  |TAMS 0x0000000082d00000, 0x0000000082d00000| Untracked 
|  46|0x0000000082e00000, 0x0000000082e00000, 0x0000000082f00000|  0%| F|  |TAMS 0x0000000082e00000, 0x0000000082e00000| Untracked 
|  47|0x0000000082f00000, 0x0000000082f00000, 0x0000000083000000|  0%| F|  |TAMS 0x0000000082f00000, 0x0000000082f00000| Untracked 
|  48|0x0000000083000000, 0x0000000083000000, 0x0000000083100000|  0%| F|  |TAMS 0x0000000083000000, 0x0000000083000000| Untracked 
|  49|0x0000000083100000, 0x0000000083100000, 0x0000000083200000|  0%| F|  |TAMS 0x0000000083100000, 0x0000000083100000| Untracked 
|  50|0x0000000083200000, 0x0000000083200000, 0x0000000083300000|  0%| F|  |TAMS 0x0000000083200000, 0x0000000083200000| Untracked 
|  51|0x0000000083300000, 0x0000000083300000, 0x0000000083400000|  0%| F|  |TAMS 0x0000000083300000, 0x0000000083300000| Untracked 
|  52|0x0000000083400000, 0x0000000083400000, 0x0000000083500000|  0%| F|  |TAMS 0x0000000083400000, 0x0000000083400000| Untracked 
|  53|0x0000000083500000, 0x0000000083500000, 0x0000000083600000|  0%| F|  |TAMS 0x0000000083500000, 0x0000000083500000| Untracked 
|  54|0x0000000083600000, 0x0000000083600000, 0x0000000083700000|  0%| F|  |TAMS 0x0000000083600000, 0x0000000083600000| Untracked 
|  55|0x0000000083700000, 0x0000000083700000, 0x0000000083800000|  0%| F|  |TAMS 0x0000000083700000, 0x0000000083700000| Untracked 
|  56|0x0000000083800000, 0x0000000083800000, 0x0000000083900000|  0%| F|  |TAMS 0x0000000083800000, 0x0000000083800000| Untracked 
|  57|0x0000000083900000, 0x0000000083900000, 0x0000000083a00000|  0%| F|  |TAMS 0x0000000083900000, 0x0000000083900000| Untracked 
|  58|0x0000000083a00000, 0x0000000083a00000, 0x0000000083b00000|  0%| F|  |TAMS 0x0000000083a00000, 0x0000000083a00000| Untracked 
| 141|0x0000000088d00000, 0x0000000088d00000, 0x0000000088e00000|  0%| F|  |TAMS 0x0000000088d00000, 0x0000000088d00000| Untracked 
| 142|0x0000000088e00000, 0x0000000088e00000, 0x0000000088f00000|  0%| F|  |TAMS 0x0000000088e00000, 0x0000000088e00000| Untracked 
| 143|0x0000000088f00000, 0x0000000088f00000, 0x0000000089000000|  0%| F|  |TAMS 0x0000000088f00000, 0x0000000088f00000| Untracked 
| 144|0x0000000089000000, 0x0000000089000000, 0x0000000089100000|  0%| F|  |TAMS 0x0000000089000000, 0x0000000089000000| Untracked 
| 145|0x0000000089100000, 0x0000000089100000, 0x0000000089200000|  0%| F|  |TAMS 0x0000000089100000, 0x0000000089100000| Untracked 
| 146|0x0000000089200000, 0x0000000089277278, 0x0000000089300000| 46%| E|  |TAMS 0x0000000089200000, 0x0000000089200000| Complete 
| 147|0x0000000089300000, 0x0000000089400000, 0x0000000089400000|100%| E|CS|TAMS 0x0000000089300000, 0x0000000089300000| Complete 
| 148|0x0000000089400000, 0x0000000089500000, 0x0000000089500000|100%| E|CS|TAMS 0x0000000089400000, 0x0000000089400000| Complete 
| 149|0x0000000089500000, 0x0000000089600000, 0x0000000089600000|100%| E|CS|TAMS 0x0000000089500000, 0x0000000089500000| Complete 
| 150|0x0000000089600000, 0x0000000089700000, 0x0000000089700000|100%| E|CS|TAMS 0x0000000089600000, 0x0000000089600000| Complete 
| 151|0x0000000089700000, 0x0000000089800000, 0x0000000089800000|100%| E|CS|TAMS 0x0000000089700000, 0x0000000089700000| Complete 

Card table byte_map: [0x000001915b7c0000,0x000001915bbc0000] _byte_map_base: 0x000001915b3c0000

Marking Bits (Prev, Next): (CMBitMap*) 0x0000019144b908e0, (CMBitMap*) 0x0000019144b908a0
 Prev Bits: [0x000001915dfc0000, 0x000001915ffc0000)
 Next Bits: [0x000001915bfc0000, 0x000001915dfc0000)

Polling page: 0x0000019144310000

Metaspace:

Usage:
  Non-class:     26.63 MB used.
      Class:      4.22 MB used.
       Both:     30.85 MB used.

Virtual space:
  Non-class space:       32.00 MB reserved,      26.81 MB ( 84%) committed,  4 nodes.
      Class space:      412.00 MB reserved,       4.44 MB (  1%) committed,  1 nodes.
             Both:      444.00 MB reserved,      31.25 MB (  7%) committed. 

Chunk freelists:
   Non-Class:  1.16 MB
       Class:  3.62 MB
        Both:  4.79 MB

MaxMetaspaceSize: 512.00 MB
CompressedClassSpaceSize: 412.00 MB
Initial GC threshold: 21.00 MB
Current GC threshold: 35.12 MB
CDS: on
MetaspaceReclaimPolicy: balanced
 - commit_granule_bytes: 65536.
 - commit_granule_words: 8192.
 - virtual_space_node_default_size: 1048576.
 - enlarge_chunks_in_place: 1.
 - new_chunks_are_fully_committed: 0.
 - uncommit_free_chunks: 1.
 - use_allocation_guard: 0.
 - handle_deallocations: 1.


Internal statistics:

num_allocs_failed_limit: 3.
num_arena_births: 338.
num_arena_deaths: 0.
num_vsnodes_births: 5.
num_vsnodes_deaths: 0.
num_space_committed: 500.
num_space_uncommitted: 0.
num_chunks_returned_to_freelist: 3.
num_chunks_taken_from_freelist: 1419.
num_chunk_merges: 3.
num_chunk_splits: 965.
num_chunks_enlarged: 698.
num_purges: 0.
num_inconsistent_stats: 0.

CodeHeap 'non-profiled nmethods': size=120000Kb used=2400Kb max_used=2400Kb free=117599Kb
 bounds [0x0000019153e90000, 0x0000019154100000, 0x000001915b3c0000]
CodeHeap 'profiled nmethods': size=120000Kb used=8353Kb max_used=8353Kb free=111646Kb
 bounds [0x000001914c3c0000, 0x000001914cbf0000, 0x00000191538f0000]
CodeHeap 'non-nmethods': size=5760Kb used=2278Kb max_used=2343Kb free=3481Kb
 bounds [0x00000191538f0000, 0x0000019153b60000, 0x0000019153e90000]
 total_blobs=4781 nmethods=3997 adapters=696
 compilation: enabled
              stopped_count=0, restarted_count=0
 full_count=0

Compilation events (20 events):
Event: 61.932 Thread 0x00000191624ca600 4005       3       com.google.common.collect.MapMakerInternalMap$StrongKeyWeakValueSegment::self (2 bytes)
Event: 61.932 Thread 0x00000191624ca600 nmethod 4005 0x000001914cbe4690 code [0x000001914cbe4820, 0x000001914cbe4938]
Event: 61.933 Thread 0x00000191624ca600 4006       3       sun.reflect.generics.repository.GenericDeclRepository::computeTypeParameters (65 bytes)
Event: 61.934 Thread 0x00000191624ca600 nmethod 4006 0x000001914cbe4a10 code [0x000001914cbe4c60, 0x000001914cbe5a38]
Event: 61.934 Thread 0x00000191624ca600 4007       3       org.codehaus.groovy.util.ComplexKeyHashMap$1::<init> (64 bytes)
Event: 61.935 Thread 0x00000191624ca600 nmethod 4007 0x000001914cbe5f10 code [0x000001914cbe60c0, 0x000001914cbe6418]
Event: 61.935 Thread 0x00000191624ca600 4008       3       java.util.stream.ReferencePipeline::toArray (18 bytes)
Event: 61.936 Thread 0x00000191624ca600 nmethod 4008 0x000001914cbe6590 code [0x000001914cbe6740, 0x000001914cbe6988]
Event: 61.936 Thread 0x00000191624ca600 4009       3       java.util.stream.AbstractPipeline::evaluate (44 bytes)
Event: 61.936 Thread 0x00000191624ca600 nmethod 4009 0x000001914cbe6a90 code [0x000001914cbe6ce0, 0x000001914cbe75e8]
Event: 61.936 Thread 0x00000191624ca600 4010       3       java.util.stream.ReferencePipeline::makeNodeBuilder (6 bytes)
Event: 61.936 Thread 0x00000191624ca600 nmethod 4010 0x000001914cbe7890 code [0x000001914cbe7a20, 0x000001914cbe7b68]
Event: 61.936 Thread 0x00000191624ca600 4011       3       java.util.stream.Nodes::builder (30 bytes)
Event: 61.937 Thread 0x00000191624ca600 nmethod 4011 0x000001914cbe7c10 code [0x000001914cbe7e00, 0x000001914cbe8428]
Event: 61.937 Thread 0x00000191624ca600 4012       1       groovyjarjarasm.asm.SymbolTable::getMajorVersion (5 bytes)
Event: 61.937 Thread 0x00000191624ca600 nmethod 4012 0x00000191540e3510 code [0x00000191540e36a0, 0x00000191540e3778]
Event: 61.940 Thread 0x00000191624ca600 4013       1       org.gradle.internal.logging.sink.OutputEventListenerManager::access$000 (5 bytes)
Event: 61.940 Thread 0x00000191624ca600 nmethod 4013 0x00000191540e3810 code [0x00000191540e39a0, 0x00000191540e3a58]
Event: 61.940 Thread 0x00000191624ca600 4014       1       org.gradle.internal.logging.sink.OutputEventListenerManager::access$100 (5 bytes)
Event: 61.940 Thread 0x00000191624ca600 nmethod 4014 0x00000191540e3b10 code [0x00000191540e3ca0, 0x00000191540e3d58]

GC Heap History (14 events):
Event: 10.817 GC heap before
{Heap before GC invocations=0 (full 0):
 garbage-first heap   total 262144K, used 15360K [0x0000000080000000, 0x0000000100000000)
  region size 1024K, 13 young (13312K), 0 survivors (0K)
 Metaspace       used 947K, committed 1088K, reserved 430080K
  class space    used 73K, committed 128K, reserved 421888K
}
Event: 12.464 GC heap after
{Heap after GC invocations=1 (full 0):
 garbage-first heap   total 262144K, used 3972K [0x0000000080000000, 0x0000000100000000)
  region size 1024K, 2 young (2048K), 2 survivors (2048K)
 Metaspace       used 947K, committed 1088K, reserved 430080K
  class space    used 73K, committed 128K, reserved 421888K
}
Event: 14.958 GC heap before
{Heap before GC invocations=1 (full 0):
 garbage-first heap   total 262144K, used 20356K [0x0000000080000000, 0x0000000100000000)
  region size 1024K, 16 young (16384K), 2 survivors (2048K)
 Metaspace       used 3767K, committed 3968K, reserved 430080K
  class space    used 472K, committed 576K, reserved 421888K
}
Event: 14.961 GC heap after
{Heap after GC invocations=2 (full 0):
 garbage-first heap   total 262144K, used 9216K [0x0000000080000000, 0x0000000100000000)
  region size 1024K, 2 young (2048K), 2 survivors (2048K)
 Metaspace       used 3767K, committed 3968K, reserved 430080K
  class space    used 472K, committed 576K, reserved 421888K
}
Event: 17.493 GC heap before
{Heap before GC invocations=2 (full 0):
 garbage-first heap   total 262144K, used 30720K [0x0000000080000000, 0x0000000100000000)
  region size 1024K, 23 young (23552K), 2 survivors (2048K)
 Metaspace       used 3890K, committed 4096K, reserved 430080K
  class space    used 473K, committed 576K, reserved 421888K
}
Event: 17.496 GC heap after
{Heap after GC invocations=3 (full 0):
 garbage-first heap   total 262144K, used 12660K [0x0000000080000000, 0x0000000100000000)
  region size 1024K, 3 young (3072K), 3 survivors (3072K)
 Metaspace       used 3890K, committed 4096K, reserved 430080K
  class space    used 473K, committed 576K, reserved 421888K
}
Event: 34.559 GC heap before
{Heap before GC invocations=3 (full 0):
 garbage-first heap   total 262144K, used 115060K [0x0000000080000000, 0x0000000100000000)
  region size 1024K, 104 young (106496K), 3 survivors (3072K)
 Metaspace       used 21204K, committed 21504K, reserved 446464K
  class space    used 3116K, committed 3264K, reserved 421888K
}
Event: 34.573 GC heap after
{Heap after GC invocations=4 (full 0):
 garbage-first heap   total 262144K, used 20597K [0x0000000080000000, 0x0000000100000000)
  region size 1024K, 11 young (11264K), 11 survivors (11264K)
 Metaspace       used 21204K, committed 21504K, reserved 446464K
  class space    used 3116K, committed 3264K, reserved 421888K
}
Event: 37.832 GC heap before
{Heap before GC invocations=5 (full 0):
 garbage-first heap   total 71680K, used 51317K [0x0000000080000000, 0x0000000100000000)
  region size 1024K, 42 young (43008K), 11 survivors (11264K)
 Metaspace       used 27844K, committed 28160K, reserved 454656K
  class space    used 3873K, committed 4032K, reserved 421888K
}
Event: 37.849 GC heap after
{Heap after GC invocations=6 (full 0):
 garbage-first heap   total 71680K, used 24910K [0x0000000080000000, 0x0000000100000000)
  region size 1024K, 5 young (5120K), 5 survivors (5120K)
 Metaspace       used 27844K, committed 28160K, reserved 454656K
  class space    used 3873K, committed 4032K, reserved 421888K
}
Event: 44.070 GC heap before
{Heap before GC invocations=6 (full 0):
 garbage-first heap   total 71680K, used 53582K [0x0000000080000000, 0x0000000100000000)
  region size 1024K, 31 young (31744K), 5 survivors (5120K)
 Metaspace       used 30057K, committed 30400K, reserved 454656K
  class space    used 4105K, committed 4288K, reserved 421888K
}
Event: 44.076 GC heap after
{Heap after GC invocations=7 (full 0):
 garbage-first heap   total 71680K, used 26390K [0x0000000080000000, 0x0000000100000000)
  region size 1024K, 3 young (3072K), 3 survivors (3072K)
 Metaspace       used 30057K, committed 30400K, reserved 454656K
  class space    used 4105K, committed 4288K, reserved 421888K
}
Event: 61.670 GC heap before
{Heap before GC invocations=7 (full 0):
 garbage-first heap   total 71680K, used 53014K [0x0000000080000000, 0x0000000100000000)
  region size 1024K, 29 young (29696K), 3 survivors (3072K)
 Metaspace       used 31417K, committed 31808K, reserved 454656K
  class space    used 4298K, committed 4480K, reserved 421888K
}
Event: 61.676 GC heap after
{Heap after GC invocations=8 (full 0):
 garbage-first heap   total 71680K, used 28594K [0x0000000080000000, 0x0000000100000000)
  region size 1024K, 2 young (2048K), 2 survivors (2048K)
 Metaspace       used 31417K, committed 31808K, reserved 454656K
  class space    used 4298K, committed 4480K, reserved 421888K
}

Deoptimization events (20 events):
Event: 44.482 Thread 0x0000019164036fb0 Uncommon trap: trap_request=0xffffffc6 fr.pc=0x0000019154087bd4 relative=0x00000000000008b4
Event: 44.482 Thread 0x0000019164036fb0 Uncommon trap: reason=bimorphic_or_optimized_type_check action=maybe_recompile pc=0x0000019154087bd4 method=java.io.BufferedInputStream.read([BII)I @ 101 c2
Event: 44.482 Thread 0x0000019164036fb0 DEOPT PACKING pc=0x0000019154087bd4 sp=0x0000006056bfe1d0
Event: 44.482 Thread 0x0000019164036fb0 DEOPT UNPACKING pc=0x00000191539423a3 sp=0x0000006056bfe188 mode 2
Event: 44.610 Thread 0x0000019164034e00 Uncommon trap: trap_request=0xffffffc6 fr.pc=0x0000019154087bd4 relative=0x00000000000008b4
Event: 44.610 Thread 0x0000019164034e00 Uncommon trap: reason=bimorphic_or_optimized_type_check action=maybe_recompile pc=0x0000019154087bd4 method=java.io.BufferedInputStream.read([BII)I @ 101 c2
Event: 44.610 Thread 0x0000019164034e00 DEOPT PACKING pc=0x0000019154087bd4 sp=0x0000006056dfe4e0
Event: 44.610 Thread 0x0000019164034e00 DEOPT UNPACKING pc=0x00000191539423a3 sp=0x0000006056dfe498 mode 2
Event: 44.744 Thread 0x0000019164036610 Uncommon trap: trap_request=0xffffffde fr.pc=0x0000019154087c4c relative=0x000000000000092c
Event: 44.744 Thread 0x0000019164036610 Uncommon trap: reason=class_check action=maybe_recompile pc=0x0000019154087c4c method=java.io.BufferedInputStream.read1([BII)I @ 39 c2
Event: 44.744 Thread 0x0000019164036610 DEOPT PACKING pc=0x0000019154087c4c sp=0x00000060567f9570
Event: 44.744 Thread 0x0000019164036610 DEOPT UNPACKING pc=0x00000191539423a3 sp=0x00000060567f94a8 mode 2
Event: 44.785 Thread 0x0000019164036fb0 Uncommon trap: trap_request=0xffffffc6 fr.pc=0x0000019154087bd4 relative=0x00000000000008b4
Event: 44.785 Thread 0x0000019164036fb0 Uncommon trap: reason=bimorphic_or_optimized_type_check action=maybe_recompile pc=0x0000019154087bd4 method=java.io.BufferedInputStream.read([BII)I @ 101 c2
Event: 44.785 Thread 0x0000019164036fb0 DEOPT PACKING pc=0x0000019154087bd4 sp=0x0000006056bfe1e0
Event: 44.785 Thread 0x0000019164036fb0 DEOPT UNPACKING pc=0x00000191539423a3 sp=0x0000006056bfe198 mode 2
Event: 61.683 Thread 0x0000019164036610 Uncommon trap: trap_request=0xffffff45 fr.pc=0x0000019154008cbc relative=0x000000000000011c
Event: 61.683 Thread 0x0000019164036610 Uncommon trap: reason=unstable_if action=reinterpret pc=0x0000019154008cbc method=java.util.Arrays.hashCode([Ljava/lang/Object;)I @ 34 c2
Event: 61.683 Thread 0x0000019164036610 DEOPT PACKING pc=0x0000019154008cbc sp=0x00000060567f8370
Event: 61.683 Thread 0x0000019164036610 DEOPT UNPACKING pc=0x00000191539423a3 sp=0x00000060567f82e8 mode 2

Classes unloaded (0 events):
No events

Classes redefined (0 events):
No events

Internal exceptions (20 events):
Event: 61.660 Thread 0x0000019164036610 Exception <a 'java/lang/ClassNotFoundException'{0x0000000082f36fa8}: groovy/lang/GStringBeanInfo> (0x0000000082f36fa8) 
thrown [s\open\src\hotspot\share\classfile\systemDictionary.cpp, line 256]
Event: 61.662 Thread 0x0000019164036610 Exception <a 'java/lang/ClassNotFoundException'{0x0000000082f5bde8}: groovy/lang/GStringCustomizer> (0x0000000082f5bde8) 
thrown [s\open\src\hotspot\share\classfile\systemDictionary.cpp, line 256]
Event: 61.663 Thread 0x0000019164036610 Exception <a 'java/lang/ClassNotFoundException'{0x0000000082f8ab48}: groovy/lang/GString$1Customizer> (0x0000000082f8ab48) 
thrown [s\open\src\hotspot\share\classfile\systemDictionary.cpp, line 256]
Event: 61.677 Thread 0x0000019164036610 Exception <a 'java/lang/ClassNotFoundException'{0x0000000089724d70}: org/codehaus/groovy/runtime/GStringImplBeanInfo> (0x0000000089724d70) 
thrown [s\open\src\hotspot\share\classfile\systemDictionary.cpp, line 256]
Event: 61.681 Thread 0x0000019164036610 Exception <a 'java/lang/ClassNotFoundException'{0x00000000895c25e0}: org/codehaus/groovy/runtime/GStringImplCustomizer> (0x00000000895c25e0) 
thrown [s\open\src\hotspot\share\classfile\systemDictionary.cpp, line 256]
Event: 61.683 Thread 0x0000019164036610 Implicit null exception at 0x0000019154008bec to 0x0000019154008ca0
Event: 61.684 Thread 0x0000019164036610 Exception <a 'java/lang/ClassNotFoundException'{0x00000000895dd048}: groovy/runtime/metaclass/[LExpoModuleGradlePlugin;MetaClass> (0x00000000895dd048) 
thrown [s\open\src\hotspot\share\prims\jni.cpp, line 535]
Event: 61.684 Thread 0x0000019164036610 Exception <a 'java/lang/ClassNotFoundException'{0x00000000895e3db8}: [LExpoModuleGradlePlugin;BeanInfo> (0x00000000895e3db8) 
thrown [s\open\src\hotspot\share\prims\jni.cpp, line 535]
Event: 61.684 Thread 0x0000019164036610 Exception <a 'java/lang/ClassNotFoundException'{0x00000000895e4e20}: [LExpoModuleGradlePlugin;BeanInfo> (0x00000000895e4e20) 
thrown [s\open\src\hotspot\share\prims\jni.cpp, line 535]
Event: 61.684 Thread 0x0000019164036610 Exception <a 'java/lang/ClassNotFoundException'{0x00000000895e5e88}: [LExpoModuleGradlePlugin;BeanInfo> (0x00000000895e5e88) 
thrown [s\open\src\hotspot\share\prims\jni.cpp, line 535]
Event: 61.684 Thread 0x0000019164036610 Exception <a 'java/lang/ClassNotFoundException'{0x00000000895e6f80}: [LExpoModuleGradlePlugin;Customizer> (0x00000000895e6f80) 
thrown [s\open\src\hotspot\share\prims\jni.cpp, line 535]
Event: 61.684 Thread 0x0000019164036610 Exception <a 'java/lang/ClassNotFoundException'{0x00000000895e7fe8}: [LExpoModuleGradlePlugin;Customizer> (0x00000000895e7fe8) 
thrown [s\open\src\hotspot\share\prims\jni.cpp, line 535]
Event: 61.684 Thread 0x0000019164036610 Exception <a 'java/lang/ClassNotFoundException'{0x00000000895e9050}: [LExpoModuleGradlePlugin;Customizer> (0x00000000895e9050) 
thrown [s\open\src\hotspot\share\prims\jni.cpp, line 535]
Event: 61.837 Thread 0x0000019164036610 Exception <a 'java/lang/ClassNotFoundException'{0x00000000893108e8}: org/gradle/invocation/DefaultGradle_DecoratedBeanInfo> (0x00000000893108e8) 
thrown [s\open\src\hotspot\share\classfile\systemDictionary.cpp, line 256]
Event: 61.838 Thread 0x0000019164036610 Exception <a 'java/lang/ClassNotFoundException'{0x00000000893213d0}: org/gradle/invocation/DefaultGradleBeanInfo> (0x00000000893213d0) 
thrown [s\open\src\hotspot\share\classfile\systemDictionary.cpp, line 256]
Event: 61.839 Thread 0x0000019164036610 Exception <a 'java/lang/ClassNotFoundException'{0x00000000893322c8}: org/gradle/invocation/DefaultGradleCustomizer> (0x00000000893322c8) 
thrown [s\open\src\hotspot\share\classfile\systemDictionary.cpp, line 256]
Event: 61.843 Thread 0x0000019164036610 Exception <a 'java/lang/ClassNotFoundException'{0x0000000089375a00}: org/gradle/invocation/DefaultGradle_DecoratedCustomizer> (0x0000000089375a00) 
thrown [s\open\src\hotspot\share\classfile\systemDictionary.cpp, line 256]
Event: 61.932 Thread 0x0000019164036610 Exception <a 'java/lang/ClassNotFoundException'{0x000000008920ca10}: org/gradle/configuration/internal/DefaultListenerBuildOperationDecorator$BuildOperationEmittingClosureBeanInfo> (0x000000008920ca10) 
thrown [s\open\src\hotspot\share\classfile\systemDictionary.cpp, line 256]
Event: 61.933 Thread 0x0000019164036610 Exception <a 'java/lang/ClassNotFoundException'{0x000000008921eb30}: org/gradle/configuration/internal/DefaultListenerBuildOperationDecorator$BuildOperationEmittingClosureCustomizer> (0x000000008921eb30) 
thrown [s\open\src\hotspot\share\classfile\systemDictionary.cpp, line 256]
Event: 61.939 Thread 0x0000019164036610 Exception <a 'java/io/IOException'{0x00000000892440a0}: CreateProcess error=1450, Insufficient system resources exist to complete the requested service> (0x00000000892440a0) 
thrown [s\open\src\hotspot\share\prims\jni.cpp, line 535]

VM Operations (20 events):
Event: 45.087 Executing VM operation: Cleanup
Event: 45.087 Executing VM operation: Cleanup done
Event: 51.155 Executing VM operation: Cleanup
Event: 51.155 Executing VM operation: Cleanup done
Event: 52.168 Executing VM operation: Cleanup
Event: 52.168 Executing VM operation: Cleanup done
Event: 54.186 Executing VM operation: Cleanup
Event: 54.186 Executing VM operation: Cleanup done
Event: 55.187 Executing VM operation: Cleanup
Event: 55.240 Executing VM operation: Cleanup done
Event: 56.245 Executing VM operation: Cleanup
Event: 56.245 Executing VM operation: Cleanup done
Event: 59.284 Executing VM operation: Cleanup
Event: 59.284 Executing VM operation: Cleanup done
Event: 60.297 Executing VM operation: Cleanup
Event: 60.297 Executing VM operation: Cleanup done
Event: 61.299 Executing VM operation: Cleanup
Event: 61.434 Executing VM operation: Cleanup done
Event: 61.670 Executing VM operation: G1CollectForAllocation
Event: 61.676 Executing VM operation: G1CollectForAllocation done

Events (20 events):
Event: 51.279 loading class java/lang/StringBufferCustomizer done
Event: 51.279 loading class java/lang/StringBufferCustomizer
Event: 51.279 loading class java/lang/StringBufferCustomizer done
Event: 51.283 loading class java/io/Console
Event: 51.283 loading class java/io/Console done
Event: 51.284 loading class java/lang/SystemBeanInfo
Event: 51.284 loading class java/lang/SystemBeanInfo done
Event: 51.284 loading class java/lang/SystemBeanInfo
Event: 51.284 loading class java/lang/SystemBeanInfo done
Event: 51.284 loading class java/lang/SystemCustomizer
Event: 51.284 loading class java/lang/SystemCustomizer done
Event: 51.284 loading class java/lang/SystemCustomizer
Event: 51.284 loading class java/lang/SystemCustomizer done
Event: 51.288 Thread 0x00000191659bf6a0 Thread added: 0x00000191659bf6a0
Event: 51.288 Thread 0x00000191659c4870 Thread added: 0x00000191659c4870
Event: 61.191 Thread 0x00000191659bf6a0 Thread exited: 0x00000191659bf6a0
Event: 61.191 Thread 0x00000191659c4870 Thread exited: 0x00000191659c4870
Event: 61.463 Thread 0x0000019166e7aa00 Thread added: 0x0000019166e7aa00
Event: 61.646 Thread 0x0000019166e7aa00 Thread exited: 0x0000019166e7aa00
Event: 61.948 loading class java/lang/StackTraceElement$HashedModules


Dynamic libraries:
0x00007ff649ef0000 - 0x00007ff649f00000 	C:\Program Files\Java\jdk-17\bin\java.exe
0x00007ffa90ab0000 - 0x00007ffa90ca8000 	C:\Windows\SYSTEM32\ntdll.dll
0x00007ffa8eeb0000 - 0x00007ffa8ef6f000 	C:\Windows\System32\KERNEL32.DLL
0x00007ffa8e320000 - 0x00007ffa8e616000 	C:\Windows\System32\KERNELBASE.dll
0x00007ffa8ea10000 - 0x00007ffa8eb10000 	C:\Windows\System32\ucrtbase.dll
0x00007ffa714f0000 - 0x00007ffa71509000 	C:\Program Files\Java\jdk-17\bin\jli.dll
0x00007ffa905c0000 - 0x00007ffa9066f000 	C:\Windows\System32\ADVAPI32.dll
0x00007ffa90690000 - 0x00007ffa9072e000 	C:\Windows\System32\msvcrt.dll
0x00007ffa909a0000 - 0x00007ffa90a3c000 	C:\Windows\System32\sechost.dll
0x00007ffa8ebd0000 - 0x00007ffa8ecf6000 	C:\Windows\System32\RPCRT4.dll
0x00007ffa8ed00000 - 0x00007ffa8ee9d000 	C:\Windows\System32\USER32.dll
0x00007ffa8e950000 - 0x00007ffa8e972000 	C:\Windows\System32\win32u.dll
0x00007ffa8fd90000 - 0x00007ffa8fdbc000 	C:\Windows\System32\GDI32.dll
0x00007ffa8e670000 - 0x00007ffa8e785000 	C:\Windows\System32\gdi32full.dll
0x00007ffa8e8b0000 - 0x00007ffa8e94d000 	C:\Windows\System32\msvcp_win.dll
0x00007ffa69870000 - 0x00007ffa6988b000 	C:\Program Files\Java\jdk-17\bin\VCRUNTIME140.dll
0x00007ffa6a860000 - 0x00007ffa6aafa000 	C:\Windows\WinSxS\amd64_microsoft.windows.common-controls_6595b64144ccf1df_6.0.19041.1110_none_60b5254171f9507e\COMCTL32.dll
0x00007ffa85600000 - 0x00007ffa8560a000 	C:\Windows\SYSTEM32\VERSION.dll
0x00007ffa90a40000 - 0x00007ffa90a70000 	C:\Windows\System32\IMM32.DLL
0x00007ffa7f3a0000 - 0x00007ffa7f3ac000 	C:\Program Files\Java\jdk-17\bin\vcruntime140_1.dll
0x00007ffa5b930000 - 0x00007ffa5b9be000 	C:\Program Files\Java\jdk-17\bin\msvcp140.dll
0x00007ff9f6400000 - 0x00007ff9f6fdd000 	C:\Program Files\Java\jdk-17\bin\server\jvm.dll
0x00007ffa8eea0000 - 0x00007ffa8eea8000 	C:\Windows\System32\PSAPI.DLL
0x00007ffa7dea0000 - 0x00007ffa7dea9000 	C:\Windows\SYSTEM32\WSOCK32.dll
0x00007ffa8fcc0000 - 0x00007ffa8fd2b000 	C:\Windows\System32\WS2_32.dll
0x00007ffa62d90000 - 0x00007ffa62db7000 	C:\Windows\SYSTEM32\WINMM.dll
0x00007ffa8c9c0000 - 0x00007ffa8c9d2000 	C:\Windows\SYSTEM32\kernel.appcore.dll
0x00007ffa7ddb0000 - 0x00007ffa7ddba000 	C:\Program Files\Java\jdk-17\bin\jimage.dll
0x00007ffa88d90000 - 0x00007ffa88f74000 	C:\Windows\SYSTEM32\DBGHELP.DLL
0x00007ffa7c6a0000 - 0x00007ffa7c6d4000 	C:\Windows\SYSTEM32\dbgcore.DLL
0x00007ffa8e980000 - 0x00007ffa8ea02000 	C:\Windows\System32\bcryptPrimitives.dll
0x00007ffa66310000 - 0x00007ffa66335000 	C:\Program Files\Java\jdk-17\bin\java.dll
0x00007ffa58170000 - 0x00007ffa58247000 	C:\Program Files\Java\jdk-17\bin\jsvml.dll
0x00007ffa8fdc0000 - 0x00007ffa90504000 	C:\Windows\System32\SHELL32.dll
0x00007ffa8c040000 - 0x00007ffa8c7d3000 	C:\Windows\SYSTEM32\windows.storage.dll
0x00007ffa8eff0000 - 0x00007ffa8f344000 	C:\Windows\System32\combase.dll
0x00007ffa8db00000 - 0x00007ffa8db2e000 	C:\Windows\SYSTEM32\Wldp.dll
0x00007ffa8eb10000 - 0x00007ffa8ebbd000 	C:\Windows\System32\SHCORE.dll
0x00007ffa8fae0000 - 0x00007ffa8fb35000 	C:\Windows\System32\shlwapi.dll
0x00007ffa8e0c0000 - 0x00007ffa8e0e5000 	C:\Windows\SYSTEM32\profapi.dll
0x00007ffa67260000 - 0x00007ffa67279000 	C:\Program Files\Java\jdk-17\bin\net.dll
0x00007ffa83710000 - 0x00007ffa8381a000 	C:\Windows\SYSTEM32\WINHTTP.dll
0x00007ffa8d860000 - 0x00007ffa8d8ca000 	C:\Windows\system32\mswsock.dll
0x00007ffa66bf0000 - 0x00007ffa66c06000 	C:\Program Files\Java\jdk-17\bin\nio.dll
0x00007ffa666a0000 - 0x00007ffa666b8000 	C:\Program Files\Java\jdk-17\bin\zip.dll
0x00007ffa86230000 - 0x00007ffa86240000 	C:\Program Files\Java\jdk-17\bin\verify.dll
0x00007ffa7f460000 - 0x00007ffa7f487000 	C:\Users\ss\.gradle\native\e1d6ef7f7dcc3fd88c89a11ec53ec762bb8ba0a96d01ffa2cd45eb1d1d8dd5c5\windows-amd64\native-platform.dll
0x00007ffa51060000 - 0x00007ffa511a4000 	C:\Users\ss\.gradle\native\5664cfc778a61ccfe75a443a1ab52a65af34e5dc3c78e0209fed803814484fcb\windows-amd64\native-platform-file-events.dll
0x00007ffa86770000 - 0x00007ffa8677a000 	C:\Program Files\Java\jdk-17\bin\management.dll
0x00007ffa857e0000 - 0x00007ffa857eb000 	C:\Program Files\Java\jdk-17\bin\management_ext.dll
0x00007ffa8da50000 - 0x00007ffa8da68000 	C:\Windows\SYSTEM32\CRYPTSP.dll
0x00007ffa8d170000 - 0x00007ffa8d1a4000 	C:\Windows\system32\rsaenh.dll
0x00007ffa8e2f0000 - 0x00007ffa8e317000 	C:\Windows\System32\bcrypt.dll
0x00007ffa8e080000 - 0x00007ffa8e0ae000 	C:\Windows\SYSTEM32\USERENV.dll
0x00007ffa8da70000 - 0x00007ffa8da7c000 	C:\Windows\SYSTEM32\CRYPTBASE.dll
0x00007ffa8d550000 - 0x00007ffa8d58b000 	C:\Windows\SYSTEM32\IPHLPAPI.DLL
0x00007ffa8f350000 - 0x00007ffa8f358000 	C:\Windows\System32\NSI.dll
0x00007ffa83af0000 - 0x00007ffa83b07000 	C:\Windows\SYSTEM32\dhcpcsvc6.DLL
0x00007ffa843e0000 - 0x00007ffa843fd000 	C:\Windows\SYSTEM32\dhcpcsvc.DLL
0x00007ffa8d590000 - 0x00007ffa8d65a000 	C:\Windows\SYSTEM32\DNSAPI.dll
0x00007ffa857d0000 - 0x00007ffa857dd000 	C:\Program Files\Java\jdk-17\bin\sunmscapi.dll
0x00007ffa8e190000 - 0x00007ffa8e2ee000 	C:\Windows\System32\CRYPT32.dll
0x00007ffa8db70000 - 0x00007ffa8db98000 	C:\Windows\SYSTEM32\ncrypt.dll
0x00007ffa8db30000 - 0x00007ffa8db6b000 	C:\Windows\SYSTEM32\NTASN1.dll
0x00007ffa5bc40000 - 0x00007ffa5bc47000 	C:\Windows\system32\wshunix.dll

dbghelp: loaded successfully - version: 4.0.5 - missing functions: none
symbol engine: initialized successfully - sym options: 0x614 - pdb path: .;C:\Program Files\Java\jdk-17\bin;C:\Windows\SYSTEM32;C:\Windows\WinSxS\amd64_microsoft.windows.common-controls_6595b64144ccf1df_6.0.19041.1110_none_60b5254171f9507e;C:\Program Files\Java\jdk-17\bin\server;C:\Users\ss\.gradle\native\e1d6ef7f7dcc3fd88c89a11ec53ec762bb8ba0a96d01ffa2cd45eb1d1d8dd5c5\windows-amd64;C:\Users\ss\.gradle\native\5664cfc778a61ccfe75a443a1ab52a65af34e5dc3c78e0209fed803814484fcb\windows-amd64

VM Arguments:
jvm_args: -XX:MaxMetaspaceSize=512m --add-opens=java.base/java.util=ALL-UNNAMED --add-opens=java.base/java.lang=ALL-UNNAMED --add-opens=java.base/java.lang.invoke=ALL-UNNAMED --add-opens=java.base/java.util=ALL-UNNAMED --add-opens=java.prefs/java.util.prefs=ALL-UNNAMED --add-opens=java.prefs/java.util.prefs=ALL-UNNAMED --add-opens=java.base/java.nio.charset=ALL-UNNAMED --add-opens=java.base/java.net=ALL-UNNAMED --add-opens=java.base/java.util.concurrent.atomic=ALL-UNNAMED -Xmx2048m -Dfile.encoding=windows-1252 -Duser.country=IN -Duser.language=en -Duser.variant 
java_command: org.gradle.launcher.daemon.bootstrap.GradleDaemon 7.3.3
java_class_path (initial): C:\Users\ss\.gradle\wrapper\dists\gradle-7.3.3-all\4295vidhdd9hd3gbjyw1xqxpo\gradle-7.3.3\lib\gradle-launcher-7.3.3.jar
Launcher Type: SUN_STANDARD

[Global flags]
     intx CICompilerCount                          = 3                                         {product} {ergonomic}
   size_t CompressedClassSpaceSize                 = 432013312                                 {product} {ergonomic}
     uint ConcGCThreads                            = 1                                         {product} {ergonomic}
     uint G1ConcRefinementThreads                  = 4                                         {product} {ergonomic}
   size_t G1HeapRegionSize                         = 1048576                                   {product} {ergonomic}
    uintx GCDrainStackTargetSize                   = 64                                        {product} {ergonomic}
   size_t InitialHeapSize                          = 268435456                                 {product} {ergonomic}
   size_t MarkStackSize                            = 4194304                                   {product} {ergonomic}
   size_t MaxHeapSize                              = 2147483648                                {product} {command line}
   size_t MaxMetaspaceSize                         = 536870912                                 {product} {command line}
   size_t MaxNewSize                               = 1287651328                                {product} {ergonomic}
   size_t MinHeapDeltaBytes                        = 1048576                                   {product} {ergonomic}
   size_t MinHeapSize                              = 8388608                                   {product} {ergonomic}
    uintx NonNMethodCodeHeapSize                   = 5832780                                {pd product} {ergonomic}
    uintx NonProfiledCodeHeapSize                  = 122912730                              {pd product} {ergonomic}
    uintx ProfiledCodeHeapSize                     = 122912730                              {pd product} {ergonomic}
    uintx ReservedCodeCacheSize                    = 251658240                              {pd product} {ergonomic}
     bool SegmentedCodeCache                       = true                                      {product} {ergonomic}
   size_t SoftMaxHeapSize                          = 2147483648                             {manageable} {ergonomic}
     bool UseCompressedClassPointers               = true                           {product lp64_product} {ergonomic}
     bool UseCompressedOops                        = true                           {product lp64_product} {ergonomic}
     bool UseG1GC                                  = true                                      {product} {ergonomic}
     bool UseLargePagesIndividualAllocation        = false                                  {pd product} {ergonomic}

Logging:
Log output configuration:
 #0: stdout all=warning uptime,level,tags
 #1: stderr all=off uptime,level,tags

Environment Variables:
CLASSPATH=C:\Users\ss\Desktop\teachers-vision\android\\gradle\wrapper\gradle-wrapper.jar
PATH=C:\Users\ss\Desktop\teachers-vision\android\node_modules\.bin;C:\Users\ss\Desktop\teachers-vision\node_modules\.bin;C:\Users\ss\Desktop\node_modules\.bin;C:\Users\ss\node_modules\.bin;C:\Users\node_modules\.bin;C:\node_modules\.bin;C:\Program Files\nodejs;C:\Users\ss\Desktop\teachers-vision\node_modules\.bin;C:\Users\ss\Desktop\teachers-vision\node_modules\.bin;C:\Users\ss\Desktop\node_modules\.bin;C:\Users\ss\node_modules\.bin;C:\Users\node_modules\.bin;C:\node_modules\.bin;C:\Users\ss\AppData\Roaming\nvm\v16.16.0\node_modules\npm\node_modules\@npmcli\run-script\lib\node-gyp-bin;C:\Users\ss\Desktop\teachers-vision\node_modules\.bin;C:\Users\ss\Desktop\node_modules\.bin;C:\Users\ss\node_modules\.bin;C:\Users\node_modules\.bin;C:\node_modules\.bin;C:\Program Files\nodejs;C:\Users\ss\Desktop\teachers-vision\node_modules\.bin;C:\Users\ss\Desktop\teachers-vision\node_modules\.bin;C:\Users\ss\Desktop\node_modules\.bin;C:\Users\ss\node_modules\.bin;C:\Users\node_modules\.bin;C:\node_modules\.bin;C:\Users\ss\AppData\Roaming\nvm\v16.16.0\node_modules\npm\node_modules\@npmcli\run-script\lib\node-gyp-bin;C:\Program Files\Common Files\Oracle\Java\javapath;C:\Program Files (x86)\Common Files\Oracle\Java\javapath;C:\Program Files\Microsoft\jdk-11.0.18.10-hotspot\bin;C:\Program Files\Microsoft MPI\Bin\;C:\Windows\system32;C:\Windows;C:\Windows\System32\Wbem;C:\Windows\System32\WindowsPowerShell\v1.0\;C:\Windows\System32\OpenSSH\;C:\ProgramData\chocolatey\bin;C:\Users\ss\AppData\Local\Android\Sdk\platform-tools;C:\Program Files\Git\cmd;C:\Program Files\Microsoft SQL Server\150\Tools\Binn\;C:\Program Files (x86)\Microsoft SQL Server\160\Tools\Binn\;C:\Program Files\Microsoft SQL Server\160\Tools\Binn\;C:\Program Files\Microsoft SQL Server\Client SDK\ODBC\170\Tools\Binn\;C:\Program Files\Microsoft SQL Server\160\DTS\Binn\;C:\Program Files\dotnet\;C:\Program Files (x86)\dotnet\;C:\Program Files (x86)\Microsoft SQL Server\160\DTS\Binn\;C:\Program Files (x86)\Microsoft SQL Server\150
USERNAME=ss
LANG=en_US.UTF-8
OS=Windows_NT
PROCESSOR_IDENTIFIER=Intel64 Family 6 Model 142 Stepping 9, GenuineIntel



---------------  S Y S T E M  ---------------

OS:
 Windows 10 , 64 bit Build 19041 (10.0.19041.3155)
OS uptime: 1 days 3:07 hours

CPU: total 4 (initial active 4) (2 cores per cpu, 2 threads per core) family 6 model 142 stepping 9 microcode 0xb4, cx8, cmov, fxsr, ht, mmx, 3dnowpref, sse, sse2, sse3, ssse3, sse4.1, sse4.2, popcnt, lzcnt, tsc, tscinvbit, avx, avx2, aes, erms, clmul, bmi1, bmi2, adx, fma, vzeroupper, clflush, clflushopt

Memory: 4k page, system-wide physical 16263M (1094M free)
TotalPageFile size 25038M (AvailPageFile size 326M)
current process WorkingSet (physical memory assigned to process): 192M, peak: 214M
current process commit charge ("private bytes"): 226M, peak: 404M

vm_info: Java HotSpot(TM) 64-Bit Server VM (17.0.7+8-LTS-224) for windows-amd64 JRE (17.0.7+8-LTS-224), built on Feb 28 2023 23:03:02 by "mach5one" with MS VC++ 17.1 (VS2022)

END.
