#
# There is insufficient memory for the Java Runtime Environment to continue.
# Native memory allocation (malloc) failed to allocate 1059936 bytes for Chunk::new
# Possible reasons:
#   The system is out of physical RAM or swap space
#   The process is running with CompressedOops enabled, and the Java Heap may be blocking the growth of the native heap
# Possible solutions:
#   Reduce memory load on the system
#   Increase physical memory or swap space
#   Check if swap backing store is full
#   Decrease Java heap size (-Xmx/-Xms)
#   Decrease number of Java threads
#   Decrease Java thread stack sizes (-Xss)
#   Set larger code cache with -XX:ReservedCodeCacheSize=
#   JVM is running with Unscaled Compressed Oops mode in which the Java heap is
#     placed in the first 4GB address space. The Java Heap base address is the
#     maximum limit for the native heap growth. Please use -XX:HeapBaseMinAddress
#     to set the Java Heap base and to place the Java Heap above 4GB virtual address.
# This output file may be truncated or incomplete.
#
#  Out of Memory Error (arena.cpp:189), pid=20040, tid=3340
#
# JRE version: Java(TM) SE Runtime Environment (17.0.7+8) (build 17.0.7+8-LTS-224)
# Java VM: Java HotSpot(TM) 64-Bit Server VM (17.0.7+8-LTS-224, mixed mode, sharing, tiered, compressed oops, compressed class ptrs, g1 gc, windows-amd64)
# No core dump will be written. Minidumps are not enabled by default on client versions of Windows
#

---------------  S U M M A R Y ------------

Command Line: -XX:MaxMetaspaceSize=512m --add-opens=java.base/java.util=ALL-UNNAMED --add-opens=java.base/java.lang=ALL-UNNAMED --add-opens=java.base/java.lang.invoke=ALL-UNNAMED --add-opens=java.base/java.util=ALL-UNNAMED --add-opens=java.prefs/java.util.prefs=ALL-UNNAMED --add-opens=java.prefs/java.util.prefs=ALL-UNNAMED --add-opens=java.base/java.nio.charset=ALL-UNNAMED --add-opens=java.base/java.net=ALL-UNNAMED --add-opens=java.base/java.util.concurrent.atomic=ALL-UNNAMED -Xmx2048m -Dfile.encoding=windows-1252 -Duser.country=IN -Duser.language=en -Duser.variant org.gradle.launcher.daemon.bootstrap.GradleDaemon 7.3.3

Host: Intel(R) Core(TM) i5-7200U CPU @ 2.50GHz, 4 cores, 15G,  Windows 10 , 64 bit Build 19041 (10.0.19041.3155)
Time: Tue Sep 12 18:13:37 2023 India Standard Time elapsed time: 13.002798 seconds (0d 0h 0m 13s)

---------------  T H R E A D  ---------------

Current thread (0x0000029e7d066d50):  JavaThread "C2 CompilerThread0" daemon [_thread_in_native, id=3340, stack(0x000000dfe2600000,0x000000dfe2700000)]


Current CompileTask:
C2:  13002 2141       4       jdk.internal.org.objectweb.asm.Frame::execute (2305 bytes)

Stack: [0x000000dfe2600000,0x000000dfe2700000]
Native frames: (J=compiled Java code, j=interpreted, Vv=VM code, C=native code)
V  [jvm.dll+0x676a4a]
V  [jvm.dll+0x7d74f4]
V  [jvm.dll+0x7d8c9e]
V  [jvm.dll+0x7d9303]
V  [jvm.dll+0x2452c5]
V  [jvm.dll+0xaaa2b]
V  [jvm.dll+0xaafcc]
V  [jvm.dll+0x2aac2f]
V  [jvm.dll+0x57f375]
V  [jvm.dll+0x2205f2]
V  [jvm.dll+0x2209cf]
V  [jvm.dll+0x219926]
V  [jvm.dll+0x216df9]
V  [jvm.dll+0x1a35e0]
V  [jvm.dll+0x226a6e]
V  [jvm.dll+0x224e15]
V  [jvm.dll+0x78d05c]
V  [jvm.dll+0x78759a]
V  [jvm.dll+0x675875]
C  [ucrtbase.dll+0x21bb2]
C  [KERNEL32.DLL+0x17614]
C  [ntdll.dll+0x526b1]


---------------  P R O C E S S  ---------------

Threads class SMR info:
_java_thread_list=0x0000029e7ddbbd50, length=26, elements={
0x0000029e6e6e92e0, 0x0000029e7d049b20, 0x0000029e7d04a5e0, 0x0000029e7d061700,
0x0000029e7d063fd0, 0x0000029e7d0658a0, 0x0000029e7d066160, 0x0000029e7d066d50,
0x0000029e7d09d350, 0x0000029e7d09d860, 0x0000029e7dca07e0, 0x0000029e7dca8ca0,
0x0000029e7efc8650, 0x0000029e0fcfd330, 0x0000029e0f055090, 0x0000029e0fabe330,
0x0000029e0fafb950, 0x0000029e7ee286e0, 0x0000029e7ee28210, 0x0000029e7ee28bb0,
0x0000029e7ee27d40, 0x0000029e7ee29080, 0x0000029e7ee26060, 0x0000029e7ee26ed0,
0x0000029e7ee29550, 0x0000029e7ee29a20
}

Java Threads: ( => current thread )
  0x0000029e6e6e92e0 JavaThread "main" [_thread_blocked, id=884, stack(0x000000dfe1800000,0x000000dfe1900000)]
  0x0000029e7d049b20 JavaThread "Reference Handler" daemon [_thread_blocked, id=23764, stack(0x000000dfe2000000,0x000000dfe2100000)]
  0x0000029e7d04a5e0 JavaThread "Finalizer" daemon [_thread_blocked, id=19436, stack(0x000000dfe2100000,0x000000dfe2200000)]
  0x0000029e7d061700 JavaThread "Signal Dispatcher" daemon [_thread_blocked, id=21556, stack(0x000000dfe2200000,0x000000dfe2300000)]
  0x0000029e7d063fd0 JavaThread "Attach Listener" daemon [_thread_blocked, id=20280, stack(0x000000dfe2300000,0x000000dfe2400000)]
  0x0000029e7d0658a0 JavaThread "Service Thread" daemon [_thread_blocked, id=4988, stack(0x000000dfe2400000,0x000000dfe2500000)]
  0x0000029e7d066160 JavaThread "Monitor Deflation Thread" daemon [_thread_blocked, id=18004, stack(0x000000dfe2500000,0x000000dfe2600000)]
=>0x0000029e7d066d50 JavaThread "C2 CompilerThread0" daemon [_thread_in_native, id=3340, stack(0x000000dfe2600000,0x000000dfe2700000)]
  0x0000029e7d09d350 JavaThread "C1 CompilerThread0" daemon [_thread_blocked, id=21248, stack(0x000000dfe2700000,0x000000dfe2800000)]
  0x0000029e7d09d860 JavaThread "Sweeper thread" daemon [_thread_blocked, id=12628, stack(0x000000dfe2800000,0x000000dfe2900000)]
  0x0000029e7dca07e0 JavaThread "Common-Cleaner" daemon [_thread_blocked, id=22752, stack(0x000000dfe2900000,0x000000dfe2a00000)]
  0x0000029e7dca8ca0 JavaThread "Notification Thread" daemon [_thread_blocked, id=9092, stack(0x000000dfe2a00000,0x000000dfe2b00000)]
  0x0000029e7efc8650 JavaThread "Daemon health stats" [_thread_blocked, id=11724, stack(0x000000dfe2c00000,0x000000dfe2d00000)]
  0x0000029e0fcfd330 JavaThread "Incoming local TCP Connector on port 49214" [_thread_in_native, id=22544, stack(0x000000dfe3000000,0x000000dfe3100000)]
  0x0000029e0f055090 JavaThread "Daemon periodic checks" [_thread_blocked, id=18920, stack(0x000000dfe3100000,0x000000dfe3200000)]
  0x0000029e0fabe330 JavaThread "Daemon" [_thread_blocked, id=20172, stack(0x000000dfe3300000,0x000000dfe3400000)]
  0x0000029e0fafb950 JavaThread "Handler for socket connection from /127.0.0.1:49214 to /127.0.0.1:49215" [_thread_in_native, id=17524, stack(0x000000dfe3400000,0x000000dfe3500000)]
  0x0000029e7ee286e0 JavaThread "Cancel handler" [_thread_blocked, id=13136, stack(0x000000dfe3200000,0x000000dfe3300000)]
  0x0000029e7ee28210 JavaThread "Daemon worker" [_thread_in_vm, id=16828, stack(0x000000dfe3500000,0x000000dfe3600000)]
  0x0000029e7ee28bb0 JavaThread "Asynchronous log dispatcher for DefaultDaemonConnection: socket connection from /127.0.0.1:49214 to /127.0.0.1:49215" [_thread_blocked, id=22024, stack(0x000000dfe3600000,0x000000dfe3700000)]
  0x0000029e7ee27d40 JavaThread "Stdin handler" [_thread_blocked, id=24416, stack(0x000000dfe3700000,0x000000dfe3800000)]
  0x0000029e7ee29080 JavaThread "Daemon client event forwarder" [_thread_blocked, id=8284, stack(0x000000dfe3800000,0x000000dfe3900000)]
  0x0000029e7ee26060 JavaThread "Cache worker for journal cache (C:\Users\ss\.gradle\caches\journal-1)" [_thread_blocked, id=8940, stack(0x000000dfe3900000,0x000000dfe3a00000)]
  0x0000029e7ee26ed0 JavaThread "File lock request listener" [_thread_in_native, id=24480, stack(0x000000dfe3a00000,0x000000dfe3b00000)]
  0x0000029e7ee29550 JavaThread "File lock release action executor" [_thread_blocked, id=1392, stack(0x000000dfe3b00000,0x000000dfe3c00000)]
  0x0000029e7ee29a20 JavaThread "Cache worker for file hash cache (C:\Users\ss\.gradle\caches\7.3.3\fileHashes)" [_thread_blocked, id=22896, stack(0x000000dfe3c00000,0x000000dfe3d00000)]

Other Threads:
  0x0000029e7d042d10 VMThread "VM Thread" [stack: 0x000000dfe1f00000,0x000000dfe2000000] [id=11316]
  0x0000029e7dcd3130 WatcherThread [stack: 0x000000dfe2b00000,0x000000dfe2c00000] [id=17988]
  0x0000029e6e740df0 GCTaskThread "GC Thread#0" [stack: 0x000000dfe1a00000,0x000000dfe1b00000] [id=23416]
  0x0000029e7de7a760 GCTaskThread "GC Thread#1" [stack: 0x000000dfe2d00000,0x000000dfe2e00000] [id=23100]
  0x0000029e7dff89d0 GCTaskThread "GC Thread#2" [stack: 0x000000dfe2e00000,0x000000dfe2f00000] [id=21888]
  0x0000029e7de55450 GCTaskThread "GC Thread#3" [stack: 0x000000dfe2f00000,0x000000dfe3000000] [id=22828]
  0x0000029e6e751ae0 ConcurrentGCThread "G1 Main Marker" [stack: 0x000000dfe1b00000,0x000000dfe1c00000] [id=19264]
  0x0000029e6e7532b0 ConcurrentGCThread "G1 Conc#0" [stack: 0x000000dfe1c00000,0x000000dfe1d00000] [id=21968]
  0x0000029e6e7bd6b0 ConcurrentGCThread "G1 Refine#0" [stack: 0x000000dfe1d00000,0x000000dfe1e00000] [id=22304]
  0x0000029e7cf00140 ConcurrentGCThread "G1 Service" [stack: 0x000000dfe1e00000,0x000000dfe1f00000] [id=23356]

Threads with active compile tasks:
C2 CompilerThread0    13039 2141       4       jdk.internal.org.objectweb.asm.Frame::execute (2305 bytes)

VM state: not at safepoint (normal execution)

VM Mutex/Monitor currently owned by a thread: None

Heap address: 0x0000000080000000, size: 2048 MB, Compressed Oops mode: 32-bit

CDS archive(s) mapped at: [0x0000000800000000-0x0000000800bd0000-0x0000000800bd0000), size 12386304, SharedBaseAddress: 0x0000000800000000, ArchiveRelocationMode: 0.
Compressed class space mapped at: 0x0000000800c00000-0x000000081a800000, reserved size: 432013312
Narrow klass base: 0x0000000800000000, Narrow klass shift: 0, Narrow klass range: 0x100000000

GC Precious Log:
 CPUs: 4 total, 4 available
 Memory: 16263M
 Large Page Support: Disabled
 NUMA Support: Disabled
 Compressed Oops: Enabled (32-bit)
 Heap Region Size: 1M
 Heap Min Capacity: 8M
 Heap Initial Capacity: 256M
 Heap Max Capacity: 2G
 Pre-touch: Disabled
 Parallel Workers: 4
 Concurrent Workers: 1
 Concurrent Refinement Workers: 4
 Periodic GC: Disabled

Heap:
 garbage-first heap   total 262144K, used 74083K [0x0000000080000000, 0x0000000100000000)
  region size 1024K, 64 young (65536K), 3 survivors (3072K)
 Metaspace       used 15541K, committed 15872K, reserved 438272K
  class space    used 2208K, committed 2368K, reserved 421888K

Heap Regions: E=young(eden), S=young(survivor), O=old, HS=humongous(starts), HC=humongous(continues), CS=collection set, F=free, OA=open archive, CA=closed archive, TAMS=top-at-mark-start (previous, next)
|   0|0x0000000080000000, 0x0000000080100000, 0x0000000080100000|100%|HS|  |TAMS 0x0000000080000000, 0x0000000080000000| Complete 
|   1|0x0000000080100000, 0x0000000080200000, 0x0000000080200000|100%|HC|  |TAMS 0x0000000080100000, 0x0000000080100000| Complete 
|   2|0x0000000080200000, 0x0000000080300000, 0x0000000080300000|100%|HC|  |TAMS 0x0000000080200000, 0x0000000080200000| Complete 
|   3|0x0000000080300000, 0x0000000080400000, 0x0000000080400000|100%| O|  |TAMS 0x0000000080300000, 0x0000000080300000| Untracked 
|   4|0x0000000080400000, 0x0000000080500000, 0x0000000080500000|100%| O|  |TAMS 0x0000000080400000, 0x0000000080400000| Untracked 
|   5|0x0000000080500000, 0x0000000080600000, 0x0000000080600000|100%| O|  |TAMS 0x0000000080500000, 0x0000000080500000| Untracked 
|   6|0x0000000080600000, 0x0000000080700000, 0x0000000080700000|100%| O|  |TAMS 0x0000000080600000, 0x0000000080600000| Untracked 
|   7|0x0000000080700000, 0x0000000080700000, 0x0000000080800000|  0%| F|  |TAMS 0x0000000080700000, 0x0000000080700000| Untracked 
|   8|0x0000000080800000, 0x0000000080900000, 0x0000000080900000|100%| O|  |TAMS 0x0000000080800000, 0x0000000080800000| Untracked 
|   9|0x0000000080900000, 0x0000000080a00000, 0x0000000080a00000|100%| O|  |TAMS 0x0000000080900000, 0x0000000080900000| Untracked 
|  10|0x0000000080a00000, 0x0000000080a58e00, 0x0000000080b00000| 34%| O|  |TAMS 0x0000000080a00000, 0x0000000080a00000| Untracked 
|  11|0x0000000080b00000, 0x0000000080b00000, 0x0000000080c00000|  0%| F|  |TAMS 0x0000000080b00000, 0x0000000080b00000| Untracked 
|  12|0x0000000080c00000, 0x0000000080c00000, 0x0000000080d00000|  0%| F|  |TAMS 0x0000000080c00000, 0x0000000080c00000| Untracked 
|  13|0x0000000080d00000, 0x0000000080d00000, 0x0000000080e00000|  0%| F|  |TAMS 0x0000000080d00000, 0x0000000080d00000| Untracked 
|  14|0x0000000080e00000, 0x0000000080e00000, 0x0000000080f00000|  0%| F|  |TAMS 0x0000000080e00000, 0x0000000080e00000| Untracked 
|  15|0x0000000080f00000, 0x0000000080f00000, 0x0000000081000000|  0%| F|  |TAMS 0x0000000080f00000, 0x0000000080f00000| Untracked 
|  16|0x0000000081000000, 0x0000000081000000, 0x0000000081100000|  0%| F|  |TAMS 0x0000000081000000, 0x0000000081000000| Untracked 
|  17|0x0000000081100000, 0x0000000081100000, 0x0000000081200000|  0%| F|  |TAMS 0x0000000081100000, 0x0000000081100000| Untracked 
|  18|0x0000000081200000, 0x0000000081200000, 0x0000000081300000|  0%| F|  |TAMS 0x0000000081200000, 0x0000000081200000| Untracked 
|  19|0x0000000081300000, 0x0000000081300000, 0x0000000081400000|  0%| F|  |TAMS 0x0000000081300000, 0x0000000081300000| Untracked 
|  20|0x0000000081400000, 0x0000000081400000, 0x0000000081500000|  0%| F|  |TAMS 0x0000000081400000, 0x0000000081400000| Untracked 
|  21|0x0000000081500000, 0x0000000081500000, 0x0000000081600000|  0%| F|  |TAMS 0x0000000081500000, 0x0000000081500000| Untracked 
|  22|0x0000000081600000, 0x0000000081600000, 0x0000000081700000|  0%| F|  |TAMS 0x0000000081600000, 0x0000000081600000| Untracked 
|  23|0x0000000081700000, 0x0000000081700000, 0x0000000081800000|  0%| F|  |TAMS 0x0000000081700000, 0x0000000081700000| Untracked 
|  24|0x0000000081800000, 0x0000000081800000, 0x0000000081900000|  0%| F|  |TAMS 0x0000000081800000, 0x0000000081800000| Untracked 
|  25|0x0000000081900000, 0x0000000081900000, 0x0000000081a00000|  0%| F|  |TAMS 0x0000000081900000, 0x0000000081900000| Untracked 
|  26|0x0000000081a00000, 0x0000000081a00000, 0x0000000081b00000|  0%| F|  |TAMS 0x0000000081a00000, 0x0000000081a00000| Untracked 
|  27|0x0000000081b00000, 0x0000000081b00000, 0x0000000081c00000|  0%| F|  |TAMS 0x0000000081b00000, 0x0000000081b00000| Untracked 
|  28|0x0000000081c00000, 0x0000000081c00000, 0x0000000081d00000|  0%| F|  |TAMS 0x0000000081c00000, 0x0000000081c00000| Untracked 
|  29|0x0000000081d00000, 0x0000000081d00000, 0x0000000081e00000|  0%| F|  |TAMS 0x0000000081d00000, 0x0000000081d00000| Untracked 
|  30|0x0000000081e00000, 0x0000000081e00000, 0x0000000081f00000|  0%| F|  |TAMS 0x0000000081e00000, 0x0000000081e00000| Untracked 
|  31|0x0000000081f00000, 0x0000000081f00000, 0x0000000082000000|  0%| F|  |TAMS 0x0000000081f00000, 0x0000000081f00000| Untracked 
|  32|0x0000000082000000, 0x0000000082000000, 0x0000000082100000|  0%| F|  |TAMS 0x0000000082000000, 0x0000000082000000| Untracked 
|  33|0x0000000082100000, 0x0000000082100000, 0x0000000082200000|  0%| F|  |TAMS 0x0000000082100000, 0x0000000082100000| Untracked 
|  34|0x0000000082200000, 0x0000000082200000, 0x0000000082300000|  0%| F|  |TAMS 0x0000000082200000, 0x0000000082200000| Untracked 
|  35|0x0000000082300000, 0x0000000082300000, 0x0000000082400000|  0%| F|  |TAMS 0x0000000082300000, 0x0000000082300000| Untracked 
|  36|0x0000000082400000, 0x0000000082400000, 0x0000000082500000|  0%| F|  |TAMS 0x0000000082400000, 0x0000000082400000| Untracked 
|  37|0x0000000082500000, 0x0000000082500000, 0x0000000082600000|  0%| F|  |TAMS 0x0000000082500000, 0x0000000082500000| Untracked 
|  38|0x0000000082600000, 0x0000000082600000, 0x0000000082700000|  0%| F|  |TAMS 0x0000000082600000, 0x0000000082600000| Untracked 
|  39|0x0000000082700000, 0x0000000082700000, 0x0000000082800000|  0%| F|  |TAMS 0x0000000082700000, 0x0000000082700000| Untracked 
|  40|0x0000000082800000, 0x0000000082800000, 0x0000000082900000|  0%| F|  |TAMS 0x0000000082800000, 0x0000000082800000| Untracked 
|  41|0x0000000082900000, 0x0000000082900000, 0x0000000082a00000|  0%| F|  |TAMS 0x0000000082900000, 0x0000000082900000| Untracked 
|  42|0x0000000082a00000, 0x0000000082a00000, 0x0000000082b00000|  0%| F|  |TAMS 0x0000000082a00000, 0x0000000082a00000| Untracked 
|  43|0x0000000082b00000, 0x0000000082b00000, 0x0000000082c00000|  0%| F|  |TAMS 0x0000000082b00000, 0x0000000082b00000| Untracked 
|  44|0x0000000082c00000, 0x0000000082c00000, 0x0000000082d00000|  0%| F|  |TAMS 0x0000000082c00000, 0x0000000082c00000| Untracked 
|  45|0x0000000082d00000, 0x0000000082d00000, 0x0000000082e00000|  0%| F|  |TAMS 0x0000000082d00000, 0x0000000082d00000| Untracked 
|  46|0x0000000082e00000, 0x0000000082e00000, 0x0000000082f00000|  0%| F|  |TAMS 0x0000000082e00000, 0x0000000082e00000| Untracked 
|  47|0x0000000082f00000, 0x0000000082f00000, 0x0000000083000000|  0%| F|  |TAMS 0x0000000082f00000, 0x0000000082f00000| Untracked 
|  48|0x0000000083000000, 0x0000000083000000, 0x0000000083100000|  0%| F|  |TAMS 0x0000000083000000, 0x0000000083000000| Untracked 
|  49|0x0000000083100000, 0x0000000083100000, 0x0000000083200000|  0%| F|  |TAMS 0x0000000083100000, 0x0000000083100000| Untracked 
|  50|0x0000000083200000, 0x0000000083200000, 0x0000000083300000|  0%| F|  |TAMS 0x0000000083200000, 0x0000000083200000| Untracked 
|  51|0x0000000083300000, 0x0000000083300000, 0x0000000083400000|  0%| F|  |TAMS 0x0000000083300000, 0x0000000083300000| Untracked 
|  52|0x0000000083400000, 0x0000000083400000, 0x0000000083500000|  0%| F|  |TAMS 0x0000000083400000, 0x0000000083400000| Untracked 
|  53|0x0000000083500000, 0x0000000083500000, 0x0000000083600000|  0%| F|  |TAMS 0x0000000083500000, 0x0000000083500000| Untracked 
|  54|0x0000000083600000, 0x0000000083600000, 0x0000000083700000|  0%| F|  |TAMS 0x0000000083600000, 0x0000000083600000| Untracked 
|  55|0x0000000083700000, 0x0000000083700000, 0x0000000083800000|  0%| F|  |TAMS 0x0000000083700000, 0x0000000083700000| Untracked 
|  56|0x0000000083800000, 0x0000000083800000, 0x0000000083900000|  0%| F|  |TAMS 0x0000000083800000, 0x0000000083800000| Untracked 
|  57|0x0000000083900000, 0x0000000083900000, 0x0000000083a00000|  0%| F|  |TAMS 0x0000000083900000, 0x0000000083900000| Untracked 
|  58|0x0000000083a00000, 0x0000000083a00000, 0x0000000083b00000|  0%| F|  |TAMS 0x0000000083a00000, 0x0000000083a00000| Untracked 
|  59|0x0000000083b00000, 0x0000000083b00000, 0x0000000083c00000|  0%| F|  |TAMS 0x0000000083b00000, 0x0000000083b00000| Untracked 
|  60|0x0000000083c00000, 0x0000000083c00000, 0x0000000083d00000|  0%| F|  |TAMS 0x0000000083c00000, 0x0000000083c00000| Untracked 
|  61|0x0000000083d00000, 0x0000000083d00000, 0x0000000083e00000|  0%| F|  |TAMS 0x0000000083d00000, 0x0000000083d00000| Untracked 
|  62|0x0000000083e00000, 0x0000000083e00000, 0x0000000083f00000|  0%| F|  |TAMS 0x0000000083e00000, 0x0000000083e00000| Untracked 
|  63|0x0000000083f00000, 0x0000000083f00000, 0x0000000084000000|  0%| F|  |TAMS 0x0000000083f00000, 0x0000000083f00000| Untracked 
|  64|0x0000000084000000, 0x0000000084000000, 0x0000000084100000|  0%| F|  |TAMS 0x0000000084000000, 0x0000000084000000| Untracked 
|  65|0x0000000084100000, 0x0000000084100000, 0x0000000084200000|  0%| F|  |TAMS 0x0000000084100000, 0x0000000084100000| Untracked 
|  66|0x0000000084200000, 0x0000000084200000, 0x0000000084300000|  0%| F|  |TAMS 0x0000000084200000, 0x0000000084200000| Untracked 
|  67|0x0000000084300000, 0x0000000084300000, 0x0000000084400000|  0%| F|  |TAMS 0x0000000084300000, 0x0000000084300000| Untracked 
|  68|0x0000000084400000, 0x0000000084400000, 0x0000000084500000|  0%| F|  |TAMS 0x0000000084400000, 0x0000000084400000| Untracked 
|  69|0x0000000084500000, 0x0000000084500000, 0x0000000084600000|  0%| F|  |TAMS 0x0000000084500000, 0x0000000084500000| Untracked 
|  70|0x0000000084600000, 0x0000000084600000, 0x0000000084700000|  0%| F|  |TAMS 0x0000000084600000, 0x0000000084600000| Untracked 
|  71|0x0000000084700000, 0x0000000084700000, 0x0000000084800000|  0%| F|  |TAMS 0x0000000084700000, 0x0000000084700000| Untracked 
|  72|0x0000000084800000, 0x0000000084800000, 0x0000000084900000|  0%| F|  |TAMS 0x0000000084800000, 0x0000000084800000| Untracked 
|  73|0x0000000084900000, 0x0000000084900000, 0x0000000084a00000|  0%| F|  |TAMS 0x0000000084900000, 0x0000000084900000| Untracked 
|  74|0x0000000084a00000, 0x0000000084a00000, 0x0000000084b00000|  0%| F|  |TAMS 0x0000000084a00000, 0x0000000084a00000| Untracked 
|  75|0x0000000084b00000, 0x0000000084b00000, 0x0000000084c00000|  0%| F|  |TAMS 0x0000000084b00000, 0x0000000084b00000| Untracked 
|  76|0x0000000084c00000, 0x0000000084c00000, 0x0000000084d00000|  0%| F|  |TAMS 0x0000000084c00000, 0x0000000084c00000| Untracked 
|  77|0x0000000084d00000, 0x0000000084d00000, 0x0000000084e00000|  0%| F|  |TAMS 0x0000000084d00000, 0x0000000084d00000| Untracked 
|  78|0x0000000084e00000, 0x0000000084e00000, 0x0000000084f00000|  0%| F|  |TAMS 0x0000000084e00000, 0x0000000084e00000| Untracked 
|  79|0x0000000084f00000, 0x0000000084f00000, 0x0000000085000000|  0%| F|  |TAMS 0x0000000084f00000, 0x0000000084f00000| Untracked 
|  80|0x0000000085000000, 0x0000000085000000, 0x0000000085100000|  0%| F|  |TAMS 0x0000000085000000, 0x0000000085000000| Untracked 
|  81|0x0000000085100000, 0x0000000085100000, 0x0000000085200000|  0%| F|  |TAMS 0x0000000085100000, 0x0000000085100000| Untracked 
|  82|0x0000000085200000, 0x0000000085200000, 0x0000000085300000|  0%| F|  |TAMS 0x0000000085200000, 0x0000000085200000| Untracked 
|  83|0x0000000085300000, 0x0000000085300000, 0x0000000085400000|  0%| F|  |TAMS 0x0000000085300000, 0x0000000085300000| Untracked 
|  84|0x0000000085400000, 0x0000000085400000, 0x0000000085500000|  0%| F|  |TAMS 0x0000000085400000, 0x0000000085400000| Untracked 
|  85|0x0000000085500000, 0x0000000085500000, 0x0000000085600000|  0%| F|  |TAMS 0x0000000085500000, 0x0000000085500000| Untracked 
|  86|0x0000000085600000, 0x0000000085600000, 0x0000000085700000|  0%| F|  |TAMS 0x0000000085600000, 0x0000000085600000| Untracked 
|  87|0x0000000085700000, 0x0000000085700000, 0x0000000085800000|  0%| F|  |TAMS 0x0000000085700000, 0x0000000085700000| Untracked 
|  88|0x0000000085800000, 0x0000000085800000, 0x0000000085900000|  0%| F|  |TAMS 0x0000000085800000, 0x0000000085800000| Untracked 
|  89|0x0000000085900000, 0x0000000085900000, 0x0000000085a00000|  0%| F|  |TAMS 0x0000000085900000, 0x0000000085900000| Untracked 
|  90|0x0000000085a00000, 0x0000000085a00000, 0x0000000085b00000|  0%| F|  |TAMS 0x0000000085a00000, 0x0000000085a00000| Untracked 
|  91|0x0000000085b00000, 0x0000000085b00000, 0x0000000085c00000|  0%| F|  |TAMS 0x0000000085b00000, 0x0000000085b00000| Untracked 
|  92|0x0000000085c00000, 0x0000000085c00000, 0x0000000085d00000|  0%| F|  |TAMS 0x0000000085c00000, 0x0000000085c00000| Untracked 
|  93|0x0000000085d00000, 0x0000000085d00000, 0x0000000085e00000|  0%| F|  |TAMS 0x0000000085d00000, 0x0000000085d00000| Untracked 
|  94|0x0000000085e00000, 0x0000000085e00000, 0x0000000085f00000|  0%| F|  |TAMS 0x0000000085e00000, 0x0000000085e00000| Untracked 
|  95|0x0000000085f00000, 0x0000000085f00000, 0x0000000086000000|  0%| F|  |TAMS 0x0000000085f00000, 0x0000000085f00000| Untracked 
|  96|0x0000000086000000, 0x0000000086000000, 0x0000000086100000|  0%| F|  |TAMS 0x0000000086000000, 0x0000000086000000| Untracked 
|  97|0x0000000086100000, 0x0000000086100000, 0x0000000086200000|  0%| F|  |TAMS 0x0000000086100000, 0x0000000086100000| Untracked 
|  98|0x0000000086200000, 0x0000000086200000, 0x0000000086300000|  0%| F|  |TAMS 0x0000000086200000, 0x0000000086200000| Untracked 
|  99|0x0000000086300000, 0x0000000086300000, 0x0000000086400000|  0%| F|  |TAMS 0x0000000086300000, 0x0000000086300000| Untracked 
| 100|0x0000000086400000, 0x0000000086400000, 0x0000000086500000|  0%| F|  |TAMS 0x0000000086400000, 0x0000000086400000| Untracked 
| 101|0x0000000086500000, 0x0000000086500000, 0x0000000086600000|  0%| F|  |TAMS 0x0000000086500000, 0x0000000086500000| Untracked 
| 102|0x0000000086600000, 0x0000000086600000, 0x0000000086700000|  0%| F|  |TAMS 0x0000000086600000, 0x0000000086600000| Untracked 
| 103|0x0000000086700000, 0x0000000086700000, 0x0000000086800000|  0%| F|  |TAMS 0x0000000086700000, 0x0000000086700000| Untracked 
| 104|0x0000000086800000, 0x0000000086800000, 0x0000000086900000|  0%| F|  |TAMS 0x0000000086800000, 0x0000000086800000| Untracked 
| 105|0x0000000086900000, 0x0000000086900000, 0x0000000086a00000|  0%| F|  |TAMS 0x0000000086900000, 0x0000000086900000| Untracked 
| 106|0x0000000086a00000, 0x0000000086a00000, 0x0000000086b00000|  0%| F|  |TAMS 0x0000000086a00000, 0x0000000086a00000| Untracked 
| 107|0x0000000086b00000, 0x0000000086b00000, 0x0000000086c00000|  0%| F|  |TAMS 0x0000000086b00000, 0x0000000086b00000| Untracked 
| 108|0x0000000086c00000, 0x0000000086c00000, 0x0000000086d00000|  0%| F|  |TAMS 0x0000000086c00000, 0x0000000086c00000| Untracked 
| 109|0x0000000086d00000, 0x0000000086d00000, 0x0000000086e00000|  0%| F|  |TAMS 0x0000000086d00000, 0x0000000086d00000| Untracked 
| 110|0x0000000086e00000, 0x0000000086e00000, 0x0000000086f00000|  0%| F|  |TAMS 0x0000000086e00000, 0x0000000086e00000| Untracked 
| 111|0x0000000086f00000, 0x0000000086f00000, 0x0000000087000000|  0%| F|  |TAMS 0x0000000086f00000, 0x0000000086f00000| Untracked 
| 112|0x0000000087000000, 0x0000000087000000, 0x0000000087100000|  0%| F|  |TAMS 0x0000000087000000, 0x0000000087000000| Untracked 
| 113|0x0000000087100000, 0x0000000087100000, 0x0000000087200000|  0%| F|  |TAMS 0x0000000087100000, 0x0000000087100000| Untracked 
| 114|0x0000000087200000, 0x0000000087200000, 0x0000000087300000|  0%| F|  |TAMS 0x0000000087200000, 0x0000000087200000| Untracked 
| 115|0x0000000087300000, 0x0000000087300000, 0x0000000087400000|  0%| F|  |TAMS 0x0000000087300000, 0x0000000087300000| Untracked 
| 116|0x0000000087400000, 0x0000000087400000, 0x0000000087500000|  0%| F|  |TAMS 0x0000000087400000, 0x0000000087400000| Untracked 
| 117|0x0000000087500000, 0x0000000087500000, 0x0000000087600000|  0%| F|  |TAMS 0x0000000087500000, 0x0000000087500000| Untracked 
| 118|0x0000000087600000, 0x0000000087600000, 0x0000000087700000|  0%| F|  |TAMS 0x0000000087600000, 0x0000000087600000| Untracked 
| 119|0x0000000087700000, 0x0000000087700000, 0x0000000087800000|  0%| F|  |TAMS 0x0000000087700000, 0x0000000087700000| Untracked 
| 120|0x0000000087800000, 0x0000000087800000, 0x0000000087900000|  0%| F|  |TAMS 0x0000000087800000, 0x0000000087800000| Untracked 
| 121|0x0000000087900000, 0x0000000087900000, 0x0000000087a00000|  0%| F|  |TAMS 0x0000000087900000, 0x0000000087900000| Untracked 
| 122|0x0000000087a00000, 0x0000000087a00000, 0x0000000087b00000|  0%| F|  |TAMS 0x0000000087a00000, 0x0000000087a00000| Untracked 
| 123|0x0000000087b00000, 0x0000000087b00000, 0x0000000087c00000|  0%| F|  |TAMS 0x0000000087b00000, 0x0000000087b00000| Untracked 
| 124|0x0000000087c00000, 0x0000000087c00000, 0x0000000087d00000|  0%| F|  |TAMS 0x0000000087c00000, 0x0000000087c00000| Untracked 
| 125|0x0000000087d00000, 0x0000000087d00000, 0x0000000087e00000|  0%| F|  |TAMS 0x0000000087d00000, 0x0000000087d00000| Untracked 
| 126|0x0000000087e00000, 0x0000000087e00000, 0x0000000087f00000|  0%| F|  |TAMS 0x0000000087e00000, 0x0000000087e00000| Untracked 
| 127|0x0000000087f00000, 0x0000000087f00000, 0x0000000088000000|  0%| F|  |TAMS 0x0000000087f00000, 0x0000000087f00000| Untracked 
| 128|0x0000000088000000, 0x0000000088000000, 0x0000000088100000|  0%| F|  |TAMS 0x0000000088000000, 0x0000000088000000| Untracked 
| 129|0x0000000088100000, 0x0000000088100000, 0x0000000088200000|  0%| F|  |TAMS 0x0000000088100000, 0x0000000088100000| Untracked 
| 130|0x0000000088200000, 0x0000000088200000, 0x0000000088300000|  0%| F|  |TAMS 0x0000000088200000, 0x0000000088200000| Untracked 
| 131|0x0000000088300000, 0x0000000088300000, 0x0000000088400000|  0%| F|  |TAMS 0x0000000088300000, 0x0000000088300000| Untracked 
| 132|0x0000000088400000, 0x0000000088400000, 0x0000000088500000|  0%| F|  |TAMS 0x0000000088400000, 0x0000000088400000| Untracked 
| 133|0x0000000088500000, 0x0000000088500000, 0x0000000088600000|  0%| F|  |TAMS 0x0000000088500000, 0x0000000088500000| Untracked 
| 134|0x0000000088600000, 0x0000000088600000, 0x0000000088700000|  0%| F|  |TAMS 0x0000000088600000, 0x0000000088600000| Untracked 
| 135|0x0000000088700000, 0x0000000088700000, 0x0000000088800000|  0%| F|  |TAMS 0x0000000088700000, 0x0000000088700000| Untracked 
| 136|0x0000000088800000, 0x0000000088800000, 0x0000000088900000|  0%| F|  |TAMS 0x0000000088800000, 0x0000000088800000| Untracked 
| 137|0x0000000088900000, 0x0000000088900000, 0x0000000088a00000|  0%| F|  |TAMS 0x0000000088900000, 0x0000000088900000| Untracked 
| 138|0x0000000088a00000, 0x0000000088a00000, 0x0000000088b00000|  0%| F|  |TAMS 0x0000000088a00000, 0x0000000088a00000| Untracked 
| 139|0x0000000088b00000, 0x0000000088b00000, 0x0000000088c00000|  0%| F|  |TAMS 0x0000000088b00000, 0x0000000088b00000| Untracked 
| 140|0x0000000088c00000, 0x0000000088c00000, 0x0000000088d00000|  0%| F|  |TAMS 0x0000000088c00000, 0x0000000088c00000| Untracked 
| 141|0x0000000088d00000, 0x0000000088d00000, 0x0000000088e00000|  0%| F|  |TAMS 0x0000000088d00000, 0x0000000088d00000| Untracked 
| 142|0x0000000088e00000, 0x0000000088e00000, 0x0000000088f00000|  0%| F|  |TAMS 0x0000000088e00000, 0x0000000088e00000| Untracked 
| 143|0x0000000088f00000, 0x0000000088f00000, 0x0000000089000000|  0%| F|  |TAMS 0x0000000088f00000, 0x0000000088f00000| Untracked 
| 144|0x0000000089000000, 0x0000000089000000, 0x0000000089100000|  0%| F|  |TAMS 0x0000000089000000, 0x0000000089000000| Untracked 
| 145|0x0000000089100000, 0x0000000089100000, 0x0000000089200000|  0%| F|  |TAMS 0x0000000089100000, 0x0000000089100000| Untracked 
| 146|0x0000000089200000, 0x0000000089200000, 0x0000000089300000|  0%| F|  |TAMS 0x0000000089200000, 0x0000000089200000| Untracked 
| 147|0x0000000089300000, 0x0000000089300000, 0x0000000089400000|  0%| F|  |TAMS 0x0000000089300000, 0x0000000089300000| Untracked 
| 148|0x0000000089400000, 0x0000000089400000, 0x0000000089500000|  0%| F|  |TAMS 0x0000000089400000, 0x0000000089400000| Untracked 
| 149|0x0000000089500000, 0x0000000089500000, 0x0000000089600000|  0%| F|  |TAMS 0x0000000089500000, 0x0000000089500000| Untracked 
| 150|0x0000000089600000, 0x0000000089600000, 0x0000000089700000|  0%| F|  |TAMS 0x0000000089600000, 0x0000000089600000| Untracked 
| 151|0x0000000089700000, 0x0000000089700000, 0x0000000089800000|  0%| F|  |TAMS 0x0000000089700000, 0x0000000089700000| Untracked 
| 152|0x0000000089800000, 0x0000000089800000, 0x0000000089900000|  0%| F|  |TAMS 0x0000000089800000, 0x0000000089800000| Untracked 
| 153|0x0000000089900000, 0x0000000089900000, 0x0000000089a00000|  0%| F|  |TAMS 0x0000000089900000, 0x0000000089900000| Untracked 
| 154|0x0000000089a00000, 0x0000000089a00000, 0x0000000089b00000|  0%| F|  |TAMS 0x0000000089a00000, 0x0000000089a00000| Untracked 
| 155|0x0000000089b00000, 0x0000000089b00000, 0x0000000089c00000|  0%| F|  |TAMS 0x0000000089b00000, 0x0000000089b00000| Untracked 
| 156|0x0000000089c00000, 0x0000000089c00000, 0x0000000089d00000|  0%| F|  |TAMS 0x0000000089c00000, 0x0000000089c00000| Untracked 
| 157|0x0000000089d00000, 0x0000000089d00000, 0x0000000089e00000|  0%| F|  |TAMS 0x0000000089d00000, 0x0000000089d00000| Untracked 
| 158|0x0000000089e00000, 0x0000000089e00000, 0x0000000089f00000|  0%| F|  |TAMS 0x0000000089e00000, 0x0000000089e00000| Untracked 
| 159|0x0000000089f00000, 0x0000000089f00000, 0x000000008a000000|  0%| F|  |TAMS 0x0000000089f00000, 0x0000000089f00000| Untracked 
| 160|0x000000008a000000, 0x000000008a000000, 0x000000008a100000|  0%| F|  |TAMS 0x000000008a000000, 0x000000008a000000| Untracked 
| 161|0x000000008a100000, 0x000000008a100000, 0x000000008a200000|  0%| F|  |TAMS 0x000000008a100000, 0x000000008a100000| Untracked 
| 162|0x000000008a200000, 0x000000008a200000, 0x000000008a300000|  0%| F|  |TAMS 0x000000008a200000, 0x000000008a200000| Untracked 
| 163|0x000000008a300000, 0x000000008a300000, 0x000000008a400000|  0%| F|  |TAMS 0x000000008a300000, 0x000000008a300000| Untracked 
| 164|0x000000008a400000, 0x000000008a400000, 0x000000008a500000|  0%| F|  |TAMS 0x000000008a400000, 0x000000008a400000| Untracked 
| 165|0x000000008a500000, 0x000000008a500000, 0x000000008a600000|  0%| F|  |TAMS 0x000000008a500000, 0x000000008a500000| Untracked 
| 166|0x000000008a600000, 0x000000008a600000, 0x000000008a700000|  0%| F|  |TAMS 0x000000008a600000, 0x000000008a600000| Untracked 
| 167|0x000000008a700000, 0x000000008a700000, 0x000000008a800000|  0%| F|  |TAMS 0x000000008a700000, 0x000000008a700000| Untracked 
| 168|0x000000008a800000, 0x000000008a800000, 0x000000008a900000|  0%| F|  |TAMS 0x000000008a800000, 0x000000008a800000| Untracked 
| 169|0x000000008a900000, 0x000000008a900000, 0x000000008aa00000|  0%| F|  |TAMS 0x000000008a900000, 0x000000008a900000| Untracked 
| 170|0x000000008aa00000, 0x000000008aa00000, 0x000000008ab00000|  0%| F|  |TAMS 0x000000008aa00000, 0x000000008aa00000| Untracked 
| 171|0x000000008ab00000, 0x000000008ab00000, 0x000000008ac00000|  0%| F|  |TAMS 0x000000008ab00000, 0x000000008ab00000| Untracked 
| 172|0x000000008ac00000, 0x000000008ac00000, 0x000000008ad00000|  0%| F|  |TAMS 0x000000008ac00000, 0x000000008ac00000| Untracked 
| 173|0x000000008ad00000, 0x000000008ad00000, 0x000000008ae00000|  0%| F|  |TAMS 0x000000008ad00000, 0x000000008ad00000| Untracked 
| 174|0x000000008ae00000, 0x000000008ae00000, 0x000000008af00000|  0%| F|  |TAMS 0x000000008ae00000, 0x000000008ae00000| Untracked 
| 175|0x000000008af00000, 0x000000008af00000, 0x000000008b000000|  0%| F|  |TAMS 0x000000008af00000, 0x000000008af00000| Untracked 
| 176|0x000000008b000000, 0x000000008b000000, 0x000000008b100000|  0%| F|  |TAMS 0x000000008b000000, 0x000000008b000000| Untracked 
| 177|0x000000008b100000, 0x000000008b100000, 0x000000008b200000|  0%| F|  |TAMS 0x000000008b100000, 0x000000008b100000| Untracked 
| 178|0x000000008b200000, 0x000000008b200000, 0x000000008b300000|  0%| F|  |TAMS 0x000000008b200000, 0x000000008b200000| Untracked 
| 179|0x000000008b300000, 0x000000008b300000, 0x000000008b400000|  0%| F|  |TAMS 0x000000008b300000, 0x000000008b300000| Untracked 
| 180|0x000000008b400000, 0x000000008b400000, 0x000000008b500000|  0%| F|  |TAMS 0x000000008b400000, 0x000000008b400000| Untracked 
| 181|0x000000008b500000, 0x000000008b500000, 0x000000008b600000|  0%| F|  |TAMS 0x000000008b500000, 0x000000008b500000| Untracked 
| 182|0x000000008b600000, 0x000000008b600000, 0x000000008b700000|  0%| F|  |TAMS 0x000000008b600000, 0x000000008b600000| Untracked 
| 183|0x000000008b700000, 0x000000008b700000, 0x000000008b800000|  0%| F|  |TAMS 0x000000008b700000, 0x000000008b700000| Untracked 
| 184|0x000000008b800000, 0x000000008b800000, 0x000000008b900000|  0%| F|  |TAMS 0x000000008b800000, 0x000000008b800000| Untracked 
| 185|0x000000008b900000, 0x000000008b900000, 0x000000008ba00000|  0%| F|  |TAMS 0x000000008b900000, 0x000000008b900000| Untracked 
| 186|0x000000008ba00000, 0x000000008ba00000, 0x000000008bb00000|  0%| F|  |TAMS 0x000000008ba00000, 0x000000008ba00000| Untracked 
| 187|0x000000008bb00000, 0x000000008bb00000, 0x000000008bc00000|  0%| F|  |TAMS 0x000000008bb00000, 0x000000008bb00000| Untracked 
| 188|0x000000008bc00000, 0x000000008bc00000, 0x000000008bd00000|  0%| F|  |TAMS 0x000000008bc00000, 0x000000008bc00000| Untracked 
| 189|0x000000008bd00000, 0x000000008bd00000, 0x000000008be00000|  0%| F|  |TAMS 0x000000008bd00000, 0x000000008bd00000| Untracked 
| 190|0x000000008be00000, 0x000000008be00000, 0x000000008bf00000|  0%| F|  |TAMS 0x000000008be00000, 0x000000008be00000| Untracked 
| 191|0x000000008bf00000, 0x000000008bf00000, 0x000000008c000000|  0%| F|  |TAMS 0x000000008bf00000, 0x000000008bf00000| Untracked 
| 192|0x000000008c000000, 0x000000008c080800, 0x000000008c100000| 50%| E|  |TAMS 0x000000008c000000, 0x000000008c000000| Complete 
| 193|0x000000008c100000, 0x000000008c200000, 0x000000008c200000|100%| E|CS|TAMS 0x000000008c100000, 0x000000008c100000| Complete 
| 194|0x000000008c200000, 0x000000008c300000, 0x000000008c300000|100%| E|CS|TAMS 0x000000008c200000, 0x000000008c200000| Complete 
| 195|0x000000008c300000, 0x000000008c400000, 0x000000008c400000|100%| E|CS|TAMS 0x000000008c300000, 0x000000008c300000| Complete 
| 196|0x000000008c400000, 0x000000008c500000, 0x000000008c500000|100%| E|CS|TAMS 0x000000008c400000, 0x000000008c400000| Complete 
| 197|0x000000008c500000, 0x000000008c600000, 0x000000008c600000|100%| E|CS|TAMS 0x000000008c500000, 0x000000008c500000| Complete 
| 198|0x000000008c600000, 0x000000008c700000, 0x000000008c700000|100%| E|CS|TAMS 0x000000008c600000, 0x000000008c600000| Complete 
| 199|0x000000008c700000, 0x000000008c800000, 0x000000008c800000|100%| E|CS|TAMS 0x000000008c700000, 0x000000008c700000| Complete 
| 200|0x000000008c800000, 0x000000008c900000, 0x000000008c900000|100%| E|CS|TAMS 0x000000008c800000, 0x000000008c800000| Complete 
| 201|0x000000008c900000, 0x000000008ca00000, 0x000000008ca00000|100%| E|CS|TAMS 0x000000008c900000, 0x000000008c900000| Complete 
| 202|0x000000008ca00000, 0x000000008cb00000, 0x000000008cb00000|100%| E|CS|TAMS 0x000000008ca00000, 0x000000008ca00000| Complete 
| 203|0x000000008cb00000, 0x000000008cc00000, 0x000000008cc00000|100%| E|CS|TAMS 0x000000008cb00000, 0x000000008cb00000| Complete 
| 204|0x000000008cc00000, 0x000000008cd00000, 0x000000008cd00000|100%| E|CS|TAMS 0x000000008cc00000, 0x000000008cc00000| Complete 
| 205|0x000000008cd00000, 0x000000008ce00000, 0x000000008ce00000|100%| E|CS|TAMS 0x000000008cd00000, 0x000000008cd00000| Complete 
| 206|0x000000008ce00000, 0x000000008cf00000, 0x000000008cf00000|100%| E|CS|TAMS 0x000000008ce00000, 0x000000008ce00000| Complete 
| 207|0x000000008cf00000, 0x000000008d000000, 0x000000008d000000|100%| E|CS|TAMS 0x000000008cf00000, 0x000000008cf00000| Complete 
| 208|0x000000008d000000, 0x000000008d100000, 0x000000008d100000|100%| E|CS|TAMS 0x000000008d000000, 0x000000008d000000| Complete 
| 209|0x000000008d100000, 0x000000008d200000, 0x000000008d200000|100%| E|CS|TAMS 0x000000008d100000, 0x000000008d100000| Complete 
| 210|0x000000008d200000, 0x000000008d300000, 0x000000008d300000|100%| E|CS|TAMS 0x000000008d200000, 0x000000008d200000| Complete 
| 211|0x000000008d300000, 0x000000008d400000, 0x000000008d400000|100%| E|CS|TAMS 0x000000008d300000, 0x000000008d300000| Complete 
| 212|0x000000008d400000, 0x000000008d500000, 0x000000008d500000|100%| E|CS|TAMS 0x000000008d400000, 0x000000008d400000| Complete 
| 213|0x000000008d500000, 0x000000008d600000, 0x000000008d600000|100%| E|CS|TAMS 0x000000008d500000, 0x000000008d500000| Complete 
| 214|0x000000008d600000, 0x000000008d700000, 0x000000008d700000|100%| E|CS|TAMS 0x000000008d600000, 0x000000008d600000| Complete 
| 215|0x000000008d700000, 0x000000008d800000, 0x000000008d800000|100%| E|CS|TAMS 0x000000008d700000, 0x000000008d700000| Complete 
| 216|0x000000008d800000, 0x000000008d900000, 0x000000008d900000|100%| E|CS|TAMS 0x000000008d800000, 0x000000008d800000| Complete 
| 217|0x000000008d900000, 0x000000008da00000, 0x000000008da00000|100%| E|CS|TAMS 0x000000008d900000, 0x000000008d900000| Complete 
| 218|0x000000008da00000, 0x000000008db00000, 0x000000008db00000|100%| E|CS|TAMS 0x000000008da00000, 0x000000008da00000| Complete 
| 219|0x000000008db00000, 0x000000008dc00000, 0x000000008dc00000|100%| E|CS|TAMS 0x000000008db00000, 0x000000008db00000| Complete 
| 220|0x000000008dc00000, 0x000000008dd00000, 0x000000008dd00000|100%| E|CS|TAMS 0x000000008dc00000, 0x000000008dc00000| Complete 
| 221|0x000000008dd00000, 0x000000008de00000, 0x000000008de00000|100%| E|CS|TAMS 0x000000008dd00000, 0x000000008dd00000| Complete 
| 222|0x000000008de00000, 0x000000008df00000, 0x000000008df00000|100%| E|CS|TAMS 0x000000008de00000, 0x000000008de00000| Complete 
| 223|0x000000008df00000, 0x000000008e000000, 0x000000008e000000|100%| E|CS|TAMS 0x000000008df00000, 0x000000008df00000| Complete 
| 224|0x000000008e000000, 0x000000008e100000, 0x000000008e100000|100%| E|CS|TAMS 0x000000008e000000, 0x000000008e000000| Complete 
| 225|0x000000008e100000, 0x000000008e200000, 0x000000008e200000|100%| E|CS|TAMS 0x000000008e100000, 0x000000008e100000| Complete 
| 226|0x000000008e200000, 0x000000008e300000, 0x000000008e300000|100%| E|CS|TAMS 0x000000008e200000, 0x000000008e200000| Complete 
| 227|0x000000008e300000, 0x000000008e400000, 0x000000008e400000|100%| E|CS|TAMS 0x000000008e300000, 0x000000008e300000| Complete 
| 228|0x000000008e400000, 0x000000008e500000, 0x000000008e500000|100%| E|CS|TAMS 0x000000008e400000, 0x000000008e400000| Complete 
| 229|0x000000008e500000, 0x000000008e600000, 0x000000008e600000|100%| E|CS|TAMS 0x000000008e500000, 0x000000008e500000| Complete 
| 230|0x000000008e600000, 0x000000008e700000, 0x000000008e700000|100%| S|CS|TAMS 0x000000008e600000, 0x000000008e600000| Complete 
| 231|0x000000008e700000, 0x000000008e800000, 0x000000008e800000|100%| S|CS|TAMS 0x000000008e700000, 0x000000008e700000| Complete 
| 232|0x000000008e800000, 0x000000008e900000, 0x000000008e900000|100%| S|CS|TAMS 0x000000008e800000, 0x000000008e800000| Complete 
| 233|0x000000008e900000, 0x000000008ea00000, 0x000000008ea00000|100%| E|CS|TAMS 0x000000008e900000, 0x000000008e900000| Complete 
| 234|0x000000008ea00000, 0x000000008eb00000, 0x000000008eb00000|100%| E|CS|TAMS 0x000000008ea00000, 0x000000008ea00000| Complete 
| 235|0x000000008eb00000, 0x000000008ec00000, 0x000000008ec00000|100%| E|CS|TAMS 0x000000008eb00000, 0x000000008eb00000| Complete 
| 236|0x000000008ec00000, 0x000000008ed00000, 0x000000008ed00000|100%| E|CS|TAMS 0x000000008ec00000, 0x000000008ec00000| Complete 
| 237|0x000000008ed00000, 0x000000008ee00000, 0x000000008ee00000|100%| E|CS|TAMS 0x000000008ed00000, 0x000000008ed00000| Complete 
| 238|0x000000008ee00000, 0x000000008ef00000, 0x000000008ef00000|100%| E|CS|TAMS 0x000000008ee00000, 0x000000008ee00000| Complete 
| 239|0x000000008ef00000, 0x000000008f000000, 0x000000008f000000|100%| E|CS|TAMS 0x000000008ef00000, 0x000000008ef00000| Complete 
| 240|0x000000008f000000, 0x000000008f100000, 0x000000008f100000|100%| E|CS|TAMS 0x000000008f000000, 0x000000008f000000| Complete 
| 241|0x000000008f100000, 0x000000008f200000, 0x000000008f200000|100%| E|CS|TAMS 0x000000008f100000, 0x000000008f100000| Complete 
| 242|0x000000008f200000, 0x000000008f300000, 0x000000008f300000|100%| E|CS|TAMS 0x000000008f200000, 0x000000008f200000| Complete 
| 243|0x000000008f300000, 0x000000008f400000, 0x000000008f400000|100%| E|CS|TAMS 0x000000008f300000, 0x000000008f300000| Complete 
| 244|0x000000008f400000, 0x000000008f500000, 0x000000008f500000|100%| E|CS|TAMS 0x000000008f400000, 0x000000008f400000| Complete 
| 245|0x000000008f500000, 0x000000008f600000, 0x000000008f600000|100%| E|CS|TAMS 0x000000008f500000, 0x000000008f500000| Complete 
| 246|0x000000008f600000, 0x000000008f700000, 0x000000008f700000|100%| E|CS|TAMS 0x000000008f600000, 0x000000008f600000| Complete 
| 247|0x000000008f700000, 0x000000008f800000, 0x000000008f800000|100%| E|CS|TAMS 0x000000008f700000, 0x000000008f700000| Complete 
| 248|0x000000008f800000, 0x000000008f900000, 0x000000008f900000|100%| E|CS|TAMS 0x000000008f800000, 0x000000008f800000| Complete 
| 249|0x000000008f900000, 0x000000008fa00000, 0x000000008fa00000|100%| E|CS|TAMS 0x000000008f900000, 0x000000008f900000| Complete 
| 250|0x000000008fa00000, 0x000000008fb00000, 0x000000008fb00000|100%| E|CS|TAMS 0x000000008fa00000, 0x000000008fa00000| Complete 
| 251|0x000000008fb00000, 0x000000008fc00000, 0x000000008fc00000|100%| E|CS|TAMS 0x000000008fb00000, 0x000000008fb00000| Complete 
| 252|0x000000008fc00000, 0x000000008fd00000, 0x000000008fd00000|100%| E|CS|TAMS 0x000000008fc00000, 0x000000008fc00000| Complete 
| 253|0x000000008fd00000, 0x000000008fe00000, 0x000000008fe00000|100%| E|CS|TAMS 0x000000008fd00000, 0x000000008fd00000| Complete 
| 254|0x000000008fe00000, 0x000000008ff00000, 0x000000008ff00000|100%| E|CS|TAMS 0x000000008fe00000, 0x000000008fe00000| Complete 
| 255|0x000000008ff00000, 0x0000000090000000, 0x0000000090000000|100%| E|CS|TAMS 0x000000008ff00000, 0x000000008ff00000| Complete 

Card table byte_map: [0x0000029e76370000,0x0000029e76770000] _byte_map_base: 0x0000029e75f70000

Marking Bits (Prev, Next): (CMBitMap*) 0x0000029e6e7411b0, (CMBitMap*) 0x0000029e6e7411f0
 Prev Bits: [0x0000029e76b70000, 0x0000029e78b70000)
 Next Bits: [0x0000029e78b70000, 0x0000029e7ab70000)

Polling page: 0x0000029e6c4d0000

Metaspace:

Usage:
  Non-class:     13.02 MB used.
      Class:      2.16 MB used.
       Both:     15.18 MB used.

Virtual space:
  Non-class space:       16.00 MB reserved,      13.19 MB ( 82%) committed,  2 nodes.
      Class space:      412.00 MB reserved,       2.31 MB ( <1%) committed,  1 nodes.
             Both:      428.00 MB reserved,      15.50 MB (  4%) committed. 

Chunk freelists:
   Non-Class:  2.55 MB
       Class:  1.67 MB
        Both:  4.22 MB

MaxMetaspaceSize: 512.00 MB
CompressedClassSpaceSize: 412.00 MB
Initial GC threshold: 21.00 MB
Current GC threshold: 21.00 MB
CDS: on
MetaspaceReclaimPolicy: balanced
 - commit_granule_bytes: 65536.
 - commit_granule_words: 8192.
 - virtual_space_node_default_size: 1048576.
 - enlarge_chunks_in_place: 1.
 - new_chunks_are_fully_committed: 0.
 - uncommit_free_chunks: 1.
 - use_allocation_guard: 0.
 - handle_deallocations: 1.


Internal statistics:

num_allocs_failed_limit: 0.
num_arena_births: 160.
num_arena_deaths: 0.
num_vsnodes_births: 3.
num_vsnodes_deaths: 0.
num_space_committed: 248.
num_space_uncommitted: 0.
num_chunks_returned_to_freelist: 0.
num_chunks_taken_from_freelist: 645.
num_chunk_merges: 0.
num_chunk_splits: 449.
num_chunks_enlarged: 345.
num_purges: 0.
num_inconsistent_stats: 0.

CodeHeap 'non-profiled nmethods': size=120000Kb used=1167Kb max_used=1167Kb free=118832Kb
 bounds [0x0000029e07ad0000, 0x0000029e07d40000, 0x0000029e0f000000]
CodeHeap 'profiled nmethods': size=120000Kb used=4457Kb max_used=4457Kb free=115542Kb
 bounds [0x0000029e00000000, 0x0000029e00460000, 0x0000029e07530000]
CodeHeap 'non-nmethods': size=5760Kb used=1215Kb max_used=1295Kb free=4545Kb
 bounds [0x0000029e07530000, 0x0000029e077a0000, 0x0000029e07ad0000]
 total_blobs=2678 nmethods=2158 adapters=432
 compilation: enabled
              stopped_count=0, restarted_count=0
 full_count=0

Compilation events (20 events):
Event: 12.820 Thread 0x0000029e7d09d350 2158   !   3       java.lang.reflect.Executable::declaredAnnotations (85 bytes)
Event: 12.821 Thread 0x0000029e7d09d350 nmethod 2158 0x0000029e00455190 code [0x0000029e004553c0, 0x0000029e00455cc8]
Event: 12.821 Thread 0x0000029e7d09d350 2152       3       jdk.internal.org.objectweb.asm.SymbolTable::getType (7 bytes)
Event: 12.821 Thread 0x0000029e7d09d350 nmethod 2152 0x0000029e00456090 code [0x0000029e00456220, 0x0000029e00456358]
Event: 12.821 Thread 0x0000029e7d09d350 2159       1       java.util.Collections$SingletonList::size (2 bytes)
Event: 12.821 Thread 0x0000029e7d09d350 nmethod 2159 0x0000029e07bf3590 code [0x0000029e07bf3720, 0x0000029e07bf37f8]
Event: 12.922 Thread 0x0000029e7d09d350 2160       3       java.lang.reflect.Method::getRoot (5 bytes)
Event: 12.922 Thread 0x0000029e7d09d350 nmethod 2160 0x0000029e00456410 code [0x0000029e004565a0, 0x0000029e004566b8]
Event: 12.922 Thread 0x0000029e7d09d350 2162       3       java.lang.reflect.Executable::getAnnotation (23 bytes)
Event: 12.923 Thread 0x0000029e7d09d350 nmethod 2162 0x0000029e00456790 code [0x0000029e004569a0, 0x0000029e00457048]
Event: 12.923 Thread 0x0000029e7d09d350 2163       3       java.lang.reflect.Method::getAnnotation (6 bytes)
Event: 12.923 Thread 0x0000029e7d09d350 nmethod 2163 0x0000029e00457290 code [0x0000029e004574a0, 0x0000029e00457ba8]
Event: 12.923 Thread 0x0000029e7d09d350 2164   !   3       jdk.internal.loader.AbstractClassLoaderValue::computeIfAbsent (113 bytes)
Event: 12.924 Thread 0x0000029e7d09d350 nmethod 2164 0x0000029e00457e10 code [0x0000029e004580c0, 0x0000029e00458f28]
Event: 12.924 Thread 0x0000029e7d09d350 2161       1       java.lang.reflect.Method::getAnnotationBytes (5 bytes)
Event: 12.924 Thread 0x0000029e7d09d350 nmethod 2161 0x0000029e07bf3890 code [0x0000029e07bf3a20, 0x0000029e07bf3af8]
Event: 12.924 Thread 0x0000029e7d09d350 2165       1       org.gradle.internal.instantiation.generator.AbstractClassGenerator$PropertyMetadata::getName (5 bytes)
Event: 12.924 Thread 0x0000029e7d09d350 nmethod 2165 0x0000029e07bf3b90 code [0x0000029e07bf3d20, 0x0000029e07bf3df8]
Event: 12.933 Thread 0x0000029e7d09d350 2168       3       java.util.concurrent.ConcurrentHashMap::get (162 bytes)
Event: 12.933 Thread 0x0000029e7d09d350 nmethod 2168 0x0000029e00459590 code [0x0000029e004597e0, 0x0000029e0045a2c8]

GC Heap History (6 events):
Event: 2.043 GC heap before
{Heap before GC invocations=0 (full 0):
 garbage-first heap   total 262144K, used 15360K [0x0000000080000000, 0x0000000100000000)
  region size 1024K, 13 young (13312K), 0 survivors (0K)
 Metaspace       used 954K, committed 1088K, reserved 430080K
  class space    used 73K, committed 128K, reserved 421888K
}
Event: 2.275 GC heap after
{Heap after GC invocations=1 (full 0):
 garbage-first heap   total 262144K, used 3975K [0x0000000080000000, 0x0000000100000000)
  region size 1024K, 2 young (2048K), 2 survivors (2048K)
 Metaspace       used 954K, committed 1088K, reserved 430080K
  class space    used 73K, committed 128K, reserved 421888K
}
Event: 3.899 GC heap before
{Heap before GC invocations=1 (full 0):
 garbage-first heap   total 262144K, used 20359K [0x0000000080000000, 0x0000000100000000)
  region size 1024K, 16 young (16384K), 2 survivors (2048K)
 Metaspace       used 3785K, committed 3968K, reserved 430080K
  class space    used 472K, committed 576K, reserved 421888K
}
Event: 3.902 GC heap after
{Heap after GC invocations=2 (full 0):
 garbage-first heap   total 262144K, used 9171K [0x0000000080000000, 0x0000000100000000)
  region size 1024K, 2 young (2048K), 2 survivors (2048K)
 Metaspace       used 3785K, committed 3968K, reserved 430080K
  class space    used 472K, committed 576K, reserved 421888K
}
Event: 5.186 GC heap before
{Heap before GC invocations=2 (full 0):
 garbage-first heap   total 262144K, used 31699K [0x0000000080000000, 0x0000000100000000)
  region size 1024K, 23 young (23552K), 2 survivors (2048K)
 Metaspace       used 3908K, committed 4096K, reserved 430080K
  class space    used 473K, committed 576K, reserved 421888K
}
Event: 5.189 GC heap after
{Heap after GC invocations=3 (full 0):
 garbage-first heap   total 262144K, used 12643K [0x0000000080000000, 0x0000000100000000)
  region size 1024K, 3 young (3072K), 3 survivors (3072K)
 Metaspace       used 3908K, committed 4096K, reserved 430080K
  class space    used 473K, committed 576K, reserved 421888K
}

Deoptimization events (20 events):
Event: 11.364 Thread 0x0000029e7ee28210 Uncommon trap: trap_request=0xffffff45 fr.pc=0x0000029e07aebf04 relative=0x0000000000000b04
Event: 11.364 Thread 0x0000029e7ee28210 Uncommon trap: reason=unstable_if action=reinterpret pc=0x0000029e07aebf04 method=java.io.WinNTFileSystem.resolve(Ljava/lang/String;Ljava/lang/String;)Ljava/lang/String; @ 19 c2
Event: 11.364 Thread 0x0000029e7ee28210 DEOPT PACKING pc=0x0000029e07aebf04 sp=0x000000dfe35fb810
Event: 11.364 Thread 0x0000029e7ee28210 DEOPT UNPACKING pc=0x0000029e075823a3 sp=0x000000dfe35fb7b8 mode 2
Event: 11.366 Thread 0x0000029e7ee28210 Uncommon trap: trap_request=0xffffff45 fr.pc=0x0000029e07b402a8 relative=0x0000000000000608
Event: 11.366 Thread 0x0000029e7ee28210 Uncommon trap: reason=unstable_if action=reinterpret pc=0x0000029e07b402a8 method=java.io.File.getName()Ljava/lang/String; @ 16 c2
Event: 11.366 Thread 0x0000029e7ee28210 DEOPT PACKING pc=0x0000029e07b402a8 sp=0x000000dfe35fb7b0
Event: 11.366 Thread 0x0000029e7ee28210 DEOPT UNPACKING pc=0x0000029e075823a3 sp=0x000000dfe35fb780 mode 2
Event: 12.797 Thread 0x0000029e7ee28210 Uncommon trap: trap_request=0xffffff45 fr.pc=0x0000029e07bce1b8 relative=0x0000000000000278
Event: 12.797 Thread 0x0000029e7ee28210 Uncommon trap: reason=unstable_if action=reinterpret pc=0x0000029e07bce1b8 method=java.util.HashMap.getNode(Ljava/lang/Object;)Ljava/util/HashMap$Node; @ 66 c2
Event: 12.797 Thread 0x0000029e7ee28210 DEOPT PACKING pc=0x0000029e07bce1b8 sp=0x000000dfe35fc030
Event: 12.797 Thread 0x0000029e7ee28210 DEOPT UNPACKING pc=0x0000029e075823a3 sp=0x000000dfe35fbf50 mode 2
Event: 12.797 Thread 0x0000029e7ee28210 Uncommon trap: trap_request=0xffffff45 fr.pc=0x0000029e07baee20 relative=0x0000000000000260
Event: 12.797 Thread 0x0000029e7ee28210 Uncommon trap: reason=unstable_if action=reinterpret pc=0x0000029e07baee20 method=java.util.HashMap.getNode(Ljava/lang/Object;)Ljava/util/HashMap$Node; @ 66 c2
Event: 12.797 Thread 0x0000029e7ee28210 DEOPT PACKING pc=0x0000029e07baee20 sp=0x000000dfe35fbfc0
Event: 12.797 Thread 0x0000029e7ee28210 DEOPT UNPACKING pc=0x0000029e075823a3 sp=0x000000dfe35fbf50 mode 2
Event: 12.817 Thread 0x0000029e7ee28210 Uncommon trap: trap_request=0xffffff45 fr.pc=0x0000029e07b9f4a4 relative=0x00000000000003e4
Event: 12.817 Thread 0x0000029e7ee28210 Uncommon trap: reason=unstable_if action=reinterpret pc=0x0000029e07b9f4a4 method=java.util.concurrent.ConcurrentHashMap.get(Ljava/lang/Object;)Ljava/lang/Object; @ 76 c2
Event: 12.817 Thread 0x0000029e7ee28210 DEOPT PACKING pc=0x0000029e07b9f4a4 sp=0x000000dfe35fb480
Event: 12.817 Thread 0x0000029e7ee28210 DEOPT UNPACKING pc=0x0000029e075823a3 sp=0x000000dfe35fb3f8 mode 2

Classes unloaded (0 events):
No events

Classes redefined (0 events):
No events

Internal exceptions (20 events):
Event: 7.345 Thread 0x0000029e6e6e92e0 Exception <a 'java/lang/NoSuchMethodError'{0x000000008ee3bd28}: 'java.lang.Object java.lang.invoke.DirectMethodHandle$Holder.invokeStaticInit(java.lang.Object, java.lang.Object, int, int, int, int)'> (0x000000008ee3bd28) 
thrown [s\open\src\hotspot\share\interpreter\linkResolver.cpp, line 759]
Event: 8.626 Thread 0x0000029e6e6e92e0 Exception <a 'java/lang/NoSuchMethodError'{0x000000008ed46368}: 'void java.lang.invoke.DirectMethodHandle$Holder.invokeStatic(java.lang.Object, java.lang.Object, java.lang.Object)'> (0x000000008ed46368) 
thrown [s\open\src\hotspot\share\interpreter\linkResolver.cpp, line 759]
Event: 8.771 Thread 0x0000029e6e6e92e0 Exception <a 'java/io/IOException'{0x000000008ec75600}> (0x000000008ec75600) 
thrown [s\open\src\hotspot\share\prims\jni.cpp, line 516]
Event: 9.319 Thread 0x0000029e7ee28210 Exception <a 'java/lang/NoSuchMethodError'{0x000000008e308780}: 'long java.lang.invoke.DirectMethodHandle$Holder.invokeInterface(java.lang.Object, java.lang.Object)'> (0x000000008e308780) 
thrown [s\open\src\hotspot\share\interpreter\linkResolver.cpp, line 759]
Event: 9.321 Thread 0x0000029e7ee28210 Exception <a 'java/lang/NoSuchMethodError'{0x000000008e3168f8}: 'void java.lang.invoke.DelegatingMethodHandle$Holder.reinvoke_L(java.lang.Object, java.lang.Object, java.lang.Object, java.lang.Object, java.lang.Object, java.lang.Object, java.lang.Object)'> (0x000000008e3168f8) 
thrown [s\open\src\hotspot\share\interpreter\linkResolver.cpp, line 759]
Event: 10.539 Thread 0x0000029e7ee28210 Exception <a 'java/lang/NoSuchMethodError'{0x000000008d617350}: 'void java.lang.invoke.DirectMethodHandle$Holder.invokeStaticInit(java.lang.Object)'> (0x000000008d617350) 
thrown [s\open\src\hotspot\share\interpreter\linkResolver.cpp, line 759]
Event: 10.544 Thread 0x0000029e7ee28210 Exception <a 'java/lang/NoSuchMethodError'{0x000000008d62deb0}: 'void java.lang.invoke.DirectMethodHandle$Holder.invokeSpecial(java.lang.Object, java.lang.Object, java.lang.Object)'> (0x000000008d62deb0) 
thrown [s\open\src\hotspot\share\interpreter\linkResolver.cpp, line 759]
Event: 10.596 Thread 0x0000029e7ee28210 Exception <a 'java/lang/NoSuchMethodError'{0x000000008d6ba708}: 'java.lang.Object java.lang.invoke.DirectMethodHandle$Holder.newInvokeSpecial(java.lang.Object, java.lang.Object, java.lang.Object, int)'> (0x000000008d6ba708) 
thrown [s\open\src\hotspot\share\interpreter\linkResolver.cpp, line 759]
Event: 10.597 Thread 0x0000029e7ee28210 Exception <a 'java/lang/NoSuchMethodError'{0x000000008d6bf588}: 'java.lang.Object java.lang.invoke.DirectMethodHandle$Holder.invokeSpecial(java.lang.Object, java.lang.Object, java.lang.Object, java.lang.Object, int)'> (0x000000008d6bf588) 
thrown [s\open\src\hotspot\share\interpreter\linkResolver.cpp, line 759]
Event: 10.598 Thread 0x0000029e7ee28210 Exception <a 'java/lang/NoSuchMethodError'{0x000000008d6c3bf0}: 'java.lang.Object java.lang.invoke.Invokers$Holder.linkToTargetMethod(java.lang.Object, java.lang.Object, int, java.lang.Object)'> (0x000000008d6c3bf0) 
thrown [s\open\src\hotspot\share\interpreter\linkResolver.cpp, line 759]
Event: 11.461 Thread 0x0000029e7ee28210 Exception <a 'java/lang/NoSuchMethodError'{0x000000008d0cf510}: 'int java.lang.invoke.DirectMethodHandle$Holder.invokeSpecialIFC(java.lang.Object, java.lang.Object, java.lang.Object, java.lang.Object)'> (0x000000008d0cf510) 
thrown [s\open\src\hotspot\share\interpreter\linkResolver.cpp, line 759]
Event: 11.464 Thread 0x0000029e7ee28210 Exception <a 'java/lang/NoSuchMethodError'{0x000000008d0de4e8}: 'java.lang.Object java.lang.invoke.DirectMethodHandle$Holder.invokeInterface(java.lang.Object, java.lang.Object, java.lang.Object)'> (0x000000008d0de4e8) 
thrown [s\open\src\hotspot\share\interpreter\linkResolver.cpp, line 759]
Event: 11.464 Thread 0x0000029e7ee28210 Exception <a 'java/lang/IncompatibleClassChangeError'{0x000000008d0e23c0}: Found class java.lang.Object, but interface was expected> (0x000000008d0e23c0) 
thrown [s\open\src\hotspot\share\interpreter\linkResolver.cpp, line 826]
Event: 11.924 Thread 0x0000029e7ee28210 Exception <a 'java/lang/NoSuchMethodError'{0x000000008cdaad78}: 'int java.lang.invoke.DirectMethodHandle$Holder.invokeStatic(java.lang.Object, java.lang.Object, java.lang.Object, java.lang.Object)'> (0x000000008cdaad78) 
thrown [s\open\src\hotspot\share\interpreter\linkResolver.cpp, line 759]
Event: 11.924 Thread 0x0000029e7ee28210 Exception <a 'java/lang/NoSuchMethodError'{0x000000008cdaec48}: 'java.lang.Object java.lang.invoke.Invokers$Holder.invokeExact_MT(java.lang.Object, java.lang.Object, java.lang.Object, java.lang.Object, java.lang.Object, java.lang.Object)'> (0x000000008cdaec48) 
thrown [s\open\src\hotspot\share\interpreter\linkResolver.cpp, line 759]
Event: 12.109 Thread 0x0000029e7ee28210 Exception <a 'java/lang/NoSuchMethodError'{0x000000008ca022a8}: 'java.lang.Object java.lang.invoke.DirectMethodHandle$Holder.invokeInterface(java.lang.Object, java.lang.Object)'> (0x000000008ca022a8) 
thrown [s\open\src\hotspot\share\interpreter\linkResolver.cpp, line 759]
Event: 12.234 Thread 0x0000029e7ee28210 Exception <a 'java/lang/NoSuchMethodError'{0x000000008c82cc50}: 'java.lang.Object java.lang.invoke.DirectMethodHandle$Holder.invokeSpecial(java.lang.Object, java.lang.Object, java.lang.Object, java.lang.Object, java.lang.Object, java.lang.Object, java.lang.Object, java.lang.Object, java.lang.Object)'> (0x000000008c82cc50) 
thrown [s\open\src\hotspot\share\interpreter\linkResolver.cpp, line 759]
Event: 12.612 Thread 0x0000029e7ee28210 Exception <a 'java/lang/NoSuchMethodError'{0x000000008c426fb0}: 'void java.lang.invoke.DirectMethodHandle$Holder.invokeStatic(java.lang.Object, java.lang.Object)'> (0x000000008c426fb0) 
thrown [s\open\src\hotspot\share\interpreter\linkResolver.cpp, line 759]
Event: 12.619 Thread 0x0000029e7ee28210 Exception <a 'java/lang/NoSuchMethodError'{0x000000008c468858}: 'java.lang.Object java.lang.invoke.DirectMethodHandle$Holder.invokeVirtual(java.lang.Object, java.lang.Object, java.lang.Object, java.lang.Object)'> (0x000000008c468858) 
thrown [s\open\src\hotspot\share\interpreter\linkResolver.cpp, line 759]
Event: 12.811 Thread 0x0000029e7ee28210 Exception <a 'java/lang/NoSuchMethodError'{0x000000008c2fb318}: 'java.lang.Object java.lang.invoke.DirectMethodHandle$Holder.newInvokeSpecial(java.lang.Object, java.lang.Object, java.lang.Object, java.lang.Object, java.lang.Object)'> (0x000000008c2fb318) 
thrown [s\open\src\hotspot\share\interpreter\linkResolver.cpp, line 759]

VM Operations (20 events):
Event: 8.342 Executing VM operation: Cleanup
Event: 8.342 Executing VM operation: Cleanup done
Event: 8.621 Executing VM operation: HandshakeAllThreads
Event: 8.621 Executing VM operation: HandshakeAllThreads done
Event: 8.852 Executing VM operation: HandshakeAllThreads
Event: 8.925 Executing VM operation: HandshakeAllThreads done
Event: 9.929 Executing VM operation: Cleanup
Event: 9.929 Executing VM operation: Cleanup done
Event: 10.051 Executing VM operation: HandshakeAllThreads
Event: 10.051 Executing VM operation: HandshakeAllThreads done
Event: 10.052 Executing VM operation: HandshakeAllThreads
Event: 10.052 Executing VM operation: HandshakeAllThreads done
Event: 11.057 Executing VM operation: Cleanup
Event: 11.057 Executing VM operation: Cleanup done
Event: 11.373 Executing VM operation: HandshakeAllThreads
Event: 11.397 Executing VM operation: HandshakeAllThreads done
Event: 11.398 Executing VM operation: HandshakeAllThreads
Event: 11.398 Executing VM operation: HandshakeAllThreads done
Event: 12.404 Executing VM operation: Cleanup
Event: 12.404 Executing VM operation: Cleanup done

Events (20 events):
Event: 12.796 loading class java/beans/EventSetDescriptor
Event: 12.796 loading class java/beans/FeatureDescriptor
Event: 12.796 loading class java/beans/FeatureDescriptor done
Event: 12.796 loading class java/beans/EventSetDescriptor done
Event: 12.796 loading class java/beans/Introspector$1
Event: 12.796 loading class jdk/internal/access/JavaBeansAccess
Event: 12.796 loading class jdk/internal/access/JavaBeansAccess done
Event: 12.796 loading class java/beans/Introspector$1 done
Event: 12.807 loading class sun/reflect/generics/tree/BottomSignature
Event: 12.807 loading class sun/reflect/generics/tree/BottomSignature done
Event: 12.807 loading class sun/reflect/generics/tree/Wildcard
Event: 12.807 loading class sun/reflect/generics/tree/Wildcard done
Event: 12.807 loading class sun/reflect/generics/reflectiveObjects/WildcardTypeImpl
Event: 12.807 loading class sun/reflect/generics/reflectiveObjects/WildcardTypeImpl done
Event: 12.809 loading class java/lang/annotation/ElementType
Event: 12.809 loading class java/lang/annotation/ElementType done
Event: 12.815 loading class java/lang/Deprecated
Event: 12.815 loading class java/lang/Deprecated done
Event: 12.817 loading class jdk/internal/vm/annotation/IntrinsicCandidate
Event: 12.817 loading class jdk/internal/vm/annotation/IntrinsicCandidate done


Dynamic libraries:
0x00007ff74da50000 - 0x00007ff74da60000 	C:\Program Files\Java\jdk-17\bin\java.exe
0x00007ff8795b0000 - 0x00007ff8797a8000 	C:\Windows\SYSTEM32\ntdll.dll
0x00007ff878cc0000 - 0x00007ff878d7f000 	C:\Windows\System32\KERNEL32.DLL
0x00007ff876ea0000 - 0x00007ff877196000 	C:\Windows\System32\KERNELBASE.dll
0x00007ff8771a0000 - 0x00007ff8772a0000 	C:\Windows\System32\ucrtbase.dll
0x00007ff86dd00000 - 0x00007ff86dd19000 	C:\Program Files\Java\jdk-17\bin\jli.dll
0x00007ff8789f0000 - 0x00007ff878a9f000 	C:\Windows\System32\ADVAPI32.dll
0x00007ff8780d0000 - 0x00007ff87816e000 	C:\Windows\System32\msvcrt.dll
0x00007ff878d80000 - 0x00007ff878e1c000 	C:\Windows\System32\sechost.dll
0x00007ff878ad0000 - 0x00007ff878bf6000 	C:\Windows\System32\RPCRT4.dll
0x00007ff877660000 - 0x00007ff8777fd000 	C:\Windows\System32\USER32.dll
0x00007ff877500000 - 0x00007ff877522000 	C:\Windows\System32\win32u.dll
0x00007ff877610000 - 0x00007ff87763c000 	C:\Windows\System32\GDI32.dll
0x00007ff877340000 - 0x00007ff877455000 	C:\Windows\System32\gdi32full.dll
0x00007ff8772a0000 - 0x00007ff87733d000 	C:\Windows\System32\msvcp_win.dll
0x00007ff86d9b0000 - 0x00007ff86d9cb000 	C:\Program Files\Java\jdk-17\bin\VCRUNTIME140.dll
0x00007ff85a8b0000 - 0x00007ff85ab4a000 	C:\Windows\WinSxS\amd64_microsoft.windows.common-controls_6595b64144ccf1df_6.0.19041.1110_none_60b5254171f9507e\COMCTL32.dll
0x00007ff86e0e0000 - 0x00007ff86e0ea000 	C:\Windows\SYSTEM32\VERSION.dll
0x00007ff878aa0000 - 0x00007ff878ad0000 	C:\Windows\System32\IMM32.DLL
0x00007ff86d970000 - 0x00007ff86d97c000 	C:\Program Files\Java\jdk-17\bin\vcruntime140_1.dll
0x00007ff849d30000 - 0x00007ff849dbe000 	C:\Program Files\Java\jdk-17\bin\msvcp140.dll
0x00007fffe4100000 - 0x00007fffe4cdd000 	C:\Program Files\Java\jdk-17\bin\server\jvm.dll
0x00007ff8789e0000 - 0x00007ff8789e8000 	C:\Windows\System32\PSAPI.DLL
0x00007ff86d210000 - 0x00007ff86d219000 	C:\Windows\SYSTEM32\WSOCK32.dll
0x00007ff877ff0000 - 0x00007ff87805b000 	C:\Windows\System32\WS2_32.dll
0x00007ff850550000 - 0x00007ff850577000 	C:\Windows\SYSTEM32\WINMM.dll
0x00007ff875510000 - 0x00007ff875522000 	C:\Windows\SYSTEM32\kernel.appcore.dll
0x00007ff85d390000 - 0x00007ff85d39a000 	C:\Program Files\Java\jdk-17\bin\jimage.dll
0x00007ff871870000 - 0x00007ff871a54000 	C:\Windows\SYSTEM32\DBGHELP.DLL
0x00007ff865260000 - 0x00007ff865294000 	C:\Windows\SYSTEM32\dbgcore.DLL
0x00007ff877580000 - 0x00007ff877602000 	C:\Windows\System32\bcryptPrimitives.dll
0x00007ff84ef10000 - 0x00007ff84ef35000 	C:\Program Files\Java\jdk-17\bin\java.dll
0x00007ff849850000 - 0x00007ff849927000 	C:\Program Files\Java\jdk-17\bin\jsvml.dll
0x00007ff878e20000 - 0x00007ff879564000 	C:\Windows\System32\SHELL32.dll
0x00007ff874d10000 - 0x00007ff8754a3000 	C:\Windows\SYSTEM32\windows.storage.dll
0x00007ff878240000 - 0x00007ff878594000 	C:\Windows\System32\combase.dll
0x00007ff876600000 - 0x00007ff87662e000 	C:\Windows\SYSTEM32\Wldp.dll
0x00007ff8785a0000 - 0x00007ff87864d000 	C:\Windows\System32\SHCORE.dll
0x00007ff878c00000 - 0x00007ff878c55000 	C:\Windows\System32\shlwapi.dll
0x00007ff876bc0000 - 0x00007ff876be5000 	C:\Windows\SYSTEM32\profapi.dll
0x00007ff84a260000 - 0x00007ff84a279000 	C:\Program Files\Java\jdk-17\bin\net.dll
0x00007ff86bec0000 - 0x00007ff86bfca000 	C:\Windows\SYSTEM32\WINHTTP.dll
0x00007ff876360000 - 0x00007ff8763ca000 	C:\Windows\system32\mswsock.dll
0x00007ff84a240000 - 0x00007ff84a256000 	C:\Program Files\Java\jdk-17\bin\nio.dll
0x00007ff84a220000 - 0x00007ff84a238000 	C:\Program Files\Java\jdk-17\bin\zip.dll
0x00007ff86f6f0000 - 0x00007ff86f700000 	C:\Program Files\Java\jdk-17\bin\verify.dll
0x00007ff845650000 - 0x00007ff845677000 	C:\Users\ss\.gradle\native\e1d6ef7f7dcc3fd88c89a11ec53ec762bb8ba0a96d01ffa2cd45eb1d1d8dd5c5\windows-amd64\native-platform.dll
0x00007ff853550000 - 0x00007ff853694000 	C:\Users\ss\.gradle\native\5664cfc778a61ccfe75a443a1ab52a65af34e5dc3c78e0209fed803814484fcb\windows-amd64\native-platform-file-events.dll
0x00007ff851c90000 - 0x00007ff851c9a000 	C:\Program Files\Java\jdk-17\bin\management.dll
0x00007ff84da70000 - 0x00007ff84da7b000 	C:\Program Files\Java\jdk-17\bin\management_ext.dll
0x00007ff876550000 - 0x00007ff876568000 	C:\Windows\SYSTEM32\CRYPTSP.dll
0x00007ff875c70000 - 0x00007ff875ca4000 	C:\Windows\system32\rsaenh.dll
0x00007ff877460000 - 0x00007ff877487000 	C:\Windows\System32\bcrypt.dll
0x00007ff876b80000 - 0x00007ff876bae000 	C:\Windows\SYSTEM32\USERENV.dll
0x00007ff876570000 - 0x00007ff87657c000 	C:\Windows\SYSTEM32\CRYPTBASE.dll
0x00007ff876050000 - 0x00007ff87608b000 	C:\Windows\SYSTEM32\IPHLPAPI.DLL
0x00007ff878060000 - 0x00007ff878068000 	C:\Windows\System32\NSI.dll
0x00007ff86c6a0000 - 0x00007ff86c6b7000 	C:\Windows\SYSTEM32\dhcpcsvc6.DLL
0x00007ff86cf20000 - 0x00007ff86cf3d000 	C:\Windows\SYSTEM32\dhcpcsvc.DLL
0x00007ff876090000 - 0x00007ff87615a000 	C:\Windows\SYSTEM32\DNSAPI.dll
0x00007ff84d1a0000 - 0x00007ff84d1ad000 	C:\Program Files\Java\jdk-17\bin\sunmscapi.dll
0x00007ff876c90000 - 0x00007ff876dee000 	C:\Windows\System32\CRYPT32.dll
0x00007ff876670000 - 0x00007ff876698000 	C:\Windows\SYSTEM32\ncrypt.dll
0x00007ff876630000 - 0x00007ff87666b000 	C:\Windows\SYSTEM32\NTASN1.dll
0x00007ff846620000 - 0x00007ff846627000 	C:\Windows\system32\wshunix.dll

dbghelp: loaded successfully - version: 4.0.5 - missing functions: none
symbol engine: initialized successfully - sym options: 0x614 - pdb path: .;C:\Program Files\Java\jdk-17\bin;C:\Windows\SYSTEM32;C:\Windows\WinSxS\amd64_microsoft.windows.common-controls_6595b64144ccf1df_6.0.19041.1110_none_60b5254171f9507e;C:\Program Files\Java\jdk-17\bin\server;C:\Users\ss\.gradle\native\e1d6ef7f7dcc3fd88c89a11ec53ec762bb8ba0a96d01ffa2cd45eb1d1d8dd5c5\windows-amd64;C:\Users\ss\.gradle\native\5664cfc778a61ccfe75a443a1ab52a65af34e5dc3c78e0209fed803814484fcb\windows-amd64

VM Arguments:
jvm_args: -XX:MaxMetaspaceSize=512m --add-opens=java.base/java.util=ALL-UNNAMED --add-opens=java.base/java.lang=ALL-UNNAMED --add-opens=java.base/java.lang.invoke=ALL-UNNAMED --add-opens=java.base/java.util=ALL-UNNAMED --add-opens=java.prefs/java.util.prefs=ALL-UNNAMED --add-opens=java.prefs/java.util.prefs=ALL-UNNAMED --add-opens=java.base/java.nio.charset=ALL-UNNAMED --add-opens=java.base/java.net=ALL-UNNAMED --add-opens=java.base/java.util.concurrent.atomic=ALL-UNNAMED -Xmx2048m -Dfile.encoding=windows-1252 -Duser.country=IN -Duser.language=en -Duser.variant 
java_command: org.gradle.launcher.daemon.bootstrap.GradleDaemon 7.3.3
java_class_path (initial): C:\Users\ss\.gradle\wrapper\dists\gradle-7.3.3-all\4295vidhdd9hd3gbjyw1xqxpo\gradle-7.3.3\lib\gradle-launcher-7.3.3.jar
Launcher Type: SUN_STANDARD

[Global flags]
     intx CICompilerCount                          = 3                                         {product} {ergonomic}
   size_t CompressedClassSpaceSize                 = 432013312                                 {product} {ergonomic}
     uint ConcGCThreads                            = 1                                         {product} {ergonomic}
     uint G1ConcRefinementThreads                  = 4                                         {product} {ergonomic}
   size_t G1HeapRegionSize                         = 1048576                                   {product} {ergonomic}
    uintx GCDrainStackTargetSize                   = 64                                        {product} {ergonomic}
   size_t InitialHeapSize                          = 268435456                                 {product} {ergonomic}
   size_t MarkStackSize                            = 4194304                                   {product} {ergonomic}
   size_t MaxHeapSize                              = 2147483648                                {product} {command line}
   size_t MaxMetaspaceSize                         = 536870912                                 {product} {command line}
   size_t MaxNewSize                               = 1287651328                                {product} {ergonomic}
   size_t MinHeapDeltaBytes                        = 1048576                                   {product} {ergonomic}
   size_t MinHeapSize                              = 8388608                                   {product} {ergonomic}
    uintx NonNMethodCodeHeapSize                   = 5832780                                {pd product} {ergonomic}
    uintx NonProfiledCodeHeapSize                  = 122912730                              {pd product} {ergonomic}
    uintx ProfiledCodeHeapSize                     = 122912730                              {pd product} {ergonomic}
    uintx ReservedCodeCacheSize                    = 251658240                              {pd product} {ergonomic}
     bool SegmentedCodeCache                       = true                                      {product} {ergonomic}
   size_t SoftMaxHeapSize                          = 2147483648                             {manageable} {ergonomic}
     bool UseCompressedClassPointers               = true                           {product lp64_product} {ergonomic}
     bool UseCompressedOops                        = true                           {product lp64_product} {ergonomic}
     bool UseG1GC                                  = true                                      {product} {ergonomic}
     bool UseLargePagesIndividualAllocation        = false                                  {pd product} {ergonomic}

Logging:
Log output configuration:
 #0: stdout all=warning uptime,level,tags
 #1: stderr all=off uptime,level,tags

Environment Variables:
CLASSPATH=C:\Users\ss\Desktop\teachers-vision\android\\gradle\wrapper\gradle-wrapper.jar
PATH=C:\Users\ss\Desktop\teachers-vision\android\node_modules\.bin;C:\Users\ss\Desktop\teachers-vision\node_modules\.bin;C:\Users\ss\Desktop\node_modules\.bin;C:\Users\ss\node_modules\.bin;C:\Users\node_modules\.bin;C:\node_modules\.bin;C:\Program Files\nodejs;C:\Users\ss\Desktop\teachers-vision\node_modules\.bin;C:\Users\ss\Desktop\teachers-vision\node_modules\.bin;C:\Users\ss\Desktop\node_modules\.bin;C:\Users\ss\node_modules\.bin;C:\Users\node_modules\.bin;C:\node_modules\.bin;C:\Users\ss\AppData\Roaming\nvm\v16.16.0\node_modules\npm\node_modules\@npmcli\run-script\lib\node-gyp-bin;C:\Users\ss\Desktop\teachers-vision\node_modules\.bin;C:\Users\ss\Desktop\node_modules\.bin;C:\Users\ss\node_modules\.bin;C:\Users\node_modules\.bin;C:\node_modules\.bin;C:\Program Files\nodejs;C:\Users\ss\Desktop\teachers-vision\node_modules\.bin;C:\Users\ss\Desktop\teachers-vision\node_modules\.bin;C:\Users\ss\Desktop\node_modules\.bin;C:\Users\ss\node_modules\.bin;C:\Users\node_modules\.bin;C:\node_modules\.bin;C:\Users\ss\AppData\Roaming\nvm\v16.16.0\node_modules\npm\node_modules\@npmcli\run-script\lib\node-gyp-bin;C:\Program Files\Common Files\Oracle\Java\javapath;C:\Program Files (x86)\Common Files\Oracle\Java\javapath;C:\Program Files\Microsoft\jdk-11.0.18.10-hotspot\bin;C:\Program Files\Microsoft MPI\Bin\;C:\Windows\system32;C:\Windows;C:\Windows\System32\Wbem;C:\Windows\System32\WindowsPowerShell\v1.0\;C:\Windows\System32\OpenSSH\;C:\ProgramData\chocolatey\bin;C:\Users\ss\AppData\Local\Android\Sdk\platform-tools;C:\Program Files\Git\cmd;C:\Program Files\Microsoft SQL Server\150\Tools\Binn\;C:\Program Files (x86)\Microsoft SQL Server\160\Tools\Binn\;C:\Program Files\Microsoft SQL Server\160\Tools\Binn\;C:\Program Files\Microsoft SQL Server\Client SDK\ODBC\170\Tools\Binn\;C:\Program Files\Microsoft SQL Server\160\DTS\Binn\;C:\Program Files\dotnet\;C:\Program Files (x86)\dotnet\;C:\Program Files (x86)\Microsoft SQL Server\160\DTS\Binn\;C:\Program Files (x86)\Microsoft SQL Server\150
USERNAME=ss
LANG=en_US.UTF-8
OS=Windows_NT
PROCESSOR_IDENTIFIER=Intel64 Family 6 Model 142 Stepping 9, GenuineIntel



---------------  S Y S T E M  ---------------

OS:
 Windows 10 , 64 bit Build 19041 (10.0.19041.3155)
OS uptime: 7 days 8:07 hours

CPU: total 4 (initial active 4) (2 cores per cpu, 2 threads per core) family 6 model 142 stepping 9 microcode 0xb4, cx8, cmov, fxsr, ht, mmx, 3dnowpref, sse, sse2, sse3, ssse3, sse4.1, sse4.2, popcnt, lzcnt, tsc, tscinvbit, avx, avx2, aes, erms, clmul, bmi1, bmi2, adx, fma, vzeroupper, clflush, clflushopt

Memory: 4k page, system-wide physical 16263M (1007M free)
TotalPageFile size 27101M (AvailPageFile size 7M)
current process WorkingSet (physical memory assigned to process): 172M, peak: 172M
current process commit charge ("private bytes"): 400M, peak: 401M

vm_info: Java HotSpot(TM) 64-Bit Server VM (17.0.7+8-LTS-224) for windows-amd64 JRE (17.0.7+8-LTS-224), built on Feb 28 2023 23:03:02 by "mach5one" with MS VC++ 17.1 (VS2022)

END.
