#
# There is insufficient memory for the Java Runtime Environment to continue.
# Native memory allocation (malloc) failed to allocate 1018416 bytes for Chunk::new
# Possible reasons:
#   The system is out of physical RAM or swap space
#   The process is running with CompressedOops enabled, and the Java Heap may be blocking the growth of the native heap
# Possible solutions:
#   Reduce memory load on the system
#   Increase physical memory or swap space
#   Check if swap backing store is full
#   Decrease Java heap size (-Xmx/-Xms)
#   Decrease number of Java threads
#   Decrease Java thread stack sizes (-Xss)
#   Set larger code cache with -XX:ReservedCodeCacheSize=
#   JVM is running with Unscaled Compressed Oops mode in which the Java heap is
#     placed in the first 4GB address space. The Java Heap base address is the
#     maximum limit for the native heap growth. Please use -XX:HeapBaseMinAddress
#     to set the Java Heap base and to place the Java Heap above 4GB virtual address.
# This output file may be truncated or incomplete.
#
#  Out of Memory Error (arena.cpp:189), pid=25692, tid=4756
#
# JRE version: Java(TM) SE Runtime Environment (17.0.7+8) (build 17.0.7+8-LTS-224)
# Java VM: Java HotSpot(TM) 64-Bit Server VM (17.0.7+8-LTS-224, mixed mode, sharing, tiered, compressed oops, compressed class ptrs, g1 gc, windows-amd64)
# No core dump will be written. Minidumps are not enabled by default on client versions of Windows
#

---------------  S U M M A R Y ------------

Command Line: -XX:MaxMetaspaceSize=512m --add-opens=java.base/java.util=ALL-UNNAMED --add-opens=java.base/java.lang=ALL-UNNAMED --add-opens=java.base/java.lang.invoke=ALL-UNNAMED --add-opens=java.base/java.util=ALL-UNNAMED --add-opens=java.prefs/java.util.prefs=ALL-UNNAMED --add-opens=java.prefs/java.util.prefs=ALL-UNNAMED --add-opens=java.base/java.nio.charset=ALL-UNNAMED --add-opens=java.base/java.net=ALL-UNNAMED --add-opens=java.base/java.util.concurrent.atomic=ALL-UNNAMED -Xmx2048m -Dfile.encoding=windows-1252 -Duser.country=IN -Duser.language=en -Duser.variant org.gradle.launcher.daemon.bootstrap.GradleDaemon 7.3.3

Host: Intel(R) Core(TM) i5-7200U CPU @ 2.50GHz, 4 cores, 15G,  Windows 10 , 64 bit Build 19041 (10.0.19041.3393)
Time: Mon Sep 18 12:38:06 2023 India Standard Time elapsed time: 201.328332 seconds (0d 0h 3m 21s)

---------------  T H R E A D  ---------------

Current thread (0x00000132cb368a70):  JavaThread "C2 CompilerThread0" daemon [_thread_in_native, id=4756, stack(0x0000002f09700000,0x0000002f09800000)]


Current CompileTask:
C2: 201328 7781       4       java.util.regex.Pattern::split (288 bytes)

Stack: [0x0000002f09700000,0x0000002f09800000]
Native frames: (J=compiled Java code, j=interpreted, Vv=VM code, C=native code)
V  [jvm.dll+0x676a4a]
V  [jvm.dll+0x7d74f4]
V  [jvm.dll+0x7d8c9e]
V  [jvm.dll+0x7d9303]
V  [jvm.dll+0x2452c5]
V  [jvm.dll+0xaaa2b]
V  [jvm.dll+0xaafcc]
V  [jvm.dll+0x3613cf]
V  [jvm.dll+0x32bba1]
V  [jvm.dll+0x32b03a]
V  [jvm.dll+0x217acf]
V  [jvm.dll+0x216f01]
V  [jvm.dll+0x1a35e0]
V  [jvm.dll+0x226a6e]
V  [jvm.dll+0x224e15]
V  [jvm.dll+0x78d05c]
V  [jvm.dll+0x78759a]
V  [jvm.dll+0x675875]
C  [ucrtbase.dll+0x21bb2]
C  [KERNEL32.DLL+0x17344]
C  [ntdll.dll+0x526b1]


---------------  P R O C E S S  ---------------

Threads class SMR info:
_java_thread_list=0x00000132d0abd240, length=90, elements={
0x00000132ad9eab90, 0x00000132cb34a7e0, 0x00000132cb34b560, 0x00000132cb3642c0,
0x00000132cb365cf0, 0x00000132cb3675c0, 0x00000132cb367e80, 0x00000132cb368a70,
0x00000132cb36b430, 0x00000132cbd38010, 0x00000132cbd9cd20, 0x00000132cbd9d1f0,
0x00000132cd552010, 0x00000132cdb959e0, 0x00000132cd931020, 0x00000132cc86de90,
0x00000132ccbb94e0, 0x00000132cd224430, 0x00000132cd224900, 0x00000132cd2635e0,
0x00000132cd263110, 0x00000132cd25fc20, 0x00000132cd262770, 0x00000132cd260a90,
0x00000132cd2600f0, 0x00000132cd261430, 0x00000132cd261dd0, 0x00000132cd260f60,
0x00000132cd262c40, 0x00000132cd261900, 0x00000132ce812880, 0x00000132ce817580,
0x00000132ce8183f0, 0x00000132ce817a50, 0x00000132ce8188c0, 0x00000132ce811ee0,
0x00000132ce8123b0, 0x00000132ce814090, 0x00000132ce813220, 0x00000132ce811070,
0x00000132ce816710, 0x00000132ce8136f0, 0x00000132ce813bc0, 0x00000132ce816240,
0x00000132ce814f00, 0x00000132ce8153d0, 0x00000132ce8158a0, 0x00000132ce8170b0,
0x00000132cd2605c0, 0x00000132cde45a50, 0x00000132cde43d70, 0x00000132cde42f00,
0x00000132cde45580, 0x00000132cde42560, 0x00000132cde40880, 0x00000132cde3fa10,
0x00000132cde438a0, 0x00000132cde468c0, 0x00000132cde3fee0, 0x00000132cde450b0,
0x00000132cde45f20, 0x00000132cde44be0, 0x00000132cde44240, 0x00000132cde44710,
0x00000132cde463f0, 0x00000132cde40d50, 0x00000132cde403b0, 0x00000132cde3f070,
0x00000132cde41220, 0x00000132cde42a30, 0x00000132cde3f540, 0x00000132cde416f0,
0x00000132cde41bc0, 0x00000132cde42090, 0x00000132cde433d0, 0x00000132ccb2bba0,
0x00000132ccb2ff00, 0x00000132ccb2f090, 0x00000132ccb2e220, 0x00000132ccb31240,
0x00000132ccb2fa30, 0x00000132ccb303d0, 0x00000132ccb30d70, 0x00000132ccb2dd50,
0x00000132ccb29ec0, 0x00000132ccb2a390, 0x00000132ccb2f560, 0x00000132ccb2b200,
0x00000132ccb2b6d0, 0x00000132ccb2c070
}

Java Threads: ( => current thread )
  0x00000132ad9eab90 JavaThread "main" [_thread_blocked, id=26528, stack(0x0000002f08900000,0x0000002f08a00000)]
  0x00000132cb34a7e0 JavaThread "Reference Handler" daemon [_thread_blocked, id=23708, stack(0x0000002f09100000,0x0000002f09200000)]
  0x00000132cb34b560 JavaThread "Finalizer" daemon [_thread_blocked, id=25864, stack(0x0000002f09200000,0x0000002f09300000)]
  0x00000132cb3642c0 JavaThread "Signal Dispatcher" daemon [_thread_blocked, id=10784, stack(0x0000002f09300000,0x0000002f09400000)]
  0x00000132cb365cf0 JavaThread "Attach Listener" daemon [_thread_blocked, id=24356, stack(0x0000002f09400000,0x0000002f09500000)]
  0x00000132cb3675c0 JavaThread "Service Thread" daemon [_thread_blocked, id=25952, stack(0x0000002f09500000,0x0000002f09600000)]
  0x00000132cb367e80 JavaThread "Monitor Deflation Thread" daemon [_thread_blocked, id=17024, stack(0x0000002f09600000,0x0000002f09700000)]
=>0x00000132cb368a70 JavaThread "C2 CompilerThread0" daemon [_thread_in_native, id=4756, stack(0x0000002f09700000,0x0000002f09800000)]
  0x00000132cb36b430 JavaThread "C1 CompilerThread0" daemon [_thread_blocked, id=22488, stack(0x0000002f09800000,0x0000002f09900000)]
  0x00000132cbd38010 JavaThread "Sweeper thread" daemon [_thread_blocked, id=6412, stack(0x0000002f09900000,0x0000002f09a00000)]
  0x00000132cbd9cd20 JavaThread "Common-Cleaner" daemon [_thread_blocked, id=25008, stack(0x0000002f09a00000,0x0000002f09b00000)]
  0x00000132cbd9d1f0 JavaThread "Notification Thread" daemon [_thread_blocked, id=25216, stack(0x0000002f09b00000,0x0000002f09c00000)]
  0x00000132cd552010 JavaThread "Daemon health stats" [_thread_blocked, id=10420, stack(0x0000002f0a100000,0x0000002f0a200000)]
  0x00000132cdb959e0 JavaThread "Incoming local TCP Connector on port 51641" [_thread_in_native, id=23164, stack(0x0000002f0a000000,0x0000002f0a100000)]
  0x00000132cd931020 JavaThread "Daemon periodic checks" [_thread_blocked, id=23476, stack(0x0000002f0a300000,0x0000002f0a400000)]
  0x00000132cc86de90 JavaThread "Daemon" [_thread_blocked, id=22632, stack(0x0000002f0a200000,0x0000002f0a300000)]
  0x00000132ccbb94e0 JavaThread "Handler for socket connection from /127.0.0.1:51641 to /127.0.0.1:51642" [_thread_in_native, id=25656, stack(0x0000002f0a400000,0x0000002f0a500000)]
  0x00000132cd224430 JavaThread "Cancel handler" [_thread_blocked, id=20000, stack(0x0000002f0a500000,0x0000002f0a600000)]
  0x00000132cd224900 JavaThread "Daemon worker" [_thread_blocked, id=9288, stack(0x0000002f0a600000,0x0000002f0a700000)]
  0x00000132cd2635e0 JavaThread "Asynchronous log dispatcher for DefaultDaemonConnection: socket connection from /127.0.0.1:51641 to /127.0.0.1:51642" [_thread_blocked, id=26444, stack(0x0000002f0a700000,0x0000002f0a800000)]
  0x00000132cd263110 JavaThread "Stdin handler" [_thread_blocked, id=21112, stack(0x0000002f0a800000,0x0000002f0a900000)]
  0x00000132cd25fc20 JavaThread "Daemon client event forwarder" [_thread_blocked, id=6124, stack(0x0000002f0a900000,0x0000002f0aa00000)]
  0x00000132cd262770 JavaThread "Cache worker for journal cache (C:\Users\ss\.gradle\caches\journal-1)" [_thread_blocked, id=23272, stack(0x0000002f0aa00000,0x0000002f0ab00000)]
  0x00000132cd260a90 JavaThread "File lock request listener" [_thread_in_native, id=18616, stack(0x0000002f0ab00000,0x0000002f0ac00000)]
  0x00000132cd2600f0 JavaThread "Cache worker for file hash cache (C:\Users\ss\.gradle\caches\7.3.3\fileHashes)" [_thread_blocked, id=25280, stack(0x0000002f0ac00000,0x0000002f0ad00000)]
  0x00000132cd261430 JavaThread "Cache worker for file hash cache (C:\Users\ss\Desktop\teachers-vision\android\.gradle\7.3.3\fileHashes)" [_thread_blocked, id=24348, stack(0x0000002f0ae00000,0x0000002f0af00000)]
  0x00000132cd261dd0 JavaThread "File watcher server" daemon [_thread_in_native, id=20616, stack(0x0000002f0af00000,0x0000002f0b000000)]
  0x00000132cd260f60 JavaThread "File watcher consumer" daemon [_thread_blocked, id=26604, stack(0x0000002f0b000000,0x0000002f0b100000)]
  0x00000132cd262c40 JavaThread "Cache worker for checksums cache (C:\Users\ss\Desktop\teachers-vision\android\.gradle\7.3.3\checksums)" [_thread_blocked, id=24844, stack(0x0000002f0b100000,0x0000002f0b200000)]
  0x00000132cd261900 JavaThread "Cache worker for cache directory md-supplier (C:\Users\ss\.gradle\caches\7.3.3\md-supplier)" [_thread_blocked, id=19088, stack(0x0000002f0b200000,0x0000002f0b300000)]
  0x00000132ce812880 JavaThread "Cache worker for cache directory md-rule (C:\Users\ss\.gradle\caches\7.3.3\md-rule)" [_thread_blocked, id=18220, stack(0x0000002f0b300000,0x0000002f0b400000)]
  0x00000132ce817580 JavaThread "Cache worker for execution history cache (C:\Users\ss\.gradle\caches\7.3.3\executionHistory)" [_thread_blocked, id=26368, stack(0x0000002f0b500000,0x0000002f0b600000)]
  0x00000132ce8183f0 JavaThread "jar transforms" [_thread_blocked, id=21936, stack(0x0000002f0b400000,0x0000002f0b500000)]
  0x00000132ce817a50 JavaThread "jar transforms Thread 2" [_thread_blocked, id=25780, stack(0x0000002f0b800000,0x0000002f0b900000)]
  0x00000132ce8188c0 JavaThread "Cache worker for file content cache (C:\Users\ss\.gradle\caches\7.3.3\fileContent)" [_thread_blocked, id=25084, stack(0x0000002f0ba00000,0x0000002f0bb00000)]
  0x00000132ce811ee0 JavaThread "jar transforms Thread 3" [_thread_blocked, id=27380, stack(0x0000002f0b900000,0x0000002f0ba00000)]
  0x00000132ce8123b0 JavaThread "jar transforms Thread 4" [_thread_blocked, id=27460, stack(0x0000002f0bb00000,0x0000002f0bc00000)]
  0x00000132ce814090 JavaThread "Cache worker for kotlin-dsl (C:\Users\ss\.gradle\caches\7.3.3\kotlin-dsl)" [_thread_blocked, id=27268, stack(0x0000002f08800000,0x0000002f08900000)]
  0x00000132ce813220 JavaThread "File lock release action executor Thread 3" [_thread_blocked, id=16796, stack(0x0000002f08a00000,0x0000002f08b00000)]
  0x00000132ce811070 JavaThread "File lock release action executor Thread 4" [_thread_blocked, id=25768, stack(0x0000002f0ad00000,0x0000002f0ae00000)]
  0x00000132ce816710 JavaThread "Cache worker for dependencies-accessors (C:\Users\ss\Desktop\teachers-vision\android\.gradle\7.3.3\dependencies-accessors)" [_thread_blocked, id=27200, stack(0x0000002f0bc00000,0x0000002f0bd00000)]
  0x00000132ce8136f0 JavaThread "Cache worker for Build Output Cleanup Cache (C:\Users\ss\Desktop\teachers-vision\node_modules\react-native-gradle-plugin\.gradle\buildOutputCleanup)" [_thread_blocked, id=26096, stack(0x0000002f0bd00000,0x0000002f0be00000)]
  0x00000132ce813bc0 JavaThread "Unconstrained build operations" [_thread_blocked, id=4836, stack(0x0000002f0be00000,0x0000002f0bf00000)]
  0x00000132ce816240 JavaThread "Unconstrained build operations Thread 2" [_thread_blocked, id=25812, stack(0x0000002f0bf00000,0x0000002f0c000000)]
  0x00000132ce814f00 JavaThread "Unconstrained build operations Thread 3" [_thread_blocked, id=21584, stack(0x0000002f0c100000,0x0000002f0c200000)]
  0x00000132ce8153d0 JavaThread "Unconstrained build operations Thread 4" [_thread_blocked, id=21276, stack(0x0000002f0c200000,0x0000002f0c300000)]
  0x00000132ce8158a0 JavaThread "Unconstrained build operations Thread 5" [_thread_blocked, id=23400, stack(0x0000002f0c300000,0x0000002f0c400000)]
  0x00000132ce8170b0 JavaThread "Unconstrained build operations Thread 6" [_thread_blocked, id=15968, stack(0x0000002f0c400000,0x0000002f0c500000)]
  0x00000132cd2605c0 JavaThread "Unconstrained build operations Thread 7" [_thread_blocked, id=25776, stack(0x0000002f0c500000,0x0000002f0c600000)]
  0x00000132cde45a50 JavaThread "Unconstrained build operations Thread 8" [_thread_blocked, id=24128, stack(0x0000002f0c600000,0x0000002f0c700000)]
  0x00000132cde43d70 JavaThread "Unconstrained build operations Thread 9" [_thread_blocked, id=26576, stack(0x0000002f0c700000,0x0000002f0c800000)]
  0x00000132cde42f00 JavaThread "Unconstrained build operations Thread 10" [_thread_blocked, id=27204, stack(0x0000002f0c800000,0x0000002f0c900000)]
  0x00000132cde45580 JavaThread "Unconstrained build operations Thread 11" [_thread_blocked, id=24024, stack(0x0000002f0c900000,0x0000002f0ca00000)]
  0x00000132cde42560 JavaThread "Unconstrained build operations Thread 12" [_thread_blocked, id=26532, stack(0x0000002f0ca00000,0x0000002f0cb00000)]
  0x00000132cde40880 JavaThread "Unconstrained build operations Thread 13" [_thread_blocked, id=4476, stack(0x0000002f0cb00000,0x0000002f0cc00000)]
  0x00000132cde3fa10 JavaThread "Unconstrained build operations Thread 14" [_thread_blocked, id=12592, stack(0x0000002f0cc00000,0x0000002f0cd00000)]
  0x00000132cde438a0 JavaThread "Unconstrained build operations Thread 15" [_thread_blocked, id=24884, stack(0x0000002f0cd00000,0x0000002f0ce00000)]
  0x00000132cde468c0 JavaThread "Unconstrained build operations Thread 16" [_thread_blocked, id=904, stack(0x0000002f0ce00000,0x0000002f0cf00000)]
  0x00000132cde3fee0 JavaThread "Unconstrained build operations Thread 17" [_thread_blocked, id=26136, stack(0x0000002f0cf00000,0x0000002f0d000000)]
  0x00000132cde450b0 JavaThread "Unconstrained build operations Thread 18" [_thread_blocked, id=27324, stack(0x0000002f0d000000,0x0000002f0d100000)]
  0x00000132cde45f20 JavaThread "Unconstrained build operations Thread 19" [_thread_blocked, id=24428, stack(0x0000002f0d100000,0x0000002f0d200000)]
  0x00000132cde44be0 JavaThread "Unconstrained build operations Thread 20" [_thread_blocked, id=26936, stack(0x0000002f0d200000,0x0000002f0d300000)]
  0x00000132cde44240 JavaThread "Unconstrained build operations Thread 21" [_thread_blocked, id=14032, stack(0x0000002f0d300000,0x0000002f0d400000)]
  0x00000132cde44710 JavaThread "Unconstrained build operations Thread 22" [_thread_blocked, id=20268, stack(0x0000002f0d400000,0x0000002f0d500000)]
  0x00000132cde463f0 JavaThread "Unconstrained build operations Thread 23" [_thread_blocked, id=21696, stack(0x0000002f0d500000,0x0000002f0d600000)]
  0x00000132cde40d50 JavaThread "Unconstrained build operations Thread 24" [_thread_blocked, id=24184, stack(0x0000002f0d600000,0x0000002f0d700000)]
  0x00000132cde403b0 JavaThread "Unconstrained build operations Thread 25" [_thread_blocked, id=12632, stack(0x0000002f0d700000,0x0000002f0d800000)]
  0x00000132cde3f070 JavaThread "Unconstrained build operations Thread 26" [_thread_blocked, id=25712, stack(0x0000002f0d800000,0x0000002f0d900000)]
  0x00000132cde41220 JavaThread "Unconstrained build operations Thread 27" [_thread_blocked, id=2240, stack(0x0000002f0d900000,0x0000002f0da00000)]
  0x00000132cde42a30 JavaThread "Unconstrained build operations Thread 28" [_thread_blocked, id=27264, stack(0x0000002f0da00000,0x0000002f0db00000)]
  0x00000132cde3f540 JavaThread "Unconstrained build operations Thread 29" [_thread_blocked, id=26520, stack(0x0000002f0db00000,0x0000002f0dc00000)]
  0x00000132cde416f0 JavaThread "Unconstrained build operations Thread 30" [_thread_blocked, id=26852, stack(0x0000002f0dc00000,0x0000002f0dd00000)]
  0x00000132cde41bc0 JavaThread "Unconstrained build operations Thread 31" [_thread_blocked, id=20092, stack(0x0000002f0dd00000,0x0000002f0de00000)]
  0x00000132cde42090 JavaThread "Unconstrained build operations Thread 32" [_thread_blocked, id=9976, stack(0x0000002f0de00000,0x0000002f0df00000)]
  0x00000132cde433d0 JavaThread "Unconstrained build operations Thread 33" [_thread_blocked, id=22724, stack(0x0000002f0df00000,0x0000002f0e000000)]
  0x00000132ccb2bba0 JavaThread "build event listener" [_thread_blocked, id=20356, stack(0x0000002f0e000000,0x0000002f0e100000)]
  0x00000132ccb2ff00 JavaThread "Memory manager" [_thread_blocked, id=23240, stack(0x0000002f0e100000,0x0000002f0e200000)]
  0x00000132ccb2f090 JavaThread "Cache worker for Build Output Cleanup Cache (C:\Users\ss\Desktop\teachers-vision\android\.gradle\buildOutputCleanup)" [_thread_blocked, id=25732, stack(0x0000002f0e200000,0x0000002f0e300000)]
  0x00000132ccb2e220 JavaThread "included builds" [_thread_in_vm, id=27732, stack(0x0000002f0e300000,0x0000002f0e400000)]
  0x00000132ccb31240 JavaThread "Execution worker for ':react-native-gradle-plugin'" [_thread_blocked, id=27764, stack(0x0000002f0e400000,0x0000002f0e500000)]
  0x00000132ccb2fa30 JavaThread "Execution worker for ':react-native-gradle-plugin' Thread 2" [_thread_blocked, id=27768, stack(0x0000002f0e500000,0x0000002f0e600000)]
  0x00000132ccb303d0 JavaThread "Execution worker for ':react-native-gradle-plugin' Thread 3" [_thread_blocked, id=27772, stack(0x0000002f0e600000,0x0000002f0e700000)]
  0x00000132ccb30d70 JavaThread "Cache worker for execution history cache (C:\Users\ss\Desktop\teachers-vision\node_modules\react-native-gradle-plugin\.gradle\7.3.3\executionHistory)" [_thread_blocked, id=27820, stack(0x0000002f0e700000,0x0000002f0e800000)]
  0x00000132ccb2dd50 JavaThread "Unconstrained build operations Thread 34" [_thread_blocked, id=28176, stack(0x0000002f0e800000,0x0000002f0e900000)]
  0x00000132ccb29ec0 JavaThread "Unconstrained build operations Thread 35" [_thread_blocked, id=28180, stack(0x0000002f0e900000,0x0000002f0ea00000)]
  0x00000132ccb2a390 JavaThread "Unconstrained build operations Thread 36" [_thread_blocked, id=28184, stack(0x0000002f0ea00000,0x0000002f0eb00000)]
  0x00000132ccb2f560 JavaThread "Unconstrained build operations Thread 37" [_thread_blocked, id=28188, stack(0x0000002f0eb00000,0x0000002f0ec00000)]
  0x00000132ccb2b200 JavaThread "Unconstrained build operations Thread 38" [_thread_blocked, id=28272, stack(0x0000002f0ec00000,0x0000002f0ed00000)]
  0x00000132ccb2b6d0 JavaThread "Unconstrained build operations Thread 39" [_thread_blocked, id=28276, stack(0x0000002f0ed00000,0x0000002f0ee00000)]
  0x00000132ccb2c070 JavaThread "Unconstrained build operations Thread 40" [_thread_blocked, id=28280, stack(0x0000002f0ee00000,0x0000002f0ef00000)]

Other Threads:
  0x00000132cb344a40 VMThread "VM Thread" [stack: 0x0000002f09000000,0x0000002f09100000] [id=24732]
  0x00000132cbda36f0 WatcherThread [stack: 0x0000002f09c00000,0x0000002f09d00000] [id=5124]
  0x00000132ada42d80 GCTaskThread "GC Thread#0" [stack: 0x0000002f08b00000,0x0000002f08c00000] [id=23964]
  0x00000132cc189db0 GCTaskThread "GC Thread#1" [stack: 0x0000002f09d00000,0x0000002f09e00000] [id=26536]
  0x00000132cc0972b0 GCTaskThread "GC Thread#2" [stack: 0x0000002f09e00000,0x0000002f09f00000] [id=26540]
  0x00000132cc097560 GCTaskThread "GC Thread#3" [stack: 0x0000002f09f00000,0x0000002f0a000000] [id=26544]
  0x00000132ada53bd0 ConcurrentGCThread "G1 Main Marker" [stack: 0x0000002f08c00000,0x0000002f08d00000] [id=24412]
  0x00000132ada544f0 ConcurrentGCThread "G1 Conc#0" [stack: 0x0000002f08d00000,0x0000002f08e00000] [id=20260]
  0x00000132adabe260 ConcurrentGCThread "G1 Refine#0" [stack: 0x0000002f08e00000,0x0000002f08f00000] [id=19248]
  0x00000132ce46b5c0 ConcurrentGCThread "G1 Refine#1" [stack: 0x0000002f0b600000,0x0000002f0b700000] [id=25924]
  0x00000132ce46b8a0 ConcurrentGCThread "G1 Refine#2" [stack: 0x0000002f0b700000,0x0000002f0b800000] [id=24232]
  0x00000132adabeb90 ConcurrentGCThread "G1 Service" [stack: 0x0000002f08f00000,0x0000002f09000000] [id=21864]

Threads with active compile tasks:
C2 CompilerThread0   201378 7781       4       java.util.regex.Pattern::split (288 bytes)

VM state: not at safepoint (normal execution)

VM Mutex/Monitor currently owned by a thread: None

Heap address: 0x0000000080000000, size: 2048 MB, Compressed Oops mode: 32-bit

CDS archive(s) mapped at: [0x0000000800000000-0x0000000800bd0000-0x0000000800bd0000), size 12386304, SharedBaseAddress: 0x0000000800000000, ArchiveRelocationMode: 0.
Compressed class space mapped at: 0x0000000800c00000-0x000000081a800000, reserved size: 432013312
Narrow klass base: 0x0000000800000000, Narrow klass shift: 0, Narrow klass range: 0x100000000

GC Precious Log:
 CPUs: 4 total, 4 available
 Memory: 16263M
 Large Page Support: Disabled
 NUMA Support: Disabled
 Compressed Oops: Enabled (32-bit)
 Heap Region Size: 1M
 Heap Min Capacity: 8M
 Heap Initial Capacity: 256M
 Heap Max Capacity: 2G
 Pre-touch: Disabled
 Parallel Workers: 4
 Concurrent Workers: 1
 Concurrent Refinement Workers: 4
 Periodic GC: Disabled

Heap:
 garbage-first heap   total 91136K, used 58302K [0x0000000080000000, 0x0000000100000000)
  region size 1024K, 7 young (7168K), 1 survivors (1024K)
 Metaspace       used 57331K, committed 57984K, reserved 479232K
  class space    used 7964K, committed 8256K, reserved 421888K

Heap Regions: E=young(eden), S=young(survivor), O=old, HS=humongous(starts), HC=humongous(continues), CS=collection set, F=free, OA=open archive, CA=closed archive, TAMS=top-at-mark-start (previous, next)
|   0|0x0000000080000000, 0x0000000080100000, 0x0000000080100000|100%|HS|  |TAMS 0x0000000080100000, 0x0000000080000000| Complete 
|   1|0x0000000080100000, 0x0000000080200000, 0x0000000080200000|100%|HC|  |TAMS 0x0000000080200000, 0x0000000080100000| Complete 
|   2|0x0000000080200000, 0x0000000080300000, 0x0000000080300000|100%|HC|  |TAMS 0x0000000080300000, 0x0000000080200000| Complete 
|   3|0x0000000080300000, 0x0000000080400000, 0x0000000080400000|100%| O|  |TAMS 0x0000000080400000, 0x0000000080300000| Untracked 
|   4|0x0000000080400000, 0x0000000080500000, 0x0000000080500000|100%| O|  |TAMS 0x0000000080500000, 0x0000000080400000| Untracked 
|   5|0x0000000080500000, 0x0000000080600000, 0x0000000080600000|100%| O|  |TAMS 0x0000000080600000, 0x0000000080500000| Untracked 
|   6|0x0000000080600000, 0x0000000080700000, 0x0000000080700000|100%| O|  |TAMS 0x0000000080700000, 0x0000000080600000| Untracked 
|   7|0x0000000080700000, 0x0000000080800000, 0x0000000080800000|100%| O|  |TAMS 0x0000000080800000, 0x0000000080700000| Untracked 
|   8|0x0000000080800000, 0x0000000080900000, 0x0000000080900000|100%| O|  |TAMS 0x0000000080900000, 0x0000000080800000| Untracked 
|   9|0x0000000080900000, 0x0000000080a00000, 0x0000000080a00000|100%| O|  |TAMS 0x0000000080a00000, 0x0000000080900000| Untracked 
|  10|0x0000000080a00000, 0x0000000080af4400, 0x0000000080b00000| 95%| O|  |TAMS 0x0000000080af4400, 0x0000000080a00000| Untracked 
|  11|0x0000000080b00000, 0x0000000080c00000, 0x0000000080c00000|100%| O|  |TAMS 0x0000000080c00000, 0x0000000080b00000| Untracked 
|  12|0x0000000080c00000, 0x0000000080d00000, 0x0000000080d00000|100%| O|  |TAMS 0x0000000080d00000, 0x0000000080c00000| Untracked 
|  13|0x0000000080d00000, 0x0000000080e00000, 0x0000000080e00000|100%| O|  |TAMS 0x0000000080e00000, 0x0000000080d00000| Untracked 
|  14|0x0000000080e00000, 0x0000000080f00000, 0x0000000080f00000|100%| O|  |TAMS 0x0000000080f00000, 0x0000000080e00000| Untracked 
|  15|0x0000000080f00000, 0x0000000081000000, 0x0000000081000000|100%| O|  |TAMS 0x0000000081000000, 0x0000000080f00000| Untracked 
|  16|0x0000000081000000, 0x0000000081100000, 0x0000000081100000|100%| O|  |TAMS 0x0000000081100000, 0x0000000081000000| Untracked 
|  17|0x0000000081100000, 0x0000000081200000, 0x0000000081200000|100%| O|  |TAMS 0x0000000081200000, 0x0000000081100000| Untracked 
|  18|0x0000000081200000, 0x0000000081300000, 0x0000000081300000|100%| O|  |TAMS 0x0000000081300000, 0x0000000081200000| Untracked 
|  19|0x0000000081300000, 0x0000000081400000, 0x0000000081400000|100%| O|  |TAMS 0x0000000081400000, 0x0000000081300000| Untracked 
|  20|0x0000000081400000, 0x0000000081500000, 0x0000000081500000|100%| O|  |TAMS 0x0000000081500000, 0x0000000081400000| Untracked 
|  21|0x0000000081500000, 0x0000000081600000, 0x0000000081600000|100%| O|  |TAMS 0x0000000081600000, 0x0000000081500000| Untracked 
|  22|0x0000000081600000, 0x0000000081700000, 0x0000000081700000|100%| O|  |TAMS 0x0000000081700000, 0x0000000081600000| Untracked 
|  23|0x0000000081700000, 0x0000000081800000, 0x0000000081800000|100%| O|  |TAMS 0x0000000081800000, 0x0000000081700000| Untracked 
|  24|0x0000000081800000, 0x0000000081900000, 0x0000000081900000|100%| O|  |TAMS 0x0000000081900000, 0x0000000081800000| Untracked 
|  25|0x0000000081900000, 0x0000000081a00000, 0x0000000081a00000|100%| O|  |TAMS 0x0000000081a00000, 0x0000000081900000| Untracked 
|  26|0x0000000081a00000, 0x0000000081b00000, 0x0000000081b00000|100%| O|  |TAMS 0x0000000081b00000, 0x0000000081a00000| Untracked 
|  27|0x0000000081b00000, 0x0000000081c00000, 0x0000000081c00000|100%| O|  |TAMS 0x0000000081c00000, 0x0000000081b00000| Untracked 
|  28|0x0000000081c00000, 0x0000000081d00000, 0x0000000081d00000|100%| O|  |TAMS 0x0000000081d00000, 0x0000000081c00000| Untracked 
|  29|0x0000000081d00000, 0x0000000081e00000, 0x0000000081e00000|100%| O|  |TAMS 0x0000000081e00000, 0x0000000081d00000| Untracked 
|  30|0x0000000081e00000, 0x0000000081f00000, 0x0000000081f00000|100%| O|  |TAMS 0x0000000081f00000, 0x0000000081e00000| Untracked 
|  31|0x0000000081f00000, 0x0000000082000000, 0x0000000082000000|100%| O|  |TAMS 0x0000000082000000, 0x0000000081f00000| Untracked 
|  32|0x0000000082000000, 0x0000000082100000, 0x0000000082100000|100%| O|  |TAMS 0x0000000082100000, 0x0000000082000000| Untracked 
|  33|0x0000000082100000, 0x0000000082200000, 0x0000000082200000|100%| O|  |TAMS 0x0000000082200000, 0x0000000082100000| Untracked 
|  34|0x0000000082200000, 0x0000000082300000, 0x0000000082300000|100%|HS|  |TAMS 0x0000000082300000, 0x0000000082200000| Complete 
|  35|0x0000000082300000, 0x0000000082300000, 0x0000000082400000|  0%| F|  |TAMS 0x0000000082300000, 0x0000000082300000| Untracked 
|  36|0x0000000082400000, 0x0000000082500000, 0x0000000082500000|100%| O|  |TAMS 0x0000000082500000, 0x0000000082400000| Untracked 
|  37|0x0000000082500000, 0x0000000082600000, 0x0000000082600000|100%| O|  |TAMS 0x0000000082600000, 0x0000000082500000| Untracked 
|  38|0x0000000082600000, 0x0000000082700000, 0x0000000082700000|100%|HS|  |TAMS 0x0000000082700000, 0x0000000082600000| Complete 
|  39|0x0000000082700000, 0x0000000082800000, 0x0000000082800000|100%|HC|  |TAMS 0x0000000082800000, 0x0000000082700000| Complete 
|  40|0x0000000082800000, 0x0000000082900000, 0x0000000082900000|100%|HC|  |TAMS 0x0000000082900000, 0x0000000082800000| Complete 
|  41|0x0000000082900000, 0x0000000082a00000, 0x0000000082a00000|100%| O|  |TAMS 0x0000000082a00000, 0x0000000082900000| Untracked 
|  42|0x0000000082a00000, 0x0000000082b00000, 0x0000000082b00000|100%| O|  |TAMS 0x0000000082b00000, 0x0000000082a00000| Untracked 
|  43|0x0000000082b00000, 0x0000000082c00000, 0x0000000082c00000|100%| O|  |TAMS 0x0000000082c00000, 0x0000000082b00000| Untracked 
|  44|0x0000000082c00000, 0x0000000082d00000, 0x0000000082d00000|100%| O|  |TAMS 0x0000000082d00000, 0x0000000082c00000| Untracked 
|  45|0x0000000082d00000, 0x0000000082e00000, 0x0000000082e00000|100%| O|  |TAMS 0x0000000082e00000, 0x0000000082d00000| Untracked 
|  46|0x0000000082e00000, 0x0000000082f00000, 0x0000000082f00000|100%| O|  |TAMS 0x0000000082ec9400, 0x0000000082e00000| Untracked 
|  47|0x0000000082f00000, 0x0000000083000000, 0x0000000083000000|100%| O|  |TAMS 0x0000000082f00000, 0x0000000082f00000| Untracked 
|  48|0x0000000083000000, 0x0000000083100000, 0x0000000083100000|100%| O|  |TAMS 0x0000000083000000, 0x0000000083000000| Untracked 
|  49|0x0000000083100000, 0x0000000083200000, 0x0000000083200000|100%| O|  |TAMS 0x0000000083100000, 0x0000000083100000| Untracked 
|  50|0x0000000083200000, 0x0000000083300000, 0x0000000083300000|100%| O|  |TAMS 0x0000000083200000, 0x0000000083200000| Untracked 
|  51|0x0000000083300000, 0x0000000083400000, 0x0000000083400000|100%| O|  |TAMS 0x0000000083300000, 0x0000000083300000| Untracked 
|  52|0x0000000083400000, 0x0000000083475400, 0x0000000083500000| 45%| O|  |TAMS 0x0000000083400000, 0x0000000083400000| Untracked 
|  53|0x0000000083500000, 0x0000000083500000, 0x0000000083600000|  0%| F|  |TAMS 0x0000000083500000, 0x0000000083500000| Untracked 
|  54|0x0000000083600000, 0x0000000083600000, 0x0000000083700000|  0%| F|  |TAMS 0x0000000083600000, 0x0000000083600000| Untracked 
|  55|0x0000000083700000, 0x0000000083700000, 0x0000000083800000|  0%| F|  |TAMS 0x0000000083700000, 0x0000000083700000| Untracked 
|  56|0x0000000083800000, 0x0000000083800000, 0x0000000083900000|  0%| F|  |TAMS 0x0000000083800000, 0x0000000083800000| Untracked 
|  57|0x0000000083900000, 0x0000000083900000, 0x0000000083a00000|  0%| F|  |TAMS 0x0000000083900000, 0x0000000083900000| Untracked 
|  58|0x0000000083a00000, 0x0000000083a00000, 0x0000000083b00000|  0%| F|  |TAMS 0x0000000083a00000, 0x0000000083a00000| Untracked 
|  59|0x0000000083b00000, 0x0000000083b00000, 0x0000000083c00000|  0%| F|  |TAMS 0x0000000083b00000, 0x0000000083b00000| Untracked 
|  60|0x0000000083c00000, 0x0000000083c00000, 0x0000000083d00000|  0%| F|  |TAMS 0x0000000083c00000, 0x0000000083c00000| Untracked 
|  61|0x0000000083d00000, 0x0000000083d00000, 0x0000000083e00000|  0%| F|  |TAMS 0x0000000083d00000, 0x0000000083d00000| Untracked 
|  62|0x0000000083e00000, 0x0000000083e00000, 0x0000000083f00000|  0%| F|  |TAMS 0x0000000083e00000, 0x0000000083e00000| Untracked 
|  63|0x0000000083f00000, 0x0000000083f00000, 0x0000000084000000|  0%| F|  |TAMS 0x0000000083f00000, 0x0000000083f00000| Untracked 
|  64|0x0000000084000000, 0x0000000084000000, 0x0000000084100000|  0%| F|  |TAMS 0x0000000084000000, 0x0000000084000000| Untracked 
|  65|0x0000000084100000, 0x0000000084100000, 0x0000000084200000|  0%| F|  |TAMS 0x0000000084100000, 0x0000000084100000| Untracked 
|  66|0x0000000084200000, 0x0000000084200000, 0x0000000084300000|  0%| F|  |TAMS 0x0000000084200000, 0x0000000084200000| Untracked 
|  67|0x0000000084300000, 0x0000000084300000, 0x0000000084400000|  0%| F|  |TAMS 0x0000000084300000, 0x0000000084300000| Untracked 
|  68|0x0000000084400000, 0x0000000084400000, 0x0000000084500000|  0%| F|  |TAMS 0x0000000084400000, 0x0000000084400000| Untracked 
|  69|0x0000000084500000, 0x0000000084500000, 0x0000000084600000|  0%| F|  |TAMS 0x0000000084500000, 0x0000000084500000| Untracked 
|  70|0x0000000084600000, 0x0000000084600000, 0x0000000084700000|  0%| F|  |TAMS 0x0000000084600000, 0x0000000084600000| Untracked 
|  71|0x0000000084700000, 0x0000000084700000, 0x0000000084800000|  0%| F|  |TAMS 0x0000000084700000, 0x0000000084700000| Untracked 
|  72|0x0000000084800000, 0x0000000084800000, 0x0000000084900000|  0%| F|  |TAMS 0x0000000084800000, 0x0000000084800000| Untracked 
|  73|0x0000000084900000, 0x0000000084900000, 0x0000000084a00000|  0%| F|  |TAMS 0x0000000084900000, 0x0000000084900000| Untracked 
|  74|0x0000000084a00000, 0x0000000084a00000, 0x0000000084b00000|  0%| F|  |TAMS 0x0000000084a00000, 0x0000000084a00000| Untracked 
|  75|0x0000000084b00000, 0x0000000084b00000, 0x0000000084c00000|  0%| F|  |TAMS 0x0000000084b00000, 0x0000000084b00000| Untracked 
|  76|0x0000000084c00000, 0x0000000084c00000, 0x0000000084d00000|  0%| F|  |TAMS 0x0000000084c00000, 0x0000000084c00000| Untracked 
| 143|0x0000000088f00000, 0x0000000088f00000, 0x0000000089000000|  0%| F|  |TAMS 0x0000000088f00000, 0x0000000088f00000| Untracked 
| 144|0x0000000089000000, 0x0000000089000000, 0x0000000089100000|  0%| F|  |TAMS 0x0000000089000000, 0x0000000089000000| Untracked 
| 145|0x0000000089100000, 0x0000000089100000, 0x0000000089200000|  0%| F|  |TAMS 0x0000000089100000, 0x0000000089100000| Untracked 
| 146|0x0000000089200000, 0x0000000089200000, 0x0000000089300000|  0%| F|  |TAMS 0x0000000089200000, 0x0000000089200000| Untracked 
| 147|0x0000000089300000, 0x0000000089300000, 0x0000000089400000|  0%| F|  |TAMS 0x0000000089300000, 0x0000000089300000| Untracked 
| 148|0x0000000089400000, 0x000000008946a0f8, 0x0000000089500000| 41%| E|  |TAMS 0x0000000089400000, 0x0000000089400000| Complete 
| 149|0x0000000089500000, 0x0000000089600000, 0x0000000089600000|100%| E|CS|TAMS 0x0000000089500000, 0x0000000089500000| Complete 
| 150|0x0000000089600000, 0x0000000089700000, 0x0000000089700000|100%| E|CS|TAMS 0x0000000089600000, 0x0000000089600000| Complete 
| 151|0x0000000089700000, 0x0000000089800000, 0x0000000089800000|100%| E|CS|TAMS 0x0000000089700000, 0x0000000089700000| Complete 
| 152|0x0000000089800000, 0x0000000089900000, 0x0000000089900000|100%| E|CS|TAMS 0x0000000089800000, 0x0000000089800000| Complete 
| 153|0x0000000089900000, 0x0000000089986080, 0x0000000089a00000| 52%| S|CS|TAMS 0x0000000089900000, 0x0000000089900000| Complete 
| 255|0x000000008ff00000, 0x0000000090000000, 0x0000000090000000|100%| E|CS|TAMS 0x000000008ff00000, 0x000000008ff00000| Complete 

Card table byte_map: [0x00000132c4670000,0x00000132c4a70000] _byte_map_base: 0x00000132c4270000

Marking Bits (Prev, Next): (CMBitMap*) 0x00000132ada432a0, (CMBitMap*) 0x00000132ada432e0
 Prev Bits: [0x00000132c4e70000, 0x00000132c6e70000)
 Next Bits: [0x00000132c6e70000, 0x00000132c8e70000)

Polling page: 0x00000132ad1c0000

Metaspace:

Usage:
  Non-class:     48.21 MB used.
      Class:      7.78 MB used.
       Both:     55.99 MB used.

Virtual space:
  Non-class space:       56.00 MB reserved,      48.56 MB ( 87%) committed,  7 nodes.
      Class space:      412.00 MB reserved,       8.06 MB (  2%) committed,  1 nodes.
             Both:      468.00 MB reserved,      56.62 MB ( 12%) committed. 

Chunk freelists:
   Non-Class:  3.09 MB
       Class:  3.75 MB
        Both:  6.84 MB

MaxMetaspaceSize: 512.00 MB
CompressedClassSpaceSize: 412.00 MB
Initial GC threshold: 21.00 MB
Current GC threshold: 90.56 MB
CDS: on
MetaspaceReclaimPolicy: balanced
 - commit_granule_bytes: 65536.
 - commit_granule_words: 8192.
 - virtual_space_node_default_size: 1048576.
 - enlarge_chunks_in_place: 1.
 - new_chunks_are_fully_committed: 0.
 - uncommit_free_chunks: 1.
 - use_allocation_guard: 0.
 - handle_deallocations: 1.


Internal statistics:

num_allocs_failed_limit: 6.
num_arena_births: 710.
num_arena_deaths: 0.
num_vsnodes_births: 8.
num_vsnodes_deaths: 0.
num_space_committed: 906.
num_space_uncommitted: 0.
num_chunks_returned_to_freelist: 6.
num_chunks_taken_from_freelist: 2986.
num_chunk_merges: 6.
num_chunk_splits: 1981.
num_chunks_enlarged: 1334.
num_purges: 0.
num_inconsistent_stats: 0.

CodeHeap 'non-profiled nmethods': size=120000Kb used=4037Kb max_used=4037Kb free=115962Kb
 bounds [0x00000132bcd40000, 0x00000132bd140000, 0x00000132c4270000]
CodeHeap 'profiled nmethods': size=120000Kb used=13588Kb max_used=13588Kb free=106411Kb
 bounds [0x00000132b5270000, 0x00000132b5fc0000, 0x00000132bc7a0000]
CodeHeap 'non-nmethods': size=5760Kb used=2350Kb max_used=2415Kb free=3409Kb
 bounds [0x00000132bc7a0000, 0x00000132bca20000, 0x00000132bcd40000]
 total_blobs=7861 nmethods=6984 adapters=789
 compilation: enabled
              stopped_count=0, restarted_count=0
 full_count=0

Compilation events (20 events):
Event: 201.208 Thread 0x00000132cb36b430 7805       3       kotlin.reflect.jvm.internal.impl.metadata.jvm.JvmProtoBuf$JvmPropertySignature$Builder::mergeGetter (58 bytes)
Event: 201.209 Thread 0x00000132cb36b430 nmethod 7805 0x00000132b5faed90 code [0x00000132b5faefc0, 0x00000132b5faf768]
Event: 201.209 Thread 0x00000132cb36b430 7807       3       kotlin.reflect.jvm.internal.impl.metadata.deserialization.Flags$BooleanFlagField::toFlags (18 bytes)
Event: 201.209 Thread 0x00000132cb36b430 nmethod 7807 0x00000132b5fafa10 code [0x00000132b5fafbc0, 0x00000132b5fafd78]
Event: 201.209 Thread 0x00000132cb36b430 7806       1       kotlin.reflect.jvm.internal.impl.serialization.deserialization.DeserializationComponents::getExtensionRegistryLite (5 bytes)
Event: 201.209 Thread 0x00000132cb36b430 nmethod 7806 0x00000132bd130f90 code [0x00000132bd131120, 0x00000132bd1311f8]
Event: 201.209 Thread 0x00000132cb36b430 7808       1       kotlin.reflect.jvm.internal.impl.serialization.deserialization.DeserializationContext::getMemberDeserializer (5 bytes)
Event: 201.209 Thread 0x00000132cb36b430 nmethod 7808 0x00000132bd131290 code [0x00000132bd131420, 0x00000132bd1314f8]
Event: 201.209 Thread 0x00000132cb36b430 7809       3       kotlin.reflect.jvm.internal.impl.descriptors.annotations.Annotations$Companion::getEMPTY (4 bytes)
Event: 201.210 Thread 0x00000132cb36b430 nmethod 7809 0x00000132b5fafe10 code [0x00000132b5faffa0, 0x00000132b5fb00b8]
Event: 201.210 Thread 0x00000132cb36b430 7810       3       kotlin.reflect.jvm.internal.impl.descriptors.impl.DeclarationDescriptorImpl::getName (13 bytes)
Event: 201.210 Thread 0x00000132cb36b430 nmethod 7810 0x00000132b5fb0190 code [0x00000132b5fb0340, 0x00000132b5fb04c8]
Event: 201.210 Thread 0x00000132cb36b430 7811       3       kotlin.reflect.jvm.internal.impl.types.ErrorUtils::isErrorClass (5 bytes)
Event: 201.210 Thread 0x00000132cb36b430 nmethod 7811 0x00000132b5fb0590 code [0x00000132b5fb0720, 0x00000132b5fb0918]
Event: 201.212 Thread 0x00000132cb36b430 7812       3       kotlin.reflect.jvm.internal.impl.incremental.UtilsKt::record (65 bytes)
Event: 201.215 Thread 0x00000132cb36b430 nmethod 7812 0x00000132b5fb0990 code [0x00000132b5fb0d80, 0x00000132b5fb2558]
Event: 201.215 Thread 0x00000132cb36b430 7813       3       kotlin.reflect.jvm.internal.impl.incremental.UtilsKt::recordPackageLookup (98 bytes)
Event: 201.216 Thread 0x00000132cb36b430 nmethod 7813 0x00000132b5fb2e10 code [0x00000132b5fb31a0, 0x00000132b5fb4678]
Event: 201.217 Thread 0x00000132cb36b430 7814       3       java.io.FilterInputStream::read (11 bytes)
Event: 201.217 Thread 0x00000132cb36b430 nmethod 7814 0x00000132b5fb4e10 code [0x00000132b5fb4fc0, 0x00000132b5fb5188]

GC Heap History (20 events):
Event: 179.114 GC heap before
{Heap before GC invocations=18 (full 0):
 garbage-first heap   total 75776K, used 59964K [0x0000000080000000, 0x0000000100000000)
  region size 1024K, 20 young (20480K), 2 survivors (2048K)
 Metaspace       used 43690K, committed 44288K, reserved 462848K
  class space    used 6012K, committed 6272K, reserved 421888K
}
Event: 179.117 GC heap after
{Heap after GC invocations=19 (full 0):
 garbage-first heap   total 75776K, used 44874K [0x0000000080000000, 0x0000000100000000)
  region size 1024K, 3 young (3072K), 3 survivors (3072K)
 Metaspace       used 43690K, committed 44288K, reserved 462848K
  class space    used 6012K, committed 6272K, reserved 421888K
}
Event: 181.691 GC heap before
{Heap before GC invocations=19 (full 0):
 garbage-first heap   total 75776K, used 60234K [0x0000000080000000, 0x0000000100000000)
  region size 1024K, 18 young (18432K), 3 survivors (3072K)
 Metaspace       used 45368K, committed 45888K, reserved 462848K
  class space    used 6297K, committed 6528K, reserved 421888K
}
Event: 181.696 GC heap after
{Heap after GC invocations=20 (full 0):
 garbage-first heap   total 75776K, used 45377K [0x0000000080000000, 0x0000000100000000)
  region size 1024K, 1 young (1024K), 1 survivors (1024K)
 Metaspace       used 45368K, committed 45888K, reserved 462848K
  class space    used 6297K, committed 6528K, reserved 421888K
}
Event: 183.368 GC heap before
{Heap before GC invocations=21 (full 0):
 garbage-first heap   total 80896K, used 60737K [0x0000000080000000, 0x0000000100000000)
  region size 1024K, 16 young (16384K), 1 survivors (1024K)
 Metaspace       used 47124K, committed 47680K, reserved 471040K
  class space    used 6545K, committed 6784K, reserved 421888K
}
Event: 183.372 GC heap after
{Heap after GC invocations=22 (full 0):
 garbage-first heap   total 80896K, used 46200K [0x0000000080000000, 0x0000000100000000)
  region size 1024K, 2 young (2048K), 2 survivors (2048K)
 Metaspace       used 47124K, committed 47680K, reserved 471040K
  class space    used 6545K, committed 6784K, reserved 421888K
}
Event: 185.408 GC heap before
{Heap before GC invocations=22 (full 0):
 garbage-first heap   total 80896K, used 64632K [0x0000000080000000, 0x0000000100000000)
  region size 1024K, 20 young (20480K), 2 survivors (2048K)
 Metaspace       used 49362K, committed 49920K, reserved 471040K
  class space    used 6871K, committed 7104K, reserved 421888K
}
Event: 185.413 GC heap after
{Heap after GC invocations=23 (full 0):
 garbage-first heap   total 80896K, used 47087K [0x0000000080000000, 0x0000000100000000)
  region size 1024K, 3 young (3072K), 3 survivors (3072K)
 Metaspace       used 49362K, committed 49920K, reserved 471040K
  class space    used 6871K, committed 7104K, reserved 421888K
}
Event: 187.868 GC heap before
{Heap before GC invocations=24 (full 0):
 garbage-first heap   total 81920K, used 64495K [0x0000000080000000, 0x0000000100000000)
  region size 1024K, 21 young (21504K), 3 survivors (3072K)
 Metaspace       used 51344K, committed 51904K, reserved 471040K
  class space    used 7119K, committed 7360K, reserved 421888K
}
Event: 187.873 GC heap after
{Heap after GC invocations=25 (full 0):
 garbage-first heap   total 81920K, used 49262K [0x0000000080000000, 0x0000000100000000)
  region size 1024K, 3 young (3072K), 3 survivors (3072K)
 Metaspace       used 51344K, committed 51904K, reserved 471040K
  class space    used 7119K, committed 7360K, reserved 421888K
}
Event: 190.607 GC heap before
{Heap before GC invocations=25 (full 0):
 garbage-first heap   total 81920K, used 65646K [0x0000000080000000, 0x0000000100000000)
  region size 1024K, 20 young (20480K), 3 survivors (3072K)
 Metaspace       used 52685K, committed 53248K, reserved 471040K
  class space    used 7289K, committed 7552K, reserved 421888K
}
Event: 190.611 GC heap after
{Heap after GC invocations=26 (full 0):
 garbage-first heap   total 81920K, used 48886K [0x0000000080000000, 0x0000000100000000)
  region size 1024K, 1 young (1024K), 1 survivors (1024K)
 Metaspace       used 52685K, committed 53248K, reserved 471040K
  class space    used 7289K, committed 7552K, reserved 421888K
}
Event: 193.287 GC heap before
{Heap before GC invocations=27 (full 0):
 garbage-first heap   total 86016K, used 66294K [0x0000000080000000, 0x0000000100000000)
  region size 1024K, 19 young (19456K), 1 survivors (1024K)
 Metaspace       used 53841K, committed 54400K, reserved 471040K
  class space    used 7454K, committed 7680K, reserved 421888K
}
Event: 193.293 GC heap after
{Heap after GC invocations=28 (full 0):
 garbage-first heap   total 86016K, used 50303K [0x0000000080000000, 0x0000000100000000)
  region size 1024K, 3 young (3072K), 3 survivors (3072K)
 Metaspace       used 53841K, committed 54400K, reserved 471040K
  class space    used 7454K, committed 7680K, reserved 421888K
}
Event: 196.571 GC heap before
{Heap before GC invocations=28 (full 0):
 garbage-first heap   total 86016K, used 69759K [0x0000000080000000, 0x0000000100000000)
  region size 1024K, 22 young (22528K), 3 survivors (3072K)
 Metaspace       used 55005K, committed 55552K, reserved 471040K
  class space    used 7613K, committed 7872K, reserved 421888K
}
Event: 196.576 GC heap after
{Heap after GC invocations=29 (full 0):
 garbage-first heap   total 86016K, used 51804K [0x0000000080000000, 0x0000000100000000)
  region size 1024K, 2 young (2048K), 2 survivors (2048K)
 Metaspace       used 55005K, committed 55552K, reserved 471040K
  class space    used 7613K, committed 7872K, reserved 421888K
}
Event: 200.553 GC heap before
{Heap before GC invocations=30 (full 0):
 garbage-first heap   total 91136K, used 69212K [0x0000000080000000, 0x0000000100000000)
  region size 1024K, 20 young (20480K), 2 survivors (2048K)
 Metaspace       used 56647K, committed 57344K, reserved 479232K
  class space    used 7868K, committed 8192K, reserved 421888K
}
Event: 200.558 GC heap after
{Heap after GC invocations=31 (full 0):
 garbage-first heap   total 91136K, used 53496K [0x0000000080000000, 0x0000000100000000)
  region size 1024K, 3 young (3072K), 3 survivors (3072K)
 Metaspace       used 56647K, committed 57344K, reserved 479232K
  class space    used 7868K, committed 8192K, reserved 421888K
}
Event: 200.577 GC heap before
{Heap before GC invocations=31 (full 0):
 garbage-first heap   total 91136K, used 54520K [0x0000000080000000, 0x0000000100000000)
  region size 1024K, 4 young (4096K), 3 survivors (3072K)
 Metaspace       used 56752K, committed 57408K, reserved 479232K
  class space    used 7880K, committed 8192K, reserved 421888K
}
Event: 200.582 GC heap after
{Heap after GC invocations=32 (full 0):
 garbage-first heap   total 91136K, used 53182K [0x0000000080000000, 0x0000000100000000)
  region size 1024K, 1 young (1024K), 1 survivors (1024K)
 Metaspace       used 56752K, committed 57408K, reserved 479232K
  class space    used 7880K, committed 8192K, reserved 421888K
}

Deoptimization events (20 events):
Event: 200.394 Thread 0x00000132ccb2e220 Uncommon trap: trap_request=0xffffff45 fr.pc=0x00000132bcd80ab8 relative=0x0000000000000ad8
Event: 200.394 Thread 0x00000132ccb2e220 Uncommon trap: reason=unstable_if action=reinterpret pc=0x00000132bcd80ab8 method=java.util.jar.JarFile.getVersionedEntry(Ljava/lang/String;Ljava/util/jar/JarEntry;)Ljava/util/jar/JarEntry; @ 26 c2
Event: 200.394 Thread 0x00000132ccb2e220 DEOPT PACKING pc=0x00000132bcd80ab8 sp=0x0000002f0e3f79a0
Event: 200.394 Thread 0x00000132ccb2e220 DEOPT UNPACKING pc=0x00000132bc7f23a3 sp=0x0000002f0e3f7960 mode 2
Event: 200.563 Thread 0x00000132ccb2e220 Uncommon trap: trap_request=0xffffffc6 fr.pc=0x00000132bd124434 relative=0x0000000000000534
Event: 200.563 Thread 0x00000132ccb2e220 Uncommon trap: reason=bimorphic_or_optimized_type_check action=maybe_recompile pc=0x00000132bd124434 method=kotlin.reflect.jvm.internal.impl.protobuf.CodedInputStream.tryRefillBuffer(I)Z @ 175 c2
Event: 200.563 Thread 0x00000132ccb2e220 DEOPT PACKING pc=0x00000132bd124434 sp=0x0000002f0e3f78d0
Event: 200.563 Thread 0x00000132ccb2e220 DEOPT UNPACKING pc=0x00000132bc7f23a3 sp=0x0000002f0e3f77b8 mode 2
Event: 200.573 Thread 0x00000132ccb2e220 Uncommon trap: trap_request=0xffffffc6 fr.pc=0x00000132bd124434 relative=0x0000000000000534
Event: 200.573 Thread 0x00000132ccb2e220 Uncommon trap: reason=bimorphic_or_optimized_type_check action=maybe_recompile pc=0x00000132bd124434 method=kotlin.reflect.jvm.internal.impl.protobuf.CodedInputStream.tryRefillBuffer(I)Z @ 175 c2
Event: 200.573 Thread 0x00000132ccb2e220 DEOPT PACKING pc=0x00000132bd124434 sp=0x0000002f0e3f75f0
Event: 200.573 Thread 0x00000132ccb2e220 DEOPT UNPACKING pc=0x00000132bc7f23a3 sp=0x0000002f0e3f74d8 mode 2
Event: 200.584 Thread 0x00000132ccb2e220 Uncommon trap: trap_request=0xffffff45 fr.pc=0x00000132bd1219bc relative=0x000000000000011c
Event: 200.584 Thread 0x00000132ccb2e220 Uncommon trap: reason=unstable_if action=reinterpret pc=0x00000132bd1219bc method=kotlin.reflect.jvm.internal.impl.protobuf.CodedInputStream.readRawVarint32()I @ 10 c2
Event: 200.584 Thread 0x00000132ccb2e220 DEOPT PACKING pc=0x00000132bd1219bc sp=0x0000002f0e3f6da0
Event: 200.584 Thread 0x00000132ccb2e220 DEOPT UNPACKING pc=0x00000132bc7f23a3 sp=0x0000002f0e3f6d20 mode 2
Event: 200.585 Thread 0x00000132ccb2e220 Uncommon trap: trap_request=0xffffffc6 fr.pc=0x00000132bd124434 relative=0x0000000000000534
Event: 200.585 Thread 0x00000132ccb2e220 Uncommon trap: reason=bimorphic_or_optimized_type_check action=maybe_recompile pc=0x00000132bd124434 method=kotlin.reflect.jvm.internal.impl.protobuf.CodedInputStream.tryRefillBuffer(I)Z @ 175 c2
Event: 200.585 Thread 0x00000132ccb2e220 DEOPT PACKING pc=0x00000132bd124434 sp=0x0000002f0e3f78d0
Event: 200.586 Thread 0x00000132ccb2e220 DEOPT UNPACKING pc=0x00000132bc7f23a3 sp=0x0000002f0e3f77b8 mode 2

Classes unloaded (0 events):
No events

Classes redefined (0 events):
No events

Internal exceptions (20 events):
Event: 191.679 Thread 0x00000132cd224900 Exception <a 'java/lang/ClassNotFoundException'{0x000000008460d3e8}: org/gradle/api/internal/artifacts/dsl/DefaultRepositoryHandler_DecoratedBeanInfo> (0x000000008460d3e8) 
thrown [s\open\src\hotspot\share\classfile\systemDictionary.cpp, line 256]
Event: 191.680 Thread 0x00000132cd224900 Exception <a 'java/lang/ClassNotFoundException'{0x0000000084621a60}: org/gradle/api/internal/artifacts/dsl/DefaultRepositoryHandlerBeanInfo> (0x0000000084621a60) 
thrown [s\open\src\hotspot\share\classfile\systemDictionary.cpp, line 256]
Event: 191.682 Thread 0x00000132cd224900 Exception <a 'java/lang/ClassNotFoundException'{0x0000000084636248}: org/gradle/api/internal/artifacts/DefaultArtifactRepositoryContainerBeanInfo> (0x0000000084636248) 
thrown [s\open\src\hotspot\share\classfile\systemDictionary.cpp, line 256]
Event: 191.683 Thread 0x00000132cd224900 Exception <a 'java/lang/ClassNotFoundException'{0x0000000084647f08}: org/gradle/api/internal/DefaultNamedDomainObjectListBeanInfo> (0x0000000084647f08) 
thrown [s\open\src\hotspot\share\classfile\systemDictionary.cpp, line 256]
Event: 191.684 Thread 0x00000132cd224900 Exception <a 'java/lang/ClassNotFoundException'{0x000000008465a9a8}: org/gradle/api/internal/DefaultNamedDomainObjectCollectionBeanInfo> (0x000000008465a9a8) 
thrown [s\open\src\hotspot\share\classfile\systemDictionary.cpp, line 256]
Event: 191.685 Thread 0x00000132cd224900 Exception <a 'java/lang/ClassNotFoundException'{0x000000008466d658}: org/gradle/api/internal/DefaultDomainObjectCollectionBeanInfo> (0x000000008466d658) 
thrown [s\open\src\hotspot\share\classfile\systemDictionary.cpp, line 256]
Event: 191.686 Thread 0x00000132cd224900 Exception <a 'java/lang/ClassNotFoundException'{0x000000008467fe28}: org/gradle/api/internal/DefaultDomainObjectCollectionCustomizer> (0x000000008467fe28) 
thrown [s\open\src\hotspot\share\classfile\systemDictionary.cpp, line 256]
Event: 191.784 Thread 0x00000132cd224900 Exception <a 'java/lang/ClassNotFoundException'{0x00000000846b2178}: org/gradle/api/internal/DefaultNamedDomainObjectCollectionCustomizer> (0x00000000846b2178) 
thrown [s\open\src\hotspot\share\classfile\systemDictionary.cpp, line 256]
Event: 191.790 Thread 0x00000132cd224900 Exception <a 'java/lang/ClassNotFoundException'{0x00000000846eba88}: org/gradle/api/internal/DefaultNamedDomainObjectListCustomizer> (0x00000000846eba88) 
thrown [s\open\src\hotspot\share\classfile\systemDictionary.cpp, line 256]
Event: 191.802 Thread 0x00000132cd224900 Exception <a 'java/lang/ClassNotFoundException'{0x000000008451ab58}: org/gradle/api/internal/artifacts/DefaultArtifactRepositoryContainerCustomizer> (0x000000008451ab58) 
thrown [s\open\src\hotspot\share\classfile\systemDictionary.cpp, line 256]
Event: 191.808 Thread 0x00000132cd224900 Exception <a 'java/lang/ClassNotFoundException'{0x0000000084541bc0}: org/gradle/api/internal/artifacts/dsl/DefaultRepositoryHandlerCustomizer> (0x0000000084541bc0) 
thrown [s\open\src\hotspot\share\classfile\systemDictionary.cpp, line 256]
Event: 191.813 Thread 0x00000132cd224900 Exception <a 'java/lang/ClassNotFoundException'{0x00000000845771b8}: org/gradle/api/internal/artifacts/dsl/DefaultRepositoryHandler_DecoratedCustomizer> (0x00000000845771b8) 
thrown [s\open\src\hotspot\share\classfile\systemDictionary.cpp, line 256]
Event: 191.822 Thread 0x00000132cd224900 Exception <a 'java/lang/ClassNotFoundException'{0x0000000084408f80}: org/gradle/api/internal/artifacts/dsl/dependencies/DefaultDependencyHandler_DecoratedBeanInfo> (0x0000000084408f80) 
thrown [s\open\src\hotspot\share\classfile\systemDictionary.cpp, line 256]
Event: 191.823 Thread 0x00000132cd224900 Exception <a 'java/lang/ClassNotFoundException'{0x000000008441dda8}: org/gradle/api/internal/artifacts/dsl/dependencies/DefaultDependencyHandlerBeanInfo> (0x000000008441dda8) 
thrown [s\open\src\hotspot\share\classfile\systemDictionary.cpp, line 256]
Event: 191.824 Thread 0x00000132cd224900 Exception <a 'java/lang/ClassNotFoundException'{0x0000000084432b90}: org/gradle/api/internal/artifacts/dsl/dependencies/DefaultDependencyHandlerCustomizer> (0x0000000084432b90) 
thrown [s\open\src\hotspot\share\classfile\systemDictionary.cpp, line 256]
Event: 191.828 Thread 0x00000132cd224900 Exception <a 'java/lang/ClassNotFoundException'{0x000000008446c9c0}: org/gradle/api/internal/artifacts/dsl/dependencies/DefaultDependencyHandler_DecoratedCustomizer> (0x000000008446c9c0) 
thrown [s\open\src\hotspot\share\classfile\systemDictionary.cpp, line 256]
Event: 193.638 Thread 0x00000132cd224900 Exception <a 'java/lang/NoSuchMethodError'{0x00000000898d2a50}: 'java.lang.Object java.lang.invoke.DirectMethodHandle$Holder.newInvokeSpecial(java.lang.Object, java.lang.Object, int)'> (0x00000000898d2a50) 
thrown [s\open\src\hotspot\share\interpreter\linkResolver.cpp, line 759]
Event: 197.554 Thread 0x00000132ccb2e220 Exception <a 'java/lang/NoSuchMethodError'{0x0000000089365cc0}: 'java.lang.Object java.lang.invoke.DirectMethodHandle$Holder.invokeInterface(java.lang.Object, java.lang.Object, int)'> (0x0000000089365cc0) 
thrown [s\open\src\hotspot\share\interpreter\linkResolver.cpp, line 759]
Event: 197.557 Thread 0x00000132ccb2e220 Exception <a 'java/lang/NoSuchMethodError'{0x000000008937a918}: 'void java.lang.invoke.DirectMethodHandle$Holder.invokeStatic(java.lang.Object, java.lang.Object, java.lang.Object, int)'> (0x000000008937a918) 
thrown [s\open\src\hotspot\share\interpreter\linkResolver.cpp, line 759]
Event: 199.189 Thread 0x00000132ccb2e220 Implicit null exception at 0x00000132bcf05e57 to 0x00000132bcf0600c

VM Operations (20 events):
Event: 196.571 Executing VM operation: G1CollectForAllocation
Event: 196.576 Executing VM operation: G1CollectForAllocation done
Event: 196.684 Executing VM operation: G1Concurrent
Event: 196.741 Executing VM operation: G1Concurrent done
Event: 196.787 Executing VM operation: G1Concurrent
Event: 196.788 Executing VM operation: G1Concurrent done
Event: 197.412 Executing VM operation: ICBufferFull
Event: 197.530 Executing VM operation: ICBufferFull done
Event: 197.962 Executing VM operation: HandshakeAllThreads
Event: 197.962 Executing VM operation: HandshakeAllThreads done
Event: 198.968 Executing VM operation: Cleanup
Event: 198.969 Executing VM operation: Cleanup done
Event: 199.861 Executing VM operation: HandshakeAllThreads
Event: 200.032 Executing VM operation: HandshakeAllThreads done
Event: 200.032 Executing VM operation: Cleanup
Event: 200.062 Executing VM operation: Cleanup done
Event: 200.553 Executing VM operation: G1CollectForAllocation
Event: 200.558 Executing VM operation: G1CollectForAllocation done
Event: 200.577 Executing VM operation: G1CollectForAllocation
Event: 200.582 Executing VM operation: G1CollectForAllocation done

Events (20 events):
Event: 197.535 Thread 0x00000132ccb31240 Thread added: 0x00000132ccb31240
Event: 197.535 Thread 0x00000132ccb2fa30 Thread added: 0x00000132ccb2fa30
Event: 197.535 Thread 0x00000132ccb303d0 Thread added: 0x00000132ccb303d0
Event: 197.727 Thread 0x00000132ccb30d70 Thread added: 0x00000132ccb30d70
Event: 197.951 loading class java/util/TreeMap$KeySpliterator
Event: 197.951 loading class java/util/TreeMap$TreeMapSpliterator
Event: 197.951 loading class java/util/TreeMap$TreeMapSpliterator done
Event: 197.951 loading class java/util/TreeMap$KeySpliterator done
Event: 199.164 loading class java/nio/file/FileTreeWalker$1
Event: 199.164 loading class java/nio/file/FileTreeWalker$1 done
Event: 199.440 Thread 0x00000132ccb2dd50 Thread added: 0x00000132ccb2dd50
Event: 199.441 Thread 0x00000132ccb29ec0 Thread added: 0x00000132ccb29ec0
Event: 199.441 Thread 0x00000132ccb2a390 Thread added: 0x00000132ccb2a390
Event: 199.441 Thread 0x00000132ccb2f560 Thread added: 0x00000132ccb2f560
Event: 199.794 Thread 0x00000132ccb2b200 Thread added: 0x00000132ccb2b200
Event: 199.794 Thread 0x00000132ccb2b6d0 Thread added: 0x00000132ccb2b6d0
Event: 199.795 Thread 0x00000132ccb2c070 Thread added: 0x00000132ccb2c070
Event: 200.052 Thread 0x00000132cbd38010 flushing nmethod 0x00000132b53ecb10
Event: 200.054 Thread 0x00000132cbd38010 flushing nmethod 0x00000132b57d5710
Event: 200.055 Thread 0x00000132cbd38010 flushing nmethod 0x00000132b58c0990


Dynamic libraries:
0x00007ff7e7ac0000 - 0x00007ff7e7ad0000 	C:\Program Files\Java\jdk-17\bin\java.exe
0x00007ffc233f0000 - 0x00007ffc235e8000 	C:\Windows\SYSTEM32\ntdll.dll
0x00007ffc22a20000 - 0x00007ffc22add000 	C:\Windows\System32\KERNEL32.DLL
0x00007ffc20f00000 - 0x00007ffc211f6000 	C:\Windows\System32\KERNELBASE.dll
0x00007ffc20c20000 - 0x00007ffc20d20000 	C:\Windows\System32\ucrtbase.dll
0x00007ffc18540000 - 0x00007ffc18559000 	C:\Program Files\Java\jdk-17\bin\jli.dll
0x00007ffc22010000 - 0x00007ffc220be000 	C:\Windows\System32\ADVAPI32.dll
0x00007ffc220c0000 - 0x00007ffc2215e000 	C:\Windows\System32\msvcrt.dll
0x00007ffc22af0000 - 0x00007ffc22b8c000 	C:\Windows\System32\sechost.dll
0x00007ffc215b0000 - 0x00007ffc216d6000 	C:\Windows\System32\RPCRT4.dll
0x00007ffc22320000 - 0x00007ffc224be000 	C:\Windows\System32\USER32.dll
0x00007ffc20ad0000 - 0x00007ffc20af2000 	C:\Windows\System32\win32u.dll
0x00007ffc218e0000 - 0x00007ffc2190c000 	C:\Windows\System32\GDI32.dll
0x00007ffc20b00000 - 0x00007ffc20c1a000 	C:\Windows\System32\gdi32full.dll
0x00007ffc20e60000 - 0x00007ffc20efd000 	C:\Windows\System32\msvcp_win.dll
0x00007ffc18560000 - 0x00007ffc1857b000 	C:\Program Files\Java\jdk-17\bin\VCRUNTIME140.dll
0x00007ffbfcec0000 - 0x00007ffbfd15a000 	C:\Windows\WinSxS\amd64_microsoft.windows.common-controls_6595b64144ccf1df_6.0.19041.1110_none_60b5254171f9507e\COMCTL32.dll
0x00007ffc17e10000 - 0x00007ffc17e1a000 	C:\Windows\SYSTEM32\VERSION.dll
0x00007ffc22580000 - 0x00007ffc225b0000 	C:\Windows\System32\IMM32.DLL
0x00007ffc19450000 - 0x00007ffc1945c000 	C:\Program Files\Java\jdk-17\bin\vcruntime140_1.dll
0x00007ffbf8850000 - 0x00007ffbf88de000 	C:\Program Files\Java\jdk-17\bin\msvcp140.dll
0x00007ffb91410000 - 0x00007ffb91fed000 	C:\Program Files\Java\jdk-17\bin\server\jvm.dll
0x00007ffc22ae0000 - 0x00007ffc22ae8000 	C:\Windows\System32\PSAPI.DLL
0x00007ffbfbe50000 - 0x00007ffbfbe59000 	C:\Windows\SYSTEM32\WSOCK32.dll
0x00007ffc22210000 - 0x00007ffc2227b000 	C:\Windows\System32\WS2_32.dll
0x00007ffc0ff20000 - 0x00007ffc0ff47000 	C:\Windows\SYSTEM32\WINMM.dll
0x00007ffc1f2f0000 - 0x00007ffc1f302000 	C:\Windows\SYSTEM32\kernel.appcore.dll
0x00007ffc18810000 - 0x00007ffc1881a000 	C:\Program Files\Java\jdk-17\bin\jimage.dll
0x00007ffc1b6c0000 - 0x00007ffc1b8a4000 	C:\Windows\SYSTEM32\DBGHELP.DLL
0x00007ffc0efa0000 - 0x00007ffc0efd4000 	C:\Windows\SYSTEM32\dbgcore.DLL
0x00007ffc20d20000 - 0x00007ffc20da2000 	C:\Windows\System32\bcryptPrimitives.dll
0x00007ffc16420000 - 0x00007ffc16445000 	C:\Program Files\Java\jdk-17\bin\java.dll
0x00007ffbf59b0000 - 0x00007ffbf5a87000 	C:\Program Files\Java\jdk-17\bin\jsvml.dll
0x00007ffc22c60000 - 0x00007ffc233a5000 	C:\Windows\System32\SHELL32.dll
0x00007ffc1eb10000 - 0x00007ffc1f2ab000 	C:\Windows\SYSTEM32\windows.storage.dll
0x00007ffc21b00000 - 0x00007ffc21e54000 	C:\Windows\System32\combase.dll
0x00007ffc20440000 - 0x00007ffc2046e000 	C:\Windows\SYSTEM32\Wldp.dll
0x00007ffc22160000 - 0x00007ffc2220d000 	C:\Windows\System32\SHCORE.dll
0x00007ffc21450000 - 0x00007ffc214a5000 	C:\Windows\System32\shlwapi.dll
0x00007ffc20a00000 - 0x00007ffc20a25000 	C:\Windows\SYSTEM32\profapi.dll
0x00007ffc18230000 - 0x00007ffc18249000 	C:\Program Files\Java\jdk-17\bin\net.dll
0x00007ffc16cb0000 - 0x00007ffc16dba000 	C:\Windows\SYSTEM32\WINHTTP.dll
0x00007ffc201a0000 - 0x00007ffc2020a000 	C:\Windows\system32\mswsock.dll
0x00007ffc16af0000 - 0x00007ffc16b06000 	C:\Program Files\Java\jdk-17\bin\nio.dll
0x00007ffc16400000 - 0x00007ffc16418000 	C:\Program Files\Java\jdk-17\bin\zip.dll
0x00007ffc18530000 - 0x00007ffc18540000 	C:\Program Files\Java\jdk-17\bin\verify.dll
0x00007ffc163d0000 - 0x00007ffc163f7000 	C:\Users\ss\.gradle\native\e1d6ef7f7dcc3fd88c89a11ec53ec762bb8ba0a96d01ffa2cd45eb1d1d8dd5c5\windows-amd64\native-platform.dll
0x00007ffbf4650000 - 0x00007ffbf4794000 	C:\Users\ss\.gradle\native\5664cfc778a61ccfe75a443a1ab52a65af34e5dc3c78e0209fed803814484fcb\windows-amd64\native-platform-file-events.dll
0x00007ffc18120000 - 0x00007ffc1812a000 	C:\Program Files\Java\jdk-17\bin\management.dll
0x00007ffc0cc40000 - 0x00007ffc0cc4b000 	C:\Program Files\Java\jdk-17\bin\management_ext.dll
0x00007ffc203a0000 - 0x00007ffc203b8000 	C:\Windows\SYSTEM32\CRYPTSP.dll
0x00007ffc1fab0000 - 0x00007ffc1fae4000 	C:\Windows\system32\rsaenh.dll
0x00007ffc21270000 - 0x00007ffc21297000 	C:\Windows\System32\bcrypt.dll
0x00007ffc209c0000 - 0x00007ffc209ee000 	C:\Windows\SYSTEM32\USERENV.dll
0x00007ffc20390000 - 0x00007ffc2039c000 	C:\Windows\SYSTEM32\CRYPTBASE.dll
0x00007ffc1fe90000 - 0x00007ffc1fecb000 	C:\Windows\SYSTEM32\IPHLPAPI.DLL
0x00007ffc22570000 - 0x00007ffc22578000 	C:\Windows\System32\NSI.dll
0x00007ffc170f0000 - 0x00007ffc17107000 	C:\Windows\SYSTEM32\dhcpcsvc6.DLL
0x00007ffc175e0000 - 0x00007ffc175fd000 	C:\Windows\SYSTEM32\dhcpcsvc.DLL
0x00007ffc1fed0000 - 0x00007ffc1ff9a000 	C:\Windows\SYSTEM32\DNSAPI.dll
0x00007ffc074c0000 - 0x00007ffc074cd000 	C:\Program Files\Java\jdk-17\bin\sunmscapi.dll
0x00007ffc212f0000 - 0x00007ffc2144e000 	C:\Windows\System32\CRYPT32.dll
0x00007ffc204b0000 - 0x00007ffc204d8000 	C:\Windows\SYSTEM32\ncrypt.dll
0x00007ffc20470000 - 0x00007ffc204ab000 	C:\Windows\SYSTEM32\NTASN1.dll
0x00007ffbf8730000 - 0x00007ffbf8737000 	C:\Windows\system32\wshunix.dll

dbghelp: loaded successfully - version: 4.0.5 - missing functions: none
symbol engine: initialized successfully - sym options: 0x614 - pdb path: .;C:\Program Files\Java\jdk-17\bin;C:\Windows\SYSTEM32;C:\Windows\WinSxS\amd64_microsoft.windows.common-controls_6595b64144ccf1df_6.0.19041.1110_none_60b5254171f9507e;C:\Program Files\Java\jdk-17\bin\server;C:\Users\ss\.gradle\native\e1d6ef7f7dcc3fd88c89a11ec53ec762bb8ba0a96d01ffa2cd45eb1d1d8dd5c5\windows-amd64;C:\Users\ss\.gradle\native\5664cfc778a61ccfe75a443a1ab52a65af34e5dc3c78e0209fed803814484fcb\windows-amd64

VM Arguments:
jvm_args: -XX:MaxMetaspaceSize=512m --add-opens=java.base/java.util=ALL-UNNAMED --add-opens=java.base/java.lang=ALL-UNNAMED --add-opens=java.base/java.lang.invoke=ALL-UNNAMED --add-opens=java.base/java.util=ALL-UNNAMED --add-opens=java.prefs/java.util.prefs=ALL-UNNAMED --add-opens=java.prefs/java.util.prefs=ALL-UNNAMED --add-opens=java.base/java.nio.charset=ALL-UNNAMED --add-opens=java.base/java.net=ALL-UNNAMED --add-opens=java.base/java.util.concurrent.atomic=ALL-UNNAMED -Xmx2048m -Dfile.encoding=windows-1252 -Duser.country=IN -Duser.language=en -Duser.variant 
java_command: org.gradle.launcher.daemon.bootstrap.GradleDaemon 7.3.3
java_class_path (initial): C:\Users\ss\.gradle\wrapper\dists\gradle-7.3.3-all\4295vidhdd9hd3gbjyw1xqxpo\gradle-7.3.3\lib\gradle-launcher-7.3.3.jar
Launcher Type: SUN_STANDARD

[Global flags]
     intx CICompilerCount                          = 3                                         {product} {ergonomic}
   size_t CompressedClassSpaceSize                 = 432013312                                 {product} {ergonomic}
     uint ConcGCThreads                            = 1                                         {product} {ergonomic}
     uint G1ConcRefinementThreads                  = 4                                         {product} {ergonomic}
   size_t G1HeapRegionSize                         = 1048576                                   {product} {ergonomic}
    uintx GCDrainStackTargetSize                   = 64                                        {product} {ergonomic}
   size_t InitialHeapSize                          = 268435456                                 {product} {ergonomic}
   size_t MarkStackSize                            = 4194304                                   {product} {ergonomic}
   size_t MaxHeapSize                              = 2147483648                                {product} {command line}
   size_t MaxMetaspaceSize                         = 536870912                                 {product} {command line}
   size_t MaxNewSize                               = 1287651328                                {product} {ergonomic}
   size_t MinHeapDeltaBytes                        = 1048576                                   {product} {ergonomic}
   size_t MinHeapSize                              = 8388608                                   {product} {ergonomic}
    uintx NonNMethodCodeHeapSize                   = 5832780                                {pd product} {ergonomic}
    uintx NonProfiledCodeHeapSize                  = 122912730                              {pd product} {ergonomic}
    uintx ProfiledCodeHeapSize                     = 122912730                              {pd product} {ergonomic}
    uintx ReservedCodeCacheSize                    = 251658240                              {pd product} {ergonomic}
     bool SegmentedCodeCache                       = true                                      {product} {ergonomic}
   size_t SoftMaxHeapSize                          = 2147483648                             {manageable} {ergonomic}
     bool UseCompressedClassPointers               = true                           {product lp64_product} {ergonomic}
     bool UseCompressedOops                        = true                           {product lp64_product} {ergonomic}
     bool UseG1GC                                  = true                                      {product} {ergonomic}
     bool UseLargePagesIndividualAllocation        = false                                  {pd product} {ergonomic}

Logging:
Log output configuration:
 #0: stdout all=warning uptime,level,tags
 #1: stderr all=off uptime,level,tags

Environment Variables:
CLASSPATH=C:\Users\ss\Desktop\teachers-vision\android\\gradle\wrapper\gradle-wrapper.jar
PATH=C:\Users\ss\Desktop\teachers-vision\android\node_modules\.bin;C:\Users\ss\Desktop\teachers-vision\node_modules\.bin;C:\Users\ss\Desktop\node_modules\.bin;C:\Users\ss\node_modules\.bin;C:\Users\node_modules\.bin;C:\node_modules\.bin;C:\Program Files\nodejs;C:\Users\ss\Desktop\teachers-vision\node_modules\.bin;C:\Users\ss\Desktop\teachers-vision\node_modules\.bin;C:\Users\ss\Desktop\node_modules\.bin;C:\Users\ss\node_modules\.bin;C:\Users\node_modules\.bin;C:\node_modules\.bin;C:\Users\ss\AppData\Roaming\nvm\v16.16.0\node_modules\npm\node_modules\@npmcli\run-script\lib\node-gyp-bin;C:\Users\ss\Desktop\teachers-vision\node_modules\.bin;C:\Users\ss\Desktop\node_modules\.bin;C:\Users\ss\node_modules\.bin;C:\Users\node_modules\.bin;C:\node_modules\.bin;C:\Program Files\nodejs;C:\Users\ss\Desktop\teachers-vision\node_modules\.bin;C:\Users\ss\Desktop\teachers-vision\node_modules\.bin;C:\Users\ss\Desktop\node_modules\.bin;C:\Users\ss\node_modules\.bin;C:\Users\node_modules\.bin;C:\node_modules\.bin;C:\Users\ss\AppData\Roaming\nvm\v16.16.0\node_modules\npm\node_modules\@npmcli\run-script\lib\node-gyp-bin;C:\Program Files\Common Files\Oracle\Java\javapath;C:\Program Files (x86)\Common Files\Oracle\Java\javapath;C:\Program Files\Microsoft\jdk-11.0.18.10-hotspot\bin;C:\Program Files\Microsoft MPI\Bin\;C:\Windows\system32;C:\Windows;C:\Windows\System32\Wbem;C:\Windows\System32\WindowsPowerShell\v1.0\;C:\Windows\System32\OpenSSH\;C:\ProgramData\chocolatey\bin;C:\Users\ss\AppData\Local\Android\Sdk\platform-tools;C:\Program Files\Git\cmd;C:\Program Files\Microsoft SQL Server\150\Tools\Binn\;C:\Program Files (x86)\Microsoft SQL Server\160\Tools\Binn\;C:\Program Files\Microsoft SQL Server\160\Tools\Binn\;C:\Program Files\Microsoft SQL Server\Client SDK\ODBC\170\Tools\Binn\;C:\Program Files\Microsoft SQL Server\160\DTS\Binn\;C:\Program Files\dotnet\;C:\Program Files (x86)\dotnet\;C:\Program Files (x86)\Microsoft SQL Server\160\DTS\Binn\;C:\Program Files (x86)\Microsoft SQL Server\150
USERNAME=ss
LANG=en_US.UTF-8
OS=Windows_NT
PROCESSOR_IDENTIFIER=Intel64 Family 6 Model 142 Stepping 9, GenuineIntel



---------------  S Y S T E M  ---------------

OS:
 Windows 10 , 64 bit Build 19041 (10.0.19041.3393)
OS uptime: 2 days 0:18 hours

CPU: total 4 (initial active 4) (2 cores per cpu, 2 threads per core) family 6 model 142 stepping 9 microcode 0xb4, cx8, cmov, fxsr, ht, mmx, 3dnowpref, sse, sse2, sse3, ssse3, sse4.1, sse4.2, popcnt, lzcnt, tsc, tscinvbit, avx, avx2, aes, erms, clmul, bmi1, bmi2, adx, fma, vzeroupper, clflush, clflushopt

Memory: 4k page, system-wide physical 16263M (342M free)
TotalPageFile size 23984M (AvailPageFile size 4M)
current process WorkingSet (physical memory assigned to process): 259M, peak: 264M
current process commit charge ("private bytes"): 296M, peak: 404M

vm_info: Java HotSpot(TM) 64-Bit Server VM (17.0.7+8-LTS-224) for windows-amd64 JRE (17.0.7+8-LTS-224), built on Feb 28 2023 23:03:02 by "mach5one" with MS VC++ 17.1 (VS2022)

END.
