#
# There is insufficient memory for the Java Runtime Environment to continue.
# Native memory allocation (malloc) failed to allocate 627536 bytes for Chunk::new
# Possible reasons:
#   The system is out of physical RAM or swap space
#   The process is running with CompressedOops enabled, and the Java Heap may be blocking the growth of the native heap
# Possible solutions:
#   Reduce memory load on the system
#   Increase physical memory or swap space
#   Check if swap backing store is full
#   Decrease Java heap size (-Xmx/-Xms)
#   Decrease number of Java threads
#   Decrease Java thread stack sizes (-Xss)
#   Set larger code cache with -XX:ReservedCodeCacheSize=
#   JVM is running with Unscaled Compressed Oops mode in which the Java heap is
#     placed in the first 4GB address space. The Java Heap base address is the
#     maximum limit for the native heap growth. Please use -XX:HeapBaseMinAddress
#     to set the Java Heap base and to place the Java Heap above 4GB virtual address.
# This output file may be truncated or incomplete.
#
#  Out of Memory Error (arena.cpp:189), pid=11700, tid=9728
#
# JRE version: Java(TM) SE Runtime Environment (17.0.7+8) (build 17.0.7+8-LTS-224)
# Java VM: Java HotSpot(TM) 64-Bit Server VM (17.0.7+8-LTS-224, mixed mode, sharing, tiered, compressed oops, compressed class ptrs, g1 gc, windows-amd64)
# No core dump will be written. Minidumps are not enabled by default on client versions of Windows
#

---------------  S U M M A R Y ------------

Command Line: -XX:MaxMetaspaceSize=512m --add-opens=java.base/java.util=ALL-UNNAMED --add-opens=java.base/java.lang=ALL-UNNAMED --add-opens=java.base/java.lang.invoke=ALL-UNNAMED --add-opens=java.base/java.util=ALL-UNNAMED --add-opens=java.prefs/java.util.prefs=ALL-UNNAMED --add-opens=java.prefs/java.util.prefs=ALL-UNNAMED --add-opens=java.base/java.nio.charset=ALL-UNNAMED --add-opens=java.base/java.net=ALL-UNNAMED --add-opens=java.base/java.util.concurrent.atomic=ALL-UNNAMED -Xmx2048m -Dfile.encoding=windows-1252 -Duser.country=IN -Duser.language=en -Duser.variant org.gradle.launcher.daemon.bootstrap.GradleDaemon 7.3.3

Host: Intel(R) Core(TM) i5-7200U CPU @ 2.50GHz, 4 cores, 15G,  Windows 10 , 64 bit Build 19041 (10.0.19041.3155)
Time: Fri Sep  1 13:43:56 2023 India Standard Time elapsed time: 307.071539 seconds (0d 0h 5m 7s)

---------------  T H R E A D  ---------------

Current thread (0x000001d93b9f8fe0):  JavaThread "C2 CompilerThread0" daemon [_thread_in_native, id=9728, stack(0x000000cad1200000,0x000000cad1300000)]


Current CompileTask:
C2: 307071 8777       4       org.gradle.launcher.daemon.context.DefaultDaemonContext$Serializer::read (182 bytes)

Stack: [0x000000cad1200000,0x000000cad1300000]
Native frames: (J=compiled Java code, j=interpreted, Vv=VM code, C=native code)
V  [jvm.dll+0x676a4a]
V  [jvm.dll+0x7d74f4]
V  [jvm.dll+0x7d8c9e]
V  [jvm.dll+0x7d9303]
V  [jvm.dll+0x2452c5]
V  [jvm.dll+0xaaa2b]
V  [jvm.dll+0xaafcc]
V  [jvm.dll+0x3613cf]
V  [jvm.dll+0x32bba1]
V  [jvm.dll+0x32b03a]
V  [jvm.dll+0x217acf]
V  [jvm.dll+0x216f01]
V  [jvm.dll+0x1a35e0]
V  [jvm.dll+0x226a6e]
V  [jvm.dll+0x224e15]
V  [jvm.dll+0x78d05c]
V  [jvm.dll+0x78759a]
V  [jvm.dll+0x675875]
C  [ucrtbase.dll+0x21bb2]
C  [KERNEL32.DLL+0x17614]
C  [ntdll.dll+0x526b1]


---------------  P R O C E S S  ---------------

Threads class SMR info:
_java_thread_list=0x000001d93ce32660, length=84, elements={
0x000001d91e0792e0, 0x000001d93b9da140, 0x000001d93b9dac00, 0x000001d93b9f38e0,
0x000001d93b9f61b0, 0x000001d93b9f7a80, 0x000001d93b9f8340, 0x000001d93b9f8fe0,
0x000001d93b9f9990, 0x000001d93c43b700, 0x000001d93c503ef0, 0x000001d93c50a040,
0x000001d93d1214c0, 0x000001d93d79a100, 0x000001d93d1df1d0, 0x000001d93d655060,
0x000001d93c86f840, 0x000001d93cb91610, 0x000001d93cb90c70, 0x000001d93cb8eac0,
0x000001d93cb91140, 0x000001d93cb902d0, 0x000001d93cb8f460, 0x000001d93cb8ef90,
0x000001d93cb8e120, 0x000001d93cb8dc50, 0x000001d93cb907a0, 0x000001d93cb8e5f0,
0x000001d93f16ac40, 0x000001d93f16e130, 0x000001d93f16bab0, 0x000001d93f169430,
0x000001d93f16b110, 0x000001d93f16b5e0, 0x000001d93f16bf80, 0x000001d93f167750,
0x000001d93f1680f0, 0x000001d93f167c20, 0x000001d93f16cdf0, 0x000001d93f16c920,
0x000001d93f16a2a0, 0x000001d93f16d2c0, 0x000001d93f16d790, 0x000001d93cb8f930,
0x000001d93f2a6a20, 0x000001d93f2a8230, 0x000001d93f2a6550, 0x000001d93f2a6ef0,
0x000001d93f2abbf0, 0x000001d93f2acf30, 0x000001d93f2a9570, 0x000001d93f2aa8b0,
0x000001d93f2a7890, 0x000001d93f2ad400, 0x000001d93f2ad8d0, 0x000001d93f2a6080,
0x000001d93f2aad80, 0x000001d93f2ac590, 0x000001d93f2a73c0, 0x000001d93f2ac0c0,
0x000001d93f2a7d60, 0x000001d93f2ab250, 0x000001d93f2a8700, 0x000001d93f2a9a40,
0x000001d93f2aca60, 0x000001d93f2a90a0, 0x000001d93f2a9f10, 0x000001d93f2a8bd0,
0x000001d93f2aa3e0, 0x000001d93f2ab720, 0x000001d940ea4d00, 0x000001d940ea7850,
0x000001d940ea51d0, 0x000001d940ea9530, 0x000001d940ea39c0, 0x000001d940ea4360,
0x000001d940ea8b90, 0x000001d940ea9ed0, 0x000001d940eaa870, 0x000001d940ea34f0,
0x000001d940ea3e90, 0x000001d93fd5c3a0, 0x000001d93fd5bed0, 0x000001d93fd5ea20
}

Java Threads: ( => current thread )
  0x000001d91e0792e0 JavaThread "main" [_thread_blocked, id=17800, stack(0x000000cad0400000,0x000000cad0500000)]
  0x000001d93b9da140 JavaThread "Reference Handler" daemon [_thread_blocked, id=14808, stack(0x000000cad0c00000,0x000000cad0d00000)]
  0x000001d93b9dac00 JavaThread "Finalizer" daemon [_thread_blocked, id=20556, stack(0x000000cad0d00000,0x000000cad0e00000)]
  0x000001d93b9f38e0 JavaThread "Signal Dispatcher" daemon [_thread_blocked, id=18028, stack(0x000000cad0e00000,0x000000cad0f00000)]
  0x000001d93b9f61b0 JavaThread "Attach Listener" daemon [_thread_blocked, id=2160, stack(0x000000cad0f00000,0x000000cad1000000)]
  0x000001d93b9f7a80 JavaThread "Service Thread" daemon [_thread_blocked, id=22204, stack(0x000000cad1000000,0x000000cad1100000)]
  0x000001d93b9f8340 JavaThread "Monitor Deflation Thread" daemon [_thread_blocked, id=7284, stack(0x000000cad1100000,0x000000cad1200000)]
=>0x000001d93b9f8fe0 JavaThread "C2 CompilerThread0" daemon [_thread_in_native, id=9728, stack(0x000000cad1200000,0x000000cad1300000)]
  0x000001d93b9f9990 JavaThread "C1 CompilerThread0" daemon [_thread_blocked, id=2376, stack(0x000000cad1300000,0x000000cad1400000)]
  0x000001d93c43b700 JavaThread "Sweeper thread" daemon [_thread_blocked, id=17536, stack(0x000000cad1400000,0x000000cad1500000)]
  0x000001d93c503ef0 JavaThread "Common-Cleaner" daemon [_thread_blocked, id=7556, stack(0x000000cad1500000,0x000000cad1600000)]
  0x000001d93c50a040 JavaThread "Notification Thread" daemon [_thread_blocked, id=16656, stack(0x000000cad1600000,0x000000cad1700000)]
  0x000001d93d1214c0 JavaThread "Daemon health stats" [_thread_blocked, id=9052, stack(0x000000cad1b00000,0x000000cad1c00000)]
  0x000001d93d79a100 JavaThread "Incoming local TCP Connector on port 64446" [_thread_in_native, id=1128, stack(0x000000cad1c00000,0x000000cad1d00000)]
  0x000001d93d1df1d0 JavaThread "Daemon periodic checks" [_thread_blocked, id=1892, stack(0x000000cad1d00000,0x000000cad1e00000)]
  0x000001d93d655060 JavaThread "Daemon" [_thread_blocked, id=22464, stack(0x000000cad1f00000,0x000000cad2000000)]
  0x000001d93c86f840 JavaThread "Handler for socket connection from /127.0.0.1:64446 to /127.0.0.1:64448" [_thread_in_native, id=12736, stack(0x000000cad2000000,0x000000cad2100000)]
  0x000001d93cb91610 JavaThread "Cancel handler" [_thread_blocked, id=10936, stack(0x000000cad1e00000,0x000000cad1f00000)]
  0x000001d93cb90c70 JavaThread "Daemon worker" [_thread_in_native, id=7220, stack(0x000000cad2100000,0x000000cad2200000)]
  0x000001d93cb8eac0 JavaThread "Asynchronous log dispatcher for DefaultDaemonConnection: socket connection from /127.0.0.1:64446 to /127.0.0.1:64448" [_thread_blocked, id=11756, stack(0x000000cad2200000,0x000000cad2300000)]
  0x000001d93cb91140 JavaThread "Stdin handler" [_thread_blocked, id=20076, stack(0x000000cad2300000,0x000000cad2400000)]
  0x000001d93cb902d0 JavaThread "Daemon client event forwarder" [_thread_blocked, id=12376, stack(0x000000cad2400000,0x000000cad2500000)]
  0x000001d93cb8f460 JavaThread "Cache worker for journal cache (C:\Users\ss\.gradle\caches\journal-1)" [_thread_blocked, id=20448, stack(0x000000cad2500000,0x000000cad2600000)]
  0x000001d93cb8ef90 JavaThread "File lock request listener" [_thread_in_native, id=8896, stack(0x000000cad2600000,0x000000cad2700000)]
  0x000001d93cb8e120 JavaThread "Cache worker for file hash cache (C:\Users\ss\.gradle\caches\7.3.3\fileHashes)" [_thread_blocked, id=12460, stack(0x000000cad2800000,0x000000cad2900000)]
  0x000001d93cb8dc50 JavaThread "Cache worker for file hash cache (C:\Users\ss\Desktop\teachers-vision\android\.gradle\7.3.3\fileHashes)" [_thread_blocked, id=5228, stack(0x000000cad2900000,0x000000cad2a00000)]
  0x000001d93cb907a0 JavaThread "File watcher server" daemon [_thread_in_native, id=9856, stack(0x000000cad2a00000,0x000000cad2b00000)]
  0x000001d93cb8e5f0 JavaThread "File watcher consumer" daemon [_thread_blocked, id=8112, stack(0x000000cad2b00000,0x000000cad2c00000)]
  0x000001d93f16ac40 JavaThread "Cache worker for checksums cache (C:\Users\ss\Desktop\teachers-vision\android\.gradle\7.3.3\checksums)" [_thread_blocked, id=21596, stack(0x000000cad2c00000,0x000000cad2d00000)]
  0x000001d93f16e130 JavaThread "Cache worker for cache directory md-supplier (C:\Users\ss\.gradle\caches\7.3.3\md-supplier)" [_thread_blocked, id=21340, stack(0x000000cad2d00000,0x000000cad2e00000)]
  0x000001d93f16bab0 JavaThread "Cache worker for cache directory md-rule (C:\Users\ss\.gradle\caches\7.3.3\md-rule)" [_thread_blocked, id=5400, stack(0x000000cad2e00000,0x000000cad2f00000)]
  0x000001d93f169430 JavaThread "Cache worker for execution history cache (C:\Users\ss\.gradle\caches\7.3.3\executionHistory)" [_thread_blocked, id=19640, stack(0x000000cad2f00000,0x000000cad3000000)]
  0x000001d93f16b110 JavaThread "jar transforms" [_thread_blocked, id=7696, stack(0x000000cad3200000,0x000000cad3300000)]
  0x000001d93f16b5e0 JavaThread "jar transforms Thread 2" [_thread_blocked, id=19636, stack(0x000000cad3300000,0x000000cad3400000)]
  0x000001d93f16bf80 JavaThread "Cache worker for file content cache (C:\Users\ss\.gradle\caches\7.3.3\fileContent)" [_thread_blocked, id=8544, stack(0x000000cad3400000,0x000000cad3500000)]
  0x000001d93f167750 JavaThread "jar transforms Thread 3" [_thread_blocked, id=8464, stack(0x000000cad3500000,0x000000cad3600000)]
  0x000001d93f1680f0 JavaThread "jar transforms Thread 4" [_thread_blocked, id=6744, stack(0x000000cad3600000,0x000000cad3700000)]
  0x000001d93f167c20 JavaThread "Cache worker for kotlin-dsl (C:\Users\ss\.gradle\caches\7.3.3\kotlin-dsl)" [_thread_blocked, id=12916, stack(0x000000cad0500000,0x000000cad0600000)]
  0x000001d93f16cdf0 JavaThread "Cache worker for dependencies-accessors (C:\Users\ss\Desktop\teachers-vision\android\.gradle\7.3.3\dependencies-accessors)" [_thread_blocked, id=20884, stack(0x000000cad2700000,0x000000cad2800000)]
  0x000001d93f16c920 JavaThread "Cache worker for Build Output Cleanup Cache (C:\Users\ss\Desktop\teachers-vision\node_modules\react-native-gradle-plugin\.gradle\buildOutputCleanup)" [_thread_blocked, id=7172, stack(0x000000cad3700000,0x000000cad3800000)]
  0x000001d93f16a2a0 JavaThread "Unconstrained build operations" [_thread_blocked, id=13888, stack(0x000000cad3000000,0x000000cad3100000)]
  0x000001d93f16d2c0 JavaThread "Unconstrained build operations Thread 2" [_thread_blocked, id=21384, stack(0x000000cad3800000,0x000000cad3900000)]
  0x000001d93f16d790 JavaThread "Unconstrained build operations Thread 3" [_thread_blocked, id=17864, stack(0x000000cad3900000,0x000000cad3a00000)]
  0x000001d93cb8f930 JavaThread "Unconstrained build operations Thread 4" [_thread_blocked, id=4084, stack(0x000000cad3a00000,0x000000cad3b00000)]
  0x000001d93f2a6a20 JavaThread "Unconstrained build operations Thread 5" [_thread_blocked, id=21736, stack(0x000000cad3b00000,0x000000cad3c00000)]
  0x000001d93f2a8230 JavaThread "Unconstrained build operations Thread 6" [_thread_blocked, id=11188, stack(0x000000cad3c00000,0x000000cad3d00000)]
  0x000001d93f2a6550 JavaThread "Unconstrained build operations Thread 7" [_thread_blocked, id=832, stack(0x000000cad3d00000,0x000000cad3e00000)]
  0x000001d93f2a6ef0 JavaThread "Unconstrained build operations Thread 8" [_thread_blocked, id=12668, stack(0x000000cad3e00000,0x000000cad3f00000)]
  0x000001d93f2abbf0 JavaThread "Unconstrained build operations Thread 9" [_thread_blocked, id=16760, stack(0x000000cad3f00000,0x000000cad4000000)]
  0x000001d93f2acf30 JavaThread "Unconstrained build operations Thread 10" [_thread_blocked, id=18908, stack(0x000000cad4000000,0x000000cad4100000)]
  0x000001d93f2a9570 JavaThread "Unconstrained build operations Thread 11" [_thread_blocked, id=21732, stack(0x000000cad4100000,0x000000cad4200000)]
  0x000001d93f2aa8b0 JavaThread "Unconstrained build operations Thread 12" [_thread_blocked, id=5808, stack(0x000000cad4200000,0x000000cad4300000)]
  0x000001d93f2a7890 JavaThread "Unconstrained build operations Thread 13" [_thread_blocked, id=11628, stack(0x000000cad4300000,0x000000cad4400000)]
  0x000001d93f2ad400 JavaThread "Unconstrained build operations Thread 14" [_thread_blocked, id=19804, stack(0x000000cad4400000,0x000000cad4500000)]
  0x000001d93f2ad8d0 JavaThread "Unconstrained build operations Thread 15" [_thread_blocked, id=16440, stack(0x000000cad4500000,0x000000cad4600000)]
  0x000001d93f2a6080 JavaThread "Unconstrained build operations Thread 16" [_thread_blocked, id=6828, stack(0x000000cad4600000,0x000000cad4700000)]
  0x000001d93f2aad80 JavaThread "Unconstrained build operations Thread 17" [_thread_blocked, id=20028, stack(0x000000cad4700000,0x000000cad4800000)]
  0x000001d93f2ac590 JavaThread "Unconstrained build operations Thread 18" [_thread_blocked, id=15596, stack(0x000000cad4800000,0x000000cad4900000)]
  0x000001d93f2a73c0 JavaThread "Unconstrained build operations Thread 19" [_thread_blocked, id=1140, stack(0x000000cad4900000,0x000000cad4a00000)]
  0x000001d93f2ac0c0 JavaThread "Unconstrained build operations Thread 20" [_thread_blocked, id=9096, stack(0x000000cad4a00000,0x000000cad4b00000)]
  0x000001d93f2a7d60 JavaThread "Unconstrained build operations Thread 21" [_thread_blocked, id=12280, stack(0x000000cad4b00000,0x000000cad4c00000)]
  0x000001d93f2ab250 JavaThread "Unconstrained build operations Thread 22" [_thread_blocked, id=13004, stack(0x000000cad4c00000,0x000000cad4d00000)]
  0x000001d93f2a8700 JavaThread "Unconstrained build operations Thread 23" [_thread_blocked, id=20560, stack(0x000000cad4d00000,0x000000cad4e00000)]
  0x000001d93f2a9a40 JavaThread "Unconstrained build operations Thread 24" [_thread_blocked, id=556, stack(0x000000cad4e00000,0x000000cad4f00000)]
  0x000001d93f2aca60 JavaThread "Unconstrained build operations Thread 25" [_thread_blocked, id=15848, stack(0x000000cad4f00000,0x000000cad5000000)]
  0x000001d93f2a90a0 JavaThread "Unconstrained build operations Thread 26" [_thread_blocked, id=20704, stack(0x000000cad5000000,0x000000cad5100000)]
  0x000001d93f2a9f10 JavaThread "Unconstrained build operations Thread 27" [_thread_blocked, id=4056, stack(0x000000cad5100000,0x000000cad5200000)]
  0x000001d93f2a8bd0 JavaThread "Unconstrained build operations Thread 28" [_thread_blocked, id=9364, stack(0x000000cad5200000,0x000000cad5300000)]
  0x000001d93f2aa3e0 JavaThread "Unconstrained build operations Thread 29" [_thread_blocked, id=7728, stack(0x000000cad5300000,0x000000cad5400000)]
  0x000001d93f2ab720 JavaThread "Unconstrained build operations Thread 30" [_thread_blocked, id=11784, stack(0x000000cad5400000,0x000000cad5500000)]
  0x000001d940ea4d00 JavaThread "Unconstrained build operations Thread 31" [_thread_blocked, id=19428, stack(0x000000cad5500000,0x000000cad5600000)]
  0x000001d940ea7850 JavaThread "Unconstrained build operations Thread 32" [_thread_blocked, id=8760, stack(0x000000cad5600000,0x000000cad5700000)]
  0x000001d940ea51d0 JavaThread "Unconstrained build operations Thread 33" [_thread_blocked, id=12616, stack(0x000000cad5700000,0x000000cad5800000)]
  0x000001d940ea9530 JavaThread "build event listener" [_thread_blocked, id=13288, stack(0x000000cad5900000,0x000000cad5a00000)]
  0x000001d940ea39c0 JavaThread "Memory manager" [_thread_blocked, id=15724, stack(0x000000cad5800000,0x000000cad5900000)]
  0x000001d940ea4360 JavaThread "Cache worker for Build Output Cleanup Cache (C:\Users\ss\Desktop\teachers-vision\android\.gradle\buildOutputCleanup)" [_thread_blocked, id=18416, stack(0x000000cad3100000,0x000000cad3200000)]
  0x000001d940ea8b90 JavaThread "Cache worker for execution history cache (C:\Users\ss\Desktop\teachers-vision\node_modules\react-native-gradle-plugin\.gradle\7.3.3\executionHistory)" [_thread_blocked, id=22816, stack(0x000000cad5e00000,0x000000cad5f00000)]
  0x000001d940ea9ed0 JavaThread "Unconstrained build operations Thread 34" [_thread_blocked, id=22980, stack(0x000000cad5f00000,0x000000cad6000000)]
  0x000001d940eaa870 JavaThread "Unconstrained build operations Thread 35" [_thread_blocked, id=22984, stack(0x000000cad6000000,0x000000cad6100000)]
  0x000001d940ea34f0 JavaThread "Unconstrained build operations Thread 36" [_thread_blocked, id=22988, stack(0x000000cad6100000,0x000000cad6200000)]
  0x000001d940ea3e90 JavaThread "Unconstrained build operations Thread 37" [_thread_blocked, id=22992, stack(0x000000cad6200000,0x000000cad6300000)]
  0x000001d93fd5c3a0 JavaThread "Unconstrained build operations Thread 38" [_thread_blocked, id=23012, stack(0x000000cad6400000,0x000000cad6500000)]
  0x000001d93fd5bed0 JavaThread "Unconstrained build operations Thread 39" [_thread_blocked, id=23016, stack(0x000000cad6500000,0x000000cad6600000)]
  0x000001d93fd5ea20 JavaThread "Unconstrained build operations Thread 40" [_thread_blocked, id=23020, stack(0x000000cad6600000,0x000000cad6700000)]

Other Threads:
  0x000001d93b9d3330 VMThread "VM Thread" [stack: 0x000000cad0b00000,0x000000cad0c00000] [id=7564]
  0x000001d93c50b540 WatcherThread [stack: 0x000000cad1700000,0x000000cad1800000] [id=21252]
  0x000001d91e0d0df0 GCTaskThread "GC Thread#0" [stack: 0x000000cad0600000,0x000000cad0700000] [id=252]
  0x000001d93c7fbe50 GCTaskThread "GC Thread#1" [stack: 0x000000cad1800000,0x000000cad1900000] [id=21564]
  0x000001d93c76fa10 GCTaskThread "GC Thread#2" [stack: 0x000000cad1900000,0x000000cad1a00000] [id=18896]
  0x000001d93c7fe680 GCTaskThread "GC Thread#3" [stack: 0x000000cad1a00000,0x000000cad1b00000] [id=21064]
  0x000001d91e0e1ae0 ConcurrentGCThread "G1 Main Marker" [stack: 0x000000cad0700000,0x000000cad0800000] [id=21196]
  0x000001d91e0e32b0 ConcurrentGCThread "G1 Conc#0" [stack: 0x000000cad0800000,0x000000cad0900000] [id=17620]
  0x000001d91e14d6b0 ConcurrentGCThread "G1 Refine#0" [stack: 0x000000cad0900000,0x000000cad0a00000] [id=20240]
  0x000001d91e14de80 ConcurrentGCThread "G1 Service" [stack: 0x000000cad0a00000,0x000000cad0b00000] [id=9468]

Threads with active compile tasks:
C2 CompilerThread0   307123 8777       4       org.gradle.launcher.daemon.context.DefaultDaemonContext$Serializer::read (182 bytes)

VM state: not at safepoint (normal execution)

VM Mutex/Monitor currently owned by a thread: None

Heap address: 0x0000000080000000, size: 2048 MB, Compressed Oops mode: 32-bit

CDS archive(s) mapped at: [0x0000000800000000-0x0000000800bd0000-0x0000000800bd0000), size 12386304, SharedBaseAddress: 0x0000000800000000, ArchiveRelocationMode: 0.
Compressed class space mapped at: 0x0000000800c00000-0x000000081a800000, reserved size: 432013312
Narrow klass base: 0x0000000800000000, Narrow klass shift: 0, Narrow klass range: 0x100000000

GC Precious Log:
 CPUs: 4 total, 4 available
 Memory: 16263M
 Large Page Support: Disabled
 NUMA Support: Disabled
 Compressed Oops: Enabled (32-bit)
 Heap Region Size: 1M
 Heap Min Capacity: 8M
 Heap Initial Capacity: 256M
 Heap Max Capacity: 2G
 Pre-touch: Disabled
 Parallel Workers: 4
 Concurrent Workers: 1
 Concurrent Refinement Workers: 4
 Periodic GC: Disabled

Heap:
 garbage-first heap   total 102400K, used 75748K [0x0000000080000000, 0x0000000100000000)
  region size 1024K, 11 young (11264K), 1 survivors (1024K)
 Metaspace       used 59639K, committed 60352K, reserved 479232K
  class space    used 8233K, committed 8576K, reserved 421888K

Heap Regions: E=young(eden), S=young(survivor), O=old, HS=humongous(starts), HC=humongous(continues), CS=collection set, F=free, OA=open archive, CA=closed archive, TAMS=top-at-mark-start (previous, next)
|   0|0x0000000080000000, 0x0000000080100000, 0x0000000080100000|100%|HS|  |TAMS 0x0000000080100000, 0x0000000080000000| Complete 
|   1|0x0000000080100000, 0x0000000080200000, 0x0000000080200000|100%|HC|  |TAMS 0x0000000080200000, 0x0000000080100000| Complete 
|   2|0x0000000080200000, 0x0000000080300000, 0x0000000080300000|100%|HC|  |TAMS 0x0000000080300000, 0x0000000080200000| Complete 
|   3|0x0000000080300000, 0x0000000080400000, 0x0000000080400000|100%| O|  |TAMS 0x0000000080400000, 0x0000000080300000| Untracked 
|   4|0x0000000080400000, 0x0000000080500000, 0x0000000080500000|100%| O|  |TAMS 0x0000000080500000, 0x0000000080400000| Untracked 
|   5|0x0000000080500000, 0x0000000080600000, 0x0000000080600000|100%| O|  |TAMS 0x0000000080600000, 0x0000000080500000| Untracked 
|   6|0x0000000080600000, 0x0000000080700000, 0x0000000080700000|100%| O|  |TAMS 0x0000000080700000, 0x0000000080600000| Untracked 
|   7|0x0000000080700000, 0x0000000080800000, 0x0000000080800000|100%| O|  |TAMS 0x0000000080800000, 0x0000000080700000| Untracked 
|   8|0x0000000080800000, 0x0000000080900000, 0x0000000080900000|100%| O|  |TAMS 0x0000000080900000, 0x0000000080800000| Untracked 
|   9|0x0000000080900000, 0x0000000080a00000, 0x0000000080a00000|100%| O|  |TAMS 0x0000000080a00000, 0x0000000080900000| Untracked 
|  10|0x0000000080a00000, 0x0000000080b00000, 0x0000000080b00000|100%| O|  |TAMS 0x0000000080b00000, 0x0000000080a00000| Untracked 
|  11|0x0000000080b00000, 0x0000000080c00000, 0x0000000080c00000|100%| O|  |TAMS 0x0000000080c00000, 0x0000000080b00000| Untracked 
|  12|0x0000000080c00000, 0x0000000080d00000, 0x0000000080d00000|100%| O|  |TAMS 0x0000000080d00000, 0x0000000080c00000| Untracked 
|  13|0x0000000080d00000, 0x0000000080e00000, 0x0000000080e00000|100%| O|  |TAMS 0x0000000080e00000, 0x0000000080d00000| Untracked 
|  14|0x0000000080e00000, 0x0000000080f00000, 0x0000000080f00000|100%| O|  |TAMS 0x0000000080f00000, 0x0000000080e00000| Untracked 
|  15|0x0000000080f00000, 0x0000000081000000, 0x0000000081000000|100%| O|  |TAMS 0x0000000081000000, 0x0000000080f00000| Untracked 
|  16|0x0000000081000000, 0x0000000081100000, 0x0000000081100000|100%| O|  |TAMS 0x0000000081100000, 0x0000000081000000| Untracked 
|  17|0x0000000081100000, 0x0000000081200000, 0x0000000081200000|100%| O|  |TAMS 0x0000000081200000, 0x0000000081100000| Untracked 
|  18|0x0000000081200000, 0x0000000081300000, 0x0000000081300000|100%| O|  |TAMS 0x0000000081300000, 0x0000000081200000| Untracked 
|  19|0x0000000081300000, 0x0000000081400000, 0x0000000081400000|100%| O|  |TAMS 0x0000000081400000, 0x0000000081300000| Untracked 
|  20|0x0000000081400000, 0x0000000081500000, 0x0000000081500000|100%| O|  |TAMS 0x0000000081500000, 0x0000000081400000| Untracked 
|  21|0x0000000081500000, 0x0000000081600000, 0x0000000081600000|100%| O|  |TAMS 0x0000000081600000, 0x0000000081500000| Untracked 
|  22|0x0000000081600000, 0x0000000081700000, 0x0000000081700000|100%| O|  |TAMS 0x0000000081700000, 0x0000000081600000| Untracked 
|  23|0x0000000081700000, 0x0000000081800000, 0x0000000081800000|100%| O|  |TAMS 0x0000000081800000, 0x0000000081700000| Untracked 
|  24|0x0000000081800000, 0x0000000081900000, 0x0000000081900000|100%| O|  |TAMS 0x0000000081900000, 0x0000000081800000| Untracked 
|  25|0x0000000081900000, 0x0000000081a00000, 0x0000000081a00000|100%| O|  |TAMS 0x0000000081a00000, 0x0000000081900000| Untracked 
|  26|0x0000000081a00000, 0x0000000081b00000, 0x0000000081b00000|100%| O|  |TAMS 0x0000000081b00000, 0x0000000081a00000| Untracked 
|  27|0x0000000081b00000, 0x0000000081c00000, 0x0000000081c00000|100%| O|  |TAMS 0x0000000081c00000, 0x0000000081b00000| Untracked 
|  28|0x0000000081c00000, 0x0000000081d00000, 0x0000000081d00000|100%| O|  |TAMS 0x0000000081d00000, 0x0000000081c00000| Untracked 
|  29|0x0000000081d00000, 0x0000000081e00000, 0x0000000081e00000|100%| O|  |TAMS 0x0000000081e00000, 0x0000000081d00000| Untracked 
|  30|0x0000000081e00000, 0x0000000081f00000, 0x0000000081f00000|100%| O|  |TAMS 0x0000000081f00000, 0x0000000081e00000| Untracked 
|  31|0x0000000081f00000, 0x0000000082000000, 0x0000000082000000|100%| O|  |TAMS 0x0000000082000000, 0x0000000081f00000| Untracked 
|  32|0x0000000082000000, 0x0000000082100000, 0x0000000082100000|100%| O|  |TAMS 0x0000000082100000, 0x0000000082000000| Untracked 
|  33|0x0000000082100000, 0x0000000082200000, 0x0000000082200000|100%| O|  |TAMS 0x0000000082200000, 0x0000000082100000| Untracked 
|  34|0x0000000082200000, 0x0000000082300000, 0x0000000082300000|100%|HS|  |TAMS 0x0000000082300000, 0x0000000082200000| Complete 
|  35|0x0000000082300000, 0x0000000082400000, 0x0000000082400000|100%| O|  |TAMS 0x0000000082400000, 0x0000000082300000| Untracked 
|  36|0x0000000082400000, 0x0000000082500000, 0x0000000082500000|100%|HS|  |TAMS 0x0000000082500000, 0x0000000082400000| Complete 
|  37|0x0000000082500000, 0x0000000082600000, 0x0000000082600000|100%|HC|  |TAMS 0x0000000082600000, 0x0000000082500000| Complete 
|  38|0x0000000082600000, 0x0000000082700000, 0x0000000082700000|100%|HC|  |TAMS 0x0000000082700000, 0x0000000082600000| Complete 
|  39|0x0000000082700000, 0x0000000082800000, 0x0000000082800000|100%| O|  |TAMS 0x0000000082800000, 0x0000000082700000| Untracked 
|  40|0x0000000082800000, 0x0000000082900000, 0x0000000082900000|100%| O|  |TAMS 0x0000000082900000, 0x0000000082800000| Untracked 
|  41|0x0000000082900000, 0x0000000082a00000, 0x0000000082a00000|100%| O|  |TAMS 0x0000000082a00000, 0x0000000082900000| Untracked 
|  42|0x0000000082a00000, 0x0000000082b00000, 0x0000000082b00000|100%| O|  |TAMS 0x0000000082b00000, 0x0000000082a00000| Untracked 
|  43|0x0000000082b00000, 0x0000000082c00000, 0x0000000082c00000|100%| O|  |TAMS 0x0000000082c00000, 0x0000000082b00000| Untracked 
|  44|0x0000000082c00000, 0x0000000082d00000, 0x0000000082d00000|100%| O|  |TAMS 0x0000000082d00000, 0x0000000082c00000| Untracked 
|  45|0x0000000082d00000, 0x0000000082e00000, 0x0000000082e00000|100%| O|  |TAMS 0x0000000082e00000, 0x0000000082d00000| Untracked 
|  46|0x0000000082e00000, 0x0000000082f00000, 0x0000000082f00000|100%| O|  |TAMS 0x0000000082f00000, 0x0000000082e00000| Untracked 
|  47|0x0000000082f00000, 0x0000000083000000, 0x0000000083000000|100%| O|  |TAMS 0x0000000083000000, 0x0000000082f00000| Untracked 
|  48|0x0000000083000000, 0x0000000083100000, 0x0000000083100000|100%| O|  |TAMS 0x0000000083100000, 0x0000000083000000| Untracked 
|  49|0x0000000083100000, 0x0000000083100000, 0x0000000083200000|  0%| F|  |TAMS 0x0000000083100000, 0x0000000083100000| Untracked 
|  50|0x0000000083200000, 0x0000000083300000, 0x0000000083300000|100%| O|  |TAMS 0x0000000083241200, 0x0000000083200000| Untracked 
|  51|0x0000000083300000, 0x0000000083400000, 0x0000000083400000|100%| O|  |TAMS 0x0000000083300000, 0x0000000083300000| Untracked 
|  52|0x0000000083400000, 0x0000000083500000, 0x0000000083500000|100%| O|  |TAMS 0x0000000083400000, 0x0000000083400000| Untracked 
|  53|0x0000000083500000, 0x0000000083600000, 0x0000000083600000|100%| O|  |TAMS 0x0000000083500000, 0x0000000083500000| Untracked 
|  54|0x0000000083600000, 0x0000000083700000, 0x0000000083700000|100%| O|  |TAMS 0x0000000083600000, 0x0000000083600000| Untracked 
|  55|0x0000000083700000, 0x0000000083800000, 0x0000000083800000|100%|HS|  |TAMS 0x0000000083700000, 0x0000000083700000| Complete 
|  56|0x0000000083800000, 0x0000000083900000, 0x0000000083900000|100%|HS|  |TAMS 0x0000000083800000, 0x0000000083800000| Complete 
|  57|0x0000000083900000, 0x0000000083a00000, 0x0000000083a00000|100%|HS|  |TAMS 0x0000000083900000, 0x0000000083900000| Complete 
|  58|0x0000000083a00000, 0x0000000083b00000, 0x0000000083b00000|100%| O|  |TAMS 0x0000000083a00000, 0x0000000083a00000| Untracked 
|  59|0x0000000083b00000, 0x0000000083c00000, 0x0000000083c00000|100%| O|  |TAMS 0x0000000083b00000, 0x0000000083b00000| Untracked 
|  60|0x0000000083c00000, 0x0000000083d00000, 0x0000000083d00000|100%| O|  |TAMS 0x0000000083c00000, 0x0000000083c00000| Untracked 
|  61|0x0000000083d00000, 0x0000000083e00000, 0x0000000083e00000|100%| O|  |TAMS 0x0000000083d00000, 0x0000000083d00000| Untracked 
|  62|0x0000000083e00000, 0x0000000083f00000, 0x0000000083f00000|100%| O|  |TAMS 0x0000000083e00000, 0x0000000083e00000| Untracked 
|  63|0x0000000083f00000, 0x0000000083ff9000, 0x0000000084000000| 97%| O|  |TAMS 0x0000000083f00000, 0x0000000083f00000| Untracked 
|  64|0x0000000084000000, 0x0000000084100000, 0x0000000084100000|100%|HS|  |TAMS 0x0000000084000000, 0x0000000084000000| Complete 
|  65|0x0000000084100000, 0x0000000084200000, 0x0000000084200000|100%|HC|  |TAMS 0x0000000084100000, 0x0000000084100000| Complete 
|  66|0x0000000084200000, 0x0000000084200000, 0x0000000084300000|  0%| F|  |TAMS 0x0000000084200000, 0x0000000084200000| Untracked 
|  67|0x0000000084300000, 0x0000000084300000, 0x0000000084400000|  0%| F|  |TAMS 0x0000000084300000, 0x0000000084300000| Untracked 
|  68|0x0000000084400000, 0x0000000084400000, 0x0000000084500000|  0%| F|  |TAMS 0x0000000084400000, 0x0000000084400000| Untracked 
|  69|0x0000000084500000, 0x0000000084500000, 0x0000000084600000|  0%| F|  |TAMS 0x0000000084500000, 0x0000000084500000| Untracked 
|  70|0x0000000084600000, 0x0000000084600000, 0x0000000084700000|  0%| F|  |TAMS 0x0000000084600000, 0x0000000084600000| Untracked 
|  71|0x0000000084700000, 0x0000000084700000, 0x0000000084800000|  0%| F|  |TAMS 0x0000000084700000, 0x0000000084700000| Untracked 
|  72|0x0000000084800000, 0x0000000084800000, 0x0000000084900000|  0%| F|  |TAMS 0x0000000084800000, 0x0000000084800000| Untracked 
|  73|0x0000000084900000, 0x0000000084900000, 0x0000000084a00000|  0%| F|  |TAMS 0x0000000084900000, 0x0000000084900000| Untracked 
|  74|0x0000000084a00000, 0x0000000084a00000, 0x0000000084b00000|  0%| F|  |TAMS 0x0000000084a00000, 0x0000000084a00000| Untracked 
|  75|0x0000000084b00000, 0x0000000084b00000, 0x0000000084c00000|  0%| F|  |TAMS 0x0000000084b00000, 0x0000000084b00000| Untracked 
|  76|0x0000000084c00000, 0x0000000084c00000, 0x0000000084d00000|  0%| F|  |TAMS 0x0000000084c00000, 0x0000000084c00000| Untracked 
|  77|0x0000000084d00000, 0x0000000084d00000, 0x0000000084e00000|  0%| F|  |TAMS 0x0000000084d00000, 0x0000000084d00000| Untracked 
|  78|0x0000000084e00000, 0x0000000084e00000, 0x0000000084f00000|  0%| F|  |TAMS 0x0000000084e00000, 0x0000000084e00000| Untracked 
|  79|0x0000000084f00000, 0x0000000084f00000, 0x0000000085000000|  0%| F|  |TAMS 0x0000000084f00000, 0x0000000084f00000| Untracked 
|  80|0x0000000085000000, 0x0000000085000000, 0x0000000085100000|  0%| F|  |TAMS 0x0000000085000000, 0x0000000085000000| Untracked 
|  81|0x0000000085100000, 0x0000000085100000, 0x0000000085200000|  0%| F|  |TAMS 0x0000000085100000, 0x0000000085100000| Untracked 
|  82|0x0000000085200000, 0x0000000085200000, 0x0000000085300000|  0%| F|  |TAMS 0x0000000085200000, 0x0000000085200000| Untracked 
|  83|0x0000000085300000, 0x0000000085300000, 0x0000000085400000|  0%| F|  |TAMS 0x0000000085300000, 0x0000000085300000| Untracked 
|  84|0x0000000085400000, 0x0000000085400000, 0x0000000085500000|  0%| F|  |TAMS 0x0000000085400000, 0x0000000085400000| Untracked 
|  85|0x0000000085500000, 0x0000000085500000, 0x0000000085600000|  0%| F|  |TAMS 0x0000000085500000, 0x0000000085500000| Untracked 
|  86|0x0000000085600000, 0x0000000085600000, 0x0000000085700000|  0%| F|  |TAMS 0x0000000085600000, 0x0000000085600000| Untracked 
| 141|0x0000000088d00000, 0x0000000088d00000, 0x0000000088e00000|  0%| F|  |TAMS 0x0000000088d00000, 0x0000000088d00000| Untracked 
| 142|0x0000000088e00000, 0x0000000088e00000, 0x0000000088f00000|  0%| F|  |TAMS 0x0000000088e00000, 0x0000000088e00000| Untracked 
| 143|0x0000000088f00000, 0x0000000088fbf808, 0x0000000089000000| 74%| E|  |TAMS 0x0000000088f00000, 0x0000000088f00000| Complete 
| 144|0x0000000089000000, 0x0000000089100000, 0x0000000089100000|100%| E|CS|TAMS 0x0000000089000000, 0x0000000089000000| Complete 
| 145|0x0000000089100000, 0x0000000089200000, 0x0000000089200000|100%| E|CS|TAMS 0x0000000089100000, 0x0000000089100000| Complete 
| 146|0x0000000089200000, 0x0000000089300000, 0x0000000089300000|100%| E|CS|TAMS 0x0000000089200000, 0x0000000089200000| Complete 
| 147|0x0000000089300000, 0x0000000089400000, 0x0000000089400000|100%| E|  |TAMS 0x0000000089300000, 0x0000000089300000| Complete 
| 148|0x0000000089400000, 0x0000000089500000, 0x0000000089500000|100%| E|CS|TAMS 0x0000000089400000, 0x0000000089400000| Complete 
| 149|0x0000000089500000, 0x0000000089600000, 0x0000000089600000|100%| E|CS|TAMS 0x0000000089500000, 0x0000000089500000| Complete 
| 150|0x0000000089600000, 0x0000000089700000, 0x0000000089700000|100%| E|CS|TAMS 0x0000000089600000, 0x0000000089600000| Complete 
| 151|0x0000000089700000, 0x0000000089800000, 0x0000000089800000|100%| S|CS|TAMS 0x0000000089700000, 0x0000000089700000| Complete 
| 152|0x0000000089800000, 0x0000000089900000, 0x0000000089900000|100%| E|CS|TAMS 0x0000000089800000, 0x0000000089800000| Complete 
| 255|0x000000008ff00000, 0x0000000090000000, 0x0000000090000000|100%| E|CS|TAMS 0x000000008ff00000, 0x000000008ff00000| Complete 

Card table byte_map: [0x000001d934d00000,0x000001d935100000] _byte_map_base: 0x000001d934900000

Marking Bits (Prev, Next): (CMBitMap*) 0x000001d91e0d11b0, (CMBitMap*) 0x000001d91e0d11f0
 Prev Bits: [0x000001d935500000, 0x000001d937500000)
 Next Bits: [0x000001d937500000, 0x000001d939500000)

Polling page: 0x000001d91bfc0000

Metaspace:

Usage:
  Non-class:     50.20 MB used.
      Class:      8.04 MB used.
       Both:     58.24 MB used.

Virtual space:
  Non-class space:       56.00 MB reserved,      50.56 MB ( 90%) committed,  7 nodes.
      Class space:      412.00 MB reserved,       8.38 MB (  2%) committed,  1 nodes.
             Both:      468.00 MB reserved,      58.94 MB ( 13%) committed. 

Chunk freelists:
   Non-Class:  1.38 MB
       Class:  3.48 MB
        Both:  4.86 MB

MaxMetaspaceSize: 512.00 MB
CompressedClassSpaceSize: 412.00 MB
Initial GC threshold: 21.00 MB
Current GC threshold: 97.81 MB
CDS: on
MetaspaceReclaimPolicy: balanced
 - commit_granule_bytes: 65536.
 - commit_granule_words: 8192.
 - virtual_space_node_default_size: 1048576.
 - enlarge_chunks_in_place: 1.
 - new_chunks_are_fully_committed: 0.
 - uncommit_free_chunks: 1.
 - use_allocation_guard: 0.
 - handle_deallocations: 1.


Internal statistics:

num_allocs_failed_limit: 6.
num_arena_births: 764.
num_arena_deaths: 0.
num_vsnodes_births: 8.
num_vsnodes_deaths: 0.
num_space_committed: 943.
num_space_uncommitted: 0.
num_chunks_returned_to_freelist: 6.
num_chunks_taken_from_freelist: 3166.
num_chunk_merges: 6.
num_chunk_splits: 2093.
num_chunks_enlarged: 1390.
num_purges: 0.
num_inconsistent_stats: 0.

CodeHeap 'non-profiled nmethods': size=120000Kb used=4553Kb max_used=4553Kb free=115446Kb
 bounds [0x000001d92d3d0000, 0x000001d92d850000, 0x000001d934900000]
CodeHeap 'profiled nmethods': size=120000Kb used=15820Kb max_used=15820Kb free=104179Kb
 bounds [0x000001d925900000, 0x000001d926880000, 0x000001d92ce30000]
CodeHeap 'non-nmethods': size=5760Kb used=2360Kb max_used=2439Kb free=3400Kb
 bounds [0x000001d92ce30000, 0x000001d92d0b0000, 0x000001d92d3d0000]
 total_blobs=8784 nmethods=7897 adapters=799
 compilation: enabled
              stopped_count=0, restarted_count=0
 full_count=0

Compilation events (20 events):
Event: 277.338 Thread 0x000001d93b9f8fe0 nmethod 8767 0x000001d92d840a10 code [0x000001d92d840ba0, 0x000001d92d8413f8]
Event: 283.987 Thread 0x000001d93b9f9990 8768       1       groovy.lang.Closure::getOwner (5 bytes)
Event: 283.987 Thread 0x000001d93b9f9990 nmethod 8768 0x000001d92d841690 code [0x000001d92d841820, 0x000001d92d8418f8]
Event: 283.989 Thread 0x000001d93b9f8fe0 8769       4       org.codehaus.groovy.reflection.ReflectionCache::getCachedClass (14 bytes)
Event: 283.993 Thread 0x000001d93b9f8fe0 nmethod 8769 0x000001d92d841990 code [0x000001d92d841b40, 0x000001d92d841dc8]
Event: 291.386 Thread 0x000001d93b9f8fe0 8770       4       java.lang.StringConcatHelper::stringOf (20 bytes)
Event: 291.387 Thread 0x000001d93b9f8fe0 nmethod 8770 0x000001d92d842110 code [0x000001d92d842280, 0x000001d92d842318]
Event: 297.015 Thread 0x000001d93b9f9990 8771       3       com.google.common.collect.TransformedIterator::next (14 bytes)
Event: 297.015 Thread 0x000001d93b9f9990 nmethod 8771 0x000001d92686e910 code [0x000001d92686eac0, 0x000001d92686ed58]
Event: 303.452 Thread 0x000001d93b9f9990 8772       3       groovy.lang.MetaClassImpl::findMethodInClassHierarchy (256 bytes)
Event: 303.453 Thread 0x000001d93b9f9990 nmethod 8772 0x000001d92686ee90 code [0x000001d92686f260, 0x000001d926871088]
Event: 303.453 Thread 0x000001d93b9f9990 8773       3       org.codehaus.groovy.runtime.MetaClassHelper::getPrimitiveIndex (31 bytes)
Event: 303.453 Thread 0x000001d93b9f9990 nmethod 8773 0x000001d926871890 code [0x000001d926871a40, 0x000001d926871c78]
Event: 303.454 Thread 0x000001d93b9f9990 8774       3       jdk.internal.reflect.ClassFileAssembler::<init> (8 bytes)
Event: 303.454 Thread 0x000001d93b9f9990 nmethod 8774 0x000001d926871d90 code [0x000001d926871f60, 0x000001d926872478]
Event: 303.454 Thread 0x000001d93b9f9990 8775       3       jdk.internal.reflect.ClassFileAssembler::append (9 bytes)
Event: 303.455 Thread 0x000001d93b9f9990 nmethod 8775 0x000001d926872610 code [0x000001d926872800, 0x000001d926872d38]
Event: 303.455 Thread 0x000001d93b9f9990 8776       1       org.gradle.internal.dispatch.ProxyDispatchAdapter::getSource (5 bytes)
Event: 303.455 Thread 0x000001d93b9f9990 nmethod 8776 0x000001d92d842410 code [0x000001d92d8425a0, 0x000001d92d842678]
Event: 306.965 Thread 0x000001d93b9f8fe0 8777       4       org.gradle.launcher.daemon.context.DefaultDaemonContext$Serializer::read (182 bytes)

GC Heap History (20 events):
Event: 218.697 GC heap before
{Heap before GC invocations=23 (full 0):
 garbage-first heap   total 80896K, used 63465K [0x0000000080000000, 0x0000000100000000)
  region size 1024K, 20 young (20480K), 2 survivors (2048K)
 Metaspace       used 51627K, committed 52224K, reserved 471040K
  class space    used 7132K, committed 7360K, reserved 421888K
}
Event: 218.701 GC heap after
{Heap after GC invocations=24 (full 0):
 garbage-first heap   total 80896K, used 46858K [0x0000000080000000, 0x0000000100000000)
  region size 1024K, 2 young (2048K), 2 survivors (2048K)
 Metaspace       used 51627K, committed 52224K, reserved 471040K
  class space    used 7132K, committed 7360K, reserved 421888K
}
Event: 218.721 GC heap before
{Heap before GC invocations=24 (full 0):
 garbage-first heap   total 80896K, used 47882K [0x0000000080000000, 0x0000000100000000)
  region size 1024K, 3 young (3072K), 2 survivors (2048K)
 Metaspace       used 51811K, committed 52480K, reserved 471040K
  class space    used 7141K, committed 7424K, reserved 421888K
}
Event: 218.725 GC heap after
{Heap after GC invocations=25 (full 0):
 garbage-first heap   total 80896K, used 46641K [0x0000000080000000, 0x0000000100000000)
  region size 1024K, 1 young (1024K), 1 survivors (1024K)
 Metaspace       used 51811K, committed 52480K, reserved 471040K
  class space    used 7141K, committed 7424K, reserved 421888K
}
Event: 223.447 GC heap before
{Heap before GC invocations=25 (full 0):
 garbage-first heap   total 80896K, used 65073K [0x0000000080000000, 0x0000000100000000)
  region size 1024K, 20 young (20480K), 1 survivors (1024K)
 Metaspace       used 53784K, committed 54400K, reserved 471040K
  class space    used 7424K, committed 7680K, reserved 421888K
}
Event: 223.450 GC heap after
{Heap after GC invocations=26 (full 0):
 garbage-first heap   total 80896K, used 47926K [0x0000000080000000, 0x0000000100000000)
  region size 1024K, 2 young (2048K), 2 survivors (2048K)
 Metaspace       used 53784K, committed 54400K, reserved 471040K
  class space    used 7424K, committed 7680K, reserved 421888K
}
Event: 224.626 GC heap before
{Heap before GC invocations=27 (full 0):
 garbage-first heap   total 91136K, used 64310K [0x0000000080000000, 0x0000000100000000)
  region size 1024K, 19 young (19456K), 2 survivors (2048K)
 Metaspace       used 54714K, committed 55360K, reserved 471040K
  class space    used 7584K, committed 7872K, reserved 421888K
}
Event: 224.633 GC heap after
{Heap after GC invocations=28 (full 0):
 garbage-first heap   total 91136K, used 49410K [0x0000000080000000, 0x0000000100000000)
  region size 1024K, 2 young (2048K), 2 survivors (2048K)
 Metaspace       used 54714K, committed 55360K, reserved 471040K
  class space    used 7584K, committed 7872K, reserved 421888K
}
Event: 224.883 GC heap before
{Heap before GC invocations=28 (full 0):
 garbage-first heap   total 91136K, used 51458K [0x0000000080000000, 0x0000000100000000)
  region size 1024K, 4 young (4096K), 2 survivors (2048K)
 Metaspace       used 54751K, committed 55424K, reserved 471040K
  class space    used 7584K, committed 7872K, reserved 421888K
}
Event: 224.889 GC heap after
{Heap after GC invocations=29 (full 0):
 garbage-first heap   total 91136K, used 49463K [0x0000000080000000, 0x0000000100000000)
  region size 1024K, 1 young (1024K), 1 survivors (1024K)
 Metaspace       used 54751K, committed 55424K, reserved 471040K
  class space    used 7584K, committed 7872K, reserved 421888K
}
Event: 230.930 GC heap before
{Heap before GC invocations=29 (full 0):
 garbage-first heap   total 91136K, used 74039K [0x0000000080000000, 0x0000000100000000)
  region size 1024K, 25 young (25600K), 1 survivors (1024K)
 Metaspace       used 56399K, committed 57088K, reserved 479232K
  class space    used 7836K, committed 8192K, reserved 421888K
}
Event: 230.937 GC heap after
{Heap after GC invocations=30 (full 0):
 garbage-first heap   total 91136K, used 52662K [0x0000000080000000, 0x0000000100000000)
  region size 1024K, 4 young (4096K), 4 survivors (4096K)
 Metaspace       used 56399K, committed 57088K, reserved 479232K
  class space    used 7836K, committed 8192K, reserved 421888K
}
Event: 233.576 GC heap before
{Heap before GC invocations=31 (full 0):
 garbage-first heap   total 94208K, used 72118K [0x0000000080000000, 0x0000000100000000)
  region size 1024K, 24 young (24576K), 4 survivors (4096K)
 Metaspace       used 58359K, committed 59008K, reserved 479232K
  class space    used 8056K, committed 8384K, reserved 421888K
}
Event: 233.583 GC heap after
{Heap after GC invocations=32 (full 0):
 garbage-first heap   total 94208K, used 54255K [0x0000000080000000, 0x0000000100000000)
  region size 1024K, 3 young (3072K), 3 survivors (3072K)
 Metaspace       used 58359K, committed 59008K, reserved 479232K
  class space    used 8056K, committed 8384K, reserved 421888K
}
Event: 236.403 GC heap before
{Heap before GC invocations=32 (full 0):
 garbage-first heap   total 94208K, used 74735K [0x0000000080000000, 0x0000000100000000)
  region size 1024K, 24 young (24576K), 3 survivors (3072K)
 Metaspace       used 59359K, committed 60032K, reserved 479232K
  class space    used 8203K, committed 8512K, reserved 421888K
}
Event: 236.412 GC heap after
{Heap after GC invocations=33 (full 0):
 garbage-first heap   total 94208K, used 59187K [0x0000000080000000, 0x0000000100000000)
  region size 1024K, 3 young (3072K), 3 survivors (3072K)
 Metaspace       used 59359K, committed 60032K, reserved 479232K
  class space    used 8203K, committed 8512K, reserved 421888K
}
Event: 243.434 GC heap before
{Heap before GC invocations=34 (full 0):
 garbage-first heap   total 102400K, used 77619K [0x0000000080000000, 0x0000000100000000)
  region size 1024K, 19 young (19456K), 3 survivors (3072K)
 Metaspace       used 59474K, committed 60096K, reserved 479232K
  class space    used 8210K, committed 8512K, reserved 421888K
}
Event: 243.438 GC heap after
{Heap after GC invocations=35 (full 0):
 garbage-first heap   total 102400K, used 64463K [0x0000000080000000, 0x0000000100000000)
  region size 1024K, 3 young (3072K), 3 survivors (3072K)
 Metaspace       used 59474K, committed 60096K, reserved 479232K
  class space    used 8210K, committed 8512K, reserved 421888K
}
Event: 243.626 GC heap before
{Heap before GC invocations=35 (full 0):
 garbage-first heap   total 102400K, used 66511K [0x0000000080000000, 0x0000000100000000)
  region size 1024K, 5 young (5120K), 3 survivors (3072K)
 Metaspace       used 59474K, committed 60096K, reserved 479232K
  class space    used 8210K, committed 8512K, reserved 421888K
}
Event: 243.630 GC heap after
{Heap after GC invocations=36 (full 0):
 garbage-first heap   total 102400K, used 65508K [0x0000000080000000, 0x0000000100000000)
  region size 1024K, 1 young (1024K), 1 survivors (1024K)
 Metaspace       used 59474K, committed 60096K, reserved 479232K
  class space    used 8210K, committed 8512K, reserved 421888K
}

Deoptimization events (20 events):
Event: 236.112 Thread 0x000001d940ea6510 DEOPT PACKING pc=0x000001d92d6901cc sp=0x000000cad5bfeed0
Event: 236.112 Thread 0x000001d940ea6510 DEOPT UNPACKING pc=0x000001d92ce823a3 sp=0x000000cad5bfee60 mode 2
Event: 236.241 Thread 0x000001d93cb90c70 Uncommon trap: trap_request=0xffffff45 fr.pc=0x000001d92d6fd944 relative=0x0000000000000744
Event: 236.241 Thread 0x000001d93cb90c70 Uncommon trap: reason=unstable_if action=reinterpret pc=0x000001d92d6fd944 method=org.gradle.internal.snapshot.VfsRelativePath.hasPrefix(Ljava/lang/String;Lorg/gradle/internal/snapshot/CaseSensitivity;)Z @ 105 c2
Event: 236.241 Thread 0x000001d93cb90c70 DEOPT PACKING pc=0x000001d92d6fd944 sp=0x000000cad21f8e60
Event: 236.241 Thread 0x000001d93cb90c70 DEOPT UNPACKING pc=0x000001d92ce823a3 sp=0x000000cad21f8df0 mode 2
Event: 237.044 Thread 0x000001d93cb90c70 DEOPT PACKING pc=0x000001d9263a9f59 sp=0x000000cad21f9ba0
Event: 237.044 Thread 0x000001d93cb90c70 DEOPT UNPACKING pc=0x000001d92ce82b43 sp=0x000000cad21f9098 mode 0
Event: 237.049 Thread 0x000001d93cb90c70 DEOPT PACKING pc=0x000001d9263a9f59 sp=0x000000cad21f9ba0
Event: 237.049 Thread 0x000001d93cb90c70 DEOPT UNPACKING pc=0x000001d92ce82b43 sp=0x000000cad21f9098 mode 0
Event: 243.367 Thread 0x000001d93cb90c70 Uncommon trap: trap_request=0xffffffc6 fr.pc=0x000001d92d5f3964 relative=0x0000000000003e04
Event: 243.367 Thread 0x000001d93cb90c70 Uncommon trap: reason=bimorphic_or_optimized_type_check action=maybe_recompile pc=0x000001d92d5f3964 method=java.util.AbstractCollection.addAll(Ljava/util/Collection;)Z @ 29 c2
Event: 243.367 Thread 0x000001d93cb90c70 DEOPT PACKING pc=0x000001d92d5f3964 sp=0x000000cad21f94a0
Event: 243.367 Thread 0x000001d93cb90c70 DEOPT UNPACKING pc=0x000001d92ce823a3 sp=0x000000cad21f9490 mode 2
Event: 243.622 Thread 0x000001d93cb90c70 DEOPT PACKING pc=0x000001d925adf768 sp=0x000000cad21f5b90
Event: 243.622 Thread 0x000001d93cb90c70 DEOPT UNPACKING pc=0x000001d92ce82b43 sp=0x000000cad21f5020 mode 0
Event: 243.869 Thread 0x000001d93cb90c70 Uncommon trap: trap_request=0xffffff45 fr.pc=0x000001d92d54dd48 relative=0x0000000000000888
Event: 243.869 Thread 0x000001d93cb90c70 Uncommon trap: reason=unstable_if action=reinterpret pc=0x000001d92d54dd48 method=java.util.WeakHashMap.matchesKey(Ljava/util/WeakHashMap$Entry;Ljava/lang/Object;)Z @ 5 c2
Event: 243.869 Thread 0x000001d93cb90c70 DEOPT PACKING pc=0x000001d92d54dd48 sp=0x000000cad21f67f0
Event: 243.869 Thread 0x000001d93cb90c70 DEOPT UNPACKING pc=0x000001d92ce823a3 sp=0x000000cad21f6758 mode 2

Classes unloaded (0 events):
No events

Classes redefined (0 events):
No events

Internal exceptions (20 events):
Event: 243.863 Thread 0x000001d93cb90c70 Exception <a 'java/lang/ClassNotFoundException'{0x00000000898e0ae0}: org/gradle/api/internal/DefaultNamedDomainObjectSetBeanInfo> (0x00000000898e0ae0) 
thrown [s\open\src\hotspot\share\classfile\systemDictionary.cpp, line 256]
Event: 243.864 Thread 0x000001d93cb90c70 Exception <a 'java/lang/ClassNotFoundException'{0x00000000898f6ad0}: org/gradle/api/internal/DefaultNamedDomainObjectSetCustomizer> (0x00000000898f6ad0) 
thrown [s\open\src\hotspot\share\classfile\systemDictionary.cpp, line 256]
Event: 243.867 Thread 0x000001d93cb90c70 Exception <a 'java/lang/ClassNotFoundException'{0x00000000896225a0}: org/gradle/api/internal/AbstractNamedDomainObjectContainerCustomizer> (0x00000000896225a0) 
thrown [s\open\src\hotspot\share\classfile\systemDictionary.cpp, line 256]
Event: 243.868 Thread 0x000001d93cb90c70 Exception <a 'java/lang/ClassNotFoundException'{0x000000008964b560}: org/gradle/api/internal/AbstractValidatingNamedDomainObjectContainerCustomizer> (0x000000008964b560) 
thrown [s\open\src\hotspot\share\classfile\systemDictionary.cpp, line 256]
Event: 243.870 Thread 0x000001d93cb90c70 Exception <a 'java/lang/ClassNotFoundException'{0x000000008966f718}: org/gradle/api/internal/artifacts/configurations/DefaultConfigurationContainerCustomizer> (0x000000008966f718) 
thrown [s\open\src\hotspot\share\classfile\systemDictionary.cpp, line 256]
Event: 243.873 Thread 0x000001d93cb90c70 Exception <a 'java/lang/ClassNotFoundException'{0x000000008969ce38}: org/gradle/api/internal/artifacts/configurations/DefaultConfigurationContainer_DecoratedCustomizer> (0x000000008969ce38) 
thrown [s\open\src\hotspot\share\classfile\systemDictionary.cpp, line 256]
Event: 244.031 Thread 0x000001d93cb90c70 Exception <a 'java/lang/ClassNotFoundException'{0x00000000894199f0}: org/gradle/api/internal/artifacts/repositories/DefaultMavenArtifactRepository_DecoratedBeanInfo> (0x00000000894199f0) 
thrown [s\open\src\hotspot\share\classfile\systemDictionary.cpp, line 256]
Event: 244.036 Thread 0x000001d93cb90c70 Exception <a 'java/lang/ClassNotFoundException'{0x0000000089438e58}: org/gradle/api/internal/artifacts/repositories/DefaultMavenArtifactRepositoryBeanInfo> (0x0000000089438e58) 
thrown [s\open\src\hotspot\share\classfile\systemDictionary.cpp, line 256]
Event: 244.038 Thread 0x000001d93cb90c70 Exception <a 'java/lang/ClassNotFoundException'{0x0000000089458aa8}: org/gradle/api/internal/artifacts/repositories/AbstractAuthenticationSupportedRepositoryBeanInfo> (0x0000000089458aa8) 
thrown [s\open\src\hotspot\share\classfile\systemDictionary.cpp, line 256]
Event: 244.039 Thread 0x000001d93cb90c70 Exception <a 'java/lang/ClassNotFoundException'{0x0000000089478740}: org/gradle/api/internal/artifacts/repositories/AbstractResolutionAwareArtifactRepositoryBeanInfo> (0x0000000089478740) 
thrown [s\open\src\hotspot\share\classfile\systemDictionary.cpp, line 256]
Event: 244.041 Thread 0x000001d93cb90c70 Exception <a 'java/lang/ClassNotFoundException'{0x00000000894980a8}: org/gradle/api/internal/artifacts/repositories/AbstractArtifactRepositoryBeanInfo> (0x00000000894980a8) 
thrown [s\open\src\hotspot\share\classfile\systemDictionary.cpp, line 256]
Event: 244.043 Thread 0x000001d93cb90c70 Exception <a 'java/lang/ClassNotFoundException'{0x00000000894b79d0}: org/gradle/api/internal/artifacts/repositories/AbstractArtifactRepositoryCustomizer> (0x00000000894b79d0) 
thrown [s\open\src\hotspot\share\classfile\systemDictionary.cpp, line 256]
Event: 244.046 Thread 0x000001d93cb90c70 Exception <a 'java/lang/ClassNotFoundException'{0x00000000894f3520}: org/gradle/api/internal/artifacts/repositories/AbstractResolutionAwareArtifactRepositoryCustomizer> (0x00000000894f3520) 
thrown [s\open\src\hotspot\share\classfile\systemDictionary.cpp, line 256]
Event: 244.052 Thread 0x000001d93cb90c70 Exception <a 'java/lang/ClassNotFoundException'{0x000000008931bfd8}: org/gradle/api/internal/artifacts/repositories/AbstractAuthenticationSupportedRepositoryCustomizer> (0x000000008931bfd8) 
thrown [s\open\src\hotspot\share\classfile\systemDictionary.cpp, line 256]
Event: 244.054 Thread 0x000001d93cb90c70 Exception <a 'java/lang/ClassNotFoundException'{0x000000008934c998}: org/gradle/api/internal/artifacts/repositories/DefaultMavenArtifactRepositoryCustomizer> (0x000000008934c998) 
thrown [s\open\src\hotspot\share\classfile\systemDictionary.cpp, line 256]
Event: 244.056 Thread 0x000001d93cb90c70 Exception <a 'java/lang/ClassNotFoundException'{0x0000000089383428}: org/gradle/api/internal/artifacts/repositories/DefaultMavenArtifactRepository_DecoratedCustomizer> (0x0000000089383428) 
thrown [s\open\src\hotspot\share\classfile\systemDictionary.cpp, line 256]
Event: 254.126 Thread 0x000001d93cb90c70 Exception <a 'java/lang/ClassNotFoundException'{0x00000000892b1c08}: org/gradle/api/internal/artifacts/repositories/DefaultMavenRepositoryContentDescriptorBeanInfo> (0x00000000892b1c08) 
thrown [s\open\src\hotspot\share\classfile\systemDictionary.cpp, line 256]
Event: 254.127 Thread 0x000001d93cb90c70 Exception <a 'java/lang/ClassNotFoundException'{0x00000000892d35d0}: org/gradle/api/internal/artifacts/repositories/DefaultRepositoryContentDescriptorBeanInfo> (0x00000000892d35d0) 
thrown [s\open\src\hotspot\share\classfile\systemDictionary.cpp, line 256]
Event: 254.129 Thread 0x000001d93cb90c70 Exception <a 'java/lang/ClassNotFoundException'{0x00000000892f51e0}: org/gradle/api/internal/artifacts/repositories/DefaultRepositoryContentDescriptorCustomizer> (0x00000000892f51e0) 
thrown [s\open\src\hotspot\share\classfile\systemDictionary.cpp, line 256]
Event: 254.131 Thread 0x000001d93cb90c70 Exception <a 'java/lang/ClassNotFoundException'{0x0000000089122f58}: org/gradle/api/internal/artifacts/repositories/DefaultMavenRepositoryContentDescriptorCustomizer> (0x0000000089122f58) 
thrown [s\open\src\hotspot\share\classfile\systemDictionary.cpp, line 256]

VM Operations (20 events):
Event: 245.633 Executing VM operation: Cleanup
Event: 245.633 Executing VM operation: Cleanup done
Event: 247.638 Executing VM operation: Cleanup
Event: 247.638 Executing VM operation: Cleanup done
Event: 254.680 Executing VM operation: Cleanup
Event: 254.680 Executing VM operation: Cleanup done
Event: 257.704 Executing VM operation: Cleanup
Event: 257.704 Executing VM operation: Cleanup done
Event: 261.740 Executing VM operation: Cleanup
Event: 261.740 Executing VM operation: Cleanup done
Event: 262.672 Executing VM operation: HandshakeAllThreads
Event: 262.673 Executing VM operation: HandshakeAllThreads done
Event: 265.683 Executing VM operation: Cleanup
Event: 265.683 Executing VM operation: Cleanup done
Event: 267.697 Executing VM operation: Cleanup
Event: 267.697 Executing VM operation: Cleanup done
Event: 274.760 Executing VM operation: Cleanup
Event: 274.760 Executing VM operation: Cleanup done
Event: 296.910 Executing VM operation: Cleanup
Event: 296.910 Executing VM operation: Cleanup done

Events (20 events):
Event: 235.384 loading class java/io/ObjectStreamClass$3 done
Event: 235.384 loading class java/io/ObjectStreamClass$4
Event: 235.384 loading class java/io/ObjectStreamClass$4 done
Event: 235.385 loading class java/io/ObjectStreamClass$5
Event: 235.385 loading class java/io/ObjectStreamClass$5 done
Event: 235.385 loading class java/io/ObjectStreamClass$ClassDataSlot
Event: 235.385 loading class java/io/ObjectStreamClass$ClassDataSlot done
Event: 235.385 loading class jdk/internal/reflect/UnsafeQualifiedStaticLongFieldAccessorImpl
Event: 235.385 loading class jdk/internal/reflect/UnsafeQualifiedStaticLongFieldAccessorImpl done
Event: 236.113 Thread 0x000001d940ea3020 Thread exited: 0x000001d940ea3020
Event: 236.113 Thread 0x000001d940ea6510 Thread exited: 0x000001d940ea6510
Event: 236.182 loading class java/util/concurrent/ConcurrentLinkedQueue$Itr
Event: 236.182 loading class java/util/concurrent/ConcurrentLinkedQueue$Itr done
Event: 236.188 Thread 0x000001d940ea6eb0 Thread exited: 0x000001d940ea6eb0
Event: 236.459 Thread 0x000001d93c43b700 flushing nmethod 0x000001d925db5a10
Event: 237.061 Thread 0x000001d93f4fedf0 Thread added: 0x000001d93f4fedf0
Event: 237.280 Thread 0x000001d93f4fedf0 Thread exited: 0x000001d93f4fedf0
Event: 291.197 Thread 0x000001d93fd5f3c0 Thread exited: 0x000001d93fd5f3c0
Event: 296.344 Thread 0x000001d940ea7380 Thread exited: 0x000001d940ea7380
Event: 299.206 Thread 0x000001d93f168f60 Thread exited: 0x000001d93f168f60


Dynamic libraries:
0x00007ff734340000 - 0x00007ff734350000 	C:\Program Files\Java\jdk-17\bin\java.exe
0x00007ffa9d590000 - 0x00007ffa9d788000 	C:\Windows\SYSTEM32\ntdll.dll
0x00007ffa9b7a0000 - 0x00007ffa9b85f000 	C:\Windows\System32\KERNEL32.DLL
0x00007ffa9ad10000 - 0x00007ffa9b006000 	C:\Windows\System32\KERNELBASE.dll
0x00007ffa9b010000 - 0x00007ffa9b110000 	C:\Windows\System32\ucrtbase.dll
0x00007ffa7cd30000 - 0x00007ffa7cd49000 	C:\Program Files\Java\jdk-17\bin\jli.dll
0x00007ffa9bcb0000 - 0x00007ffa9bd5f000 	C:\Windows\System32\ADVAPI32.dll
0x00007ffa9bd90000 - 0x00007ffa9be2e000 	C:\Windows\System32\msvcrt.dll
0x00007ffa9bc10000 - 0x00007ffa9bcac000 	C:\Windows\System32\sechost.dll
0x00007ffa9d3c0000 - 0x00007ffa9d4e6000 	C:\Windows\System32\RPCRT4.dll
0x00007ffa9b600000 - 0x00007ffa9b79d000 	C:\Windows\System32\USER32.dll
0x00007ffa9b3c0000 - 0x00007ffa9b3e2000 	C:\Windows\System32\win32u.dll
0x00007ffa9bd60000 - 0x00007ffa9bd8c000 	C:\Windows\System32\GDI32.dll
0x00007ffa9b160000 - 0x00007ffa9b275000 	C:\Windows\System32\gdi32full.dll
0x00007ffa9b3f0000 - 0x00007ffa9b48d000 	C:\Windows\System32\msvcp_win.dll
0x00007ffa772c0000 - 0x00007ffa772db000 	C:\Program Files\Java\jdk-17\bin\VCRUNTIME140.dll
0x00007ffa77020000 - 0x00007ffa772ba000 	C:\Windows\WinSxS\amd64_microsoft.windows.common-controls_6595b64144ccf1df_6.0.19041.1110_none_60b5254171f9507e\COMCTL32.dll
0x00007ffa921b0000 - 0x00007ffa921ba000 	C:\Windows\SYSTEM32\VERSION.dll
0x00007ffa9c500000 - 0x00007ffa9c530000 	C:\Windows\System32\IMM32.DLL
0x00007ffa8bbd0000 - 0x00007ffa8bbdc000 	C:\Program Files\Java\jdk-17\bin\vcruntime140_1.dll
0x00007ffa57b90000 - 0x00007ffa57c1e000 	C:\Program Files\Java\jdk-17\bin\msvcp140.dll
0x00007ffa28ca0000 - 0x00007ffa2987d000 	C:\Program Files\Java\jdk-17\bin\server\jvm.dll
0x00007ffa9b5f0000 - 0x00007ffa9b5f8000 	C:\Windows\System32\PSAPI.DLL
0x00007ffa8af90000 - 0x00007ffa8af99000 	C:\Windows\SYSTEM32\WSOCK32.dll
0x00007ffa9c890000 - 0x00007ffa9c8fb000 	C:\Windows\System32\WS2_32.dll
0x00007ffa6ffa0000 - 0x00007ffa6ffc7000 	C:\Windows\SYSTEM32\WINMM.dll
0x00007ffa99490000 - 0x00007ffa994a2000 	C:\Windows\SYSTEM32\kernel.appcore.dll
0x00007ffa817a0000 - 0x00007ffa817aa000 	C:\Program Files\Java\jdk-17\bin\jimage.dll
0x00007ffa95870000 - 0x00007ffa95a54000 	C:\Windows\SYSTEM32\DBGHELP.DLL
0x00007ffa89080000 - 0x00007ffa890b4000 	C:\Windows\SYSTEM32\dbgcore.DLL
0x00007ffa9b330000 - 0x00007ffa9b3b2000 	C:\Windows\System32\bcryptPrimitives.dll
0x00007ffa73c90000 - 0x00007ffa73cb5000 	C:\Program Files\Java\jdk-17\bin\java.dll
0x00007ffa2df30000 - 0x00007ffa2e007000 	C:\Program Files\Java\jdk-17\bin\jsvml.dll
0x00007ffa9ca90000 - 0x00007ffa9d1d4000 	C:\Windows\System32\SHELL32.dll
0x00007ffa98cf0000 - 0x00007ffa99483000 	C:\Windows\SYSTEM32\windows.storage.dll
0x00007ffa9c530000 - 0x00007ffa9c884000 	C:\Windows\System32\combase.dll
0x00007ffa9a5e0000 - 0x00007ffa9a60e000 	C:\Windows\SYSTEM32\Wldp.dll
0x00007ffa9c450000 - 0x00007ffa9c4fd000 	C:\Windows\System32\SHCORE.dll
0x00007ffa9d360000 - 0x00007ffa9d3b5000 	C:\Windows\System32\shlwapi.dll
0x00007ffa9aba0000 - 0x00007ffa9abc5000 	C:\Windows\SYSTEM32\profapi.dll
0x00007ffa76800000 - 0x00007ffa76819000 	C:\Program Files\Java\jdk-17\bin\net.dll
0x00007ffa8fc50000 - 0x00007ffa8fd5a000 	C:\Windows\SYSTEM32\WINHTTP.dll
0x00007ffa9a340000 - 0x00007ffa9a3aa000 	C:\Windows\system32\mswsock.dll
0x00007ffa76300000 - 0x00007ffa76316000 	C:\Program Files\Java\jdk-17\bin\nio.dll
0x00007ffa76100000 - 0x00007ffa76118000 	C:\Program Files\Java\jdk-17\bin\zip.dll
0x00007ffa93720000 - 0x00007ffa93730000 	C:\Program Files\Java\jdk-17\bin\verify.dll
0x00007ffa72610000 - 0x00007ffa72637000 	C:\Users\ss\.gradle\native\e1d6ef7f7dcc3fd88c89a11ec53ec762bb8ba0a96d01ffa2cd45eb1d1d8dd5c5\windows-amd64\native-platform.dll
0x00007ffa68900000 - 0x00007ffa68a44000 	C:\Users\ss\.gradle\native\5664cfc778a61ccfe75a443a1ab52a65af34e5dc3c78e0209fed803814484fcb\windows-amd64\native-platform-file-events.dll
0x00007ffa92ba0000 - 0x00007ffa92baa000 	C:\Program Files\Java\jdk-17\bin\management.dll
0x00007ffa8d980000 - 0x00007ffa8d98b000 	C:\Program Files\Java\jdk-17\bin\management_ext.dll
0x00007ffa9a530000 - 0x00007ffa9a548000 	C:\Windows\SYSTEM32\CRYPTSP.dll
0x00007ffa99c50000 - 0x00007ffa99c84000 	C:\Windows\system32\rsaenh.dll
0x00007ffa9ace0000 - 0x00007ffa9ad07000 	C:\Windows\System32\bcrypt.dll
0x00007ffa9ab60000 - 0x00007ffa9ab8e000 	C:\Windows\SYSTEM32\USERENV.dll
0x00007ffa9a550000 - 0x00007ffa9a55c000 	C:\Windows\SYSTEM32\CRYPTBASE.dll
0x00007ffa9a030000 - 0x00007ffa9a06b000 	C:\Windows\SYSTEM32\IPHLPAPI.DLL
0x00007ffa9be50000 - 0x00007ffa9be58000 	C:\Windows\System32\NSI.dll
0x00007ffa905d0000 - 0x00007ffa905e7000 	C:\Windows\SYSTEM32\dhcpcsvc6.DLL
0x00007ffa906e0000 - 0x00007ffa906fd000 	C:\Windows\SYSTEM32\dhcpcsvc.DLL
0x00007ffa9a070000 - 0x00007ffa9a13a000 	C:\Windows\SYSTEM32\DNSAPI.dll
0x00007ffa774e0000 - 0x00007ffa774ed000 	C:\Program Files\Java\jdk-17\bin\sunmscapi.dll
0x00007ffa9b490000 - 0x00007ffa9b5ee000 	C:\Windows\System32\CRYPT32.dll
0x00007ffa9a650000 - 0x00007ffa9a678000 	C:\Windows\SYSTEM32\ncrypt.dll
0x00007ffa9a610000 - 0x00007ffa9a64b000 	C:\Windows\SYSTEM32\NTASN1.dll
0x00007ffa81790000 - 0x00007ffa81797000 	C:\Windows\system32\wshunix.dll

dbghelp: loaded successfully - version: 4.0.5 - missing functions: none
symbol engine: initialized successfully - sym options: 0x614 - pdb path: .;C:\Program Files\Java\jdk-17\bin;C:\Windows\SYSTEM32;C:\Windows\WinSxS\amd64_microsoft.windows.common-controls_6595b64144ccf1df_6.0.19041.1110_none_60b5254171f9507e;C:\Program Files\Java\jdk-17\bin\server;C:\Users\ss\.gradle\native\e1d6ef7f7dcc3fd88c89a11ec53ec762bb8ba0a96d01ffa2cd45eb1d1d8dd5c5\windows-amd64;C:\Users\ss\.gradle\native\5664cfc778a61ccfe75a443a1ab52a65af34e5dc3c78e0209fed803814484fcb\windows-amd64

VM Arguments:
jvm_args: -XX:MaxMetaspaceSize=512m --add-opens=java.base/java.util=ALL-UNNAMED --add-opens=java.base/java.lang=ALL-UNNAMED --add-opens=java.base/java.lang.invoke=ALL-UNNAMED --add-opens=java.base/java.util=ALL-UNNAMED --add-opens=java.prefs/java.util.prefs=ALL-UNNAMED --add-opens=java.prefs/java.util.prefs=ALL-UNNAMED --add-opens=java.base/java.nio.charset=ALL-UNNAMED --add-opens=java.base/java.net=ALL-UNNAMED --add-opens=java.base/java.util.concurrent.atomic=ALL-UNNAMED -Xmx2048m -Dfile.encoding=windows-1252 -Duser.country=IN -Duser.language=en -Duser.variant 
java_command: org.gradle.launcher.daemon.bootstrap.GradleDaemon 7.3.3
java_class_path (initial): C:\Users\ss\.gradle\wrapper\dists\gradle-7.3.3-all\4295vidhdd9hd3gbjyw1xqxpo\gradle-7.3.3\lib\gradle-launcher-7.3.3.jar
Launcher Type: SUN_STANDARD

[Global flags]
     intx CICompilerCount                          = 3                                         {product} {ergonomic}
   size_t CompressedClassSpaceSize                 = 432013312                                 {product} {ergonomic}
     uint ConcGCThreads                            = 1                                         {product} {ergonomic}
     uint G1ConcRefinementThreads                  = 4                                         {product} {ergonomic}
   size_t G1HeapRegionSize                         = 1048576                                   {product} {ergonomic}
    uintx GCDrainStackTargetSize                   = 64                                        {product} {ergonomic}
   size_t InitialHeapSize                          = 268435456                                 {product} {ergonomic}
   size_t MarkStackSize                            = 4194304                                   {product} {ergonomic}
   size_t MaxHeapSize                              = 2147483648                                {product} {command line}
   size_t MaxMetaspaceSize                         = 536870912                                 {product} {command line}
   size_t MaxNewSize                               = 1287651328                                {product} {ergonomic}
   size_t MinHeapDeltaBytes                        = 1048576                                   {product} {ergonomic}
   size_t MinHeapSize                              = 8388608                                   {product} {ergonomic}
    uintx NonNMethodCodeHeapSize                   = 5832780                                {pd product} {ergonomic}
    uintx NonProfiledCodeHeapSize                  = 122912730                              {pd product} {ergonomic}
    uintx ProfiledCodeHeapSize                     = 122912730                              {pd product} {ergonomic}
    uintx ReservedCodeCacheSize                    = 251658240                              {pd product} {ergonomic}
     bool SegmentedCodeCache                       = true                                      {product} {ergonomic}
   size_t SoftMaxHeapSize                          = 2147483648                             {manageable} {ergonomic}
     bool UseCompressedClassPointers               = true                           {product lp64_product} {ergonomic}
     bool UseCompressedOops                        = true                           {product lp64_product} {ergonomic}
     bool UseG1GC                                  = true                                      {product} {ergonomic}
     bool UseLargePagesIndividualAllocation        = false                                  {pd product} {ergonomic}

Logging:
Log output configuration:
 #0: stdout all=warning uptime,level,tags
 #1: stderr all=off uptime,level,tags

Environment Variables:
CLASSPATH=C:\Users\ss\Desktop\teachers-vision\android\\gradle\wrapper\gradle-wrapper.jar
PATH=C:\Users\ss\Desktop\teachers-vision\android\node_modules\.bin;C:\Users\ss\Desktop\teachers-vision\node_modules\.bin;C:\Users\ss\Desktop\node_modules\.bin;C:\Users\ss\node_modules\.bin;C:\Users\node_modules\.bin;C:\node_modules\.bin;C:\Program Files\nodejs;C:\Users\ss\Desktop\teachers-vision\node_modules\.bin;C:\Users\ss\Desktop\teachers-vision\node_modules\.bin;C:\Users\ss\Desktop\node_modules\.bin;C:\Users\ss\node_modules\.bin;C:\Users\node_modules\.bin;C:\node_modules\.bin;C:\Users\ss\AppData\Roaming\nvm\v16.16.0\node_modules\npm\node_modules\@npmcli\run-script\lib\node-gyp-bin;C:\Users\ss\Desktop\teachers-vision\node_modules\.bin;C:\Users\ss\Desktop\node_modules\.bin;C:\Users\ss\node_modules\.bin;C:\Users\node_modules\.bin;C:\node_modules\.bin;C:\Program Files\nodejs;C:\Users\ss\Desktop\teachers-vision\node_modules\.bin;C:\Users\ss\Desktop\teachers-vision\node_modules\.bin;C:\Users\ss\Desktop\node_modules\.bin;C:\Users\ss\node_modules\.bin;C:\Users\node_modules\.bin;C:\node_modules\.bin;C:\Users\ss\AppData\Roaming\nvm\v16.16.0\node_modules\npm\node_modules\@npmcli\run-script\lib\node-gyp-bin;C:\Program Files\Common Files\Oracle\Java\javapath;C:\Program Files (x86)\Common Files\Oracle\Java\javapath;C:\Program Files\Microsoft\jdk-11.0.18.10-hotspot\bin;C:\Program Files\Microsoft MPI\Bin\;C:\Windows\system32;C:\Windows;C:\Windows\System32\Wbem;C:\Windows\System32\WindowsPowerShell\v1.0\;C:\Windows\System32\OpenSSH\;C:\ProgramData\chocolatey\bin;C:\Users\ss\AppData\Local\Android\Sdk\platform-tools;C:\Program Files\Git\cmd;C:\Program Files\Microsoft SQL Server\150\Tools\Binn\;C:\Program Files (x86)\Microsoft SQL Server\160\Tools\Binn\;C:\Program Files\Microsoft SQL Server\160\Tools\Binn\;C:\Program Files\Microsoft SQL Server\Client SDK\ODBC\170\Tools\Binn\;C:\Program Files\Microsoft SQL Server\160\DTS\Binn\;C:\Program Files\dotnet\;C:\Program Files (x86)\dotnet\;C:\Program Files (x86)\Microsoft SQL Server\160\DTS\Binn\;C:\Program Files (x86)\Microsoft SQL Server\150
USERNAME=ss
LANG=en_US.UTF-8
OS=Windows_NT
PROCESSOR_IDENTIFIER=Intel64 Family 6 Model 142 Stepping 9, GenuineIntel



---------------  S Y S T E M  ---------------

OS:
 Windows 10 , 64 bit Build 19041 (10.0.19041.3155)
OS uptime: 2 days 2:36 hours

CPU: total 4 (initial active 4) (2 cores per cpu, 2 threads per core) family 6 model 142 stepping 9 microcode 0xb4, cx8, cmov, fxsr, ht, mmx, 3dnowpref, sse, sse2, sse3, ssse3, sse4.1, sse4.2, popcnt, lzcnt, tsc, tscinvbit, avx, avx2, aes, erms, clmul, bmi1, bmi2, adx, fma, vzeroupper, clflush, clflushopt

Memory: 4k page, system-wide physical 16263M (667M free)
TotalPageFile size 22772M (AvailPageFile size 0M)
current process WorkingSet (physical memory assigned to process): 278M, peak: 289M
current process commit charge ("private bytes"): 317M, peak: 403M

vm_info: Java HotSpot(TM) 64-Bit Server VM (17.0.7+8-LTS-224) for windows-amd64 JRE (17.0.7+8-LTS-224), built on Feb 28 2023 23:03:02 by "mach5one" with MS VC++ 17.1 (VS2022)

END.
