#
# There is insufficient memory for the Java Runtime Environment to continue.
# Native memory allocation (mmap) failed to map 144703488 bytes for G1 virtual space
# Possible reasons:
#   The system is out of physical RAM or swap space
#   The process is running with CompressedOops enabled, and the Java Heap may be blocking the growth of the native heap
# Possible solutions:
#   Reduce memory load on the system
#   Increase physical memory or swap space
#   Check if swap backing store is full
#   Decrease Java heap size (-Xmx/-Xms)
#   Decrease number of Java threads
#   Decrease Java thread stack sizes (-Xss)
#   Set larger code cache with -XX:ReservedCodeCacheSize=
#   JVM is running with Unscaled Compressed Oops mode in which the Java heap is
#     placed in the first 4GB address space. The Java Heap base address is the
#     maximum limit for the native heap growth. Please use -XX:HeapBaseMinAddress
#     to set the Java Heap base and to place the Java Heap above 4GB virtual address.
# This output file may be truncated or incomplete.
#
#  Out of Memory Error (os_windows.cpp:3550), pid=18312, tid=5336
#
# JRE version: Java(TM) SE Runtime Environment (17.0.7+8) (build 17.0.7+8-LTS-224)
# Java VM: Java HotSpot(TM) 64-Bit Server VM (17.0.7+8-LTS-224, mixed mode, sharing, tiered, compressed oops, compressed class ptrs, g1 gc, windows-amd64)
# No core dump will be written. Minidumps are not enabled by default on client versions of Windows
#

---------------  S U M M A R Y ------------

Command Line: -XX:MaxMetaspaceSize=512m --add-opens=java.base/java.util=ALL-UNNAMED --add-opens=java.base/java.lang=ALL-UNNAMED --add-opens=java.base/java.lang.invoke=ALL-UNNAMED --add-opens=java.base/java.util=ALL-UNNAMED --add-opens=java.prefs/java.util.prefs=ALL-UNNAMED --add-opens=java.prefs/java.util.prefs=ALL-UNNAMED --add-opens=java.base/java.nio.charset=ALL-UNNAMED --add-opens=java.base/java.net=ALL-UNNAMED --add-opens=java.base/java.util.concurrent.atomic=ALL-UNNAMED -Xmx2048m -Dfile.encoding=windows-1252 -Duser.country=IN -Duser.language=en -Duser.variant org.gradle.launcher.daemon.bootstrap.GradleDaemon 7.3.3

Host: Intel(R) Core(TM) i5-7200U CPU @ 2.50GHz, 4 cores, 15G,  Windows 10 , 64 bit Build 19041 (10.0.19041.3155)
Time: Tue Sep 12 18:07:04 2023 India Standard Time elapsed time: 638.108395 seconds (0d 0h 10m 38s)

---------------  T H R E A D  ---------------

Current thread (0x0000018ff6502d20):  VMThread "VM Thread" [stack: 0x0000001896d00000,0x0000001896e00000] [id=5336]

Stack: [0x0000001896d00000,0x0000001896e00000]
Native frames: (J=compiled Java code, j=interpreted, Vv=VM code, C=native code)
V  [jvm.dll+0x676a4a]
V  [jvm.dll+0x7d74f4]
V  [jvm.dll+0x7d8c9e]
V  [jvm.dll+0x7d9303]
V  [jvm.dll+0x2452c5]
V  [jvm.dll+0x6738f9]
V  [jvm.dll+0x668232]
V  [jvm.dll+0x302826]
V  [jvm.dll+0x309da6]
V  [jvm.dll+0x35952e]
V  [jvm.dll+0x35975f]
V  [jvm.dll+0x2d9a38]
V  [jvm.dll+0x2dcad6]
V  [jvm.dll+0x2e72d8]
V  [jvm.dll+0x31ad30]
V  [jvm.dll+0x7ddb0b]
V  [jvm.dll+0x7de844]
V  [jvm.dll+0x7ded5d]
V  [jvm.dll+0x7df134]
V  [jvm.dll+0x7df200]
V  [jvm.dll+0x78759a]
V  [jvm.dll+0x675875]
C  [ucrtbase.dll+0x21bb2]
C  [KERNEL32.DLL+0x17614]
C  [ntdll.dll+0x526b1]

VM_Operation (0x00000018969ff680): G1Concurrent, mode: safepoint, requested by thread 0x0000018fd8c01ae0


---------------  P R O C E S S  ---------------

Threads class SMR info:
_java_thread_list=0x0000018ffdd70d30, length=89, elements={
0x0000018fd8b992e0, 0x0000018ff6509b30, 0x0000018ff650a5f0, 0x0000018ff6521710,
0x0000018ff6523fe0, 0x0000018ff65258b0, 0x0000018ff6526170, 0x0000018ff6526d60,
0x0000018ff7010110, 0x0000018ff655eae0, 0x0000018ff709c050, 0x0000018ff709c520,
0x0000018ff833a910, 0x0000018ff820bdf0, 0x0000018ff702ee50, 0x0000018ff702f320,
0x0000018ff7e232d0, 0x0000018ff6552b20, 0x0000018ff6552ff0, 0x0000018ff65551a0,
0x0000018ff6553e60, 0x0000018ff6556010, 0x0000018ff6555b40, 0x0000018ff6554cd0,
0x0000018ff6554800, 0x0000018ff65564e0, 0x0000018ff6554330, 0x0000018ff65534c0,
0x0000018ff6555670, 0x0000018ffa31a740, 0x0000018ffa31ac10, 0x0000018ffa31cdc0,
0x0000018ffa31bf50, 0x0000018ffa31b5b0, 0x0000018ffa31ba80, 0x0000018ffa31c8f0,
0x0000018ffa318590, 0x0000018ffa31d290, 0x0000018ffa31e100, 0x0000018ffa31dc30,
0x0000018ffa3168b0, 0x0000018ffa316d80, 0x0000018ffa317250, 0x0000018ffa317720,
0x0000018ffa3180c0, 0x0000018ffa318a60, 0x0000018ffa319400, 0x0000018ffa3198d0,
0x0000018ff70d4f90, 0x0000018ff70d92f0, 0x0000018ff70d6c70, 0x0000018ff70d4120,
0x0000018ff70d45f0, 0x0000018ff70d1f70, 0x0000018ff70d1aa0, 0x0000018ff70d32b0,
0x0000018ff70d8950, 0x0000018ff70d4ac0, 0x0000018ff70d7fb0, 0x0000018ff70d5460,
0x0000018ff70d2de0, 0x0000018ff70d7610, 0x0000018ff70d5930, 0x0000018ff70d2910,
0x0000018ff70d2440, 0x0000018ff70d8480, 0x0000018ff70d8e20, 0x0000018ff70d3780,
0x0000018ff70d7140, 0x0000018ff70d3c50, 0x0000018ff70d62d0, 0x0000018ff70d5e00,
0x0000018ff70d67a0, 0x0000018ffa044610, 0x0000018ffa042e00, 0x0000018ffa044ae0,
0x0000018ffa044140, 0x0000018ffa045e20, 0x0000018ffa042930, 0x0000018ffa0415f0,
0x0000018ffa043c70, 0x0000018ffa0462f0, 0x0000018ffa041ac0, 0x0000018ffa0467c0,
0x0000018ffa042460, 0x0000018ffd97dc60, 0x0000018ffd97cdf0, 0x0000018f80ee90a0,
0x0000018ffdec3160
}

Java Threads: ( => current thread )
  0x0000018fd8b992e0 JavaThread "main" [_thread_blocked, id=16708, stack(0x0000001896600000,0x0000001896700000)]
  0x0000018ff6509b30 JavaThread "Reference Handler" daemon [_thread_blocked, id=7440, stack(0x0000001896e00000,0x0000001896f00000)]
  0x0000018ff650a5f0 JavaThread "Finalizer" daemon [_thread_blocked, id=5832, stack(0x0000001896f00000,0x0000001897000000)]
  0x0000018ff6521710 JavaThread "Signal Dispatcher" daemon [_thread_blocked, id=13784, stack(0x0000001897000000,0x0000001897100000)]
  0x0000018ff6523fe0 JavaThread "Attach Listener" daemon [_thread_blocked, id=15852, stack(0x0000001897100000,0x0000001897200000)]
  0x0000018ff65258b0 JavaThread "Service Thread" daemon [_thread_blocked, id=6128, stack(0x0000001897200000,0x0000001897300000)]
  0x0000018ff6526170 JavaThread "Monitor Deflation Thread" daemon [_thread_blocked, id=13640, stack(0x0000001897300000,0x0000001897400000)]
  0x0000018ff6526d60 JavaThread "C2 CompilerThread0" daemon [_thread_blocked, id=14952, stack(0x0000001897400000,0x0000001897500000)]
  0x0000018ff7010110 JavaThread "C1 CompilerThread0" daemon [_thread_blocked, id=17228, stack(0x0000001897500000,0x0000001897600000)]
  0x0000018ff655eae0 JavaThread "Sweeper thread" daemon [_thread_blocked, id=2604, stack(0x0000001897600000,0x0000001897700000)]
  0x0000018ff709c050 JavaThread "Common-Cleaner" daemon [_thread_blocked, id=10008, stack(0x0000001897700000,0x0000001897800000)]
  0x0000018ff709c520 JavaThread "Notification Thread" daemon [_thread_blocked, id=11104, stack(0x0000001897800000,0x0000001897900000)]
  0x0000018ff833a910 JavaThread "Daemon health stats" [_thread_blocked, id=5784, stack(0x0000001897d00000,0x0000001897e00000)]
  0x0000018ff820bdf0 JavaThread "Incoming local TCP Connector on port 65366" [_thread_in_native, id=4280, stack(0x0000001897e00000,0x0000001897f00000)]
  0x0000018ff702ee50 JavaThread "Daemon periodic checks" [_thread_blocked, id=5848, stack(0x0000001898000000,0x0000001898100000)]
  0x0000018ff702f320 JavaThread "Daemon" [_thread_blocked, id=16272, stack(0x0000001898100000,0x0000001898200000)]
  0x0000018ff7e232d0 JavaThread "Handler for socket connection from /127.0.0.1:65366 to /127.0.0.1:65367" [_thread_in_native, id=7056, stack(0x0000001898200000,0x0000001898300000)]
  0x0000018ff6552b20 JavaThread "Cancel handler" [_thread_blocked, id=17716, stack(0x0000001897f00000,0x0000001898000000)]
  0x0000018ff6552ff0 JavaThread "Daemon worker" [_thread_blocked, id=4264, stack(0x0000001898300000,0x0000001898400000)]
  0x0000018ff65551a0 JavaThread "Asynchronous log dispatcher for DefaultDaemonConnection: socket connection from /127.0.0.1:65366 to /127.0.0.1:65367" [_thread_blocked, id=4160, stack(0x0000001898400000,0x0000001898500000)]
  0x0000018ff6553e60 JavaThread "Stdin handler" [_thread_blocked, id=1396, stack(0x0000001898500000,0x0000001898600000)]
  0x0000018ff6556010 JavaThread "Daemon client event forwarder" [_thread_blocked, id=10584, stack(0x0000001898600000,0x0000001898700000)]
  0x0000018ff6555b40 JavaThread "Cache worker for journal cache (C:\Users\ss\.gradle\caches\journal-1)" [_thread_blocked, id=17364, stack(0x0000001898700000,0x0000001898800000)]
  0x0000018ff6554cd0 JavaThread "File lock request listener" [_thread_in_native, id=18708, stack(0x0000001898800000,0x0000001898900000)]
  0x0000018ff6554800 JavaThread "Cache worker for file hash cache (C:\Users\ss\.gradle\caches\7.3.3\fileHashes)" [_thread_blocked, id=15552, stack(0x0000001898900000,0x0000001898a00000)]
  0x0000018ff65564e0 JavaThread "Cache worker for file hash cache (C:\Users\ss\Desktop\teachers-vision\android\.gradle\7.3.3\fileHashes)" [_thread_blocked, id=352, stack(0x0000001898a00000,0x0000001898b00000)]
  0x0000018ff6554330 JavaThread "File watcher server" daemon [_thread_in_native, id=16788, stack(0x0000001898c00000,0x0000001898d00000)]
  0x0000018ff65534c0 JavaThread "File watcher consumer" daemon [_thread_blocked, id=9140, stack(0x0000001898d00000,0x0000001898e00000)]
  0x0000018ff6555670 JavaThread "Cache worker for checksums cache (C:\Users\ss\Desktop\teachers-vision\android\.gradle\7.3.3\checksums)" [_thread_blocked, id=13936, stack(0x0000001898e00000,0x0000001898f00000)]
  0x0000018ffa31a740 JavaThread "Cache worker for cache directory md-supplier (C:\Users\ss\.gradle\caches\7.3.3\md-supplier)" [_thread_blocked, id=13580, stack(0x0000001898f00000,0x0000001899000000)]
  0x0000018ffa31ac10 JavaThread "Cache worker for cache directory md-rule (C:\Users\ss\.gradle\caches\7.3.3\md-rule)" [_thread_blocked, id=20340, stack(0x0000001899000000,0x0000001899100000)]
  0x0000018ffa31cdc0 JavaThread "Cache worker for execution history cache (C:\Users\ss\.gradle\caches\7.3.3\executionHistory)" [_thread_blocked, id=16604, stack(0x0000001899100000,0x0000001899200000)]
  0x0000018ffa31bf50 JavaThread "jar transforms" [_thread_blocked, id=20936, stack(0x0000001899200000,0x0000001899300000)]
  0x0000018ffa31b5b0 JavaThread "jar transforms Thread 2" [_thread_blocked, id=668, stack(0x0000001899300000,0x0000001899400000)]
  0x0000018ffa31ba80 JavaThread "Cache worker for file content cache (C:\Users\ss\.gradle\caches\7.3.3\fileContent)" [_thread_blocked, id=11952, stack(0x0000001899400000,0x0000001899500000)]
  0x0000018ffa31c8f0 JavaThread "jar transforms Thread 3" [_thread_blocked, id=12768, stack(0x0000001899700000,0x0000001899800000)]
  0x0000018ffa318590 JavaThread "jar transforms Thread 4" [_thread_blocked, id=4156, stack(0x0000001899800000,0x0000001899900000)]
  0x0000018ffa31d290 JavaThread "Cache worker for kotlin-dsl (C:\Users\ss\.gradle\caches\7.3.3\kotlin-dsl)" [_thread_blocked, id=19608, stack(0x0000001896700000,0x0000001896800000)]
  0x0000018ffa31e100 JavaThread "Cache worker for dependencies-accessors (C:\Users\ss\Desktop\teachers-vision\android\.gradle\7.3.3\dependencies-accessors)" [_thread_blocked, id=10532, stack(0x0000001896500000,0x0000001896600000)]
  0x0000018ffa31dc30 JavaThread "Cache worker for Build Output Cleanup Cache (C:\Users\ss\Desktop\teachers-vision\node_modules\react-native-gradle-plugin\.gradle\buildOutputCleanup)" [_thread_blocked, id=19724, stack(0x0000001899900000,0x0000001899a00000)]
  0x0000018ffa3168b0 JavaThread "Unconstrained build operations" [_thread_blocked, id=18592, stack(0x0000001899a00000,0x0000001899b00000)]
  0x0000018ffa316d80 JavaThread "Unconstrained build operations Thread 2" [_thread_blocked, id=1500, stack(0x0000001899b00000,0x0000001899c00000)]
  0x0000018ffa317250 JavaThread "Unconstrained build operations Thread 3" [_thread_blocked, id=19800, stack(0x0000001899c00000,0x0000001899d00000)]
  0x0000018ffa317720 JavaThread "Unconstrained build operations Thread 4" [_thread_blocked, id=12776, stack(0x0000001899d00000,0x0000001899e00000)]
  0x0000018ffa3180c0 JavaThread "Unconstrained build operations Thread 5" [_thread_blocked, id=11700, stack(0x0000001899e00000,0x0000001899f00000)]
  0x0000018ffa318a60 JavaThread "Unconstrained build operations Thread 6" [_thread_blocked, id=10884, stack(0x0000001899f00000,0x000000189a000000)]
  0x0000018ffa319400 JavaThread "Unconstrained build operations Thread 7" [_thread_blocked, id=9444, stack(0x000000189a000000,0x000000189a100000)]
  0x0000018ffa3198d0 JavaThread "Unconstrained build operations Thread 8" [_thread_blocked, id=15436, stack(0x000000189a100000,0x000000189a200000)]
  0x0000018ff70d4f90 JavaThread "Unconstrained build operations Thread 9" [_thread_blocked, id=18464, stack(0x000000189a200000,0x000000189a300000)]
  0x0000018ff70d92f0 JavaThread "Unconstrained build operations Thread 10" [_thread_blocked, id=21156, stack(0x000000189a300000,0x000000189a400000)]
  0x0000018ff70d6c70 JavaThread "Unconstrained build operations Thread 11" [_thread_blocked, id=5404, stack(0x000000189a400000,0x000000189a500000)]
  0x0000018ff70d4120 JavaThread "Unconstrained build operations Thread 12" [_thread_blocked, id=21424, stack(0x000000189a500000,0x000000189a600000)]
  0x0000018ff70d45f0 JavaThread "Unconstrained build operations Thread 13" [_thread_blocked, id=11860, stack(0x000000189a600000,0x000000189a700000)]
  0x0000018ff70d1f70 JavaThread "Unconstrained build operations Thread 14" [_thread_blocked, id=18348, stack(0x000000189a700000,0x000000189a800000)]
  0x0000018ff70d1aa0 JavaThread "Unconstrained build operations Thread 15" [_thread_blocked, id=21124, stack(0x000000189a800000,0x000000189a900000)]
  0x0000018ff70d32b0 JavaThread "Unconstrained build operations Thread 16" [_thread_blocked, id=7084, stack(0x000000189a900000,0x000000189aa00000)]
  0x0000018ff70d8950 JavaThread "Unconstrained build operations Thread 17" [_thread_blocked, id=20652, stack(0x000000189aa00000,0x000000189ab00000)]
  0x0000018ff70d4ac0 JavaThread "Unconstrained build operations Thread 18" [_thread_blocked, id=21320, stack(0x000000189ab00000,0x000000189ac00000)]
  0x0000018ff70d7fb0 JavaThread "Unconstrained build operations Thread 19" [_thread_blocked, id=19348, stack(0x000000189ac00000,0x000000189ad00000)]
  0x0000018ff70d5460 JavaThread "Unconstrained build operations Thread 20" [_thread_blocked, id=5628, stack(0x000000189ad00000,0x000000189ae00000)]
  0x0000018ff70d2de0 JavaThread "Unconstrained build operations Thread 21" [_thread_blocked, id=20656, stack(0x000000189ae00000,0x000000189af00000)]
  0x0000018ff70d7610 JavaThread "Unconstrained build operations Thread 22" [_thread_blocked, id=21276, stack(0x000000189af00000,0x000000189b000000)]
  0x0000018ff70d5930 JavaThread "Unconstrained build operations Thread 23" [_thread_blocked, id=21380, stack(0x000000189b000000,0x000000189b100000)]
  0x0000018ff70d2910 JavaThread "Unconstrained build operations Thread 24" [_thread_blocked, id=13152, stack(0x000000189b100000,0x000000189b200000)]
  0x0000018ff70d2440 JavaThread "Unconstrained build operations Thread 25" [_thread_blocked, id=17628, stack(0x000000189b200000,0x000000189b300000)]
  0x0000018ff70d8480 JavaThread "Unconstrained build operations Thread 26" [_thread_blocked, id=8632, stack(0x000000189b300000,0x000000189b400000)]
  0x0000018ff70d8e20 JavaThread "Unconstrained build operations Thread 27" [_thread_blocked, id=20132, stack(0x000000189b400000,0x000000189b500000)]
  0x0000018ff70d3780 JavaThread "Unconstrained build operations Thread 28" [_thread_blocked, id=18884, stack(0x000000189b500000,0x000000189b600000)]
  0x0000018ff70d7140 JavaThread "Unconstrained build operations Thread 29" [_thread_blocked, id=16952, stack(0x000000189b600000,0x000000189b700000)]
  0x0000018ff70d3c50 JavaThread "Unconstrained build operations Thread 30" [_thread_blocked, id=2236, stack(0x000000189b700000,0x000000189b800000)]
  0x0000018ff70d62d0 JavaThread "Unconstrained build operations Thread 31" [_thread_blocked, id=16976, stack(0x000000189b800000,0x000000189b900000)]
  0x0000018ff70d5e00 JavaThread "Unconstrained build operations Thread 32" [_thread_blocked, id=16756, stack(0x000000189b900000,0x000000189ba00000)]
  0x0000018ff70d67a0 JavaThread "Unconstrained build operations Thread 33" [_thread_blocked, id=21384, stack(0x000000189ba00000,0x000000189bb00000)]
  0x0000018ffa044610 JavaThread "build event listener" [_thread_blocked, id=17928, stack(0x000000189bb00000,0x000000189bc00000)]
  0x0000018ffa042e00 JavaThread "Memory manager" [_thread_blocked, id=20856, stack(0x000000189bc00000,0x000000189bd00000)]
  0x0000018ffa044ae0 JavaThread "Cache worker for Build Output Cleanup Cache (C:\Users\ss\Desktop\teachers-vision\android\.gradle\buildOutputCleanup)" [_thread_blocked, id=21776, stack(0x000000189bd00000,0x000000189be00000)]
  0x0000018ffa044140 JavaThread "Cache worker for execution history cache (C:\Users\ss\Desktop\teachers-vision\node_modules\react-native-gradle-plugin\.gradle\7.3.3\executionHistory)" [_thread_blocked, id=21628, stack(0x000000189c100000,0x000000189c200000)]
  0x0000018ffa045e20 JavaThread "Unconstrained build operations Thread 34" [_thread_blocked, id=22356, stack(0x000000189c200000,0x000000189c300000)]
  0x0000018ffa042930 JavaThread "Unconstrained build operations Thread 35" [_thread_blocked, id=22352, stack(0x000000189c300000,0x000000189c400000)]
  0x0000018ffa0415f0 JavaThread "Unconstrained build operations Thread 36" [_thread_blocked, id=22284, stack(0x000000189c400000,0x000000189c500000)]
  0x0000018ffa043c70 JavaThread "Unconstrained build operations Thread 37" [_thread_blocked, id=8016, stack(0x000000189c500000,0x000000189c600000)]
  0x0000018ffa0462f0 JavaThread "Unconstrained build operations Thread 38" [_thread_blocked, id=20120, stack(0x000000189c600000,0x000000189c700000)]
  0x0000018ffa041ac0 JavaThread "Unconstrained build operations Thread 39" [_thread_blocked, id=21524, stack(0x000000189c700000,0x000000189c800000)]
  0x0000018ffa0467c0 JavaThread "Unconstrained build operations Thread 40" [_thread_blocked, id=21624, stack(0x000000189c800000,0x000000189c900000)]
  0x0000018ffa042460 JavaThread "File lock release action executor Thread 3" [_thread_blocked, id=22844, stack(0x0000001899500000,0x0000001899600000)]
  0x0000018ffd97dc60 JavaThread "build event listener" [_thread_blocked, id=21220, stack(0x000000189be00000,0x000000189bf00000)]
  0x0000018ffd97cdf0 JavaThread "build event listener" [_thread_blocked, id=24000, stack(0x0000001898b00000,0x0000001898c00000)]
  0x0000018f80ee90a0 JavaThread "build event listener" [_thread_blocked, id=8992, stack(0x0000001899600000,0x0000001899700000)]
  0x0000018ffdec3160 JavaThread "C2 CompilerThread1" daemon [_thread_blocked, id=7296, stack(0x000000189bf00000,0x000000189c000000)]

Other Threads:
=>0x0000018ff6502d20 VMThread "VM Thread" [stack: 0x0000001896d00000,0x0000001896e00000] [id=5336]
  0x0000018ff709ea00 WatcherThread [stack: 0x0000001897900000,0x0000001897a00000] [id=20472]
  0x0000018fd8bf0df0 GCTaskThread "GC Thread#0" [stack: 0x0000001896800000,0x0000001896900000] [id=16632]
  0x0000018ff73feac0 GCTaskThread "GC Thread#1" [stack: 0x0000001897a00000,0x0000001897b00000] [id=15164]
  0x0000018ff73a7610 GCTaskThread "GC Thread#2" [stack: 0x0000001897b00000,0x0000001897c00000] [id=5720]
  0x0000018ff734f0b0 GCTaskThread "GC Thread#3" [stack: 0x0000001897c00000,0x0000001897d00000] [id=12352]
  0x0000018fd8c01ae0 ConcurrentGCThread "G1 Main Marker" [stack: 0x0000001896900000,0x0000001896a00000] [id=7860]
  0x0000018fd8c032b0 ConcurrentGCThread "G1 Conc#0" [stack: 0x0000001896a00000,0x0000001896b00000] [id=16992]
  0x0000018fd8c6d6b0 ConcurrentGCThread "G1 Refine#0" [stack: 0x0000001896b00000,0x0000001896c00000] [id=10340]
  0x0000018fd8c6de80 ConcurrentGCThread "G1 Service" [stack: 0x0000001896c00000,0x0000001896d00000] [id=19192]

Threads with active compile tasks:

VM state: at safepoint (normal execution)

VM Mutex/Monitor currently owned by a thread:  ([mutex/lock_event])
[0x0000018fd8b93a40] Threads_lock - owner thread: 0x0000018ff6502d20
[0x0000018fd8b95390] Heap_lock - owner thread: 0x0000018fd8c01ae0

Heap address: 0x0000000080000000, size: 2048 MB, Compressed Oops mode: 32-bit

CDS archive(s) mapped at: [0x0000000800000000-0x0000000800bd0000-0x0000000800bd0000), size 12386304, SharedBaseAddress: 0x0000000800000000, ArchiveRelocationMode: 0.
Compressed class space mapped at: 0x0000000800c00000-0x000000081a800000, reserved size: 432013312
Narrow klass base: 0x0000000800000000, Narrow klass shift: 0, Narrow klass range: 0x100000000

GC Precious Log:
 CPUs: 4 total, 4 available
 Memory: 16263M
 Large Page Support: Disabled
 NUMA Support: Disabled
 Compressed Oops: Enabled (32-bit)
 Heap Region Size: 1M
 Heap Min Capacity: 8M
 Heap Initial Capacity: 256M
 Heap Max Capacity: 2G
 Pre-touch: Disabled
 Parallel Workers: 4
 Concurrent Workers: 1
 Concurrent Refinement Workers: 4
 Periodic GC: Disabled

Heap:
 garbage-first heap   total 295936K, used 260543K [0x0000000080000000, 0x0000000100000000)
  region size 1024K, 4 young (4096K), 2 survivors (2048K)
 Metaspace       used 105954K, committed 107840K, reserved 520192K
  class space    used 14488K, committed 15360K, reserved 421888K

Heap Regions: E=young(eden), S=young(survivor), O=old, HS=humongous(starts), HC=humongous(continues), CS=collection set, F=free, OA=open archive, CA=closed archive, TAMS=top-at-mark-start (previous, next)
|   0|0x0000000080000000, 0x0000000080100000, 0x0000000080100000|100%|HS|  |TAMS 0x0000000080100000, 0x0000000080000000| Complete 
|   1|0x0000000080100000, 0x0000000080200000, 0x0000000080200000|100%|HC|  |TAMS 0x0000000080200000, 0x0000000080100000| Complete 
|   2|0x0000000080200000, 0x0000000080300000, 0x0000000080300000|100%|HC|  |TAMS 0x0000000080300000, 0x0000000080200000| Complete 
|   3|0x0000000080300000, 0x0000000080400000, 0x0000000080400000|100%| O|  |TAMS 0x0000000080400000, 0x0000000080300000| Untracked 
|   4|0x0000000080400000, 0x0000000080500000, 0x0000000080500000|100%| O|  |TAMS 0x0000000080500000, 0x0000000080400000| Untracked 
|   5|0x0000000080500000, 0x0000000080600000, 0x0000000080600000|100%| O|  |TAMS 0x0000000080600000, 0x0000000080500000| Untracked 
|   6|0x0000000080600000, 0x0000000080700000, 0x0000000080700000|100%| O|  |TAMS 0x0000000080700000, 0x0000000080600000| Untracked 
|   7|0x0000000080700000, 0x0000000080800000, 0x0000000080800000|100%| O|  |TAMS 0x0000000080800000, 0x0000000080700000| Updating 
|   8|0x0000000080800000, 0x0000000080900000, 0x0000000080900000|100%| O|  |TAMS 0x0000000080900000, 0x0000000080800000| Untracked 
|   9|0x0000000080900000, 0x0000000080a00000, 0x0000000080a00000|100%| O|  |TAMS 0x0000000080a00000, 0x0000000080900000| Untracked 
|  10|0x0000000080a00000, 0x0000000080adfe00, 0x0000000080b00000| 87%| O|  |TAMS 0x0000000080adfe00, 0x0000000080a00000| Updating 
|  11|0x0000000080b00000, 0x0000000080c00000, 0x0000000080c00000|100%| O|  |TAMS 0x0000000080c00000, 0x0000000080b00000| Untracked 
|  12|0x0000000080c00000, 0x0000000080d00000, 0x0000000080d00000|100%| O|  |TAMS 0x0000000080d00000, 0x0000000080c00000| Untracked 
|  13|0x0000000080d00000, 0x0000000080e00000, 0x0000000080e00000|100%| O|  |TAMS 0x0000000080e00000, 0x0000000080d00000| Untracked 
|  14|0x0000000080e00000, 0x0000000080f00000, 0x0000000080f00000|100%| O|  |TAMS 0x0000000080f00000, 0x0000000080e00000| Untracked 
|  15|0x0000000080f00000, 0x0000000081000000, 0x0000000081000000|100%| O|  |TAMS 0x0000000081000000, 0x0000000080f00000| Untracked 
|  16|0x0000000081000000, 0x0000000081100000, 0x0000000081100000|100%| O|  |TAMS 0x0000000081100000, 0x0000000081000000| Untracked 
|  17|0x0000000081100000, 0x0000000081200000, 0x0000000081200000|100%| O|  |TAMS 0x0000000081200000, 0x0000000081100000| Untracked 
|  18|0x0000000081200000, 0x0000000081300000, 0x0000000081300000|100%| O|  |TAMS 0x0000000081300000, 0x0000000081200000| Untracked 
|  19|0x0000000081300000, 0x0000000081400000, 0x0000000081400000|100%| O|  |TAMS 0x0000000081400000, 0x0000000081300000| Untracked 
|  20|0x0000000081400000, 0x0000000081500000, 0x0000000081500000|100%| O|  |TAMS 0x0000000081500000, 0x0000000081400000| Untracked 
|  21|0x0000000081500000, 0x0000000081600000, 0x0000000081600000|100%| O|  |TAMS 0x0000000081600000, 0x0000000081500000| Untracked 
|  22|0x0000000081600000, 0x0000000081700000, 0x0000000081700000|100%| O|  |TAMS 0x0000000081700000, 0x0000000081600000| Updating 
|  23|0x0000000081700000, 0x0000000081800000, 0x0000000081800000|100%| O|  |TAMS 0x0000000081800000, 0x0000000081700000| Untracked 
|  24|0x0000000081800000, 0x0000000081900000, 0x0000000081900000|100%| O|  |TAMS 0x0000000081900000, 0x0000000081800000| Untracked 
|  25|0x0000000081900000, 0x0000000081a00000, 0x0000000081a00000|100%| O|  |TAMS 0x0000000081a00000, 0x0000000081900000| Untracked 
|  26|0x0000000081a00000, 0x0000000081b00000, 0x0000000081b00000|100%| O|  |TAMS 0x0000000081b00000, 0x0000000081a00000| Untracked 
|  27|0x0000000081b00000, 0x0000000081c00000, 0x0000000081c00000|100%| O|  |TAMS 0x0000000081c00000, 0x0000000081b00000| Untracked 
|  28|0x0000000081c00000, 0x0000000081d00000, 0x0000000081d00000|100%| O|  |TAMS 0x0000000081d00000, 0x0000000081c00000| Untracked 
|  29|0x0000000081d00000, 0x0000000081e00000, 0x0000000081e00000|100%| O|  |TAMS 0x0000000081e00000, 0x0000000081d00000| Untracked 
|  30|0x0000000081e00000, 0x0000000081f00000, 0x0000000081f00000|100%| O|  |TAMS 0x0000000081f00000, 0x0000000081e00000| Untracked 
|  31|0x0000000081f00000, 0x0000000082000000, 0x0000000082000000|100%| O|  |TAMS 0x0000000082000000, 0x0000000081f00000| Updating 
|  32|0x0000000082000000, 0x0000000082100000, 0x0000000082100000|100%| O|  |TAMS 0x0000000082100000, 0x0000000082000000| Untracked 
|  33|0x0000000082100000, 0x0000000082200000, 0x0000000082200000|100%| O|  |TAMS 0x0000000082200000, 0x0000000082100000| Untracked 
|  34|0x0000000082200000, 0x0000000082300000, 0x0000000082300000|100%|HS|  |TAMS 0x0000000082300000, 0x0000000082200000| Complete 
|  35|0x0000000082300000, 0x0000000082400000, 0x0000000082400000|100%| O|  |TAMS 0x0000000082400000, 0x0000000082300000| Updating 
|  36|0x0000000082400000, 0x0000000082500000, 0x0000000082500000|100%|HS|  |TAMS 0x0000000082500000, 0x0000000082400000| Complete 
|  37|0x0000000082500000, 0x0000000082600000, 0x0000000082600000|100%|HC|  |TAMS 0x0000000082600000, 0x0000000082500000| Complete 
|  38|0x0000000082600000, 0x0000000082700000, 0x0000000082700000|100%|HC|  |TAMS 0x0000000082700000, 0x0000000082600000| Complete 
|  39|0x0000000082700000, 0x0000000082800000, 0x0000000082800000|100%| O|  |TAMS 0x0000000082800000, 0x0000000082700000| Untracked 
|  40|0x0000000082800000, 0x0000000082900000, 0x0000000082900000|100%| O|  |TAMS 0x0000000082900000, 0x0000000082800000| Untracked 
|  41|0x0000000082900000, 0x0000000082a00000, 0x0000000082a00000|100%| O|  |TAMS 0x0000000082a00000, 0x0000000082900000| Untracked 
|  42|0x0000000082a00000, 0x0000000082b00000, 0x0000000082b00000|100%| O|  |TAMS 0x0000000082b00000, 0x0000000082a00000| Untracked 
|  43|0x0000000082b00000, 0x0000000082c00000, 0x0000000082c00000|100%| O|  |TAMS 0x0000000082c00000, 0x0000000082b00000| Untracked 
|  44|0x0000000082c00000, 0x0000000082d00000, 0x0000000082d00000|100%| O|  |TAMS 0x0000000082d00000, 0x0000000082c00000| Untracked 
|  45|0x0000000082d00000, 0x0000000082e00000, 0x0000000082e00000|100%| O|  |TAMS 0x0000000082e00000, 0x0000000082d00000| Untracked 
|  46|0x0000000082e00000, 0x0000000082f00000, 0x0000000082f00000|100%| O|  |TAMS 0x0000000082f00000, 0x0000000082e00000| Untracked 
|  47|0x0000000082f00000, 0x0000000083000000, 0x0000000083000000|100%| O|  |TAMS 0x0000000083000000, 0x0000000082f00000| Updating 
|  48|0x0000000083000000, 0x0000000083100000, 0x0000000083100000|100%| O|  |TAMS 0x0000000083100000, 0x0000000083000000| Untracked 
|  49|0x0000000083100000, 0x0000000083200000, 0x0000000083200000|100%| O|  |TAMS 0x0000000083200000, 0x0000000083100000| Updating 
|  50|0x0000000083200000, 0x0000000083300000, 0x0000000083300000|100%| O|  |TAMS 0x0000000083300000, 0x0000000083200000| Untracked 
|  51|0x0000000083300000, 0x0000000083400000, 0x0000000083400000|100%| O|  |TAMS 0x0000000083400000, 0x0000000083300000| Untracked 
|  52|0x0000000083400000, 0x0000000083500000, 0x0000000083500000|100%| O|  |TAMS 0x0000000083500000, 0x0000000083400000| Untracked 
|  53|0x0000000083500000, 0x0000000083600000, 0x0000000083600000|100%|HS|  |TAMS 0x0000000083600000, 0x0000000083500000| Complete 
|  54|0x0000000083600000, 0x0000000083700000, 0x0000000083700000|100%|HS|  |TAMS 0x0000000083700000, 0x0000000083600000| Complete 
|  55|0x0000000083700000, 0x0000000083800000, 0x0000000083800000|100%|HS|  |TAMS 0x0000000083800000, 0x0000000083700000| Complete 
|  56|0x0000000083800000, 0x0000000083900000, 0x0000000083900000|100%| O|  |TAMS 0x0000000083900000, 0x0000000083800000| Untracked 
|  57|0x0000000083900000, 0x0000000083a00000, 0x0000000083a00000|100%| O|  |TAMS 0x0000000083a00000, 0x0000000083900000| Updating 
|  58|0x0000000083a00000, 0x0000000083b00000, 0x0000000083b00000|100%|HS|  |TAMS 0x0000000083b00000, 0x0000000083a00000| Complete 
|  59|0x0000000083b00000, 0x0000000083c00000, 0x0000000083c00000|100%|HC|  |TAMS 0x0000000083c00000, 0x0000000083b00000| Complete 
|  60|0x0000000083c00000, 0x0000000083d00000, 0x0000000083d00000|100%| O|  |TAMS 0x0000000083d00000, 0x0000000083c00000| Untracked 
|  61|0x0000000083d00000, 0x0000000083e00000, 0x0000000083e00000|100%| O|  |TAMS 0x0000000083e00000, 0x0000000083d00000| Untracked 
|  62|0x0000000083e00000, 0x0000000083f00000, 0x0000000083f00000|100%| O|  |TAMS 0x0000000083f00000, 0x0000000083e00000| Untracked 
|  63|0x0000000083f00000, 0x0000000084000000, 0x0000000084000000|100%| O|  |TAMS 0x0000000084000000, 0x0000000083f00000| Updating 
|  64|0x0000000084000000, 0x0000000084100000, 0x0000000084100000|100%| O|  |TAMS 0x0000000084100000, 0x0000000084000000| Untracked 
|  65|0x0000000084100000, 0x0000000084200000, 0x0000000084200000|100%| O|  |TAMS 0x0000000084200000, 0x0000000084100000| Untracked 
|  66|0x0000000084200000, 0x0000000084300000, 0x0000000084300000|100%| O|  |TAMS 0x0000000084300000, 0x0000000084200000| Untracked 
|  67|0x0000000084300000, 0x0000000084400000, 0x0000000084400000|100%| O|  |TAMS 0x0000000084400000, 0x0000000084300000| Untracked 
|  68|0x0000000084400000, 0x0000000084500000, 0x0000000084500000|100%| O|  |TAMS 0x0000000084500000, 0x0000000084400000| Untracked 
|  69|0x0000000084500000, 0x0000000084600000, 0x0000000084600000|100%| O|  |TAMS 0x0000000084600000, 0x0000000084500000| Untracked 
|  70|0x0000000084600000, 0x0000000084700000, 0x0000000084700000|100%| O|  |TAMS 0x0000000084700000, 0x0000000084600000| Untracked 
|  71|0x0000000084700000, 0x0000000084800000, 0x0000000084800000|100%| O|  |TAMS 0x0000000084800000, 0x0000000084700000| Untracked 
|  72|0x0000000084800000, 0x0000000084900000, 0x0000000084900000|100%| O|  |TAMS 0x0000000084900000, 0x0000000084800000| Updating 
|  73|0x0000000084900000, 0x0000000084a00000, 0x0000000084a00000|100%| O|  |TAMS 0x0000000084a00000, 0x0000000084900000| Untracked 
|  74|0x0000000084a00000, 0x0000000084b00000, 0x0000000084b00000|100%| O|  |TAMS 0x0000000084b00000, 0x0000000084a00000| Untracked 
|  75|0x0000000084b00000, 0x0000000084c00000, 0x0000000084c00000|100%| O|  |TAMS 0x0000000084c00000, 0x0000000084b00000| Untracked 
|  76|0x0000000084c00000, 0x0000000084d00000, 0x0000000084d00000|100%| O|  |TAMS 0x0000000084d00000, 0x0000000084c00000| Untracked 
|  77|0x0000000084d00000, 0x0000000084e00000, 0x0000000084e00000|100%| O|  |TAMS 0x0000000084e00000, 0x0000000084d00000| Untracked 
|  78|0x0000000084e00000, 0x0000000084f00000, 0x0000000084f00000|100%| O|  |TAMS 0x0000000084f00000, 0x0000000084e00000| Untracked 
|  79|0x0000000084f00000, 0x0000000085000000, 0x0000000085000000|100%| O|  |TAMS 0x0000000085000000, 0x0000000084f00000| Untracked 
|  80|0x0000000085000000, 0x0000000085100000, 0x0000000085100000|100%| O|  |TAMS 0x0000000085100000, 0x0000000085000000| Updating 
|  81|0x0000000085100000, 0x0000000085200000, 0x0000000085200000|100%| O|  |TAMS 0x0000000085200000, 0x0000000085100000| Untracked 
|  82|0x0000000085200000, 0x0000000085300000, 0x0000000085300000|100%| O|  |TAMS 0x0000000085300000, 0x0000000085200000| Untracked 
|  83|0x0000000085300000, 0x0000000085400000, 0x0000000085400000|100%| O|  |TAMS 0x0000000085400000, 0x0000000085300000| Untracked 
|  84|0x0000000085400000, 0x0000000085500000, 0x0000000085500000|100%| O|  |TAMS 0x0000000085500000, 0x0000000085400000| Untracked 
|  85|0x0000000085500000, 0x0000000085600000, 0x0000000085600000|100%| O|  |TAMS 0x0000000085600000, 0x0000000085500000| Updating 
|  86|0x0000000085600000, 0x0000000085700000, 0x0000000085700000|100%| O|  |TAMS 0x0000000085700000, 0x0000000085600000| Untracked 
|  87|0x0000000085700000, 0x0000000085800000, 0x0000000085800000|100%| O|  |TAMS 0x0000000085800000, 0x0000000085700000| Untracked 
|  88|0x0000000085800000, 0x0000000085900000, 0x0000000085900000|100%| O|  |TAMS 0x0000000085900000, 0x0000000085800000| Updating 
|  89|0x0000000085900000, 0x0000000085a00000, 0x0000000085a00000|100%| O|  |TAMS 0x0000000085a00000, 0x0000000085900000| Untracked 
|  90|0x0000000085a00000, 0x0000000085b00000, 0x0000000085b00000|100%| O|  |TAMS 0x0000000085b00000, 0x0000000085a00000| Untracked 
|  91|0x0000000085b00000, 0x0000000085c00000, 0x0000000085c00000|100%| O|  |TAMS 0x0000000085c00000, 0x0000000085b00000| Untracked 
|  92|0x0000000085c00000, 0x0000000085d00000, 0x0000000085d00000|100%| O|  |TAMS 0x0000000085d00000, 0x0000000085c00000| Untracked 
|  93|0x0000000085d00000, 0x0000000085e00000, 0x0000000085e00000|100%| O|  |TAMS 0x0000000085e00000, 0x0000000085d00000| Untracked 
|  94|0x0000000085e00000, 0x0000000085f00000, 0x0000000085f00000|100%| O|  |TAMS 0x0000000085f00000, 0x0000000085e00000| Updating 
|  95|0x0000000085f00000, 0x0000000086000000, 0x0000000086000000|100%| O|  |TAMS 0x0000000086000000, 0x0000000085f00000| Untracked 
|  96|0x0000000086000000, 0x0000000086100000, 0x0000000086100000|100%| O|  |TAMS 0x0000000086100000, 0x0000000086000000| Untracked 
|  97|0x0000000086100000, 0x0000000086200000, 0x0000000086200000|100%| O|  |TAMS 0x0000000086200000, 0x0000000086100000| Updating 
|  98|0x0000000086200000, 0x0000000086300000, 0x0000000086300000|100%| O|  |TAMS 0x0000000086300000, 0x0000000086200000| Untracked 
|  99|0x0000000086300000, 0x0000000086400000, 0x0000000086400000|100%| O|  |TAMS 0x0000000086400000, 0x0000000086300000| Untracked 
| 100|0x0000000086400000, 0x0000000086500000, 0x0000000086500000|100%| O|  |TAMS 0x0000000086500000, 0x0000000086400000| Updating 
| 101|0x0000000086500000, 0x0000000086600000, 0x0000000086600000|100%| O|  |TAMS 0x0000000086600000, 0x0000000086500000| Untracked 
| 102|0x0000000086600000, 0x0000000086700000, 0x0000000086700000|100%| O|  |TAMS 0x0000000086700000, 0x0000000086600000| Untracked 
| 103|0x0000000086700000, 0x0000000086800000, 0x0000000086800000|100%| O|  |TAMS 0x0000000086800000, 0x0000000086700000| Updating 
| 104|0x0000000086800000, 0x0000000086900000, 0x0000000086900000|100%| O|  |TAMS 0x0000000086900000, 0x0000000086800000| Untracked 
| 105|0x0000000086900000, 0x0000000086a00000, 0x0000000086a00000|100%| O|  |TAMS 0x0000000086a00000, 0x0000000086900000| Untracked 
| 106|0x0000000086a00000, 0x0000000086b00000, 0x0000000086b00000|100%| O|  |TAMS 0x0000000086b00000, 0x0000000086a00000| Updating 
| 107|0x0000000086b00000, 0x0000000086c00000, 0x0000000086c00000|100%| O|  |TAMS 0x0000000086c00000, 0x0000000086b00000| Untracked 
| 108|0x0000000086c00000, 0x0000000086d00000, 0x0000000086d00000|100%| O|  |TAMS 0x0000000086d00000, 0x0000000086c00000| Untracked 
| 109|0x0000000086d00000, 0x0000000086e00000, 0x0000000086e00000|100%| O|  |TAMS 0x0000000086e00000, 0x0000000086d00000| Updating 
| 110|0x0000000086e00000, 0x0000000086f00000, 0x0000000086f00000|100%| O|  |TAMS 0x0000000086f00000, 0x0000000086e00000| Updating 
| 111|0x0000000086f00000, 0x0000000087000000, 0x0000000087000000|100%| O|  |TAMS 0x0000000087000000, 0x0000000086f00000| Untracked 
| 112|0x0000000087000000, 0x0000000087100000, 0x0000000087100000|100%| O|  |TAMS 0x0000000087100000, 0x0000000087000000| Untracked 
| 113|0x0000000087100000, 0x0000000087200000, 0x0000000087200000|100%| O|  |TAMS 0x0000000087200000, 0x0000000087100000| Updating 
| 114|0x0000000087200000, 0x0000000087300000, 0x0000000087300000|100%| O|  |TAMS 0x0000000087300000, 0x0000000087200000| Untracked 
| 115|0x0000000087300000, 0x0000000087400000, 0x0000000087400000|100%| O|  |TAMS 0x0000000087400000, 0x0000000087300000| Untracked 
| 116|0x0000000087400000, 0x0000000087500000, 0x0000000087500000|100%| O|  |TAMS 0x0000000087500000, 0x0000000087400000| Untracked 
| 117|0x0000000087500000, 0x0000000087600000, 0x0000000087600000|100%| O|  |TAMS 0x0000000087600000, 0x0000000087500000| Untracked 
| 118|0x0000000087600000, 0x0000000087700000, 0x0000000087700000|100%| O|  |TAMS 0x0000000087700000, 0x0000000087600000| Untracked 
| 119|0x0000000087700000, 0x0000000087800000, 0x0000000087800000|100%| O|  |TAMS 0x0000000087800000, 0x0000000087700000| Untracked 
| 120|0x0000000087800000, 0x0000000087900000, 0x0000000087900000|100%| O|  |TAMS 0x0000000087900000, 0x0000000087800000| Untracked 
| 121|0x0000000087900000, 0x0000000087a00000, 0x0000000087a00000|100%| O|  |TAMS 0x0000000087a00000, 0x0000000087900000| Untracked 
| 122|0x0000000087a00000, 0x0000000087b00000, 0x0000000087b00000|100%| O|  |TAMS 0x0000000087b00000, 0x0000000087a00000| Untracked 
| 123|0x0000000087b00000, 0x0000000087c00000, 0x0000000087c00000|100%| O|  |TAMS 0x0000000087c00000, 0x0000000087b00000| Untracked 
| 124|0x0000000087c00000, 0x0000000087d00000, 0x0000000087d00000|100%| O|  |TAMS 0x0000000087d00000, 0x0000000087c00000| Untracked 
| 125|0x0000000087d00000, 0x0000000087e00000, 0x0000000087e00000|100%| O|  |TAMS 0x0000000087e00000, 0x0000000087d00000| Untracked 
| 126|0x0000000087e00000, 0x0000000087f00000, 0x0000000087f00000|100%| O|  |TAMS 0x0000000087f00000, 0x0000000087e00000| Updating 
| 127|0x0000000087f00000, 0x0000000088000000, 0x0000000088000000|100%| O|  |TAMS 0x0000000088000000, 0x0000000087f00000| Untracked 
| 128|0x0000000088000000, 0x0000000088100000, 0x0000000088100000|100%| O|  |TAMS 0x0000000088100000, 0x0000000088000000| Untracked 
| 129|0x0000000088100000, 0x0000000088200000, 0x0000000088200000|100%| O|  |TAMS 0x0000000088200000, 0x0000000088100000| Untracked 
| 130|0x0000000088200000, 0x0000000088300000, 0x0000000088300000|100%| O|  |TAMS 0x0000000088300000, 0x0000000088200000| Untracked 
| 131|0x0000000088300000, 0x0000000088400000, 0x0000000088400000|100%| O|  |TAMS 0x0000000088400000, 0x0000000088300000| Untracked 
| 132|0x0000000088400000, 0x0000000088500000, 0x0000000088500000|100%| O|  |TAMS 0x0000000088500000, 0x0000000088400000| Untracked 
| 133|0x0000000088500000, 0x0000000088600000, 0x0000000088600000|100%| O|  |TAMS 0x0000000088600000, 0x0000000088500000| Untracked 
| 134|0x0000000088600000, 0x0000000088700000, 0x0000000088700000|100%| O|  |TAMS 0x0000000088700000, 0x0000000088600000| Untracked 
| 135|0x0000000088700000, 0x0000000088800000, 0x0000000088800000|100%| O|  |TAMS 0x0000000088800000, 0x0000000088700000| Updating 
| 136|0x0000000088800000, 0x0000000088900000, 0x0000000088900000|100%| O|  |TAMS 0x0000000088900000, 0x0000000088800000| Untracked 
| 137|0x0000000088900000, 0x0000000088a00000, 0x0000000088a00000|100%| O|  |TAMS 0x0000000088a00000, 0x0000000088900000| Untracked 
| 138|0x0000000088a00000, 0x0000000088b00000, 0x0000000088b00000|100%| O|  |TAMS 0x0000000088b00000, 0x0000000088a00000| Untracked 
| 139|0x0000000088b00000, 0x0000000088c00000, 0x0000000088c00000|100%| O|  |TAMS 0x0000000088c00000, 0x0000000088b00000| Updating 
| 140|0x0000000088c00000, 0x0000000088d00000, 0x0000000088d00000|100%| O|  |TAMS 0x0000000088d00000, 0x0000000088c00000| Untracked 
| 141|0x0000000088d00000, 0x0000000088e00000, 0x0000000088e00000|100%| O|  |TAMS 0x0000000088e00000, 0x0000000088d00000| Untracked 
| 142|0x0000000088e00000, 0x0000000088f00000, 0x0000000088f00000|100%| O|  |TAMS 0x0000000088f00000, 0x0000000088e00000| Updating 
| 143|0x0000000088f00000, 0x0000000089000000, 0x0000000089000000|100%| O|  |TAMS 0x0000000089000000, 0x0000000088f00000| Untracked 
| 144|0x0000000089000000, 0x0000000089100000, 0x0000000089100000|100%| O|  |TAMS 0x0000000089100000, 0x0000000089000000| Untracked 
| 145|0x0000000089100000, 0x0000000089200000, 0x0000000089200000|100%| O|  |TAMS 0x0000000089200000, 0x0000000089100000| Untracked 
| 146|0x0000000089200000, 0x0000000089300000, 0x0000000089300000|100%| O|  |TAMS 0x0000000089300000, 0x0000000089200000| Untracked 
| 147|0x0000000089300000, 0x0000000089400000, 0x0000000089400000|100%| O|  |TAMS 0x0000000089400000, 0x0000000089300000| Untracked 
| 148|0x0000000089400000, 0x0000000089500000, 0x0000000089500000|100%| O|  |TAMS 0x0000000089500000, 0x0000000089400000| Untracked 
| 149|0x0000000089500000, 0x0000000089600000, 0x0000000089600000|100%| O|  |TAMS 0x0000000089600000, 0x0000000089500000| Updating 
| 150|0x0000000089600000, 0x0000000089700000, 0x0000000089700000|100%| O|  |TAMS 0x0000000089700000, 0x0000000089600000| Untracked 
| 151|0x0000000089700000, 0x0000000089800000, 0x0000000089800000|100%| O|  |TAMS 0x0000000089800000, 0x0000000089700000| Untracked 
| 152|0x0000000089800000, 0x0000000089900000, 0x0000000089900000|100%| O|  |TAMS 0x0000000089900000, 0x0000000089800000| Updating 
| 153|0x0000000089900000, 0x0000000089a00000, 0x0000000089a00000|100%| O|  |TAMS 0x0000000089a00000, 0x0000000089900000| Untracked 
| 154|0x0000000089a00000, 0x0000000089b00000, 0x0000000089b00000|100%| O|  |TAMS 0x0000000089b00000, 0x0000000089a00000| Untracked 
| 155|0x0000000089b00000, 0x0000000089c00000, 0x0000000089c00000|100%| O|  |TAMS 0x0000000089c00000, 0x0000000089b00000| Untracked 
| 156|0x0000000089c00000, 0x0000000089d00000, 0x0000000089d00000|100%| O|  |TAMS 0x0000000089d00000, 0x0000000089c00000| Untracked 
| 157|0x0000000089d00000, 0x0000000089e00000, 0x0000000089e00000|100%| O|  |TAMS 0x0000000089e00000, 0x0000000089d00000| Untracked 
| 158|0x0000000089e00000, 0x0000000089f00000, 0x0000000089f00000|100%| O|  |TAMS 0x0000000089f00000, 0x0000000089e00000| Untracked 
| 159|0x0000000089f00000, 0x000000008a000000, 0x000000008a000000|100%| O|  |TAMS 0x000000008a000000, 0x0000000089f00000| Updating 
| 160|0x000000008a000000, 0x000000008a100000, 0x000000008a100000|100%| O|  |TAMS 0x000000008a100000, 0x000000008a000000| Untracked 
| 161|0x000000008a100000, 0x000000008a200000, 0x000000008a200000|100%| O|  |TAMS 0x000000008a200000, 0x000000008a100000| Untracked 
| 162|0x000000008a200000, 0x000000008a300000, 0x000000008a300000|100%| O|  |TAMS 0x000000008a300000, 0x000000008a200000| Updating 
| 163|0x000000008a300000, 0x000000008a400000, 0x000000008a400000|100%| O|  |TAMS 0x000000008a400000, 0x000000008a300000| Untracked 
| 164|0x000000008a400000, 0x000000008a500000, 0x000000008a500000|100%| O|  |TAMS 0x000000008a500000, 0x000000008a400000| Untracked 
| 165|0x000000008a500000, 0x000000008a600000, 0x000000008a600000|100%| O|  |TAMS 0x000000008a600000, 0x000000008a500000| Updating 
| 166|0x000000008a600000, 0x000000008a700000, 0x000000008a700000|100%| O|  |TAMS 0x000000008a700000, 0x000000008a600000| Untracked 
| 167|0x000000008a700000, 0x000000008a800000, 0x000000008a800000|100%| O|  |TAMS 0x000000008a800000, 0x000000008a700000| Untracked 
| 168|0x000000008a800000, 0x000000008a900000, 0x000000008a900000|100%| O|  |TAMS 0x000000008a900000, 0x000000008a800000| Untracked 
| 169|0x000000008a900000, 0x000000008aa00000, 0x000000008aa00000|100%| O|  |TAMS 0x000000008aa00000, 0x000000008a900000| Updating 
| 170|0x000000008aa00000, 0x000000008ab00000, 0x000000008ab00000|100%| O|  |TAMS 0x000000008ab00000, 0x000000008aa00000| Untracked 
| 171|0x000000008ab00000, 0x000000008ac00000, 0x000000008ac00000|100%| O|  |TAMS 0x000000008ac00000, 0x000000008ab00000| Updating 
| 172|0x000000008ac00000, 0x000000008ad00000, 0x000000008ad00000|100%|HS|  |TAMS 0x000000008ad00000, 0x000000008ac00000| Complete 
| 173|0x000000008ad00000, 0x000000008ae00000, 0x000000008ae00000|100%|HC|  |TAMS 0x000000008ae00000, 0x000000008ad00000| Complete 
| 174|0x000000008ae00000, 0x000000008af00000, 0x000000008af00000|100%|HS|  |TAMS 0x000000008af00000, 0x000000008ae00000| Complete 
| 175|0x000000008af00000, 0x000000008b000000, 0x000000008b000000|100%|HC|  |TAMS 0x000000008b000000, 0x000000008af00000| Complete 
| 176|0x000000008b000000, 0x000000008b100000, 0x000000008b100000|100%| O|  |TAMS 0x000000008b100000, 0x000000008b000000| Untracked 
| 177|0x000000008b100000, 0x000000008b200000, 0x000000008b200000|100%| O|  |TAMS 0x000000008b200000, 0x000000008b100000| Untracked 
| 178|0x000000008b200000, 0x000000008b300000, 0x000000008b300000|100%| O|  |TAMS 0x000000008b300000, 0x000000008b200000| Untracked 
| 179|0x000000008b300000, 0x000000008b400000, 0x000000008b400000|100%| O|  |TAMS 0x000000008b400000, 0x000000008b300000| Untracked 
| 180|0x000000008b400000, 0x000000008b500000, 0x000000008b500000|100%| O|  |TAMS 0x000000008b500000, 0x000000008b400000| Untracked 
| 181|0x000000008b500000, 0x000000008b600000, 0x000000008b600000|100%| O|  |TAMS 0x000000008b600000, 0x000000008b500000| Untracked 
| 182|0x000000008b600000, 0x000000008b700000, 0x000000008b700000|100%| O|  |TAMS 0x000000008b700000, 0x000000008b600000| Untracked 
| 183|0x000000008b700000, 0x000000008b800000, 0x000000008b800000|100%| O|  |TAMS 0x000000008b800000, 0x000000008b700000| Untracked 
| 184|0x000000008b800000, 0x000000008b900000, 0x000000008b900000|100%| O|  |TAMS 0x000000008b900000, 0x000000008b800000| Untracked 
| 185|0x000000008b900000, 0x000000008ba00000, 0x000000008ba00000|100%| O|  |TAMS 0x000000008ba00000, 0x000000008b900000| Untracked 
| 186|0x000000008ba00000, 0x000000008bb00000, 0x000000008bb00000|100%| O|  |TAMS 0x000000008bb00000, 0x000000008ba00000| Untracked 
| 187|0x000000008bb00000, 0x000000008bc00000, 0x000000008bc00000|100%| O|  |TAMS 0x000000008bc00000, 0x000000008bb00000| Untracked 
| 188|0x000000008bc00000, 0x000000008bd00000, 0x000000008bd00000|100%| O|  |TAMS 0x000000008bd00000, 0x000000008bc00000| Updating 
| 189|0x000000008bd00000, 0x000000008be00000, 0x000000008be00000|100%| O|  |TAMS 0x000000008be00000, 0x000000008bd00000| Untracked 
| 190|0x000000008be00000, 0x000000008bf00000, 0x000000008bf00000|100%| O|  |TAMS 0x000000008bf00000, 0x000000008be00000| Untracked 
| 191|0x000000008bf00000, 0x000000008c000000, 0x000000008c000000|100%| O|  |TAMS 0x000000008c000000, 0x000000008bf00000| Untracked 
| 192|0x000000008c000000, 0x000000008c100000, 0x000000008c100000|100%| O|  |TAMS 0x000000008c100000, 0x000000008c000000| Untracked 
| 193|0x000000008c100000, 0x000000008c200000, 0x000000008c200000|100%| O|  |TAMS 0x000000008c200000, 0x000000008c100000| Untracked 
| 194|0x000000008c200000, 0x000000008c300000, 0x000000008c300000|100%| O|  |TAMS 0x000000008c300000, 0x000000008c200000| Untracked 
| 195|0x000000008c300000, 0x000000008c400000, 0x000000008c400000|100%| O|  |TAMS 0x000000008c400000, 0x000000008c300000| Updating 
| 196|0x000000008c400000, 0x000000008c500000, 0x000000008c500000|100%| O|  |TAMS 0x000000008c500000, 0x000000008c400000| Updating 
| 197|0x000000008c500000, 0x000000008c600000, 0x000000008c600000|100%|HS|  |TAMS 0x000000008c600000, 0x000000008c500000| Complete 
| 198|0x000000008c600000, 0x000000008c700000, 0x000000008c700000|100%|HS|  |TAMS 0x000000008c700000, 0x000000008c600000| Complete 
| 199|0x000000008c700000, 0x000000008c800000, 0x000000008c800000|100%|HS|  |TAMS 0x000000008c800000, 0x000000008c700000| Complete 
| 200|0x000000008c800000, 0x000000008c900000, 0x000000008c900000|100%|HC|  |TAMS 0x000000008c900000, 0x000000008c800000| Complete 
| 201|0x000000008c900000, 0x000000008ca00000, 0x000000008ca00000|100%|HC|  |TAMS 0x000000008ca00000, 0x000000008c900000| Complete 
| 202|0x000000008ca00000, 0x000000008cb00000, 0x000000008cb00000|100%| O|  |TAMS 0x000000008cb00000, 0x000000008ca00000| Untracked 
| 203|0x000000008cb00000, 0x000000008cc00000, 0x000000008cc00000|100%| O|  |TAMS 0x000000008cc00000, 0x000000008cb00000| Untracked 
| 204|0x000000008cc00000, 0x000000008cd00000, 0x000000008cd00000|100%| O|  |TAMS 0x000000008cd00000, 0x000000008cc00000| Untracked 
| 205|0x000000008cd00000, 0x000000008ce00000, 0x000000008ce00000|100%| O|  |TAMS 0x000000008ce00000, 0x000000008cd00000| Untracked 
| 206|0x000000008ce00000, 0x000000008cf00000, 0x000000008cf00000|100%| O|  |TAMS 0x000000008cf00000, 0x000000008ce00000| Untracked 
| 207|0x000000008cf00000, 0x000000008d000000, 0x000000008d000000|100%| O|  |TAMS 0x000000008d000000, 0x000000008cf00000| Untracked 
| 208|0x000000008d000000, 0x000000008d100000, 0x000000008d100000|100%| O|  |TAMS 0x000000008d100000, 0x000000008d000000| Updating 
| 209|0x000000008d100000, 0x000000008d200000, 0x000000008d200000|100%| O|  |TAMS 0x000000008d200000, 0x000000008d100000| Updating 
| 210|0x000000008d200000, 0x000000008d300000, 0x000000008d300000|100%|HS|  |TAMS 0x000000008d300000, 0x000000008d200000| Complete 
| 211|0x000000008d300000, 0x000000008d400000, 0x000000008d400000|100%|HS|  |TAMS 0x000000008d400000, 0x000000008d300000| Complete 
| 212|0x000000008d400000, 0x000000008d500000, 0x000000008d500000|100%|HC|  |TAMS 0x000000008d500000, 0x000000008d400000| Complete 
| 213|0x000000008d500000, 0x000000008d600000, 0x000000008d600000|100%|HC|  |TAMS 0x000000008d600000, 0x000000008d500000| Complete 
| 214|0x000000008d600000, 0x000000008d700000, 0x000000008d700000|100%| O|  |TAMS 0x000000008d700000, 0x000000008d600000| Updating 
| 215|0x000000008d700000, 0x000000008d800000, 0x000000008d800000|100%| O|  |TAMS 0x000000008d800000, 0x000000008d700000| Untracked 
| 216|0x000000008d800000, 0x000000008d900000, 0x000000008d900000|100%| O|  |TAMS 0x000000008d900000, 0x000000008d800000| Untracked 
| 217|0x000000008d900000, 0x000000008da00000, 0x000000008da00000|100%| O|  |TAMS 0x000000008da00000, 0x000000008d900000| Untracked 
| 218|0x000000008da00000, 0x000000008db00000, 0x000000008db00000|100%| O|  |TAMS 0x000000008db00000, 0x000000008da00000| Untracked 
| 219|0x000000008db00000, 0x000000008dc00000, 0x000000008dc00000|100%| O|  |TAMS 0x000000008dc00000, 0x000000008db00000| Updating 
| 220|0x000000008dc00000, 0x000000008dd00000, 0x000000008dd00000|100%| O|  |TAMS 0x000000008dd00000, 0x000000008dc00000| Untracked 
| 221|0x000000008dd00000, 0x000000008de00000, 0x000000008de00000|100%| O|  |TAMS 0x000000008de00000, 0x000000008dd00000| Untracked 
| 222|0x000000008de00000, 0x000000008df00000, 0x000000008df00000|100%| O|  |TAMS 0x000000008df00000, 0x000000008de00000| Untracked 
| 223|0x000000008df00000, 0x000000008e000000, 0x000000008e000000|100%| O|  |TAMS 0x000000008e000000, 0x000000008df00000| Untracked 
| 224|0x000000008e000000, 0x000000008e100000, 0x000000008e100000|100%| O|  |TAMS 0x000000008e100000, 0x000000008e000000| Updating 
| 225|0x000000008e100000, 0x000000008e200000, 0x000000008e200000|100%| O|  |TAMS 0x000000008e200000, 0x000000008e100000| Updating 
| 226|0x000000008e200000, 0x000000008e300000, 0x000000008e300000|100%| O|  |TAMS 0x000000008e300000, 0x000000008e200000| Untracked 
| 227|0x000000008e300000, 0x000000008e400000, 0x000000008e400000|100%| O|  |TAMS 0x000000008e400000, 0x000000008e300000| Untracked 
| 228|0x000000008e400000, 0x000000008e500000, 0x000000008e500000|100%| O|  |TAMS 0x000000008e500000, 0x000000008e400000| Untracked 
| 229|0x000000008e500000, 0x000000008e600000, 0x000000008e600000|100%| O|  |TAMS 0x000000008e600000, 0x000000008e500000| Untracked 
| 230|0x000000008e600000, 0x000000008e700000, 0x000000008e700000|100%| O|  |TAMS 0x000000008e700000, 0x000000008e600000| Untracked 
| 231|0x000000008e700000, 0x000000008e800000, 0x000000008e800000|100%| O|  |TAMS 0x000000008e800000, 0x000000008e700000| Updating 
| 232|0x000000008e800000, 0x000000008e900000, 0x000000008e900000|100%| O|  |TAMS 0x000000008e900000, 0x000000008e800000| Untracked 
| 233|0x000000008e900000, 0x000000008ea00000, 0x000000008ea00000|100%| O|  |TAMS 0x000000008ea00000, 0x000000008e900000| Untracked 
| 234|0x000000008ea00000, 0x000000008eb00000, 0x000000008eb00000|100%| O|  |TAMS 0x000000008eb00000, 0x000000008ea00000| Untracked 
| 235|0x000000008eb00000, 0x000000008ec00000, 0x000000008ec00000|100%| O|  |TAMS 0x000000008ec00000, 0x000000008eb00000| Updating 
| 236|0x000000008ec00000, 0x000000008ed00000, 0x000000008ed00000|100%| O|  |TAMS 0x000000008ed00000, 0x000000008ec00000| Untracked 
| 237|0x000000008ed00000, 0x000000008ee00000, 0x000000008ee00000|100%| O|  |TAMS 0x000000008ee00000, 0x000000008ed00000| Untracked 
| 238|0x000000008ee00000, 0x000000008ef00000, 0x000000008ef00000|100%| O|  |TAMS 0x000000008ef00000, 0x000000008ee00000| Untracked 
| 239|0x000000008ef00000, 0x000000008f000000, 0x000000008f000000|100%| O|  |TAMS 0x000000008f000000, 0x000000008ef00000| Untracked 
| 240|0x000000008f000000, 0x000000008f100000, 0x000000008f100000|100%| O|  |TAMS 0x000000008f100000, 0x000000008f000000| Untracked 
| 241|0x000000008f100000, 0x000000008f200000, 0x000000008f200000|100%| O|  |TAMS 0x000000008f200000, 0x000000008f100000| Untracked 
| 242|0x000000008f200000, 0x000000008f300000, 0x000000008f300000|100%| O|  |TAMS 0x000000008f300000, 0x000000008f200000| Untracked 
| 243|0x000000008f300000, 0x000000008f400000, 0x000000008f400000|100%| O|  |TAMS 0x000000008f400000, 0x000000008f300000| Updating 
| 244|0x000000008f400000, 0x000000008f500000, 0x000000008f500000|100%| O|  |TAMS 0x000000008f500000, 0x000000008f400000| Untracked 
| 245|0x000000008f500000, 0x000000008f600000, 0x000000008f600000|100%| O|  |TAMS 0x000000008f600000, 0x000000008f500000| Untracked 
| 246|0x000000008f600000, 0x000000008f700000, 0x000000008f700000|100%| O|  |TAMS 0x000000008f700000, 0x000000008f600000| Untracked 
| 247|0x000000008f700000, 0x000000008f800000, 0x000000008f800000|100%| O|  |TAMS 0x000000008f7f0e00, 0x000000008f700000| Updating 
| 248|0x000000008f800000, 0x000000008f900000, 0x000000008f900000|100%| O|  |TAMS 0x000000008f800000, 0x000000008f800000| Untracked 
| 249|0x000000008f900000, 0x000000008fa00000, 0x000000008fa00000|100%| O|  |TAMS 0x000000008f900000, 0x000000008f900000| Untracked 
| 250|0x000000008fa00000, 0x000000008fb00000, 0x000000008fb00000|100%| O|  |TAMS 0x000000008fa00000, 0x000000008fa00000| Untracked 
| 251|0x000000008fb00000, 0x000000008fb8fe00, 0x000000008fc00000| 56%| O|  |TAMS 0x000000008fb00000, 0x000000008fb00000| Updating 
| 252|0x000000008fc00000, 0x000000008fc00000, 0x000000008fd00000|  0%| F|  |TAMS 0x000000008fc00000, 0x000000008fc00000| Untracked 
| 253|0x000000008fd00000, 0x000000008fd00000, 0x000000008fe00000|  0%| F|  |TAMS 0x000000008fd00000, 0x000000008fd00000| Untracked 
| 254|0x000000008fe00000, 0x000000008fe00000, 0x000000008ff00000|  0%| F|  |TAMS 0x000000008fe00000, 0x000000008fe00000| Untracked 
| 255|0x000000008ff00000, 0x000000008ff00000, 0x0000000090000000|  0%| F|  |TAMS 0x000000008ff00000, 0x000000008ff00000| Untracked 
| 256|0x0000000090000000, 0x0000000090000000, 0x0000000090100000|  0%| F|  |TAMS 0x0000000090000000, 0x0000000090000000| Untracked 
| 257|0x0000000090100000, 0x0000000090100000, 0x0000000090200000|  0%| F|  |TAMS 0x0000000090100000, 0x0000000090100000| Untracked 
| 258|0x0000000090200000, 0x0000000090200000, 0x0000000090300000|  0%| F|  |TAMS 0x0000000090200000, 0x0000000090200000| Untracked 
| 259|0x0000000090300000, 0x0000000090300000, 0x0000000090400000|  0%| F|  |TAMS 0x0000000090300000, 0x0000000090300000| Untracked 
| 260|0x0000000090400000, 0x0000000090400000, 0x0000000090500000|  0%| F|  |TAMS 0x0000000090400000, 0x0000000090400000| Untracked 
| 261|0x0000000090500000, 0x0000000090500000, 0x0000000090600000|  0%| F|  |TAMS 0x0000000090500000, 0x0000000090500000| Untracked 
| 262|0x0000000090600000, 0x0000000090600000, 0x0000000090700000|  0%| F|  |TAMS 0x0000000090600000, 0x0000000090600000| Untracked 
| 263|0x0000000090700000, 0x0000000090700000, 0x0000000090800000|  0%| F|  |TAMS 0x0000000090700000, 0x0000000090700000| Untracked 
| 264|0x0000000090800000, 0x0000000090800000, 0x0000000090900000|  0%| F|  |TAMS 0x0000000090800000, 0x0000000090800000| Untracked 
| 265|0x0000000090900000, 0x0000000090900000, 0x0000000090a00000|  0%| F|  |TAMS 0x0000000090900000, 0x0000000090900000| Untracked 
| 266|0x0000000090a00000, 0x0000000090a00000, 0x0000000090b00000|  0%| F|  |TAMS 0x0000000090a00000, 0x0000000090a00000| Untracked 
| 267|0x0000000090b00000, 0x0000000090b00000, 0x0000000090c00000|  0%| F|  |TAMS 0x0000000090b00000, 0x0000000090b00000| Untracked 
| 268|0x0000000090c00000, 0x0000000090c00000, 0x0000000090d00000|  0%| F|  |TAMS 0x0000000090c00000, 0x0000000090c00000| Untracked 
| 269|0x0000000090d00000, 0x0000000090d00000, 0x0000000090e00000|  0%| F|  |TAMS 0x0000000090d00000, 0x0000000090d00000| Untracked 
| 270|0x0000000090e00000, 0x0000000090e00000, 0x0000000090f00000|  0%| F|  |TAMS 0x0000000090e00000, 0x0000000090e00000| Untracked 
| 271|0x0000000090f00000, 0x0000000090f00000, 0x0000000091000000|  0%| F|  |TAMS 0x0000000090f00000, 0x0000000090f00000| Untracked 
| 272|0x0000000091000000, 0x0000000091000000, 0x0000000091100000|  0%| F|  |TAMS 0x0000000091000000, 0x0000000091000000| Untracked 
| 273|0x0000000091100000, 0x0000000091200000, 0x0000000091200000|100%| S|CS|TAMS 0x0000000091100000, 0x0000000091100000| Complete 
| 274|0x0000000091200000, 0x0000000091300000, 0x0000000091300000|100%| S|CS|TAMS 0x0000000091200000, 0x0000000091200000| Complete 
| 275|0x0000000091300000, 0x0000000091300000, 0x0000000091400000|  0%| F|  |TAMS 0x0000000091300000, 0x0000000091300000| Untracked 
| 276|0x0000000091400000, 0x0000000091400000, 0x0000000091500000|  0%| F|  |TAMS 0x0000000091400000, 0x0000000091400000| Untracked 
| 277|0x0000000091500000, 0x0000000091500000, 0x0000000091600000|  0%| F|  |TAMS 0x0000000091500000, 0x0000000091500000| Untracked 
| 278|0x0000000091600000, 0x0000000091600000, 0x0000000091700000|  0%| F|  |TAMS 0x0000000091600000, 0x0000000091600000| Untracked 
| 279|0x0000000091700000, 0x0000000091700000, 0x0000000091800000|  0%| F|  |TAMS 0x0000000091700000, 0x0000000091700000| Untracked 
| 280|0x0000000091800000, 0x0000000091800000, 0x0000000091900000|  0%| F|  |TAMS 0x0000000091800000, 0x0000000091800000| Untracked 
| 281|0x0000000091900000, 0x0000000091900000, 0x0000000091a00000|  0%| F|  |TAMS 0x0000000091900000, 0x0000000091900000| Untracked 
| 282|0x0000000091a00000, 0x0000000091a00000, 0x0000000091b00000|  0%| F|  |TAMS 0x0000000091a00000, 0x0000000091a00000| Untracked 
| 283|0x0000000091b00000, 0x0000000091b00000, 0x0000000091c00000|  0%| F|  |TAMS 0x0000000091b00000, 0x0000000091b00000| Untracked 
| 284|0x0000000091c00000, 0x0000000091c00000, 0x0000000091d00000|  0%| F|  |TAMS 0x0000000091c00000, 0x0000000091c00000| Untracked 
| 285|0x0000000091d00000, 0x0000000091d00000, 0x0000000091e00000|  0%| F|  |TAMS 0x0000000091d00000, 0x0000000091d00000| Untracked 
| 286|0x0000000091e00000, 0x0000000091e00000, 0x0000000091f00000|  0%| F|  |TAMS 0x0000000091e00000, 0x0000000091e00000| Untracked 
| 287|0x0000000091f00000, 0x0000000092000000, 0x0000000092000000|100%| E|  |TAMS 0x0000000091f00000, 0x0000000091f00000| Complete 
| 288|0x0000000092000000, 0x0000000092100000, 0x0000000092100000|100%| E|CS|TAMS 0x0000000092000000, 0x0000000092000000| Complete 

Card table byte_map: [0x0000018fef820000,0x0000018fefc20000] _byte_map_base: 0x0000018fef420000

Marking Bits (Prev, Next): (CMBitMap*) 0x0000018fd8bf11b0, (CMBitMap*) 0x0000018fd8bf11f0
 Prev Bits: [0x0000018ff0020000, 0x0000018ff2020000)
 Next Bits: [0x0000018ff2020000, 0x0000018ff4020000)

Polling page: 0x0000018fd6b30000

Metaspace:

Usage:
  Non-class:     89.32 MB used.
      Class:     14.15 MB used.
       Both:    103.47 MB used.

Virtual space:
  Non-class space:       96.00 MB reserved,      90.31 MB ( 94%) committed,  12 nodes.
      Class space:      412.00 MB reserved,      15.00 MB (  4%) committed,  1 nodes.
             Both:      508.00 MB reserved,     105.31 MB ( 21%) committed. 

Chunk freelists:
   Non-Class:  1.67 MB
       Class:  1.06 MB
        Both:  2.73 MB

MaxMetaspaceSize: 512.00 MB
CompressedClassSpaceSize: 412.00 MB
Initial GC threshold: 21.00 MB
Current GC threshold: 160.00 MB
CDS: on
MetaspaceReclaimPolicy: balanced
 - commit_granule_bytes: 65536.
 - commit_granule_words: 8192.
 - virtual_space_node_default_size: 1048576.
 - enlarge_chunks_in_place: 1.
 - new_chunks_are_fully_committed: 0.
 - uncommit_free_chunks: 1.
 - use_allocation_guard: 0.
 - handle_deallocations: 1.


Internal statistics:

num_allocs_failed_limit: 6.
num_arena_births: 1942.
num_arena_deaths: 0.
num_vsnodes_births: 13.
num_vsnodes_deaths: 0.
num_space_committed: 1685.
num_space_uncommitted: 0.
num_chunks_returned_to_freelist: 6.
num_chunks_taken_from_freelist: 6854.
num_chunk_merges: 3.
num_chunk_splits: 4341.
num_chunks_enlarged: 2677.
num_purges: 0.
num_inconsistent_stats: 0.

CodeHeap 'non-profiled nmethods': size=120000Kb used=12292Kb max_used=12292Kb free=107707Kb
 bounds [0x0000018fe7ef0000, 0x0000018fe8b00000, 0x0000018fef420000]
CodeHeap 'profiled nmethods': size=120000Kb used=29856Kb max_used=29856Kb free=90143Kb
 bounds [0x0000018fe0420000, 0x0000018fe2150000, 0x0000018fe7950000]
CodeHeap 'non-nmethods': size=5760Kb used=2415Kb max_used=2520Kb free=3344Kb
 bounds [0x0000018fe7950000, 0x0000018fe7c00000, 0x0000018fe7ef0000]
 total_blobs=15502 nmethods=14552 adapters=861
 compilation: enabled
              stopped_count=0, restarted_count=0
 full_count=0

Compilation events (20 events):
Event: 638.075 Thread 0x0000018ff7010110 16867       3       com.sun.org.apache.xerces.internal.dom.DeferredElementImpl::synchronizeData (96 bytes)
Event: 638.076 Thread 0x0000018ff7010110 nmethod 16867 0x0000018fe2143b90 code [0x0000018fe2143de0, 0x0000018fe21447a8]
Event: 638.079 Thread 0x0000018ff7010110 16868       3       com.sun.org.apache.xerces.internal.dom.ElementImpl::getDefaultAttributes (48 bytes)
Event: 638.079 Thread 0x0000018ff7010110 nmethod 16868 0x0000018fe2144b10 code [0x0000018fe2144d60, 0x0000018fe2145a88]
Event: 638.079 Thread 0x0000018ff7010110 16869       3       com.sun.org.apache.xerces.internal.dom.NamedNodeMapImpl::getNamedItem (29 bytes)
Event: 638.080 Thread 0x0000018ff7010110 nmethod 16869 0x0000018fe2145d90 code [0x0000018fe2145f60, 0x0000018fe2146378]
Event: 638.080 Thread 0x0000018ff7010110 16870       3       com.sun.org.apache.xerces.internal.dom.CharacterDataImpl::getNodeValue (16 bytes)
Event: 638.080 Thread 0x0000018ff7010110 nmethod 16870 0x0000018fe2146490 code [0x0000018fe2146640, 0x0000018fe2146908]
Event: 638.080 Thread 0x0000018ff7010110 16871       3       com.sun.org.apache.xerces.internal.dom.NodeImpl::isOwned (16 bytes)
Event: 638.080 Thread 0x0000018ff7010110 nmethod 16871 0x0000018fe2146a10 code [0x0000018fe2146ba0, 0x0000018fe2146d18]
Event: 638.082 Thread 0x0000018ff7010110 16872       1       com.sun.org.apache.xerces.internal.dom.ElementImpl::getNodeType (2 bytes)
Event: 638.082 Thread 0x0000018ff7010110 nmethod 16872 0x0000018fe8af0e10 code [0x0000018fe8af0fa0, 0x0000018fe8af1078]
Event: 638.082 Thread 0x0000018ff7010110 16873       3       com.sun.org.apache.xerces.internal.dom.NodeImpl::ownerDocument (23 bytes)
Event: 638.083 Thread 0x0000018ff7010110 nmethod 16873 0x0000018fe2146d90 code [0x0000018fe2146f60, 0x0000018fe2147348]
Event: 638.083 Thread 0x0000018ff7010110 16874       3       com.sun.org.apache.xerces.internal.dom.DeferredDocumentImpl::getNodeValueString (7 bytes)
Event: 638.083 Thread 0x0000018ff7010110 nmethod 16874 0x0000018fe2147490 code [0x0000018fe2147640, 0x0000018fe2147788]
Event: 638.084 Thread 0x0000018ff7010110 16875       3       com.sun.org.apache.xerces.internal.dom.DeferredTextImpl::synchronizeData (47 bytes)
Event: 638.085 Thread 0x0000018ff7010110 nmethod 16875 0x0000018fe2147810 code [0x0000018fe2147a20, 0x0000018fe2148348]
Event: 638.091 Thread 0x0000018ff7010110 16876       3       com.sun.org.apache.xerces.internal.dom.DeferredDocumentImpl::getRealPrevSibling (7 bytes)
Event: 638.091 Thread 0x0000018ff7010110 nmethod 16876 0x0000018fe2148590 code [0x0000018fe2148740, 0x0000018fe2148888]

GC Heap History (20 events):
Event: 579.146 GC heap before
{Heap before GC invocations=92 (full 0):
 garbage-first heap   total 295936K, used 242176K [0x0000000080000000, 0x0000000100000000)
  region size 1024K, 49 young (50176K), 8 survivors (8192K)
 Metaspace       used 98638K, committed 100416K, reserved 512000K
  class space    used 13604K, committed 14400K, reserved 421888K
}
Event: 579.161 GC heap after
{Heap after GC invocations=93 (full 0):
 garbage-first heap   total 295936K, used 207033K [0x0000000080000000, 0x0000000100000000)
  region size 1024K, 6 young (6144K), 6 survivors (6144K)
 Metaspace       used 98638K, committed 100416K, reserved 512000K
  class space    used 13604K, committed 14400K, reserved 421888K
}
Event: 598.417 GC heap before
{Heap before GC invocations=93 (full 0):
 garbage-first heap   total 295936K, used 250041K [0x0000000080000000, 0x0000000100000000)
  region size 1024K, 44 young (45056K), 6 survivors (6144K)
 Metaspace       used 100773K, committed 102592K, reserved 512000K
  class space    used 13902K, committed 14720K, reserved 421888K
}
Event: 598.429 GC heap after
{Heap after GC invocations=94 (full 0):
 garbage-first heap   total 295936K, used 221055K [0x0000000080000000, 0x0000000100000000)
  region size 1024K, 6 young (6144K), 6 survivors (6144K)
 Metaspace       used 100773K, committed 102592K, reserved 512000K
  class space    used 13902K, committed 14720K, reserved 421888K
}
Event: 618.483 GC heap before
{Heap before GC invocations=94 (full 0):
 garbage-first heap   total 295936K, used 254847K [0x0000000080000000, 0x0000000100000000)
  region size 1024K, 35 young (35840K), 6 survivors (6144K)
 Metaspace       used 102171K, committed 104000K, reserved 512000K
  class space    used 14080K, committed 14912K, reserved 421888K
}
Event: 618.495 GC heap after
{Heap after GC invocations=95 (full 0):
 garbage-first heap   total 295936K, used 230025K [0x0000000080000000, 0x0000000100000000)
  region size 1024K, 5 young (5120K), 5 survivors (5120K)
 Metaspace       used 102171K, committed 104000K, reserved 512000K
  class space    used 14080K, committed 14912K, reserved 421888K
}
Event: 622.585 GC heap before
{Heap before GC invocations=95 (full 0):
 garbage-first heap   total 295936K, used 253577K [0x0000000080000000, 0x0000000100000000)
  region size 1024K, 28 young (28672K), 5 survivors (5120K)
 Metaspace       used 103294K, committed 105152K, reserved 512000K
  class space    used 14238K, committed 15104K, reserved 421888K
}
Event: 622.596 GC heap after
{Heap after GC invocations=96 (full 0):
 garbage-first heap   total 295936K, used 234609K [0x0000000080000000, 0x0000000100000000)
  region size 1024K, 4 young (4096K), 4 survivors (4096K)
 Metaspace       used 103294K, committed 105152K, reserved 512000K
  class space    used 14238K, committed 15104K, reserved 421888K
}
Event: 626.492 GC heap before
{Heap before GC invocations=96 (full 0):
 garbage-first heap   total 295936K, used 254065K [0x0000000080000000, 0x0000000100000000)
  region size 1024K, 23 young (23552K), 4 survivors (4096K)
 Metaspace       used 103522K, committed 105344K, reserved 520192K
  class space    used 14255K, committed 15104K, reserved 421888K
}
Event: 626.512 GC heap after
{Heap after GC invocations=97 (full 0):
 garbage-first heap   total 295936K, used 240929K [0x0000000080000000, 0x0000000100000000)
  region size 1024K, 3 young (3072K), 3 survivors (3072K)
 Metaspace       used 103522K, committed 105344K, reserved 520192K
  class space    used 14255K, committed 15104K, reserved 421888K
}
Event: 630.598 GC heap before
{Heap before GC invocations=97 (full 0):
 garbage-first heap   total 295936K, used 255265K [0x0000000080000000, 0x0000000100000000)
  region size 1024K, 17 young (17408K), 3 survivors (3072K)
 Metaspace       used 105675K, committed 107520K, reserved 520192K
  class space    used 14475K, committed 15296K, reserved 421888K
}
Event: 630.613 GC heap after
{Heap after GC invocations=98 (full 0):
 garbage-first heap   total 295936K, used 244209K [0x0000000080000000, 0x0000000100000000)
  region size 1024K, 3 young (3072K), 3 survivors (3072K)
 Metaspace       used 105675K, committed 107520K, reserved 520192K
  class space    used 14475K, committed 15296K, reserved 421888K
}
Event: 632.297 GC heap before
{Heap before GC invocations=98 (full 0):
 garbage-first heap   total 295936K, used 256497K [0x0000000080000000, 0x0000000100000000)
  region size 1024K, 15 young (15360K), 3 survivors (3072K)
 Metaspace       used 105702K, committed 107584K, reserved 520192K
  class space    used 14476K, committed 15360K, reserved 421888K
}
Event: 632.310 GC heap after
{Heap after GC invocations=99 (full 0):
 garbage-first heap   total 295936K, used 247421K [0x0000000080000000, 0x0000000100000000)
  region size 1024K, 2 young (2048K), 2 survivors (2048K)
 Metaspace       used 105702K, committed 107584K, reserved 520192K
  class space    used 14476K, committed 15360K, reserved 421888K
}
Event: 633.325 GC heap before
{Heap before GC invocations=99 (full 0):
 garbage-first heap   total 295936K, used 259709K [0x0000000080000000, 0x0000000100000000)
  region size 1024K, 14 young (14336K), 2 survivors (2048K)
 Metaspace       used 105733K, committed 107648K, reserved 520192K
  class space    used 14476K, committed 15360K, reserved 421888K
}
Event: 633.337 GC heap after
{Heap after GC invocations=100 (full 0):
 garbage-first heap   total 295936K, used 251549K [0x0000000080000000, 0x0000000100000000)
  region size 1024K, 2 young (2048K), 2 survivors (2048K)
 Metaspace       used 105733K, committed 107648K, reserved 520192K
  class space    used 14476K, committed 15360K, reserved 421888K
}
Event: 634.602 GC heap before
{Heap before GC invocations=100 (full 0):
 garbage-first heap   total 295936K, used 263837K [0x0000000080000000, 0x0000000100000000)
  region size 1024K, 14 young (14336K), 2 survivors (2048K)
 Metaspace       used 105759K, committed 107648K, reserved 520192K
  class space    used 14477K, committed 15360K, reserved 421888K
}
Event: 634.613 GC heap after
{Heap after GC invocations=101 (full 0):
 garbage-first heap   total 295936K, used 255811K [0x0000000080000000, 0x0000000100000000)
  region size 1024K, 2 young (2048K), 2 survivors (2048K)
 Metaspace       used 105759K, committed 107648K, reserved 520192K
  class space    used 14477K, committed 15360K, reserved 421888K
}
Event: 637.223 GC heap before
{Heap before GC invocations=101 (full 0):
 garbage-first heap   total 295936K, used 268099K [0x0000000080000000, 0x0000000100000000)
  region size 1024K, 14 young (14336K), 2 survivors (2048K)
 Metaspace       used 105862K, committed 107712K, reserved 520192K
  class space    used 14487K, committed 15360K, reserved 421888K
}
Event: 637.246 GC heap after
{Heap after GC invocations=102 (full 0):
 garbage-first heap   total 295936K, used 259519K [0x0000000080000000, 0x0000000100000000)
  region size 1024K, 2 young (2048K), 2 survivors (2048K)
 Metaspace       used 105862K, committed 107712K, reserved 520192K
  class space    used 14487K, committed 15360K, reserved 421888K
}

Deoptimization events (20 events):
Event: 631.954 Thread 0x0000018ff6552ff0 Uncommon trap: trap_request=0xffffffbe fr.pc=0x0000018fe8a6908c relative=0x000000000000202c
Event: 631.954 Thread 0x0000018ff6552ff0 Uncommon trap: reason=profile_predicate action=maybe_recompile pc=0x0000018fe8a6908c method=org.gradle.api.internal.artifacts.configurations.Configurations.getNames(Ljava/util/Collection;)Lcom/google/common/collect/ImmutableSet; @ 67 c2
Event: 631.954 Thread 0x0000018ff6552ff0 DEOPT PACKING pc=0x0000018fe8a6908c sp=0x00000018983f9740
Event: 631.954 Thread 0x0000018ff6552ff0 DEOPT UNPACKING pc=0x0000018fe79a23a3 sp=0x00000018983f9700 mode 2
Event: 631.954 Thread 0x0000018ff6552ff0 Uncommon trap: trap_request=0xffffffbe fr.pc=0x0000018fe8a6908c relative=0x000000000000202c
Event: 631.954 Thread 0x0000018ff6552ff0 Uncommon trap: reason=profile_predicate action=maybe_recompile pc=0x0000018fe8a6908c method=org.gradle.api.internal.artifacts.configurations.Configurations.getNames(Ljava/util/Collection;)Lcom/google/common/collect/ImmutableSet; @ 67 c2
Event: 631.954 Thread 0x0000018ff6552ff0 DEOPT PACKING pc=0x0000018fe8a6908c sp=0x00000018983f9740
Event: 631.954 Thread 0x0000018ff6552ff0 DEOPT UNPACKING pc=0x0000018fe79a23a3 sp=0x00000018983f9700 mode 2
Event: 631.954 Thread 0x0000018ff6552ff0 Uncommon trap: trap_request=0xffffffbe fr.pc=0x0000018fe8a6908c relative=0x000000000000202c
Event: 631.954 Thread 0x0000018ff6552ff0 Uncommon trap: reason=profile_predicate action=maybe_recompile pc=0x0000018fe8a6908c method=org.gradle.api.internal.artifacts.configurations.Configurations.getNames(Ljava/util/Collection;)Lcom/google/common/collect/ImmutableSet; @ 67 c2
Event: 631.954 Thread 0x0000018ff6552ff0 DEOPT PACKING pc=0x0000018fe8a6908c sp=0x00000018983f9740
Event: 631.954 Thread 0x0000018ff6552ff0 DEOPT UNPACKING pc=0x0000018fe79a23a3 sp=0x00000018983f9700 mode 2
Event: 636.540 Thread 0x0000018ff6552ff0 Uncommon trap: trap_request=0xffffff45 fr.pc=0x0000018fe8a48b64 relative=0x00000000000003a4
Event: 636.540 Thread 0x0000018ff6552ff0 Uncommon trap: reason=unstable_if action=reinterpret pc=0x0000018fe8a48b64 method=org.gradle.api.internal.artifacts.ivyservice.dependencysubstitution.DefaultDependencySubstitutions$ModuleMatchDependencySubstitutionAction.execute(Lorg/gradle/api/artifacts/
Event: 636.540 Thread 0x0000018ff6552ff0 DEOPT PACKING pc=0x0000018fe8a48b64 sp=0x00000018983f9e20
Event: 636.540 Thread 0x0000018ff6552ff0 DEOPT UNPACKING pc=0x0000018fe79a23a3 sp=0x00000018983f9d60 mode 2
Event: 637.916 Thread 0x0000018ff6552ff0 Uncommon trap: trap_request=0xffffff45 fr.pc=0x0000018fe8a46dfc relative=0x000000000000007c
Event: 637.916 Thread 0x0000018ff6552ff0 Uncommon trap: reason=unstable_if action=reinterpret pc=0x0000018fe8a46dfc method=com.sun.org.apache.xerces.internal.impl.XMLEntityScanner.checkBeforeLoad(Lcom/sun/xml/internal/stream/Entity$ScannedEntity;II)I @ 18 c2
Event: 637.916 Thread 0x0000018ff6552ff0 DEOPT PACKING pc=0x0000018fe8a46dfc sp=0x00000018983f7030
Event: 637.916 Thread 0x0000018ff6552ff0 DEOPT UNPACKING pc=0x0000018fe79a23a3 sp=0x00000018983f6fa0 mode 2

Classes unloaded (0 events):
No events

Classes redefined (0 events):
No events

Internal exceptions (20 events):
Event: 618.496 Thread 0x0000018ff6552ff0 Exception <a 'java/lang/ClassNotFoundException'{0x0000000092007108}: org/jetbrains/kotlin/gradle/targets/js/npm/DefaultNpmDependencyExtensionBeanInfo> (0x0000000092007108) 
thrown [s\open\src\hotspot\share\classfile\systemDictionary.cpp, line 256]
Event: 618.499 Thread 0x0000018ff6552ff0 Exception <a 'java/lang/ClassNotFoundException'{0x0000000092010d38}: org/jetbrains/kotlin/gradle/targets/js/npm/DefaultNpmDependencyExtensionCustomizer> (0x0000000092010d38) 
thrown [s\open\src\hotspot\share\classfile\systemDictionary.cpp, line 256]
Event: 618.504 Thread 0x0000018ff6552ff0 Exception <a 'java/lang/ClassNotFoundException'{0x00000000920734e8}: org/jetbrains/kotlin/gradle/targets/js/npm/NpmDependencyExtensionKt$defaultNpmDependencyDelegate$1BeanInfo> (0x00000000920734e8) 
thrown [s\open\src\hotspot\share\classfile\systemDictionary.cpp, line 256]
Event: 618.504 Thread 0x0000018ff6552ff0 Exception <a 'java/lang/ClassNotFoundException'{0x000000009207d160}: org/jetbrains/kotlin/gradle/targets/js/npm/NpmDependencyExtensionDelegateBeanInfo> (0x000000009207d160) 
thrown [s\open\src\hotspot\share\classfile\systemDictionary.cpp, line 256]
Event: 618.504 Thread 0x0000018ff6552ff0 Exception <a 'java/lang/ClassNotFoundException'{0x0000000092086db0}: org/jetbrains/kotlin/gradle/targets/js/npm/NpmDependencyExtensionDelegateCustomizer> (0x0000000092086db0) 
thrown [s\open\src\hotspot\share\classfile\systemDictionary.cpp, line 256]
Event: 618.505 Thread 0x0000018ff6552ff0 Exception <a 'java/lang/ClassNotFoundException'{0x00000000920a75e8}: org/jetbrains/kotlin/gradle/targets/js/npm/NpmDependencyExtensionKt$defaultNpmDependencyDelegate$1Customizer> (0x00000000920a75e8) 
thrown [s\open\src\hotspot\share\classfile\systemDictionary.cpp, line 256]
Event: 618.508 Thread 0x0000018ff6552ff0 Exception <a 'java/lang/ClassNotFoundException'{0x00000000920d8d08}: org/jetbrains/kotlin/gradle/targets/js/npm/DefaultDevNpmDependencyExtensionBeanInfo> (0x00000000920d8d08) 
thrown [s\open\src\hotspot\share\classfile\systemDictionary.cpp, line 256]
Event: 618.509 Thread 0x0000018ff6552ff0 Exception <a 'java/lang/ClassNotFoundException'{0x00000000920e2958}: org/jetbrains/kotlin/gradle/targets/js/npm/DefaultDevNpmDependencyExtensionCustomizer> (0x00000000920e2958) 
thrown [s\open\src\hotspot\share\classfile\systemDictionary.cpp, line 256]
Event: 618.752 Thread 0x0000018ff6552ff0 Exception <a 'java/lang/ClassNotFoundException'{0x0000000091f18db8}: org/jetbrains/kotlin/gradle/targets/js/npm/DefaultPeerNpmDependencyExtensionBeanInfo> (0x0000000091f18db8) 
thrown [s\open\src\hotspot\share\classfile\systemDictionary.cpp, line 256]
Event: 618.753 Thread 0x0000018ff6552ff0 Exception <a 'java/lang/ClassNotFoundException'{0x0000000091f22a10}: org/jetbrains/kotlin/gradle/targets/js/npm/DefaultPeerNpmDependencyExtensionCustomizer> (0x0000000091f22a10) 
thrown [s\open\src\hotspot\share\classfile\systemDictionary.cpp, line 256]
Event: 618.757 Thread 0x0000018ff6552ff0 Exception <a 'java/lang/ClassNotFoundException'{0x0000000091f5ec38}: org/jetbrains/kotlin/gradle/targets/js/npm/DefaultPeerNpmDependencyExtension$delegate$1BeanInfo> (0x0000000091f5ec38) 
thrown [s\open\src\hotspot\share\classfile\systemDictionary.cpp, line 256]
Event: 618.758 Thread 0x0000018ff6552ff0 Exception <a 'java/lang/ClassNotFoundException'{0x0000000091f696f8}: org/jetbrains/kotlin/gradle/targets/js/npm/DefaultPeerNpmDependencyExtension$delegate$1Customizer> (0x0000000091f696f8) 
thrown [s\open\src\hotspot\share\classfile\systemDictionary.cpp, line 256]
Event: 618.769 Thread 0x0000018ff6552ff0 Exception <a 'java/lang/ClassNotFoundException'{0x0000000091fcf030}: build_5gvod46ezxjxspujg5f3whyky$_run_closure1BeanInfo> (0x0000000091fcf030) 
thrown [s\open\src\hotspot\share\classfile\systemDictionary.cpp, line 256]
Event: 618.769 Thread 0x0000018ff6552ff0 Exception <a 'java/lang/ClassNotFoundException'{0x0000000091fd9e58}: build_5gvod46ezxjxspujg5f3whyky$_run_closure1Customizer> (0x0000000091fd9e58) 
thrown [s\open\src\hotspot\share\classfile\systemDictionary.cpp, line 256]
Event: 619.436 Thread 0x0000018ff6552ff0 Exception <a 'java/lang/NoClassDefFoundError'{0x00000000919bf450}: org/jetbrains/kotlin/gradle/plugin/KotlinBasePluginWrapper> (0x00000000919bf450) 
thrown [s\open\src\hotspot\share\oops\constantPool.cpp, line 835]
Event: 620.029 Thread 0x0000018ff6552ff0 Implicit null exception at 0x0000018fe83af347 to 0x0000018fe83afb0c
Event: 620.029 Thread 0x0000018ff6552ff0 Implicit null exception at 0x0000018fe84939e0 to 0x0000018fe8493a78
Event: 620.417 Thread 0x0000018ff6552ff0 Implicit null exception at 0x0000018fe89d95c0 to 0x0000018fe89d9dfc
Event: 627.106 Thread 0x0000018ff6552ff0 Implicit null exception at 0x0000018fe81850f2 to 0x0000018fe8185824
Event: 628.912 Thread 0x0000018ff6552ff0 Implicit null exception at 0x0000018fe8608103 to 0x0000018fe86084e0

VM Operations (20 events):
Event: 630.613 Executing VM operation: G1CollectForAllocation done
Event: 631.627 Executing VM operation: Cleanup
Event: 631.659 Executing VM operation: Cleanup done
Event: 632.297 Executing VM operation: G1CollectForAllocation
Event: 632.310 Executing VM operation: G1CollectForAllocation done
Event: 633.318 Executing VM operation: Cleanup
Event: 633.319 Executing VM operation: Cleanup done
Event: 633.325 Executing VM operation: G1CollectForAllocation
Event: 633.337 Executing VM operation: G1CollectForAllocation done
Event: 634.339 Executing VM operation: Cleanup
Event: 634.360 Executing VM operation: Cleanup done
Event: 634.602 Executing VM operation: G1CollectForAllocation
Event: 634.613 Executing VM operation: G1CollectForAllocation done
Event: 635.623 Executing VM operation: Cleanup
Event: 635.655 Executing VM operation: Cleanup done
Event: 636.666 Executing VM operation: Cleanup
Event: 636.865 Executing VM operation: Cleanup done
Event: 637.223 Executing VM operation: G1CollectForAllocation
Event: 637.246 Executing VM operation: G1CollectForAllocation done
Event: 638.094 Executing VM operation: G1Concurrent

Events (20 events):
Event: 628.330 loading class com/sun/org/apache/xerces/internal/dom/DeferredAttrImpl done
Event: 628.331 loading class com/sun/org/apache/xerces/internal/dom/DeferredTextImpl
Event: 628.331 loading class com/sun/org/apache/xerces/internal/dom/TextImpl
Event: 628.332 loading class com/sun/org/apache/xerces/internal/dom/CharacterDataImpl
Event: 628.332 loading class com/sun/org/apache/xerces/internal/dom/CharacterDataImpl done
Event: 628.332 loading class com/sun/org/apache/xerces/internal/dom/TextImpl done
Event: 628.332 loading class com/sun/org/apache/xerces/internal/dom/DeferredTextImpl done
Event: 628.332 loading class com/sun/org/apache/xerces/internal/dom/CharacterDataImpl$1
Event: 628.332 loading class com/sun/org/apache/xerces/internal/dom/CharacterDataImpl$1 done
Event: 628.332 loading class com/sun/org/apache/xerces/internal/dom/DeferredCommentImpl
Event: 628.332 loading class com/sun/org/apache/xerces/internal/dom/CommentImpl
Event: 628.332 loading class com/sun/org/apache/xerces/internal/dom/CommentImpl done
Event: 628.332 loading class com/sun/org/apache/xerces/internal/dom/DeferredCommentImpl done
Event: 633.359 Thread 0x0000018ffdebf9b0 Thread added: 0x0000018ffdebf9b0
Event: 633.515 Thread 0x0000018ffdebf9b0 Thread exited: 0x0000018ffdebf9b0
Event: 637.291 loading class com/sun/org/apache/xerces/internal/util/EncodingMap
Event: 637.292 loading class com/sun/org/apache/xerces/internal/util/EncodingMap done
Event: 637.293 loading class sun/nio/cs/ISO_8859_1$Decoder
Event: 637.293 loading class sun/nio/cs/ISO_8859_1$Decoder done
Event: 637.925 Thread 0x0000018ffdec3160 Thread added: 0x0000018ffdec3160


Dynamic libraries:
0x00007ff74da50000 - 0x00007ff74da60000 	C:\Program Files\Java\jdk-17\bin\java.exe
0x00007ff8795b0000 - 0x00007ff8797a8000 	C:\Windows\SYSTEM32\ntdll.dll
0x00007ff878cc0000 - 0x00007ff878d7f000 	C:\Windows\System32\KERNEL32.DLL
0x00007ff876ea0000 - 0x00007ff877196000 	C:\Windows\System32\KERNELBASE.dll
0x00007ff8771a0000 - 0x00007ff8772a0000 	C:\Windows\System32\ucrtbase.dll
0x00007ff86dd00000 - 0x00007ff86dd19000 	C:\Program Files\Java\jdk-17\bin\jli.dll
0x00007ff8789f0000 - 0x00007ff878a9f000 	C:\Windows\System32\ADVAPI32.dll
0x00007ff8780d0000 - 0x00007ff87816e000 	C:\Windows\System32\msvcrt.dll
0x00007ff878d80000 - 0x00007ff878e1c000 	C:\Windows\System32\sechost.dll
0x00007ff878ad0000 - 0x00007ff878bf6000 	C:\Windows\System32\RPCRT4.dll
0x00007ff877660000 - 0x00007ff8777fd000 	C:\Windows\System32\USER32.dll
0x00007ff877500000 - 0x00007ff877522000 	C:\Windows\System32\win32u.dll
0x00007ff877610000 - 0x00007ff87763c000 	C:\Windows\System32\GDI32.dll
0x00007ff877340000 - 0x00007ff877455000 	C:\Windows\System32\gdi32full.dll
0x00007ff8772a0000 - 0x00007ff87733d000 	C:\Windows\System32\msvcp_win.dll
0x00007ff86d9b0000 - 0x00007ff86d9cb000 	C:\Program Files\Java\jdk-17\bin\VCRUNTIME140.dll
0x00007ff85a8b0000 - 0x00007ff85ab4a000 	C:\Windows\WinSxS\amd64_microsoft.windows.common-controls_6595b64144ccf1df_6.0.19041.1110_none_60b5254171f9507e\COMCTL32.dll
0x00007ff86e0e0000 - 0x00007ff86e0ea000 	C:\Windows\SYSTEM32\VERSION.dll
0x00007ff878aa0000 - 0x00007ff878ad0000 	C:\Windows\System32\IMM32.DLL
0x00007ff86d970000 - 0x00007ff86d97c000 	C:\Program Files\Java\jdk-17\bin\vcruntime140_1.dll
0x00007ff849d30000 - 0x00007ff849dbe000 	C:\Program Files\Java\jdk-17\bin\msvcp140.dll
0x00007fffe4100000 - 0x00007fffe4cdd000 	C:\Program Files\Java\jdk-17\bin\server\jvm.dll
0x00007ff8789e0000 - 0x00007ff8789e8000 	C:\Windows\System32\PSAPI.DLL
0x00007ff86d210000 - 0x00007ff86d219000 	C:\Windows\SYSTEM32\WSOCK32.dll
0x00007ff877ff0000 - 0x00007ff87805b000 	C:\Windows\System32\WS2_32.dll
0x00007ff850550000 - 0x00007ff850577000 	C:\Windows\SYSTEM32\WINMM.dll
0x00007ff875510000 - 0x00007ff875522000 	C:\Windows\SYSTEM32\kernel.appcore.dll
0x00007ff85d390000 - 0x00007ff85d39a000 	C:\Program Files\Java\jdk-17\bin\jimage.dll
0x00007ff871870000 - 0x00007ff871a54000 	C:\Windows\SYSTEM32\DBGHELP.DLL
0x00007ff865260000 - 0x00007ff865294000 	C:\Windows\SYSTEM32\dbgcore.DLL
0x00007ff877580000 - 0x00007ff877602000 	C:\Windows\System32\bcryptPrimitives.dll
0x00007ff84ef10000 - 0x00007ff84ef35000 	C:\Program Files\Java\jdk-17\bin\java.dll
0x00007ff849850000 - 0x00007ff849927000 	C:\Program Files\Java\jdk-17\bin\jsvml.dll
0x00007ff878e20000 - 0x00007ff879564000 	C:\Windows\System32\SHELL32.dll
0x00007ff874d10000 - 0x00007ff8754a3000 	C:\Windows\SYSTEM32\windows.storage.dll
0x00007ff878240000 - 0x00007ff878594000 	C:\Windows\System32\combase.dll
0x00007ff876600000 - 0x00007ff87662e000 	C:\Windows\SYSTEM32\Wldp.dll
0x00007ff8785a0000 - 0x00007ff87864d000 	C:\Windows\System32\SHCORE.dll
0x00007ff878c00000 - 0x00007ff878c55000 	C:\Windows\System32\shlwapi.dll
0x00007ff876bc0000 - 0x00007ff876be5000 	C:\Windows\SYSTEM32\profapi.dll
0x00007ff84a260000 - 0x00007ff84a279000 	C:\Program Files\Java\jdk-17\bin\net.dll
0x00007ff86bec0000 - 0x00007ff86bfca000 	C:\Windows\SYSTEM32\WINHTTP.dll
0x00007ff876360000 - 0x00007ff8763ca000 	C:\Windows\system32\mswsock.dll
0x00007ff84a240000 - 0x00007ff84a256000 	C:\Program Files\Java\jdk-17\bin\nio.dll
0x00007ff84a220000 - 0x00007ff84a238000 	C:\Program Files\Java\jdk-17\bin\zip.dll
0x00007ff86f6f0000 - 0x00007ff86f700000 	C:\Program Files\Java\jdk-17\bin\verify.dll
0x00007ff845650000 - 0x00007ff845677000 	C:\Users\ss\.gradle\native\e1d6ef7f7dcc3fd88c89a11ec53ec762bb8ba0a96d01ffa2cd45eb1d1d8dd5c5\windows-amd64\native-platform.dll
0x00007ff853550000 - 0x00007ff853694000 	C:\Users\ss\.gradle\native\5664cfc778a61ccfe75a443a1ab52a65af34e5dc3c78e0209fed803814484fcb\windows-amd64\native-platform-file-events.dll
0x00007ff851c90000 - 0x00007ff851c9a000 	C:\Program Files\Java\jdk-17\bin\management.dll
0x00007ff84da70000 - 0x00007ff84da7b000 	C:\Program Files\Java\jdk-17\bin\management_ext.dll
0x00007ff876550000 - 0x00007ff876568000 	C:\Windows\SYSTEM32\CRYPTSP.dll
0x00007ff875c70000 - 0x00007ff875ca4000 	C:\Windows\system32\rsaenh.dll
0x00007ff877460000 - 0x00007ff877487000 	C:\Windows\System32\bcrypt.dll
0x00007ff876b80000 - 0x00007ff876bae000 	C:\Windows\SYSTEM32\USERENV.dll
0x00007ff876570000 - 0x00007ff87657c000 	C:\Windows\SYSTEM32\CRYPTBASE.dll
0x00007ff876050000 - 0x00007ff87608b000 	C:\Windows\SYSTEM32\IPHLPAPI.DLL
0x00007ff878060000 - 0x00007ff878068000 	C:\Windows\System32\NSI.dll
0x00007ff86c6a0000 - 0x00007ff86c6b7000 	C:\Windows\SYSTEM32\dhcpcsvc6.DLL
0x00007ff86cf20000 - 0x00007ff86cf3d000 	C:\Windows\SYSTEM32\dhcpcsvc.DLL
0x00007ff876090000 - 0x00007ff87615a000 	C:\Windows\SYSTEM32\DNSAPI.dll
0x00007ff84d1a0000 - 0x00007ff84d1ad000 	C:\Program Files\Java\jdk-17\bin\sunmscapi.dll
0x00007ff876c90000 - 0x00007ff876dee000 	C:\Windows\System32\CRYPT32.dll
0x00007ff876670000 - 0x00007ff876698000 	C:\Windows\SYSTEM32\ncrypt.dll
0x00007ff876630000 - 0x00007ff87666b000 	C:\Windows\SYSTEM32\NTASN1.dll
0x00007ff846620000 - 0x00007ff846627000 	C:\Windows\system32\wshunix.dll

dbghelp: loaded successfully - version: 4.0.5 - missing functions: none
symbol engine: initialized successfully - sym options: 0x614 - pdb path: .;C:\Program Files\Java\jdk-17\bin;C:\Windows\SYSTEM32;C:\Windows\WinSxS\amd64_microsoft.windows.common-controls_6595b64144ccf1df_6.0.19041.1110_none_60b5254171f9507e;C:\Program Files\Java\jdk-17\bin\server;C:\Users\ss\.gradle\native\e1d6ef7f7dcc3fd88c89a11ec53ec762bb8ba0a96d01ffa2cd45eb1d1d8dd5c5\windows-amd64;C:\Users\ss\.gradle\native\5664cfc778a61ccfe75a443a1ab52a65af34e5dc3c78e0209fed803814484fcb\windows-amd64

VM Arguments:
jvm_args: -XX:MaxMetaspaceSize=512m --add-opens=java.base/java.util=ALL-UNNAMED --add-opens=java.base/java.lang=ALL-UNNAMED --add-opens=java.base/java.lang.invoke=ALL-UNNAMED --add-opens=java.base/java.util=ALL-UNNAMED --add-opens=java.prefs/java.util.prefs=ALL-UNNAMED --add-opens=java.prefs/java.util.prefs=ALL-UNNAMED --add-opens=java.base/java.nio.charset=ALL-UNNAMED --add-opens=java.base/java.net=ALL-UNNAMED --add-opens=java.base/java.util.concurrent.atomic=ALL-UNNAMED -Xmx2048m -Dfile.encoding=windows-1252 -Duser.country=IN -Duser.language=en -Duser.variant 
java_command: org.gradle.launcher.daemon.bootstrap.GradleDaemon 7.3.3
java_class_path (initial): C:\Users\ss\.gradle\wrapper\dists\gradle-7.3.3-all\4295vidhdd9hd3gbjyw1xqxpo\gradle-7.3.3\lib\gradle-launcher-7.3.3.jar
Launcher Type: SUN_STANDARD

[Global flags]
     intx CICompilerCount                          = 3                                         {product} {ergonomic}
   size_t CompressedClassSpaceSize                 = 432013312                                 {product} {ergonomic}
     uint ConcGCThreads                            = 1                                         {product} {ergonomic}
     uint G1ConcRefinementThreads                  = 4                                         {product} {ergonomic}
   size_t G1HeapRegionSize                         = 1048576                                   {product} {ergonomic}
    uintx GCDrainStackTargetSize                   = 64                                        {product} {ergonomic}
   size_t InitialHeapSize                          = 268435456                                 {product} {ergonomic}
   size_t MarkStackSize                            = 4194304                                   {product} {ergonomic}
   size_t MaxHeapSize                              = 2147483648                                {product} {command line}
   size_t MaxMetaspaceSize                         = 536870912                                 {product} {command line}
   size_t MaxNewSize                               = 1287651328                                {product} {ergonomic}
   size_t MinHeapDeltaBytes                        = 1048576                                   {product} {ergonomic}
   size_t MinHeapSize                              = 8388608                                   {product} {ergonomic}
    uintx NonNMethodCodeHeapSize                   = 5832780                                {pd product} {ergonomic}
    uintx NonProfiledCodeHeapSize                  = 122912730                              {pd product} {ergonomic}
    uintx ProfiledCodeHeapSize                     = 122912730                              {pd product} {ergonomic}
    uintx ReservedCodeCacheSize                    = 251658240                              {pd product} {ergonomic}
     bool SegmentedCodeCache                       = true                                      {product} {ergonomic}
   size_t SoftMaxHeapSize                          = 2147483648                             {manageable} {ergonomic}
     bool UseCompressedClassPointers               = true                           {product lp64_product} {ergonomic}
     bool UseCompressedOops                        = true                           {product lp64_product} {ergonomic}
     bool UseG1GC                                  = true                                      {product} {ergonomic}
     bool UseLargePagesIndividualAllocation        = false                                  {pd product} {ergonomic}

Logging:
Log output configuration:
 #0: stdout all=warning uptime,level,tags
 #1: stderr all=off uptime,level,tags

Environment Variables:
CLASSPATH=C:\Users\ss\Desktop\teachers-vision\android\\gradle\wrapper\gradle-wrapper.jar
PATH=C:\Users\ss\Desktop\teachers-vision\android\node_modules\.bin;C:\Users\ss\Desktop\teachers-vision\node_modules\.bin;C:\Users\ss\Desktop\node_modules\.bin;C:\Users\ss\node_modules\.bin;C:\Users\node_modules\.bin;C:\node_modules\.bin;C:\Program Files\nodejs;C:\Users\ss\Desktop\teachers-vision\node_modules\.bin;C:\Users\ss\Desktop\teachers-vision\node_modules\.bin;C:\Users\ss\Desktop\node_modules\.bin;C:\Users\ss\node_modules\.bin;C:\Users\node_modules\.bin;C:\node_modules\.bin;C:\Users\ss\AppData\Roaming\nvm\v16.16.0\node_modules\npm\node_modules\@npmcli\run-script\lib\node-gyp-bin;C:\Users\ss\Desktop\teachers-vision\node_modules\.bin;C:\Users\ss\Desktop\node_modules\.bin;C:\Users\ss\node_modules\.bin;C:\Users\node_modules\.bin;C:\node_modules\.bin;C:\Program Files\nodejs;C:\Users\ss\Desktop\teachers-vision\node_modules\.bin;C:\Users\ss\Desktop\teachers-vision\node_modules\.bin;C:\Users\ss\Desktop\node_modules\.bin;C:\Users\ss\node_modules\.bin;C:\Users\node_modules\.bin;C:\node_modules\.bin;C:\Users\ss\AppData\Roaming\nvm\v16.16.0\node_modules\npm\node_modules\@npmcli\run-script\lib\node-gyp-bin;C:\Program Files\Common Files\Oracle\Java\javapath;C:\Program Files (x86)\Common Files\Oracle\Java\javapath;C:\Program Files\Microsoft\jdk-11.0.18.10-hotspot\bin;C:\Program Files\Microsoft MPI\Bin\;C:\Windows\system32;C:\Windows;C:\Windows\System32\Wbem;C:\Windows\System32\WindowsPowerShell\v1.0\;C:\Windows\System32\OpenSSH\;C:\ProgramData\chocolatey\bin;C:\Users\ss\AppData\Local\Android\Sdk\platform-tools;C:\Program Files\Git\cmd;C:\Program Files\Microsoft SQL Server\150\Tools\Binn\;C:\Program Files (x86)\Microsoft SQL Server\160\Tools\Binn\;C:\Program Files\Microsoft SQL Server\160\Tools\Binn\;C:\Program Files\Microsoft SQL Server\Client SDK\ODBC\170\Tools\Binn\;C:\Program Files\Microsoft SQL Server\160\DTS\Binn\;C:\Program Files\dotnet\;C:\Program Files (x86)\dotnet\;C:\Program Files (x86)\Microsoft SQL Server\160\DTS\Binn\;C:\Program Files (x86)\Microsoft SQL Server\150
USERNAME=ss
LANG=en_US.UTF-8
OS=Windows_NT
PROCESSOR_IDENTIFIER=Intel64 Family 6 Model 142 Stepping 9, GenuineIntel



---------------  S Y S T E M  ---------------

OS:
 Windows 10 , 64 bit Build 19041 (10.0.19041.3155)
OS uptime: 7 days 8:00 hours

CPU: total 4 (initial active 4) (2 cores per cpu, 2 threads per core) family 6 model 142 stepping 9 microcode 0xb4, cx8, cmov, fxsr, ht, mmx, 3dnowpref, sse, sse2, sse3, ssse3, sse4.1, sse4.2, popcnt, lzcnt, tsc, tscinvbit, avx, avx2, aes, erms, clmul, bmi1, bmi2, adx, fma, vzeroupper, clflush, clflushopt

Memory: 4k page, system-wide physical 16263M (513M free)
TotalPageFile size 27101M (AvailPageFile size 49M)
current process WorkingSet (physical memory assigned to process): 571M, peak: 577M
current process commit charge ("private bytes"): 623M, peak: 761M

vm_info: Java HotSpot(TM) 64-Bit Server VM (17.0.7+8-LTS-224) for windows-amd64 JRE (17.0.7+8-LTS-224), built on Feb 28 2023 23:03:02 by "mach5one" with MS VC++ 17.1 (VS2022)

END.
