#
# There is insufficient memory for the Java Runtime Environment to continue.
# Native memory allocation (mmap) failed to map 22020096 bytes for G1 virtual space
# Possible reasons:
#   The system is out of physical RAM or swap space
#   The process is running with CompressedOops enabled, and the Java Heap may be blocking the growth of the native heap
# Possible solutions:
#   Reduce memory load on the system
#   Increase physical memory or swap space
#   Check if swap backing store is full
#   Decrease Java heap size (-Xmx/-Xms)
#   Decrease number of Java threads
#   Decrease Java thread stack sizes (-Xss)
#   Set larger code cache with -XX:ReservedCodeCacheSize=
#   JVM is running with Unscaled Compressed Oops mode in which the Java heap is
#     placed in the first 4GB address space. The Java Heap base address is the
#     maximum limit for the native heap growth. Please use -XX:HeapBaseMinAddress
#     to set the Java Heap base and to place the Java Heap above 4GB virtual address.
# This output file may be truncated or incomplete.
#
#  Out of Memory Error (os_windows.cpp:3550), pid=19604, tid=19036
#
# JRE version: Java(TM) SE Runtime Environment (17.0.7+8) (build 17.0.7+8-LTS-224)
# Java VM: Java HotSpot(TM) 64-Bit Server VM (17.0.7+8-LTS-224, mixed mode, sharing, tiered, compressed oops, compressed class ptrs, g1 gc, windows-amd64)
# No core dump will be written. Minidumps are not enabled by default on client versions of Windows
#

---------------  S U M M A R Y ------------

Command Line: -XX:MaxMetaspaceSize=512m --add-opens=java.base/java.util=ALL-UNNAMED --add-opens=java.base/java.lang=ALL-UNNAMED --add-opens=java.base/java.lang.invoke=ALL-UNNAMED --add-opens=java.base/java.util=ALL-UNNAMED --add-opens=java.prefs/java.util.prefs=ALL-UNNAMED --add-opens=java.prefs/java.util.prefs=ALL-UNNAMED --add-opens=java.base/java.nio.charset=ALL-UNNAMED --add-opens=java.base/java.net=ALL-UNNAMED --add-opens=java.base/java.util.concurrent.atomic=ALL-UNNAMED -Xmx2048m -Dfile.encoding=windows-1252 -Duser.country=IN -Duser.language=en -Duser.variant org.gradle.launcher.daemon.bootstrap.GradleDaemon 7.3.3

Host: Intel(R) Core(TM) i5-7200U CPU @ 2.50GHz, 4 cores, 15G,  Windows 10 , 64 bit Build 19041 (10.0.19041.3393)
Time: Mon Sep 18 12:44:46 2023 India Standard Time elapsed time: 948.320080 seconds (0d 0h 15m 48s)

---------------  T H R E A D  ---------------

Current thread (0x000001ddcb462e60):  VMThread "VM Thread" [stack: 0x0000006b87700000,0x0000006b87800000] [id=19036]

Stack: [0x0000006b87700000,0x0000006b87800000]
Native frames: (J=compiled Java code, j=interpreted, Vv=VM code, C=native code)
V  [jvm.dll+0x676a4a]
V  [jvm.dll+0x7d74f4]
V  [jvm.dll+0x7d8c9e]
V  [jvm.dll+0x7d9303]
V  [jvm.dll+0x2452c5]
V  [jvm.dll+0x6738f9]
V  [jvm.dll+0x668232]
V  [jvm.dll+0x302826]
V  [jvm.dll+0x309da6]
V  [jvm.dll+0x35952e]
V  [jvm.dll+0x35975f]
V  [jvm.dll+0x2d9a38]
V  [jvm.dll+0x2dcad6]
V  [jvm.dll+0x2e72d8]
V  [jvm.dll+0x31ad30]
V  [jvm.dll+0x7ddb0b]
V  [jvm.dll+0x7de844]
V  [jvm.dll+0x7ded5d]
V  [jvm.dll+0x7df134]
V  [jvm.dll+0x7df200]
V  [jvm.dll+0x78759a]
V  [jvm.dll+0x675875]
C  [ucrtbase.dll+0x21bb2]
C  [KERNEL32.DLL+0x17344]
C  [ntdll.dll+0x526b1]

VM_Operation (0x0000006b873ff880): G1Concurrent, mode: safepoint, requested by thread 0x000001ddadb70e30


---------------  P R O C E S S  ---------------

Threads class SMR info:
_java_thread_list=0x000001ddd2a016a0, length=88, elements={
0x000001ddadb07e00, 0x000001ddcb467ab0, 0x000001ddcb468920, 0x000001ddcb47fbf0,
0x000001ddcb482710, 0x000001ddcb4840d0, 0x000001ddcb484a80, 0x000001ddcb487820,
0x000001ddcb48aae0, 0x000001ddcb4be3f0, 0x000001ddcc10a160, 0x000001ddcc10ac60,
0x000001ddccbf5e20, 0x000001ddccdae580, 0x000001ddcc019030, 0x000001ddccc92560,
0x000001ddccf47c10, 0x000001ddccf14660, 0x000001ddccf154d0, 0x000001ddccf13320,
0x000001ddccf159a0, 0x000001ddccf124b0, 0x000001ddccf11fe0, 0x000001ddccf13cc0,
0x000001ddccf137f0, 0x000001ddccf12e50, 0x000001ddccf14190, 0x000001ddccf14b30,
0x000001ddccf15000, 0x000001ddcec7bd90, 0x000001ddcec7b8c0, 0x000001ddcec7b3f0,
0x000001ddcec79710, 0x000001ddcec76bc0, 0x000001ddcec7a580, 0x000001ddcec7d0d0,
0x000001ddcec7af20, 0x000001ddcec7d5a0, 0x000001ddcec788a0, 0x000001ddcec783d0,
0x000001ddcec7e410, 0x000001ddcec77090, 0x000001ddcec77a30, 0x000001ddcec78d70,
0x000001ddcec77560, 0x000001ddcec77f00, 0x000001ddcec79240, 0x000001ddccf12980,
0x000001ddce9212f0, 0x000001ddce922160, 0x000001ddce91ec70, 0x000001ddce921c90,
0x000001ddce924cb0, 0x000001ddce9217c0, 0x000001ddce925180, 0x000001ddce922630,
0x000001ddce922b00, 0x000001ddce91fae0, 0x000001ddce924310, 0x000001ddce922fd0,
0x000001ddce9234a0, 0x000001ddce923970, 0x000001ddce923e40, 0x000001ddce925650,
0x000001ddce925b20, 0x000001ddce925ff0, 0x000001ddce920480, 0x000001ddce91f610,
0x000001ddce9247e0, 0x000001ddce91f140, 0x000001ddce91e7a0, 0x000001ddce91ffb0,
0x000001ddce920950, 0x000001ddcf5684e0, 0x000001ddcf566cd0, 0x000001ddcf56a1c0,
0x000001ddcf567b40, 0x000001ddcf569350, 0x000001ddcf56b9d0, 0x000001ddcf568010,
0x000001ddcf56bea0, 0x000001ddcf56c370, 0x000001ddcf566330, 0x000001ddcf56d1e0,
0x000001ddcf56d6b0, 0x000001ddcf566800, 0x000001ddce920e20, 0x000001ddd21a87c0
}

Java Threads: ( => current thread )
  0x000001ddadb07e00 JavaThread "main" [_thread_blocked, id=1700, stack(0x0000006b87100000,0x0000006b87200000)]
  0x000001ddcb467ab0 JavaThread "Reference Handler" daemon [_thread_blocked, id=7744, stack(0x0000006b87800000,0x0000006b87900000)]
  0x000001ddcb468920 JavaThread "Finalizer" daemon [_thread_blocked, id=5672, stack(0x0000006b87900000,0x0000006b87a00000)]
  0x000001ddcb47fbf0 JavaThread "Signal Dispatcher" daemon [_thread_blocked, id=20504, stack(0x0000006b87a00000,0x0000006b87b00000)]
  0x000001ddcb482710 JavaThread "Attach Listener" daemon [_thread_blocked, id=20508, stack(0x0000006b87b00000,0x0000006b87c00000)]
  0x000001ddcb4840d0 JavaThread "Service Thread" daemon [_thread_blocked, id=20512, stack(0x0000006b87c00000,0x0000006b87d00000)]
  0x000001ddcb484a80 JavaThread "Monitor Deflation Thread" daemon [_thread_blocked, id=20516, stack(0x0000006b87d00000,0x0000006b87e00000)]
  0x000001ddcb487820 JavaThread "C2 CompilerThread0" daemon [_thread_blocked, id=20520, stack(0x0000006b87e00000,0x0000006b87f00000)]
  0x000001ddcb48aae0 JavaThread "C1 CompilerThread0" daemon [_thread_blocked, id=20540, stack(0x0000006b87f00000,0x0000006b88000000)]
  0x000001ddcb4be3f0 JavaThread "Sweeper thread" daemon [_thread_blocked, id=20544, stack(0x0000006b88000000,0x0000006b88100000)]
  0x000001ddcc10a160 JavaThread "Common-Cleaner" daemon [_thread_blocked, id=20560, stack(0x0000006b88100000,0x0000006b88200000)]
  0x000001ddcc10ac60 JavaThread "Notification Thread" daemon [_thread_blocked, id=20564, stack(0x0000006b88200000,0x0000006b88300000)]
  0x000001ddccbf5e20 JavaThread "Daemon health stats" [_thread_blocked, id=20360, stack(0x0000006b88700000,0x0000006b88800000)]
  0x000001ddccdae580 JavaThread "Incoming local TCP Connector on port 51530" [_thread_in_native, id=20976, stack(0x0000006b88800000,0x0000006b88900000)]
  0x000001ddcc019030 JavaThread "Daemon periodic checks" [_thread_blocked, id=21060, stack(0x0000006b88900000,0x0000006b88a00000)]
  0x000001ddccc92560 JavaThread "Daemon" [_thread_blocked, id=21420, stack(0x0000006b88a00000,0x0000006b88b00000)]
  0x000001ddccf47c10 JavaThread "Handler for socket connection from /127.0.0.1:51530 to /127.0.0.1:51531" [_thread_in_native, id=21432, stack(0x0000006b88b00000,0x0000006b88c00000)]
  0x000001ddccf14660 JavaThread "Cancel handler" [_thread_blocked, id=21424, stack(0x0000006b88c00000,0x0000006b88d00000)]
  0x000001ddccf154d0 JavaThread "Daemon worker" [_thread_blocked, id=21412, stack(0x0000006b88d00000,0x0000006b88e00000)]
  0x000001ddccf13320 JavaThread "Asynchronous log dispatcher for DefaultDaemonConnection: socket connection from /127.0.0.1:51530 to /127.0.0.1:51531" [_thread_blocked, id=20536, stack(0x0000006b88e00000,0x0000006b88f00000)]
  0x000001ddccf159a0 JavaThread "Stdin handler" [_thread_blocked, id=20784, stack(0x0000006b88f00000,0x0000006b89000000)]
  0x000001ddccf124b0 JavaThread "Daemon client event forwarder" [_thread_blocked, id=20608, stack(0x0000006b89000000,0x0000006b89100000)]
  0x000001ddccf11fe0 JavaThread "Cache worker for journal cache (C:\Users\ss\.gradle\caches\journal-1)" [_thread_blocked, id=20988, stack(0x0000006b89100000,0x0000006b89200000)]
  0x000001ddccf13cc0 JavaThread "File lock request listener" [_thread_in_native, id=17524, stack(0x0000006b89200000,0x0000006b89300000)]
  0x000001ddccf137f0 JavaThread "Cache worker for file hash cache (C:\Users\ss\.gradle\caches\7.3.3\fileHashes)" [_thread_blocked, id=8468, stack(0x0000006b89400000,0x0000006b89500000)]
  0x000001ddccf12e50 JavaThread "Cache worker for file hash cache (C:\Users\ss\Desktop\teachers-vision\android\.gradle\7.3.3\fileHashes)" [_thread_blocked, id=21228, stack(0x0000006b89500000,0x0000006b89600000)]
  0x000001ddccf14190 JavaThread "File watcher server" daemon [_thread_in_native, id=18544, stack(0x0000006b89600000,0x0000006b89700000)]
  0x000001ddccf14b30 JavaThread "File watcher consumer" daemon [_thread_blocked, id=20992, stack(0x0000006b89700000,0x0000006b89800000)]
  0x000001ddccf15000 JavaThread "Cache worker for checksums cache (C:\Users\ss\Desktop\teachers-vision\android\.gradle\7.3.3\checksums)" [_thread_blocked, id=17644, stack(0x0000006b89800000,0x0000006b89900000)]
  0x000001ddcec7bd90 JavaThread "Cache worker for cache directory md-supplier (C:\Users\ss\.gradle\caches\7.3.3\md-supplier)" [_thread_blocked, id=20588, stack(0x0000006b89900000,0x0000006b89a00000)]
  0x000001ddcec7b8c0 JavaThread "Cache worker for cache directory md-rule (C:\Users\ss\.gradle\caches\7.3.3\md-rule)" [_thread_blocked, id=18776, stack(0x0000006b89a00000,0x0000006b89b00000)]
  0x000001ddcec7b3f0 JavaThread "Cache worker for execution history cache (C:\Users\ss\.gradle\caches\7.3.3\executionHistory)" [_thread_blocked, id=20680, stack(0x0000006b89b00000,0x0000006b89c00000)]
  0x000001ddcec79710 JavaThread "jar transforms" [_thread_blocked, id=11704, stack(0x0000006b89c00000,0x0000006b89d00000)]
  0x000001ddcec76bc0 JavaThread "jar transforms Thread 2" [_thread_blocked, id=21300, stack(0x0000006b89d00000,0x0000006b89e00000)]
  0x000001ddcec7a580 JavaThread "Cache worker for file content cache (C:\Users\ss\.gradle\caches\7.3.3\fileContent)" [_thread_blocked, id=20756, stack(0x0000006b89e00000,0x0000006b89f00000)]
  0x000001ddcec7d0d0 JavaThread "jar transforms Thread 3" [_thread_blocked, id=22060, stack(0x0000006b89f00000,0x0000006b8a000000)]
  0x000001ddcec7af20 JavaThread "jar transforms Thread 4" [_thread_blocked, id=22080, stack(0x0000006b8a000000,0x0000006b8a100000)]
  0x000001ddcec7d5a0 JavaThread "Cache worker for kotlin-dsl (C:\Users\ss\.gradle\caches\7.3.3\kotlin-dsl)" [_thread_blocked, id=22376, stack(0x0000006b86f00000,0x0000006b87000000)]
  0x000001ddcec788a0 JavaThread "Cache worker for dependencies-accessors (C:\Users\ss\Desktop\teachers-vision\android\.gradle\7.3.3\dependencies-accessors)" [_thread_blocked, id=22792, stack(0x0000006b89300000,0x0000006b89400000)]
  0x000001ddcec783d0 JavaThread "Cache worker for Build Output Cleanup Cache (C:\Users\ss\Desktop\teachers-vision\node_modules\react-native-gradle-plugin\.gradle\buildOutputCleanup)" [_thread_blocked, id=22544, stack(0x0000006b8a100000,0x0000006b8a200000)]
  0x000001ddcec7e410 JavaThread "Unconstrained build operations" [_thread_blocked, id=22392, stack(0x0000006b8a200000,0x0000006b8a300000)]
  0x000001ddcec77090 JavaThread "Unconstrained build operations Thread 2" [_thread_blocked, id=20936, stack(0x0000006b8a300000,0x0000006b8a400000)]
  0x000001ddcec77a30 JavaThread "Unconstrained build operations Thread 3" [_thread_blocked, id=21496, stack(0x0000006b8a400000,0x0000006b8a500000)]
  0x000001ddcec78d70 JavaThread "Unconstrained build operations Thread 4" [_thread_blocked, id=22500, stack(0x0000006b8a500000,0x0000006b8a600000)]
  0x000001ddcec77560 JavaThread "Unconstrained build operations Thread 5" [_thread_blocked, id=21144, stack(0x0000006b8a600000,0x0000006b8a700000)]
  0x000001ddcec77f00 JavaThread "Unconstrained build operations Thread 6" [_thread_blocked, id=21636, stack(0x0000006b8a700000,0x0000006b8a800000)]
  0x000001ddcec79240 JavaThread "Unconstrained build operations Thread 7" [_thread_blocked, id=23548, stack(0x0000006b8a800000,0x0000006b8a900000)]
  0x000001ddccf12980 JavaThread "Unconstrained build operations Thread 8" [_thread_blocked, id=23152, stack(0x0000006b8a900000,0x0000006b8aa00000)]
  0x000001ddce9212f0 JavaThread "Unconstrained build operations Thread 9" [_thread_blocked, id=7652, stack(0x0000006b8aa00000,0x0000006b8ab00000)]
  0x000001ddce922160 JavaThread "Unconstrained build operations Thread 10" [_thread_blocked, id=23480, stack(0x0000006b8ab00000,0x0000006b8ac00000)]
  0x000001ddce91ec70 JavaThread "Unconstrained build operations Thread 11" [_thread_blocked, id=21292, stack(0x0000006b8ac00000,0x0000006b8ad00000)]
  0x000001ddce921c90 JavaThread "Unconstrained build operations Thread 12" [_thread_blocked, id=16024, stack(0x0000006b8ad00000,0x0000006b8ae00000)]
  0x000001ddce924cb0 JavaThread "Unconstrained build operations Thread 13" [_thread_blocked, id=22844, stack(0x0000006b8ae00000,0x0000006b8af00000)]
  0x000001ddce9217c0 JavaThread "Unconstrained build operations Thread 14" [_thread_blocked, id=22396, stack(0x0000006b8af00000,0x0000006b8b000000)]
  0x000001ddce925180 JavaThread "Unconstrained build operations Thread 15" [_thread_blocked, id=19980, stack(0x0000006b8b000000,0x0000006b8b100000)]
  0x000001ddce922630 JavaThread "Unconstrained build operations Thread 16" [_thread_blocked, id=21596, stack(0x0000006b8b100000,0x0000006b8b200000)]
  0x000001ddce922b00 JavaThread "Unconstrained build operations Thread 17" [_thread_blocked, id=6868, stack(0x0000006b8b200000,0x0000006b8b300000)]
  0x000001ddce91fae0 JavaThread "Unconstrained build operations Thread 18" [_thread_blocked, id=16688, stack(0x0000006b8b300000,0x0000006b8b400000)]
  0x000001ddce924310 JavaThread "Unconstrained build operations Thread 19" [_thread_blocked, id=20724, stack(0x0000006b8b400000,0x0000006b8b500000)]
  0x000001ddce922fd0 JavaThread "Unconstrained build operations Thread 20" [_thread_blocked, id=21684, stack(0x0000006b8b500000,0x0000006b8b600000)]
  0x000001ddce9234a0 JavaThread "Unconstrained build operations Thread 21" [_thread_blocked, id=19240, stack(0x0000006b8b600000,0x0000006b8b700000)]
  0x000001ddce923970 JavaThread "Unconstrained build operations Thread 22" [_thread_blocked, id=19404, stack(0x0000006b8b700000,0x0000006b8b800000)]
  0x000001ddce923e40 JavaThread "Unconstrained build operations Thread 23" [_thread_blocked, id=22160, stack(0x0000006b8b800000,0x0000006b8b900000)]
  0x000001ddce925650 JavaThread "Unconstrained build operations Thread 24" [_thread_blocked, id=22212, stack(0x0000006b8b900000,0x0000006b8ba00000)]
  0x000001ddce925b20 JavaThread "Unconstrained build operations Thread 25" [_thread_blocked, id=21416, stack(0x0000006b8ba00000,0x0000006b8bb00000)]
  0x000001ddce925ff0 JavaThread "Unconstrained build operations Thread 26" [_thread_blocked, id=14872, stack(0x0000006b8bb00000,0x0000006b8bc00000)]
  0x000001ddce920480 JavaThread "Unconstrained build operations Thread 27" [_thread_blocked, id=20848, stack(0x0000006b8bc00000,0x0000006b8bd00000)]
  0x000001ddce91f610 JavaThread "Unconstrained build operations Thread 28" [_thread_blocked, id=20548, stack(0x0000006b8bd00000,0x0000006b8be00000)]
  0x000001ddce9247e0 JavaThread "Unconstrained build operations Thread 29" [_thread_blocked, id=7828, stack(0x0000006b8be00000,0x0000006b8bf00000)]
  0x000001ddce91f140 JavaThread "Unconstrained build operations Thread 30" [_thread_blocked, id=20964, stack(0x0000006b8bf00000,0x0000006b8c000000)]
  0x000001ddce91e7a0 JavaThread "Unconstrained build operations Thread 31" [_thread_blocked, id=16668, stack(0x0000006b8c000000,0x0000006b8c100000)]
  0x000001ddce91ffb0 JavaThread "Unconstrained build operations Thread 32" [_thread_blocked, id=19992, stack(0x0000006b8c100000,0x0000006b8c200000)]
  0x000001ddce920950 JavaThread "Unconstrained build operations Thread 33" [_thread_blocked, id=18088, stack(0x0000006b8c200000,0x0000006b8c300000)]
  0x000001ddcf5684e0 JavaThread "build event listener" [_thread_blocked, id=2792, stack(0x0000006b8c400000,0x0000006b8c500000)]
  0x000001ddcf566cd0 JavaThread "Memory manager" [_thread_blocked, id=19812, stack(0x0000006b8c500000,0x0000006b8c600000)]
  0x000001ddcf56a1c0 JavaThread "Cache worker for Build Output Cleanup Cache (C:\Users\ss\Desktop\teachers-vision\android\.gradle\buildOutputCleanup)" [_thread_blocked, id=3344, stack(0x0000006b8c600000,0x0000006b8c700000)]
  0x000001ddcf567b40 JavaThread "Cache worker for execution history cache (C:\Users\ss\Desktop\teachers-vision\node_modules\react-native-gradle-plugin\.gradle\7.3.3\executionHistory)" [_thread_blocked, id=22612, stack(0x0000006b8cb00000,0x0000006b8cc00000)]
  0x000001ddcf569350 JavaThread "Unconstrained build operations Thread 34" [_thread_blocked, id=22384, stack(0x0000006b8cc00000,0x0000006b8cd00000)]
  0x000001ddcf56b9d0 JavaThread "Unconstrained build operations Thread 35" [_thread_blocked, id=16968, stack(0x0000006b8cd00000,0x0000006b8ce00000)]
  0x000001ddcf568010 JavaThread "Unconstrained build operations Thread 36" [_thread_blocked, id=21764, stack(0x0000006b8ce00000,0x0000006b8cf00000)]
  0x000001ddcf56bea0 JavaThread "Unconstrained build operations Thread 37" [_thread_blocked, id=22736, stack(0x0000006b8cf00000,0x0000006b8d000000)]
  0x000001ddcf56c370 JavaThread "Unconstrained build operations Thread 38" [_thread_blocked, id=7460, stack(0x0000006b8d000000,0x0000006b8d100000)]
  0x000001ddcf566330 JavaThread "Unconstrained build operations Thread 39" [_thread_blocked, id=22344, stack(0x0000006b8d100000,0x0000006b8d200000)]
  0x000001ddcf56d1e0 JavaThread "Unconstrained build operations Thread 40" [_thread_blocked, id=21656, stack(0x0000006b8d200000,0x0000006b8d300000)]
  0x000001ddcf56d6b0 JavaThread "File lock release action executor Thread 6" [_thread_blocked, id=248, stack(0x0000006b87000000,0x0000006b87100000)]
  0x000001ddcf566800 JavaThread "build event listener" [_thread_blocked, id=19268, stack(0x0000006b8c300000,0x0000006b8c400000)]
  0x000001ddce920e20 JavaThread "File lock release action executor Thread 7" [_thread_blocked, id=21108, stack(0x0000006b8c700000,0x0000006b8c800000)]
  0x000001ddd21a87c0 JavaThread "build event listener" [_thread_blocked, id=27660, stack(0x0000006b8c800000,0x0000006b8c900000)]

Other Threads:
=>0x000001ddcb462e60 VMThread "VM Thread" [stack: 0x0000006b87700000,0x0000006b87800000] [id=19036]
  0x000001ddcc10f150 WatcherThread [stack: 0x0000006b88300000,0x0000006b88400000] [id=20568]
  0x000001ddadb5fef0 GCTaskThread "GC Thread#0" [stack: 0x0000006b87200000,0x0000006b87300000] [id=7864]
  0x000001ddcc2d5270 GCTaskThread "GC Thread#1" [stack: 0x0000006b88400000,0x0000006b88500000] [id=20940]
  0x000001ddcc22f000 GCTaskThread "GC Thread#2" [stack: 0x0000006b88500000,0x0000006b88600000] [id=20944]
  0x000001ddcc355a30 GCTaskThread "GC Thread#3" [stack: 0x0000006b88600000,0x0000006b88700000] [id=20948]
  0x000001ddadb70e30 ConcurrentGCThread "G1 Main Marker" [stack: 0x0000006b87300000,0x0000006b87400000] [id=19848]
  0x000001ddadb71840 ConcurrentGCThread "G1 Conc#0" [stack: 0x0000006b87400000,0x0000006b87500000] [id=19964]
  0x000001ddadbdd6b0 ConcurrentGCThread "G1 Refine#0" [stack: 0x0000006b87500000,0x0000006b87600000] [id=19772]
  0x000001ddadbde0d0 ConcurrentGCThread "G1 Service" [stack: 0x0000006b87600000,0x0000006b87700000] [id=19708]

Threads with active compile tasks:
C2 CompilerThread0   948392 13978       4       org.objectweb.asm.Type::appendDescriptor (185 bytes)

VM state: at safepoint (normal execution)

VM Mutex/Monitor currently owned by a thread:  ([mutex/lock_event])
[0x000001ddadb03e40] Threads_lock - owner thread: 0x000001ddcb462e60
[0x000001ddadb03780] Heap_lock - owner thread: 0x000001ddadb70e30

Heap address: 0x0000000080000000, size: 2048 MB, Compressed Oops mode: 32-bit

CDS archive(s) mapped at: [0x0000000800000000-0x0000000800bd0000-0x0000000800bd0000), size 12386304, SharedBaseAddress: 0x0000000800000000, ArchiveRelocationMode: 0.
Compressed class space mapped at: 0x0000000800c00000-0x000000081a800000, reserved size: 432013312
Narrow klass base: 0x0000000800000000, Narrow klass shift: 0, Narrow klass range: 0x100000000

GC Precious Log:
 CPUs: 4 total, 4 available
 Memory: 16263M
 Large Page Support: Disabled
 NUMA Support: Disabled
 Compressed Oops: Enabled (32-bit)
 Heap Region Size: 1M
 Heap Min Capacity: 8M
 Heap Initial Capacity: 256M
 Heap Max Capacity: 2G
 Pre-touch: Disabled
 Parallel Workers: 4
 Concurrent Workers: 1
 Concurrent Refinement Workers: 4
 Periodic GC: Disabled

Heap:
 garbage-first heap   total 240640K, used 158176K [0x0000000080000000, 0x0000000100000000)
  region size 1024K, 17 young (17408K), 7 survivors (7168K)
 Metaspace       used 93349K, committed 94848K, reserved 503808K
  class space    used 12863K, committed 13568K, reserved 421888K

Heap Regions: E=young(eden), S=young(survivor), O=old, HS=humongous(starts), HC=humongous(continues), CS=collection set, F=free, OA=open archive, CA=closed archive, TAMS=top-at-mark-start (previous, next)
|   0|0x0000000080000000, 0x0000000080100000, 0x0000000080100000|100%|HS|  |TAMS 0x0000000080100000, 0x0000000080000000| Complete 
|   1|0x0000000080100000, 0x0000000080200000, 0x0000000080200000|100%|HC|  |TAMS 0x0000000080200000, 0x0000000080100000| Complete 
|   2|0x0000000080200000, 0x0000000080300000, 0x0000000080300000|100%|HC|  |TAMS 0x0000000080300000, 0x0000000080200000| Complete 
|   3|0x0000000080300000, 0x0000000080400000, 0x0000000080400000|100%| O|  |TAMS 0x0000000080400000, 0x0000000080300000| Untracked 
|   4|0x0000000080400000, 0x0000000080500000, 0x0000000080500000|100%| O|  |TAMS 0x0000000080500000, 0x0000000080400000| Untracked 
|   5|0x0000000080500000, 0x0000000080600000, 0x0000000080600000|100%| O|  |TAMS 0x0000000080600000, 0x0000000080500000| Untracked 
|   6|0x0000000080600000, 0x0000000080700000, 0x0000000080700000|100%| O|  |TAMS 0x0000000080700000, 0x0000000080600000| Untracked 
|   7|0x0000000080700000, 0x0000000080800000, 0x0000000080800000|100%| O|  |TAMS 0x0000000080800000, 0x0000000080700000| Untracked 
|   8|0x0000000080800000, 0x0000000080900000, 0x0000000080900000|100%| O|  |TAMS 0x0000000080900000, 0x0000000080800000| Untracked 
|   9|0x0000000080900000, 0x0000000080a00000, 0x0000000080a00000|100%| O|  |TAMS 0x0000000080a00000, 0x0000000080900000| Untracked 
|  10|0x0000000080a00000, 0x0000000080b00000, 0x0000000080b00000|100%| O|  |TAMS 0x0000000080b00000, 0x0000000080a00000| Untracked 
|  11|0x0000000080b00000, 0x0000000080c00000, 0x0000000080c00000|100%| O|  |TAMS 0x0000000080c00000, 0x0000000080b00000| Untracked 
|  12|0x0000000080c00000, 0x0000000080d00000, 0x0000000080d00000|100%| O|  |TAMS 0x0000000080d00000, 0x0000000080c00000| Untracked 
|  13|0x0000000080d00000, 0x0000000080e00000, 0x0000000080e00000|100%| O|  |TAMS 0x0000000080e00000, 0x0000000080d00000| Untracked 
|  14|0x0000000080e00000, 0x0000000080f00000, 0x0000000080f00000|100%| O|  |TAMS 0x0000000080f00000, 0x0000000080e00000| Updating 
|  15|0x0000000080f00000, 0x0000000081000000, 0x0000000081000000|100%| O|  |TAMS 0x0000000081000000, 0x0000000080f00000| Untracked 
|  16|0x0000000081000000, 0x0000000081100000, 0x0000000081100000|100%| O|  |TAMS 0x0000000081100000, 0x0000000081000000| Untracked 
|  17|0x0000000081100000, 0x0000000081200000, 0x0000000081200000|100%| O|  |TAMS 0x0000000081200000, 0x0000000081100000| Untracked 
|  18|0x0000000081200000, 0x0000000081300000, 0x0000000081300000|100%| O|  |TAMS 0x0000000081300000, 0x0000000081200000| Updating 
|  19|0x0000000081300000, 0x0000000081400000, 0x0000000081400000|100%| O|  |TAMS 0x0000000081400000, 0x0000000081300000| Untracked 
|  20|0x0000000081400000, 0x0000000081500000, 0x0000000081500000|100%| O|  |TAMS 0x0000000081500000, 0x0000000081400000| Untracked 
|  21|0x0000000081500000, 0x0000000081600000, 0x0000000081600000|100%| O|  |TAMS 0x0000000081600000, 0x0000000081500000| Updating 
|  22|0x0000000081600000, 0x0000000081700000, 0x0000000081700000|100%|HS|  |TAMS 0x0000000081700000, 0x0000000081600000| Complete 
|  23|0x0000000081700000, 0x0000000081800000, 0x0000000081800000|100%| O|  |TAMS 0x0000000081800000, 0x0000000081700000| Untracked 
|  24|0x0000000081800000, 0x0000000081900000, 0x0000000081900000|100%| O|  |TAMS 0x0000000081900000, 0x0000000081800000| Untracked 
|  25|0x0000000081900000, 0x0000000081a00000, 0x0000000081a00000|100%| O|  |TAMS 0x0000000081a00000, 0x0000000081900000| Untracked 
|  26|0x0000000081a00000, 0x0000000081b00000, 0x0000000081b00000|100%| O|  |TAMS 0x0000000081b00000, 0x0000000081a00000| Untracked 
|  27|0x0000000081b00000, 0x0000000081c00000, 0x0000000081c00000|100%| O|  |TAMS 0x0000000081c00000, 0x0000000081b00000| Untracked 
|  28|0x0000000081c00000, 0x0000000081d00000, 0x0000000081d00000|100%| O|  |TAMS 0x0000000081d00000, 0x0000000081c00000| Untracked 
|  29|0x0000000081d00000, 0x0000000081e00000, 0x0000000081e00000|100%| O|  |TAMS 0x0000000081e00000, 0x0000000081d00000| Untracked 
|  30|0x0000000081e00000, 0x0000000081f00000, 0x0000000081f00000|100%| O|  |TAMS 0x0000000081f00000, 0x0000000081e00000| Untracked 
|  31|0x0000000081f00000, 0x0000000082000000, 0x0000000082000000|100%| O|  |TAMS 0x0000000082000000, 0x0000000081f00000| Untracked 
|  32|0x0000000082000000, 0x0000000082100000, 0x0000000082100000|100%| O|  |TAMS 0x0000000082100000, 0x0000000082000000| Untracked 
|  33|0x0000000082100000, 0x0000000082200000, 0x0000000082200000|100%| O|  |TAMS 0x0000000082200000, 0x0000000082100000| Untracked 
|  34|0x0000000082200000, 0x0000000082300000, 0x0000000082300000|100%| O|  |TAMS 0x0000000082300000, 0x0000000082200000| Untracked 
|  35|0x0000000082300000, 0x0000000082400000, 0x0000000082400000|100%| O|  |TAMS 0x0000000082400000, 0x0000000082300000| Untracked 
|  36|0x0000000082400000, 0x0000000082500000, 0x0000000082500000|100%|HS|  |TAMS 0x0000000082500000, 0x0000000082400000| Complete 
|  37|0x0000000082500000, 0x0000000082600000, 0x0000000082600000|100%|HC|  |TAMS 0x0000000082600000, 0x0000000082500000| Complete 
|  38|0x0000000082600000, 0x0000000082700000, 0x0000000082700000|100%|HC|  |TAMS 0x0000000082700000, 0x0000000082600000| Complete 
|  39|0x0000000082700000, 0x0000000082800000, 0x0000000082800000|100%| O|  |TAMS 0x0000000082800000, 0x0000000082700000| Updating 
|  40|0x0000000082800000, 0x0000000082900000, 0x0000000082900000|100%| O|  |TAMS 0x0000000082900000, 0x0000000082800000| Untracked 
|  41|0x0000000082900000, 0x0000000082a00000, 0x0000000082a00000|100%| O|  |TAMS 0x0000000082a00000, 0x0000000082900000| Untracked 
|  42|0x0000000082a00000, 0x0000000082b00000, 0x0000000082b00000|100%| O|  |TAMS 0x0000000082b00000, 0x0000000082a00000| Untracked 
|  43|0x0000000082b00000, 0x0000000082c00000, 0x0000000082c00000|100%| O|  |TAMS 0x0000000082c00000, 0x0000000082b00000| Untracked 
|  44|0x0000000082c00000, 0x0000000082d00000, 0x0000000082d00000|100%| O|  |TAMS 0x0000000082d00000, 0x0000000082c00000| Untracked 
|  45|0x0000000082d00000, 0x0000000082e00000, 0x0000000082e00000|100%| O|  |TAMS 0x0000000082e00000, 0x0000000082d00000| Untracked 
|  46|0x0000000082e00000, 0x0000000082f00000, 0x0000000082f00000|100%| O|  |TAMS 0x0000000082f00000, 0x0000000082e00000| Untracked 
|  47|0x0000000082f00000, 0x0000000083000000, 0x0000000083000000|100%| O|  |TAMS 0x0000000083000000, 0x0000000082f00000| Untracked 
|  48|0x0000000083000000, 0x0000000083100000, 0x0000000083100000|100%| O|  |TAMS 0x0000000083100000, 0x0000000083000000| Untracked 
|  49|0x0000000083100000, 0x0000000083200000, 0x0000000083200000|100%| O|  |TAMS 0x0000000083200000, 0x0000000083100000| Untracked 
|  50|0x0000000083200000, 0x0000000083300000, 0x0000000083300000|100%| O|  |TAMS 0x0000000083300000, 0x0000000083200000| Untracked 
|  51|0x0000000083300000, 0x0000000083400000, 0x0000000083400000|100%| O|  |TAMS 0x0000000083400000, 0x0000000083300000| Untracked 
|  52|0x0000000083400000, 0x0000000083500000, 0x0000000083500000|100%| O|  |TAMS 0x0000000083500000, 0x0000000083400000| Untracked 
|  53|0x0000000083500000, 0x0000000083600000, 0x0000000083600000|100%| O|  |TAMS 0x0000000083600000, 0x0000000083500000| Untracked 
|  54|0x0000000083600000, 0x0000000083700000, 0x0000000083700000|100%| O|  |TAMS 0x0000000083700000, 0x0000000083600000| Untracked 
|  55|0x0000000083700000, 0x0000000083800000, 0x0000000083800000|100%| O|  |TAMS 0x0000000083800000, 0x0000000083700000| Untracked 
|  56|0x0000000083800000, 0x0000000083900000, 0x0000000083900000|100%|HS|  |TAMS 0x0000000083900000, 0x0000000083800000| Complete 
|  57|0x0000000083900000, 0x0000000083a00000, 0x0000000083a00000|100%|HS|  |TAMS 0x0000000083a00000, 0x0000000083900000| Complete 
|  58|0x0000000083a00000, 0x0000000083b00000, 0x0000000083b00000|100%|HS|  |TAMS 0x0000000083b00000, 0x0000000083a00000| Complete 
|  59|0x0000000083b00000, 0x0000000083c00000, 0x0000000083c00000|100%| O|  |TAMS 0x0000000083c00000, 0x0000000083b00000| Updating 
|  60|0x0000000083c00000, 0x0000000083d00000, 0x0000000083d00000|100%|HS|  |TAMS 0x0000000083d00000, 0x0000000083c00000| Complete 
|  61|0x0000000083d00000, 0x0000000083e00000, 0x0000000083e00000|100%|HC|  |TAMS 0x0000000083e00000, 0x0000000083d00000| Complete 
|  62|0x0000000083e00000, 0x0000000083f00000, 0x0000000083f00000|100%| O|  |TAMS 0x0000000083f00000, 0x0000000083e00000| Untracked 
|  63|0x0000000083f00000, 0x0000000084000000, 0x0000000084000000|100%| O|  |TAMS 0x0000000084000000, 0x0000000083f00000| Updating 
|  64|0x0000000084000000, 0x0000000084100000, 0x0000000084100000|100%| O|  |TAMS 0x0000000084100000, 0x0000000084000000| Untracked 
|  65|0x0000000084100000, 0x0000000084200000, 0x0000000084200000|100%| O|  |TAMS 0x0000000084200000, 0x0000000084100000| Untracked 
|  66|0x0000000084200000, 0x0000000084300000, 0x0000000084300000|100%| O|  |TAMS 0x0000000084300000, 0x0000000084200000| Untracked 
|  67|0x0000000084300000, 0x0000000084400000, 0x0000000084400000|100%| O|  |TAMS 0x0000000084400000, 0x0000000084300000| Untracked 
|  68|0x0000000084400000, 0x0000000084500000, 0x0000000084500000|100%| O|  |TAMS 0x0000000084500000, 0x0000000084400000| Untracked 
|  69|0x0000000084500000, 0x0000000084600000, 0x0000000084600000|100%| O|  |TAMS 0x0000000084600000, 0x0000000084500000| Untracked 
|  70|0x0000000084600000, 0x0000000084700000, 0x0000000084700000|100%| O|  |TAMS 0x0000000084700000, 0x0000000084600000| Untracked 
|  71|0x0000000084700000, 0x0000000084800000, 0x0000000084800000|100%| O|  |TAMS 0x0000000084800000, 0x0000000084700000| Untracked 
|  72|0x0000000084800000, 0x0000000084900000, 0x0000000084900000|100%| O|  |TAMS 0x0000000084900000, 0x0000000084800000| Updating 
|  73|0x0000000084900000, 0x0000000084a00000, 0x0000000084a00000|100%| O|  |TAMS 0x0000000084a00000, 0x0000000084900000| Untracked 
|  74|0x0000000084a00000, 0x0000000084b00000, 0x0000000084b00000|100%| O|  |TAMS 0x0000000084b00000, 0x0000000084a00000| Untracked 
|  75|0x0000000084b00000, 0x0000000084c00000, 0x0000000084c00000|100%| O|  |TAMS 0x0000000084c00000, 0x0000000084b00000| Untracked 
|  76|0x0000000084c00000, 0x0000000084d00000, 0x0000000084d00000|100%| O|  |TAMS 0x0000000084d00000, 0x0000000084c00000| Untracked 
|  77|0x0000000084d00000, 0x0000000084e00000, 0x0000000084e00000|100%| O|  |TAMS 0x0000000084e00000, 0x0000000084d00000| Updating 
|  78|0x0000000084e00000, 0x0000000084f00000, 0x0000000084f00000|100%| O|  |TAMS 0x0000000084f00000, 0x0000000084e00000| Untracked 
|  79|0x0000000084f00000, 0x0000000085000000, 0x0000000085000000|100%| O|  |TAMS 0x0000000085000000, 0x0000000084f00000| Untracked 
|  80|0x0000000085000000, 0x0000000085100000, 0x0000000085100000|100%| O|  |TAMS 0x0000000085100000, 0x0000000085000000| Updating 
|  81|0x0000000085100000, 0x0000000085200000, 0x0000000085200000|100%| O|  |TAMS 0x0000000085200000, 0x0000000085100000| Untracked 
|  82|0x0000000085200000, 0x0000000085300000, 0x0000000085300000|100%| O|  |TAMS 0x0000000085300000, 0x0000000085200000| Untracked 
|  83|0x0000000085300000, 0x0000000085400000, 0x0000000085400000|100%| O|  |TAMS 0x0000000085400000, 0x0000000085300000| Untracked 
|  84|0x0000000085400000, 0x0000000085500000, 0x0000000085500000|100%| O|  |TAMS 0x0000000085500000, 0x0000000085400000| Untracked 
|  85|0x0000000085500000, 0x0000000085600000, 0x0000000085600000|100%| O|  |TAMS 0x0000000085600000, 0x0000000085500000| Untracked 
|  86|0x0000000085600000, 0x0000000085700000, 0x0000000085700000|100%| O|  |TAMS 0x0000000085700000, 0x0000000085600000| Untracked 
|  87|0x0000000085700000, 0x0000000085800000, 0x0000000085800000|100%| O|  |TAMS 0x0000000085800000, 0x0000000085700000| Untracked 
|  88|0x0000000085800000, 0x0000000085900000, 0x0000000085900000|100%| O|  |TAMS 0x0000000085900000, 0x0000000085800000| Untracked 
|  89|0x0000000085900000, 0x0000000085a00000, 0x0000000085a00000|100%| O|  |TAMS 0x0000000085a00000, 0x0000000085900000| Untracked 
|  90|0x0000000085a00000, 0x0000000085b00000, 0x0000000085b00000|100%| O|  |TAMS 0x0000000085b00000, 0x0000000085a00000| Untracked 
|  91|0x0000000085b00000, 0x0000000085c00000, 0x0000000085c00000|100%| O|  |TAMS 0x0000000085c00000, 0x0000000085b00000| Updating 
|  92|0x0000000085c00000, 0x0000000085d00000, 0x0000000085d00000|100%| O|  |TAMS 0x0000000085d00000, 0x0000000085c00000| Untracked 
|  93|0x0000000085d00000, 0x0000000085e00000, 0x0000000085e00000|100%| O|  |TAMS 0x0000000085e00000, 0x0000000085d00000| Untracked 
|  94|0x0000000085e00000, 0x0000000085f00000, 0x0000000085f00000|100%| O|  |TAMS 0x0000000085f00000, 0x0000000085e00000| Untracked 
|  95|0x0000000085f00000, 0x0000000086000000, 0x0000000086000000|100%| O|  |TAMS 0x0000000086000000, 0x0000000085f00000| Untracked 
|  96|0x0000000086000000, 0x0000000086100000, 0x0000000086100000|100%| O|  |TAMS 0x0000000086100000, 0x0000000086000000| Updating 
|  97|0x0000000086100000, 0x0000000086200000, 0x0000000086200000|100%| O|  |TAMS 0x0000000086200000, 0x0000000086100000| Updating 
|  98|0x0000000086200000, 0x0000000086300000, 0x0000000086300000|100%| O|  |TAMS 0x0000000086300000, 0x0000000086200000| Untracked 
|  99|0x0000000086300000, 0x0000000086400000, 0x0000000086400000|100%| O|  |TAMS 0x0000000086400000, 0x0000000086300000| Untracked 
| 100|0x0000000086400000, 0x0000000086500000, 0x0000000086500000|100%| O|  |TAMS 0x0000000086500000, 0x0000000086400000| Untracked 
| 101|0x0000000086500000, 0x0000000086600000, 0x0000000086600000|100%| O|  |TAMS 0x0000000086600000, 0x0000000086500000| Untracked 
| 102|0x0000000086600000, 0x0000000086700000, 0x0000000086700000|100%| O|  |TAMS 0x0000000086700000, 0x0000000086600000| Untracked 
| 103|0x0000000086700000, 0x0000000086700000, 0x0000000086800000|  0%| F|  |TAMS 0x0000000086700000, 0x0000000086700000| Untracked 
| 104|0x0000000086800000, 0x0000000086900000, 0x0000000086900000|100%| O|  |TAMS 0x0000000086900000, 0x0000000086800000| Untracked 
| 105|0x0000000086900000, 0x0000000086a00000, 0x0000000086a00000|100%| O|  |TAMS 0x0000000086a00000, 0x0000000086900000| Untracked 
| 106|0x0000000086a00000, 0x0000000086b00000, 0x0000000086b00000|100%| O|  |TAMS 0x0000000086b00000, 0x0000000086a00000| Untracked 
| 107|0x0000000086b00000, 0x0000000086c00000, 0x0000000086c00000|100%| O|  |TAMS 0x0000000086c00000, 0x0000000086b00000| Untracked 
| 108|0x0000000086c00000, 0x0000000086d00000, 0x0000000086d00000|100%| O|  |TAMS 0x0000000086d00000, 0x0000000086c00000| Untracked 
| 109|0x0000000086d00000, 0x0000000086e00000, 0x0000000086e00000|100%| O|  |TAMS 0x0000000086e00000, 0x0000000086d00000| Updating 
| 110|0x0000000086e00000, 0x0000000086f00000, 0x0000000086f00000|100%| O|  |TAMS 0x0000000086f00000, 0x0000000086e00000| Untracked 
| 111|0x0000000086f00000, 0x0000000087000000, 0x0000000087000000|100%| O|  |TAMS 0x0000000087000000, 0x0000000086f00000| Untracked 
| 112|0x0000000087000000, 0x0000000087100000, 0x0000000087100000|100%| O|  |TAMS 0x0000000087100000, 0x0000000087000000| Untracked 
| 113|0x0000000087100000, 0x0000000087200000, 0x0000000087200000|100%| O|  |TAMS 0x0000000087200000, 0x0000000087100000| Untracked 
| 114|0x0000000087200000, 0x0000000087300000, 0x0000000087300000|100%| O|  |TAMS 0x0000000087300000, 0x0000000087200000| Updating 
| 115|0x0000000087300000, 0x0000000087400000, 0x0000000087400000|100%| O|  |TAMS 0x0000000087400000, 0x0000000087300000| Untracked 
| 116|0x0000000087400000, 0x0000000087500000, 0x0000000087500000|100%| O|  |TAMS 0x0000000087500000, 0x0000000087400000| Untracked 
| 117|0x0000000087500000, 0x0000000087600000, 0x0000000087600000|100%| O|  |TAMS 0x0000000087600000, 0x0000000087500000| Untracked 
| 118|0x0000000087600000, 0x0000000087700000, 0x0000000087700000|100%| O|  |TAMS 0x0000000087700000, 0x0000000087600000| Untracked 
| 119|0x0000000087700000, 0x0000000087700000, 0x0000000087800000|  0%| F|  |TAMS 0x0000000087700000, 0x0000000087700000| Untracked 
| 120|0x0000000087800000, 0x0000000087900000, 0x0000000087900000|100%| O|  |TAMS 0x0000000087900000, 0x0000000087800000| Untracked 
| 121|0x0000000087900000, 0x0000000087a00000, 0x0000000087a00000|100%| O|  |TAMS 0x0000000087a00000, 0x0000000087900000| Untracked 
| 122|0x0000000087a00000, 0x0000000087b00000, 0x0000000087b00000|100%| O|  |TAMS 0x0000000087b00000, 0x0000000087a00000| Untracked 
| 123|0x0000000087b00000, 0x0000000087c00000, 0x0000000087c00000|100%| O|  |TAMS 0x0000000087c00000, 0x0000000087b00000| Untracked 
| 124|0x0000000087c00000, 0x0000000087d00000, 0x0000000087d00000|100%| O|  |TAMS 0x0000000087d00000, 0x0000000087c00000| Untracked 
| 125|0x0000000087d00000, 0x0000000087e00000, 0x0000000087e00000|100%| O|  |TAMS 0x0000000087e00000, 0x0000000087d00000| Untracked 
| 126|0x0000000087e00000, 0x0000000087f00000, 0x0000000087f00000|100%| O|  |TAMS 0x0000000087f00000, 0x0000000087e00000| Untracked 
| 127|0x0000000087f00000, 0x0000000088000000, 0x0000000088000000|100%| O|  |TAMS 0x0000000088000000, 0x0000000087f00000| Untracked 
| 128|0x0000000088000000, 0x0000000088100000, 0x0000000088100000|100%| O|  |TAMS 0x0000000088100000, 0x0000000088000000| Untracked 
| 129|0x0000000088100000, 0x0000000088200000, 0x0000000088200000|100%| O|  |TAMS 0x0000000088200000, 0x0000000088100000| Untracked 
| 130|0x0000000088200000, 0x0000000088300000, 0x0000000088300000|100%| O|  |TAMS 0x0000000088300000, 0x0000000088200000| Untracked 
| 131|0x0000000088300000, 0x0000000088400000, 0x0000000088400000|100%| O|  |TAMS 0x0000000088400000, 0x0000000088300000| Updating 
| 132|0x0000000088400000, 0x0000000088500000, 0x0000000088500000|100%| O|  |TAMS 0x0000000088500000, 0x0000000088400000| Untracked 
| 133|0x0000000088500000, 0x0000000088600000, 0x0000000088600000|100%| O|  |TAMS 0x0000000088600000, 0x0000000088500000| Untracked 
| 134|0x0000000088600000, 0x0000000088700000, 0x0000000088700000|100%| O|  |TAMS 0x0000000088700000, 0x0000000088600000| Untracked 
| 135|0x0000000088700000, 0x0000000088800000, 0x0000000088800000|100%| O|  |TAMS 0x0000000088800000, 0x0000000088700000| Untracked 
| 136|0x0000000088800000, 0x0000000088900000, 0x0000000088900000|100%| O|  |TAMS 0x0000000088900000, 0x0000000088800000| Untracked 
| 137|0x0000000088900000, 0x0000000088a00000, 0x0000000088a00000|100%| O|  |TAMS 0x0000000088a00000, 0x0000000088900000| Untracked 
| 138|0x0000000088a00000, 0x0000000088b00000, 0x0000000088b00000|100%| O|  |TAMS 0x0000000088b00000, 0x0000000088a00000| Untracked 
| 139|0x0000000088b00000, 0x0000000088c00000, 0x0000000088c00000|100%| O|  |TAMS 0x0000000088c00000, 0x0000000088b00000| Untracked 
| 140|0x0000000088c00000, 0x0000000088d00000, 0x0000000088d00000|100%| O|  |TAMS 0x0000000088d00000, 0x0000000088c00000| Untracked 
| 141|0x0000000088d00000, 0x0000000088d39600, 0x0000000088e00000| 22%| O|  |TAMS 0x0000000088d39600, 0x0000000088d00000| Updating 
| 142|0x0000000088e00000, 0x0000000088e00000, 0x0000000088f00000|  0%| F|  |TAMS 0x0000000088e00000, 0x0000000088e00000| Untracked 
| 143|0x0000000088f00000, 0x0000000088f00000, 0x0000000089000000|  0%| F|  |TAMS 0x0000000088f00000, 0x0000000088f00000| Untracked 
| 144|0x0000000089000000, 0x0000000089000000, 0x0000000089100000|  0%| F|  |TAMS 0x0000000089000000, 0x0000000089000000| Untracked 
| 145|0x0000000089100000, 0x0000000089100000, 0x0000000089200000|  0%| F|  |TAMS 0x0000000089100000, 0x0000000089100000| Untracked 
| 146|0x0000000089200000, 0x0000000089200000, 0x0000000089300000|  0%| F|  |TAMS 0x0000000089200000, 0x0000000089200000| Untracked 
| 147|0x0000000089300000, 0x0000000089300000, 0x0000000089400000|  0%| F|  |TAMS 0x0000000089300000, 0x0000000089300000| Untracked 
| 148|0x0000000089400000, 0x0000000089400000, 0x0000000089500000|  0%| F|  |TAMS 0x0000000089400000, 0x0000000089400000| Untracked 
| 149|0x0000000089500000, 0x0000000089500000, 0x0000000089600000|  0%| F|  |TAMS 0x0000000089500000, 0x0000000089500000| Untracked 
| 150|0x0000000089600000, 0x0000000089600000, 0x0000000089700000|  0%| F|  |TAMS 0x0000000089600000, 0x0000000089600000| Untracked 
| 151|0x0000000089700000, 0x0000000089700000, 0x0000000089800000|  0%| F|  |TAMS 0x0000000089700000, 0x0000000089700000| Untracked 
| 152|0x0000000089800000, 0x0000000089800000, 0x0000000089900000|  0%| F|  |TAMS 0x0000000089800000, 0x0000000089800000| Untracked 
| 153|0x0000000089900000, 0x0000000089900000, 0x0000000089a00000|  0%| F|  |TAMS 0x0000000089900000, 0x0000000089900000| Untracked 
| 154|0x0000000089a00000, 0x0000000089a00000, 0x0000000089b00000|  0%| F|  |TAMS 0x0000000089a00000, 0x0000000089a00000| Untracked 
| 155|0x0000000089b00000, 0x0000000089b00000, 0x0000000089c00000|  0%| F|  |TAMS 0x0000000089b00000, 0x0000000089b00000| Untracked 
| 156|0x0000000089c00000, 0x0000000089c00000, 0x0000000089d00000|  0%| F|  |TAMS 0x0000000089c00000, 0x0000000089c00000| Untracked 
| 157|0x0000000089d00000, 0x0000000089d00000, 0x0000000089e00000|  0%| F|  |TAMS 0x0000000089d00000, 0x0000000089d00000| Untracked 
| 158|0x0000000089e00000, 0x0000000089e00000, 0x0000000089f00000|  0%| F|  |TAMS 0x0000000089e00000, 0x0000000089e00000| Untracked 
| 159|0x0000000089f00000, 0x0000000089f00000, 0x000000008a000000|  0%| F|  |TAMS 0x0000000089f00000, 0x0000000089f00000| Untracked 
| 160|0x000000008a000000, 0x000000008a000000, 0x000000008a100000|  0%| F|  |TAMS 0x000000008a000000, 0x000000008a000000| Untracked 
| 161|0x000000008a100000, 0x000000008a100000, 0x000000008a200000|  0%| F|  |TAMS 0x000000008a100000, 0x000000008a100000| Untracked 
| 162|0x000000008a200000, 0x000000008a200000, 0x000000008a300000|  0%| F|  |TAMS 0x000000008a200000, 0x000000008a200000| Untracked 
| 163|0x000000008a300000, 0x000000008a300000, 0x000000008a400000|  0%| F|  |TAMS 0x000000008a300000, 0x000000008a300000| Untracked 
| 164|0x000000008a400000, 0x000000008a400000, 0x000000008a500000|  0%| F|  |TAMS 0x000000008a400000, 0x000000008a400000| Untracked 
| 165|0x000000008a500000, 0x000000008a500000, 0x000000008a600000|  0%| F|  |TAMS 0x000000008a500000, 0x000000008a500000| Untracked 
| 166|0x000000008a600000, 0x000000008a600000, 0x000000008a700000|  0%| F|  |TAMS 0x000000008a600000, 0x000000008a600000| Untracked 
| 167|0x000000008a700000, 0x000000008a700000, 0x000000008a800000|  0%| F|  |TAMS 0x000000008a700000, 0x000000008a700000| Untracked 
| 168|0x000000008a800000, 0x000000008a800000, 0x000000008a900000|  0%| F|  |TAMS 0x000000008a800000, 0x000000008a800000| Untracked 
| 169|0x000000008a900000, 0x000000008a900000, 0x000000008aa00000|  0%| F|  |TAMS 0x000000008a900000, 0x000000008a900000| Untracked 
| 170|0x000000008aa00000, 0x000000008aa00000, 0x000000008ab00000|  0%| F|  |TAMS 0x000000008aa00000, 0x000000008aa00000| Untracked 
| 171|0x000000008ab00000, 0x000000008ab00000, 0x000000008ac00000|  0%| F|  |TAMS 0x000000008ab00000, 0x000000008ab00000| Untracked 
| 172|0x000000008ac00000, 0x000000008ac00000, 0x000000008ad00000|  0%| F|  |TAMS 0x000000008ac00000, 0x000000008ac00000| Untracked 
| 173|0x000000008ad00000, 0x000000008ad00000, 0x000000008ae00000|  0%| F|  |TAMS 0x000000008ad00000, 0x000000008ad00000| Untracked 
| 174|0x000000008ae00000, 0x000000008ae00000, 0x000000008af00000|  0%| F|  |TAMS 0x000000008ae00000, 0x000000008ae00000| Untracked 
| 175|0x000000008af00000, 0x000000008af00000, 0x000000008b000000|  0%| F|  |TAMS 0x000000008af00000, 0x000000008af00000| Untracked 
| 176|0x000000008b000000, 0x000000008b03eb00, 0x000000008b100000| 24%| S|CS|TAMS 0x000000008b000000, 0x000000008b000000| Complete 
| 177|0x000000008b100000, 0x000000008b200000, 0x000000008b200000|100%| S|CS|TAMS 0x000000008b100000, 0x000000008b100000| Complete 
| 178|0x000000008b200000, 0x000000008b300000, 0x000000008b300000|100%| S|CS|TAMS 0x000000008b200000, 0x000000008b200000| Complete 
| 179|0x000000008b300000, 0x000000008b400000, 0x000000008b400000|100%| S|CS|TAMS 0x000000008b300000, 0x000000008b300000| Complete 
| 180|0x000000008b400000, 0x000000008b500000, 0x000000008b500000|100%| S|CS|TAMS 0x000000008b400000, 0x000000008b400000| Complete 
| 181|0x000000008b500000, 0x000000008b600000, 0x000000008b600000|100%| S|CS|TAMS 0x000000008b500000, 0x000000008b500000| Complete 
| 182|0x000000008b600000, 0x000000008b700000, 0x000000008b700000|100%| S|CS|TAMS 0x000000008b600000, 0x000000008b600000| Complete 
| 183|0x000000008b700000, 0x000000008b700000, 0x000000008b800000|  0%| F|  |TAMS 0x000000008b700000, 0x000000008b700000| Untracked 
| 184|0x000000008b800000, 0x000000008b800000, 0x000000008b900000|  0%| F|  |TAMS 0x000000008b800000, 0x000000008b800000| Untracked 
| 185|0x000000008b900000, 0x000000008b900000, 0x000000008ba00000|  0%| F|  |TAMS 0x000000008b900000, 0x000000008b900000| Untracked 
| 186|0x000000008ba00000, 0x000000008ba00000, 0x000000008bb00000|  0%| F|  |TAMS 0x000000008ba00000, 0x000000008ba00000| Untracked 
| 187|0x000000008bb00000, 0x000000008bb00000, 0x000000008bc00000|  0%| F|  |TAMS 0x000000008bb00000, 0x000000008bb00000| Untracked 
| 188|0x000000008bc00000, 0x000000008bc00000, 0x000000008bd00000|  0%| F|  |TAMS 0x000000008bc00000, 0x000000008bc00000| Untracked 
| 189|0x000000008bd00000, 0x000000008bd00000, 0x000000008be00000|  0%| F|  |TAMS 0x000000008bd00000, 0x000000008bd00000| Untracked 
| 190|0x000000008be00000, 0x000000008be00000, 0x000000008bf00000|  0%| F|  |TAMS 0x000000008be00000, 0x000000008be00000| Untracked 
| 191|0x000000008bf00000, 0x000000008bf00000, 0x000000008c000000|  0%| F|  |TAMS 0x000000008bf00000, 0x000000008bf00000| Untracked 
| 192|0x000000008c000000, 0x000000008c000000, 0x000000008c100000|  0%| F|  |TAMS 0x000000008c000000, 0x000000008c000000| Untracked 
| 193|0x000000008c100000, 0x000000008c100000, 0x000000008c200000|  0%| F|  |TAMS 0x000000008c100000, 0x000000008c100000| Untracked 
| 194|0x000000008c200000, 0x000000008c200000, 0x000000008c300000|  0%| F|  |TAMS 0x000000008c200000, 0x000000008c200000| Untracked 
| 195|0x000000008c300000, 0x000000008c300000, 0x000000008c400000|  0%| F|  |TAMS 0x000000008c300000, 0x000000008c300000| Untracked 
| 196|0x000000008c400000, 0x000000008c400000, 0x000000008c500000|  0%| F|  |TAMS 0x000000008c400000, 0x000000008c400000| Untracked 
| 197|0x000000008c500000, 0x000000008c500000, 0x000000008c600000|  0%| F|  |TAMS 0x000000008c500000, 0x000000008c500000| Untracked 
| 198|0x000000008c600000, 0x000000008c600000, 0x000000008c700000|  0%| F|  |TAMS 0x000000008c600000, 0x000000008c600000| Untracked 
| 199|0x000000008c700000, 0x000000008c700000, 0x000000008c800000|  0%| F|  |TAMS 0x000000008c700000, 0x000000008c700000| Untracked 
| 200|0x000000008c800000, 0x000000008c800000, 0x000000008c900000|  0%| F|  |TAMS 0x000000008c800000, 0x000000008c800000| Untracked 
| 201|0x000000008c900000, 0x000000008c900000, 0x000000008ca00000|  0%| F|  |TAMS 0x000000008c900000, 0x000000008c900000| Untracked 
| 202|0x000000008ca00000, 0x000000008ca00000, 0x000000008cb00000|  0%| F|  |TAMS 0x000000008ca00000, 0x000000008ca00000| Untracked 
| 203|0x000000008cb00000, 0x000000008cb00000, 0x000000008cc00000|  0%| F|  |TAMS 0x000000008cb00000, 0x000000008cb00000| Untracked 
| 204|0x000000008cc00000, 0x000000008cc00000, 0x000000008cd00000|  0%| F|  |TAMS 0x000000008cc00000, 0x000000008cc00000| Untracked 
| 205|0x000000008cd00000, 0x000000008cd00000, 0x000000008ce00000|  0%| F|  |TAMS 0x000000008cd00000, 0x000000008cd00000| Untracked 
| 206|0x000000008ce00000, 0x000000008ce00000, 0x000000008cf00000|  0%| F|  |TAMS 0x000000008ce00000, 0x000000008ce00000| Untracked 
| 207|0x000000008cf00000, 0x000000008cf00000, 0x000000008d000000|  0%| F|  |TAMS 0x000000008cf00000, 0x000000008cf00000| Untracked 
| 208|0x000000008d000000, 0x000000008d000000, 0x000000008d100000|  0%| F|  |TAMS 0x000000008d000000, 0x000000008d000000| Untracked 
| 209|0x000000008d100000, 0x000000008d100000, 0x000000008d200000|  0%| F|  |TAMS 0x000000008d100000, 0x000000008d100000| Untracked 
| 210|0x000000008d200000, 0x000000008d200000, 0x000000008d300000|  0%| F|  |TAMS 0x000000008d200000, 0x000000008d200000| Untracked 
| 211|0x000000008d300000, 0x000000008d300000, 0x000000008d400000|  0%| F|  |TAMS 0x000000008d300000, 0x000000008d300000| Untracked 
| 212|0x000000008d400000, 0x000000008d400000, 0x000000008d500000|  0%| F|  |TAMS 0x000000008d400000, 0x000000008d400000| Untracked 
| 213|0x000000008d500000, 0x000000008d500000, 0x000000008d600000|  0%| F|  |TAMS 0x000000008d500000, 0x000000008d500000| Untracked 
| 214|0x000000008d600000, 0x000000008d600000, 0x000000008d700000|  0%| F|  |TAMS 0x000000008d600000, 0x000000008d600000| Untracked 
| 215|0x000000008d700000, 0x000000008d700000, 0x000000008d800000|  0%| F|  |TAMS 0x000000008d700000, 0x000000008d700000| Untracked 
| 216|0x000000008d800000, 0x000000008d800000, 0x000000008d900000|  0%| F|  |TAMS 0x000000008d800000, 0x000000008d800000| Untracked 
| 217|0x000000008d900000, 0x000000008d900000, 0x000000008da00000|  0%| F|  |TAMS 0x000000008d900000, 0x000000008d900000| Untracked 
| 218|0x000000008da00000, 0x000000008da00000, 0x000000008db00000|  0%| F|  |TAMS 0x000000008da00000, 0x000000008da00000| Untracked 
| 219|0x000000008db00000, 0x000000008db00000, 0x000000008dc00000|  0%| F|  |TAMS 0x000000008db00000, 0x000000008db00000| Untracked 
| 220|0x000000008dc00000, 0x000000008dc00000, 0x000000008dd00000|  0%| F|  |TAMS 0x000000008dc00000, 0x000000008dc00000| Untracked 
| 221|0x000000008dd00000, 0x000000008dd00000, 0x000000008de00000|  0%| F|  |TAMS 0x000000008dd00000, 0x000000008dd00000| Untracked 
| 222|0x000000008de00000, 0x000000008de00000, 0x000000008df00000|  0%| F|  |TAMS 0x000000008de00000, 0x000000008de00000| Untracked 
| 223|0x000000008df00000, 0x000000008df00000, 0x000000008e000000|  0%| F|  |TAMS 0x000000008df00000, 0x000000008df00000| Untracked 
| 224|0x000000008e000000, 0x000000008e000000, 0x000000008e100000|  0%| F|  |TAMS 0x000000008e000000, 0x000000008e000000| Untracked 
| 225|0x000000008e100000, 0x000000008e180800, 0x000000008e200000| 50%| E|  |TAMS 0x000000008e100000, 0x000000008e100000| Complete 
| 226|0x000000008e200000, 0x000000008e300000, 0x000000008e300000|100%| E|CS|TAMS 0x000000008e200000, 0x000000008e200000| Complete 
| 227|0x000000008e300000, 0x000000008e400000, 0x000000008e400000|100%| E|CS|TAMS 0x000000008e300000, 0x000000008e300000| Complete 
| 228|0x000000008e400000, 0x000000008e500000, 0x000000008e500000|100%| E|CS|TAMS 0x000000008e400000, 0x000000008e400000| Complete 
| 229|0x000000008e500000, 0x000000008e600000, 0x000000008e600000|100%| E|CS|TAMS 0x000000008e500000, 0x000000008e500000| Complete 
| 230|0x000000008e600000, 0x000000008e700000, 0x000000008e700000|100%| E|CS|TAMS 0x000000008e600000, 0x000000008e600000| Complete 
| 231|0x000000008e700000, 0x000000008e800000, 0x000000008e800000|100%| E|CS|TAMS 0x000000008e700000, 0x000000008e700000| Complete 
| 232|0x000000008e800000, 0x000000008e900000, 0x000000008e900000|100%| E|CS|TAMS 0x000000008e800000, 0x000000008e800000| Complete 
| 233|0x000000008e900000, 0x000000008ea00000, 0x000000008ea00000|100%| E|CS|TAMS 0x000000008e900000, 0x000000008e900000| Complete 
| 255|0x000000008ff00000, 0x0000000090000000, 0x0000000090000000|100%| E|CS|TAMS 0x000000008ff00000, 0x000000008ff00000| Complete 

Card table byte_map: [0x000001ddc4790000,0x000001ddc4b90000] _byte_map_base: 0x000001ddc4390000

Marking Bits (Prev, Next): (CMBitMap*) 0x000001ddadb60540, (CMBitMap*) 0x000001ddadb60500
 Prev Bits: [0x000001ddc6f90000, 0x000001ddc8f90000)
 Next Bits: [0x000001ddc4f90000, 0x000001ddc6f90000)

Polling page: 0x000001ddad2e0000

Metaspace:

Usage:
  Non-class:     78.60 MB used.
      Class:     12.56 MB used.
       Both:     91.16 MB used.

Virtual space:
  Non-class space:       80.00 MB reserved,      79.38 MB (>99%) committed,  10 nodes.
      Class space:      412.00 MB reserved,      13.25 MB (  3%) committed,  1 nodes.
             Both:      492.00 MB reserved,      92.62 MB ( 19%) committed. 

Chunk freelists:
   Non-Class:  400.00 KB
       Class:  2.80 MB
        Both:  3.19 MB

MaxMetaspaceSize: 512.00 MB
CompressedClassSpaceSize: 412.00 MB
Initial GC threshold: 21.00 MB
Current GC threshold: 148.25 MB
CDS: on
MetaspaceReclaimPolicy: balanced
 - commit_granule_bytes: 65536.
 - commit_granule_words: 8192.
 - virtual_space_node_default_size: 1048576.
 - enlarge_chunks_in_place: 1.
 - new_chunks_are_fully_committed: 0.
 - uncommit_free_chunks: 1.
 - use_allocation_guard: 0.
 - handle_deallocations: 1.


Internal statistics:

num_allocs_failed_limit: 6.
num_arena_births: 1552.
num_arena_deaths: 0.
num_vsnodes_births: 11.
num_vsnodes_deaths: 0.
num_space_committed: 1482.
num_space_uncommitted: 0.
num_chunks_returned_to_freelist: 6.
num_chunks_taken_from_freelist: 5768.
num_chunk_merges: 6.
num_chunk_splits: 3698.
num_chunks_enlarged: 2284.
num_purges: 0.
num_inconsistent_stats: 0.

CodeHeap 'non-profiled nmethods': size=120000Kb used=8814Kb max_used=8814Kb free=111185Kb
 bounds [0x000001ddbce60000, 0x000001ddbd700000, 0x000001ddc4390000]
CodeHeap 'profiled nmethods': size=120000Kb used=25717Kb max_used=25717Kb free=94282Kb
 bounds [0x000001ddb5390000, 0x000001ddb6cb0000, 0x000001ddbc8c0000]
CodeHeap 'non-nmethods': size=5760Kb used=2406Kb max_used=2499Kb free=3353Kb
 bounds [0x000001ddbc8c0000, 0x000001ddbcb40000, 0x000001ddbce60000]
 total_blobs=13354 nmethods=12412 adapters=854
 compilation: enabled
              stopped_count=0, restarted_count=0
 full_count=0

Compilation events (20 events):
Event: 947.873 Thread 0x000001ddcb48aae0 13974       3       java.lang.Class::getPackage (38 bytes)
Event: 947.874 Thread 0x000001ddcb48aae0 nmethod 13974 0x000001ddb6caa290 code [0x000001ddb6caa4a0, 0x000001ddb6caaab8]
Event: 947.986 Thread 0x000001ddcb487820 nmethod 13969 0x000001ddbd6ee490 code [0x000001ddbd6eeb20, 0x000001ddbd6f64c8]
Event: 947.986 Thread 0x000001ddcb487820 13970       4       com.sun.beans.introspect.PropertyInfo::getInfo (61 bytes)
Event: 947.989 Thread 0x000001ddcb487820 nmethod 13970 0x000001ddbd6fb010 code [0x000001ddbd6fb1c0, 0x000001ddbd6fb378]
Event: 948.126 Thread 0x000001ddcb48aae0 13975       3       org.gradle.util.internal.ConfigureUtil::configureSelf (22 bytes)
Event: 948.127 Thread 0x000001ddcb48aae0 nmethod 13975 0x000001ddb6caac90 code [0x000001ddb6caaec0, 0x000001ddb6cab7c8]
Event: 948.133 Thread 0x000001ddcb48aae0 13976       1       com.android.build.api.component.impl.AndroidTestImpl_Decorated::getModelIdentityDisplayName (5 bytes)
Event: 948.133 Thread 0x000001ddcb48aae0 nmethod 13976 0x000001ddbd6fb590 code [0x000001ddbd6fb720, 0x000001ddbd6fb7f8]
Event: 948.138 Thread 0x000001ddcb48aae0 13977   !   3       jdk.internal.reflect.GeneratedConstructorAccessor31::newInstance (53 bytes)
Event: 948.139 Thread 0x000001ddcb48aae0 nmethod 13977 0x000001ddb6cabb10 code [0x000001ddb6cabd40, 0x000001ddb6cac5e8]
Event: 948.276 Thread 0x000001ddcb487820 13978       4       org.objectweb.asm.Type::appendDescriptor (185 bytes)
Event: 948.294 Thread 0x000001ddcb48aae0 13979       3       org.gradle.api.internal.AbstractTask$10::<init> (15 bytes)
Event: 948.294 Thread 0x000001ddcb48aae0 nmethod 13979 0x000001ddb6caca10 code [0x000001ddb6cacbc0, 0x000001ddb6cacdd8]
Event: 948.294 Thread 0x000001ddcb48aae0 13980       3       org.gradle.api.internal.AbstractTask$10::run (16 bytes)
Event: 948.295 Thread 0x000001ddcb48aae0 nmethod 13980 0x000001ddb6cace90 code [0x000001ddb6cad040, 0x000001ddb6cad1c8]
Event: 948.299 Thread 0x000001ddcb48aae0 13981       3       org.gradle.internal.instantiation.generator.AsmBackedClassGenerator$ClassBuilderImpl::applyServiceInjectionToGetter (8 bytes)
Event: 948.299 Thread 0x000001ddcb48aae0 nmethod 13981 0x000001ddb6cad310 code [0x000001ddb6cad4c0, 0x000001ddb6cad628]
Event: 948.303 Thread 0x000001ddcb48aae0 13982       3       kotlin.jvm.internal.PropertyReference1::<init> (12 bytes)
Event: 948.303 Thread 0x000001ddcb48aae0 nmethod 13982 0x000001ddb6cad710 code [0x000001ddb6cad8a0, 0x000001ddb6cad9e8]

GC Heap History (20 events):
Event: 823.266 GC heap before
{Heap before GC invocations=63 (full 0):
 garbage-first heap   total 178176K, used 145095K [0x0000000080000000, 0x0000000100000000)
  region size 1024K, 34 young (34816K), 1 survivors (1024K)
 Metaspace       used 85540K, committed 86720K, reserved 503808K
  class space    used 11759K, committed 12288K, reserved 421888K
}
Event: 823.276 GC heap after
{Heap after GC invocations=64 (full 0):
 garbage-first heap   total 178176K, used 117212K [0x0000000080000000, 0x0000000100000000)
  region size 1024K, 5 young (5120K), 5 survivors (5120K)
 Metaspace       used 85540K, committed 86720K, reserved 503808K
  class space    used 11759K, committed 12288K, reserved 421888K
}
Event: 849.154 GC heap before
{Heap before GC invocations=65 (full 0):
 garbage-first heap   total 201728K, used 142812K [0x0000000080000000, 0x0000000100000000)
  region size 1024K, 31 young (31744K), 5 survivors (5120K)
 Metaspace       used 85869K, committed 87040K, reserved 503808K
  class space    used 11801K, committed 12352K, reserved 421888K
}
Event: 849.166 GC heap after
{Heap after GC invocations=66 (full 0):
 garbage-first heap   total 201728K, used 121465K [0x0000000080000000, 0x0000000100000000)
  region size 1024K, 4 young (4096K), 4 survivors (4096K)
 Metaspace       used 85869K, committed 87040K, reserved 503808K
  class space    used 11801K, committed 12352K, reserved 421888K
}
Event: 849.437 GC heap before
{Heap before GC invocations=66 (full 0):
 garbage-first heap   total 201728K, used 126585K [0x0000000080000000, 0x0000000100000000)
  region size 1024K, 9 young (9216K), 4 survivors (4096K)
 Metaspace       used 85877K, committed 87040K, reserved 503808K
  class space    used 11803K, committed 12352K, reserved 421888K
}
Event: 849.444 GC heap after
{Heap after GC invocations=67 (full 0):
 garbage-first heap   total 201728K, used 122448K [0x0000000080000000, 0x0000000100000000)
  region size 1024K, 2 young (2048K), 2 survivors (2048K)
 Metaspace       used 85877K, committed 87040K, reserved 503808K
  class space    used 11803K, committed 12352K, reserved 421888K
}
Event: 882.341 GC heap before
{Heap before GC invocations=67 (full 0):
 garbage-first heap   total 201728K, used 161360K [0x0000000080000000, 0x0000000100000000)
  region size 1024K, 41 young (41984K), 2 survivors (2048K)
 Metaspace       used 86391K, committed 87680K, reserved 503808K
  class space    used 11876K, committed 12480K, reserved 421888K
}
Event: 882.352 GC heap after
{Heap after GC invocations=68 (full 0):
 garbage-first heap   total 201728K, used 128815K [0x0000000080000000, 0x0000000100000000)
  region size 1024K, 6 young (6144K), 6 survivors (6144K)
 Metaspace       used 86391K, committed 87680K, reserved 503808K
  class space    used 11876K, committed 12480K, reserved 421888K
}
Event: 922.030 GC heap before
{Heap before GC invocations=69 (full 0):
 garbage-first heap   total 222208K, used 161583K [0x0000000080000000, 0x0000000100000000)
  region size 1024K, 39 young (39936K), 6 survivors (6144K)
 Metaspace       used 86876K, committed 88256K, reserved 503808K
  class space    used 11954K, committed 12608K, reserved 421888K
}
Event: 922.045 GC heap after
{Heap after GC invocations=70 (full 0):
 garbage-first heap   total 222208K, used 134144K [0x0000000080000000, 0x0000000100000000)
  region size 1024K, 5 young (5120K), 5 survivors (5120K)
 Metaspace       used 86876K, committed 88256K, reserved 503808K
  class space    used 11954K, committed 12608K, reserved 421888K
}
Event: 922.845 GC heap before
{Heap before GC invocations=70 (full 0):
 garbage-first heap   total 222208K, used 139264K [0x0000000080000000, 0x0000000100000000)
  region size 1024K, 10 young (10240K), 5 survivors (5120K)
 Metaspace       used 86973K, committed 88320K, reserved 503808K
  class space    used 11971K, committed 12608K, reserved 421888K
}
Event: 922.855 GC heap after
{Heap after GC invocations=71 (full 0):
 garbage-first heap   total 222208K, used 134653K [0x0000000080000000, 0x0000000100000000)
  region size 1024K, 2 young (2048K), 2 survivors (2048K)
 Metaspace       used 86973K, committed 88320K, reserved 503808K
  class space    used 11971K, committed 12608K, reserved 421888K
}
Event: 936.656 GC heap before
{Heap before GC invocations=71 (full 0):
 garbage-first heap   total 222208K, used 178685K [0x0000000080000000, 0x0000000100000000)
  region size 1024K, 45 young (46080K), 2 survivors (2048K)
 Metaspace       used 89379K, committed 90880K, reserved 503808K
  class space    used 12313K, committed 12992K, reserved 421888K
}
Event: 936.665 GC heap after
{Heap after GC invocations=72 (full 0):
 garbage-first heap   total 222208K, used 139103K [0x0000000080000000, 0x0000000100000000)
  region size 1024K, 6 young (6144K), 6 survivors (6144K)
 Metaspace       used 89379K, committed 90880K, reserved 503808K
  class space    used 12313K, committed 12992K, reserved 421888K
}
Event: 940.787 GC heap before
{Heap before GC invocations=73 (full 0):
 garbage-first heap   total 240640K, used 180063K [0x0000000080000000, 0x0000000100000000)
  region size 1024K, 46 young (47104K), 6 survivors (6144K)
 Metaspace       used 91003K, committed 92480K, reserved 503808K
  class space    used 12545K, committed 13248K, reserved 421888K
}
Event: 940.799 GC heap after
{Heap after GC invocations=74 (full 0):
 garbage-first heap   total 240640K, used 143584K [0x0000000080000000, 0x0000000100000000)
  region size 1024K, 5 young (5120K), 5 survivors (5120K)
 Metaspace       used 91003K, committed 92480K, reserved 503808K
  class space    used 12545K, committed 13248K, reserved 421888K
}
Event: 942.017 GC heap before
{Heap before GC invocations=74 (full 0):
 garbage-first heap   total 240640K, used 149728K [0x0000000080000000, 0x0000000100000000)
  region size 1024K, 11 young (11264K), 5 survivors (5120K)
 Metaspace       used 91819K, committed 93248K, reserved 503808K
  class space    used 12652K, committed 13312K, reserved 421888K
}
Event: 942.030 GC heap after
{Heap after GC invocations=75 (full 0):
 garbage-first heap   total 240640K, used 143224K [0x0000000080000000, 0x0000000100000000)
  region size 1024K, 1 young (1024K), 1 survivors (1024K)
 Metaspace       used 91819K, committed 93248K, reserved 503808K
  class space    used 12652K, committed 13312K, reserved 421888K
}
Event: 947.839 GC heap before
{Heap before GC invocations=75 (full 0):
 garbage-first heap   total 240640K, used 195448K [0x0000000080000000, 0x0000000100000000)
  region size 1024K, 52 young (53248K), 1 survivors (1024K)
 Metaspace       used 93111K, committed 94592K, reserved 503808K
  class space    used 12829K, committed 13504K, reserved 421888K
}
Event: 947.847 GC heap after
{Heap after GC invocations=76 (full 0):
 garbage-first heap   total 240640K, used 148960K [0x0000000080000000, 0x0000000100000000)
  region size 1024K, 7 young (7168K), 7 survivors (7168K)
 Metaspace       used 93111K, committed 94592K, reserved 503808K
  class space    used 12829K, committed 13504K, reserved 421888K
}

Deoptimization events (20 events):
Event: 944.261 Thread 0x000001ddccf154d0 DEOPT PACKING pc=0x000001ddbd67c308 sp=0x0000006b88df4440
Event: 944.261 Thread 0x000001ddccf154d0 DEOPT UNPACKING pc=0x000001ddbc9123a3 sp=0x0000006b88df4440 mode 2
Event: 945.029 Thread 0x000001ddccf154d0 Uncommon trap: trap_request=0xffffffbe fr.pc=0x000001ddbd635858 relative=0x0000000000000238
Event: 945.029 Thread 0x000001ddccf154d0 Uncommon trap: reason=profile_predicate action=maybe_recompile pc=0x000001ddbd635858 method=java.util.HashMap.keysToArray([Ljava/lang/Object;)[Ljava/lang/Object; @ 48 c2
Event: 945.029 Thread 0x000001ddccf154d0 DEOPT PACKING pc=0x000001ddbd635858 sp=0x0000006b88df5e50
Event: 945.029 Thread 0x000001ddccf154d0 DEOPT UNPACKING pc=0x000001ddbc9123a3 sp=0x0000006b88df5e08 mode 2
Event: 945.029 Thread 0x000001ddccf154d0 Uncommon trap: trap_request=0xffffffbe fr.pc=0x000001ddbd635858 relative=0x0000000000000238
Event: 945.029 Thread 0x000001ddccf154d0 Uncommon trap: reason=profile_predicate action=maybe_recompile pc=0x000001ddbd635858 method=java.util.HashMap.keysToArray([Ljava/lang/Object;)[Ljava/lang/Object; @ 48 c2
Event: 945.029 Thread 0x000001ddccf154d0 DEOPT PACKING pc=0x000001ddbd635858 sp=0x0000006b88df5e50
Event: 945.029 Thread 0x000001ddccf154d0 DEOPT UNPACKING pc=0x000001ddbc9123a3 sp=0x0000006b88df5e08 mode 2
Event: 945.559 Thread 0x000001ddccf154d0 DEOPT PACKING pc=0x000001ddb65c8771 sp=0x0000006b88df49d0
Event: 945.559 Thread 0x000001ddccf154d0 DEOPT UNPACKING pc=0x000001ddbc912b43 sp=0x0000006b88df3e30 mode 0
Event: 946.547 Thread 0x000001ddccf154d0 Uncommon trap: trap_request=0xffffffd6 fr.pc=0x000001ddbd6c7ba0 relative=0x0000000000000480
Event: 946.547 Thread 0x000001ddccf154d0 Uncommon trap: reason=array_check action=maybe_recompile pc=0x000001ddbd6c7ba0 method=java.util.HashMap.keysToArray([Ljava/lang/Object;)[Ljava/lang/Object; @ 62 c2
Event: 946.547 Thread 0x000001ddccf154d0 DEOPT PACKING pc=0x000001ddbd6c7ba0 sp=0x0000006b88df5e60
Event: 946.547 Thread 0x000001ddccf154d0 DEOPT UNPACKING pc=0x000001ddbc9123a3 sp=0x0000006b88df5df8 mode 2
Event: 946.547 Thread 0x000001ddccf154d0 Uncommon trap: trap_request=0xffffffd6 fr.pc=0x000001ddbd6c7ba0 relative=0x0000000000000480
Event: 946.547 Thread 0x000001ddccf154d0 Uncommon trap: reason=array_check action=maybe_recompile pc=0x000001ddbd6c7ba0 method=java.util.HashMap.keysToArray([Ljava/lang/Object;)[Ljava/lang/Object; @ 62 c2
Event: 946.547 Thread 0x000001ddccf154d0 DEOPT PACKING pc=0x000001ddbd6c7ba0 sp=0x0000006b88df5e60
Event: 946.547 Thread 0x000001ddccf154d0 DEOPT UNPACKING pc=0x000001ddbc9123a3 sp=0x0000006b88df5df8 mode 2

Classes unloaded (0 events):
No events

Classes redefined (0 events):
No events

Internal exceptions (20 events):
Event: 947.869 Thread 0x000001ddccf154d0 Exception <a 'java/lang/ClassNotFoundException'{0x000000008e85f080}: com/android/build/gradle/internal/tasks/SigningConfigVersionsWriterTask_DecoratedBeanInfo> (0x000000008e85f080) 
thrown [s\open\src\hotspot\share\classfile\systemDictionary.cpp, line 256]
Event: 947.870 Thread 0x000001ddccf154d0 Exception <a 'java/lang/ClassNotFoundException'{0x000000008e86f448}: com/android/build/gradle/internal/tasks/SigningConfigVersionsWriterTaskBeanInfo> (0x000000008e86f448) 
thrown [s\open\src\hotspot\share\classfile\systemDictionary.cpp, line 256]
Event: 947.871 Thread 0x000001ddccf154d0 Exception <a 'java/lang/ClassNotFoundException'{0x000000008e87f818}: com/android/build/gradle/internal/tasks/SigningConfigVersionsWriterTaskCustomizer> (0x000000008e87f818) 
thrown [s\open\src\hotspot\share\classfile\systemDictionary.cpp, line 256]
Event: 947.873 Thread 0x000001ddccf154d0 Exception <a 'java/lang/ClassNotFoundException'{0x000000008e8aa3f0}: com/android/build/gradle/internal/tasks/SigningConfigVersionsWriterTask_DecoratedCustomizer> (0x000000008e8aa3f0) 
thrown [s\open\src\hotspot\share\classfile\systemDictionary.cpp, line 256]
Event: 947.880 Thread 0x000001ddccf154d0 Exception <a 'java/lang/ClassNotFoundException'{0x000000008e79b1f0}: com/android/build/gradle/internal/tasks/ListingFileRedirectTask_DecoratedBeanInfo> (0x000000008e79b1f0) 
thrown [s\open\src\hotspot\share\classfile\systemDictionary.cpp, line 256]
Event: 947.881 Thread 0x000001ddccf154d0 Exception <a 'java/lang/ClassNotFoundException'{0x000000008e7ab4f8}: com/android/build/gradle/internal/tasks/ListingFileRedirectTaskBeanInfo> (0x000000008e7ab4f8) 
thrown [s\open\src\hotspot\share\classfile\systemDictionary.cpp, line 256]
Event: 947.881 Thread 0x000001ddccf154d0 Exception <a 'java/lang/ClassNotFoundException'{0x000000008e7bb808}: com/android/build/gradle/internal/tasks/ListingFileRedirectTaskCustomizer> (0x000000008e7bb808) 
thrown [s\open\src\hotspot\share\classfile\systemDictionary.cpp, line 256]
Event: 948.096 Thread 0x000001ddccf154d0 Exception <a 'java/lang/ClassNotFoundException'{0x000000008e7dbee0}: com/android/build/gradle/internal/tasks/ListingFileRedirectTask_DecoratedCustomizer> (0x000000008e7dbee0) 
thrown [s\open\src\hotspot\share\classfile\systemDictionary.cpp, line 256]
Event: 948.116 Thread 0x000001ddccf154d0 Exception <a 'java/lang/ClassNotFoundException'{0x000000008e6df1a8}: com/android/build/gradle/internal/tasks/InstallVariantTask_DecoratedBeanInfo> (0x000000008e6df1a8) 
thrown [s\open\src\hotspot\share\classfile\systemDictionary.cpp, line 256]
Event: 948.117 Thread 0x000001ddccf154d0 Exception <a 'java/lang/ClassNotFoundException'{0x000000008e6ef438}: com/android/build/gradle/internal/tasks/InstallVariantTaskBeanInfo> (0x000000008e6ef438) 
thrown [s\open\src\hotspot\share\classfile\systemDictionary.cpp, line 256]
Event: 948.119 Thread 0x000001ddccf154d0 Exception <a 'java/lang/ClassNotFoundException'{0x000000008e6ff6a8}: com/android/build/gradle/internal/tasks/InstallVariantTaskCustomizer> (0x000000008e6ff6a8) 
thrown [s\open\src\hotspot\share\classfile\systemDictionary.cpp, line 256]
Event: 948.120 Thread 0x000001ddccf154d0 Exception <a 'java/lang/ClassNotFoundException'{0x000000008e524958}: com/android/build/gradle/internal/tasks/InstallVariantTask_DecoratedCustomizer> (0x000000008e524958) 
thrown [s\open\src\hotspot\share\classfile\systemDictionary.cpp, line 256]
Event: 948.129 Thread 0x000001ddccf154d0 Exception <a 'java/lang/ClassNotFoundException'{0x000000008e416c48}: com/android/build/gradle/internal/tasks/UninstallTask_DecoratedBeanInfo> (0x000000008e416c48) 
thrown [s\open\src\hotspot\share\classfile\systemDictionary.cpp, line 256]
Event: 948.129 Thread 0x000001ddccf154d0 Exception <a 'java/lang/ClassNotFoundException'{0x000000008e426e30}: com/android/build/gradle/internal/tasks/UninstallTaskBeanInfo> (0x000000008e426e30) 
thrown [s\open\src\hotspot\share\classfile\systemDictionary.cpp, line 256]
Event: 948.130 Thread 0x000001ddccf154d0 Exception <a 'java/lang/ClassNotFoundException'{0x000000008e437038}: com/android/build/gradle/internal/tasks/UninstallTaskCustomizer> (0x000000008e437038) 
thrown [s\open\src\hotspot\share\classfile\systemDictionary.cpp, line 256]
Event: 948.131 Thread 0x000001ddccf154d0 Exception <a 'java/lang/ClassNotFoundException'{0x000000008e457728}: com/android/build/gradle/internal/tasks/UninstallTask_DecoratedCustomizer> (0x000000008e457728) 
thrown [s\open\src\hotspot\share\classfile\systemDictionary.cpp, line 256]
Event: 948.283 Thread 0x000001ddccf154d0 Exception <a 'java/lang/ClassNotFoundException'{0x000000008e3a4590}: com/android/build/gradle/internal/tasks/DeviceProviderInstrumentTestTask_DecoratedBeanInfo> (0x000000008e3a4590) 
thrown [s\open\src\hotspot\share\classfile\systemDictionary.cpp, line 256]
Event: 948.284 Thread 0x000001ddccf154d0 Exception <a 'java/lang/ClassNotFoundException'{0x000000008e3b4958}: com/android/build/gradle/internal/tasks/DeviceProviderInstrumentTestTaskBeanInfo> (0x000000008e3b4958) 
thrown [s\open\src\hotspot\share\classfile\systemDictionary.cpp, line 256]
Event: 948.285 Thread 0x000001ddccf154d0 Exception <a 'java/lang/ClassNotFoundException'{0x000000008e3c4d28}: com/android/build/gradle/internal/tasks/DeviceProviderInstrumentTestTaskCustomizer> (0x000000008e3c4d28) 
thrown [s\open\src\hotspot\share\classfile\systemDictionary.cpp, line 256]
Event: 948.287 Thread 0x000001ddccf154d0 Exception <a 'java/lang/ClassNotFoundException'{0x000000008e3fe670}: com/android/build/gradle/internal/tasks/DeviceProviderInstrumentTestTask_DecoratedCustomizer> (0x000000008e3fe670) 
thrown [s\open\src\hotspot\share\classfile\systemDictionary.cpp, line 256]

VM Operations (20 events):
Event: 940.966 Executing VM operation: HandshakeAllThreads done
Event: 941.981 Executing VM operation: Cleanup
Event: 941.997 Executing VM operation: Cleanup done
Event: 942.017 Executing VM operation: G1CollectForAllocation
Event: 942.030 Executing VM operation: G1CollectForAllocation done
Event: 942.042 Executing VM operation: HandshakeAllThreads
Event: 942.042 Executing VM operation: HandshakeAllThreads done
Event: 943.052 Executing VM operation: Cleanup
Event: 943.052 Executing VM operation: Cleanup done
Event: 944.056 Executing VM operation: Cleanup
Event: 944.228 Executing VM operation: Cleanup done
Event: 945.236 Executing VM operation: Cleanup
Event: 945.346 Executing VM operation: Cleanup done
Event: 946.354 Executing VM operation: Cleanup
Event: 946.354 Executing VM operation: Cleanup done
Event: 947.177 Executing VM operation: HandshakeAllThreads
Event: 947.177 Executing VM operation: HandshakeAllThreads done
Event: 947.813 Executing VM operation: G1CollectForAllocation
Event: 947.848 Executing VM operation: G1CollectForAllocation done
Event: 948.305 Executing VM operation: G1Concurrent

Events (20 events):
Event: 816.646 Thread 0x000001ddcb4be3f0 flushing nmethod 0x000001ddb632d110
Event: 816.648 Thread 0x000001ddcb4be3f0 flushing nmethod 0x000001ddb658e610
Event: 816.648 Thread 0x000001ddcb4be3f0 flushing nmethod 0x000001ddb65b6990
Event: 925.857 Thread 0x000001ddce920e20 Thread added: 0x000001ddce920e20
Event: 930.742 Thread 0x000001ddd21a87c0 Thread added: 0x000001ddd21a87c0
Event: 935.104 loading class java/io/LineNumberReader
Event: 935.104 loading class java/io/LineNumberReader done
Event: 938.126 loading class sun/reflect/generics/scope/DummyScope
Event: 938.127 loading class sun/reflect/generics/scope/DummyScope done
Event: 940.195 loading class java/net/Proxy
Event: 940.196 loading class java/net/Proxy done
Event: 940.196 loading class java/net/Proxy$Type
Event: 940.197 loading class java/net/Proxy$Type done
Event: 940.821 loading class jdk/internal/reflect/UnsafeByteFieldAccessorImpl
Event: 940.822 loading class jdk/internal/reflect/UnsafeByteFieldAccessorImpl done
Event: 940.956 loading class jdk/internal/reflect/UnsafeQualifiedIntegerFieldAccessorImpl
Event: 940.957 loading class jdk/internal/reflect/UnsafeQualifiedIntegerFieldAccessorImpl done
Event: 947.436 Thread 0x000001ddcb4be3f0 flushing nmethod 0x000001ddb575c510
Event: 947.437 Thread 0x000001ddcb4be3f0 flushing nmethod 0x000001ddb57da190
Event: 947.445 Thread 0x000001ddcb4be3f0 flushing nmethod 0x000001ddb61b4890


Dynamic libraries:
0x00007ff7e7ac0000 - 0x00007ff7e7ad0000 	C:\Program Files\Java\jdk-17\bin\java.exe
0x00007ffc233f0000 - 0x00007ffc235e8000 	C:\Windows\SYSTEM32\ntdll.dll
0x00007ffc22a20000 - 0x00007ffc22add000 	C:\Windows\System32\KERNEL32.DLL
0x00007ffc20f00000 - 0x00007ffc211f6000 	C:\Windows\System32\KERNELBASE.dll
0x00007ffc20c20000 - 0x00007ffc20d20000 	C:\Windows\System32\ucrtbase.dll
0x00007ffc18560000 - 0x00007ffc1857b000 	C:\Program Files\Java\jdk-17\bin\VCRUNTIME140.dll
0x00007ffc18540000 - 0x00007ffc18559000 	C:\Program Files\Java\jdk-17\bin\jli.dll
0x00007ffc22010000 - 0x00007ffc220be000 	C:\Windows\System32\ADVAPI32.dll
0x00007ffc220c0000 - 0x00007ffc2215e000 	C:\Windows\System32\msvcrt.dll
0x00007ffc22af0000 - 0x00007ffc22b8c000 	C:\Windows\System32\sechost.dll
0x00007ffc215b0000 - 0x00007ffc216d6000 	C:\Windows\System32\RPCRT4.dll
0x00007ffc22320000 - 0x00007ffc224be000 	C:\Windows\System32\USER32.dll
0x00007ffc20ad0000 - 0x00007ffc20af2000 	C:\Windows\System32\win32u.dll
0x00007ffc218e0000 - 0x00007ffc2190c000 	C:\Windows\System32\GDI32.dll
0x00007ffc20b00000 - 0x00007ffc20c1a000 	C:\Windows\System32\gdi32full.dll
0x00007ffc20e60000 - 0x00007ffc20efd000 	C:\Windows\System32\msvcp_win.dll
0x00007ffbfcec0000 - 0x00007ffbfd15a000 	C:\Windows\WinSxS\amd64_microsoft.windows.common-controls_6595b64144ccf1df_6.0.19041.1110_none_60b5254171f9507e\COMCTL32.dll
0x00007ffc17e10000 - 0x00007ffc17e1a000 	C:\Windows\SYSTEM32\VERSION.dll
0x00007ffc22580000 - 0x00007ffc225b0000 	C:\Windows\System32\IMM32.DLL
0x00007ffc19450000 - 0x00007ffc1945c000 	C:\Program Files\Java\jdk-17\bin\vcruntime140_1.dll
0x00007ffbf8850000 - 0x00007ffbf88de000 	C:\Program Files\Java\jdk-17\bin\msvcp140.dll
0x00007ffb91410000 - 0x00007ffb91fed000 	C:\Program Files\Java\jdk-17\bin\server\jvm.dll
0x00007ffc22ae0000 - 0x00007ffc22ae8000 	C:\Windows\System32\PSAPI.DLL
0x00007ffbfbe50000 - 0x00007ffbfbe59000 	C:\Windows\SYSTEM32\WSOCK32.dll
0x00007ffc22210000 - 0x00007ffc2227b000 	C:\Windows\System32\WS2_32.dll
0x00007ffc0ff20000 - 0x00007ffc0ff47000 	C:\Windows\SYSTEM32\WINMM.dll
0x00007ffc1f2f0000 - 0x00007ffc1f302000 	C:\Windows\SYSTEM32\kernel.appcore.dll
0x00007ffc18810000 - 0x00007ffc1881a000 	C:\Program Files\Java\jdk-17\bin\jimage.dll
0x00007ffc1b6c0000 - 0x00007ffc1b8a4000 	C:\Windows\SYSTEM32\DBGHELP.DLL
0x00007ffc0efa0000 - 0x00007ffc0efd4000 	C:\Windows\SYSTEM32\dbgcore.DLL
0x00007ffc20d20000 - 0x00007ffc20da2000 	C:\Windows\System32\bcryptPrimitives.dll
0x00007ffc16420000 - 0x00007ffc16445000 	C:\Program Files\Java\jdk-17\bin\java.dll
0x00007ffbf59b0000 - 0x00007ffbf5a87000 	C:\Program Files\Java\jdk-17\bin\jsvml.dll
0x00007ffc22c60000 - 0x00007ffc233a5000 	C:\Windows\System32\SHELL32.dll
0x00007ffc1eb10000 - 0x00007ffc1f2ab000 	C:\Windows\SYSTEM32\windows.storage.dll
0x00007ffc21b00000 - 0x00007ffc21e54000 	C:\Windows\System32\combase.dll
0x00007ffc20440000 - 0x00007ffc2046e000 	C:\Windows\SYSTEM32\Wldp.dll
0x00007ffc22160000 - 0x00007ffc2220d000 	C:\Windows\System32\SHCORE.dll
0x00007ffc21450000 - 0x00007ffc214a5000 	C:\Windows\System32\shlwapi.dll
0x00007ffc20a00000 - 0x00007ffc20a25000 	C:\Windows\SYSTEM32\profapi.dll
0x00007ffc18230000 - 0x00007ffc18249000 	C:\Program Files\Java\jdk-17\bin\net.dll
0x00007ffc16cb0000 - 0x00007ffc16dba000 	C:\Windows\SYSTEM32\WINHTTP.dll
0x00007ffc201a0000 - 0x00007ffc2020a000 	C:\Windows\system32\mswsock.dll
0x00007ffc16af0000 - 0x00007ffc16b06000 	C:\Program Files\Java\jdk-17\bin\nio.dll
0x00007ffc16400000 - 0x00007ffc16418000 	C:\Program Files\Java\jdk-17\bin\zip.dll
0x00007ffc18530000 - 0x00007ffc18540000 	C:\Program Files\Java\jdk-17\bin\verify.dll
0x00007ffc163d0000 - 0x00007ffc163f7000 	C:\Users\ss\.gradle\native\e1d6ef7f7dcc3fd88c89a11ec53ec762bb8ba0a96d01ffa2cd45eb1d1d8dd5c5\windows-amd64\native-platform.dll
0x00007ffbf4650000 - 0x00007ffbf4794000 	C:\Users\ss\.gradle\native\5664cfc778a61ccfe75a443a1ab52a65af34e5dc3c78e0209fed803814484fcb\windows-amd64\native-platform-file-events.dll
0x00007ffc18120000 - 0x00007ffc1812a000 	C:\Program Files\Java\jdk-17\bin\management.dll
0x00007ffc0cc40000 - 0x00007ffc0cc4b000 	C:\Program Files\Java\jdk-17\bin\management_ext.dll
0x00007ffc203a0000 - 0x00007ffc203b8000 	C:\Windows\SYSTEM32\CRYPTSP.dll
0x00007ffc1fab0000 - 0x00007ffc1fae4000 	C:\Windows\system32\rsaenh.dll
0x00007ffc21270000 - 0x00007ffc21297000 	C:\Windows\System32\bcrypt.dll
0x00007ffc209c0000 - 0x00007ffc209ee000 	C:\Windows\SYSTEM32\USERENV.dll
0x00007ffc20390000 - 0x00007ffc2039c000 	C:\Windows\SYSTEM32\CRYPTBASE.dll
0x00007ffc1fe90000 - 0x00007ffc1fecb000 	C:\Windows\SYSTEM32\IPHLPAPI.DLL
0x00007ffc22570000 - 0x00007ffc22578000 	C:\Windows\System32\NSI.dll
0x00007ffc170f0000 - 0x00007ffc17107000 	C:\Windows\SYSTEM32\dhcpcsvc6.DLL
0x00007ffc175e0000 - 0x00007ffc175fd000 	C:\Windows\SYSTEM32\dhcpcsvc.DLL
0x00007ffc1fed0000 - 0x00007ffc1ff9a000 	C:\Windows\SYSTEM32\DNSAPI.dll
0x00007ffc074c0000 - 0x00007ffc074cd000 	C:\Program Files\Java\jdk-17\bin\sunmscapi.dll
0x00007ffc212f0000 - 0x00007ffc2144e000 	C:\Windows\System32\CRYPT32.dll
0x00007ffc204b0000 - 0x00007ffc204d8000 	C:\Windows\SYSTEM32\ncrypt.dll
0x00007ffc20470000 - 0x00007ffc204ab000 	C:\Windows\SYSTEM32\NTASN1.dll
0x00007ffbf8730000 - 0x00007ffbf8737000 	C:\Windows\system32\wshunix.dll

dbghelp: loaded successfully - version: 4.0.5 - missing functions: none
symbol engine: initialized successfully - sym options: 0x614 - pdb path: .;C:\Program Files\Java\jdk-17\bin;C:\Windows\SYSTEM32;C:\Windows\WinSxS\amd64_microsoft.windows.common-controls_6595b64144ccf1df_6.0.19041.1110_none_60b5254171f9507e;C:\Program Files\Java\jdk-17\bin\server;C:\Users\ss\.gradle\native\e1d6ef7f7dcc3fd88c89a11ec53ec762bb8ba0a96d01ffa2cd45eb1d1d8dd5c5\windows-amd64;C:\Users\ss\.gradle\native\5664cfc778a61ccfe75a443a1ab52a65af34e5dc3c78e0209fed803814484fcb\windows-amd64

VM Arguments:
jvm_args: -XX:MaxMetaspaceSize=512m --add-opens=java.base/java.util=ALL-UNNAMED --add-opens=java.base/java.lang=ALL-UNNAMED --add-opens=java.base/java.lang.invoke=ALL-UNNAMED --add-opens=java.base/java.util=ALL-UNNAMED --add-opens=java.prefs/java.util.prefs=ALL-UNNAMED --add-opens=java.prefs/java.util.prefs=ALL-UNNAMED --add-opens=java.base/java.nio.charset=ALL-UNNAMED --add-opens=java.base/java.net=ALL-UNNAMED --add-opens=java.base/java.util.concurrent.atomic=ALL-UNNAMED -Xmx2048m -Dfile.encoding=windows-1252 -Duser.country=IN -Duser.language=en -Duser.variant 
java_command: org.gradle.launcher.daemon.bootstrap.GradleDaemon 7.3.3
java_class_path (initial): C:\Users\ss\.gradle\wrapper\dists\gradle-7.3.3-all\4295vidhdd9hd3gbjyw1xqxpo\gradle-7.3.3\lib\gradle-launcher-7.3.3.jar
Launcher Type: SUN_STANDARD

[Global flags]
     intx CICompilerCount                          = 3                                         {product} {ergonomic}
   size_t CompressedClassSpaceSize                 = 432013312                                 {product} {ergonomic}
     uint ConcGCThreads                            = 1                                         {product} {ergonomic}
     uint G1ConcRefinementThreads                  = 4                                         {product} {ergonomic}
   size_t G1HeapRegionSize                         = 1048576                                   {product} {ergonomic}
    uintx GCDrainStackTargetSize                   = 64                                        {product} {ergonomic}
   size_t InitialHeapSize                          = 268435456                                 {product} {ergonomic}
   size_t MarkStackSize                            = 4194304                                   {product} {ergonomic}
   size_t MaxHeapSize                              = 2147483648                                {product} {command line}
   size_t MaxMetaspaceSize                         = 536870912                                 {product} {command line}
   size_t MaxNewSize                               = 1287651328                                {product} {ergonomic}
   size_t MinHeapDeltaBytes                        = 1048576                                   {product} {ergonomic}
   size_t MinHeapSize                              = 8388608                                   {product} {ergonomic}
    uintx NonNMethodCodeHeapSize                   = 5832780                                {pd product} {ergonomic}
    uintx NonProfiledCodeHeapSize                  = 122912730                              {pd product} {ergonomic}
    uintx ProfiledCodeHeapSize                     = 122912730                              {pd product} {ergonomic}
    uintx ReservedCodeCacheSize                    = 251658240                              {pd product} {ergonomic}
     bool SegmentedCodeCache                       = true                                      {product} {ergonomic}
   size_t SoftMaxHeapSize                          = 2147483648                             {manageable} {ergonomic}
     bool UseCompressedClassPointers               = true                           {product lp64_product} {ergonomic}
     bool UseCompressedOops                        = true                           {product lp64_product} {ergonomic}
     bool UseG1GC                                  = true                                      {product} {ergonomic}
     bool UseLargePagesIndividualAllocation        = false                                  {pd product} {ergonomic}

Logging:
Log output configuration:
 #0: stdout all=warning uptime,level,tags
 #1: stderr all=off uptime,level,tags

Environment Variables:
CLASSPATH=C:\Users\ss\Desktop\teachers-vision\android\\gradle\wrapper\gradle-wrapper.jar
PATH=C:\Users\ss\Desktop\teachers-vision\android\node_modules\.bin;C:\Users\ss\Desktop\teachers-vision\node_modules\.bin;C:\Users\ss\Desktop\node_modules\.bin;C:\Users\ss\node_modules\.bin;C:\Users\node_modules\.bin;C:\node_modules\.bin;C:\Program Files\nodejs;C:\Users\ss\Desktop\teachers-vision\node_modules\.bin;C:\Users\ss\Desktop\teachers-vision\node_modules\.bin;C:\Users\ss\Desktop\node_modules\.bin;C:\Users\ss\node_modules\.bin;C:\Users\node_modules\.bin;C:\node_modules\.bin;C:\Users\ss\AppData\Roaming\nvm\v16.16.0\node_modules\npm\node_modules\@npmcli\run-script\lib\node-gyp-bin;C:\Users\ss\Desktop\teachers-vision\node_modules\.bin;C:\Users\ss\Desktop\node_modules\.bin;C:\Users\ss\node_modules\.bin;C:\Users\node_modules\.bin;C:\node_modules\.bin;C:\Program Files\nodejs;C:\Users\ss\Desktop\teachers-vision\node_modules\.bin;C:\Users\ss\Desktop\teachers-vision\node_modules\.bin;C:\Users\ss\Desktop\node_modules\.bin;C:\Users\ss\node_modules\.bin;C:\Users\node_modules\.bin;C:\node_modules\.bin;C:\Users\ss\AppData\Roaming\nvm\v16.16.0\node_modules\npm\node_modules\@npmcli\run-script\lib\node-gyp-bin;C:\Program Files\Common Files\Oracle\Java\javapath;C:\Program Files (x86)\Common Files\Oracle\Java\javapath;C:\Program Files\Microsoft\jdk-11.0.18.10-hotspot\bin;C:\Program Files\Microsoft MPI\Bin\;C:\Windows\system32;C:\Windows;C:\Windows\System32\Wbem;C:\Windows\System32\WindowsPowerShell\v1.0\;C:\Windows\System32\OpenSSH\;C:\ProgramData\chocolatey\bin;C:\Users\ss\AppData\Local\Android\Sdk\platform-tools;C:\Program Files\Git\cmd;C:\Program Files\Microsoft SQL Server\150\Tools\Binn\;C:\Program Files (x86)\Microsoft SQL Server\160\Tools\Binn\;C:\Program Files\Microsoft SQL Server\160\Tools\Binn\;C:\Program Files\Microsoft SQL Server\Client SDK\ODBC\170\Tools\Binn\;C:\Program Files\Microsoft SQL Server\160\DTS\Binn\;C:\Program Files\dotnet\;C:\Program Files (x86)\dotnet\;C:\Program Files (x86)\Microsoft SQL Server\160\DTS\Binn\;C:\Program Files (x86)\Microsoft SQL Server\150
USERNAME=ss
LANG=en_US.UTF-8
OS=Windows_NT
PROCESSOR_IDENTIFIER=Intel64 Family 6 Model 142 Stepping 9, GenuineIntel



---------------  S Y S T E M  ---------------

OS:
 Windows 10 , 64 bit Build 19041 (10.0.19041.3393)
OS uptime: 2 days 0:24 hours

CPU: total 4 (initial active 4) (2 cores per cpu, 2 threads per core) family 6 model 142 stepping 9 microcode 0xb4, cx8, cmov, fxsr, ht, mmx, 3dnowpref, sse, sse2, sse3, ssse3, sse4.1, sse4.2, popcnt, lzcnt, tsc, tscinvbit, avx, avx2, aes, erms, clmul, bmi1, bmi2, adx, fma, vzeroupper, clflush, clflushopt

Memory: 4k page, system-wide physical 16263M (380M free)
TotalPageFile size 23984M (AvailPageFile size 16M)
current process WorkingSet (physical memory assigned to process): 492M, peak: 495M
current process commit charge ("private bytes"): 528M, peak: 549M

vm_info: Java HotSpot(TM) 64-Bit Server VM (17.0.7+8-LTS-224) for windows-amd64 JRE (17.0.7+8-LTS-224), built on Feb 28 2023 23:03:02 by "mach5one" with MS VC++ 17.1 (VS2022)

END.
